[02.12 19:07:16] ┇ INFO    ┇           chrisbase.data ┇ =========================================================================================================================================
[02.12 19:07:16] ┇ INFO    ┇           chrisbase.data ┇ [INIT] python task2-nerG-trainer.py --local_rank=0 --trainer_deepspeed configs/deepspeed/ds2_t5.json --run_version FlanT5-1B-WQ=1 --pretrained google/flan-t5-large --eval_epochs 0.5 --logging_steps 5 --num_train_epochs 12 --per_device_eval_batch_size 50 --per_device_train_batch_size 8 --gradient_accumulation_steps 1 --generation_max_length 640 --eval_file data/gner/each-sampled-WQ=1/crossner_music-dev=100-WQ=1.jsonl --train_file data/gner/each-WQ=1/crossner_music-train-WQ=1.jsonl --output_file train-metrics-crossner_music-12ep.csv --logging_file train-loggings-crossner_music-12ep.out --no_use_flash_attention --no_debugging
[02.12 19:07:16] ┇ INFO    ┇           chrisbase.data ┇ =========================================================================================================================================
[02.12 19:07:16] ┇ INFO    ┇           chrisbase.data ┇ -----------------------------------------------------------------------------------------------------------------------------------------
[02.12 19:07:16] ┇ INFO    ┇           chrisbase.data ┇   #	TrainingArgumentsForAccelerator              	value
[02.12 19:07:16] ┇ INFO    ┇           chrisbase.data ┇ -----------------------------------------------------------------------------------------------------------------------------------------
[02.12 19:07:16] ┇ INFO    ┇           chrisbase.data ┇   1	env.hostname                                 	dgx-a100
[02.12 19:07:16] ┇ INFO    ┇           chrisbase.data ┇   2	env.hostaddr                                 	129.254.23.12
[02.12 19:07:16] ┇ INFO    ┇           chrisbase.data ┇   3	env.global_rank                              	-1
[02.12 19:07:16] ┇ INFO    ┇           chrisbase.data ┇   4	env.local_rank                               	0
[02.12 19:07:16] ┇ INFO    ┇           chrisbase.data ┇   5	env.node_rank                                	-1
[02.12 19:07:16] ┇ INFO    ┇           chrisbase.data ┇   6	env.world_size                               	4
[02.12 19:07:16] ┇ INFO    ┇           chrisbase.data ┇   7	env.time_stamp                               	0212-190705
[02.12 19:07:16] ┇ INFO    ┇           chrisbase.data ┇   8	env.python_path                              	/raid/chrisjihee/miniforge3/envs/DeepKNLP/bin/python
[02.12 19:07:16] ┇ INFO    ┇           chrisbase.data ┇   9	env.current_dir                              	/raid/chrisjihee/proj/DeepKNLP
[02.12 19:07:16] ┇ INFO    ┇           chrisbase.data ┇  10	env.current_file                             	task2-nerG-trainer.py
[02.12 19:07:16] ┇ INFO    ┇           chrisbase.data ┇  11	env.command_args                             	['--local_rank=0', '--trainer_deepspeed', 'configs/deepspeed/ds2_t5.json', '--run_version', 'FlanT5-1B-WQ=1', '--pretrained', 'google/flan-t5-large', '--eval_epochs', '0.5', '--logging_steps', '5', '--num_train_epochs', '12', '--per_device_eval_batch_size', '50', '--per_device_train_batch_size', '8', '--gradient_accumulation_steps', '1', '--generation_max_length', '640', '--eval_file', 'data/gner/each-sampled-WQ=1/crossner_music-dev=100-WQ=1.jsonl', '--train_file', 'data/gner/each-WQ=1/crossner_music-train-WQ=1.jsonl', '--output_file', 'train-metrics-crossner_music-12ep.csv', '--logging_file', 'train-loggings-crossner_music-12ep.out', '--no_use_flash_attention', '--no_debugging']
[02.12 19:07:16] ┇ INFO    ┇           chrisbase.data ┇  12	env.output_home                              	output
[02.12 19:07:16] ┇ INFO    ┇           chrisbase.data ┇  13	env.output_name                              	GNER
[02.12 19:07:16] ┇ INFO    ┇           chrisbase.data ┇  14	env.run_version                              	FlanT5-1B-WQ=1
[02.12 19:07:16] ┇ INFO    ┇           chrisbase.data ┇  15	env.output_file                              	train-metrics-crossner_music-12ep-0212-190705.csv
[02.12 19:07:16] ┇ INFO    ┇           chrisbase.data ┇  16	env.logging_file                             	train-loggings-crossner_music-12ep-0212-190705.out
[02.12 19:07:16] ┇ INFO    ┇           chrisbase.data ┇  17	env.logging_level                            	30
[02.12 19:07:16] ┇ INFO    ┇           chrisbase.data ┇  18	env.logging_format                           	%(asctime)s ┇ %(levelname)-7s ┇ %(name)24s ┇ %(message)s
[02.12 19:07:16] ┇ INFO    ┇           chrisbase.data ┇  19	env.datetime_format                          	[%m.%d %H:%M:%S]
[02.12 19:07:16] ┇ INFO    ┇           chrisbase.data ┇  20	env.argument_file                            	train-arguments-0212-190705.json
[02.12 19:07:16] ┇ INFO    ┇           chrisbase.data ┇  21	env.random_seed                              	7
[02.12 19:07:16] ┇ INFO    ┇           chrisbase.data ┇  22	env.max_workers                              	4
[02.12 19:07:16] ┇ INFO    ┇           chrisbase.data ┇  23	env.debugging                                	False
[02.12 19:07:16] ┇ INFO    ┇           chrisbase.data ┇  24	env.output_dir                               	output/GNER/FlanT5-1B-WQ=1
[02.12 19:07:16] ┇ INFO    ┇           chrisbase.data ┇  25	time.t1                                      	2025-02-12 19:07:16.695711
[02.12 19:07:16] ┇ INFO    ┇           chrisbase.data ┇  26	time.t2                                      	2025-02-12 19:07:02.179465
[02.12 19:07:16] ┇ INFO    ┇           chrisbase.data ┇  27	time.started                                 	[02.12 19:07:16]
[02.12 19:07:16] ┇ INFO    ┇           chrisbase.data ┇  28	time.settled
[02.12 19:07:16] ┇ INFO    ┇           chrisbase.data ┇  29	time.elapsed
[02.12 19:07:16] ┇ INFO    ┇           chrisbase.data ┇  30	data.train_file                              	data/gner/each-WQ=1/crossner_music-train-WQ=1.jsonl
[02.12 19:07:16] ┇ INFO    ┇           chrisbase.data ┇  31	data.study_file
[02.12 19:07:16] ┇ INFO    ┇           chrisbase.data ┇  32	data.eval_file                               	data/gner/each-sampled-WQ=1/crossner_music-dev=100-WQ=1.jsonl
[02.12 19:07:16] ┇ INFO    ┇           chrisbase.data ┇  33	data.pred_file
[02.12 19:07:16] ┇ INFO    ┇           chrisbase.data ┇  34	data.pretrained                              	google/flan-t5-large
[02.12 19:07:16] ┇ INFO    ┇           chrisbase.data ┇  35	data.max_train_samples                       	-1
[02.12 19:07:16] ┇ INFO    ┇           chrisbase.data ┇  36	data.max_study_samples                       	-1
[02.12 19:07:16] ┇ INFO    ┇           chrisbase.data ┇  37	data.max_eval_samples                        	-1
[02.12 19:07:16] ┇ INFO    ┇           chrisbase.data ┇  38	data.max_pred_samples                        	-1
[02.12 19:07:16] ┇ INFO    ┇           chrisbase.data ┇  39	data.use_cache_data                          	False
[02.12 19:07:16] ┇ INFO    ┇           chrisbase.data ┇  40	data.progress_seconds                        	10.0
[02.12 19:07:16] ┇ INFO    ┇           chrisbase.data ┇  41	data.max_source_length                       	640
[02.12 19:07:16] ┇ INFO    ┇           chrisbase.data ┇  42	data.max_target_length                       	640
[02.12 19:07:16] ┇ INFO    ┇           chrisbase.data ┇  43	data.write_predictions                       	False
[02.12 19:07:16] ┇ INFO    ┇           chrisbase.data ┇  44	data.ignore_pad_token_for_loss               	True
[02.12 19:07:16] ┇ INFO    ┇           chrisbase.data ┇  45	train._n_gpu                                 	1
[02.12 19:07:16] ┇ INFO    ┇           chrisbase.data ┇  46	train.accelerator_config                     	{'split_batches': False, 'dispatch_batches': None, 'even_batches': True, 'use_seedable_sampler': True, 'non_blocking': False, 'gradient_accumulation_kwargs': None, 'use_configured_state': False}
[02.12 19:07:16] ┇ INFO    ┇           chrisbase.data ┇  47	train.adafactor                              	False
[02.12 19:07:16] ┇ INFO    ┇           chrisbase.data ┇  48	train.adam_beta1                             	0.9
[02.12 19:07:16] ┇ INFO    ┇           chrisbase.data ┇  49	train.adam_beta2                             	0.999
[02.12 19:07:16] ┇ INFO    ┇           chrisbase.data ┇  50	train.adam_epsilon                           	1e-08
[02.12 19:07:16] ┇ INFO    ┇           chrisbase.data ┇  51	train.auto_find_batch_size                   	False
[02.12 19:07:16] ┇ INFO    ┇           chrisbase.data ┇  52	train.average_tokens_across_devices          	False
[02.12 19:07:16] ┇ INFO    ┇           chrisbase.data ┇  53	train.batch_eval_metrics                     	False
[02.12 19:07:16] ┇ INFO    ┇           chrisbase.data ┇  54	train.bf16                                   	True
[02.12 19:07:16] ┇ INFO    ┇           chrisbase.data ┇  55	train.bf16_full_eval                         	True
[02.12 19:07:16] ┇ INFO    ┇           chrisbase.data ┇  56	train.data_seed
[02.12 19:07:16] ┇ INFO    ┇           chrisbase.data ┇  57	train.dataloader_drop_last                   	False
[02.12 19:07:16] ┇ INFO    ┇           chrisbase.data ┇  58	train.dataloader_num_workers                 	0
[02.12 19:07:16] ┇ INFO    ┇           chrisbase.data ┇  59	train.dataloader_persistent_workers          	False
[02.12 19:07:16] ┇ INFO    ┇           chrisbase.data ┇  60	train.dataloader_pin_memory                  	True
[02.12 19:07:16] ┇ INFO    ┇           chrisbase.data ┇  61	train.dataloader_prefetch_factor
[02.12 19:07:16] ┇ INFO    ┇           chrisbase.data ┇  62	train.ddp_backend
[02.12 19:07:16] ┇ INFO    ┇           chrisbase.data ┇  63	train.ddp_broadcast_buffers
[02.12 19:07:16] ┇ INFO    ┇           chrisbase.data ┇  64	train.ddp_bucket_cap_mb
[02.12 19:07:16] ┇ INFO    ┇           chrisbase.data ┇  65	train.ddp_find_unused_parameters
[02.12 19:07:16] ┇ INFO    ┇           chrisbase.data ┇  66	train.ddp_timeout                            	1800
[02.12 19:07:16] ┇ INFO    ┇           chrisbase.data ┇  67	train.debug                                  	[]
[02.12 19:07:16] ┇ INFO    ┇           chrisbase.data ┇  68	train.deepspeed                              	configs/deepspeed/ds2_t5.json
[02.12 19:07:16] ┇ INFO    ┇           chrisbase.data ┇  69	train.disable_tqdm                           	True
[02.12 19:07:16] ┇ INFO    ┇           chrisbase.data ┇  70	train.dispatch_batches
[02.12 19:07:16] ┇ INFO    ┇           chrisbase.data ┇  71	train.do_eval                                	True
[02.12 19:07:16] ┇ INFO    ┇           chrisbase.data ┇  72	train.do_predict                             	False
[02.12 19:07:16] ┇ INFO    ┇           chrisbase.data ┇  73	train.do_train                               	True
[02.12 19:07:16] ┇ INFO    ┇           chrisbase.data ┇  74	train.eval_accumulation_steps                	1
[02.12 19:07:16] ┇ INFO    ┇           chrisbase.data ┇  75	train.eval_delay                             	0.0
[02.12 19:07:16] ┇ INFO    ┇           chrisbase.data ┇  76	train.eval_do_concat_batches                 	True
[02.12 19:07:16] ┇ INFO    ┇           chrisbase.data ┇  77	train.eval_epochs                            	0.5
[02.12 19:07:16] ┇ INFO    ┇           chrisbase.data ┇  78	train.eval_on_start                          	False
[02.12 19:07:16] ┇ INFO    ┇           chrisbase.data ┇  79	train.eval_steps                             	9223372036854775807
[02.12 19:07:16] ┇ INFO    ┇           chrisbase.data ┇  80	train.eval_strategy                          	IntervalStrategy.NO
[02.12 19:07:16] ┇ INFO    ┇           chrisbase.data ┇  81	train.eval_use_gather_object                 	False
[02.12 19:07:16] ┇ INFO    ┇           chrisbase.data ┇  82	train.evaluation_strategy
[02.12 19:07:16] ┇ INFO    ┇           chrisbase.data ┇  83	train.fp16                                   	False
[02.12 19:07:16] ┇ INFO    ┇           chrisbase.data ┇  84	train.fp16_backend                           	auto
[02.12 19:07:16] ┇ INFO    ┇           chrisbase.data ┇  85	train.fp16_full_eval                         	False
[02.12 19:07:16] ┇ INFO    ┇           chrisbase.data ┇  86	train.fp16_opt_level                         	O1
[02.12 19:07:16] ┇ INFO    ┇           chrisbase.data ┇  87	train.fsdp                                   	[]
[02.12 19:07:16] ┇ INFO    ┇           chrisbase.data ┇  88	train.fsdp_config                            	{'min_num_params': 0, 'xla': False, 'xla_fsdp_v2': False, 'xla_fsdp_grad_ckpt': False}
[02.12 19:07:16] ┇ INFO    ┇           chrisbase.data ┇  89	train.fsdp_min_num_params                    	0
[02.12 19:07:16] ┇ INFO    ┇           chrisbase.data ┇  90	train.fsdp_transformer_layer_cls_to_wrap
[02.12 19:07:16] ┇ INFO    ┇           chrisbase.data ┇  91	train.full_determinism                       	False
[02.12 19:07:16] ┇ INFO    ┇           chrisbase.data ┇  92	train.generation_config
[02.12 19:07:16] ┇ INFO    ┇           chrisbase.data ┇  93	train.generation_max_length                  	640
[02.12 19:07:16] ┇ INFO    ┇           chrisbase.data ┇  94	train.generation_num_beams
[02.12 19:07:16] ┇ INFO    ┇           chrisbase.data ┇  95	train.gradient_accumulation_steps            	1
[02.12 19:07:16] ┇ INFO    ┇           chrisbase.data ┇  96	train.gradient_checkpointing                 	True
[02.12 19:07:16] ┇ INFO    ┇           chrisbase.data ┇  97	train.gradient_checkpointing_kwargs
[02.12 19:07:16] ┇ INFO    ┇           chrisbase.data ┇  98	train.greater_is_better
[02.12 19:07:16] ┇ INFO    ┇           chrisbase.data ┇  99	train.group_by_length                        	False
[02.12 19:07:16] ┇ INFO    ┇           chrisbase.data ┇ 100	train.half_precision_backend                 	auto
[02.12 19:07:16] ┇ INFO    ┇           chrisbase.data ┇ 101	train.hub_always_push                        	False
[02.12 19:07:16] ┇ INFO    ┇           chrisbase.data ┇ 102	train.hub_model_id
[02.12 19:07:16] ┇ INFO    ┇           chrisbase.data ┇ 103	train.hub_private_repo
[02.12 19:07:16] ┇ INFO    ┇           chrisbase.data ┇ 104	train.hub_strategy                           	HubStrategy.EVERY_SAVE
[02.12 19:07:16] ┇ INFO    ┇           chrisbase.data ┇ 105	train.hub_token
[02.12 19:07:16] ┇ INFO    ┇           chrisbase.data ┇ 106	train.ignore_data_skip                       	False
[02.12 19:07:16] ┇ INFO    ┇           chrisbase.data ┇ 107	train.include_for_metrics                    	[]
[02.12 19:07:16] ┇ INFO    ┇           chrisbase.data ┇ 108	train.include_inputs_for_metrics             	False
[02.12 19:07:16] ┇ INFO    ┇           chrisbase.data ┇ 109	train.include_num_input_tokens_seen          	False
[02.12 19:07:16] ┇ INFO    ┇           chrisbase.data ┇ 110	train.include_tokens_per_second              	False
[02.12 19:07:16] ┇ INFO    ┇           chrisbase.data ┇ 111	train.jit_mode_eval                          	False
[02.12 19:07:16] ┇ INFO    ┇           chrisbase.data ┇ 112	train.label_names
[02.12 19:07:16] ┇ INFO    ┇           chrisbase.data ┇ 113	train.label_smoothing_factor                 	0.0
[02.12 19:07:16] ┇ INFO    ┇           chrisbase.data ┇ 114	train.learning_rate                          	2e-05
[02.12 19:07:16] ┇ INFO    ┇           chrisbase.data ┇ 115	train.length_column_name                     	length
[02.12 19:07:16] ┇ INFO    ┇           chrisbase.data ┇ 116	train.load_best_model_at_end                 	False
[02.12 19:07:16] ┇ INFO    ┇           chrisbase.data ┇ 117	train.local_rank                             	0
[02.12 19:07:16] ┇ INFO    ┇           chrisbase.data ┇ 118	train.log_level                              	warning
[02.12 19:07:16] ┇ INFO    ┇           chrisbase.data ┇ 119	train.log_level_replica                      	error
[02.12 19:07:16] ┇ INFO    ┇           chrisbase.data ┇ 120	train.log_on_each_node                       	True
[02.12 19:07:16] ┇ INFO    ┇           chrisbase.data ┇ 121	train.logging_dir                            	output/GNER/FlanT5-1B-WQ=1/runs/Feb12_19-07-13_dgx-a100
[02.12 19:07:16] ┇ INFO    ┇           chrisbase.data ┇ 122	train.logging_epochs                         	-1.0
[02.12 19:07:16] ┇ INFO    ┇           chrisbase.data ┇ 123	train.logging_first_step                     	False
[02.12 19:07:16] ┇ INFO    ┇           chrisbase.data ┇ 124	train.logging_nan_inf_filter                 	True
[02.12 19:07:16] ┇ INFO    ┇           chrisbase.data ┇ 125	train.logging_steps                          	5
[02.12 19:07:16] ┇ INFO    ┇           chrisbase.data ┇ 126	train.logging_strategy                       	IntervalStrategy.STEPS
[02.12 19:07:16] ┇ INFO    ┇           chrisbase.data ┇ 127	train.lr_scheduler_kwargs                    	{}
[02.12 19:07:16] ┇ INFO    ┇           chrisbase.data ┇ 128	train.lr_scheduler_type                      	SchedulerType.COSINE
[02.12 19:07:16] ┇ INFO    ┇           chrisbase.data ┇ 129	train.max_grad_norm                          	1.0
[02.12 19:07:16] ┇ INFO    ┇           chrisbase.data ┇ 130	train.max_steps                              	-1
[02.12 19:07:16] ┇ INFO    ┇           chrisbase.data ┇ 131	train.metric_for_best_model
[02.12 19:07:16] ┇ INFO    ┇           chrisbase.data ┇ 132	train.mp_parameters
[02.12 19:07:16] ┇ INFO    ┇           chrisbase.data ┇ 133	train.neftune_noise_alpha
[02.12 19:07:16] ┇ INFO    ┇           chrisbase.data ┇ 134	train.no_cuda                                	False
[02.12 19:07:16] ┇ INFO    ┇           chrisbase.data ┇ 135	train.num_train_epochs                       	12.0
[02.12 19:07:16] ┇ INFO    ┇           chrisbase.data ┇ 136	train.optim                                  	OptimizerNames.ADAMW_TORCH
[02.12 19:07:16] ┇ INFO    ┇           chrisbase.data ┇ 137	train.optim_args
[02.12 19:07:16] ┇ INFO    ┇           chrisbase.data ┇ 138	train.optim_target_modules
[02.12 19:07:16] ┇ INFO    ┇           chrisbase.data ┇ 139	train.output_dir                             	output/GNER/FlanT5-1B-WQ=1
[02.12 19:07:16] ┇ INFO    ┇           chrisbase.data ┇ 140	train.overwrite_output_dir                   	True
[02.12 19:07:16] ┇ INFO    ┇           chrisbase.data ┇ 141	train.past_index                             	-1
[02.12 19:07:16] ┇ INFO    ┇           chrisbase.data ┇ 142	train.per_device_eval_batch_size             	50
[02.12 19:07:16] ┇ INFO    ┇           chrisbase.data ┇ 143	train.per_device_train_batch_size            	8
[02.12 19:07:16] ┇ INFO    ┇           chrisbase.data ┇ 144	train.per_gpu_eval_batch_size
[02.12 19:07:16] ┇ INFO    ┇           chrisbase.data ┇ 145	train.per_gpu_train_batch_size
[02.12 19:07:16] ┇ INFO    ┇           chrisbase.data ┇ 146	train.predict_with_generate                  	True
[02.12 19:07:16] ┇ INFO    ┇           chrisbase.data ┇ 147	train.prediction_loss_only                   	False
[02.12 19:07:16] ┇ INFO    ┇           chrisbase.data ┇ 148	train.push_to_hub                            	False
[02.12 19:07:16] ┇ INFO    ┇           chrisbase.data ┇ 149	train.push_to_hub_model_id
[02.12 19:07:16] ┇ INFO    ┇           chrisbase.data ┇ 150	train.push_to_hub_organization
[02.12 19:07:16] ┇ INFO    ┇           chrisbase.data ┇ 151	train.push_to_hub_token
[02.12 19:07:16] ┇ INFO    ┇           chrisbase.data ┇ 152	train.ray_scope                              	last
[02.12 19:07:16] ┇ INFO    ┇           chrisbase.data ┇ 153	train.remove_unused_columns                  	False
[02.12 19:07:16] ┇ INFO    ┇           chrisbase.data ┇ 154	train.report_to                              	[]
[02.12 19:07:16] ┇ INFO    ┇           chrisbase.data ┇ 155	train.restore_callback_states_from_checkpoint	False
[02.12 19:07:16] ┇ INFO    ┇           chrisbase.data ┇ 156	train.resume_from_checkpoint
[02.12 19:07:16] ┇ INFO    ┇           chrisbase.data ┇ 157	train.run_name                               	output/GNER/FlanT5-1B-WQ=1
[02.12 19:07:16] ┇ INFO    ┇           chrisbase.data ┇ 158	train.save_epochs                            	-1.0
[02.12 19:07:16] ┇ INFO    ┇           chrisbase.data ┇ 159	train.save_on_each_node                      	False
[02.12 19:07:16] ┇ INFO    ┇           chrisbase.data ┇ 160	train.save_only_model                        	False
[02.12 19:07:16] ┇ INFO    ┇           chrisbase.data ┇ 161	train.save_safetensors                       	True
[02.12 19:07:16] ┇ INFO    ┇           chrisbase.data ┇ 162	train.save_steps                             	9223372036854775807
[02.12 19:07:16] ┇ INFO    ┇           chrisbase.data ┇ 163	train.save_strategy                          	SaveStrategy.NO
[02.12 19:07:16] ┇ INFO    ┇           chrisbase.data ┇ 164	train.save_total_limit
[02.12 19:07:16] ┇ INFO    ┇           chrisbase.data ┇ 165	train.seed                                   	7
[02.12 19:07:16] ┇ INFO    ┇           chrisbase.data ┇ 166	train.skip_memory_metrics                    	True
[02.12 19:07:16] ┇ INFO    ┇           chrisbase.data ┇ 167	train.sortish_sampler                        	False
[02.12 19:07:16] ┇ INFO    ┇           chrisbase.data ┇ 168	train.split_batches
[02.12 19:07:16] ┇ INFO    ┇           chrisbase.data ┇ 169	train.tf32                                   	True
[02.12 19:07:16] ┇ INFO    ┇           chrisbase.data ┇ 170	train.torch_compile                          	False
[02.12 19:07:16] ┇ INFO    ┇           chrisbase.data ┇ 171	train.torch_compile_backend
[02.12 19:07:16] ┇ INFO    ┇           chrisbase.data ┇ 172	train.torch_compile_mode
[02.12 19:07:16] ┇ INFO    ┇           chrisbase.data ┇ 173	train.torch_empty_cache_steps
[02.12 19:07:16] ┇ INFO    ┇           chrisbase.data ┇ 174	train.torchdynamo
[02.12 19:07:16] ┇ INFO    ┇           chrisbase.data ┇ 175	train.tpu_metrics_debug                      	False
[02.12 19:07:16] ┇ INFO    ┇           chrisbase.data ┇ 176	train.tpu_num_cores
[02.12 19:07:16] ┇ INFO    ┇           chrisbase.data ┇ 177	train.use_cpu                                	False
[02.12 19:07:16] ┇ INFO    ┇           chrisbase.data ┇ 178	train.use_flash_attention                    	False
[02.12 19:07:16] ┇ INFO    ┇           chrisbase.data ┇ 179	train.use_ipex                               	False
[02.12 19:07:16] ┇ INFO    ┇           chrisbase.data ┇ 180	train.use_legacy_prediction_loop             	False
[02.12 19:07:16] ┇ INFO    ┇           chrisbase.data ┇ 181	train.use_liger_kernel                       	False
[02.12 19:07:16] ┇ INFO    ┇           chrisbase.data ┇ 182	train.use_mps_device                         	False
[02.12 19:07:16] ┇ INFO    ┇           chrisbase.data ┇ 183	train.warmup_ratio                           	0.04
[02.12 19:07:16] ┇ INFO    ┇           chrisbase.data ┇ 184	train.warmup_steps                           	0
[02.12 19:07:16] ┇ INFO    ┇           chrisbase.data ┇ 185	train.weight_decay                           	0.0
[02.12 19:07:16] ┇ INFO    ┇           chrisbase.data ┇ -----------------------------------------------------------------------------------------------------------------------------------------
[02.12 19:07:18] ┇ INFO    ┇                 DeepKNLP ┇ model type: <class 'transformers.models.t5.modeling_t5.T5ForConditionalGeneration'>
[02.12 19:07:18] ┇ INFO    ┇                 DeepKNLP ┇ model pad_token_id: 0
[02.12 19:07:18] ┇ INFO    ┇                 DeepKNLP ┇ Loaded raw train_dataset (#=3909): data/gner/each-WQ=1/crossner_music-train-WQ=1.jsonl
[02.12 19:07:19] ┇ INFO    ┇                 DeepKNLP ┇ Preprocess train_dataset:   0%|                    |    4/3909 [0:00:00<0:03:21, 19.39Hz]
[02.12 19:07:19] ┇ INFO    ┇                 DeepKNLP ┇ Preprocess train_dataset: 100%|████████████████████| 3909/3909 [0:00:00<0:00:00, 6737.05Hz]
[02.12 19:07:20] ┇ INFO    ┇                 DeepKNLP ┇ Completed preprocessing for train_dataset by google/flan-t5-large at [02.12 19:07:19]
[02.12 19:07:20] ┇ INFO    ┇                 DeepKNLP ┇ Loaded raw eval_dataset (#=4182): data/gner/each-sampled-WQ=1/crossner_music-dev=100-WQ=1.jsonl
[02.12 19:07:20] ┇ INFO    ┇                 DeepKNLP ┇ Preprocess eval_dataset:   0%|                    |    4/4182 [0:00:00<0:03:36, 19.31Hz]
[02.12 19:07:21] ┇ INFO    ┇                 DeepKNLP ┇ Preprocess eval_dataset: 100%|████████████████████| 4182/4182 [0:00:00<0:00:00, 1776.89Hz]
[02.12 19:07:21] ┇ INFO    ┇                 DeepKNLP ┇ Completed preprocessing for eval_dataset by google/flan-t5-large at [02.12 19:07:21]
[02.12 19:07:35] ┇ INFO    ┇ torch.distributed.distributed_c10d ┇ Using backend config: {'cuda': 'nccl'}
[02.12 19:07:35] ┇ INFO    ┇ torch.distributed.distributed_c10d ┇ Using backend config: {'cuda': 'nccl'}
[02.12 19:07:35] ┇ INFO    ┇ torch.distributed.distributed_c10d ┇ Using backend config: {'cuda': 'nccl'}
[02.12 19:07:35] ┇ INFO    ┇ torch.distributed.distributed_c10d ┇ Using backend config: {'cuda': 'nccl'}
[02.12 19:07:52] ┇ WARNING ┇                DeepSpeed ┇ Attempting to get learning rate from scheduler before it has started
[02.12 19:07:52] ┇ INFO    ┇    DeepKNLP.gner.trainer ┇ -----------------------------------------------------------------------------------------------------------------------------------------
[02.12 19:07:52] ┇ INFO    ┇    DeepKNLP.gner.trainer ┇ ***** Beginning Training *****
[02.12 19:07:52] ┇ INFO    ┇    DeepKNLP.gner.trainer ┇ >> Train Epochs       = 12.0
[02.12 19:07:52] ┇ INFO    ┇    DeepKNLP.gner.trainer ┇ >> Train Examples     = 3,909
[02.12 19:07:52] ┇ INFO    ┇    DeepKNLP.gner.trainer ┇ >> Train Batch Size   = 32 = 8 * 1 * 4
[02.12 19:07:52] ┇ INFO    ┇    DeepKNLP.gner.trainer ┇ >> Train Optim Steps  = 1,476 = 123 * 12.0
[02.12 19:07:52] ┇ INFO    ┇    DeepKNLP.gner.trainer ┇ >> Train Model Params = 783,150,080
[02.12 19:07:52] ┇ INFO    ┇    DeepKNLP.gner.trainer ┇ >> Trainer Callbacks  = DefaultFlowCallback, CustomProgressCallback
[02.12 19:07:52] ┇ INFO    ┇    DeepKNLP.gner.trainer ┇ >> Zero Optim Stage   = 2
[02.12 19:07:52] ┇ INFO    ┇    DeepKNLP.gner.trainer ┇ >> Eval Examples      = 4,182
[02.12 19:07:52] ┇ INFO    ┇    DeepKNLP.gner.trainer ┇ >> Eval Batch Size    = 200 = 50 * 4
[02.12 19:07:55] ┇ INFO    ┇    DeepKNLP.gner.trainer ┇ [training]   0%|                    |    5/1476 [0:00:03<0:17:11, 1.43Hz] | epoch=0.04, loss=2.770300
[02.12 19:07:58] ┇ INFO    ┇    DeepKNLP.gner.trainer ┇ [training]   1%|▏                   |   10/1476 [0:00:06<0:14:41, 1.66Hz] | epoch=0.08, loss=2.822700
[02.12 19:07:59] ┇ INFO    ┇    DeepKNLP.gner.trainer ┇ [training]   1%|▏                   |   15/1476 [0:00:07<0:12:18, 1.98Hz] | epoch=0.12, loss=1.882400
[02.12 19:08:01] ┇ INFO    ┇    DeepKNLP.gner.trainer ┇ [training]   1%|▎                   |   20/1476 [0:00:09<0:11:06, 2.19Hz] | epoch=0.16, loss=1.130700
[02.12 19:08:03] ┇ INFO    ┇    DeepKNLP.gner.trainer ┇ [training]   2%|▎                   |   25/1476 [0:00:10<0:10:21, 2.34Hz] | epoch=0.20, loss=0.749000
[02.12 19:08:04] ┇ INFO    ┇    DeepKNLP.gner.trainer ┇ [training]   2%|▍                   |   30/1476 [0:00:12<0:09:51, 2.44Hz] | epoch=0.24, loss=0.634300
[02.12 19:08:06] ┇ INFO    ┇    DeepKNLP.gner.trainer ┇ [training]   2%|▍                   |   35/1476 [0:00:13<0:09:30, 2.53Hz] | epoch=0.28, loss=0.527300
[02.12 19:08:07] ┇ INFO    ┇    DeepKNLP.gner.trainer ┇ [training]   3%|▌                   |   40/1476 [0:00:15<0:09:13, 2.59Hz] | epoch=0.33, loss=0.503900
[02.12 19:08:09] ┇ INFO    ┇    DeepKNLP.gner.trainer ┇ [training]   3%|▌                   |   45/1476 [0:00:16<0:09:00, 2.65Hz] | epoch=0.37, loss=0.433000
[02.12 19:08:10] ┇ INFO    ┇    DeepKNLP.gner.trainer ┇ [training]   3%|▋                   |   50/1476 [0:00:18<0:08:49, 2.69Hz] | epoch=0.41, loss=0.428700
[02.12 19:08:12] ┇ INFO    ┇    DeepKNLP.gner.trainer ┇ [training]   4%|▋                   |   55/1476 [0:00:20<0:08:39, 2.73Hz] | epoch=0.45, loss=0.365800
[02.12 19:08:14] ┇ INFO    ┇    DeepKNLP.gner.trainer ┇ [training]   4%|▊                   |   60/1476 [0:00:21<0:08:32, 2.76Hz] | epoch=0.49, loss=0.349500
[02.12 19:08:16] ┇ INFO    ┇    DeepKNLP.gner.trainer ┇ [checking]   5%|▉                   |  1/21 [0:00:00<0:00:00, 63176.15Hz]
[02.12 19:08:28] ┇ INFO    ┇    DeepKNLP.gner.trainer ┇ [checking] 100%|████████████████████| 21/21 [0:00:09<0:00:00, 2.24Hz]
[02.12 19:08:28] ┇ INFO    ┇    DeepKNLP.gner.trainer ┇ [training]   4%|▊                   |   62/1476 [0:00:35<0:13:33, 1.74Hz] | epoch=0.50, eval_average=0.1603
[02.12 19:08:28] ┇ INFO    ┇    DeepKNLP.gner.trainer ┇ [training]   4%|▉                   |   65/1476 [0:00:36<0:13:14, 1.78Hz] | epoch=0.53, loss=0.334300
[02.12 19:08:30] ┇ INFO    ┇    DeepKNLP.gner.trainer ┇ [training]   5%|▉                   |   70/1476 [0:00:38<0:12:46, 1.83Hz] | epoch=0.57, loss=0.313400
[02.12 19:08:32] ┇ INFO    ┇    DeepKNLP.gner.trainer ┇ [training]   5%|█                   |   75/1476 [0:00:39<0:12:21, 1.89Hz] | epoch=0.61, loss=0.284600
[02.12 19:08:33] ┇ INFO    ┇    DeepKNLP.gner.trainer ┇ [training]   5%|█                   |   80/1476 [0:00:41<0:12:00, 1.94Hz] | epoch=0.65, loss=0.349100
[02.12 19:08:35] ┇ INFO    ┇    DeepKNLP.gner.trainer ┇ [training]   6%|█▏                  |   85/1476 [0:00:42<0:11:41, 1.98Hz] | epoch=0.69, loss=0.259900
[02.12 19:08:36] ┇ INFO    ┇    DeepKNLP.gner.trainer ┇ [training]   6%|█▏                  |   90/1476 [0:00:44<0:11:24, 2.03Hz] | epoch=0.73, loss=0.260900
[02.12 19:08:38] ┇ INFO    ┇    DeepKNLP.gner.trainer ┇ [training]   6%|█▎                  |   95/1476 [0:00:46<0:11:08, 2.06Hz] | epoch=0.77, loss=0.329300
[02.12 19:08:39] ┇ INFO    ┇    DeepKNLP.gner.trainer ┇ [training]   7%|█▎                  |  100/1476 [0:00:47<0:10:54, 2.10Hz] | epoch=0.81, loss=0.256900
[02.12 19:08:41] ┇ INFO    ┇    DeepKNLP.gner.trainer ┇ [training]   7%|█▍                  |  105/1476 [0:00:49<0:10:41, 2.14Hz] | epoch=0.85, loss=0.200900
[02.12 19:08:43] ┇ INFO    ┇    DeepKNLP.gner.trainer ┇ [training]   7%|█▍                  |  110/1476 [0:00:50<0:10:29, 2.17Hz] | epoch=0.89, loss=0.263100
[02.12 19:08:44] ┇ INFO    ┇    DeepKNLP.gner.trainer ┇ [training]   8%|█▌                  |  115/1476 [0:00:52<0:10:18, 2.20Hz] | epoch=0.94, loss=0.246400
[02.12 19:08:46] ┇ INFO    ┇    DeepKNLP.gner.trainer ┇ [training]   8%|█▋                  |  120/1476 [0:00:53<0:10:08, 2.23Hz] | epoch=0.98, loss=0.254400
[02.12 19:08:47] ┇ INFO    ┇    DeepKNLP.gner.trainer ┇ [checking]   5%|▉                   |  1/21 [0:00:00<0:00:00, 67260.20Hz]
[02.12 19:08:57] ┇ INFO    ┇    DeepKNLP.gner.trainer ┇ [checking] 100%|████████████████████| 21/21 [0:00:07<0:00:00, 2.72Hz]
[02.12 19:08:57] ┇ INFO    ┇    DeepKNLP.gner.trainer ┇ [training]   8%|█▋                  |  123/1476 [0:01:04<0:11:52, 1.90Hz] | epoch=1.00, eval_average=0.1889
[02.12 19:08:57] ┇ INFO    ┇    DeepKNLP.gner.trainer ┇ [training]   8%|█▋                  |  125/1476 [0:01:05<0:11:47, 1.91Hz] | epoch=1.02, loss=0.210000
[02.12 19:08:59] ┇ INFO    ┇    DeepKNLP.gner.trainer ┇ [training]   9%|█▊                  |  130/1476 [0:01:07<0:11:34, 1.94Hz] | epoch=1.06, loss=0.261800
[02.12 19:09:01] ┇ INFO    ┇    DeepKNLP.gner.trainer ┇ [training]   9%|█▊                  |  135/1476 [0:01:08<0:11:21, 1.97Hz] | epoch=1.10, loss=0.183800
[02.12 19:09:02] ┇ INFO    ┇    DeepKNLP.gner.trainer ┇ [training]   9%|█▉                  |  140/1476 [0:01:10<0:11:09, 1.99Hz] | epoch=1.14, loss=0.211300
[02.12 19:09:04] ┇ INFO    ┇    DeepKNLP.gner.trainer ┇ [training]  10%|█▉                  |  145/1476 [0:01:11<0:10:58, 2.02Hz] | epoch=1.18, loss=0.220800
[02.12 19:09:05] ┇ INFO    ┇    DeepKNLP.gner.trainer ┇ [training]  10%|██                  |  150/1476 [0:01:13<0:10:48, 2.05Hz] | epoch=1.22, loss=0.183600
[02.12 19:09:07] ┇ INFO    ┇    DeepKNLP.gner.trainer ┇ [training]  11%|██                  |  155/1476 [0:01:14<0:10:38, 2.07Hz] | epoch=1.26, loss=0.229500
[02.12 19:09:08] ┇ INFO    ┇    DeepKNLP.gner.trainer ┇ [training]  11%|██▏                 |  160/1476 [0:01:16<0:10:28, 2.09Hz] | epoch=1.30, loss=0.211100
[02.12 19:09:10] ┇ INFO    ┇    DeepKNLP.gner.trainer ┇ [training]  11%|██▏                 |  165/1476 [0:01:17<0:10:19, 2.12Hz] | epoch=1.34, loss=0.201100
[02.12 19:09:11] ┇ INFO    ┇    DeepKNLP.gner.trainer ┇ [training]  12%|██▎                 |  170/1476 [0:01:19<0:10:11, 2.14Hz] | epoch=1.38, loss=0.174400
[02.12 19:09:13] ┇ INFO    ┇    DeepKNLP.gner.trainer ┇ [training]  12%|██▎                 |  175/1476 [0:01:21<0:10:02, 2.16Hz] | epoch=1.42, loss=0.201000
[02.12 19:09:15] ┇ INFO    ┇    DeepKNLP.gner.trainer ┇ [training]  12%|██▍                 |  180/1476 [0:01:22<0:09:55, 2.18Hz] | epoch=1.46, loss=0.203200
[02.12 19:09:16] ┇ INFO    ┇    DeepKNLP.gner.trainer ┇ [checking]   5%|▉                   |  1/21 [0:00:00<0:00:00, 73242.96Hz]
[02.12 19:09:26] ┇ INFO    ┇    DeepKNLP.gner.trainer ┇ [checking] 100%|████████████████████| 21/21 [0:00:07<0:00:00, 2.78Hz]
[02.12 19:09:26] ┇ INFO    ┇    DeepKNLP.gner.trainer ┇ [training]  12%|██▍                 |  184/1476 [0:01:33<0:10:58, 1.96Hz] | epoch=1.50, eval_average=0.2546
[02.12 19:09:26] ┇ INFO    ┇    DeepKNLP.gner.trainer ┇ [training]  13%|██▌                 |  185/1476 [0:01:34<0:10:56, 1.97Hz] | epoch=1.50, loss=0.225000
[02.12 19:09:28] ┇ INFO    ┇    DeepKNLP.gner.trainer ┇ [training]  13%|██▌                 |  190/1476 [0:01:35<0:10:47, 1.99Hz] | epoch=1.54, loss=0.220500
[02.12 19:09:29] ┇ INFO    ┇    DeepKNLP.gner.trainer ┇ [training]  13%|██▋                 |  195/1476 [0:01:37<0:10:38, 2.01Hz] | epoch=1.58, loss=0.242600
[02.12 19:09:31] ┇ INFO    ┇    DeepKNLP.gner.trainer ┇ [training]  14%|██▋                 |  200/1476 [0:01:38<0:10:30, 2.03Hz] | epoch=1.63, loss=0.217600
[02.12 19:09:32] ┇ INFO    ┇    DeepKNLP.gner.trainer ┇ [training]  14%|██▊                 |  205/1476 [0:01:40<0:10:21, 2.04Hz] | epoch=1.67, loss=0.210400
[02.12 19:09:34] ┇ INFO    ┇    DeepKNLP.gner.trainer ┇ [training]  14%|██▊                 |  210/1476 [0:01:41<0:10:14, 2.06Hz] | epoch=1.71, loss=0.159200
[02.12 19:09:35] ┇ INFO    ┇    DeepKNLP.gner.trainer ┇ [training]  15%|██▉                 |  215/1476 [0:01:43<0:10:06, 2.08Hz] | epoch=1.75, loss=0.197900
[02.12 19:09:37] ┇ INFO    ┇    DeepKNLP.gner.trainer ┇ [training]  15%|██▉                 |  220/1476 [0:01:44<0:09:59, 2.10Hz] | epoch=1.79, loss=0.174700
[02.12 19:09:38] ┇ INFO    ┇    DeepKNLP.gner.trainer ┇ [training]  15%|███                 |  225/1476 [0:01:46<0:09:52, 2.11Hz] | epoch=1.83, loss=0.142900
[02.12 19:09:40] ┇ INFO    ┇    DeepKNLP.gner.trainer ┇ [training]  16%|███                 |  230/1476 [0:01:48<0:09:45, 2.13Hz] | epoch=1.87, loss=0.137300
[02.12 19:09:42] ┇ INFO    ┇    DeepKNLP.gner.trainer ┇ [training]  16%|███▏                |  235/1476 [0:01:49<0:09:39, 2.14Hz] | epoch=1.91, loss=0.175200
[02.12 19:09:43] ┇ INFO    ┇    DeepKNLP.gner.trainer ┇ [training]  16%|███▎                |  240/1476 [0:01:51<0:09:32, 2.16Hz] | epoch=1.95, loss=0.130600
[02.12 19:09:45] ┇ INFO    ┇    DeepKNLP.gner.trainer ┇ [training]  17%|███▎                |  245/1476 [0:01:52<0:09:26, 2.17Hz] | epoch=1.99, loss=0.164200
[02.12 19:09:45] ┇ INFO    ┇    DeepKNLP.gner.trainer ┇ [checking]   5%|▉                   |  1/21 [0:00:00<0:00:00, 77807.38Hz]
[02.12 19:09:55] ┇ INFO    ┇    DeepKNLP.gner.trainer ┇ [checking] 100%|████████████████████| 21/21 [0:00:07<0:00:00, 2.74Hz]
[02.12 19:09:55] ┇ INFO    ┇    DeepKNLP.gner.trainer ┇ [training]  17%|███▎                |  246/1476 [0:02:03<0:10:16, 2.00Hz] | epoch=2.00, eval_average=0.4049
[02.12 19:09:56] ┇ INFO    ┇    DeepKNLP.gner.trainer ┇ [training]  17%|███▍                |  250/1476 [0:02:04<0:10:10, 2.01Hz] | epoch=2.03, loss=0.159400
[02.12 19:09:58] ┇ INFO    ┇    DeepKNLP.gner.trainer ┇ [training]  17%|███▍                |  255/1476 [0:02:06<0:10:03, 2.02Hz] | epoch=2.07, loss=0.122500
[02.12 19:10:00] ┇ INFO    ┇    DeepKNLP.gner.trainer ┇ [training]  18%|███▌                |  260/1476 [0:02:07<0:09:57, 2.04Hz] | epoch=2.11, loss=0.176900
[02.12 19:10:01] ┇ INFO    ┇    DeepKNLP.gner.trainer ┇ [training]  18%|███▌                |  265/1476 [0:02:09<0:09:50, 2.05Hz] | epoch=2.15, loss=0.130700
[02.12 19:10:03] ┇ INFO    ┇    DeepKNLP.gner.trainer ┇ [training]  18%|███▋                |  270/1476 [0:02:10<0:09:44, 2.06Hz] | epoch=2.19, loss=0.191400
[02.12 19:10:04] ┇ INFO    ┇    DeepKNLP.gner.trainer ┇ [training]  19%|███▋                |  275/1476 [0:02:12<0:09:37, 2.08Hz] | epoch=2.24, loss=0.144500
[02.12 19:10:06] ┇ INFO    ┇    DeepKNLP.gner.trainer ┇ [training]  19%|███▊                |  280/1476 [0:02:13<0:09:31, 2.09Hz] | epoch=2.28, loss=0.150800
[02.12 19:10:07] ┇ INFO    ┇    DeepKNLP.gner.trainer ┇ [training]  19%|███▊                |  285/1476 [0:02:15<0:09:25, 2.10Hz] | epoch=2.32, loss=0.151300
[02.12 19:10:09] ┇ INFO    ┇    DeepKNLP.gner.trainer ┇ [training]  20%|███▉                |  290/1476 [0:02:16<0:09:20, 2.12Hz] | epoch=2.36, loss=0.144300
[02.12 19:10:10] ┇ INFO    ┇    DeepKNLP.gner.trainer ┇ [training]  20%|███▉                |  295/1476 [0:02:18<0:09:14, 2.13Hz] | epoch=2.40, loss=0.166600
[02.12 19:10:12] ┇ INFO    ┇    DeepKNLP.gner.trainer ┇ [training]  20%|████                |  300/1476 [0:02:20<0:09:04, 2.16Hz] | epoch=2.44, loss=0.203600
[02.12 19:10:14] ┇ INFO    ┇    DeepKNLP.gner.trainer ┇ [training]  21%|████▏               |  305/1476 [0:02:21<0:08:58, 2.18Hz] | epoch=2.48, loss=0.140700
[02.12 19:10:15] ┇ INFO    ┇    DeepKNLP.gner.trainer ┇ [checking]   5%|▉                   |  1/21 [0:00:00<0:00:00, 93466.38Hz]
[02.12 19:10:24] ┇ INFO    ┇    DeepKNLP.gner.trainer ┇ [checking] 100%|████████████████████| 21/21 [0:00:07<0:00:00, 2.74Hz]
[02.12 19:10:24] ┇ INFO    ┇    DeepKNLP.gner.trainer ┇ [training]  21%|████▏               |  308/1476 [0:02:32<0:09:37, 2.02Hz] | epoch=2.50, eval_average=0.3273
[02.12 19:10:25] ┇ INFO    ┇    DeepKNLP.gner.trainer ┇ [training]  21%|████▏               |  310/1476 [0:02:33<0:09:39, 2.01Hz] | epoch=2.52, loss=0.122900
[02.12 19:10:27] ┇ INFO    ┇    DeepKNLP.gner.trainer ┇ [training]  21%|████▎               |  315/1476 [0:02:34<0:09:37, 2.01Hz] | epoch=2.56, loss=0.186100
[02.12 19:10:28] ┇ INFO    ┇    DeepKNLP.gner.trainer ┇ [training]  22%|████▎               |  320/1476 [0:02:36<0:09:34, 2.01Hz] | epoch=2.60, loss=0.159900
[02.12 19:10:30] ┇ INFO    ┇    DeepKNLP.gner.trainer ┇ [training]  22%|████▍               |  325/1476 [0:02:38<0:09:32, 2.01Hz] | epoch=2.64, loss=0.136300
[02.12 19:10:31] ┇ INFO    ┇    DeepKNLP.gner.trainer ┇ [training]  22%|████▍               |  330/1476 [0:02:39<0:09:29, 2.01Hz] | epoch=2.68, loss=0.172400
[02.12 19:10:33] ┇ INFO    ┇    DeepKNLP.gner.trainer ┇ [training]  23%|████▌               |  335/1476 [0:02:41<0:09:27, 2.01Hz] | epoch=2.72, loss=0.127300
[02.12 19:10:35] ┇ INFO    ┇    DeepKNLP.gner.trainer ┇ [training]  23%|████▌               |  340/1476 [0:02:42<0:09:24, 2.01Hz] | epoch=2.76, loss=0.149500
[02.12 19:10:36] ┇ INFO    ┇    DeepKNLP.gner.trainer ┇ [training]  23%|████▋               |  345/1476 [0:02:44<0:09:22, 2.01Hz] | epoch=2.81, loss=0.152700
[02.12 19:10:38] ┇ INFO    ┇    DeepKNLP.gner.trainer ┇ [training]  24%|████▋               |  350/1476 [0:02:45<0:09:19, 2.01Hz] | epoch=2.85, loss=0.189400
[02.12 19:10:39] ┇ INFO    ┇    DeepKNLP.gner.trainer ┇ [training]  24%|████▊               |  355/1476 [0:02:47<0:08:23, 2.22Hz] | epoch=2.89, loss=0.137800
[02.12 19:10:41] ┇ INFO    ┇    DeepKNLP.gner.trainer ┇ [training]  24%|████▉               |  360/1476 [0:02:48<0:08:20, 2.23Hz] | epoch=2.93, loss=0.145700
[02.12 19:10:42] ┇ INFO    ┇    DeepKNLP.gner.trainer ┇ [training]  25%|████▉               |  365/1476 [0:02:50<0:08:18, 2.23Hz] | epoch=2.97, loss=0.163000
[02.12 19:10:44] ┇ INFO    ┇    DeepKNLP.gner.trainer ┇ [checking]   5%|▉                   |  1/21 [0:00:00<0:00:00, 87724.01Hz]
[02.12 19:10:54] ┇ INFO    ┇    DeepKNLP.gner.trainer ┇ [checking] 100%|████████████████████| 21/21 [0:00:07<0:00:00, 2.73Hz]
[02.12 19:10:54] ┇ INFO    ┇    DeepKNLP.gner.trainer ┇ [training]  25%|█████               |  369/1476 [0:03:01<0:08:54, 2.07Hz] | epoch=3.00, eval_average=0.5730
[02.12 19:10:54] ┇ INFO    ┇    DeepKNLP.gner.trainer ┇ [training]  25%|█████               |  370/1476 [0:03:02<0:08:56, 2.06Hz] | epoch=3.01, loss=0.132600
[02.12 19:10:55] ┇ INFO    ┇    DeepKNLP.gner.trainer ┇ [training]  25%|█████               |  375/1476 [0:03:03<0:08:54, 2.06Hz] | epoch=3.05, loss=0.124200
[02.12 19:10:57] ┇ INFO    ┇    DeepKNLP.gner.trainer ┇ [training]  26%|█████▏              |  380/1476 [0:03:05<0:08:51, 2.06Hz] | epoch=3.09, loss=0.139600
[02.12 19:10:59] ┇ INFO    ┇    DeepKNLP.gner.trainer ┇ [training]  26%|█████▏              |  385/1476 [0:03:06<0:08:49, 2.06Hz] | epoch=3.13, loss=0.123100
[02.12 19:11:00] ┇ INFO    ┇    DeepKNLP.gner.trainer ┇ [training]  26%|█████▎              |  390/1476 [0:03:08<0:08:46, 2.06Hz] | epoch=3.17, loss=0.171800
[02.12 19:11:02] ┇ INFO    ┇    DeepKNLP.gner.trainer ┇ [training]  27%|█████▎              |  395/1476 [0:03:09<0:08:44, 2.06Hz] | epoch=3.21, loss=0.135400
[02.12 19:11:03] ┇ INFO    ┇    DeepKNLP.gner.trainer ┇ [training]  27%|█████▍              |  400/1476 [0:03:11<0:08:41, 2.06Hz] | epoch=3.25, loss=0.155800
[02.12 19:11:05] ┇ INFO    ┇    DeepKNLP.gner.trainer ┇ [training]  27%|█████▍              |  405/1476 [0:03:12<0:08:39, 2.06Hz] | epoch=3.29, loss=0.129200
[02.12 19:11:06] ┇ INFO    ┇    DeepKNLP.gner.trainer ┇ [training]  28%|█████▌              |  410/1476 [0:03:14<0:08:36, 2.06Hz] | epoch=3.33, loss=0.137300
[02.12 19:11:08] ┇ INFO    ┇    DeepKNLP.gner.trainer ┇ [training]  28%|█████▌              |  415/1476 [0:03:15<0:07:56, 2.23Hz] | epoch=3.37, loss=0.089400
[02.12 19:11:09] ┇ INFO    ┇    DeepKNLP.gner.trainer ┇ [training]  28%|█████▋              |  420/1476 [0:03:17<0:07:52, 2.23Hz] | epoch=3.42, loss=0.149000
[02.12 19:11:11] ┇ INFO    ┇    DeepKNLP.gner.trainer ┇ [training]  29%|█████▊              |  425/1476 [0:03:19<0:07:50, 2.23Hz] | epoch=3.46, loss=0.125100
[02.12 19:11:12] ┇ INFO    ┇    DeepKNLP.gner.trainer ┇ [training]  29%|█████▊              |  430/1476 [0:03:20<0:07:47, 2.24Hz] | epoch=3.50, loss=0.102700
[02.12 19:11:13] ┇ INFO    ┇    DeepKNLP.gner.trainer ┇ [checking]   5%|▉                   |  1/21 [0:00:00<0:00:00, 99126.83Hz]
[02.12 19:11:22] ┇ INFO    ┇    DeepKNLP.gner.trainer ┇ [checking] 100%|████████████████████| 21/21 [0:00:07<0:00:00, 2.74Hz]
[02.12 19:11:22] ┇ INFO    ┇    DeepKNLP.gner.trainer ┇ [training]  29%|█████▊              |  430/1476 [0:03:20<0:07:47, 2.24Hz] | epoch=3.50, eval_average=0.6452
[02.12 19:11:24] ┇ INFO    ┇    DeepKNLP.gner.trainer ┇ [training]  29%|█████▉              |  435/1476 [0:03:32<0:08:20, 2.08Hz] | epoch=3.54, loss=0.164600
[02.12 19:11:26] ┇ INFO    ┇    DeepKNLP.gner.trainer ┇ [training]  30%|█████▉              |  440/1476 [0:03:33<0:08:18, 2.08Hz] | epoch=3.58, loss=0.079200
[02.12 19:11:27] ┇ INFO    ┇    DeepKNLP.gner.trainer ┇ [training]  30%|██████              |  445/1476 [0:03:35<0:08:15, 2.08Hz] | epoch=3.62, loss=0.093800
[02.12 19:11:29] ┇ INFO    ┇    DeepKNLP.gner.trainer ┇ [training]  30%|██████              |  450/1476 [0:03:36<0:08:13, 2.08Hz] | epoch=3.66, loss=0.065700
[02.12 19:11:30] ┇ INFO    ┇    DeepKNLP.gner.trainer ┇ [training]  31%|██████▏             |  455/1476 [0:03:38<0:08:11, 2.08Hz] | epoch=3.70, loss=0.140600
[02.12 19:11:32] ┇ INFO    ┇    DeepKNLP.gner.trainer ┇ [training]  31%|██████▏             |  460/1476 [0:03:39<0:08:08, 2.08Hz] | epoch=3.74, loss=0.114600
[02.12 19:11:33] ┇ INFO    ┇    DeepKNLP.gner.trainer ┇ [training]  32%|██████▎             |  465/1476 [0:03:41<0:08:06, 2.08Hz] | epoch=3.78, loss=0.091800
[02.12 19:11:35] ┇ INFO    ┇    DeepKNLP.gner.trainer ┇ [training]  32%|██████▎             |  470/1476 [0:03:43<0:08:03, 2.08Hz] | epoch=3.82, loss=0.116400
[02.12 19:11:36] ┇ INFO    ┇    DeepKNLP.gner.trainer ┇ [training]  32%|██████▍             |  475/1476 [0:03:44<0:08:01, 2.08Hz] | epoch=3.86, loss=0.131800
[02.12 19:11:38] ┇ INFO    ┇    DeepKNLP.gner.trainer ┇ [training]  33%|██████▌             |  480/1476 [0:03:46<0:07:25, 2.24Hz] | epoch=3.90, loss=0.151800
[02.12 19:11:40] ┇ INFO    ┇    DeepKNLP.gner.trainer ┇ [training]  33%|██████▌             |  485/1476 [0:03:47<0:07:21, 2.25Hz] | epoch=3.94, loss=0.082500
[02.12 19:11:41] ┇ INFO    ┇    DeepKNLP.gner.trainer ┇ [training]  33%|██████▋             |  490/1476 [0:03:49<0:07:19, 2.25Hz] | epoch=3.98, loss=0.099700
[02.12 19:11:42] ┇ INFO    ┇    DeepKNLP.gner.trainer ┇ [checking]   5%|▉                   |  1/21 [0:00:00<0:00:00, 96075.68Hz]
[02.12 19:11:52] ┇ INFO    ┇    DeepKNLP.gner.trainer ┇ [checking] 100%|████████████████████| 21/21 [0:00:07<0:00:00, 2.74Hz]
[02.12 19:11:52] ┇ INFO    ┇    DeepKNLP.gner.trainer ┇ [training]  33%|██████▋             |  492/1476 [0:03:59<0:07:52, 2.08Hz] | epoch=4.00, eval_average=0.7043
[02.12 19:11:53] ┇ INFO    ┇    DeepKNLP.gner.trainer ┇ [training]  34%|██████▋             |  495/1476 [0:04:00<0:07:52, 2.08Hz] | epoch=4.02, loss=0.128000
[02.12 19:11:54] ┇ INFO    ┇    DeepKNLP.gner.trainer ┇ [training]  34%|██████▊             |  500/1476 [0:04:02<0:07:49, 2.08Hz] | epoch=4.07, loss=0.075800
[02.12 19:11:56] ┇ INFO    ┇    DeepKNLP.gner.trainer ┇ [training]  34%|██████▊             |  505/1476 [0:04:03<0:07:47, 2.08Hz] | epoch=4.11, loss=0.100600
[02.12 19:11:57] ┇ INFO    ┇    DeepKNLP.gner.trainer ┇ [training]  35%|██████▉             |  510/1476 [0:04:05<0:07:44, 2.08Hz] | epoch=4.15, loss=0.122200
[02.12 19:11:59] ┇ INFO    ┇    DeepKNLP.gner.trainer ┇ [training]  35%|██████▉             |  515/1476 [0:04:06<0:07:42, 2.08Hz] | epoch=4.19, loss=0.105700
[02.12 19:12:00] ┇ INFO    ┇    DeepKNLP.gner.trainer ┇ [training]  35%|███████             |  520/1476 [0:04:08<0:07:40, 2.08Hz] | epoch=4.23, loss=0.088700
[02.12 19:12:02] ┇ INFO    ┇    DeepKNLP.gner.trainer ┇ [training]  36%|███████             |  525/1476 [0:04:10<0:07:37, 2.08Hz] | epoch=4.27, loss=0.084600
[02.12 19:12:04] ┇ INFO    ┇    DeepKNLP.gner.trainer ┇ [training]  36%|███████▏            |  530/1476 [0:04:11<0:07:36, 2.07Hz] | epoch=4.31, loss=0.155200
[02.12 19:12:05] ┇ INFO    ┇    DeepKNLP.gner.trainer ┇ [training]  36%|███████▏            |  535/1476 [0:04:13<0:07:33, 2.07Hz] | epoch=4.35, loss=0.096200
[02.12 19:12:07] ┇ INFO    ┇    DeepKNLP.gner.trainer ┇ [training]  37%|███████▎            |  540/1476 [0:04:14<0:07:31, 2.07Hz] | epoch=4.39, loss=0.113800
[02.12 19:12:08] ┇ INFO    ┇    DeepKNLP.gner.trainer ┇ [training]  37%|███████▍            |  545/1476 [0:04:16<0:06:54, 2.24Hz] | epoch=4.43, loss=0.041700
[02.12 19:12:10] ┇ INFO    ┇    DeepKNLP.gner.trainer ┇ [training]  37%|███████▍            |  550/1476 [0:04:18<0:06:52, 2.25Hz] | epoch=4.47, loss=0.077900
[02.12 19:12:12] ┇ INFO    ┇    DeepKNLP.gner.trainer ┇ [checking]   5%|▉                   |  1/21 [0:00:00<0:00:00, 74773.11Hz]
[02.12 19:12:22] ┇ INFO    ┇    DeepKNLP.gner.trainer ┇ [checking] 100%|████████████████████| 21/21 [0:00:08<0:00:00, 2.57Hz]
[02.12 19:12:22] ┇ INFO    ┇    DeepKNLP.gner.trainer ┇ [training]  38%|███████▌            |  554/1476 [0:04:30<0:07:23, 2.08Hz] | epoch=4.50, eval_average=0.7350
[02.12 19:12:22] ┇ INFO    ┇    DeepKNLP.gner.trainer ┇ [training]  38%|███████▌            |  555/1476 [0:04:30<0:07:25, 2.07Hz] | epoch=4.51, loss=0.089900
[02.12 19:12:24] ┇ INFO    ┇    DeepKNLP.gner.trainer ┇ [training]  38%|███████▌            |  560/1476 [0:04:32<0:07:23, 2.07Hz] | epoch=4.55, loss=0.085700
[02.12 19:12:25] ┇ INFO    ┇    DeepKNLP.gner.trainer ┇ [training]  38%|███████▋            |  565/1476 [0:04:33<0:07:21, 2.07Hz] | epoch=4.59, loss=0.071000
[02.12 19:12:27] ┇ INFO    ┇    DeepKNLP.gner.trainer ┇ [training]  39%|███████▋            |  570/1476 [0:04:35<0:07:18, 2.07Hz] | epoch=4.63, loss=0.067900
[02.12 19:12:29] ┇ INFO    ┇    DeepKNLP.gner.trainer ┇ [training]  39%|███████▊            |  575/1476 [0:04:36<0:07:16, 2.07Hz] | epoch=4.67, loss=0.078600
[02.12 19:12:30] ┇ INFO    ┇    DeepKNLP.gner.trainer ┇ [training]  39%|███████▊            |  580/1476 [0:04:38<0:07:13, 2.07Hz] | epoch=4.71, loss=0.076100
[02.12 19:12:32] ┇ INFO    ┇    DeepKNLP.gner.trainer ┇ [training]  40%|███████▉            |  585/1476 [0:04:39<0:07:11, 2.07Hz] | epoch=4.76, loss=0.077400
[02.12 19:12:33] ┇ INFO    ┇    DeepKNLP.gner.trainer ┇ [training]  40%|███████▉            |  590/1476 [0:04:41<0:07:08, 2.07Hz] | epoch=4.80, loss=0.121500
[02.12 19:12:35] ┇ INFO    ┇    DeepKNLP.gner.trainer ┇ [training]  40%|████████            |  595/1476 [0:04:42<0:07:06, 2.07Hz] | epoch=4.84, loss=0.073400
[02.12 19:12:36] ┇ INFO    ┇    DeepKNLP.gner.trainer ┇ [training]  41%|████████▏           |  600/1476 [0:04:44<0:07:04, 2.07Hz] | epoch=4.88, loss=0.113700
[02.12 19:12:38] ┇ INFO    ┇    DeepKNLP.gner.trainer ┇ [training]  41%|████████▏           |  605/1476 [0:04:45<0:06:31, 2.23Hz] | epoch=4.92, loss=0.076900
[02.12 19:12:39] ┇ INFO    ┇    DeepKNLP.gner.trainer ┇ [training]  41%|████████▎           |  610/1476 [0:04:47<0:06:27, 2.24Hz] | epoch=4.96, loss=0.081100
[02.12 19:12:41] ┇ INFO    ┇    DeepKNLP.gner.trainer ┇ [training]  42%|████████▎           |  615/1476 [0:04:49<0:06:24, 2.24Hz] | epoch=5.00, loss=0.066800
[02.12 19:12:41] ┇ INFO    ┇    DeepKNLP.gner.trainer ┇ [checking]   5%|▉                   |  1/21 [0:00:00<0:00:00, 91087.70Hz]
[02.12 19:12:51] ┇ INFO    ┇    DeepKNLP.gner.trainer ┇ [checking] 100%|████████████████████| 21/21 [0:00:07<0:00:00, 2.73Hz]
[02.12 19:12:51] ┇ INFO    ┇    DeepKNLP.gner.trainer ┇ [training]  42%|████████▎           |  615/1476 [0:04:49<0:06:24, 2.24Hz] | epoch=5.00, eval_average=0.7484
[02.12 19:12:53] ┇ INFO    ┇    DeepKNLP.gner.trainer ┇ [training]  42%|████████▍           |  620/1476 [0:05:00<0:06:51, 2.08Hz] | epoch=5.04, loss=0.072600
[02.12 19:12:54] ┇ INFO    ┇    DeepKNLP.gner.trainer ┇ [training]  42%|████████▍           |  625/1476 [0:05:02<0:06:48, 2.08Hz] | epoch=5.08, loss=0.079100
[02.12 19:12:56] ┇ INFO    ┇    DeepKNLP.gner.trainer ┇ [training]  43%|████████▌           |  630/1476 [0:05:03<0:06:46, 2.08Hz] | epoch=5.12, loss=0.059500
[02.12 19:12:57] ┇ INFO    ┇    DeepKNLP.gner.trainer ┇ [training]  43%|████████▌           |  635/1476 [0:05:05<0:06:44, 2.08Hz] | epoch=5.16, loss=0.183200
[02.12 19:12:59] ┇ INFO    ┇    DeepKNLP.gner.trainer ┇ [training]  43%|████████▋           |  640/1476 [0:05:06<0:06:41, 2.08Hz] | epoch=5.20, loss=0.073200
[02.12 19:13:00] ┇ INFO    ┇    DeepKNLP.gner.trainer ┇ [training]  44%|████████▋           |  645/1476 [0:05:08<0:06:39, 2.08Hz] | epoch=5.24, loss=0.054300
[02.12 19:13:02] ┇ INFO    ┇    DeepKNLP.gner.trainer ┇ [training]  44%|████████▊           |  650/1476 [0:05:09<0:06:36, 2.08Hz] | epoch=5.29, loss=0.058800
[02.12 19:13:03] ┇ INFO    ┇    DeepKNLP.gner.trainer ┇ [training]  44%|████████▉           |  655/1476 [0:05:11<0:06:34, 2.08Hz] | epoch=5.33, loss=0.080800
[02.12 19:13:05] ┇ INFO    ┇    DeepKNLP.gner.trainer ┇ [training]  45%|████████▉           |  660/1476 [0:05:13<0:06:32, 2.08Hz] | epoch=5.37, loss=0.081900
[02.12 19:13:07] ┇ INFO    ┇    DeepKNLP.gner.trainer ┇ [training]  45%|█████████           |  665/1476 [0:05:14<0:06:29, 2.08Hz] | epoch=5.41, loss=0.045400
[02.12 19:13:08] ┇ INFO    ┇    DeepKNLP.gner.trainer ┇ [training]  45%|█████████           |  670/1476 [0:05:16<0:06:00, 2.24Hz] | epoch=5.45, loss=0.073100
[02.12 19:13:10] ┇ INFO    ┇    DeepKNLP.gner.trainer ┇ [training]  46%|█████████▏          |  675/1476 [0:05:17<0:05:56, 2.25Hz] | epoch=5.49, loss=0.046400
[02.12 19:13:10] ┇ INFO    ┇    DeepKNLP.gner.trainer ┇ [checking]   5%|▉                   |  1/21 [0:00:00<0:00:00, 93662.06Hz]
[02.12 19:13:20] ┇ INFO    ┇    DeepKNLP.gner.trainer ┇ [checking] 100%|████████████████████| 21/21 [0:00:07<0:00:00, 2.73Hz]
[02.12 19:13:20] ┇ INFO    ┇    DeepKNLP.gner.trainer ┇ [training]  46%|█████████▏          |  676/1476 [0:05:28<0:06:24, 2.08Hz] | epoch=5.50, eval_average=0.7053
[02.12 19:13:21] ┇ INFO    ┇    DeepKNLP.gner.trainer ┇ [training]  46%|█████████▏          |  680/1476 [0:05:29<0:06:22, 2.08Hz] | epoch=5.53, loss=0.088600
[02.12 19:13:23] ┇ INFO    ┇    DeepKNLP.gner.trainer ┇ [training]  46%|█████████▎          |  685/1476 [0:05:30<0:06:20, 2.08Hz] | epoch=5.57, loss=0.091700
[02.12 19:13:24] ┇ INFO    ┇    DeepKNLP.gner.trainer ┇ [training]  47%|█████████▎          |  690/1476 [0:05:32<0:06:17, 2.08Hz] | epoch=5.61, loss=0.053600
[02.12 19:13:26] ┇ INFO    ┇    DeepKNLP.gner.trainer ┇ [training]  47%|█████████▍          |  695/1476 [0:05:33<0:06:15, 2.08Hz] | epoch=5.65, loss=0.099000
[02.12 19:13:27] ┇ INFO    ┇    DeepKNLP.gner.trainer ┇ [training]  47%|█████████▍          |  700/1476 [0:05:35<0:06:12, 2.08Hz] | epoch=5.69, loss=0.111800
[02.12 19:13:29] ┇ INFO    ┇    DeepKNLP.gner.trainer ┇ [training]  48%|█████████▌          |  705/1476 [0:05:37<0:06:10, 2.08Hz] | epoch=5.73, loss=0.057000
[02.12 19:13:30] ┇ INFO    ┇    DeepKNLP.gner.trainer ┇ [training]  48%|█████████▌          |  710/1476 [0:05:38<0:06:08, 2.08Hz] | epoch=5.77, loss=0.106300
[02.12 19:13:32] ┇ INFO    ┇    DeepKNLP.gner.trainer ┇ [training]  48%|█████████▋          |  715/1476 [0:05:40<0:06:05, 2.08Hz] | epoch=5.81, loss=0.071400
[02.12 19:13:34] ┇ INFO    ┇    DeepKNLP.gner.trainer ┇ [training]  49%|█████████▊          |  720/1476 [0:05:41<0:06:03, 2.08Hz] | epoch=5.85, loss=0.070700
[02.12 19:13:35] ┇ INFO    ┇    DeepKNLP.gner.trainer ┇ [training]  49%|█████████▊          |  725/1476 [0:05:43<0:06:00, 2.08Hz] | epoch=5.89, loss=0.056500
[02.12 19:13:37] ┇ INFO    ┇    DeepKNLP.gner.trainer ┇ [training]  49%|█████████▉          |  730/1476 [0:05:44<0:05:58, 2.08Hz] | epoch=5.93, loss=0.107100
[02.12 19:13:38] ┇ INFO    ┇    DeepKNLP.gner.trainer ┇ [training]  50%|█████████▉          |  735/1476 [0:05:46<0:05:31, 2.24Hz] | epoch=5.98, loss=0.088300
[02.12 19:13:40] ┇ INFO    ┇    DeepKNLP.gner.trainer ┇ [checking]   5%|▉                   |  1/21 [0:00:00<0:00:00, 74482.65Hz]
[02.12 19:13:49] ┇ INFO    ┇    DeepKNLP.gner.trainer ┇ [checking] 100%|████████████████████| 21/21 [0:00:07<0:00:00, 2.74Hz]
[02.12 19:13:49] ┇ INFO    ┇    DeepKNLP.gner.trainer ┇ [training]  50%|██████████          |  738/1476 [0:05:57<0:05:55, 2.08Hz] | epoch=6.00, eval_average=0.7389
[02.12 19:13:50] ┇ INFO    ┇    DeepKNLP.gner.trainer ┇ [training]  50%|██████████          |  740/1476 [0:05:57<0:05:55, 2.07Hz] | epoch=6.02, loss=0.038800
[02.12 19:13:51] ┇ INFO    ┇    DeepKNLP.gner.trainer ┇ [training]  50%|██████████          |  745/1476 [0:05:59<0:05:53, 2.07Hz] | epoch=6.06, loss=0.058200
[02.12 19:13:53] ┇ INFO    ┇    DeepKNLP.gner.trainer ┇ [training]  51%|██████████▏         |  750/1476 [0:06:00<0:05:50, 2.07Hz] | epoch=6.10, loss=0.064100
[02.12 19:13:54] ┇ INFO    ┇    DeepKNLP.gner.trainer ┇ [training]  51%|██████████▏         |  755/1476 [0:06:02<0:05:48, 2.07Hz] | epoch=6.14, loss=0.049300
[02.12 19:13:56] ┇ INFO    ┇    DeepKNLP.gner.trainer ┇ [training]  51%|██████████▎         |  760/1476 [0:06:04<0:05:46, 2.07Hz] | epoch=6.18, loss=0.058000
[02.12 19:13:58] ┇ INFO    ┇    DeepKNLP.gner.trainer ┇ [training]  52%|██████████▎         |  765/1476 [0:06:05<0:05:43, 2.07Hz] | epoch=6.22, loss=0.057000
[02.12 19:13:59] ┇ INFO    ┇    DeepKNLP.gner.trainer ┇ [training]  52%|██████████▍         |  770/1476 [0:06:07<0:05:41, 2.07Hz] | epoch=6.26, loss=0.088300
[02.12 19:14:01] ┇ INFO    ┇    DeepKNLP.gner.trainer ┇ [training]  53%|██████████▌         |  775/1476 [0:06:08<0:05:38, 2.07Hz] | epoch=6.30, loss=0.033600
[02.12 19:14:02] ┇ INFO    ┇    DeepKNLP.gner.trainer ┇ [training]  53%|██████████▌         |  780/1476 [0:06:10<0:05:36, 2.07Hz] | epoch=6.34, loss=0.034900
[02.12 19:14:04] ┇ INFO    ┇    DeepKNLP.gner.trainer ┇ [training]  53%|██████████▋         |  785/1476 [0:06:11<0:05:34, 2.07Hz] | epoch=6.38, loss=0.076500
[02.12 19:14:05] ┇ INFO    ┇    DeepKNLP.gner.trainer ┇ [training]  54%|██████████▋         |  790/1476 [0:06:13<0:05:07, 2.23Hz] | epoch=6.42, loss=0.042200
[02.12 19:14:07] ┇ INFO    ┇    DeepKNLP.gner.trainer ┇ [training]  54%|██████████▊         |  795/1476 [0:06:14<0:05:04, 2.24Hz] | epoch=6.46, loss=0.123900
[02.12 19:14:08] ┇ INFO    ┇    DeepKNLP.gner.trainer ┇ [training]  54%|██████████▊         |  800/1476 [0:06:16<0:05:02, 2.24Hz] | epoch=6.50, loss=0.043700
[02.12 19:14:09] ┇ INFO    ┇    DeepKNLP.gner.trainer ┇ [checking]   5%|▉                   |  1/21 [0:00:00<0:00:00, 103643.03Hz]
[02.12 19:14:19] ┇ INFO    ┇    DeepKNLP.gner.trainer ┇ [checking] 100%|████████████████████| 21/21 [0:00:07<0:00:00, 2.74Hz]
[02.12 19:14:19] ┇ INFO    ┇    DeepKNLP.gner.trainer ┇ [training]  54%|██████████▊         |  800/1476 [0:06:16<0:05:02, 2.24Hz] | epoch=6.50, eval_average=0.7292
[02.12 19:14:20] ┇ INFO    ┇    DeepKNLP.gner.trainer ┇ [training]  55%|██████████▉         |  805/1476 [0:06:28<0:05:22, 2.08Hz] | epoch=6.54, loss=0.073200
[02.12 19:14:22] ┇ INFO    ┇    DeepKNLP.gner.trainer ┇ [training]  55%|██████████▉         |  810/1476 [0:06:29<0:05:20, 2.08Hz] | epoch=6.58, loss=0.049400
[02.12 19:14:23] ┇ INFO    ┇    DeepKNLP.gner.trainer ┇ [training]  55%|███████████         |  815/1476 [0:06:31<0:05:18, 2.08Hz] | epoch=6.63, loss=0.077000
[02.12 19:14:25] ┇ INFO    ┇    DeepKNLP.gner.trainer ┇ [training]  56%|███████████         |  820/1476 [0:06:32<0:05:15, 2.08Hz] | epoch=6.67, loss=0.050500
[02.12 19:14:26] ┇ INFO    ┇    DeepKNLP.gner.trainer ┇ [training]  56%|███████████▏        |  825/1476 [0:06:34<0:05:13, 2.08Hz] | epoch=6.71, loss=0.085200
[02.12 19:14:28] ┇ INFO    ┇    DeepKNLP.gner.trainer ┇ [training]  56%|███████████▏        |  830/1476 [0:06:36<0:05:10, 2.08Hz] | epoch=6.75, loss=0.076200
[02.12 19:14:29] ┇ INFO    ┇    DeepKNLP.gner.trainer ┇ [training]  57%|███████████▎        |  835/1476 [0:06:37<0:05:08, 2.08Hz] | epoch=6.79, loss=0.069900
[02.12 19:14:31] ┇ INFO    ┇    DeepKNLP.gner.trainer ┇ [training]  57%|███████████▍        |  840/1476 [0:06:39<0:05:05, 2.08Hz] | epoch=6.83, loss=0.049200
[02.12 19:14:33] ┇ INFO    ┇    DeepKNLP.gner.trainer ┇ [training]  57%|███████████▍        |  845/1476 [0:06:40<0:05:03, 2.08Hz] | epoch=6.87, loss=0.051000
[02.12 19:14:34] ┇ INFO    ┇    DeepKNLP.gner.trainer ┇ [training]  58%|███████████▌        |  850/1476 [0:06:42<0:05:00, 2.08Hz] | epoch=6.91, loss=0.082400
[02.12 19:14:36] ┇ INFO    ┇    DeepKNLP.gner.trainer ┇ [training]  58%|███████████▌        |  855/1476 [0:06:43<0:04:36, 2.25Hz] | epoch=6.95, loss=0.028300
[02.12 19:14:37] ┇ INFO    ┇    DeepKNLP.gner.trainer ┇ [training]  58%|███████████▋        |  860/1476 [0:06:45<0:04:32, 2.26Hz] | epoch=6.99, loss=0.066600
[02.12 19:14:38] ┇ INFO    ┇    DeepKNLP.gner.trainer ┇ [checking]   5%|▉                   |  1/21 [0:00:00<0:00:00, 46107.09Hz]
[02.12 19:14:48] ┇ INFO    ┇    DeepKNLP.gner.trainer ┇ [checking] 100%|████████████████████| 21/21 [0:00:08<0:00:00, 2.55Hz]
[02.12 19:14:48] ┇ INFO    ┇    DeepKNLP.gner.trainer ┇ [training]  58%|███████████▋        |  861/1476 [0:06:56<0:04:54, 2.09Hz] | epoch=7.00, eval_average=0.7551
[02.12 19:14:49] ┇ INFO    ┇    DeepKNLP.gner.trainer ┇ [training]  59%|███████████▋        |  865/1476 [0:06:57<0:04:53, 2.08Hz] | epoch=7.03, loss=0.075100
[02.12 19:14:51] ┇ INFO    ┇    DeepKNLP.gner.trainer ┇ [training]  59%|███████████▊        |  870/1476 [0:06:59<0:04:50, 2.08Hz] | epoch=7.07, loss=0.062200
[02.12 19:14:52] ┇ INFO    ┇    DeepKNLP.gner.trainer ┇ [training]  59%|███████████▊        |  875/1476 [0:07:00<0:04:48, 2.08Hz] | epoch=7.11, loss=0.071100
[02.12 19:14:54] ┇ INFO    ┇    DeepKNLP.gner.trainer ┇ [training]  60%|███████████▉        |  880/1476 [0:07:02<0:04:45, 2.08Hz] | epoch=7.15, loss=0.060500
[02.12 19:14:56] ┇ INFO    ┇    DeepKNLP.gner.trainer ┇ [training]  60%|███████████▉        |  885/1476 [0:07:03<0:04:43, 2.08Hz] | epoch=7.20, loss=0.047700
[02.12 19:14:57] ┇ INFO    ┇    DeepKNLP.gner.trainer ┇ [training]  60%|████████████        |  890/1476 [0:07:05<0:04:41, 2.08Hz] | epoch=7.24, loss=0.074600
[02.12 19:14:59] ┇ INFO    ┇    DeepKNLP.gner.trainer ┇ [training]  61%|████████████▏       |  895/1476 [0:07:06<0:04:38, 2.08Hz] | epoch=7.28, loss=0.062200
[02.12 19:15:00] ┇ INFO    ┇    DeepKNLP.gner.trainer ┇ [training]  61%|████████████▏       |  900/1476 [0:07:08<0:04:36, 2.08Hz] | epoch=7.32, loss=0.085800
[02.12 19:15:02] ┇ INFO    ┇    DeepKNLP.gner.trainer ┇ [training]  61%|████████████▎       |  905/1476 [0:07:09<0:04:33, 2.08Hz] | epoch=7.36, loss=0.081300
[02.12 19:15:03] ┇ INFO    ┇    DeepKNLP.gner.trainer ┇ [training]  62%|████████████▎       |  910/1476 [0:07:11<0:04:31, 2.08Hz] | epoch=7.40, loss=0.063400
[02.12 19:15:05] ┇ INFO    ┇    DeepKNLP.gner.trainer ┇ [training]  62%|████████████▍       |  915/1476 [0:07:13<0:04:29, 2.08Hz] | epoch=7.44, loss=0.060900
[02.12 19:15:06] ┇ INFO    ┇    DeepKNLP.gner.trainer ┇ [training]  62%|████████████▍       |  920/1476 [0:07:14<0:04:08, 2.24Hz] | epoch=7.48, loss=0.032100
[02.12 19:15:08] ┇ INFO    ┇    DeepKNLP.gner.trainer ┇ [checking]   5%|▉                   |  1/21 [0:00:00<0:00:00, 92595.88Hz]
[02.12 19:15:17] ┇ INFO    ┇    DeepKNLP.gner.trainer ┇ [checking] 100%|████████████████████| 21/21 [0:00:07<0:00:00, 2.73Hz]
[02.12 19:15:17] ┇ INFO    ┇    DeepKNLP.gner.trainer ┇ [training]  62%|████████████▍       |  922/1476 [0:07:25<0:04:26, 2.08Hz] | epoch=7.50, eval_average=0.7496
[02.12 19:15:18] ┇ INFO    ┇    DeepKNLP.gner.trainer ┇ [training]  63%|████████████▌       |  925/1476 [0:07:26<0:04:25, 2.07Hz] | epoch=7.52, loss=0.065200
[02.12 19:15:20] ┇ INFO    ┇    DeepKNLP.gner.trainer ┇ [training]  63%|████████████▌       |  930/1476 [0:07:27<0:04:23, 2.07Hz] | epoch=7.56, loss=0.063700
[02.12 19:15:21] ┇ INFO    ┇    DeepKNLP.gner.trainer ┇ [training]  63%|████████████▋       |  935/1476 [0:07:29<0:04:21, 2.07Hz] | epoch=7.60, loss=0.061000
[02.12 19:15:23] ┇ INFO    ┇    DeepKNLP.gner.trainer ┇ [training]  64%|████████████▋       |  940/1476 [0:07:30<0:04:18, 2.07Hz] | epoch=7.64, loss=0.045600
[02.12 19:15:24] ┇ INFO    ┇    DeepKNLP.gner.trainer ┇ [training]  64%|████████████▊       |  945/1476 [0:07:32<0:04:16, 2.07Hz] | epoch=7.68, loss=0.058800
[02.12 19:15:26] ┇ INFO    ┇    DeepKNLP.gner.trainer ┇ [training]  64%|████████████▊       |  950/1476 [0:07:33<0:04:13, 2.07Hz] | epoch=7.72, loss=0.042800
[02.12 19:15:27] ┇ INFO    ┇    DeepKNLP.gner.trainer ┇ [training]  65%|████████████▉       |  955/1476 [0:07:35<0:04:11, 2.07Hz] | epoch=7.76, loss=0.068700
[02.12 19:15:29] ┇ INFO    ┇    DeepKNLP.gner.trainer ┇ [training]  65%|█████████████       |  960/1476 [0:07:37<0:04:09, 2.07Hz] | epoch=7.80, loss=0.034400
[02.12 19:15:31] ┇ INFO    ┇    DeepKNLP.gner.trainer ┇ [training]  65%|█████████████       |  965/1476 [0:07:38<0:04:06, 2.07Hz] | epoch=7.85, loss=0.026600
[02.12 19:15:32] ┇ INFO    ┇    DeepKNLP.gner.trainer ┇ [training]  66%|█████████████▏      |  970/1476 [0:07:40<0:04:04, 2.07Hz] | epoch=7.89, loss=0.063600
[02.12 19:15:34] ┇ INFO    ┇    DeepKNLP.gner.trainer ┇ [training]  66%|█████████████▏      |  975/1476 [0:07:41<0:03:43, 2.24Hz] | epoch=7.93, loss=0.045900
[02.12 19:15:35] ┇ INFO    ┇    DeepKNLP.gner.trainer ┇ [training]  66%|█████████████▎      |  980/1476 [0:07:43<0:03:41, 2.24Hz] | epoch=7.97, loss=0.069500
[02.12 19:15:37] ┇ INFO    ┇    DeepKNLP.gner.trainer ┇ [checking]   5%|▉                   |  1/21 [0:00:00<0:00:00, 70474.00Hz]
[02.12 19:15:46] ┇ INFO    ┇    DeepKNLP.gner.trainer ┇ [checking] 100%|████████████████████| 21/21 [0:00:07<0:00:00, 2.73Hz]
[02.12 19:15:46] ┇ INFO    ┇    DeepKNLP.gner.trainer ┇ [training]  67%|█████████████▎      |  984/1476 [0:07:54<0:03:56, 2.08Hz] | epoch=8.00, eval_average=0.7532
[02.12 19:15:47] ┇ INFO    ┇    DeepKNLP.gner.trainer ┇ [training]  67%|█████████████▎      |  985/1476 [0:07:54<0:03:57, 2.07Hz] | epoch=8.01, loss=0.068800
[02.12 19:15:48] ┇ INFO    ┇    DeepKNLP.gner.trainer ┇ [training]  67%|█████████████▍      |  990/1476 [0:07:56<0:03:54, 2.07Hz] | epoch=8.05, loss=0.054200
[02.12 19:15:50] ┇ INFO    ┇    DeepKNLP.gner.trainer ┇ [training]  67%|█████████████▍      |  995/1476 [0:07:57<0:03:52, 2.07Hz] | epoch=8.09, loss=0.018600
[02.12 19:15:51] ┇ INFO    ┇    DeepKNLP.gner.trainer ┇ [training]  68%|█████████████▌      | 1000/1476 [0:07:59<0:03:49, 2.07Hz] | epoch=8.13, loss=0.040400
[02.12 19:15:53] ┇ INFO    ┇    DeepKNLP.gner.trainer ┇ [training]  68%|█████████████▌      | 1005/1476 [0:08:01<0:03:47, 2.07Hz] | epoch=8.17, loss=0.031100
[02.12 19:15:54] ┇ INFO    ┇    DeepKNLP.gner.trainer ┇ [training]  68%|█████████████▋      | 1010/1476 [0:08:02<0:03:45, 2.07Hz] | epoch=8.21, loss=0.068000
[02.12 19:15:56] ┇ INFO    ┇    DeepKNLP.gner.trainer ┇ [training]  69%|█████████████▊      | 1015/1476 [0:08:04<0:03:42, 2.07Hz] | epoch=8.25, loss=0.051600
[02.12 19:15:58] ┇ INFO    ┇    DeepKNLP.gner.trainer ┇ [training]  69%|█████████████▊      | 1020/1476 [0:08:05<0:03:40, 2.07Hz] | epoch=8.29, loss=0.062200
[02.12 19:15:59] ┇ INFO    ┇    DeepKNLP.gner.trainer ┇ [training]  69%|█████████████▉      | 1025/1476 [0:08:07<0:03:37, 2.07Hz] | epoch=8.33, loss=0.032700
[02.12 19:16:01] ┇ INFO    ┇    DeepKNLP.gner.trainer ┇ [training]  70%|█████████████▉      | 1030/1476 [0:08:08<0:03:35, 2.07Hz] | epoch=8.37, loss=0.054900
[02.12 19:16:02] ┇ INFO    ┇    DeepKNLP.gner.trainer ┇ [training]  70%|██████████████      | 1035/1476 [0:08:10<0:03:17, 2.23Hz] | epoch=8.41, loss=0.038600
[02.12 19:16:04] ┇ INFO    ┇    DeepKNLP.gner.trainer ┇ [training]  70%|██████████████      | 1040/1476 [0:08:11<0:03:14, 2.24Hz] | epoch=8.46, loss=0.061800
[02.12 19:16:05] ┇ INFO    ┇    DeepKNLP.gner.trainer ┇ [training]  71%|██████████████▏     | 1045/1476 [0:08:13<0:03:12, 2.24Hz] | epoch=8.50, loss=0.035600
[02.12 19:16:06] ┇ INFO    ┇    DeepKNLP.gner.trainer ┇ [checking]   5%|▉                   |  1/21 [0:00:00<0:00:00, 89898.01Hz]
[02.12 19:16:16] ┇ INFO    ┇    DeepKNLP.gner.trainer ┇ [checking] 100%|████████████████████| 21/21 [0:00:07<0:00:00, 2.73Hz]
[02.12 19:16:16] ┇ INFO    ┇    DeepKNLP.gner.trainer ┇ [training]  71%|██████████████▏     | 1046/1476 [0:08:24<0:03:27, 2.07Hz] | epoch=8.50, eval_average=0.7408
[02.12 19:16:17] ┇ INFO    ┇    DeepKNLP.gner.trainer ┇ [training]  71%|██████████████▏     | 1050/1476 [0:08:25<0:03:26, 2.07Hz] | epoch=8.54, loss=0.033400
[02.12 19:16:19] ┇ INFO    ┇    DeepKNLP.gner.trainer ┇ [training]  71%|██████████████▎     | 1055/1476 [0:08:26<0:03:23, 2.07Hz] | epoch=8.58, loss=0.069600
[02.12 19:16:20] ┇ INFO    ┇    DeepKNLP.gner.trainer ┇ [training]  72%|██████████████▎     | 1060/1476 [0:08:28<0:03:21, 2.07Hz] | epoch=8.62, loss=0.060800
[02.12 19:16:22] ┇ INFO    ┇    DeepKNLP.gner.trainer ┇ [training]  72%|██████████████▍     | 1065/1476 [0:08:30<0:03:18, 2.07Hz] | epoch=8.66, loss=0.048300
[02.12 19:16:23] ┇ INFO    ┇    DeepKNLP.gner.trainer ┇ [training]  72%|██████████████▍     | 1070/1476 [0:08:31<0:03:16, 2.07Hz] | epoch=8.70, loss=0.082100
[02.12 19:16:25] ┇ INFO    ┇    DeepKNLP.gner.trainer ┇ [training]  73%|██████████████▌     | 1075/1476 [0:08:33<0:03:14, 2.07Hz] | epoch=8.74, loss=0.041100
[02.12 19:16:27] ┇ INFO    ┇    DeepKNLP.gner.trainer ┇ [training]  73%|██████████████▋     | 1080/1476 [0:08:34<0:03:11, 2.07Hz] | epoch=8.78, loss=0.079900
[02.12 19:16:28] ┇ INFO    ┇    DeepKNLP.gner.trainer ┇ [training]  74%|██████████████▋     | 1085/1476 [0:08:36<0:03:09, 2.07Hz] | epoch=8.82, loss=0.083500
[02.12 19:16:30] ┇ INFO    ┇    DeepKNLP.gner.trainer ┇ [training]  74%|██████████████▊     | 1090/1476 [0:08:37<0:03:06, 2.07Hz] | epoch=8.86, loss=0.028800
[02.12 19:16:31] ┇ INFO    ┇    DeepKNLP.gner.trainer ┇ [training]  74%|██████████████▊     | 1095/1476 [0:08:39<0:03:04, 2.06Hz] | epoch=8.90, loss=0.045400
[02.12 19:16:33] ┇ INFO    ┇    DeepKNLP.gner.trainer ┇ [training]  75%|██████████████▉     | 1100/1476 [0:08:40<0:02:49, 2.22Hz] | epoch=8.94, loss=0.066100
[02.12 19:16:34] ┇ INFO    ┇    DeepKNLP.gner.trainer ┇ [training]  75%|██████████████▉     | 1105/1476 [0:08:42<0:02:46, 2.22Hz] | epoch=8.98, loss=0.048200
[02.12 19:16:35] ┇ INFO    ┇    DeepKNLP.gner.trainer ┇ [checking]   5%|▉                   |  1/21 [0:00:00<0:00:00, 90079.01Hz]
[02.12 19:16:45] ┇ INFO    ┇    DeepKNLP.gner.trainer ┇ [checking] 100%|████████████████████| 21/21 [0:00:07<0:00:00, 2.74Hz]
[02.12 19:16:45] ┇ INFO    ┇    DeepKNLP.gner.trainer ┇ [training]  75%|███████████████     | 1107/1476 [0:08:53<0:02:59, 2.06Hz] | epoch=9.00, eval_average=0.7121
[02.12 19:16:46] ┇ INFO    ┇    DeepKNLP.gner.trainer ┇ [training]  75%|███████████████     | 1110/1476 [0:08:54<0:02:58, 2.05Hz] | epoch=9.02, loss=0.068400
[02.12 19:16:48] ┇ INFO    ┇    DeepKNLP.gner.trainer ┇ [training]  76%|███████████████     | 1115/1476 [0:08:55<0:02:55, 2.05Hz] | epoch=9.06, loss=0.034900
[02.12 19:16:49] ┇ INFO    ┇    DeepKNLP.gner.trainer ┇ [training]  76%|███████████████▏    | 1120/1476 [0:08:57<0:02:53, 2.05Hz] | epoch=9.11, loss=0.089000
[02.12 19:16:51] ┇ INFO    ┇    DeepKNLP.gner.trainer ┇ [training]  76%|███████████████▏    | 1125/1476 [0:08:58<0:02:51, 2.05Hz] | epoch=9.15, loss=0.050400
[02.12 19:16:52] ┇ INFO    ┇    DeepKNLP.gner.trainer ┇ [training]  77%|███████████████▎    | 1130/1476 [0:09:00<0:02:48, 2.05Hz] | epoch=9.19, loss=0.080400
[02.12 19:16:54] ┇ INFO    ┇    DeepKNLP.gner.trainer ┇ [training]  77%|███████████████▍    | 1135/1476 [0:09:01<0:02:46, 2.05Hz] | epoch=9.23, loss=0.035000
[02.12 19:16:55] ┇ INFO    ┇    DeepKNLP.gner.trainer ┇ [training]  77%|███████████████▍    | 1140/1476 [0:09:03<0:02:43, 2.05Hz] | epoch=9.27, loss=0.052300
[02.12 19:16:57] ┇ INFO    ┇    DeepKNLP.gner.trainer ┇ [training]  78%|███████████████▌    | 1145/1476 [0:09:05<0:02:41, 2.05Hz] | epoch=9.31, loss=0.032300
[02.12 19:16:59] ┇ INFO    ┇    DeepKNLP.gner.trainer ┇ [training]  78%|███████████████▌    | 1150/1476 [0:09:06<0:02:38, 2.05Hz] | epoch=9.35, loss=0.047000
[02.12 19:17:00] ┇ INFO    ┇    DeepKNLP.gner.trainer ┇ [training]  78%|███████████████▋    | 1155/1476 [0:09:08<0:02:24, 2.23Hz] | epoch=9.39, loss=0.030400
[02.12 19:17:02] ┇ INFO    ┇    DeepKNLP.gner.trainer ┇ [training]  79%|███████████████▋    | 1160/1476 [0:09:09<0:02:21, 2.23Hz] | epoch=9.43, loss=0.061400
[02.12 19:17:03] ┇ INFO    ┇    DeepKNLP.gner.trainer ┇ [training]  79%|███████████████▊    | 1165/1476 [0:09:11<0:02:19, 2.23Hz] | epoch=9.47, loss=0.064000
[02.12 19:17:05] ┇ INFO    ┇    DeepKNLP.gner.trainer ┇ [checking]   5%|▉                   |  1/21 [0:00:00<0:00:00, 90109.25Hz]
[02.12 19:17:14] ┇ INFO    ┇    DeepKNLP.gner.trainer ┇ [checking] 100%|████████████████████| 21/21 [0:00:07<0:00:00, 2.74Hz]
[02.12 19:17:14] ┇ INFO    ┇    DeepKNLP.gner.trainer ┇ [training]  79%|███████████████▊    | 1168/1476 [0:09:22<0:02:28, 2.07Hz] | epoch=9.50, eval_average=0.7470
[02.12 19:17:15] ┇ INFO    ┇    DeepKNLP.gner.trainer ┇ [training]  79%|███████████████▊    | 1170/1476 [0:09:22<0:02:28, 2.06Hz] | epoch=9.51, loss=0.032300
[02.12 19:17:16] ┇ INFO    ┇    DeepKNLP.gner.trainer ┇ [training]  80%|███████████████▉    | 1175/1476 [0:09:24<0:02:26, 2.06Hz] | epoch=9.55, loss=0.051500
[02.12 19:17:18] ┇ INFO    ┇    DeepKNLP.gner.trainer ┇ [training]  80%|███████████████▉    | 1180/1476 [0:09:25<0:02:23, 2.06Hz] | epoch=9.59, loss=0.045200
[02.12 19:17:19] ┇ INFO    ┇    DeepKNLP.gner.trainer ┇ [training]  80%|████████████████    | 1185/1476 [0:09:27<0:02:21, 2.06Hz] | epoch=9.63, loss=0.025000
[02.12 19:17:21] ┇ INFO    ┇    DeepKNLP.gner.trainer ┇ [training]  81%|████████████████    | 1190/1476 [0:09:29<0:02:18, 2.06Hz] | epoch=9.68, loss=0.048200
[02.12 19:17:23] ┇ INFO    ┇    DeepKNLP.gner.trainer ┇ [training]  81%|████████████████▏   | 1195/1476 [0:09:30<0:02:16, 2.06Hz] | epoch=9.71, loss=0.071900
[02.12 19:17:24] ┇ INFO    ┇    DeepKNLP.gner.trainer ┇ [training]  81%|████████████████▎   | 1200/1476 [0:09:32<0:02:13, 2.06Hz] | epoch=9.76, loss=0.074700
[02.12 19:17:26] ┇ INFO    ┇    DeepKNLP.gner.trainer ┇ [training]  82%|████████████████▎   | 1205/1476 [0:09:33<0:02:11, 2.06Hz] | epoch=9.80, loss=0.071100
[02.12 19:17:27] ┇ INFO    ┇    DeepKNLP.gner.trainer ┇ [training]  82%|████████████████▍   | 1210/1476 [0:09:35<0:02:09, 2.06Hz] | epoch=9.84, loss=0.031300
[02.12 19:17:29] ┇ INFO    ┇    DeepKNLP.gner.trainer ┇ [training]  82%|████████████████▍   | 1215/1476 [0:09:36<0:01:57, 2.23Hz] | epoch=9.88, loss=0.016500
[02.12 19:17:30] ┇ INFO    ┇    DeepKNLP.gner.trainer ┇ [training]  83%|████████████████▌   | 1220/1476 [0:09:38<0:01:54, 2.23Hz] | epoch=9.92, loss=0.054900
[02.12 19:17:32] ┇ INFO    ┇    DeepKNLP.gner.trainer ┇ [training]  83%|████████████████▌   | 1225/1476 [0:09:39<0:01:52, 2.23Hz] | epoch=9.96, loss=0.047600
[02.12 19:17:33] ┇ INFO    ┇    DeepKNLP.gner.trainer ┇ [training]  83%|████████████████▋   | 1230/1476 [0:09:41<0:01:50, 2.23Hz] | epoch=10.00, loss=0.043900
[02.12 19:17:34] ┇ INFO    ┇    DeepKNLP.gner.trainer ┇ [checking]   5%|▉                   |  1/21 [0:00:00<0:00:00, 87552.33Hz]
[02.12 19:17:43] ┇ INFO    ┇    DeepKNLP.gner.trainer ┇ [checking] 100%|████████████████████| 21/21 [0:00:07<0:00:00, 2.74Hz]
[02.12 19:17:43] ┇ INFO    ┇    DeepKNLP.gner.trainer ┇ [training]  83%|████████████████▋   | 1230/1476 [0:09:41<0:01:50, 2.23Hz] | epoch=10.00, eval_average=0.7350
[02.12 19:17:45] ┇ INFO    ┇    DeepKNLP.gner.trainer ┇ [training]  84%|████████████████▋   | 1235/1476 [0:09:53<0:01:56, 2.07Hz] | epoch=10.04, loss=0.029900
[02.12 19:17:47] ┇ INFO    ┇    DeepKNLP.gner.trainer ┇ [training]  84%|████████████████▊   | 1240/1476 [0:09:54<0:01:53, 2.07Hz] | epoch=10.08, loss=0.016000
[02.12 19:17:48] ┇ INFO    ┇    DeepKNLP.gner.trainer ┇ [training]  84%|████████████████▊   | 1245/1476 [0:09:56<0:01:51, 2.07Hz] | epoch=10.12, loss=0.053600
[02.12 19:17:50] ┇ INFO    ┇    DeepKNLP.gner.trainer ┇ [training]  85%|████████████████▉   | 1250/1476 [0:09:57<0:01:48, 2.07Hz] | epoch=10.16, loss=0.072300
[02.12 19:17:51] ┇ INFO    ┇    DeepKNLP.gner.trainer ┇ [training]  85%|█████████████████   | 1255/1476 [0:09:59<0:01:46, 2.07Hz] | epoch=10.20, loss=0.053800
[02.12 19:17:53] ┇ INFO    ┇    DeepKNLP.gner.trainer ┇ [training]  85%|█████████████████   | 1260/1476 [0:10:00<0:01:44, 2.07Hz] | epoch=10.24, loss=0.058800
[02.12 19:17:54] ┇ INFO    ┇    DeepKNLP.gner.trainer ┇ [training]  86%|█████████████████▏  | 1265/1476 [0:10:02<0:01:41, 2.07Hz] | epoch=10.29, loss=0.038000
[02.12 19:17:56] ┇ INFO    ┇    DeepKNLP.gner.trainer ┇ [training]  86%|█████████████████▏  | 1270/1476 [0:10:03<0:01:39, 2.07Hz] | epoch=10.32, loss=0.038200
[02.12 19:17:57] ┇ INFO    ┇    DeepKNLP.gner.trainer ┇ [training]  86%|█████████████████▎  | 1275/1476 [0:10:05<0:01:36, 2.07Hz] | epoch=10.37, loss=0.037100
[02.12 19:17:59] ┇ INFO    ┇    DeepKNLP.gner.trainer ┇ [training]  87%|█████████████████▎  | 1280/1476 [0:10:07<0:01:27, 2.23Hz] | epoch=10.41, loss=0.031300
[02.12 19:18:01] ┇ INFO    ┇    DeepKNLP.gner.trainer ┇ [training]  87%|█████████████████▍  | 1285/1476 [0:10:08<0:01:25, 2.24Hz] | epoch=10.45, loss=0.056600
[02.12 19:18:02] ┇ INFO    ┇    DeepKNLP.gner.trainer ┇ [training]  87%|█████████████████▍  | 1290/1476 [0:10:10<0:01:22, 2.24Hz] | epoch=10.49, loss=0.042700
[02.12 19:18:03] ┇ INFO    ┇    DeepKNLP.gner.trainer ┇ [checking]   5%|▉                   |  1/21 [0:00:00<0:00:00, 95972.63Hz]
[02.12 19:18:13] ┇ INFO    ┇    DeepKNLP.gner.trainer ┇ [checking] 100%|████████████████████| 21/21 [0:00:07<0:00:00, 2.74Hz]
[02.12 19:18:13] ┇ INFO    ┇    DeepKNLP.gner.trainer ┇ [training]  88%|█████████████████▌  | 1292/1476 [0:10:20<0:01:28, 2.08Hz] | epoch=10.50, eval_average=0.7324
[02.12 19:18:14] ┇ INFO    ┇    DeepKNLP.gner.trainer ┇ [training]  88%|█████████████████▌  | 1295/1476 [0:10:21<0:01:27, 2.07Hz] | epoch=10.53, loss=0.035200
[02.12 19:18:15] ┇ INFO    ┇    DeepKNLP.gner.trainer ┇ [training]  88%|█████████████████▌  | 1300/1476 [0:10:23<0:01:24, 2.07Hz] | epoch=10.57, loss=0.027700
[02.12 19:18:17] ┇ INFO    ┇    DeepKNLP.gner.trainer ┇ [training]  88%|█████████████████▋  | 1305/1476 [0:10:25<0:01:22, 2.07Hz] | epoch=10.61, loss=0.063100
[02.12 19:18:19] ┇ INFO    ┇    DeepKNLP.gner.trainer ┇ [training]  89%|█████████████████▊  | 1310/1476 [0:10:26<0:01:20, 2.07Hz] | epoch=10.65, loss=0.064500
[02.12 19:18:20] ┇ INFO    ┇    DeepKNLP.gner.trainer ┇ [training]  89%|█████████████████▊  | 1315/1476 [0:10:28<0:01:17, 2.07Hz] | epoch=10.69, loss=0.072000
[02.12 19:18:22] ┇ INFO    ┇    DeepKNLP.gner.trainer ┇ [training]  89%|█████████████████▉  | 1320/1476 [0:10:29<0:01:15, 2.07Hz] | epoch=10.73, loss=0.057800
[02.12 19:18:23] ┇ INFO    ┇    DeepKNLP.gner.trainer ┇ [training]  90%|█████████████████▉  | 1325/1476 [0:10:31<0:01:12, 2.07Hz] | epoch=10.77, loss=0.030300
[02.12 19:18:25] ┇ INFO    ┇    DeepKNLP.gner.trainer ┇ [training]  90%|██████████████████  | 1330/1476 [0:10:32<0:01:10, 2.07Hz] | epoch=10.81, loss=0.027200
[02.12 19:18:26] ┇ INFO    ┇    DeepKNLP.gner.trainer ┇ [training]  90%|██████████████████  | 1335/1476 [0:10:34<0:01:08, 2.07Hz] | epoch=10.85, loss=0.053400
[02.12 19:18:28] ┇ INFO    ┇    DeepKNLP.gner.trainer ┇ [training]  91%|██████████████████▏ | 1340/1476 [0:10:35<0:01:05, 2.07Hz] | epoch=10.89, loss=0.030900
[02.12 19:18:29] ┇ INFO    ┇    DeepKNLP.gner.trainer ┇ [training]  91%|██████████████████▏ | 1345/1476 [0:10:37<0:00:58, 2.24Hz] | epoch=10.94, loss=0.039600
[02.12 19:18:31] ┇ INFO    ┇    DeepKNLP.gner.trainer ┇ [training]  91%|██████████████████▎ | 1350/1476 [0:10:39<0:00:56, 2.24Hz] | epoch=10.98, loss=0.067900
[02.12 19:18:32] ┇ INFO    ┇    DeepKNLP.gner.trainer ┇ [checking]   5%|▉                   |  1/21 [0:00:00<0:00:00, 95426.75Hz]
[02.12 19:18:42] ┇ INFO    ┇    DeepKNLP.gner.trainer ┇ [checking] 100%|████████████████████| 21/21 [0:00:07<0:00:00, 2.73Hz]
[02.12 19:18:42] ┇ INFO    ┇    DeepKNLP.gner.trainer ┇ [training]  92%|██████████████████▎ | 1353/1476 [0:10:50<0:00:59, 2.08Hz] | epoch=11.00, eval_average=0.7278
[02.12 19:18:43] ┇ INFO    ┇    DeepKNLP.gner.trainer ┇ [training]  92%|██████████████████▎ | 1355/1476 [0:10:50<0:00:58, 2.07Hz] | epoch=11.02, loss=0.060600
[02.12 19:18:44] ┇ INFO    ┇    DeepKNLP.gner.trainer ┇ [training]  92%|██████████████████▍ | 1360/1476 [0:10:52<0:00:56, 2.07Hz] | epoch=11.06, loss=0.050400
[02.12 19:18:46] ┇ INFO    ┇    DeepKNLP.gner.trainer ┇ [training]  92%|██████████████████▍ | 1365/1476 [0:10:53<0:00:53, 2.07Hz] | epoch=11.10, loss=0.031200
[02.12 19:18:47] ┇ INFO    ┇    DeepKNLP.gner.trainer ┇ [training]  93%|██████████████████▌ | 1370/1476 [0:10:55<0:00:51, 2.07Hz] | epoch=11.14, loss=0.026500
[02.12 19:18:49] ┇ INFO    ┇    DeepKNLP.gner.trainer ┇ [training]  93%|██████████████████▋ | 1375/1476 [0:10:57<0:00:48, 2.07Hz] | epoch=11.18, loss=0.032600
[02.12 19:18:51] ┇ INFO    ┇    DeepKNLP.gner.trainer ┇ [training]  93%|██████████████████▋ | 1380/1476 [0:10:58<0:00:46, 2.07Hz] | epoch=11.22, loss=0.024800
[02.12 19:18:52] ┇ INFO    ┇    DeepKNLP.gner.trainer ┇ [training]  94%|██████████████████▊ | 1385/1476 [0:11:00<0:00:43, 2.07Hz] | epoch=11.26, loss=0.062900
[02.12 19:18:54] ┇ INFO    ┇    DeepKNLP.gner.trainer ┇ [training]  94%|██████████████████▊ | 1390/1476 [0:11:01<0:00:41, 2.07Hz] | epoch=11.30, loss=0.051400
[02.12 19:18:55] ┇ INFO    ┇    DeepKNLP.gner.trainer ┇ [training]  95%|██████████████████▉ | 1395/1476 [0:11:03<0:00:39, 2.07Hz] | epoch=11.34, loss=0.037900
[02.12 19:18:57] ┇ INFO    ┇    DeepKNLP.gner.trainer ┇ [training]  95%|██████████████████▉ | 1400/1476 [0:11:04<0:00:36, 2.07Hz] | epoch=11.38, loss=0.033900
[02.12 19:18:58] ┇ INFO    ┇    DeepKNLP.gner.trainer ┇ [training]  95%|███████████████████ | 1405/1476 [0:11:06<0:00:31, 2.23Hz] | epoch=11.42, loss=0.036500
[02.12 19:19:00] ┇ INFO    ┇    DeepKNLP.gner.trainer ┇ [training]  96%|███████████████████ | 1410/1476 [0:11:07<0:00:29, 2.24Hz] | epoch=11.46, loss=0.044100
[02.12 19:19:02] ┇ INFO    ┇    DeepKNLP.gner.trainer ┇ [checking]   5%|▉                   |  1/21 [0:00:00<0:00:00, 96178.95Hz]
[02.12 19:19:11] ┇ INFO    ┇    DeepKNLP.gner.trainer ┇ [checking] 100%|████████████████████| 21/21 [0:00:07<0:00:00, 2.72Hz]
[02.12 19:19:11] ┇ INFO    ┇    DeepKNLP.gner.trainer ┇ [training]  96%|███████████████████▏| 1414/1476 [0:11:19<0:00:29, 2.08Hz] | epoch=11.50, eval_average=0.7302
[02.12 19:19:11] ┇ INFO    ┇    DeepKNLP.gner.trainer ┇ [training]  96%|███████████████████▏| 1415/1476 [0:11:19<0:00:29, 2.07Hz] | epoch=11.50, loss=0.046200
[02.12 19:19:13] ┇ INFO    ┇    DeepKNLP.gner.trainer ┇ [training]  96%|███████████████████▏| 1420/1476 [0:11:21<0:00:26, 2.07Hz] | epoch=11.54, loss=0.020800
[02.12 19:19:15] ┇ INFO    ┇    DeepKNLP.gner.trainer ┇ [training]  97%|███████████████████▎| 1425/1476 [0:11:22<0:00:24, 2.07Hz] | epoch=11.59, loss=0.036100
[02.12 19:19:16] ┇ INFO    ┇    DeepKNLP.gner.trainer ┇ [training]  97%|███████████████████▍| 1430/1476 [0:11:24<0:00:22, 2.07Hz] | epoch=11.63, loss=0.026100
[02.12 19:19:18] ┇ INFO    ┇    DeepKNLP.gner.trainer ┇ [training]  97%|███████████████████▍| 1435/1476 [0:11:25<0:00:19, 2.07Hz] | epoch=11.67, loss=0.035400
[02.12 19:19:19] ┇ INFO    ┇    DeepKNLP.gner.trainer ┇ [training]  98%|███████████████████▌| 1440/1476 [0:11:27<0:00:17, 2.07Hz] | epoch=11.71, loss=0.062900
[02.12 19:19:21] ┇ INFO    ┇    DeepKNLP.gner.trainer ┇ [training]  98%|███████████████████▌| 1445/1476 [0:11:28<0:00:14, 2.07Hz] | epoch=11.75, loss=0.044700
[02.12 19:19:22] ┇ INFO    ┇    DeepKNLP.gner.trainer ┇ [training]  98%|███████████████████▋| 1450/1476 [0:11:30<0:00:12, 2.07Hz] | epoch=11.79, loss=0.034400
[02.12 19:19:24] ┇ INFO    ┇    DeepKNLP.gner.trainer ┇ [training]  99%|███████████████████▋| 1455/1476 [0:11:31<0:00:10, 2.07Hz] | epoch=11.83, loss=0.038900
[02.12 19:19:25] ┇ INFO    ┇    DeepKNLP.gner.trainer ┇ [training]  99%|███████████████████▊| 1460/1476 [0:11:33<0:00:07, 2.07Hz] | epoch=11.87, loss=0.062300
[02.12 19:19:27] ┇ INFO    ┇    DeepKNLP.gner.trainer ┇ [training]  99%|███████████████████▊| 1465/1476 [0:11:35<0:00:04, 2.24Hz] | epoch=11.91, loss=0.058800
[02.12 19:19:29] ┇ INFO    ┇    DeepKNLP.gner.trainer ┇ [training] 100%|███████████████████▉| 1470/1476 [0:11:36<0:00:02, 2.24Hz] | epoch=11.95, loss=0.044200
[02.12 19:19:30] ┇ INFO    ┇    DeepKNLP.gner.trainer ┇ [training] 100%|███████████████████▉| 1475/1476 [0:11:38<0:00:00, 2.24Hz] | epoch=11.99, loss=0.041400
[02.12 19:19:31] ┇ INFO    ┇    DeepKNLP.gner.trainer ┇ [checking]   5%|▉                   |  1/21 [0:00:00<0:00:00, 90079.01Hz]
[02.12 19:19:40] ┇ INFO    ┇    DeepKNLP.gner.trainer ┇ [checking] 100%|████████████████████| 21/21 [0:00:07<0:00:00, 2.73Hz]
[02.12 19:19:40] ┇ INFO    ┇    DeepKNLP.gner.trainer ┇ [training] 100%|████████████████████| 1476/1476 [0:11:48<0:00:00, 2.08Hz] | epoch=12.00, eval_average=0.7450
[02.12 19:19:40] ┇ INFO    ┇    DeepKNLP.gner.trainer ┇ [training] 100%|████████████████████| 1476/1476 [0:11:48<0:00:00, 2.08Hz] | epoch=12.00, train_loss=0.1337, total_pflos=54.372
[02.12 19:19:40] ┇ INFO    ┇    DeepKNLP.gner.trainer ┇ -----------------------------------------------------------------------------------------------------------------------------------------
[02.12 19:19:40] ┇ INFO    ┇                 DeepKNLP ┇ Train output metrics: {'train_runtime': 708.5067, 'train_samples_per_second': 66.207, 'train_steps_per_second': 2.083, 'total_flos': 5.43716364255232e+16, 'train_loss': 0.13369996664000722, 'epoch': 12.0}
[02.12 19:19:41] ┇ INFO    ┇           chrisbase.data ┇ =========================================================================================================================================
[02.12 19:19:41] ┇ INFO    ┇           chrisbase.data ┇ [EXIT] python task2-nerG-trainer.py --local_rank=0 --trainer_deepspeed configs/deepspeed/ds2_t5.json --run_version FlanT5-1B-WQ=1 --pretrained google/flan-t5-large --eval_epochs 0.5 --logging_steps 5 --num_train_epochs 12 --per_device_eval_batch_size 50 --per_device_train_batch_size 8 --gradient_accumulation_steps 1 --generation_max_length 640 --eval_file data/gner/each-sampled-WQ=1/crossner_music-dev=100-WQ=1.jsonl --train_file data/gner/each-WQ=1/crossner_music-train-WQ=1.jsonl --output_file train-metrics-crossner_music-12ep.csv --logging_file train-loggings-crossner_music-12ep.out --no_use_flash_attention --no_debugging ($=00:12:24.166)
[02.12 19:19:41] ┇ INFO    ┇           chrisbase.data ┇ =========================================================================================================================================
[02.12 19:19:42] ┇ INFO    ┇ torch._inductor.remote_cache ┇ Cache Metrics: None

[02.12 19:19:42] ┇ INFO    ┇ torch._dynamo.eval_frame ┇ TorchDynamo attempted to trace the following frames: [

]
[02.12 19:19:42] ┇ INFO    ┇      torch._dynamo.utils ┇ TorchDynamo compilation metrics:
Function    Runtimes (s)
----------  --------------
[02.12 19:19:42] ┇ INFO    ┇ torch._subclasses.fake_tensor ┇ FakeTensor cache stats:
[02.12 19:19:42] ┇ INFO    ┇ torch._subclasses.fake_tensor ┇   cache_hits: 0
[02.12 19:19:42] ┇ INFO    ┇ torch._subclasses.fake_tensor ┇   cache_misses: 0
[02.12 19:19:42] ┇ INFO    ┇ torch._inductor.remote_cache ┇ Cache Metrics: None

[02.12 19:19:42] ┇ INFO    ┇ torch._dynamo.eval_frame ┇ TorchDynamo attempted to trace the following frames: [

]
[02.12 19:19:42] ┇ INFO    ┇      torch._dynamo.utils ┇ TorchDynamo compilation metrics:
Function    Runtimes (s)
----------  --------------
[02.12 19:19:42] ┇ INFO    ┇ torch._subclasses.fake_tensor ┇ FakeTensor cache stats:
[02.12 19:19:42] ┇ INFO    ┇ torch._subclasses.fake_tensor ┇   cache_hits: 0
[02.12 19:19:42] ┇ INFO    ┇ torch._subclasses.fake_tensor ┇   cache_misses: 0
[02.12 19:19:42] ┇ INFO    ┇ torch._inductor.remote_cache ┇ Cache Metrics: None

[02.12 19:19:42] ┇ INFO    ┇ torch._dynamo.eval_frame ┇ TorchDynamo attempted to trace the following frames: [

]
[02.12 19:19:42] ┇ INFO    ┇      torch._dynamo.utils ┇ TorchDynamo compilation metrics:
Function    Runtimes (s)
----------  --------------
[02.12 19:19:42] ┇ INFO    ┇ torch._inductor.remote_cache ┇ Cache Metrics: None

[02.12 19:19:42] ┇ INFO    ┇ torch._dynamo.eval_frame ┇ TorchDynamo attempted to trace the following frames: [

]
[02.12 19:19:42] ┇ INFO    ┇      torch._dynamo.utils ┇ TorchDynamo compilation metrics:
Function    Runtimes (s)
----------  --------------
[02.12 19:19:42] ┇ INFO    ┇ torch._subclasses.fake_tensor ┇ FakeTensor cache stats:
[02.12 19:19:42] ┇ INFO    ┇ torch._subclasses.fake_tensor ┇   cache_hits: 0
[02.12 19:19:42] ┇ INFO    ┇ torch._subclasses.fake_tensor ┇   cache_misses: 0
[02.12 19:19:42] ┇ INFO    ┇ torch._subclasses.fake_tensor ┇ FakeTensor cache stats:
[02.12 19:19:42] ┇ INFO    ┇ torch._subclasses.fake_tensor ┇   cache_hits: 0
[02.12 19:19:42] ┇ INFO    ┇ torch._subclasses.fake_tensor ┇   cache_misses: 0
