[02.12 13:46:36] ┇ INFO    ┇           chrisbase.data ┇ =========================================================================================================================================
[02.12 13:46:36] ┇ INFO    ┇           chrisbase.data ┇ [INIT] python task2-nerG-trainer.py --local_rank=0 --trainer_deepspeed configs/deepspeed/ds2_t5.json --run_version FlanT5-1B-WQ=1 --pretrained google/flan-t5-large --eval_epochs 0.5 --logging_steps 5 --num_train_epochs 12 --per_device_eval_batch_size 50 --per_device_train_batch_size 8 --gradient_accumulation_steps 1 --generation_max_length 640 --eval_file data/gner/each-sampled-WQ=1/crossner_ai-dev=100-WQ=1.jsonl --train_file data/gner/each-WQ=1/crossner_ai-train-WQ=1.jsonl --output_file train-metrics-crossner_ai-12ep.csv --logging_file train-loggings-crossner_ai-12ep.out --no_use_flash_attention --no_debugging
[02.12 13:46:36] ┇ INFO    ┇           chrisbase.data ┇ =========================================================================================================================================
[02.12 13:46:37] ┇ INFO    ┇           chrisbase.data ┇ -----------------------------------------------------------------------------------------------------------------------------------------
[02.12 13:46:37] ┇ INFO    ┇           chrisbase.data ┇   #	TrainingArgumentsForAccelerator              	value
[02.12 13:46:37] ┇ INFO    ┇           chrisbase.data ┇ -----------------------------------------------------------------------------------------------------------------------------------------
[02.12 13:46:37] ┇ INFO    ┇           chrisbase.data ┇   1	env.hostname                                 	dgx-a100
[02.12 13:46:37] ┇ INFO    ┇           chrisbase.data ┇   2	env.hostaddr                                 	129.254.23.12
[02.12 13:46:37] ┇ INFO    ┇           chrisbase.data ┇   3	env.global_rank                              	-1
[02.12 13:46:37] ┇ INFO    ┇           chrisbase.data ┇   4	env.local_rank                               	0
[02.12 13:46:37] ┇ INFO    ┇           chrisbase.data ┇   5	env.node_rank                                	-1
[02.12 13:46:37] ┇ INFO    ┇           chrisbase.data ┇   6	env.world_size                               	4
[02.12 13:46:37] ┇ INFO    ┇           chrisbase.data ┇   7	env.time_stamp                               	0212-134625
[02.12 13:46:37] ┇ INFO    ┇           chrisbase.data ┇   8	env.python_path                              	/raid/chrisjihee/miniforge3/envs/DeepKNLP/bin/python
[02.12 13:46:37] ┇ INFO    ┇           chrisbase.data ┇   9	env.current_dir                              	/raid/chrisjihee/proj/DeepKNLP
[02.12 13:46:37] ┇ INFO    ┇           chrisbase.data ┇  10	env.current_file                             	task2-nerG-trainer.py
[02.12 13:46:37] ┇ INFO    ┇           chrisbase.data ┇  11	env.command_args                             	['--local_rank=0', '--trainer_deepspeed', 'configs/deepspeed/ds2_t5.json', '--run_version', 'FlanT5-1B-WQ=1', '--pretrained', 'google/flan-t5-large', '--eval_epochs', '0.5', '--logging_steps', '5', '--num_train_epochs', '12', '--per_device_eval_batch_size', '50', '--per_device_train_batch_size', '8', '--gradient_accumulation_steps', '1', '--generation_max_length', '640', '--eval_file', 'data/gner/each-sampled-WQ=1/crossner_ai-dev=100-WQ=1.jsonl', '--train_file', 'data/gner/each-WQ=1/crossner_ai-train-WQ=1.jsonl', '--output_file', 'train-metrics-crossner_ai-12ep.csv', '--logging_file', 'train-loggings-crossner_ai-12ep.out', '--no_use_flash_attention', '--no_debugging']
[02.12 13:46:37] ┇ INFO    ┇           chrisbase.data ┇  12	env.output_home                              	output
[02.12 13:46:37] ┇ INFO    ┇           chrisbase.data ┇  13	env.output_name                              	GNER
[02.12 13:46:37] ┇ INFO    ┇           chrisbase.data ┇  14	env.run_version                              	FlanT5-1B-WQ=1
[02.12 13:46:37] ┇ INFO    ┇           chrisbase.data ┇  15	env.output_file                              	train-metrics-crossner_ai-12ep-0212-134625.csv
[02.12 13:46:37] ┇ INFO    ┇           chrisbase.data ┇  16	env.logging_file                             	train-loggings-crossner_ai-12ep-0212-134625.out
[02.12 13:46:37] ┇ INFO    ┇           chrisbase.data ┇  17	env.logging_level                            	30
[02.12 13:46:37] ┇ INFO    ┇           chrisbase.data ┇  18	env.logging_format                           	%(asctime)s ┇ %(levelname)-7s ┇ %(name)24s ┇ %(message)s
[02.12 13:46:37] ┇ INFO    ┇           chrisbase.data ┇  19	env.datetime_format                          	[%m.%d %H:%M:%S]
[02.12 13:46:37] ┇ INFO    ┇           chrisbase.data ┇  20	env.argument_file                            	train-arguments-0212-134625.json
[02.12 13:46:37] ┇ INFO    ┇           chrisbase.data ┇  21	env.random_seed                              	7
[02.12 13:46:37] ┇ INFO    ┇           chrisbase.data ┇  22	env.max_workers                              	4
[02.12 13:46:37] ┇ INFO    ┇           chrisbase.data ┇  23	env.debugging                                	False
[02.12 13:46:37] ┇ INFO    ┇           chrisbase.data ┇  24	env.output_dir                               	output/GNER/FlanT5-1B-WQ=1
[02.12 13:46:37] ┇ INFO    ┇           chrisbase.data ┇  25	time.t1                                      	2025-02-12 13:46:37.033802
[02.12 13:46:37] ┇ INFO    ┇           chrisbase.data ┇  26	time.t2                                      	2025-02-12 13:46:22.517921
[02.12 13:46:37] ┇ INFO    ┇           chrisbase.data ┇  27	time.started                                 	[02.12 13:46:37]
[02.12 13:46:37] ┇ INFO    ┇           chrisbase.data ┇  28	time.settled
[02.12 13:46:37] ┇ INFO    ┇           chrisbase.data ┇  29	time.elapsed
[02.12 13:46:37] ┇ INFO    ┇           chrisbase.data ┇  30	data.train_file                              	data/gner/each-WQ=1/crossner_ai-train-WQ=1.jsonl
[02.12 13:46:37] ┇ INFO    ┇           chrisbase.data ┇  31	data.study_file
[02.12 13:46:37] ┇ INFO    ┇           chrisbase.data ┇  32	data.eval_file                               	data/gner/each-sampled-WQ=1/crossner_ai-dev=100-WQ=1.jsonl
[02.12 13:46:37] ┇ INFO    ┇           chrisbase.data ┇  33	data.pred_file
[02.12 13:46:37] ┇ INFO    ┇           chrisbase.data ┇  34	data.pretrained                              	google/flan-t5-large
[02.12 13:46:37] ┇ INFO    ┇           chrisbase.data ┇  35	data.max_train_samples                       	-1
[02.12 13:46:37] ┇ INFO    ┇           chrisbase.data ┇  36	data.max_study_samples                       	-1
[02.12 13:46:37] ┇ INFO    ┇           chrisbase.data ┇  37	data.max_eval_samples                        	-1
[02.12 13:46:37] ┇ INFO    ┇           chrisbase.data ┇  38	data.max_pred_samples                        	-1
[02.12 13:46:37] ┇ INFO    ┇           chrisbase.data ┇  39	data.use_cache_data                          	False
[02.12 13:46:37] ┇ INFO    ┇           chrisbase.data ┇  40	data.progress_seconds                        	10.0
[02.12 13:46:37] ┇ INFO    ┇           chrisbase.data ┇  41	data.max_source_length                       	640
[02.12 13:46:37] ┇ INFO    ┇           chrisbase.data ┇  42	data.max_target_length                       	640
[02.12 13:46:37] ┇ INFO    ┇           chrisbase.data ┇  43	data.write_predictions                       	False
[02.12 13:46:37] ┇ INFO    ┇           chrisbase.data ┇  44	data.ignore_pad_token_for_loss               	True
[02.12 13:46:37] ┇ INFO    ┇           chrisbase.data ┇  45	train._n_gpu                                 	1
[02.12 13:46:37] ┇ INFO    ┇           chrisbase.data ┇  46	train.accelerator_config                     	{'split_batches': False, 'dispatch_batches': None, 'even_batches': True, 'use_seedable_sampler': True, 'non_blocking': False, 'gradient_accumulation_kwargs': None, 'use_configured_state': False}
[02.12 13:46:37] ┇ INFO    ┇           chrisbase.data ┇  47	train.adafactor                              	False
[02.12 13:46:37] ┇ INFO    ┇           chrisbase.data ┇  48	train.adam_beta1                             	0.9
[02.12 13:46:37] ┇ INFO    ┇           chrisbase.data ┇  49	train.adam_beta2                             	0.999
[02.12 13:46:37] ┇ INFO    ┇           chrisbase.data ┇  50	train.adam_epsilon                           	1e-08
[02.12 13:46:37] ┇ INFO    ┇           chrisbase.data ┇  51	train.auto_find_batch_size                   	False
[02.12 13:46:37] ┇ INFO    ┇           chrisbase.data ┇  52	train.average_tokens_across_devices          	False
[02.12 13:46:37] ┇ INFO    ┇           chrisbase.data ┇  53	train.batch_eval_metrics                     	False
[02.12 13:46:37] ┇ INFO    ┇           chrisbase.data ┇  54	train.bf16                                   	True
[02.12 13:46:37] ┇ INFO    ┇           chrisbase.data ┇  55	train.bf16_full_eval                         	True
[02.12 13:46:37] ┇ INFO    ┇           chrisbase.data ┇  56	train.data_seed
[02.12 13:46:37] ┇ INFO    ┇           chrisbase.data ┇  57	train.dataloader_drop_last                   	False
[02.12 13:46:37] ┇ INFO    ┇           chrisbase.data ┇  58	train.dataloader_num_workers                 	0
[02.12 13:46:37] ┇ INFO    ┇           chrisbase.data ┇  59	train.dataloader_persistent_workers          	False
[02.12 13:46:37] ┇ INFO    ┇           chrisbase.data ┇  60	train.dataloader_pin_memory                  	True
[02.12 13:46:37] ┇ INFO    ┇           chrisbase.data ┇  61	train.dataloader_prefetch_factor
[02.12 13:46:37] ┇ INFO    ┇           chrisbase.data ┇  62	train.ddp_backend
[02.12 13:46:37] ┇ INFO    ┇           chrisbase.data ┇  63	train.ddp_broadcast_buffers
[02.12 13:46:37] ┇ INFO    ┇           chrisbase.data ┇  64	train.ddp_bucket_cap_mb
[02.12 13:46:37] ┇ INFO    ┇           chrisbase.data ┇  65	train.ddp_find_unused_parameters
[02.12 13:46:37] ┇ INFO    ┇           chrisbase.data ┇  66	train.ddp_timeout                            	1800
[02.12 13:46:37] ┇ INFO    ┇           chrisbase.data ┇  67	train.debug                                  	[]
[02.12 13:46:37] ┇ INFO    ┇           chrisbase.data ┇  68	train.deepspeed                              	configs/deepspeed/ds2_t5.json
[02.12 13:46:37] ┇ INFO    ┇           chrisbase.data ┇  69	train.disable_tqdm                           	True
[02.12 13:46:37] ┇ INFO    ┇           chrisbase.data ┇  70	train.dispatch_batches
[02.12 13:46:37] ┇ INFO    ┇           chrisbase.data ┇  71	train.do_eval                                	True
[02.12 13:46:37] ┇ INFO    ┇           chrisbase.data ┇  72	train.do_predict                             	False
[02.12 13:46:37] ┇ INFO    ┇           chrisbase.data ┇  73	train.do_train                               	True
[02.12 13:46:37] ┇ INFO    ┇           chrisbase.data ┇  74	train.eval_accumulation_steps                	1
[02.12 13:46:37] ┇ INFO    ┇           chrisbase.data ┇  75	train.eval_delay                             	0.0
[02.12 13:46:37] ┇ INFO    ┇           chrisbase.data ┇  76	train.eval_do_concat_batches                 	True
[02.12 13:46:37] ┇ INFO    ┇           chrisbase.data ┇  77	train.eval_epochs                            	0.5
[02.12 13:46:37] ┇ INFO    ┇           chrisbase.data ┇  78	train.eval_on_start                          	False
[02.12 13:46:37] ┇ INFO    ┇           chrisbase.data ┇  79	train.eval_steps                             	9223372036854775807
[02.12 13:46:37] ┇ INFO    ┇           chrisbase.data ┇  80	train.eval_strategy                          	IntervalStrategy.NO
[02.12 13:46:37] ┇ INFO    ┇           chrisbase.data ┇  81	train.eval_use_gather_object                 	False
[02.12 13:46:37] ┇ INFO    ┇           chrisbase.data ┇  82	train.evaluation_strategy
[02.12 13:46:37] ┇ INFO    ┇           chrisbase.data ┇  83	train.fp16                                   	False
[02.12 13:46:37] ┇ INFO    ┇           chrisbase.data ┇  84	train.fp16_backend                           	auto
[02.12 13:46:37] ┇ INFO    ┇           chrisbase.data ┇  85	train.fp16_full_eval                         	False
[02.12 13:46:37] ┇ INFO    ┇           chrisbase.data ┇  86	train.fp16_opt_level                         	O1
[02.12 13:46:37] ┇ INFO    ┇           chrisbase.data ┇  87	train.fsdp                                   	[]
[02.12 13:46:37] ┇ INFO    ┇           chrisbase.data ┇  88	train.fsdp_config                            	{'min_num_params': 0, 'xla': False, 'xla_fsdp_v2': False, 'xla_fsdp_grad_ckpt': False}
[02.12 13:46:37] ┇ INFO    ┇           chrisbase.data ┇  89	train.fsdp_min_num_params                    	0
[02.12 13:46:37] ┇ INFO    ┇           chrisbase.data ┇  90	train.fsdp_transformer_layer_cls_to_wrap
[02.12 13:46:37] ┇ INFO    ┇           chrisbase.data ┇  91	train.full_determinism                       	False
[02.12 13:46:37] ┇ INFO    ┇           chrisbase.data ┇  92	train.generation_config
[02.12 13:46:37] ┇ INFO    ┇           chrisbase.data ┇  93	train.generation_max_length                  	640
[02.12 13:46:37] ┇ INFO    ┇           chrisbase.data ┇  94	train.generation_num_beams
[02.12 13:46:37] ┇ INFO    ┇           chrisbase.data ┇  95	train.gradient_accumulation_steps            	1
[02.12 13:46:37] ┇ INFO    ┇           chrisbase.data ┇  96	train.gradient_checkpointing                 	True
[02.12 13:46:37] ┇ INFO    ┇           chrisbase.data ┇  97	train.gradient_checkpointing_kwargs
[02.12 13:46:37] ┇ INFO    ┇           chrisbase.data ┇  98	train.greater_is_better
[02.12 13:46:37] ┇ INFO    ┇           chrisbase.data ┇  99	train.group_by_length                        	False
[02.12 13:46:37] ┇ INFO    ┇           chrisbase.data ┇ 100	train.half_precision_backend                 	auto
[02.12 13:46:37] ┇ INFO    ┇           chrisbase.data ┇ 101	train.hub_always_push                        	False
[02.12 13:46:37] ┇ INFO    ┇           chrisbase.data ┇ 102	train.hub_model_id
[02.12 13:46:37] ┇ INFO    ┇           chrisbase.data ┇ 103	train.hub_private_repo
[02.12 13:46:37] ┇ INFO    ┇           chrisbase.data ┇ 104	train.hub_strategy                           	HubStrategy.EVERY_SAVE
[02.12 13:46:37] ┇ INFO    ┇           chrisbase.data ┇ 105	train.hub_token
[02.12 13:46:37] ┇ INFO    ┇           chrisbase.data ┇ 106	train.ignore_data_skip                       	False
[02.12 13:46:37] ┇ INFO    ┇           chrisbase.data ┇ 107	train.include_for_metrics                    	[]
[02.12 13:46:37] ┇ INFO    ┇           chrisbase.data ┇ 108	train.include_inputs_for_metrics             	False
[02.12 13:46:37] ┇ INFO    ┇           chrisbase.data ┇ 109	train.include_num_input_tokens_seen          	False
[02.12 13:46:37] ┇ INFO    ┇           chrisbase.data ┇ 110	train.include_tokens_per_second              	False
[02.12 13:46:37] ┇ INFO    ┇           chrisbase.data ┇ 111	train.jit_mode_eval                          	False
[02.12 13:46:37] ┇ INFO    ┇           chrisbase.data ┇ 112	train.label_names
[02.12 13:46:37] ┇ INFO    ┇           chrisbase.data ┇ 113	train.label_smoothing_factor                 	0.0
[02.12 13:46:37] ┇ INFO    ┇           chrisbase.data ┇ 114	train.learning_rate                          	2e-05
[02.12 13:46:37] ┇ INFO    ┇           chrisbase.data ┇ 115	train.length_column_name                     	length
[02.12 13:46:37] ┇ INFO    ┇           chrisbase.data ┇ 116	train.load_best_model_at_end                 	False
[02.12 13:46:37] ┇ INFO    ┇           chrisbase.data ┇ 117	train.local_rank                             	0
[02.12 13:46:37] ┇ INFO    ┇           chrisbase.data ┇ 118	train.log_level                              	warning
[02.12 13:46:37] ┇ INFO    ┇           chrisbase.data ┇ 119	train.log_level_replica                      	error
[02.12 13:46:37] ┇ INFO    ┇           chrisbase.data ┇ 120	train.log_on_each_node                       	True
[02.12 13:46:37] ┇ INFO    ┇           chrisbase.data ┇ 121	train.logging_dir                            	output/GNER/FlanT5-1B-WQ=1/runs/Feb12_13-46-33_dgx-a100
[02.12 13:46:37] ┇ INFO    ┇           chrisbase.data ┇ 122	train.logging_epochs                         	-1.0
[02.12 13:46:37] ┇ INFO    ┇           chrisbase.data ┇ 123	train.logging_first_step                     	False
[02.12 13:46:37] ┇ INFO    ┇           chrisbase.data ┇ 124	train.logging_nan_inf_filter                 	True
[02.12 13:46:37] ┇ INFO    ┇           chrisbase.data ┇ 125	train.logging_steps                          	5
[02.12 13:46:37] ┇ INFO    ┇           chrisbase.data ┇ 126	train.logging_strategy                       	IntervalStrategy.STEPS
[02.12 13:46:37] ┇ INFO    ┇           chrisbase.data ┇ 127	train.lr_scheduler_kwargs                    	{}
[02.12 13:46:37] ┇ INFO    ┇           chrisbase.data ┇ 128	train.lr_scheduler_type                      	SchedulerType.COSINE
[02.12 13:46:37] ┇ INFO    ┇           chrisbase.data ┇ 129	train.max_grad_norm                          	1.0
[02.12 13:46:37] ┇ INFO    ┇           chrisbase.data ┇ 130	train.max_steps                              	-1
[02.12 13:46:37] ┇ INFO    ┇           chrisbase.data ┇ 131	train.metric_for_best_model
[02.12 13:46:37] ┇ INFO    ┇           chrisbase.data ┇ 132	train.mp_parameters
[02.12 13:46:37] ┇ INFO    ┇           chrisbase.data ┇ 133	train.neftune_noise_alpha
[02.12 13:46:37] ┇ INFO    ┇           chrisbase.data ┇ 134	train.no_cuda                                	False
[02.12 13:46:37] ┇ INFO    ┇           chrisbase.data ┇ 135	train.num_train_epochs                       	12.0
[02.12 13:46:37] ┇ INFO    ┇           chrisbase.data ┇ 136	train.optim                                  	OptimizerNames.ADAMW_TORCH
[02.12 13:46:37] ┇ INFO    ┇           chrisbase.data ┇ 137	train.optim_args
[02.12 13:46:37] ┇ INFO    ┇           chrisbase.data ┇ 138	train.optim_target_modules
[02.12 13:46:37] ┇ INFO    ┇           chrisbase.data ┇ 139	train.output_dir                             	output/GNER/FlanT5-1B-WQ=1
[02.12 13:46:37] ┇ INFO    ┇           chrisbase.data ┇ 140	train.overwrite_output_dir                   	True
[02.12 13:46:37] ┇ INFO    ┇           chrisbase.data ┇ 141	train.past_index                             	-1
[02.12 13:46:37] ┇ INFO    ┇           chrisbase.data ┇ 142	train.per_device_eval_batch_size             	50
[02.12 13:46:37] ┇ INFO    ┇           chrisbase.data ┇ 143	train.per_device_train_batch_size            	8
[02.12 13:46:37] ┇ INFO    ┇           chrisbase.data ┇ 144	train.per_gpu_eval_batch_size
[02.12 13:46:37] ┇ INFO    ┇           chrisbase.data ┇ 145	train.per_gpu_train_batch_size
[02.12 13:46:37] ┇ INFO    ┇           chrisbase.data ┇ 146	train.predict_with_generate                  	True
[02.12 13:46:37] ┇ INFO    ┇           chrisbase.data ┇ 147	train.prediction_loss_only                   	False
[02.12 13:46:37] ┇ INFO    ┇           chrisbase.data ┇ 148	train.push_to_hub                            	False
[02.12 13:46:37] ┇ INFO    ┇           chrisbase.data ┇ 149	train.push_to_hub_model_id
[02.12 13:46:37] ┇ INFO    ┇           chrisbase.data ┇ 150	train.push_to_hub_organization
[02.12 13:46:37] ┇ INFO    ┇           chrisbase.data ┇ 151	train.push_to_hub_token
[02.12 13:46:37] ┇ INFO    ┇           chrisbase.data ┇ 152	train.ray_scope                              	last
[02.12 13:46:37] ┇ INFO    ┇           chrisbase.data ┇ 153	train.remove_unused_columns                  	False
[02.12 13:46:37] ┇ INFO    ┇           chrisbase.data ┇ 154	train.report_to                              	[]
[02.12 13:46:37] ┇ INFO    ┇           chrisbase.data ┇ 155	train.restore_callback_states_from_checkpoint	False
[02.12 13:46:37] ┇ INFO    ┇           chrisbase.data ┇ 156	train.resume_from_checkpoint
[02.12 13:46:37] ┇ INFO    ┇           chrisbase.data ┇ 157	train.run_name                               	output/GNER/FlanT5-1B-WQ=1
[02.12 13:46:37] ┇ INFO    ┇           chrisbase.data ┇ 158	train.save_epochs                            	-1.0
[02.12 13:46:37] ┇ INFO    ┇           chrisbase.data ┇ 159	train.save_on_each_node                      	False
[02.12 13:46:37] ┇ INFO    ┇           chrisbase.data ┇ 160	train.save_only_model                        	False
[02.12 13:46:37] ┇ INFO    ┇           chrisbase.data ┇ 161	train.save_safetensors                       	True
[02.12 13:46:37] ┇ INFO    ┇           chrisbase.data ┇ 162	train.save_steps                             	9223372036854775807
[02.12 13:46:37] ┇ INFO    ┇           chrisbase.data ┇ 163	train.save_strategy                          	SaveStrategy.NO
[02.12 13:46:37] ┇ INFO    ┇           chrisbase.data ┇ 164	train.save_total_limit
[02.12 13:46:37] ┇ INFO    ┇           chrisbase.data ┇ 165	train.seed                                   	7
[02.12 13:46:37] ┇ INFO    ┇           chrisbase.data ┇ 166	train.skip_memory_metrics                    	True
[02.12 13:46:37] ┇ INFO    ┇           chrisbase.data ┇ 167	train.sortish_sampler                        	False
[02.12 13:46:37] ┇ INFO    ┇           chrisbase.data ┇ 168	train.split_batches
[02.12 13:46:37] ┇ INFO    ┇           chrisbase.data ┇ 169	train.tf32                                   	True
[02.12 13:46:37] ┇ INFO    ┇           chrisbase.data ┇ 170	train.torch_compile                          	False
[02.12 13:46:37] ┇ INFO    ┇           chrisbase.data ┇ 171	train.torch_compile_backend
[02.12 13:46:37] ┇ INFO    ┇           chrisbase.data ┇ 172	train.torch_compile_mode
[02.12 13:46:37] ┇ INFO    ┇           chrisbase.data ┇ 173	train.torch_empty_cache_steps
[02.12 13:46:37] ┇ INFO    ┇           chrisbase.data ┇ 174	train.torchdynamo
[02.12 13:46:37] ┇ INFO    ┇           chrisbase.data ┇ 175	train.tpu_metrics_debug                      	False
[02.12 13:46:37] ┇ INFO    ┇           chrisbase.data ┇ 176	train.tpu_num_cores
[02.12 13:46:37] ┇ INFO    ┇           chrisbase.data ┇ 177	train.use_cpu                                	False
[02.12 13:46:37] ┇ INFO    ┇           chrisbase.data ┇ 178	train.use_flash_attention                    	False
[02.12 13:46:37] ┇ INFO    ┇           chrisbase.data ┇ 179	train.use_ipex                               	False
[02.12 13:46:37] ┇ INFO    ┇           chrisbase.data ┇ 180	train.use_legacy_prediction_loop             	False
[02.12 13:46:37] ┇ INFO    ┇           chrisbase.data ┇ 181	train.use_liger_kernel                       	False
[02.12 13:46:37] ┇ INFO    ┇           chrisbase.data ┇ 182	train.use_mps_device                         	False
[02.12 13:46:37] ┇ INFO    ┇           chrisbase.data ┇ 183	train.warmup_ratio                           	0.04
[02.12 13:46:37] ┇ INFO    ┇           chrisbase.data ┇ 184	train.warmup_steps                           	0
[02.12 13:46:37] ┇ INFO    ┇           chrisbase.data ┇ 185	train.weight_decay                           	0.0
[02.12 13:46:37] ┇ INFO    ┇           chrisbase.data ┇ -----------------------------------------------------------------------------------------------------------------------------------------
[02.12 13:46:38] ┇ INFO    ┇                 DeepKNLP ┇ model type: <class 'transformers.models.t5.modeling_t5.T5ForConditionalGeneration'>
[02.12 13:46:38] ┇ INFO    ┇                 DeepKNLP ┇ model pad_token_id: 0
[02.12 13:46:39] ┇ INFO    ┇                 DeepKNLP ┇ Loaded raw train_dataset (#=3782): data/gner/each-WQ=1/crossner_ai-train-WQ=1.jsonl
[02.12 13:46:39] ┇ INFO    ┇                 DeepKNLP ┇ Preprocess train_dataset:   0%|                    |    4/3782 [0:00:00<0:03:11, 19.73Hz]
[02.12 13:46:39] ┇ INFO    ┇                 DeepKNLP ┇ Preprocess train_dataset: 100%|████████████████████| 3782/3782 [0:00:00<0:00:00, 6154.87Hz]
[02.12 13:46:40] ┇ INFO    ┇                 DeepKNLP ┇ Completed preprocessing for train_dataset by google/flan-t5-large at [02.12 13:46:39]
[02.12 13:46:40] ┇ INFO    ┇                 DeepKNLP ┇ Loaded raw eval_dataset (#=3242): data/gner/each-sampled-WQ=1/crossner_ai-dev=100-WQ=1.jsonl
[02.12 13:46:40] ┇ INFO    ┇                 DeepKNLP ┇ Preprocess eval_dataset:   0%|                    |    4/3242 [0:00:00<0:02:58, 18.14Hz]
[02.12 13:46:41] ┇ INFO    ┇                 DeepKNLP ┇ Preprocess eval_dataset: 100%|████████████████████| 3242/3242 [0:00:00<0:00:00, 6049.42Hz]
[02.12 13:46:41] ┇ INFO    ┇                 DeepKNLP ┇ Completed preprocessing for eval_dataset by google/flan-t5-large at [02.12 13:46:41]
[02.12 13:46:55] ┇ INFO    ┇ torch.distributed.distributed_c10d ┇ Using backend config: {'cuda': 'nccl'}
[02.12 13:46:55] ┇ INFO    ┇ torch.distributed.distributed_c10d ┇ Using backend config: {'cuda': 'nccl'}
[02.12 13:46:55] ┇ INFO    ┇ torch.distributed.distributed_c10d ┇ Using backend config: {'cuda': 'nccl'}
[02.12 13:46:55] ┇ INFO    ┇ torch.distributed.distributed_c10d ┇ Using backend config: {'cuda': 'nccl'}
[02.12 13:47:12] ┇ WARNING ┇                DeepSpeed ┇ Attempting to get learning rate from scheduler before it has started
[02.12 13:47:12] ┇ INFO    ┇    DeepKNLP.gner.trainer ┇ -----------------------------------------------------------------------------------------------------------------------------------------
[02.12 13:47:12] ┇ INFO    ┇    DeepKNLP.gner.trainer ┇ ***** Beginning Training *****
[02.12 13:47:12] ┇ INFO    ┇    DeepKNLP.gner.trainer ┇ >> Train Epochs       = 12.0
[02.12 13:47:12] ┇ INFO    ┇    DeepKNLP.gner.trainer ┇ >> Train Examples     = 3,782
[02.12 13:47:12] ┇ INFO    ┇    DeepKNLP.gner.trainer ┇ >> Train Batch Size   = 32 = 8 * 1 * 4
[02.12 13:47:12] ┇ INFO    ┇    DeepKNLP.gner.trainer ┇ >> Train Optim Steps  = 1,428 = 119 * 12.0
[02.12 13:47:12] ┇ INFO    ┇    DeepKNLP.gner.trainer ┇ >> Train Model Params = 783,150,080
[02.12 13:47:12] ┇ INFO    ┇    DeepKNLP.gner.trainer ┇ >> Trainer Callbacks  = DefaultFlowCallback, CustomProgressCallback
[02.12 13:47:12] ┇ INFO    ┇    DeepKNLP.gner.trainer ┇ >> Zero Optim Stage   = 2
[02.12 13:47:12] ┇ INFO    ┇    DeepKNLP.gner.trainer ┇ >> Eval Examples      = 3,242
[02.12 13:47:12] ┇ INFO    ┇    DeepKNLP.gner.trainer ┇ >> Eval Batch Size    = 200 = 50 * 4
[02.12 13:47:15] ┇ INFO    ┇    DeepKNLP.gner.trainer ┇ [training]   0%|                    |    5/1428 [0:00:03<0:16:31, 1.43Hz] | epoch=0.04, loss=2.416200
[02.12 13:47:18] ┇ INFO    ┇    DeepKNLP.gner.trainer ┇ [training]   1%|▏                   |   10/1428 [0:00:06<0:15:10, 1.56Hz] | epoch=0.08, loss=2.207400
[02.12 13:47:20] ┇ INFO    ┇    DeepKNLP.gner.trainer ┇ [training]   1%|▏                   |   15/1428 [0:00:08<0:13:45, 1.71Hz] | epoch=0.13, loss=1.432800
[02.12 13:47:22] ┇ INFO    ┇    DeepKNLP.gner.trainer ┇ [training]   1%|▎                   |   20/1428 [0:00:10<0:12:09, 1.93Hz] | epoch=0.17, loss=1.025200
[02.12 13:47:23] ┇ INFO    ┇    DeepKNLP.gner.trainer ┇ [training]   2%|▎                   |   25/1428 [0:00:11<0:11:10, 2.09Hz] | epoch=0.21, loss=0.723500
[02.12 13:47:25] ┇ INFO    ┇    DeepKNLP.gner.trainer ┇ [training]   2%|▍                   |   30/1428 [0:00:13<0:10:30, 2.22Hz] | epoch=0.25, loss=0.674500
[02.12 13:47:27] ┇ INFO    ┇    DeepKNLP.gner.trainer ┇ [training]   2%|▍                   |   35/1428 [0:00:15<0:10:01, 2.32Hz] | epoch=0.29, loss=0.580500
[02.12 13:47:28] ┇ INFO    ┇    DeepKNLP.gner.trainer ┇ [training]   3%|▌                   |   40/1428 [0:00:16<0:09:38, 2.40Hz] | epoch=0.34, loss=0.513600
[02.12 13:47:30] ┇ INFO    ┇    DeepKNLP.gner.trainer ┇ [training]   3%|▋                   |   45/1428 [0:00:18<0:09:21, 2.46Hz] | epoch=0.38, loss=0.481700
[02.12 13:47:31] ┇ INFO    ┇    DeepKNLP.gner.trainer ┇ [training]   4%|▋                   |   50/1428 [0:00:19<0:09:06, 2.52Hz] | epoch=0.42, loss=0.401800
[02.12 13:47:33] ┇ INFO    ┇    DeepKNLP.gner.trainer ┇ [training]   4%|▊                   |   55/1428 [0:00:21<0:08:55, 2.57Hz] | epoch=0.46, loss=0.368800
[02.12 13:47:35] ┇ INFO    ┇    DeepKNLP.gner.trainer ┇ [training]   4%|▊                   |   60/1428 [0:00:23<0:08:44, 2.61Hz] | epoch=0.50, loss=0.443000
[02.12 13:47:36] ┇ INFO    ┇    DeepKNLP.gner.trainer ┇ [checking]   6%|█▏                  |  1/17 [0:00:00<0:00:00, 29054.60Hz]
[02.12 13:47:43] ┇ INFO    ┇    DeepKNLP.gner.trainer ┇ [checking] 100%|████████████████████| 17/17 [0:00:05<0:00:00, 3.07Hz]
[02.12 13:47:43] ┇ INFO    ┇    DeepKNLP.gner.trainer ┇ [training]   4%|▊                   |   60/1428 [0:00:23<0:08:44, 2.61Hz] | epoch=0.50, eval_average=0.2078
[02.12 13:47:45] ┇ INFO    ┇    DeepKNLP.gner.trainer ┇ [training]   5%|▉                   |   65/1428 [0:00:33<0:11:38, 1.95Hz] | epoch=0.55, loss=0.362300
[02.12 13:47:46] ┇ INFO    ┇    DeepKNLP.gner.trainer ┇ [training]   5%|▉                   |   70/1428 [0:00:34<0:11:16, 2.01Hz] | epoch=0.59, loss=0.375800
[02.12 13:47:48] ┇ INFO    ┇    DeepKNLP.gner.trainer ┇ [training]   5%|█                   |   75/1428 [0:00:36<0:10:57, 2.06Hz] | epoch=0.63, loss=0.379700
[02.12 13:47:50] ┇ INFO    ┇    DeepKNLP.gner.trainer ┇ [training]   6%|█                   |   80/1428 [0:00:38<0:10:40, 2.10Hz] | epoch=0.67, loss=0.285700
[02.12 13:47:51] ┇ INFO    ┇    DeepKNLP.gner.trainer ┇ [training]   6%|█▏                  |   85/1428 [0:00:39<0:10:25, 2.15Hz] | epoch=0.71, loss=0.301700
[02.12 13:47:53] ┇ INFO    ┇    DeepKNLP.gner.trainer ┇ [training]   6%|█▎                  |   90/1428 [0:00:41<0:10:12, 2.18Hz] | epoch=0.76, loss=0.363000
[02.12 13:47:54] ┇ INFO    ┇    DeepKNLP.gner.trainer ┇ [training]   7%|█▎                  |   95/1428 [0:00:42<0:10:00, 2.22Hz] | epoch=0.80, loss=0.359700
[02.12 13:47:56] ┇ INFO    ┇    DeepKNLP.gner.trainer ┇ [training]   7%|█▍                  |  100/1428 [0:00:44<0:09:49, 2.25Hz] | epoch=0.84, loss=0.292800
[02.12 13:47:57] ┇ INFO    ┇    DeepKNLP.gner.trainer ┇ [training]   7%|█▍                  |  105/1428 [0:00:45<0:09:38, 2.29Hz] | epoch=0.88, loss=0.321200
[02.12 13:47:59] ┇ INFO    ┇    DeepKNLP.gner.trainer ┇ [training]   8%|█▌                  |  110/1428 [0:00:47<0:09:29, 2.32Hz] | epoch=0.92, loss=0.329300
[02.12 13:48:01] ┇ INFO    ┇    DeepKNLP.gner.trainer ┇ [training]   8%|█▌                  |  115/1428 [0:00:49<0:09:20, 2.34Hz] | epoch=0.97, loss=0.296900
[02.12 13:48:02] ┇ INFO    ┇    DeepKNLP.gner.trainer ┇ [checking]   6%|█▏                  |  1/17 [0:00:00<0:00:00, 78466.96Hz]
[02.12 13:48:09] ┇ INFO    ┇    DeepKNLP.gner.trainer ┇ [checking] 100%|████████████████████| 17/17 [0:00:05<0:00:00, 2.91Hz]
[02.12 13:48:09] ┇ INFO    ┇    DeepKNLP.gner.trainer ┇ [training]   8%|█▋                  |  119/1428 [0:00:57<0:10:37, 2.05Hz] | epoch=1.00, eval_average=0.2373
[02.12 13:48:10] ┇ INFO    ┇    DeepKNLP.gner.trainer ┇ [training]   8%|█▋                  |  120/1428 [0:00:58<0:10:38, 2.05Hz] | epoch=1.01, loss=0.263600
[02.12 13:48:12] ┇ INFO    ┇    DeepKNLP.gner.trainer ┇ [training]   9%|█▊                  |  125/1428 [0:01:00<0:10:26, 2.08Hz] | epoch=1.05, loss=0.365200
[02.12 13:48:13] ┇ INFO    ┇    DeepKNLP.gner.trainer ┇ [training]   9%|█▊                  |  130/1428 [0:01:01<0:10:15, 2.11Hz] | epoch=1.09, loss=0.259300
[02.12 13:48:15] ┇ INFO    ┇    DeepKNLP.gner.trainer ┇ [training]   9%|█▉                  |  135/1428 [0:01:03<0:10:05, 2.13Hz] | epoch=1.13, loss=0.248500
[02.12 13:48:16] ┇ INFO    ┇    DeepKNLP.gner.trainer ┇ [training]  10%|█▉                  |  140/1428 [0:01:04<0:09:56, 2.16Hz] | epoch=1.18, loss=0.321800
[02.12 13:48:18] ┇ INFO    ┇    DeepKNLP.gner.trainer ┇ [training]  10%|██                  |  145/1428 [0:01:06<0:09:47, 2.18Hz] | epoch=1.22, loss=0.267800
[02.12 13:48:19] ┇ INFO    ┇    DeepKNLP.gner.trainer ┇ [training]  11%|██                  |  150/1428 [0:01:07<0:09:38, 2.21Hz] | epoch=1.26, loss=0.199000
[02.12 13:48:21] ┇ INFO    ┇    DeepKNLP.gner.trainer ┇ [training]  11%|██▏                 |  155/1428 [0:01:09<0:09:30, 2.23Hz] | epoch=1.30, loss=0.282800
[02.12 13:48:23] ┇ INFO    ┇    DeepKNLP.gner.trainer ┇ [training]  11%|██▏                 |  160/1428 [0:01:11<0:09:23, 2.25Hz] | epoch=1.34, loss=0.220600
[02.12 13:48:24] ┇ INFO    ┇    DeepKNLP.gner.trainer ┇ [training]  12%|██▎                 |  165/1428 [0:01:12<0:09:16, 2.27Hz] | epoch=1.39, loss=0.222000
[02.12 13:48:26] ┇ INFO    ┇    DeepKNLP.gner.trainer ┇ [training]  12%|██▍                 |  170/1428 [0:01:14<0:09:09, 2.29Hz] | epoch=1.43, loss=0.227700
[02.12 13:48:27] ┇ INFO    ┇    DeepKNLP.gner.trainer ┇ [training]  12%|██▍                 |  175/1428 [0:01:15<0:09:02, 2.31Hz] | epoch=1.47, loss=0.277800
[02.12 13:48:29] ┇ INFO    ┇    DeepKNLP.gner.trainer ┇ [checking]   6%|█▏                  |  1/17 [0:00:00<0:00:00, 43726.25Hz]
[02.12 13:48:36] ┇ INFO    ┇    DeepKNLP.gner.trainer ┇ [checking] 100%|████████████████████| 17/17 [0:00:05<0:00:00, 3.06Hz]
[02.12 13:48:36] ┇ INFO    ┇    DeepKNLP.gner.trainer ┇ [training]  12%|██▍                 |  178/1428 [0:01:24<0:09:50, 2.12Hz] | epoch=1.50, eval_average=0.2953
[02.12 13:48:36] ┇ INFO    ┇    DeepKNLP.gner.trainer ┇ [training]  13%|██▌                 |  180/1428 [0:01:24<0:09:47, 2.13Hz] | epoch=1.51, loss=0.265100
[02.12 13:48:38] ┇ INFO    ┇    DeepKNLP.gner.trainer ┇ [training]  13%|██▌                 |  185/1428 [0:01:26<0:09:39, 2.14Hz] | epoch=1.55, loss=0.174200
[02.12 13:48:39] ┇ INFO    ┇    DeepKNLP.gner.trainer ┇ [training]  13%|██▋                 |  190/1428 [0:01:27<0:09:32, 2.16Hz] | epoch=1.60, loss=0.185000
[02.12 13:48:41] ┇ INFO    ┇    DeepKNLP.gner.trainer ┇ [training]  14%|██▋                 |  195/1428 [0:01:29<0:09:25, 2.18Hz] | epoch=1.64, loss=0.236700
[02.12 13:48:43] ┇ INFO    ┇    DeepKNLP.gner.trainer ┇ [training]  14%|██▊                 |  200/1428 [0:01:30<0:09:18, 2.20Hz] | epoch=1.68, loss=0.212500
[02.12 13:48:44] ┇ INFO    ┇    DeepKNLP.gner.trainer ┇ [training]  14%|██▊                 |  205/1428 [0:01:32<0:09:12, 2.21Hz] | epoch=1.72, loss=0.172200
[02.12 13:48:46] ┇ INFO    ┇    DeepKNLP.gner.trainer ┇ [training]  15%|██▉                 |  210/1428 [0:01:34<0:09:05, 2.23Hz] | epoch=1.76, loss=0.234500
[02.12 13:48:47] ┇ INFO    ┇    DeepKNLP.gner.trainer ┇ [training]  15%|███                 |  215/1428 [0:01:35<0:08:59, 2.25Hz] | epoch=1.81, loss=0.211900
[02.12 13:48:49] ┇ INFO    ┇    DeepKNLP.gner.trainer ┇ [training]  15%|███                 |  220/1428 [0:01:37<0:08:54, 2.26Hz] | epoch=1.85, loss=0.222200
[02.12 13:48:50] ┇ INFO    ┇    DeepKNLP.gner.trainer ┇ [training]  16%|███▏                |  225/1428 [0:01:38<0:08:48, 2.28Hz] | epoch=1.89, loss=0.198900
[02.12 13:48:52] ┇ INFO    ┇    DeepKNLP.gner.trainer ┇ [training]  16%|███▏                |  230/1428 [0:01:40<0:08:43, 2.29Hz] | epoch=1.93, loss=0.253200
[02.12 13:48:54] ┇ INFO    ┇    DeepKNLP.gner.trainer ┇ [training]  16%|███▎                |  235/1428 [0:01:41<0:08:37, 2.30Hz] | epoch=1.98, loss=0.214900
[02.12 13:48:55] ┇ INFO    ┇    DeepKNLP.gner.trainer ┇ [checking]   6%|█▏                  |  1/17 [0:00:00<0:00:00, 74710.68Hz]
[02.12 13:49:02] ┇ INFO    ┇    DeepKNLP.gner.trainer ┇ [checking] 100%|████████████████████| 17/17 [0:00:05<0:00:00, 3.06Hz]
[02.12 13:49:02] ┇ INFO    ┇    DeepKNLP.gner.trainer ┇ [training]  17%|███▎                |  238/1428 [0:01:50<0:09:11, 2.16Hz] | epoch=2.00, eval_average=0.3236
[02.12 13:49:02] ┇ INFO    ┇    DeepKNLP.gner.trainer ┇ [training]  17%|███▎                |  240/1428 [0:01:50<0:09:08, 2.16Hz] | epoch=2.02, loss=0.205600
[02.12 13:49:04] ┇ INFO    ┇    DeepKNLP.gner.trainer ┇ [training]  17%|███▍                |  245/1428 [0:01:52<0:09:02, 2.18Hz] | epoch=2.06, loss=0.228900
[02.12 13:49:06] ┇ INFO    ┇    DeepKNLP.gner.trainer ┇ [training]  18%|███▌                |  250/1428 [0:01:54<0:08:57, 2.19Hz] | epoch=2.10, loss=0.235600
[02.12 13:49:07] ┇ INFO    ┇    DeepKNLP.gner.trainer ┇ [training]  18%|███▌                |  255/1428 [0:01:55<0:08:51, 2.21Hz] | epoch=2.14, loss=0.195000
[02.12 13:49:09] ┇ INFO    ┇    DeepKNLP.gner.trainer ┇ [training]  18%|███▋                |  260/1428 [0:01:57<0:08:46, 2.22Hz] | epoch=2.19, loss=0.229200
[02.12 13:49:10] ┇ INFO    ┇    DeepKNLP.gner.trainer ┇ [training]  19%|███▋                |  265/1428 [0:01:58<0:08:41, 2.23Hz] | epoch=2.23, loss=0.220900
[02.12 13:49:12] ┇ INFO    ┇    DeepKNLP.gner.trainer ┇ [training]  19%|███▊                |  270/1428 [0:02:00<0:08:35, 2.24Hz] | epoch=2.27, loss=0.150500
[02.12 13:49:13] ┇ INFO    ┇    DeepKNLP.gner.trainer ┇ [training]  19%|███▊                |  275/1428 [0:02:01<0:08:30, 2.26Hz] | epoch=2.31, loss=0.218800
[02.12 13:49:15] ┇ INFO    ┇    DeepKNLP.gner.trainer ┇ [training]  20%|███▉                |  280/1428 [0:02:03<0:08:26, 2.27Hz] | epoch=2.35, loss=0.172700
[02.12 13:49:17] ┇ INFO    ┇    DeepKNLP.gner.trainer ┇ [training]  20%|███▉                |  285/1428 [0:02:04<0:08:21, 2.28Hz] | epoch=2.40, loss=0.190200
[02.12 13:49:18] ┇ INFO    ┇    DeepKNLP.gner.trainer ┇ [training]  20%|████                |  290/1428 [0:02:06<0:08:16, 2.29Hz] | epoch=2.44, loss=0.114300
[02.12 13:49:20] ┇ INFO    ┇    DeepKNLP.gner.trainer ┇ [training]  21%|████▏               |  295/1428 [0:02:08<0:08:12, 2.30Hz] | epoch=2.48, loss=0.196100
[02.12 13:49:21] ┇ INFO    ┇    DeepKNLP.gner.trainer ┇ [checking]   6%|█▏                  |  1/17 [0:00:00<0:00:00, 78329.58Hz]
[02.12 13:49:28] ┇ INFO    ┇    DeepKNLP.gner.trainer ┇ [checking] 100%|████████████████████| 17/17 [0:00:05<0:00:00, 3.11Hz]
[02.12 13:49:28] ┇ INFO    ┇    DeepKNLP.gner.trainer ┇ [training]  21%|████▏               |  298/1428 [0:02:16<0:08:36, 2.19Hz] | epoch=2.50, eval_average=0.3247
[02.12 13:49:29] ┇ INFO    ┇    DeepKNLP.gner.trainer ┇ [training]  21%|████▏               |  300/1428 [0:02:17<0:08:32, 2.20Hz] | epoch=2.52, loss=0.208600
[02.12 13:49:31] ┇ INFO    ┇    DeepKNLP.gner.trainer ┇ [training]  21%|████▎               |  305/1428 [0:02:19<0:08:25, 2.22Hz] | epoch=2.56, loss=0.164600
[02.12 13:49:32] ┇ INFO    ┇    DeepKNLP.gner.trainer ┇ [training]  22%|████▎               |  310/1428 [0:02:20<0:08:20, 2.23Hz] | epoch=2.60, loss=0.169000
[02.12 13:49:34] ┇ INFO    ┇    DeepKNLP.gner.trainer ┇ [training]  22%|████▍               |  315/1428 [0:02:22<0:08:17, 2.24Hz] | epoch=2.65, loss=0.144300
[02.12 13:49:35] ┇ INFO    ┇    DeepKNLP.gner.trainer ┇ [training]  22%|████▍               |  320/1428 [0:02:23<0:08:15, 2.24Hz] | epoch=2.69, loss=0.123800
[02.12 13:49:37] ┇ INFO    ┇    DeepKNLP.gner.trainer ┇ [training]  23%|████▌               |  325/1428 [0:02:25<0:08:13, 2.24Hz] | epoch=2.73, loss=0.189800
[02.12 13:49:39] ┇ INFO    ┇    DeepKNLP.gner.trainer ┇ [training]  23%|████▌               |  330/1428 [0:02:27<0:08:11, 2.24Hz] | epoch=2.77, loss=0.208400
[02.12 13:49:40] ┇ INFO    ┇    DeepKNLP.gner.trainer ┇ [training]  23%|████▋               |  335/1428 [0:02:28<0:08:08, 2.24Hz] | epoch=2.81, loss=0.181000
[02.12 13:49:42] ┇ INFO    ┇    DeepKNLP.gner.trainer ┇ [training]  24%|████▊               |  340/1428 [0:02:30<0:08:06, 2.24Hz] | epoch=2.86, loss=0.150500
[02.12 13:49:43] ┇ INFO    ┇    DeepKNLP.gner.trainer ┇ [training]  24%|████▊               |  345/1428 [0:02:31<0:08:04, 2.24Hz] | epoch=2.90, loss=0.202100
[02.12 13:49:45] ┇ INFO    ┇    DeepKNLP.gner.trainer ┇ [training]  25%|████▉               |  350/1428 [0:02:33<0:08:01, 2.24Hz] | epoch=2.94, loss=0.185200
[02.12 13:49:46] ┇ INFO    ┇    DeepKNLP.gner.trainer ┇ [training]  25%|████▉               |  355/1428 [0:02:34<0:07:59, 2.24Hz] | epoch=2.98, loss=0.172500
[02.12 13:49:47] ┇ INFO    ┇    DeepKNLP.gner.trainer ┇ [checking]   6%|█▏                  |  1/17 [0:00:00<0:00:00, 75044.86Hz]
[02.12 13:49:54] ┇ INFO    ┇    DeepKNLP.gner.trainer ┇ [checking] 100%|████████████████████| 17/17 [0:00:05<0:00:00, 3.08Hz]
[02.12 13:49:54] ┇ INFO    ┇    DeepKNLP.gner.trainer ┇ [training]  25%|█████               |  357/1428 [0:02:42<0:07:54, 2.26Hz] | epoch=3.00, eval_average=0.3726
[02.12 13:49:55] ┇ INFO    ┇    DeepKNLP.gner.trainer ┇ [training]  25%|█████               |  360/1428 [0:02:43<0:07:54, 2.25Hz] | epoch=3.02, loss=0.111700
[02.12 13:49:57] ┇ INFO    ┇    DeepKNLP.gner.trainer ┇ [training]  26%|█████               |  365/1428 [0:02:45<0:07:51, 2.25Hz] | epoch=3.07, loss=0.189600
[02.12 13:49:58] ┇ INFO    ┇    DeepKNLP.gner.trainer ┇ [training]  26%|█████▏              |  370/1428 [0:02:46<0:07:49, 2.25Hz] | epoch=3.11, loss=0.200100
[02.12 13:50:00] ┇ INFO    ┇    DeepKNLP.gner.trainer ┇ [training]  26%|█████▎              |  375/1428 [0:02:48<0:07:47, 2.25Hz] | epoch=3.15, loss=0.161700
[02.12 13:50:01] ┇ INFO    ┇    DeepKNLP.gner.trainer ┇ [training]  27%|█████▎              |  380/1428 [0:02:49<0:07:45, 2.25Hz] | epoch=3.19, loss=0.109000
[02.12 13:50:03] ┇ INFO    ┇    DeepKNLP.gner.trainer ┇ [training]  27%|█████▍              |  385/1428 [0:02:51<0:07:42, 2.25Hz] | epoch=3.23, loss=0.159600
[02.12 13:50:05] ┇ INFO    ┇    DeepKNLP.gner.trainer ┇ [training]  27%|█████▍              |  390/1428 [0:02:52<0:07:40, 2.25Hz] | epoch=3.28, loss=0.169800
[02.12 13:50:06] ┇ INFO    ┇    DeepKNLP.gner.trainer ┇ [training]  28%|█████▌              |  395/1428 [0:02:54<0:07:38, 2.25Hz] | epoch=3.32, loss=0.101700
[02.12 13:50:08] ┇ INFO    ┇    DeepKNLP.gner.trainer ┇ [training]  28%|█████▌              |  400/1428 [0:02:56<0:07:35, 2.26Hz] | epoch=3.36, loss=0.209800
[02.12 13:50:09] ┇ INFO    ┇    DeepKNLP.gner.trainer ┇ [training]  28%|█████▋              |  405/1428 [0:02:57<0:07:33, 2.26Hz] | epoch=3.40, loss=0.181200
[02.12 13:50:11] ┇ INFO    ┇    DeepKNLP.gner.trainer ┇ [training]  29%|█████▋              |  410/1428 [0:02:59<0:07:04, 2.40Hz] | epoch=3.44, loss=0.147700
[02.12 13:50:12] ┇ INFO    ┇    DeepKNLP.gner.trainer ┇ [training]  29%|█████▊              |  415/1428 [0:03:00<0:06:59, 2.41Hz] | epoch=3.49, loss=0.101400
[02.12 13:50:13] ┇ INFO    ┇    DeepKNLP.gner.trainer ┇ [checking]   6%|█▏                  |  1/17 [0:00:00<0:00:00, 72589.36Hz]
[02.12 13:50:20] ┇ INFO    ┇    DeepKNLP.gner.trainer ┇ [checking] 100%|████████████████████| 17/17 [0:00:06<0:00:00, 2.80Hz]
[02.12 13:50:20] ┇ INFO    ┇    DeepKNLP.gner.trainer ┇ [training]  29%|█████▊              |  416/1428 [0:03:08<0:07:27, 2.26Hz] | epoch=3.50, eval_average=0.4600
[02.12 13:50:22] ┇ INFO    ┇    DeepKNLP.gner.trainer ┇ [training]  29%|█████▉              |  420/1428 [0:03:10<0:07:26, 2.26Hz] | epoch=3.53, loss=0.185200
[02.12 13:50:23] ┇ INFO    ┇    DeepKNLP.gner.trainer ┇ [training]  30%|█████▉              |  425/1428 [0:03:11<0:07:24, 2.26Hz] | epoch=3.57, loss=0.150500
[02.12 13:50:25] ┇ INFO    ┇    DeepKNLP.gner.trainer ┇ [training]  30%|██████              |  430/1428 [0:03:13<0:07:22, 2.26Hz] | epoch=3.61, loss=0.181000
[02.12 13:50:26] ┇ INFO    ┇    DeepKNLP.gner.trainer ┇ [training]  30%|██████              |  435/1428 [0:03:14<0:07:19, 2.26Hz] | epoch=3.65, loss=0.134100
[02.12 13:50:28] ┇ INFO    ┇    DeepKNLP.gner.trainer ┇ [training]  31%|██████▏             |  440/1428 [0:03:16<0:07:17, 2.26Hz] | epoch=3.70, loss=0.153900
[02.12 13:50:29] ┇ INFO    ┇    DeepKNLP.gner.trainer ┇ [training]  31%|██████▏             |  445/1428 [0:03:17<0:07:15, 2.26Hz] | epoch=3.74, loss=0.126600
[02.12 13:50:31] ┇ INFO    ┇    DeepKNLP.gner.trainer ┇ [training]  32%|██████▎             |  450/1428 [0:03:19<0:07:13, 2.26Hz] | epoch=3.78, loss=0.108000
[02.12 13:50:33] ┇ INFO    ┇    DeepKNLP.gner.trainer ┇ [training]  32%|██████▎             |  455/1428 [0:03:21<0:07:10, 2.26Hz] | epoch=3.82, loss=0.139500
[02.12 13:50:34] ┇ INFO    ┇    DeepKNLP.gner.trainer ┇ [training]  32%|██████▍             |  460/1428 [0:03:22<0:07:08, 2.26Hz] | epoch=3.87, loss=0.130800
[02.12 13:50:36] ┇ INFO    ┇    DeepKNLP.gner.trainer ┇ [training]  33%|██████▌             |  465/1428 [0:03:24<0:07:06, 2.26Hz] | epoch=3.91, loss=0.153700
[02.12 13:50:37] ┇ INFO    ┇    DeepKNLP.gner.trainer ┇ [training]  33%|██████▌             |  470/1428 [0:03:25<0:06:39, 2.40Hz] | epoch=3.95, loss=0.216700
[02.12 13:50:39] ┇ INFO    ┇    DeepKNLP.gner.trainer ┇ [training]  33%|██████▋             |  475/1428 [0:03:27<0:06:36, 2.41Hz] | epoch=3.99, loss=0.110000
[02.12 13:50:40] ┇ INFO    ┇    DeepKNLP.gner.trainer ┇ [checking]   6%|█▏                  |  1/17 [0:00:00<0:00:00, 75107.85Hz]
[02.12 13:50:46] ┇ INFO    ┇    DeepKNLP.gner.trainer ┇ [checking] 100%|████████████████████| 17/17 [0:00:05<0:00:00, 3.13Hz]
[02.12 13:50:46] ┇ INFO    ┇    DeepKNLP.gner.trainer ┇ [training]  33%|██████▋             |  476/1428 [0:03:34<0:07:00, 2.26Hz] | epoch=4.00, eval_average=0.3201
[02.12 13:50:48] ┇ INFO    ┇    DeepKNLP.gner.trainer ┇ [training]  34%|██████▋             |  480/1428 [0:03:36<0:06:59, 2.26Hz] | epoch=4.03, loss=0.145300
[02.12 13:50:49] ┇ INFO    ┇    DeepKNLP.gner.trainer ┇ [training]  34%|██████▊             |  485/1428 [0:03:37<0:06:56, 2.26Hz] | epoch=4.08, loss=0.114300
[02.12 13:50:51] ┇ INFO    ┇    DeepKNLP.gner.trainer ┇ [training]  34%|██████▊             |  490/1428 [0:03:39<0:06:54, 2.26Hz] | epoch=4.12, loss=0.152900
[02.12 13:50:52] ┇ INFO    ┇    DeepKNLP.gner.trainer ┇ [training]  35%|██████▉             |  495/1428 [0:03:40<0:06:52, 2.26Hz] | epoch=4.16, loss=0.106100
[02.12 13:50:54] ┇ INFO    ┇    DeepKNLP.gner.trainer ┇ [training]  35%|███████             |  500/1428 [0:03:42<0:06:50, 2.26Hz] | epoch=4.20, loss=0.146600
[02.12 13:50:55] ┇ INFO    ┇    DeepKNLP.gner.trainer ┇ [training]  35%|███████             |  505/1428 [0:03:43<0:06:47, 2.26Hz] | epoch=4.24, loss=0.136600
[02.12 13:50:57] ┇ INFO    ┇    DeepKNLP.gner.trainer ┇ [training]  36%|███████▏            |  510/1428 [0:03:45<0:06:45, 2.26Hz] | epoch=4.29, loss=0.153700
[02.12 13:50:59] ┇ INFO    ┇    DeepKNLP.gner.trainer ┇ [training]  36%|███████▏            |  515/1428 [0:03:46<0:06:43, 2.26Hz] | epoch=4.33, loss=0.178800
[02.12 13:51:00] ┇ INFO    ┇    DeepKNLP.gner.trainer ┇ [training]  36%|███████▎            |  520/1428 [0:03:48<0:06:41, 2.26Hz] | epoch=4.37, loss=0.099600
[02.12 13:51:02] ┇ INFO    ┇    DeepKNLP.gner.trainer ┇ [training]  37%|███████▎            |  525/1428 [0:03:50<0:06:38, 2.26Hz] | epoch=4.41, loss=0.113200
[02.12 13:51:03] ┇ INFO    ┇    DeepKNLP.gner.trainer ┇ [training]  37%|███████▍            |  530/1428 [0:03:51<0:06:13, 2.40Hz] | epoch=4.45, loss=0.138500
[02.12 13:51:05] ┇ INFO    ┇    DeepKNLP.gner.trainer ┇ [training]  37%|███████▍            |  535/1428 [0:03:53<0:06:10, 2.41Hz] | epoch=4.50, loss=0.153300
[02.12 13:51:05] ┇ INFO    ┇    DeepKNLP.gner.trainer ┇ [checking]   6%|█▏                  |  1/17 [0:00:00<0:00:00, 80538.69Hz]
[02.12 13:51:12] ┇ INFO    ┇    DeepKNLP.gner.trainer ┇ [checking] 100%|████████████████████| 17/17 [0:00:05<0:00:00, 3.13Hz]
[02.12 13:51:12] ┇ INFO    ┇    DeepKNLP.gner.trainer ┇ [training]  38%|███████▌            |  536/1428 [0:04:00<0:06:33, 2.27Hz] | epoch=4.50, eval_average=0.4597
[02.12 13:51:13] ┇ INFO    ┇    DeepKNLP.gner.trainer ┇ [training]  38%|███████▌            |  540/1428 [0:04:01<0:06:31, 2.27Hz] | epoch=4.54, loss=0.112900
[02.12 13:51:15] ┇ INFO    ┇    DeepKNLP.gner.trainer ┇ [training]  38%|███████▋            |  545/1428 [0:04:03<0:06:29, 2.27Hz] | epoch=4.58, loss=0.123800
[02.12 13:51:17] ┇ INFO    ┇    DeepKNLP.gner.trainer ┇ [training]  39%|███████▋            |  550/1428 [0:04:05<0:06:27, 2.27Hz] | epoch=4.62, loss=0.093800
[02.12 13:51:18] ┇ INFO    ┇    DeepKNLP.gner.trainer ┇ [training]  39%|███████▊            |  555/1428 [0:04:06<0:06:25, 2.27Hz] | epoch=4.66, loss=0.154500
[02.12 13:51:20] ┇ INFO    ┇    DeepKNLP.gner.trainer ┇ [training]  39%|███████▊            |  560/1428 [0:04:08<0:06:22, 2.27Hz] | epoch=4.71, loss=0.092100
[02.12 13:51:21] ┇ INFO    ┇    DeepKNLP.gner.trainer ┇ [training]  40%|███████▉            |  565/1428 [0:04:09<0:06:20, 2.27Hz] | epoch=4.75, loss=0.079200
[02.12 13:51:23] ┇ INFO    ┇    DeepKNLP.gner.trainer ┇ [training]  40%|███████▉            |  570/1428 [0:04:11<0:06:18, 2.27Hz] | epoch=4.79, loss=0.090800
[02.12 13:51:24] ┇ INFO    ┇    DeepKNLP.gner.trainer ┇ [training]  40%|████████            |  575/1428 [0:04:12<0:06:16, 2.27Hz] | epoch=4.83, loss=0.078800
[02.12 13:51:26] ┇ INFO    ┇    DeepKNLP.gner.trainer ┇ [training]  41%|████████            |  580/1428 [0:04:14<0:06:13, 2.27Hz] | epoch=4.87, loss=0.106500
[02.12 13:51:28] ┇ INFO    ┇    DeepKNLP.gner.trainer ┇ [training]  41%|████████▏           |  585/1428 [0:04:15<0:06:11, 2.27Hz] | epoch=4.92, loss=0.095900
[02.12 13:51:29] ┇ INFO    ┇    DeepKNLP.gner.trainer ┇ [training]  41%|████████▎           |  590/1428 [0:04:17<0:05:48, 2.41Hz] | epoch=4.96, loss=0.095000
[02.12 13:51:31] ┇ INFO    ┇    DeepKNLP.gner.trainer ┇ [training]  42%|████████▎           |  595/1428 [0:04:19<0:05:43, 2.43Hz] | epoch=5.00, loss=0.087400
[02.12 13:51:31] ┇ INFO    ┇    DeepKNLP.gner.trainer ┇ [checking]   6%|█▏                  |  1/17 [0:00:00<0:00:00, 90230.41Hz]
[02.12 13:51:38] ┇ INFO    ┇    DeepKNLP.gner.trainer ┇ [checking] 100%|████████████████████| 17/17 [0:00:05<0:00:00, 3.10Hz]
[02.12 13:51:38] ┇ INFO    ┇    DeepKNLP.gner.trainer ┇ [training]  42%|████████▎           |  595/1428 [0:04:19<0:05:43, 2.43Hz] | epoch=5.00, eval_average=0.6054
[02.12 13:51:39] ┇ INFO    ┇    DeepKNLP.gner.trainer ┇ [training]  42%|████████▍           |  600/1428 [0:04:27<0:06:01, 2.29Hz] | epoch=5.04, loss=0.090100
[02.12 13:51:41] ┇ INFO    ┇    DeepKNLP.gner.trainer ┇ [training]  42%|████████▍           |  605/1428 [0:04:29<0:05:59, 2.29Hz] | epoch=5.08, loss=0.095100
[02.12 13:51:43] ┇ INFO    ┇    DeepKNLP.gner.trainer ┇ [training]  43%|████████▌           |  610/1428 [0:04:31<0:05:56, 2.29Hz] | epoch=5.13, loss=0.149700
[02.12 13:51:44] ┇ INFO    ┇    DeepKNLP.gner.trainer ┇ [training]  43%|████████▌           |  615/1428 [0:04:32<0:05:54, 2.29Hz] | epoch=5.17, loss=0.127500
[02.12 13:51:46] ┇ INFO    ┇    DeepKNLP.gner.trainer ┇ [training]  43%|████████▋           |  620/1428 [0:04:34<0:05:52, 2.29Hz] | epoch=5.21, loss=0.115500
[02.12 13:51:47] ┇ INFO    ┇    DeepKNLP.gner.trainer ┇ [training]  44%|████████▊           |  625/1428 [0:04:35<0:05:50, 2.29Hz] | epoch=5.25, loss=0.148100
[02.12 13:51:49] ┇ INFO    ┇    DeepKNLP.gner.trainer ┇ [training]  44%|████████▊           |  630/1428 [0:04:37<0:05:48, 2.29Hz] | epoch=5.29, loss=0.091700
[02.12 13:51:50] ┇ INFO    ┇    DeepKNLP.gner.trainer ┇ [training]  44%|████████▉           |  635/1428 [0:04:38<0:05:45, 2.29Hz] | epoch=5.34, loss=0.085700
[02.12 13:51:52] ┇ INFO    ┇    DeepKNLP.gner.trainer ┇ [training]  45%|████████▉           |  640/1428 [0:04:40<0:05:43, 2.29Hz] | epoch=5.38, loss=0.126400
[02.12 13:51:53] ┇ INFO    ┇    DeepKNLP.gner.trainer ┇ [training]  45%|█████████           |  645/1428 [0:04:41<0:05:41, 2.29Hz] | epoch=5.42, loss=0.114400
[02.12 13:51:55] ┇ INFO    ┇    DeepKNLP.gner.trainer ┇ [training]  46%|█████████           |  650/1428 [0:04:43<0:05:39, 2.29Hz] | epoch=5.46, loss=0.068300
[02.12 13:51:57] ┇ INFO    ┇    DeepKNLP.gner.trainer ┇ [checking]   6%|█▏                  |  1/17 [0:00:00<0:00:00, 89837.84Hz]
[02.12 13:52:04] ┇ INFO    ┇    DeepKNLP.gner.trainer ┇ [checking] 100%|████████████████████| 17/17 [0:00:05<0:00:00, 3.13Hz]
[02.12 13:52:04] ┇ INFO    ┇    DeepKNLP.gner.trainer ┇ [training]  46%|█████████▏          |  654/1428 [0:04:52<0:05:37, 2.29Hz] | epoch=5.50, eval_average=0.6390
[02.12 13:52:04] ┇ INFO    ┇    DeepKNLP.gner.trainer ┇ [training]  46%|█████████▏          |  655/1428 [0:04:52<0:05:37, 2.29Hz] | epoch=5.50, loss=0.102500
[02.12 13:52:06] ┇ INFO    ┇    DeepKNLP.gner.trainer ┇ [training]  46%|█████████▏          |  660/1428 [0:04:54<0:05:35, 2.29Hz] | epoch=5.55, loss=0.073400
[02.12 13:52:07] ┇ INFO    ┇    DeepKNLP.gner.trainer ┇ [training]  47%|█████████▎          |  665/1428 [0:04:55<0:05:33, 2.29Hz] | epoch=5.59, loss=0.110800
[02.12 13:52:09] ┇ INFO    ┇    DeepKNLP.gner.trainer ┇ [training]  47%|█████████▍          |  670/1428 [0:04:57<0:05:31, 2.29Hz] | epoch=5.63, loss=0.105200
[02.12 13:52:10] ┇ INFO    ┇    DeepKNLP.gner.trainer ┇ [training]  47%|█████████▍          |  675/1428 [0:04:58<0:05:29, 2.29Hz] | epoch=5.67, loss=0.099600
[02.12 13:52:12] ┇ INFO    ┇    DeepKNLP.gner.trainer ┇ [training]  48%|█████████▌          |  680/1428 [0:05:00<0:05:26, 2.29Hz] | epoch=5.71, loss=0.070400
[02.12 13:52:13] ┇ INFO    ┇    DeepKNLP.gner.trainer ┇ [training]  48%|█████████▌          |  685/1428 [0:05:01<0:05:24, 2.29Hz] | epoch=5.76, loss=0.077700
[02.12 13:52:15] ┇ INFO    ┇    DeepKNLP.gner.trainer ┇ [training]  48%|█████████▋          |  690/1428 [0:05:03<0:05:22, 2.29Hz] | epoch=5.80, loss=0.047600
[02.12 13:52:17] ┇ INFO    ┇    DeepKNLP.gner.trainer ┇ [training]  49%|█████████▋          |  695/1428 [0:05:05<0:05:20, 2.29Hz] | epoch=5.84, loss=0.088100
[02.12 13:52:18] ┇ INFO    ┇    DeepKNLP.gner.trainer ┇ [training]  49%|█████████▊          |  700/1428 [0:05:06<0:05:18, 2.29Hz] | epoch=5.88, loss=0.063400
[02.12 13:52:20] ┇ INFO    ┇    DeepKNLP.gner.trainer ┇ [training]  49%|█████████▊          |  705/1428 [0:05:08<0:05:16, 2.29Hz] | epoch=5.92, loss=0.099300
[02.12 13:52:21] ┇ INFO    ┇    DeepKNLP.gner.trainer ┇ [training]  50%|█████████▉          |  710/1428 [0:05:09<0:05:13, 2.29Hz] | epoch=5.97, loss=0.136700
[02.12 13:52:23] ┇ INFO    ┇    DeepKNLP.gner.trainer ┇ [checking]   6%|█▏                  |  1/17 [0:00:00<0:00:00, 52582.85Hz]
[02.12 13:52:30] ┇ INFO    ┇    DeepKNLP.gner.trainer ┇ [checking] 100%|████████████████████| 17/17 [0:00:05<0:00:00, 3.11Hz]
[02.12 13:52:30] ┇ INFO    ┇    DeepKNLP.gner.trainer ┇ [training]  50%|██████████          |  714/1428 [0:05:18<0:05:09, 2.30Hz] | epoch=6.00, eval_average=0.6776
[02.12 13:52:30] ┇ INFO    ┇    DeepKNLP.gner.trainer ┇ [training]  50%|██████████          |  715/1428 [0:05:18<0:05:10, 2.30Hz] | epoch=6.01, loss=0.060900
[02.12 13:52:32] ┇ INFO    ┇    DeepKNLP.gner.trainer ┇ [training]  50%|██████████          |  720/1428 [0:05:20<0:05:08, 2.30Hz] | epoch=6.05, loss=0.090400
[02.12 13:52:33] ┇ INFO    ┇    DeepKNLP.gner.trainer ┇ [training]  51%|██████████▏         |  725/1428 [0:05:21<0:05:05, 2.30Hz] | epoch=6.09, loss=0.066700
[02.12 13:52:35] ┇ INFO    ┇    DeepKNLP.gner.trainer ┇ [training]  51%|██████████▏         |  730/1428 [0:05:23<0:05:03, 2.30Hz] | epoch=6.13, loss=0.055100
[02.12 13:52:36] ┇ INFO    ┇    DeepKNLP.gner.trainer ┇ [training]  51%|██████████▎         |  735/1428 [0:05:24<0:05:01, 2.30Hz] | epoch=6.18, loss=0.113400
[02.12 13:52:38] ┇ INFO    ┇    DeepKNLP.gner.trainer ┇ [training]  52%|██████████▎         |  740/1428 [0:05:26<0:04:59, 2.30Hz] | epoch=6.22, loss=0.060500
[02.12 13:52:39] ┇ INFO    ┇    DeepKNLP.gner.trainer ┇ [training]  52%|██████████▍         |  745/1428 [0:05:27<0:04:57, 2.30Hz] | epoch=6.26, loss=0.063200
[02.12 13:52:41] ┇ INFO    ┇    DeepKNLP.gner.trainer ┇ [training]  53%|██████████▌         |  750/1428 [0:05:29<0:04:55, 2.30Hz] | epoch=6.30, loss=0.088900
[02.12 13:52:43] ┇ INFO    ┇    DeepKNLP.gner.trainer ┇ [training]  53%|██████████▌         |  755/1428 [0:05:31<0:04:52, 2.30Hz] | epoch=6.34, loss=0.087200
[02.12 13:52:44] ┇ INFO    ┇    DeepKNLP.gner.trainer ┇ [training]  53%|██████████▋         |  760/1428 [0:05:32<0:04:50, 2.30Hz] | epoch=6.39, loss=0.058600
[02.12 13:52:46] ┇ INFO    ┇    DeepKNLP.gner.trainer ┇ [training]  54%|██████████▋         |  765/1428 [0:05:34<0:04:48, 2.30Hz] | epoch=6.43, loss=0.098000
[02.12 13:52:47] ┇ INFO    ┇    DeepKNLP.gner.trainer ┇ [training]  54%|██████████▊         |  770/1428 [0:05:35<0:04:46, 2.30Hz] | epoch=6.47, loss=0.113900
[02.12 13:52:49] ┇ INFO    ┇    DeepKNLP.gner.trainer ┇ [checking]   6%|█▏                  |  1/17 [0:00:00<0:00:00, 76893.57Hz]
[02.12 13:52:56] ┇ INFO    ┇    DeepKNLP.gner.trainer ┇ [checking] 100%|████████████████████| 17/17 [0:00:05<0:00:00, 3.12Hz]
[02.12 13:52:56] ┇ INFO    ┇    DeepKNLP.gner.trainer ┇ [training]  54%|██████████▊         |  774/1428 [0:05:44<0:04:43, 2.30Hz] | epoch=6.50, eval_average=0.6256
[02.12 13:52:56] ┇ INFO    ┇    DeepKNLP.gner.trainer ┇ [training]  54%|██████████▊         |  775/1428 [0:05:44<0:04:44, 2.30Hz] | epoch=6.51, loss=0.079700
[02.12 13:52:58] ┇ INFO    ┇    DeepKNLP.gner.trainer ┇ [training]  55%|██████████▉         |  780/1428 [0:05:46<0:04:42, 2.30Hz] | epoch=6.55, loss=0.049400
[02.12 13:52:59] ┇ INFO    ┇    DeepKNLP.gner.trainer ┇ [training]  55%|██████████▉         |  785/1428 [0:05:47<0:04:39, 2.30Hz] | epoch=6.60, loss=0.051800
[02.12 13:53:01] ┇ INFO    ┇    DeepKNLP.gner.trainer ┇ [training]  55%|███████████         |  790/1428 [0:05:49<0:04:37, 2.30Hz] | epoch=6.64, loss=0.058400
[02.12 13:53:02] ┇ INFO    ┇    DeepKNLP.gner.trainer ┇ [training]  56%|███████████▏        |  795/1428 [0:05:50<0:04:35, 2.30Hz] | epoch=6.68, loss=0.101200
[02.12 13:53:04] ┇ INFO    ┇    DeepKNLP.gner.trainer ┇ [training]  56%|███████████▏        |  800/1428 [0:05:52<0:04:33, 2.30Hz] | epoch=6.72, loss=0.075900
[02.12 13:53:05] ┇ INFO    ┇    DeepKNLP.gner.trainer ┇ [training]  56%|███████████▎        |  805/1428 [0:05:53<0:04:31, 2.30Hz] | epoch=6.76, loss=0.119600
[02.12 13:53:07] ┇ INFO    ┇    DeepKNLP.gner.trainer ┇ [training]  57%|███████████▎        |  810/1428 [0:05:55<0:04:28, 2.30Hz] | epoch=6.81, loss=0.076000
[02.12 13:53:08] ┇ INFO    ┇    DeepKNLP.gner.trainer ┇ [training]  57%|███████████▍        |  815/1428 [0:05:56<0:04:26, 2.30Hz] | epoch=6.85, loss=0.067600
[02.12 13:53:10] ┇ INFO    ┇    DeepKNLP.gner.trainer ┇ [training]  57%|███████████▍        |  820/1428 [0:05:58<0:04:24, 2.30Hz] | epoch=6.89, loss=0.066300
[02.12 13:53:12] ┇ INFO    ┇    DeepKNLP.gner.trainer ┇ [training]  58%|███████████▌        |  825/1428 [0:06:00<0:04:22, 2.30Hz] | epoch=6.93, loss=0.073200
[02.12 13:53:13] ┇ INFO    ┇    DeepKNLP.gner.trainer ┇ [training]  58%|███████████▌        |  830/1428 [0:06:01<0:04:20, 2.30Hz] | epoch=6.97, loss=0.037500
[02.12 13:53:14] ┇ INFO    ┇    DeepKNLP.gner.trainer ┇ [checking]   6%|█▏                  |  1/17 [0:00:00<0:00:00, 73083.43Hz]
[02.12 13:53:21] ┇ INFO    ┇    DeepKNLP.gner.trainer ┇ [checking] 100%|████████████████████| 17/17 [0:00:05<0:00:00, 3.13Hz]
[02.12 13:53:21] ┇ INFO    ┇    DeepKNLP.gner.trainer ┇ [training]  58%|███████████▋        |  833/1428 [0:06:09<0:04:18, 2.30Hz] | epoch=7.00, eval_average=0.6514
[02.12 13:53:22] ┇ INFO    ┇    DeepKNLP.gner.trainer ┇ [training]  58%|███████████▋        |  835/1428 [0:06:10<0:04:18, 2.30Hz] | epoch=7.02, loss=0.082700
[02.12 13:53:23] ┇ INFO    ┇    DeepKNLP.gner.trainer ┇ [training]  59%|███████████▊        |  840/1428 [0:06:11<0:04:15, 2.30Hz] | epoch=7.06, loss=0.056700
[02.12 13:53:25] ┇ INFO    ┇    DeepKNLP.gner.trainer ┇ [training]  59%|███████████▊        |  845/1428 [0:06:13<0:04:13, 2.30Hz] | epoch=7.10, loss=0.053300
[02.12 13:53:27] ┇ INFO    ┇    DeepKNLP.gner.trainer ┇ [training]  60%|███████████▉        |  850/1428 [0:06:15<0:04:11, 2.30Hz] | epoch=7.14, loss=0.046100
[02.12 13:53:28] ┇ INFO    ┇    DeepKNLP.gner.trainer ┇ [training]  60%|███████████▉        |  855/1428 [0:06:16<0:04:09, 2.30Hz] | epoch=7.18, loss=0.069500
[02.12 13:53:30] ┇ INFO    ┇    DeepKNLP.gner.trainer ┇ [training]  60%|████████████        |  860/1428 [0:06:18<0:04:07, 2.30Hz] | epoch=7.23, loss=0.034200
[02.12 13:53:31] ┇ INFO    ┇    DeepKNLP.gner.trainer ┇ [training]  61%|████████████        |  865/1428 [0:06:19<0:04:05, 2.30Hz] | epoch=7.27, loss=0.039900
[02.12 13:53:33] ┇ INFO    ┇    DeepKNLP.gner.trainer ┇ [training]  61%|████████████▏       |  870/1428 [0:06:21<0:04:02, 2.30Hz] | epoch=7.31, loss=0.067400
[02.12 13:53:34] ┇ INFO    ┇    DeepKNLP.gner.trainer ┇ [training]  61%|████████████▎       |  875/1428 [0:06:22<0:04:00, 2.30Hz] | epoch=7.35, loss=0.078700
[02.12 13:53:36] ┇ INFO    ┇    DeepKNLP.gner.trainer ┇ [training]  62%|████████████▎       |  880/1428 [0:06:24<0:03:58, 2.30Hz] | epoch=7.39, loss=0.110500
[02.12 13:53:37] ┇ INFO    ┇    DeepKNLP.gner.trainer ┇ [training]  62%|████████████▍       |  885/1428 [0:06:25<0:03:56, 2.30Hz] | epoch=7.44, loss=0.061100
[02.12 13:53:39] ┇ INFO    ┇    DeepKNLP.gner.trainer ┇ [training]  62%|████████████▍       |  890/1428 [0:06:27<0:03:54, 2.30Hz] | epoch=7.48, loss=0.073900
[02.12 13:53:40] ┇ INFO    ┇    DeepKNLP.gner.trainer ┇ [checking]   6%|█▏                  |  1/17 [0:00:00<0:00:00, 81890.01Hz]
[02.12 13:53:47] ┇ INFO    ┇    DeepKNLP.gner.trainer ┇ [checking] 100%|████████████████████| 17/17 [0:00:05<0:00:00, 3.10Hz]
[02.12 13:53:47] ┇ INFO    ┇    DeepKNLP.gner.trainer ┇ [training]  62%|████████████▍       |  892/1428 [0:06:35<0:03:54, 2.29Hz] | epoch=7.50, eval_average=0.6683
[02.12 13:53:48] ┇ INFO    ┇    DeepKNLP.gner.trainer ┇ [training]  63%|████████████▌       |  895/1428 [0:06:36<0:03:53, 2.29Hz] | epoch=7.52, loss=0.066700
[02.12 13:53:49] ┇ INFO    ┇    DeepKNLP.gner.trainer ┇ [training]  63%|████████████▌       |  900/1428 [0:06:37<0:03:50, 2.29Hz] | epoch=7.56, loss=0.030300
[02.12 13:53:51] ┇ INFO    ┇    DeepKNLP.gner.trainer ┇ [training]  63%|████████████▋       |  905/1428 [0:06:39<0:03:48, 2.29Hz] | epoch=7.61, loss=0.062600
[02.12 13:53:53] ┇ INFO    ┇    DeepKNLP.gner.trainer ┇ [training]  64%|████████████▋       |  910/1428 [0:06:40<0:03:46, 2.29Hz] | epoch=7.65, loss=0.037300
[02.12 13:53:54] ┇ INFO    ┇    DeepKNLP.gner.trainer ┇ [training]  64%|████████████▊       |  915/1428 [0:06:42<0:03:44, 2.29Hz] | epoch=7.69, loss=0.111400
[02.12 13:53:56] ┇ INFO    ┇    DeepKNLP.gner.trainer ┇ [training]  64%|████████████▉       |  920/1428 [0:06:44<0:03:42, 2.29Hz] | epoch=7.73, loss=0.055100
[02.12 13:53:57] ┇ INFO    ┇    DeepKNLP.gner.trainer ┇ [training]  65%|████████████▉       |  925/1428 [0:06:45<0:03:40, 2.29Hz] | epoch=7.77, loss=0.057100
[02.12 13:53:59] ┇ INFO    ┇    DeepKNLP.gner.trainer ┇ [training]  65%|█████████████       |  930/1428 [0:06:47<0:03:37, 2.29Hz] | epoch=7.82, loss=0.076700
[02.12 13:54:00] ┇ INFO    ┇    DeepKNLP.gner.trainer ┇ [training]  65%|█████████████       |  935/1428 [0:06:48<0:03:35, 2.29Hz] | epoch=7.86, loss=0.063000
[02.12 13:54:02] ┇ INFO    ┇    DeepKNLP.gner.trainer ┇ [training]  66%|█████████████▏      |  940/1428 [0:06:50<0:03:33, 2.29Hz] | epoch=7.90, loss=0.058000
[02.12 13:54:03] ┇ INFO    ┇    DeepKNLP.gner.trainer ┇ [training]  66%|█████████████▏      |  945/1428 [0:06:51<0:03:18, 2.43Hz] | epoch=7.94, loss=0.052800
[02.12 13:54:05] ┇ INFO    ┇    DeepKNLP.gner.trainer ┇ [training]  67%|█████████████▎      |  950/1428 [0:06:53<0:03:15, 2.44Hz] | epoch=7.98, loss=0.106600
[02.12 13:54:06] ┇ INFO    ┇    DeepKNLP.gner.trainer ┇ [checking]   6%|█▏                  |  1/17 [0:00:00<0:00:00, 78604.82Hz]
[02.12 13:54:13] ┇ INFO    ┇    DeepKNLP.gner.trainer ┇ [checking] 100%|████████████████████| 17/17 [0:00:05<0:00:00, 3.09Hz]
[02.12 13:54:13] ┇ INFO    ┇    DeepKNLP.gner.trainer ┇ [training]  67%|█████████████▎      |  952/1428 [0:07:01<0:03:27, 2.29Hz] | epoch=8.00, eval_average=0.6650
[02.12 13:54:14] ┇ INFO    ┇    DeepKNLP.gner.trainer ┇ [training]  67%|█████████████▍      |  955/1428 [0:07:02<0:03:26, 2.29Hz] | epoch=8.03, loss=0.044700
[02.12 13:54:16] ┇ INFO    ┇    DeepKNLP.gner.trainer ┇ [training]  67%|█████████████▍      |  960/1428 [0:07:04<0:03:24, 2.29Hz] | epoch=8.07, loss=0.093900
[02.12 13:54:17] ┇ INFO    ┇    DeepKNLP.gner.trainer ┇ [training]  68%|█████████████▌      |  965/1428 [0:07:05<0:03:22, 2.29Hz] | epoch=8.11, loss=0.057700
[02.12 13:54:19] ┇ INFO    ┇    DeepKNLP.gner.trainer ┇ [training]  68%|█████████████▌      |  970/1428 [0:07:07<0:03:20, 2.29Hz] | epoch=8.15, loss=0.033300
[02.12 13:54:20] ┇ INFO    ┇    DeepKNLP.gner.trainer ┇ [training]  68%|█████████████▋      |  975/1428 [0:07:08<0:03:18, 2.29Hz] | epoch=8.19, loss=0.084300
[02.12 13:54:22] ┇ INFO    ┇    DeepKNLP.gner.trainer ┇ [training]  69%|█████████████▋      |  980/1428 [0:07:10<0:03:15, 2.29Hz] | epoch=8.23, loss=0.054600
[02.12 13:54:23] ┇ INFO    ┇    DeepKNLP.gner.trainer ┇ [training]  69%|█████████████▊      |  985/1428 [0:07:11<0:03:13, 2.29Hz] | epoch=8.28, loss=0.035400
[02.12 13:54:25] ┇ INFO    ┇    DeepKNLP.gner.trainer ┇ [training]  69%|█████████████▊      |  990/1428 [0:07:13<0:03:11, 2.29Hz] | epoch=8.32, loss=0.034500
[02.12 13:54:27] ┇ INFO    ┇    DeepKNLP.gner.trainer ┇ [training]  70%|█████████████▉      |  995/1428 [0:07:14<0:03:09, 2.29Hz] | epoch=8.36, loss=0.073300
[02.12 13:54:28] ┇ INFO    ┇    DeepKNLP.gner.trainer ┇ [training]  70%|██████████████      | 1000/1428 [0:07:16<0:03:07, 2.29Hz] | epoch=8.40, loss=0.054200
[02.12 13:54:30] ┇ INFO    ┇    DeepKNLP.gner.trainer ┇ [training]  70%|██████████████      | 1005/1428 [0:07:18<0:02:54, 2.43Hz] | epoch=8.45, loss=0.036500
[02.12 13:54:31] ┇ INFO    ┇    DeepKNLP.gner.trainer ┇ [training]  71%|██████████████▏     | 1010/1428 [0:07:19<0:02:51, 2.44Hz] | epoch=8.49, loss=0.039300
[02.12 13:54:32] ┇ INFO    ┇    DeepKNLP.gner.trainer ┇ [checking]   6%|█▏                  |  1/17 [0:00:00<0:00:00, 82040.18Hz]
[02.12 13:54:39] ┇ INFO    ┇    DeepKNLP.gner.trainer ┇ [checking] 100%|████████████████████| 17/17 [0:00:05<0:00:00, 3.14Hz]
[02.12 13:54:39] ┇ INFO    ┇    DeepKNLP.gner.trainer ┇ [training]  71%|██████████████▏     | 1012/1428 [0:07:27<0:03:01, 2.29Hz] | epoch=8.50, eval_average=0.6716
[02.12 13:54:40] ┇ INFO    ┇    DeepKNLP.gner.trainer ┇ [training]  71%|██████████████▏     | 1015/1428 [0:07:28<0:03:00, 2.28Hz] | epoch=8.53, loss=0.052400
[02.12 13:54:42] ┇ INFO    ┇    DeepKNLP.gner.trainer ┇ [training]  71%|██████████████▎     | 1020/1428 [0:07:30<0:02:58, 2.28Hz] | epoch=8.57, loss=0.055800
[02.12 13:54:43] ┇ INFO    ┇    DeepKNLP.gner.trainer ┇ [training]  72%|██████████████▎     | 1025/1428 [0:07:31<0:02:56, 2.28Hz] | epoch=8.61, loss=0.050100
[02.12 13:54:45] ┇ INFO    ┇    DeepKNLP.gner.trainer ┇ [training]  72%|██████████████▍     | 1030/1428 [0:07:33<0:02:54, 2.28Hz] | epoch=8.65, loss=0.045600
[02.12 13:54:46] ┇ INFO    ┇    DeepKNLP.gner.trainer ┇ [training]  72%|██████████████▍     | 1035/1428 [0:07:34<0:02:52, 2.28Hz] | epoch=8.70, loss=0.082300
[02.12 13:54:48] ┇ INFO    ┇    DeepKNLP.gner.trainer ┇ [training]  73%|██████████████▌     | 1040/1428 [0:07:36<0:02:49, 2.28Hz] | epoch=8.74, loss=0.091000
[02.12 13:54:50] ┇ INFO    ┇    DeepKNLP.gner.trainer ┇ [training]  73%|██████████████▋     | 1045/1428 [0:07:37<0:02:47, 2.28Hz] | epoch=8.78, loss=0.041600
[02.12 13:54:51] ┇ INFO    ┇    DeepKNLP.gner.trainer ┇ [training]  74%|██████████████▋     | 1050/1428 [0:07:39<0:02:45, 2.28Hz] | epoch=8.82, loss=0.050000
[02.12 13:54:53] ┇ INFO    ┇    DeepKNLP.gner.trainer ┇ [training]  74%|██████████████▊     | 1055/1428 [0:07:41<0:02:43, 2.28Hz] | epoch=8.87, loss=0.043400
[02.12 13:54:54] ┇ INFO    ┇    DeepKNLP.gner.trainer ┇ [training]  74%|██████████████▊     | 1060/1428 [0:07:42<0:02:41, 2.28Hz] | epoch=8.91, loss=0.034000
[02.12 13:54:56] ┇ INFO    ┇    DeepKNLP.gner.trainer ┇ [training]  75%|██████████████▉     | 1065/1428 [0:07:44<0:02:29, 2.42Hz] | epoch=8.95, loss=0.039600
[02.12 13:54:57] ┇ INFO    ┇    DeepKNLP.gner.trainer ┇ [training]  75%|██████████████▉     | 1070/1428 [0:07:45<0:02:27, 2.43Hz] | epoch=8.99, loss=0.034800
[02.12 13:54:58] ┇ INFO    ┇    DeepKNLP.gner.trainer ┇ [checking]   6%|█▏                  |  1/17 [0:00:00<0:00:00, 93206.76Hz]
[02.12 13:55:05] ┇ INFO    ┇    DeepKNLP.gner.trainer ┇ [checking] 100%|████████████████████| 17/17 [0:00:05<0:00:00, 3.10Hz]
[02.12 13:55:05] ┇ INFO    ┇    DeepKNLP.gner.trainer ┇ [training]  75%|███████████████     | 1071/1428 [0:07:53<0:02:36, 2.29Hz] | epoch=9.00, eval_average=0.6659
[02.12 13:55:06] ┇ INFO    ┇    DeepKNLP.gner.trainer ┇ [training]  75%|███████████████     | 1075/1428 [0:07:54<0:02:34, 2.28Hz] | epoch=9.03, loss=0.047800
[02.12 13:55:08] ┇ INFO    ┇    DeepKNLP.gner.trainer ┇ [training]  76%|███████████████▏    | 1080/1428 [0:07:56<0:02:32, 2.28Hz] | epoch=9.08, loss=0.024900
[02.12 13:55:09] ┇ INFO    ┇    DeepKNLP.gner.trainer ┇ [training]  76%|███████████████▏    | 1085/1428 [0:07:57<0:02:30, 2.28Hz] | epoch=9.12, loss=0.079400
[02.12 13:55:11] ┇ INFO    ┇    DeepKNLP.gner.trainer ┇ [training]  76%|███████████████▎    | 1090/1428 [0:07:59<0:02:28, 2.28Hz] | epoch=9.16, loss=0.030900
[02.12 13:55:12] ┇ INFO    ┇    DeepKNLP.gner.trainer ┇ [training]  77%|███████████████▎    | 1095/1428 [0:08:00<0:02:25, 2.28Hz] | epoch=9.20, loss=0.021800
[02.12 13:55:14] ┇ INFO    ┇    DeepKNLP.gner.trainer ┇ [training]  77%|███████████████▍    | 1100/1428 [0:08:02<0:02:23, 2.28Hz] | epoch=9.24, loss=0.041200
[02.12 13:55:15] ┇ INFO    ┇    DeepKNLP.gner.trainer ┇ [training]  77%|███████████████▍    | 1105/1428 [0:08:03<0:02:21, 2.28Hz] | epoch=9.29, loss=0.042200
[02.12 13:55:17] ┇ INFO    ┇    DeepKNLP.gner.trainer ┇ [training]  78%|███████████████▌    | 1110/1428 [0:08:05<0:02:19, 2.28Hz] | epoch=9.33, loss=0.034500
[02.12 13:55:19] ┇ INFO    ┇    DeepKNLP.gner.trainer ┇ [training]  78%|███████████████▌    | 1115/1428 [0:08:07<0:02:17, 2.28Hz] | epoch=9.37, loss=0.047400
[02.12 13:55:20] ┇ INFO    ┇    DeepKNLP.gner.trainer ┇ [training]  78%|███████████████▋    | 1120/1428 [0:08:08<0:02:14, 2.28Hz] | epoch=9.41, loss=0.041100
[02.12 13:55:22] ┇ INFO    ┇    DeepKNLP.gner.trainer ┇ [training]  79%|███████████████▊    | 1125/1428 [0:08:10<0:02:04, 2.42Hz] | epoch=9.45, loss=0.031200
[02.12 13:55:23] ┇ INFO    ┇    DeepKNLP.gner.trainer ┇ [training]  79%|███████████████▊    | 1130/1428 [0:08:11<0:02:02, 2.43Hz] | epoch=9.50, loss=0.047900
[02.12 13:55:24] ┇ INFO    ┇    DeepKNLP.gner.trainer ┇ [checking]   6%|█▏                  |  1/17 [0:00:00<0:00:00, 63852.39Hz]
[02.12 13:55:30] ┇ INFO    ┇    DeepKNLP.gner.trainer ┇ [checking] 100%|████████████████████| 17/17 [0:00:05<0:00:00, 3.13Hz]
[02.12 13:55:30] ┇ INFO    ┇    DeepKNLP.gner.trainer ┇ [training]  79%|███████████████▊    | 1130/1428 [0:08:11<0:02:02, 2.43Hz] | epoch=9.50, eval_average=0.6828
[02.12 13:55:32] ┇ INFO    ┇    DeepKNLP.gner.trainer ┇ [training]  79%|███████████████▉    | 1135/1428 [0:08:20<0:02:07, 2.29Hz] | epoch=9.54, loss=0.034200
[02.12 13:55:34] ┇ INFO    ┇    DeepKNLP.gner.trainer ┇ [training]  80%|███████████████▉    | 1140/1428 [0:08:22<0:02:05, 2.29Hz] | epoch=9.58, loss=0.043400
[02.12 13:55:35] ┇ INFO    ┇    DeepKNLP.gner.trainer ┇ [training]  80%|████████████████    | 1145/1428 [0:08:23<0:02:03, 2.29Hz] | epoch=9.62, loss=0.051700
[02.12 13:55:37] ┇ INFO    ┇    DeepKNLP.gner.trainer ┇ [training]  81%|████████████████    | 1150/1428 [0:08:25<0:02:01, 2.29Hz] | epoch=9.66, loss=0.070900
[02.12 13:55:38] ┇ INFO    ┇    DeepKNLP.gner.trainer ┇ [training]  81%|████████████████▏   | 1155/1428 [0:08:26<0:01:59, 2.29Hz] | epoch=9.71, loss=0.023400
[02.12 13:55:40] ┇ INFO    ┇    DeepKNLP.gner.trainer ┇ [training]  81%|████████████████▏   | 1160/1428 [0:08:28<0:01:56, 2.29Hz] | epoch=9.75, loss=0.016400
[02.12 13:55:41] ┇ INFO    ┇    DeepKNLP.gner.trainer ┇ [training]  82%|████████████████▎   | 1165/1428 [0:08:29<0:01:54, 2.29Hz] | epoch=9.79, loss=0.058700
[02.12 13:55:43] ┇ INFO    ┇    DeepKNLP.gner.trainer ┇ [training]  82%|████████████████▍   | 1170/1428 [0:08:31<0:01:52, 2.29Hz] | epoch=9.83, loss=0.049500
[02.12 13:55:45] ┇ INFO    ┇    DeepKNLP.gner.trainer ┇ [training]  82%|████████████████▍   | 1175/1428 [0:08:32<0:01:50, 2.29Hz] | epoch=9.87, loss=0.104800
[02.12 13:55:46] ┇ INFO    ┇    DeepKNLP.gner.trainer ┇ [training]  83%|████████████████▌   | 1180/1428 [0:08:34<0:01:48, 2.29Hz] | epoch=9.92, loss=0.037200
[02.12 13:55:48] ┇ INFO    ┇    DeepKNLP.gner.trainer ┇ [training]  83%|████████████████▌   | 1185/1428 [0:08:36<0:01:45, 2.29Hz] | epoch=9.96, loss=0.032500
[02.12 13:55:49] ┇ INFO    ┇    DeepKNLP.gner.trainer ┇ [training]  83%|████████████████▋   | 1190/1428 [0:08:37<0:01:37, 2.44Hz] | epoch=10.00, loss=0.065400
[02.12 13:55:50] ┇ INFO    ┇    DeepKNLP.gner.trainer ┇ [checking]   6%|█▏                  |  1/17 [0:00:00<0:00:00, 67667.12Hz]
[02.12 13:55:56] ┇ INFO    ┇    DeepKNLP.gner.trainer ┇ [checking] 100%|████████████████████| 17/17 [0:00:05<0:00:00, 3.12Hz]
[02.12 13:55:56] ┇ INFO    ┇    DeepKNLP.gner.trainer ┇ [training]  83%|████████████████▋   | 1190/1428 [0:08:37<0:01:37, 2.44Hz] | epoch=10.00, eval_average=0.6730
[02.12 13:55:58] ┇ INFO    ┇    DeepKNLP.gner.trainer ┇ [training]  84%|████████████████▋   | 1195/1428 [0:08:46<0:01:41, 2.31Hz] | epoch=10.04, loss=0.042300
[02.12 13:56:00] ┇ INFO    ┇    DeepKNLP.gner.trainer ┇ [training]  84%|████████████████▊   | 1200/1428 [0:08:47<0:01:38, 2.31Hz] | epoch=10.08, loss=0.023600
[02.12 13:56:01] ┇ INFO    ┇    DeepKNLP.gner.trainer ┇ [training]  84%|████████████████▉   | 1205/1428 [0:08:49<0:01:36, 2.31Hz] | epoch=10.13, loss=0.025900
[02.12 13:56:03] ┇ INFO    ┇    DeepKNLP.gner.trainer ┇ [training]  85%|████████████████▉   | 1210/1428 [0:08:51<0:01:34, 2.31Hz] | epoch=10.17, loss=0.048500
[02.12 13:56:04] ┇ INFO    ┇    DeepKNLP.gner.trainer ┇ [training]  85%|█████████████████   | 1215/1428 [0:08:52<0:01:32, 2.31Hz] | epoch=10.21, loss=0.042600
[02.12 13:56:06] ┇ INFO    ┇    DeepKNLP.gner.trainer ┇ [training]  85%|█████████████████   | 1220/1428 [0:08:54<0:01:30, 2.31Hz] | epoch=10.25, loss=0.045900
[02.12 13:56:07] ┇ INFO    ┇    DeepKNLP.gner.trainer ┇ [training]  86%|█████████████████▏  | 1225/1428 [0:08:55<0:01:28, 2.31Hz] | epoch=10.29, loss=0.090800
[02.12 13:56:09] ┇ INFO    ┇    DeepKNLP.gner.trainer ┇ [training]  86%|█████████████████▏  | 1230/1428 [0:08:57<0:01:25, 2.31Hz] | epoch=10.34, loss=0.070000
[02.12 13:56:10] ┇ INFO    ┇    DeepKNLP.gner.trainer ┇ [training]  86%|█████████████████▎  | 1235/1428 [0:08:58<0:01:23, 2.31Hz] | epoch=10.38, loss=0.029600
[02.12 13:56:12] ┇ INFO    ┇    DeepKNLP.gner.trainer ┇ [training]  87%|█████████████████▎  | 1240/1428 [0:09:00<0:01:21, 2.31Hz] | epoch=10.42, loss=0.037300
[02.12 13:56:14] ┇ INFO    ┇    DeepKNLP.gner.trainer ┇ [training]  87%|█████████████████▍  | 1245/1428 [0:09:02<0:01:19, 2.31Hz] | epoch=10.46, loss=0.028400
[02.12 13:56:15] ┇ INFO    ┇    DeepKNLP.gner.trainer ┇ [training]  88%|█████████████████▌  | 1250/1428 [0:09:03<0:01:17, 2.31Hz] | epoch=10.50, loss=0.031200
[02.12 13:56:15] ┇ INFO    ┇    DeepKNLP.gner.trainer ┇ [checking]   6%|█▏                  |  1/17 [0:00:00<0:00:00, 79161.15Hz]
[02.12 13:56:22] ┇ INFO    ┇    DeepKNLP.gner.trainer ┇ [checking] 100%|████████████████████| 17/17 [0:00:05<0:00:00, 3.10Hz]
[02.12 13:56:22] ┇ INFO    ┇    DeepKNLP.gner.trainer ┇ [training]  88%|█████████████████▌  | 1250/1428 [0:09:03<0:01:17, 2.31Hz] | epoch=10.50, eval_average=0.6635
[02.12 13:56:24] ┇ INFO    ┇    DeepKNLP.gner.trainer ┇ [training]  88%|█████████████████▌  | 1255/1428 [0:09:12<0:01:14, 2.32Hz] | epoch=10.55, loss=0.027100
[02.12 13:56:25] ┇ INFO    ┇    DeepKNLP.gner.trainer ┇ [training]  88%|█████████████████▋  | 1260/1428 [0:09:13<0:01:12, 2.32Hz] | epoch=10.59, loss=0.043500
[02.12 13:56:27] ┇ INFO    ┇    DeepKNLP.gner.trainer ┇ [training]  89%|█████████████████▋  | 1265/1428 [0:09:15<0:01:10, 2.32Hz] | epoch=10.63, loss=0.043100
[02.12 13:56:29] ┇ INFO    ┇    DeepKNLP.gner.trainer ┇ [training]  89%|█████████████████▊  | 1270/1428 [0:09:17<0:01:08, 2.32Hz] | epoch=10.67, loss=0.032600
[02.12 13:56:30] ┇ INFO    ┇    DeepKNLP.gner.trainer ┇ [training]  89%|█████████████████▊  | 1275/1428 [0:09:18<0:01:05, 2.32Hz] | epoch=10.71, loss=0.033800
[02.12 13:56:32] ┇ INFO    ┇    DeepKNLP.gner.trainer ┇ [training]  90%|█████████████████▉  | 1280/1428 [0:09:20<0:01:03, 2.32Hz] | epoch=10.76, loss=0.020200
[02.12 13:56:33] ┇ INFO    ┇    DeepKNLP.gner.trainer ┇ [training]  90%|█████████████████▉  | 1285/1428 [0:09:21<0:01:01, 2.32Hz] | epoch=10.80, loss=0.043500
[02.12 13:56:35] ┇ INFO    ┇    DeepKNLP.gner.trainer ┇ [training]  90%|██████████████████  | 1290/1428 [0:09:23<0:00:59, 2.32Hz] | epoch=10.84, loss=0.052100
[02.12 13:56:36] ┇ INFO    ┇    DeepKNLP.gner.trainer ┇ [training]  91%|██████████████████▏ | 1295/1428 [0:09:24<0:00:57, 2.32Hz] | epoch=10.88, loss=0.120000
[02.12 13:56:38] ┇ INFO    ┇    DeepKNLP.gner.trainer ┇ [training]  91%|██████████████████▏ | 1300/1428 [0:09:26<0:00:55, 2.32Hz] | epoch=10.92, loss=0.025200
[02.12 13:56:40] ┇ INFO    ┇    DeepKNLP.gner.trainer ┇ [training]  91%|██████████████████▎ | 1305/1428 [0:09:28<0:00:53, 2.32Hz] | epoch=10.97, loss=0.098100
[02.12 13:56:41] ┇ INFO    ┇    DeepKNLP.gner.trainer ┇ [checking]   6%|█▏                  |  1/17 [0:00:00<0:00:00, 96978.13Hz]
[02.12 13:56:48] ┇ INFO    ┇    DeepKNLP.gner.trainer ┇ [checking] 100%|████████████████████| 17/17 [0:00:05<0:00:00, 3.12Hz]
[02.12 13:56:48] ┇ INFO    ┇    DeepKNLP.gner.trainer ┇ [training]  92%|██████████████████▎ | 1309/1428 [0:09:36<0:00:54, 2.19Hz] | epoch=11.00, eval_average=0.6899
[02.12 13:56:49] ┇ INFO    ┇    DeepKNLP.gner.trainer ┇ [training]  92%|██████████████████▎ | 1310/1428 [0:09:37<0:00:54, 2.18Hz] | epoch=11.01, loss=0.042600
[02.12 13:56:50] ┇ INFO    ┇    DeepKNLP.gner.trainer ┇ [training]  92%|██████████████████▍ | 1315/1428 [0:09:38<0:00:49, 2.31Hz] | epoch=11.05, loss=0.019100
[02.12 13:56:52] ┇ INFO    ┇    DeepKNLP.gner.trainer ┇ [training]  92%|██████████████████▍ | 1320/1428 [0:09:40<0:00:46, 2.31Hz] | epoch=11.09, loss=0.094000
[02.12 13:56:53] ┇ INFO    ┇    DeepKNLP.gner.trainer ┇ [training]  93%|██████████████████▌ | 1325/1428 [0:09:41<0:00:44, 2.31Hz] | epoch=11.13, loss=0.026700
[02.12 13:56:55] ┇ INFO    ┇    DeepKNLP.gner.trainer ┇ [training]  93%|██████████████████▋ | 1330/1428 [0:09:43<0:00:42, 2.31Hz] | epoch=11.18, loss=0.025100
[02.12 13:56:57] ┇ INFO    ┇    DeepKNLP.gner.trainer ┇ [training]  93%|██████████████████▋ | 1335/1428 [0:09:45<0:00:40, 2.31Hz] | epoch=11.22, loss=0.099000
[02.12 13:56:58] ┇ INFO    ┇    DeepKNLP.gner.trainer ┇ [training]  94%|██████████████████▊ | 1340/1428 [0:09:46<0:00:38, 2.31Hz] | epoch=11.26, loss=0.055800
[02.12 13:57:00] ┇ INFO    ┇    DeepKNLP.gner.trainer ┇ [training]  94%|██████████████████▊ | 1345/1428 [0:09:48<0:00:35, 2.31Hz] | epoch=11.30, loss=0.028200
[02.12 13:57:01] ┇ INFO    ┇    DeepKNLP.gner.trainer ┇ [training]  95%|██████████████████▉ | 1350/1428 [0:09:49<0:00:33, 2.31Hz] | epoch=11.35, loss=0.026900
[02.12 13:57:03] ┇ INFO    ┇    DeepKNLP.gner.trainer ┇ [training]  95%|██████████████████▉ | 1355/1428 [0:09:51<0:00:31, 2.31Hz] | epoch=11.39, loss=0.029600
[02.12 13:57:05] ┇ INFO    ┇    DeepKNLP.gner.trainer ┇ [training]  95%|███████████████████ | 1360/1428 [0:09:53<0:00:29, 2.31Hz] | epoch=11.43, loss=0.052400
[02.12 13:57:06] ┇ INFO    ┇    DeepKNLP.gner.trainer ┇ [training]  96%|███████████████████ | 1365/1428 [0:09:54<0:00:27, 2.31Hz] | epoch=11.47, loss=0.037900
[02.12 13:57:07] ┇ INFO    ┇    DeepKNLP.gner.trainer ┇ [checking]   6%|█▏                  |  1/17 [0:00:00<0:00:00, 79254.64Hz]
[02.12 13:57:14] ┇ INFO    ┇    DeepKNLP.gner.trainer ┇ [checking] 100%|████████████████████| 17/17 [0:00:05<0:00:00, 3.12Hz]
[02.12 13:57:14] ┇ INFO    ┇    DeepKNLP.gner.trainer ┇ [training]  96%|███████████████████▏| 1368/1428 [0:10:02<0:00:27, 2.19Hz] | epoch=11.50, eval_average=0.6820
[02.12 13:57:15] ┇ INFO    ┇    DeepKNLP.gner.trainer ┇ [training]  96%|███████████████████▏| 1370/1428 [0:10:03<0:00:26, 2.18Hz] | epoch=11.51, loss=0.034000
[02.12 13:57:17] ┇ INFO    ┇    DeepKNLP.gner.trainer ┇ [training]  96%|███████████████████▎| 1375/1428 [0:10:04<0:00:22, 2.31Hz] | epoch=11.55, loss=0.074100
[02.12 13:57:18] ┇ INFO    ┇    DeepKNLP.gner.trainer ┇ [training]  97%|███████████████████▎| 1380/1428 [0:10:06<0:00:20, 2.31Hz] | epoch=11.60, loss=0.059900
[02.12 13:57:20] ┇ INFO    ┇    DeepKNLP.gner.trainer ┇ [training]  97%|███████████████████▍| 1385/1428 [0:10:08<0:00:18, 2.31Hz] | epoch=11.64, loss=0.057500
[02.12 13:57:21] ┇ INFO    ┇    DeepKNLP.gner.trainer ┇ [training]  97%|███████████████████▍| 1390/1428 [0:10:09<0:00:16, 2.31Hz] | epoch=11.68, loss=0.027200
[02.12 13:57:23] ┇ INFO    ┇    DeepKNLP.gner.trainer ┇ [training]  98%|███████████████████▌| 1395/1428 [0:10:11<0:00:14, 2.31Hz] | epoch=11.72, loss=0.024300
[02.12 13:57:24] ┇ INFO    ┇    DeepKNLP.gner.trainer ┇ [training]  98%|███████████████████▌| 1400/1428 [0:10:12<0:00:12, 2.31Hz] | epoch=11.77, loss=0.048600
[02.12 13:57:26] ┇ INFO    ┇    DeepKNLP.gner.trainer ┇ [training]  98%|███████████████████▋| 1405/1428 [0:10:14<0:00:09, 2.31Hz] | epoch=11.81, loss=0.072600
[02.12 13:57:27] ┇ INFO    ┇    DeepKNLP.gner.trainer ┇ [training]  99%|███████████████████▋| 1410/1428 [0:10:15<0:00:07, 2.31Hz] | epoch=11.85, loss=0.061900
[02.12 13:57:29] ┇ INFO    ┇    DeepKNLP.gner.trainer ┇ [training]  99%|███████████████████▊| 1415/1428 [0:10:17<0:00:05, 2.31Hz] | epoch=11.89, loss=0.033200
[02.12 13:57:31] ┇ INFO    ┇    DeepKNLP.gner.trainer ┇ [training]  99%|███████████████████▉| 1420/1428 [0:10:19<0:00:03, 2.31Hz] | epoch=11.93, loss=0.025600
[02.12 13:57:32] ┇ INFO    ┇    DeepKNLP.gner.trainer ┇ [training] 100%|███████████████████▉| 1425/1428 [0:10:20<0:00:01, 2.31Hz] | epoch=11.97, loss=0.044300
[02.12 13:57:33] ┇ INFO    ┇    DeepKNLP.gner.trainer ┇ [checking]   6%|█▏                  |  1/17 [0:00:00<0:00:00, 76195.13Hz]
[02.12 13:57:40] ┇ INFO    ┇    DeepKNLP.gner.trainer ┇ [checking] 100%|████████████████████| 17/17 [0:00:05<0:00:00, 3.12Hz]
[02.12 13:57:40] ┇ INFO    ┇    DeepKNLP.gner.trainer ┇ [training] 100%|████████████████████| 1428/1428 [0:10:28<0:00:00, 2.19Hz] | epoch=12.00, eval_average=0.6770
[02.12 13:57:40] ┇ INFO    ┇    DeepKNLP.gner.trainer ┇ [training] 100%|████████████████████| 1428/1428 [0:10:28<0:00:00, 2.19Hz] | epoch=12.00, train_loss=0.1463, total_pflos=54.404
[02.12 13:57:40] ┇ INFO    ┇    DeepKNLP.gner.trainer ┇ -----------------------------------------------------------------------------------------------------------------------------------------
[02.12 13:57:40] ┇ INFO    ┇                 DeepKNLP ┇ Train output metrics: {'train_runtime': 628.7197, 'train_samples_per_second': 72.185, 'train_steps_per_second': 2.271, 'total_flos': 5.440419158976102e+16, 'train_loss': 0.14625974274983927, 'epoch': 12.0}
[02.12 13:57:40] ┇ INFO    ┇           chrisbase.data ┇ =========================================================================================================================================
[02.12 13:57:40] ┇ INFO    ┇           chrisbase.data ┇ [EXIT] python task2-nerG-trainer.py --local_rank=0 --trainer_deepspeed configs/deepspeed/ds2_t5.json --run_version FlanT5-1B-WQ=1 --pretrained google/flan-t5-large --eval_epochs 0.5 --logging_steps 5 --num_train_epochs 12 --per_device_eval_batch_size 50 --per_device_train_batch_size 8 --gradient_accumulation_steps 1 --generation_max_length 640 --eval_file data/gner/each-sampled-WQ=1/crossner_ai-dev=100-WQ=1.jsonl --train_file data/gner/each-WQ=1/crossner_ai-train-WQ=1.jsonl --output_file train-metrics-crossner_ai-12ep.csv --logging_file train-loggings-crossner_ai-12ep.out --no_use_flash_attention --no_debugging ($=00:11:03.676)
[02.12 13:57:40] ┇ INFO    ┇           chrisbase.data ┇ =========================================================================================================================================
[02.12 13:57:42] ┇ INFO    ┇ torch._inductor.remote_cache ┇ Cache Metrics: None

[02.12 13:57:42] ┇ INFO    ┇ torch._dynamo.eval_frame ┇ TorchDynamo attempted to trace the following frames: [

]
[02.12 13:57:42] ┇ INFO    ┇      torch._dynamo.utils ┇ TorchDynamo compilation metrics:
Function    Runtimes (s)
----------  --------------
[02.12 13:57:42] ┇ INFO    ┇ torch._inductor.remote_cache ┇ Cache Metrics: None

[02.12 13:57:42] ┇ INFO    ┇ torch._dynamo.eval_frame ┇ TorchDynamo attempted to trace the following frames: [

]
[02.12 13:57:42] ┇ INFO    ┇      torch._dynamo.utils ┇ TorchDynamo compilation metrics:
Function    Runtimes (s)
----------  --------------
[02.12 13:57:42] ┇ INFO    ┇ torch._subclasses.fake_tensor ┇ FakeTensor cache stats:
[02.12 13:57:42] ┇ INFO    ┇ torch._subclasses.fake_tensor ┇   cache_hits: 0
[02.12 13:57:42] ┇ INFO    ┇ torch._subclasses.fake_tensor ┇   cache_misses: 0
[02.12 13:57:42] ┇ INFO    ┇ torch._subclasses.fake_tensor ┇ FakeTensor cache stats:
[02.12 13:57:42] ┇ INFO    ┇ torch._subclasses.fake_tensor ┇   cache_hits: 0
[02.12 13:57:42] ┇ INFO    ┇ torch._subclasses.fake_tensor ┇   cache_misses: 0
[02.12 13:57:42] ┇ INFO    ┇ torch._inductor.remote_cache ┇ Cache Metrics: None

[02.12 13:57:42] ┇ INFO    ┇ torch._dynamo.eval_frame ┇ TorchDynamo attempted to trace the following frames: [

]
[02.12 13:57:42] ┇ INFO    ┇      torch._dynamo.utils ┇ TorchDynamo compilation metrics:
Function    Runtimes (s)
----------  --------------
[02.12 13:57:42] ┇ INFO    ┇ torch._subclasses.fake_tensor ┇ FakeTensor cache stats:
[02.12 13:57:42] ┇ INFO    ┇ torch._subclasses.fake_tensor ┇   cache_hits: 0
[02.12 13:57:42] ┇ INFO    ┇ torch._subclasses.fake_tensor ┇   cache_misses: 0
[02.12 13:57:42] ┇ INFO    ┇ torch._inductor.remote_cache ┇ Cache Metrics: None

[02.12 13:57:42] ┇ INFO    ┇ torch._dynamo.eval_frame ┇ TorchDynamo attempted to trace the following frames: [

]
[02.12 13:57:42] ┇ INFO    ┇      torch._dynamo.utils ┇ TorchDynamo compilation metrics:
Function    Runtimes (s)
----------  --------------
[02.12 13:57:42] ┇ INFO    ┇ torch._subclasses.fake_tensor ┇ FakeTensor cache stats:
[02.12 13:57:42] ┇ INFO    ┇ torch._subclasses.fake_tensor ┇   cache_hits: 0
[02.12 13:57:42] ┇ INFO    ┇ torch._subclasses.fake_tensor ┇   cache_misses: 0
