[02.09 07:34:39] ┇ INFO    ┇           chrisbase.data ┇ =========================================================================================================================================
[02.09 07:34:39] ┇ INFO    ┇           chrisbase.data ┇ [INIT] python task2-nerG-trainer.py --local_rank=0 --trainer_deepspeed configs/deepspeed/ds2_llama.json --run_version EAGLE-1B-WQ=1 --pretrained etri-lirs/egpt-1.3b-preview --eval_epochs 0.5 --logging_steps 5 --num_train_epochs 12 --per_device_eval_batch_size 50 --per_device_train_batch_size 8 --gradient_accumulation_steps 1 --generation_max_length 640 --eval_file data/gner/each-sampled-WQ=1/crossner_music-dev=100-WQ=1.jsonl --train_file data/gner/each-WQ=1/crossner_music-train-WQ=1.jsonl --output_file train-metrics-crossner_music-12ep.csv --logging_file train-loggings-crossner_music-12ep.out --no_use_flash_attention --no_debugging
[02.09 07:34:39] ┇ INFO    ┇           chrisbase.data ┇ =========================================================================================================================================
[02.09 07:34:40] ┇ INFO    ┇           chrisbase.data ┇ -----------------------------------------------------------------------------------------------------------------------------------------
[02.09 07:34:40] ┇ INFO    ┇           chrisbase.data ┇   #	TrainingArgumentsForAccelerator              	value
[02.09 07:34:40] ┇ INFO    ┇           chrisbase.data ┇ -----------------------------------------------------------------------------------------------------------------------------------------
[02.09 07:34:40] ┇ INFO    ┇           chrisbase.data ┇   1	env.hostname                                 	dgx-a100
[02.09 07:34:40] ┇ INFO    ┇           chrisbase.data ┇   2	env.hostaddr                                 	129.254.23.12
[02.09 07:34:40] ┇ INFO    ┇           chrisbase.data ┇   3	env.global_rank                              	-1
[02.09 07:34:40] ┇ INFO    ┇           chrisbase.data ┇   4	env.local_rank                               	0
[02.09 07:34:40] ┇ INFO    ┇           chrisbase.data ┇   5	env.node_rank                                	-1
[02.09 07:34:40] ┇ INFO    ┇           chrisbase.data ┇   6	env.world_size                               	4
[02.09 07:34:40] ┇ INFO    ┇           chrisbase.data ┇   7	env.time_stamp                               	0209-073428
[02.09 07:34:40] ┇ INFO    ┇           chrisbase.data ┇   8	env.python_path                              	/raid/chrisjihee/miniforge3/envs/DeepKNLP/bin/python
[02.09 07:34:40] ┇ INFO    ┇           chrisbase.data ┇   9	env.current_dir                              	/raid/chrisjihee/proj/DeepKNLP
[02.09 07:34:40] ┇ INFO    ┇           chrisbase.data ┇  10	env.current_file                             	task2-nerG-trainer.py
[02.09 07:34:40] ┇ INFO    ┇           chrisbase.data ┇  11	env.command_args                             	['--local_rank=0', '--trainer_deepspeed', 'configs/deepspeed/ds2_llama.json', '--run_version', 'EAGLE-1B-WQ=1', '--pretrained', 'etri-lirs/egpt-1.3b-preview', '--eval_epochs', '0.5', '--logging_steps', '5', '--num_train_epochs', '12', '--per_device_eval_batch_size', '50', '--per_device_train_batch_size', '8', '--gradient_accumulation_steps', '1', '--generation_max_length', '640', '--eval_file', 'data/gner/each-sampled-WQ=1/crossner_music-dev=100-WQ=1.jsonl', '--train_file', 'data/gner/each-WQ=1/crossner_music-train-WQ=1.jsonl', '--output_file', 'train-metrics-crossner_music-12ep.csv', '--logging_file', 'train-loggings-crossner_music-12ep.out', '--no_use_flash_attention', '--no_debugging']
[02.09 07:34:40] ┇ INFO    ┇           chrisbase.data ┇  12	env.output_home                              	output
[02.09 07:34:40] ┇ INFO    ┇           chrisbase.data ┇  13	env.output_name                              	GNER
[02.09 07:34:40] ┇ INFO    ┇           chrisbase.data ┇  14	env.run_version                              	EAGLE-1B-WQ=1
[02.09 07:34:40] ┇ INFO    ┇           chrisbase.data ┇  15	env.output_file                              	train-metrics-crossner_music-12ep-0209-073428.csv
[02.09 07:34:40] ┇ INFO    ┇           chrisbase.data ┇  16	env.logging_file                             	train-loggings-crossner_music-12ep-0209-073428.out
[02.09 07:34:40] ┇ INFO    ┇           chrisbase.data ┇  17	env.logging_level                            	30
[02.09 07:34:40] ┇ INFO    ┇           chrisbase.data ┇  18	env.logging_format                           	%(asctime)s ┇ %(levelname)-7s ┇ %(name)24s ┇ %(message)s
[02.09 07:34:40] ┇ INFO    ┇           chrisbase.data ┇  19	env.datetime_format                          	[%m.%d %H:%M:%S]
[02.09 07:34:40] ┇ INFO    ┇           chrisbase.data ┇  20	env.argument_file                            	train-arguments-0209-073428.json
[02.09 07:34:40] ┇ INFO    ┇           chrisbase.data ┇  21	env.random_seed                              	7
[02.09 07:34:40] ┇ INFO    ┇           chrisbase.data ┇  22	env.max_workers                              	4
[02.09 07:34:40] ┇ INFO    ┇           chrisbase.data ┇  23	env.debugging                                	False
[02.09 07:34:40] ┇ INFO    ┇           chrisbase.data ┇  24	env.output_dir                               	output/GNER/EAGLE-1B-WQ=1
[02.09 07:34:40] ┇ INFO    ┇           chrisbase.data ┇  25	time.t1                                      	2025-02-09 07:34:40.149347
[02.09 07:34:40] ┇ INFO    ┇           chrisbase.data ┇  26	time.t2                                      	2025-02-09 07:34:26.060231
[02.09 07:34:40] ┇ INFO    ┇           chrisbase.data ┇  27	time.started                                 	[02.09 07:34:40]
[02.09 07:34:40] ┇ INFO    ┇           chrisbase.data ┇  28	time.settled
[02.09 07:34:40] ┇ INFO    ┇           chrisbase.data ┇  29	time.elapsed
[02.09 07:34:40] ┇ INFO    ┇           chrisbase.data ┇  30	data.train_file                              	data/gner/each-WQ=1/crossner_music-train-WQ=1.jsonl
[02.09 07:34:40] ┇ INFO    ┇           chrisbase.data ┇  31	data.study_file
[02.09 07:34:40] ┇ INFO    ┇           chrisbase.data ┇  32	data.eval_file                               	data/gner/each-sampled-WQ=1/crossner_music-dev=100-WQ=1.jsonl
[02.09 07:34:40] ┇ INFO    ┇           chrisbase.data ┇  33	data.pred_file
[02.09 07:34:40] ┇ INFO    ┇           chrisbase.data ┇  34	data.pretrained                              	etri-lirs/egpt-1.3b-preview
[02.09 07:34:40] ┇ INFO    ┇           chrisbase.data ┇  35	data.max_train_samples                       	-1
[02.09 07:34:40] ┇ INFO    ┇           chrisbase.data ┇  36	data.max_study_samples                       	-1
[02.09 07:34:40] ┇ INFO    ┇           chrisbase.data ┇  37	data.max_eval_samples                        	-1
[02.09 07:34:40] ┇ INFO    ┇           chrisbase.data ┇  38	data.max_pred_samples                        	-1
[02.09 07:34:40] ┇ INFO    ┇           chrisbase.data ┇  39	data.use_cache_data                          	False
[02.09 07:34:40] ┇ INFO    ┇           chrisbase.data ┇  40	data.progress_seconds                        	10.0
[02.09 07:34:40] ┇ INFO    ┇           chrisbase.data ┇  41	data.max_source_length                       	640
[02.09 07:34:40] ┇ INFO    ┇           chrisbase.data ┇  42	data.max_target_length                       	640
[02.09 07:34:40] ┇ INFO    ┇           chrisbase.data ┇  43	data.write_predictions                       	False
[02.09 07:34:40] ┇ INFO    ┇           chrisbase.data ┇  44	data.ignore_pad_token_for_loss               	True
[02.09 07:34:40] ┇ INFO    ┇           chrisbase.data ┇  45	train._n_gpu                                 	1
[02.09 07:34:40] ┇ INFO    ┇           chrisbase.data ┇  46	train.accelerator_config                     	{'split_batches': False, 'dispatch_batches': None, 'even_batches': True, 'use_seedable_sampler': True, 'non_blocking': False, 'gradient_accumulation_kwargs': None, 'use_configured_state': False}
[02.09 07:34:40] ┇ INFO    ┇           chrisbase.data ┇  47	train.adafactor                              	False
[02.09 07:34:40] ┇ INFO    ┇           chrisbase.data ┇  48	train.adam_beta1                             	0.9
[02.09 07:34:40] ┇ INFO    ┇           chrisbase.data ┇  49	train.adam_beta2                             	0.999
[02.09 07:34:40] ┇ INFO    ┇           chrisbase.data ┇  50	train.adam_epsilon                           	1e-08
[02.09 07:34:40] ┇ INFO    ┇           chrisbase.data ┇  51	train.auto_find_batch_size                   	False
[02.09 07:34:40] ┇ INFO    ┇           chrisbase.data ┇  52	train.average_tokens_across_devices          	False
[02.09 07:34:40] ┇ INFO    ┇           chrisbase.data ┇  53	train.batch_eval_metrics                     	False
[02.09 07:34:40] ┇ INFO    ┇           chrisbase.data ┇  54	train.bf16                                   	True
[02.09 07:34:40] ┇ INFO    ┇           chrisbase.data ┇  55	train.bf16_full_eval                         	True
[02.09 07:34:40] ┇ INFO    ┇           chrisbase.data ┇  56	train.data_seed
[02.09 07:34:40] ┇ INFO    ┇           chrisbase.data ┇  57	train.dataloader_drop_last                   	False
[02.09 07:34:40] ┇ INFO    ┇           chrisbase.data ┇  58	train.dataloader_num_workers                 	0
[02.09 07:34:40] ┇ INFO    ┇           chrisbase.data ┇  59	train.dataloader_persistent_workers          	False
[02.09 07:34:40] ┇ INFO    ┇           chrisbase.data ┇  60	train.dataloader_pin_memory                  	True
[02.09 07:34:40] ┇ INFO    ┇           chrisbase.data ┇  61	train.dataloader_prefetch_factor
[02.09 07:34:40] ┇ INFO    ┇           chrisbase.data ┇  62	train.ddp_backend
[02.09 07:34:40] ┇ INFO    ┇           chrisbase.data ┇  63	train.ddp_broadcast_buffers
[02.09 07:34:40] ┇ INFO    ┇           chrisbase.data ┇  64	train.ddp_bucket_cap_mb
[02.09 07:34:40] ┇ INFO    ┇           chrisbase.data ┇  65	train.ddp_find_unused_parameters
[02.09 07:34:40] ┇ INFO    ┇           chrisbase.data ┇  66	train.ddp_timeout                            	1800
[02.09 07:34:40] ┇ INFO    ┇           chrisbase.data ┇  67	train.debug                                  	[]
[02.09 07:34:40] ┇ INFO    ┇           chrisbase.data ┇  68	train.deepspeed                              	configs/deepspeed/ds2_llama.json
[02.09 07:34:40] ┇ INFO    ┇           chrisbase.data ┇  69	train.disable_tqdm                           	True
[02.09 07:34:40] ┇ INFO    ┇           chrisbase.data ┇  70	train.dispatch_batches
[02.09 07:34:40] ┇ INFO    ┇           chrisbase.data ┇  71	train.do_eval                                	True
[02.09 07:34:40] ┇ INFO    ┇           chrisbase.data ┇  72	train.do_predict                             	False
[02.09 07:34:40] ┇ INFO    ┇           chrisbase.data ┇  73	train.do_train                               	True
[02.09 07:34:40] ┇ INFO    ┇           chrisbase.data ┇  74	train.eval_accumulation_steps                	1
[02.09 07:34:40] ┇ INFO    ┇           chrisbase.data ┇  75	train.eval_delay                             	0.0
[02.09 07:34:40] ┇ INFO    ┇           chrisbase.data ┇  76	train.eval_do_concat_batches                 	True
[02.09 07:34:40] ┇ INFO    ┇           chrisbase.data ┇  77	train.eval_epochs                            	0.5
[02.09 07:34:40] ┇ INFO    ┇           chrisbase.data ┇  78	train.eval_on_start                          	False
[02.09 07:34:40] ┇ INFO    ┇           chrisbase.data ┇  79	train.eval_steps                             	9223372036854775807
[02.09 07:34:40] ┇ INFO    ┇           chrisbase.data ┇  80	train.eval_strategy                          	IntervalStrategy.NO
[02.09 07:34:40] ┇ INFO    ┇           chrisbase.data ┇  81	train.eval_use_gather_object                 	False
[02.09 07:34:40] ┇ INFO    ┇           chrisbase.data ┇  82	train.evaluation_strategy
[02.09 07:34:40] ┇ INFO    ┇           chrisbase.data ┇  83	train.fp16                                   	False
[02.09 07:34:40] ┇ INFO    ┇           chrisbase.data ┇  84	train.fp16_backend                           	auto
[02.09 07:34:40] ┇ INFO    ┇           chrisbase.data ┇  85	train.fp16_full_eval                         	False
[02.09 07:34:40] ┇ INFO    ┇           chrisbase.data ┇  86	train.fp16_opt_level                         	O1
[02.09 07:34:40] ┇ INFO    ┇           chrisbase.data ┇  87	train.fsdp                                   	[]
[02.09 07:34:40] ┇ INFO    ┇           chrisbase.data ┇  88	train.fsdp_config                            	{'min_num_params': 0, 'xla': False, 'xla_fsdp_v2': False, 'xla_fsdp_grad_ckpt': False}
[02.09 07:34:40] ┇ INFO    ┇           chrisbase.data ┇  89	train.fsdp_min_num_params                    	0
[02.09 07:34:40] ┇ INFO    ┇           chrisbase.data ┇  90	train.fsdp_transformer_layer_cls_to_wrap
[02.09 07:34:40] ┇ INFO    ┇           chrisbase.data ┇  91	train.full_determinism                       	False
[02.09 07:34:40] ┇ INFO    ┇           chrisbase.data ┇  92	train.generation_config
[02.09 07:34:40] ┇ INFO    ┇           chrisbase.data ┇  93	train.generation_max_length                  	640
[02.09 07:34:40] ┇ INFO    ┇           chrisbase.data ┇  94	train.generation_num_beams
[02.09 07:34:40] ┇ INFO    ┇           chrisbase.data ┇  95	train.gradient_accumulation_steps            	1
[02.09 07:34:40] ┇ INFO    ┇           chrisbase.data ┇  96	train.gradient_checkpointing                 	True
[02.09 07:34:40] ┇ INFO    ┇           chrisbase.data ┇  97	train.gradient_checkpointing_kwargs
[02.09 07:34:40] ┇ INFO    ┇           chrisbase.data ┇  98	train.greater_is_better
[02.09 07:34:40] ┇ INFO    ┇           chrisbase.data ┇  99	train.group_by_length                        	False
[02.09 07:34:40] ┇ INFO    ┇           chrisbase.data ┇ 100	train.half_precision_backend                 	auto
[02.09 07:34:40] ┇ INFO    ┇           chrisbase.data ┇ 101	train.hub_always_push                        	False
[02.09 07:34:40] ┇ INFO    ┇           chrisbase.data ┇ 102	train.hub_model_id
[02.09 07:34:40] ┇ INFO    ┇           chrisbase.data ┇ 103	train.hub_private_repo
[02.09 07:34:40] ┇ INFO    ┇           chrisbase.data ┇ 104	train.hub_strategy                           	HubStrategy.EVERY_SAVE
[02.09 07:34:40] ┇ INFO    ┇           chrisbase.data ┇ 105	train.hub_token
[02.09 07:34:40] ┇ INFO    ┇           chrisbase.data ┇ 106	train.ignore_data_skip                       	False
[02.09 07:34:40] ┇ INFO    ┇           chrisbase.data ┇ 107	train.include_for_metrics                    	[]
[02.09 07:34:40] ┇ INFO    ┇           chrisbase.data ┇ 108	train.include_inputs_for_metrics             	False
[02.09 07:34:40] ┇ INFO    ┇           chrisbase.data ┇ 109	train.include_num_input_tokens_seen          	False
[02.09 07:34:40] ┇ INFO    ┇           chrisbase.data ┇ 110	train.include_tokens_per_second              	False
[02.09 07:34:40] ┇ INFO    ┇           chrisbase.data ┇ 111	train.jit_mode_eval                          	False
[02.09 07:34:40] ┇ INFO    ┇           chrisbase.data ┇ 112	train.label_names
[02.09 07:34:40] ┇ INFO    ┇           chrisbase.data ┇ 113	train.label_smoothing_factor                 	0.0
[02.09 07:34:40] ┇ INFO    ┇           chrisbase.data ┇ 114	train.learning_rate                          	2e-05
[02.09 07:34:40] ┇ INFO    ┇           chrisbase.data ┇ 115	train.length_column_name                     	length
[02.09 07:34:40] ┇ INFO    ┇           chrisbase.data ┇ 116	train.load_best_model_at_end                 	False
[02.09 07:34:40] ┇ INFO    ┇           chrisbase.data ┇ 117	train.local_rank                             	0
[02.09 07:34:40] ┇ INFO    ┇           chrisbase.data ┇ 118	train.log_level                              	warning
[02.09 07:34:40] ┇ INFO    ┇           chrisbase.data ┇ 119	train.log_level_replica                      	error
[02.09 07:34:40] ┇ INFO    ┇           chrisbase.data ┇ 120	train.log_on_each_node                       	True
[02.09 07:34:40] ┇ INFO    ┇           chrisbase.data ┇ 121	train.logging_dir                            	output/GNER/EAGLE-1B-WQ=1/runs/Feb09_07-34-37_dgx-a100
[02.09 07:34:40] ┇ INFO    ┇           chrisbase.data ┇ 122	train.logging_epochs                         	-1.0
[02.09 07:34:40] ┇ INFO    ┇           chrisbase.data ┇ 123	train.logging_first_step                     	False
[02.09 07:34:40] ┇ INFO    ┇           chrisbase.data ┇ 124	train.logging_nan_inf_filter                 	True
[02.09 07:34:40] ┇ INFO    ┇           chrisbase.data ┇ 125	train.logging_steps                          	5
[02.09 07:34:40] ┇ INFO    ┇           chrisbase.data ┇ 126	train.logging_strategy                       	IntervalStrategy.STEPS
[02.09 07:34:40] ┇ INFO    ┇           chrisbase.data ┇ 127	train.lr_scheduler_kwargs                    	{}
[02.09 07:34:40] ┇ INFO    ┇           chrisbase.data ┇ 128	train.lr_scheduler_type                      	SchedulerType.COSINE
[02.09 07:34:40] ┇ INFO    ┇           chrisbase.data ┇ 129	train.max_grad_norm                          	1.0
[02.09 07:34:40] ┇ INFO    ┇           chrisbase.data ┇ 130	train.max_steps                              	-1
[02.09 07:34:40] ┇ INFO    ┇           chrisbase.data ┇ 131	train.metric_for_best_model
[02.09 07:34:40] ┇ INFO    ┇           chrisbase.data ┇ 132	train.mp_parameters
[02.09 07:34:40] ┇ INFO    ┇           chrisbase.data ┇ 133	train.neftune_noise_alpha
[02.09 07:34:40] ┇ INFO    ┇           chrisbase.data ┇ 134	train.no_cuda                                	False
[02.09 07:34:40] ┇ INFO    ┇           chrisbase.data ┇ 135	train.num_train_epochs                       	12.0
[02.09 07:34:40] ┇ INFO    ┇           chrisbase.data ┇ 136	train.optim                                  	OptimizerNames.ADAMW_TORCH
[02.09 07:34:40] ┇ INFO    ┇           chrisbase.data ┇ 137	train.optim_args
[02.09 07:34:40] ┇ INFO    ┇           chrisbase.data ┇ 138	train.optim_target_modules
[02.09 07:34:40] ┇ INFO    ┇           chrisbase.data ┇ 139	train.output_dir                             	output/GNER/EAGLE-1B-WQ=1
[02.09 07:34:40] ┇ INFO    ┇           chrisbase.data ┇ 140	train.overwrite_output_dir                   	True
[02.09 07:34:40] ┇ INFO    ┇           chrisbase.data ┇ 141	train.past_index                             	-1
[02.09 07:34:40] ┇ INFO    ┇           chrisbase.data ┇ 142	train.per_device_eval_batch_size             	50
[02.09 07:34:40] ┇ INFO    ┇           chrisbase.data ┇ 143	train.per_device_train_batch_size            	8
[02.09 07:34:40] ┇ INFO    ┇           chrisbase.data ┇ 144	train.per_gpu_eval_batch_size
[02.09 07:34:40] ┇ INFO    ┇           chrisbase.data ┇ 145	train.per_gpu_train_batch_size
[02.09 07:34:40] ┇ INFO    ┇           chrisbase.data ┇ 146	train.predict_with_generate                  	True
[02.09 07:34:40] ┇ INFO    ┇           chrisbase.data ┇ 147	train.prediction_loss_only                   	False
[02.09 07:34:40] ┇ INFO    ┇           chrisbase.data ┇ 148	train.push_to_hub                            	False
[02.09 07:34:40] ┇ INFO    ┇           chrisbase.data ┇ 149	train.push_to_hub_model_id
[02.09 07:34:40] ┇ INFO    ┇           chrisbase.data ┇ 150	train.push_to_hub_organization
[02.09 07:34:40] ┇ INFO    ┇           chrisbase.data ┇ 151	train.push_to_hub_token
[02.09 07:34:40] ┇ INFO    ┇           chrisbase.data ┇ 152	train.ray_scope                              	last
[02.09 07:34:40] ┇ INFO    ┇           chrisbase.data ┇ 153	train.remove_unused_columns                  	False
[02.09 07:34:40] ┇ INFO    ┇           chrisbase.data ┇ 154	train.report_to                              	[]
[02.09 07:34:40] ┇ INFO    ┇           chrisbase.data ┇ 155	train.restore_callback_states_from_checkpoint	False
[02.09 07:34:40] ┇ INFO    ┇           chrisbase.data ┇ 156	train.resume_from_checkpoint
[02.09 07:34:40] ┇ INFO    ┇           chrisbase.data ┇ 157	train.run_name                               	output/GNER/EAGLE-1B-WQ=1
[02.09 07:34:40] ┇ INFO    ┇           chrisbase.data ┇ 158	train.save_epochs                            	-1.0
[02.09 07:34:40] ┇ INFO    ┇           chrisbase.data ┇ 159	train.save_on_each_node                      	False
[02.09 07:34:40] ┇ INFO    ┇           chrisbase.data ┇ 160	train.save_only_model                        	False
[02.09 07:34:40] ┇ INFO    ┇           chrisbase.data ┇ 161	train.save_safetensors                       	True
[02.09 07:34:40] ┇ INFO    ┇           chrisbase.data ┇ 162	train.save_steps                             	9223372036854775807
[02.09 07:34:40] ┇ INFO    ┇           chrisbase.data ┇ 163	train.save_strategy                          	SaveStrategy.NO
[02.09 07:34:40] ┇ INFO    ┇           chrisbase.data ┇ 164	train.save_total_limit
[02.09 07:34:40] ┇ INFO    ┇           chrisbase.data ┇ 165	train.seed                                   	7
[02.09 07:34:40] ┇ INFO    ┇           chrisbase.data ┇ 166	train.skip_memory_metrics                    	True
[02.09 07:34:40] ┇ INFO    ┇           chrisbase.data ┇ 167	train.sortish_sampler                        	False
[02.09 07:34:40] ┇ INFO    ┇           chrisbase.data ┇ 168	train.split_batches
[02.09 07:34:40] ┇ INFO    ┇           chrisbase.data ┇ 169	train.tf32                                   	True
[02.09 07:34:40] ┇ INFO    ┇           chrisbase.data ┇ 170	train.torch_compile                          	False
[02.09 07:34:40] ┇ INFO    ┇           chrisbase.data ┇ 171	train.torch_compile_backend
[02.09 07:34:40] ┇ INFO    ┇           chrisbase.data ┇ 172	train.torch_compile_mode
[02.09 07:34:40] ┇ INFO    ┇           chrisbase.data ┇ 173	train.torch_empty_cache_steps
[02.09 07:34:40] ┇ INFO    ┇           chrisbase.data ┇ 174	train.torchdynamo
[02.09 07:34:40] ┇ INFO    ┇           chrisbase.data ┇ 175	train.tpu_metrics_debug                      	False
[02.09 07:34:40] ┇ INFO    ┇           chrisbase.data ┇ 176	train.tpu_num_cores
[02.09 07:34:40] ┇ INFO    ┇           chrisbase.data ┇ 177	train.use_cpu                                	False
[02.09 07:34:40] ┇ INFO    ┇           chrisbase.data ┇ 178	train.use_flash_attention                    	False
[02.09 07:34:40] ┇ INFO    ┇           chrisbase.data ┇ 179	train.use_ipex                               	False
[02.09 07:34:40] ┇ INFO    ┇           chrisbase.data ┇ 180	train.use_legacy_prediction_loop             	False
[02.09 07:34:40] ┇ INFO    ┇           chrisbase.data ┇ 181	train.use_liger_kernel                       	False
[02.09 07:34:40] ┇ INFO    ┇           chrisbase.data ┇ 182	train.use_mps_device                         	False
[02.09 07:34:40] ┇ INFO    ┇           chrisbase.data ┇ 183	train.warmup_ratio                           	0.04
[02.09 07:34:40] ┇ INFO    ┇           chrisbase.data ┇ 184	train.warmup_steps                           	0
[02.09 07:34:40] ┇ INFO    ┇           chrisbase.data ┇ 185	train.weight_decay                           	0.0
[02.09 07:34:40] ┇ INFO    ┇           chrisbase.data ┇ -----------------------------------------------------------------------------------------------------------------------------------------
[02.09 07:34:44] ┇ INFO    ┇                 DeepKNLP ┇ model type: <class 'transformers.models.gpt_neox.modeling_gpt_neox.GPTNeoXForCausalLM'>
[02.09 07:34:44] ┇ INFO    ┇                 DeepKNLP ┇ model pad_token_id: 0
[02.09 07:34:45] ┇ INFO    ┇                 DeepKNLP ┇ Loaded raw train_dataset (#=3909): data/gner/each-WQ=1/crossner_music-train-WQ=1.jsonl
[02.09 07:34:45] ┇ INFO    ┇                 DeepKNLP ┇ Preprocess train_dataset:   0%|                    |    4/3909 [0:00:00<0:13:43, 4.74Hz]
[02.09 07:34:47] ┇ INFO    ┇                 DeepKNLP ┇ Preprocess train_dataset: 100%|████████████████████| 3909/3909 [0:00:01<0:00:00, 3538.03Hz]
[02.09 07:34:47] ┇ INFO    ┇                 DeepKNLP ┇ Completed preprocessing for train_dataset by etri-lirs/egpt-1.3b-preview at [02.09 07:34:47]
[02.09 07:34:47] ┇ INFO    ┇                 DeepKNLP ┇ Loaded raw eval_dataset (#=4182): data/gner/each-sampled-WQ=1/crossner_music-dev=100-WQ=1.jsonl
[02.09 07:34:48] ┇ INFO    ┇                 DeepKNLP ┇ Preprocess eval_dataset:   0%|                    |    4/4182 [0:00:00<0:15:35, 4.47Hz]
[02.09 07:34:49] ┇ INFO    ┇                 DeepKNLP ┇ Preprocess eval_dataset: 100%|████████████████████| 4182/4182 [0:00:01<0:00:00, 1828.04Hz]
[02.09 07:34:50] ┇ INFO    ┇                 DeepKNLP ┇ Completed preprocessing for eval_dataset by etri-lirs/egpt-1.3b-preview at [02.09 07:34:49]
[02.09 07:34:55] ┇ INFO    ┇ torch.distributed.distributed_c10d ┇ Using backend config: {'cuda': 'nccl'}
[02.09 07:34:55] ┇ INFO    ┇ torch.distributed.distributed_c10d ┇ Using backend config: {'cuda': 'nccl'}
[02.09 07:34:58] ┇ INFO    ┇ torch.distributed.distributed_c10d ┇ Using backend config: {'cuda': 'nccl'}
[02.09 07:34:58] ┇ INFO    ┇ torch.distributed.distributed_c10d ┇ Using backend config: {'cuda': 'nccl'}
[02.09 07:35:05] ┇ WARNING ┇                DeepSpeed ┇ Attempting to get learning rate from scheduler before it has started
[02.09 07:35:05] ┇ INFO    ┇    DeepKNLP.gner.trainer ┇ -----------------------------------------------------------------------------------------------------------------------------------------
[02.09 07:35:05] ┇ INFO    ┇    DeepKNLP.gner.trainer ┇ ***** Beginning Training *****
[02.09 07:35:05] ┇ INFO    ┇    DeepKNLP.gner.trainer ┇ >> Train Epochs       = 12.0
[02.09 07:35:05] ┇ INFO    ┇    DeepKNLP.gner.trainer ┇ >> Train Examples     = 3,909
[02.09 07:35:05] ┇ INFO    ┇    DeepKNLP.gner.trainer ┇ >> Train Batch Size   = 32 = 8 * 1 * 4
[02.09 07:35:05] ┇ INFO    ┇    DeepKNLP.gner.trainer ┇ >> Train Optim Steps  = 1,476 = 123 * 12.0
[02.09 07:35:05] ┇ INFO    ┇    DeepKNLP.gner.trainer ┇ >> Train Model Params = 1,341,247,488
[02.09 07:35:05] ┇ INFO    ┇    DeepKNLP.gner.trainer ┇ >> Trainer Callbacks  = DefaultFlowCallback, CustomProgressCallback
[02.09 07:35:05] ┇ INFO    ┇    DeepKNLP.gner.trainer ┇ >> Zero Optim Stage   = 2
[02.09 07:35:05] ┇ INFO    ┇    DeepKNLP.gner.trainer ┇ >> Eval Examples      = 4,182
[02.09 07:35:05] ┇ INFO    ┇    DeepKNLP.gner.trainer ┇ >> Eval Batch Size    = 200 = 50 * 4
[02.09 07:35:10] ┇ INFO    ┇    DeepKNLP.gner.trainer ┇ [training]   0%|                    |    5/1476 [0:00:04<0:22:07, 1.11Hz] | epoch=0.04, loss=5.673400
[02.09 07:35:12] ┇ INFO    ┇    DeepKNLP.gner.trainer ┇ [training]   1%|▏                   |   10/1476 [0:00:06<0:15:32, 1.57Hz] | epoch=0.08, loss=1.542300
[02.09 07:35:14] ┇ INFO    ┇    DeepKNLP.gner.trainer ┇ [training]   1%|▏                   |   15/1476 [0:00:08<0:13:23, 1.82Hz] | epoch=0.12, loss=0.699700
[02.09 07:35:15] ┇ INFO    ┇    DeepKNLP.gner.trainer ┇ [training]   1%|▎                   |   20/1476 [0:00:09<0:12:04, 2.01Hz] | epoch=0.16, loss=0.561900
[02.09 07:35:17] ┇ INFO    ┇    DeepKNLP.gner.trainer ┇ [training]   2%|▎                   |   25/1476 [0:00:11<0:11:20, 2.13Hz] | epoch=0.20, loss=0.489600
[02.09 07:35:18] ┇ INFO    ┇    DeepKNLP.gner.trainer ┇ [training]   2%|▍                   |   30/1476 [0:00:13<0:10:27, 2.30Hz] | epoch=0.24, loss=0.345600
[02.09 07:35:20] ┇ INFO    ┇    DeepKNLP.gner.trainer ┇ [training]   2%|▍                   |   35/1476 [0:00:14<0:09:49, 2.45Hz] | epoch=0.28, loss=0.333700
[02.09 07:35:21] ┇ INFO    ┇    DeepKNLP.gner.trainer ┇ [training]   3%|▌                   |   40/1476 [0:00:15<0:09:19, 2.57Hz] | epoch=0.33, loss=0.282200
[02.09 07:35:22] ┇ INFO    ┇    DeepKNLP.gner.trainer ┇ [training]   3%|▌                   |   45/1476 [0:00:16<0:08:55, 2.67Hz] | epoch=0.37, loss=0.229700
[02.09 07:35:24] ┇ INFO    ┇    DeepKNLP.gner.trainer ┇ [training]   3%|▋                   |   50/1476 [0:00:18<0:08:37, 2.76Hz] | epoch=0.41, loss=0.265500
[02.09 07:35:25] ┇ INFO    ┇    DeepKNLP.gner.trainer ┇ [training]   4%|▋                   |   55/1476 [0:00:19<0:08:21, 2.84Hz] | epoch=0.45, loss=0.300000
[02.09 07:35:26] ┇ INFO    ┇    DeepKNLP.gner.trainer ┇ [training]   4%|▊                   |   60/1476 [0:00:20<0:08:07, 2.90Hz] | epoch=0.49, loss=0.283300
[02.09 07:35:29] ┇ INFO    ┇    DeepKNLP.gner.trainer ┇ [checking]   5%|▉                   |  1/21 [0:00:00<0:00:00, 58957.93Hz]
[02.09 07:35:41] ┇ INFO    ┇    DeepKNLP.gner.trainer ┇ [checking] 100%|████████████████████| 21/21 [0:00:09<0:00:00, 2.19Hz]
[02.09 07:35:41] ┇ INFO    ┇    DeepKNLP.gner.trainer ┇ [training]   4%|▊                   |   62/1476 [0:00:35<0:13:25, 1.76Hz] | epoch=0.50, eval_average=0.2225
[02.09 07:35:42] ┇ INFO    ┇    DeepKNLP.gner.trainer ┇ [training]   4%|▉                   |   65/1476 [0:00:36<0:13:04, 1.80Hz] | epoch=0.53, loss=0.273200
[02.09 07:35:43] ┇ INFO    ┇    DeepKNLP.gner.trainer ┇ [training]   5%|▉                   |   70/1476 [0:00:37<0:12:31, 1.87Hz] | epoch=0.57, loss=0.220700
[02.09 07:35:44] ┇ INFO    ┇    DeepKNLP.gner.trainer ┇ [training]   5%|█                   |   75/1476 [0:00:38<0:12:03, 1.94Hz] | epoch=0.61, loss=0.197900
[02.09 07:35:45] ┇ INFO    ┇    DeepKNLP.gner.trainer ┇ [training]   5%|█                   |   80/1476 [0:00:39<0:11:37, 2.00Hz] | epoch=0.65, loss=0.190900
[02.09 07:35:47] ┇ INFO    ┇    DeepKNLP.gner.trainer ┇ [training]   6%|█▏                  |   85/1476 [0:00:41<0:11:15, 2.06Hz] | epoch=0.69, loss=0.191500
[02.09 07:35:48] ┇ INFO    ┇    DeepKNLP.gner.trainer ┇ [training]   6%|█▏                  |   90/1476 [0:00:42<0:10:55, 2.12Hz] | epoch=0.73, loss=0.212600
[02.09 07:35:49] ┇ INFO    ┇    DeepKNLP.gner.trainer ┇ [training]   6%|█▎                  |   95/1476 [0:00:43<0:10:37, 2.17Hz] | epoch=0.77, loss=0.195800
[02.09 07:35:51] ┇ INFO    ┇    DeepKNLP.gner.trainer ┇ [training]   7%|█▎                  |  100/1476 [0:00:45<0:10:20, 2.22Hz] | epoch=0.81, loss=0.166400
[02.09 07:35:52] ┇ INFO    ┇    DeepKNLP.gner.trainer ┇ [training]   7%|█▍                  |  105/1476 [0:00:46<0:10:05, 2.26Hz] | epoch=0.85, loss=0.122500
[02.09 07:35:53] ┇ INFO    ┇    DeepKNLP.gner.trainer ┇ [training]   7%|█▍                  |  110/1476 [0:00:47<0:09:51, 2.31Hz] | epoch=0.89, loss=0.183900
[02.09 07:35:54] ┇ INFO    ┇    DeepKNLP.gner.trainer ┇ [training]   8%|█▌                  |  115/1476 [0:00:48<0:09:38, 2.35Hz] | epoch=0.94, loss=0.227400
[02.09 07:35:56] ┇ INFO    ┇    DeepKNLP.gner.trainer ┇ [training]   8%|█▋                  |  120/1476 [0:00:50<0:09:26, 2.39Hz] | epoch=0.98, loss=0.217800
[02.09 07:35:57] ┇ INFO    ┇    DeepKNLP.gner.trainer ┇ [checking]   5%|▉                   |  1/21 [0:00:00<0:00:00, 59692.12Hz]
[02.09 07:36:09] ┇ INFO    ┇    DeepKNLP.gner.trainer ┇ [checking] 100%|████████████████████| 21/21 [0:00:09<0:00:00, 2.17Hz]
[02.09 07:36:09] ┇ INFO    ┇    DeepKNLP.gner.trainer ┇ [training]   8%|█▋                  |  123/1476 [0:01:03<0:11:39, 1.94Hz] | epoch=1.00, eval_average=0.5100
[02.09 07:36:10] ┇ INFO    ┇    DeepKNLP.gner.trainer ┇ [training]   8%|█▋                  |  125/1476 [0:01:04<0:11:32, 1.95Hz] | epoch=1.02, loss=0.118100
[02.09 07:36:11] ┇ INFO    ┇    DeepKNLP.gner.trainer ┇ [training]   9%|█▊                  |  130/1476 [0:01:05<0:11:17, 1.99Hz] | epoch=1.06, loss=0.128400
[02.09 07:36:12] ┇ INFO    ┇    DeepKNLP.gner.trainer ┇ [training]   9%|█▊                  |  135/1476 [0:01:06<0:11:02, 2.03Hz] | epoch=1.10, loss=0.068600
[02.09 07:36:13] ┇ INFO    ┇    DeepKNLP.gner.trainer ┇ [training]   9%|█▉                  |  140/1476 [0:01:07<0:10:48, 2.06Hz] | epoch=1.14, loss=0.089900
[02.09 07:36:15] ┇ INFO    ┇    DeepKNLP.gner.trainer ┇ [training]  10%|█▉                  |  145/1476 [0:01:09<0:10:35, 2.09Hz] | epoch=1.18, loss=0.160800
[02.09 07:36:16] ┇ INFO    ┇    DeepKNLP.gner.trainer ┇ [training]  10%|██                  |  150/1476 [0:01:10<0:10:23, 2.13Hz] | epoch=1.22, loss=0.138800
[02.09 07:36:17] ┇ INFO    ┇    DeepKNLP.gner.trainer ┇ [training]  11%|██                  |  155/1476 [0:01:11<0:10:11, 2.16Hz] | epoch=1.26, loss=0.164900
[02.09 07:36:18] ┇ INFO    ┇    DeepKNLP.gner.trainer ┇ [training]  11%|██▏                 |  160/1476 [0:01:13<0:10:00, 2.19Hz] | epoch=1.30, loss=0.185300
[02.09 07:36:20] ┇ INFO    ┇    DeepKNLP.gner.trainer ┇ [training]  11%|██▏                 |  165/1476 [0:01:14<0:09:50, 2.22Hz] | epoch=1.34, loss=0.135000
[02.09 07:36:21] ┇ INFO    ┇    DeepKNLP.gner.trainer ┇ [training]  12%|██▎                 |  170/1476 [0:01:15<0:09:40, 2.25Hz] | epoch=1.38, loss=0.124400
[02.09 07:36:22] ┇ INFO    ┇    DeepKNLP.gner.trainer ┇ [training]  12%|██▎                 |  175/1476 [0:01:16<0:09:31, 2.28Hz] | epoch=1.42, loss=0.105900
[02.09 07:36:24] ┇ INFO    ┇    DeepKNLP.gner.trainer ┇ [training]  12%|██▍                 |  180/1476 [0:01:18<0:09:22, 2.30Hz] | epoch=1.46, loss=0.111400
[02.09 07:36:25] ┇ INFO    ┇    DeepKNLP.gner.trainer ┇ [checking]   5%|▉                   |  1/21 [0:00:00<0:00:00, 75615.62Hz]
[02.09 07:36:36] ┇ INFO    ┇    DeepKNLP.gner.trainer ┇ [checking] 100%|████████████████████| 21/21 [0:00:08<0:00:00, 2.47Hz]
[02.09 07:36:36] ┇ INFO    ┇    DeepKNLP.gner.trainer ┇ [training]  12%|██▍                 |  184/1476 [0:01:30<0:10:36, 2.03Hz] | epoch=1.50, eval_average=0.5701
[02.09 07:36:36] ┇ INFO    ┇    DeepKNLP.gner.trainer ┇ [training]  13%|██▌                 |  185/1476 [0:01:31<0:10:35, 2.03Hz] | epoch=1.50, loss=0.092300
[02.09 07:36:38] ┇ INFO    ┇    DeepKNLP.gner.trainer ┇ [training]  13%|██▌                 |  190/1476 [0:01:32<0:10:24, 2.06Hz] | epoch=1.54, loss=0.126400
[02.09 07:36:39] ┇ INFO    ┇    DeepKNLP.gner.trainer ┇ [training]  13%|██▋                 |  195/1476 [0:01:33<0:10:14, 2.08Hz] | epoch=1.58, loss=0.165900
[02.09 07:36:40] ┇ INFO    ┇    DeepKNLP.gner.trainer ┇ [training]  14%|██▋                 |  200/1476 [0:01:34<0:10:04, 2.11Hz] | epoch=1.63, loss=0.105900
[02.09 07:36:42] ┇ INFO    ┇    DeepKNLP.gner.trainer ┇ [training]  14%|██▊                 |  205/1476 [0:01:36<0:09:55, 2.13Hz] | epoch=1.67, loss=0.133400
[02.09 07:36:43] ┇ INFO    ┇    DeepKNLP.gner.trainer ┇ [training]  14%|██▊                 |  210/1476 [0:01:37<0:09:47, 2.16Hz] | epoch=1.71, loss=0.140500
[02.09 07:36:44] ┇ INFO    ┇    DeepKNLP.gner.trainer ┇ [training]  15%|██▉                 |  215/1476 [0:01:38<0:09:38, 2.18Hz] | epoch=1.75, loss=0.145000
[02.09 07:36:45] ┇ INFO    ┇    DeepKNLP.gner.trainer ┇ [training]  15%|██▉                 |  220/1476 [0:01:39<0:09:30, 2.20Hz] | epoch=1.79, loss=0.103100
[02.09 07:36:47] ┇ INFO    ┇    DeepKNLP.gner.trainer ┇ [training]  15%|███                 |  225/1476 [0:01:41<0:09:22, 2.22Hz] | epoch=1.83, loss=0.108300
[02.09 07:36:48] ┇ INFO    ┇    DeepKNLP.gner.trainer ┇ [training]  16%|███                 |  230/1476 [0:01:42<0:09:15, 2.24Hz] | epoch=1.87, loss=0.142800
[02.09 07:36:49] ┇ INFO    ┇    DeepKNLP.gner.trainer ┇ [training]  16%|███▏                |  235/1476 [0:01:43<0:09:07, 2.26Hz] | epoch=1.91, loss=0.167100
[02.09 07:36:50] ┇ INFO    ┇    DeepKNLP.gner.trainer ┇ [training]  16%|███▎                |  240/1476 [0:01:45<0:09:00, 2.29Hz] | epoch=1.95, loss=0.080100
[02.09 07:36:52] ┇ INFO    ┇    DeepKNLP.gner.trainer ┇ [training]  17%|███▎                |  245/1476 [0:01:46<0:08:54, 2.30Hz] | epoch=1.99, loss=0.087600
[02.09 07:36:52] ┇ INFO    ┇    DeepKNLP.gner.trainer ┇ [checking]   5%|▉                   |  1/21 [0:00:00<0:00:00, 68096.26Hz]
[02.09 07:37:03] ┇ INFO    ┇    DeepKNLP.gner.trainer ┇ [checking] 100%|████████████████████| 21/21 [0:00:08<0:00:00, 2.49Hz]
[02.09 07:37:03] ┇ INFO    ┇    DeepKNLP.gner.trainer ┇ [training]  17%|███▎                |  246/1476 [0:01:57<0:09:49, 2.08Hz] | epoch=2.00, eval_average=0.5366
[02.09 07:37:05] ┇ INFO    ┇    DeepKNLP.gner.trainer ┇ [training]  17%|███▍                |  250/1476 [0:01:59<0:09:43, 2.10Hz] | epoch=2.03, loss=0.098800
[02.09 07:37:06] ┇ INFO    ┇    DeepKNLP.gner.trainer ┇ [training]  17%|███▍                |  255/1476 [0:02:00<0:09:36, 2.12Hz] | epoch=2.07, loss=0.079300
[02.09 07:37:07] ┇ INFO    ┇    DeepKNLP.gner.trainer ┇ [training]  18%|███▌                |  260/1476 [0:02:01<0:09:28, 2.14Hz] | epoch=2.11, loss=0.108800
[02.09 07:37:08] ┇ INFO    ┇    DeepKNLP.gner.trainer ┇ [training]  18%|███▌                |  265/1476 [0:02:02<0:09:21, 2.16Hz] | epoch=2.15, loss=0.096800
[02.09 07:37:10] ┇ INFO    ┇    DeepKNLP.gner.trainer ┇ [training]  18%|███▋                |  270/1476 [0:02:04<0:09:14, 2.17Hz] | epoch=2.19, loss=0.121600
[02.09 07:37:11] ┇ INFO    ┇    DeepKNLP.gner.trainer ┇ [training]  19%|███▋                |  275/1476 [0:02:05<0:09:07, 2.19Hz] | epoch=2.24, loss=0.062700
[02.09 07:37:12] ┇ INFO    ┇    DeepKNLP.gner.trainer ┇ [training]  19%|███▊                |  280/1476 [0:02:06<0:09:01, 2.21Hz] | epoch=2.28, loss=0.098000
[02.09 07:37:13] ┇ INFO    ┇    DeepKNLP.gner.trainer ┇ [training]  19%|███▊                |  285/1476 [0:02:08<0:08:55, 2.23Hz] | epoch=2.32, loss=0.066600
[02.09 07:37:15] ┇ INFO    ┇    DeepKNLP.gner.trainer ┇ [training]  20%|███▉                |  290/1476 [0:02:09<0:08:48, 2.24Hz] | epoch=2.36, loss=0.118300
[02.09 07:37:16] ┇ INFO    ┇    DeepKNLP.gner.trainer ┇ [training]  20%|███▉                |  295/1476 [0:02:10<0:08:42, 2.26Hz] | epoch=2.40, loss=0.031800
[02.09 07:37:17] ┇ INFO    ┇    DeepKNLP.gner.trainer ┇ [training]  20%|████                |  300/1476 [0:02:11<0:08:27, 2.32Hz] | epoch=2.44, loss=0.153500
[02.09 07:37:19] ┇ INFO    ┇    DeepKNLP.gner.trainer ┇ [training]  21%|████▏               |  305/1476 [0:02:13<0:08:23, 2.33Hz] | epoch=2.48, loss=0.089100
[02.09 07:37:20] ┇ INFO    ┇    DeepKNLP.gner.trainer ┇ [checking]   5%|▉                   |  1/21 [0:00:00<0:00:00, 69363.17Hz]
[02.09 07:37:32] ┇ INFO    ┇    DeepKNLP.gner.trainer ┇ [checking] 100%|████████████████████| 21/21 [0:00:09<0:00:00, 2.16Hz]
[02.09 07:37:32] ┇ INFO    ┇    DeepKNLP.gner.trainer ┇ [training]  21%|████▏               |  308/1476 [0:02:26<0:09:12, 2.11Hz] | epoch=2.50, eval_average=0.4912
[02.09 07:37:33] ┇ INFO    ┇    DeepKNLP.gner.trainer ┇ [training]  21%|████▏               |  310/1476 [0:02:27<0:09:13, 2.11Hz] | epoch=2.52, loss=0.074500
[02.09 07:37:34] ┇ INFO    ┇    DeepKNLP.gner.trainer ┇ [training]  21%|████▎               |  315/1476 [0:02:28<0:09:08, 2.12Hz] | epoch=2.56, loss=0.076400
[02.09 07:37:35] ┇ INFO    ┇    DeepKNLP.gner.trainer ┇ [training]  22%|████▎               |  320/1476 [0:02:30<0:09:06, 2.12Hz] | epoch=2.60, loss=0.120900
[02.09 07:37:37] ┇ INFO    ┇    DeepKNLP.gner.trainer ┇ [training]  22%|████▍               |  325/1476 [0:02:31<0:09:03, 2.12Hz] | epoch=2.64, loss=0.068400
[02.09 07:37:38] ┇ INFO    ┇    DeepKNLP.gner.trainer ┇ [training]  22%|████▍               |  330/1476 [0:02:32<0:09:01, 2.12Hz] | epoch=2.68, loss=0.064200
[02.09 07:37:39] ┇ INFO    ┇    DeepKNLP.gner.trainer ┇ [training]  23%|████▌               |  335/1476 [0:02:33<0:08:58, 2.12Hz] | epoch=2.72, loss=0.087000
[02.09 07:37:41] ┇ INFO    ┇    DeepKNLP.gner.trainer ┇ [training]  23%|████▌               |  340/1476 [0:02:35<0:08:56, 2.12Hz] | epoch=2.76, loss=0.096000
[02.09 07:37:42] ┇ INFO    ┇    DeepKNLP.gner.trainer ┇ [training]  23%|████▋               |  345/1476 [0:02:36<0:08:54, 2.12Hz] | epoch=2.81, loss=0.119800
[02.09 07:37:43] ┇ INFO    ┇    DeepKNLP.gner.trainer ┇ [training]  24%|████▋               |  350/1476 [0:02:37<0:08:52, 2.12Hz] | epoch=2.85, loss=0.111300
[02.09 07:37:44] ┇ INFO    ┇    DeepKNLP.gner.trainer ┇ [training]  24%|████▊               |  355/1476 [0:02:38<0:07:53, 2.37Hz] | epoch=2.89, loss=0.067500
[02.09 07:37:46] ┇ INFO    ┇    DeepKNLP.gner.trainer ┇ [training]  24%|████▉               |  360/1476 [0:02:40<0:07:49, 2.38Hz] | epoch=2.93, loss=0.070700
[02.09 07:37:47] ┇ INFO    ┇    DeepKNLP.gner.trainer ┇ [training]  25%|████▉               |  365/1476 [0:02:41<0:07:47, 2.38Hz] | epoch=2.97, loss=0.108700
[02.09 07:37:48] ┇ INFO    ┇    DeepKNLP.gner.trainer ┇ [checking]   5%|▉                   |  1/21 [0:00:00<0:00:00, 66411.54Hz]
[02.09 07:37:59] ┇ INFO    ┇    DeepKNLP.gner.trainer ┇ [checking] 100%|████████████████████| 21/21 [0:00:08<0:00:00, 2.49Hz]
[02.09 07:37:59] ┇ INFO    ┇    DeepKNLP.gner.trainer ┇ [training]  25%|█████               |  369/1476 [0:02:53<0:08:29, 2.17Hz] | epoch=3.00, eval_average=0.5579
[02.09 07:38:00] ┇ INFO    ┇    DeepKNLP.gner.trainer ┇ [training]  25%|█████               |  370/1476 [0:02:54<0:08:32, 2.16Hz] | epoch=3.01, loss=0.066300
[02.09 07:38:01] ┇ INFO    ┇    DeepKNLP.gner.trainer ┇ [training]  25%|█████               |  375/1476 [0:02:55<0:08:29, 2.16Hz] | epoch=3.05, loss=0.022500
[02.09 07:38:02] ┇ INFO    ┇    DeepKNLP.gner.trainer ┇ [training]  26%|█████▏              |  380/1476 [0:02:56<0:08:27, 2.16Hz] | epoch=3.09, loss=0.061100
[02.09 07:38:03] ┇ INFO    ┇    DeepKNLP.gner.trainer ┇ [training]  26%|█████▏              |  385/1476 [0:02:58<0:08:24, 2.16Hz] | epoch=3.13, loss=0.068900
[02.09 07:38:05] ┇ INFO    ┇    DeepKNLP.gner.trainer ┇ [training]  26%|█████▎              |  390/1476 [0:02:59<0:08:22, 2.16Hz] | epoch=3.17, loss=0.092000
[02.09 07:38:06] ┇ INFO    ┇    DeepKNLP.gner.trainer ┇ [training]  27%|█████▎              |  395/1476 [0:03:00<0:08:20, 2.16Hz] | epoch=3.21, loss=0.056100
[02.09 07:38:07] ┇ INFO    ┇    DeepKNLP.gner.trainer ┇ [training]  27%|█████▍              |  400/1476 [0:03:01<0:08:18, 2.16Hz] | epoch=3.25, loss=0.047200
[02.09 07:38:09] ┇ INFO    ┇    DeepKNLP.gner.trainer ┇ [training]  27%|█████▍              |  405/1476 [0:03:03<0:08:15, 2.16Hz] | epoch=3.29, loss=0.042800
[02.09 07:38:10] ┇ INFO    ┇    DeepKNLP.gner.trainer ┇ [training]  28%|█████▌              |  410/1476 [0:03:04<0:08:13, 2.16Hz] | epoch=3.33, loss=0.079900
[02.09 07:38:11] ┇ INFO    ┇    DeepKNLP.gner.trainer ┇ [training]  28%|█████▌              |  415/1476 [0:03:05<0:07:23, 2.39Hz] | epoch=3.37, loss=0.065700
[02.09 07:38:12] ┇ INFO    ┇    DeepKNLP.gner.trainer ┇ [training]  28%|█████▋              |  420/1476 [0:03:06<0:07:19, 2.40Hz] | epoch=3.42, loss=0.048800
[02.09 07:38:14] ┇ INFO    ┇    DeepKNLP.gner.trainer ┇ [training]  29%|█████▊              |  425/1476 [0:03:08<0:07:17, 2.40Hz] | epoch=3.46, loss=0.054700
[02.09 07:38:15] ┇ INFO    ┇    DeepKNLP.gner.trainer ┇ [training]  29%|█████▊              |  430/1476 [0:03:09<0:07:15, 2.40Hz] | epoch=3.50, loss=0.084700
[02.09 07:38:15] ┇ INFO    ┇    DeepKNLP.gner.trainer ┇ [checking]   5%|▉                   |  1/21 [0:00:00<0:00:00, 58090.34Hz]
[02.09 07:38:26] ┇ INFO    ┇    DeepKNLP.gner.trainer ┇ [checking] 100%|████████████████████| 21/21 [0:00:08<0:00:00, 2.49Hz]
[02.09 07:38:26] ┇ INFO    ┇    DeepKNLP.gner.trainer ┇ [training]  29%|█████▊              |  430/1476 [0:03:09<0:07:15, 2.40Hz] | epoch=3.50, eval_average=0.4828
[02.09 07:38:28] ┇ INFO    ┇    DeepKNLP.gner.trainer ┇ [training]  29%|█████▉              |  435/1476 [0:03:22<0:07:53, 2.20Hz] | epoch=3.54, loss=0.067500
[02.09 07:38:29] ┇ INFO    ┇    DeepKNLP.gner.trainer ┇ [training]  30%|█████▉              |  440/1476 [0:03:23<0:07:51, 2.20Hz] | epoch=3.58, loss=0.065800
[02.09 07:38:30] ┇ INFO    ┇    DeepKNLP.gner.trainer ┇ [training]  30%|██████              |  445/1476 [0:03:24<0:07:49, 2.20Hz] | epoch=3.62, loss=0.037400
[02.09 07:38:31] ┇ INFO    ┇    DeepKNLP.gner.trainer ┇ [training]  30%|██████              |  450/1476 [0:03:26<0:07:47, 2.20Hz] | epoch=3.66, loss=0.048900
[02.09 07:38:33] ┇ INFO    ┇    DeepKNLP.gner.trainer ┇ [training]  31%|██████▏             |  455/1476 [0:03:27<0:07:44, 2.20Hz] | epoch=3.70, loss=0.046900
[02.09 07:38:34] ┇ INFO    ┇    DeepKNLP.gner.trainer ┇ [training]  31%|██████▏             |  460/1476 [0:03:28<0:07:42, 2.20Hz] | epoch=3.74, loss=0.070900
[02.09 07:38:35] ┇ INFO    ┇    DeepKNLP.gner.trainer ┇ [training]  32%|██████▎             |  465/1476 [0:03:29<0:07:40, 2.20Hz] | epoch=3.78, loss=0.111100
[02.09 07:38:37] ┇ INFO    ┇    DeepKNLP.gner.trainer ┇ [training]  32%|██████▎             |  470/1476 [0:03:31<0:07:37, 2.20Hz] | epoch=3.82, loss=0.062800
[02.09 07:38:38] ┇ INFO    ┇    DeepKNLP.gner.trainer ┇ [training]  32%|██████▍             |  475/1476 [0:03:32<0:07:35, 2.20Hz] | epoch=3.86, loss=0.101200
[02.09 07:38:39] ┇ INFO    ┇    DeepKNLP.gner.trainer ┇ [training]  33%|██████▌             |  480/1476 [0:03:33<0:06:53, 2.41Hz] | epoch=3.90, loss=0.068200
[02.09 07:38:40] ┇ INFO    ┇    DeepKNLP.gner.trainer ┇ [training]  33%|██████▌             |  485/1476 [0:03:34<0:06:49, 2.42Hz] | epoch=3.94, loss=0.070500
[02.09 07:38:42] ┇ INFO    ┇    DeepKNLP.gner.trainer ┇ [training]  33%|██████▋             |  490/1476 [0:03:36<0:06:47, 2.42Hz] | epoch=3.98, loss=0.097500
[02.09 07:38:43] ┇ INFO    ┇    DeepKNLP.gner.trainer ┇ [checking]   5%|▉                   |  1/21 [0:00:00<0:00:00, 98040.71Hz]
[02.09 07:38:55] ┇ INFO    ┇    DeepKNLP.gner.trainer ┇ [checking] 100%|████████████████████| 21/21 [0:00:09<0:00:00, 2.20Hz]
[02.09 07:38:55] ┇ INFO    ┇    DeepKNLP.gner.trainer ┇ [training]  33%|██████▋             |  492/1476 [0:03:49<0:07:29, 2.19Hz] | epoch=4.00, eval_average=0.4664
[02.09 07:38:56] ┇ INFO    ┇    DeepKNLP.gner.trainer ┇ [training]  34%|██████▋             |  495/1476 [0:03:50<0:07:29, 2.18Hz] | epoch=4.02, loss=0.035600
[02.09 07:38:57] ┇ INFO    ┇    DeepKNLP.gner.trainer ┇ [training]  34%|██████▊             |  500/1476 [0:03:51<0:07:27, 2.18Hz] | epoch=4.07, loss=0.036100
[02.09 07:38:58] ┇ INFO    ┇    DeepKNLP.gner.trainer ┇ [training]  34%|██████▊             |  505/1476 [0:03:52<0:07:25, 2.18Hz] | epoch=4.11, loss=0.038800
[02.09 07:38:59] ┇ INFO    ┇    DeepKNLP.gner.trainer ┇ [training]  35%|██████▉             |  510/1476 [0:03:53<0:07:23, 2.18Hz] | epoch=4.15, loss=0.052000
[02.09 07:39:01] ┇ INFO    ┇    DeepKNLP.gner.trainer ┇ [training]  35%|██████▉             |  515/1476 [0:03:55<0:07:20, 2.18Hz] | epoch=4.19, loss=0.029600
[02.09 07:39:02] ┇ INFO    ┇    DeepKNLP.gner.trainer ┇ [training]  35%|███████             |  520/1476 [0:03:56<0:07:18, 2.18Hz] | epoch=4.23, loss=0.058400
[02.09 07:39:03] ┇ INFO    ┇    DeepKNLP.gner.trainer ┇ [training]  36%|███████             |  525/1476 [0:03:57<0:07:16, 2.18Hz] | epoch=4.27, loss=0.036400
[02.09 07:39:04] ┇ INFO    ┇    DeepKNLP.gner.trainer ┇ [training]  36%|███████▏            |  530/1476 [0:03:59<0:07:13, 2.18Hz] | epoch=4.31, loss=0.088300
[02.09 07:39:06] ┇ INFO    ┇    DeepKNLP.gner.trainer ┇ [training]  36%|███████▏            |  535/1476 [0:04:00<0:07:11, 2.18Hz] | epoch=4.35, loss=0.046800
[02.09 07:39:07] ┇ INFO    ┇    DeepKNLP.gner.trainer ┇ [training]  37%|███████▎            |  540/1476 [0:04:01<0:07:09, 2.18Hz] | epoch=4.39, loss=0.066400
[02.09 07:39:08] ┇ INFO    ┇    DeepKNLP.gner.trainer ┇ [training]  37%|███████▍            |  545/1476 [0:04:02<0:06:28, 2.39Hz] | epoch=4.43, loss=0.020900
[02.09 07:39:10] ┇ INFO    ┇    DeepKNLP.gner.trainer ┇ [training]  37%|███████▍            |  550/1476 [0:04:04<0:06:26, 2.40Hz] | epoch=4.47, loss=0.056400
[02.09 07:39:11] ┇ INFO    ┇    DeepKNLP.gner.trainer ┇ [checking]   5%|▉                   |  1/21 [0:00:00<0:00:00, 89777.74Hz]
[02.09 07:39:23] ┇ INFO    ┇    DeepKNLP.gner.trainer ┇ [checking] 100%|████████████████████| 21/21 [0:00:09<0:00:00, 2.20Hz]
[02.09 07:39:23] ┇ INFO    ┇    DeepKNLP.gner.trainer ┇ [training]  38%|███████▌            |  554/1476 [0:04:17<0:07:04, 2.17Hz] | epoch=4.50, eval_average=0.6085
[02.09 07:39:24] ┇ INFO    ┇    DeepKNLP.gner.trainer ┇ [training]  38%|███████▌            |  555/1476 [0:04:18<0:07:06, 2.16Hz] | epoch=4.51, loss=0.043700
[02.09 07:39:25] ┇ INFO    ┇    DeepKNLP.gner.trainer ┇ [training]  38%|███████▌            |  560/1476 [0:04:19<0:07:04, 2.16Hz] | epoch=4.55, loss=0.026600
[02.09 07:39:26] ┇ INFO    ┇    DeepKNLP.gner.trainer ┇ [training]  38%|███████▋            |  565/1476 [0:04:20<0:07:02, 2.16Hz] | epoch=4.59, loss=0.019300
[02.09 07:39:28] ┇ INFO    ┇    DeepKNLP.gner.trainer ┇ [training]  39%|███████▋            |  570/1476 [0:04:22<0:06:59, 2.16Hz] | epoch=4.63, loss=0.026300
[02.09 07:39:29] ┇ INFO    ┇    DeepKNLP.gner.trainer ┇ [training]  39%|███████▊            |  575/1476 [0:04:23<0:06:57, 2.16Hz] | epoch=4.67, loss=0.087700
[02.09 07:39:30] ┇ INFO    ┇    DeepKNLP.gner.trainer ┇ [training]  39%|███████▊            |  580/1476 [0:04:24<0:06:55, 2.16Hz] | epoch=4.71, loss=0.049800
[02.09 07:39:31] ┇ INFO    ┇    DeepKNLP.gner.trainer ┇ [training]  40%|███████▉            |  585/1476 [0:04:25<0:06:52, 2.16Hz] | epoch=4.76, loss=0.051100
[02.09 07:39:33] ┇ INFO    ┇    DeepKNLP.gner.trainer ┇ [training]  40%|███████▉            |  590/1476 [0:04:27<0:06:50, 2.16Hz] | epoch=4.80, loss=0.033200
[02.09 07:39:34] ┇ INFO    ┇    DeepKNLP.gner.trainer ┇ [training]  40%|████████            |  595/1476 [0:04:28<0:06:48, 2.16Hz] | epoch=4.84, loss=0.038700
[02.09 07:39:35] ┇ INFO    ┇    DeepKNLP.gner.trainer ┇ [training]  41%|████████▏           |  600/1476 [0:04:29<0:06:45, 2.16Hz] | epoch=4.88, loss=0.085700
[02.09 07:39:37] ┇ INFO    ┇    DeepKNLP.gner.trainer ┇ [training]  41%|████████▏           |  605/1476 [0:04:31<0:06:04, 2.39Hz] | epoch=4.92, loss=0.029100
[02.09 07:39:38] ┇ INFO    ┇    DeepKNLP.gner.trainer ┇ [training]  41%|████████▎           |  610/1476 [0:04:32<0:06:00, 2.40Hz] | epoch=4.96, loss=0.057000
[02.09 07:39:39] ┇ INFO    ┇    DeepKNLP.gner.trainer ┇ [training]  42%|████████▎           |  615/1476 [0:04:33<0:05:58, 2.40Hz] | epoch=5.00, loss=0.031000
[02.09 07:39:40] ┇ INFO    ┇    DeepKNLP.gner.trainer ┇ [checking]   5%|▉                   |  1/21 [0:00:00<0:00:00, 54671.17Hz]
[02.09 07:39:50] ┇ INFO    ┇    DeepKNLP.gner.trainer ┇ [checking] 100%|████████████████████| 21/21 [0:00:08<0:00:00, 2.48Hz]
[02.09 07:39:50] ┇ INFO    ┇    DeepKNLP.gner.trainer ┇ [training]  42%|████████▎           |  615/1476 [0:04:33<0:05:58, 2.40Hz] | epoch=5.00, eval_average=0.5856
[02.09 07:39:52] ┇ INFO    ┇    DeepKNLP.gner.trainer ┇ [training]  42%|████████▍           |  620/1476 [0:04:46<0:06:28, 2.20Hz] | epoch=5.04, loss=0.024900
[02.09 07:39:53] ┇ INFO    ┇    DeepKNLP.gner.trainer ┇ [training]  42%|████████▍           |  625/1476 [0:04:47<0:06:26, 2.20Hz] | epoch=5.08, loss=0.037800
[02.09 07:39:54] ┇ INFO    ┇    DeepKNLP.gner.trainer ┇ [training]  43%|████████▌           |  630/1476 [0:04:48<0:06:24, 2.20Hz] | epoch=5.12, loss=0.019700
[02.09 07:39:56] ┇ INFO    ┇    DeepKNLP.gner.trainer ┇ [training]  43%|████████▌           |  635/1476 [0:04:50<0:06:22, 2.20Hz] | epoch=5.16, loss=0.054900
[02.09 07:39:57] ┇ INFO    ┇    DeepKNLP.gner.trainer ┇ [training]  43%|████████▋           |  640/1476 [0:04:51<0:06:20, 2.20Hz] | epoch=5.20, loss=0.013800
[02.09 07:39:58] ┇ INFO    ┇    DeepKNLP.gner.trainer ┇ [training]  44%|████████▋           |  645/1476 [0:04:52<0:06:17, 2.20Hz] | epoch=5.24, loss=0.032800
[02.09 07:40:00] ┇ INFO    ┇    DeepKNLP.gner.trainer ┇ [training]  44%|████████▊           |  650/1476 [0:04:54<0:06:15, 2.20Hz] | epoch=5.29, loss=0.045700
[02.09 07:40:01] ┇ INFO    ┇    DeepKNLP.gner.trainer ┇ [training]  44%|████████▉           |  655/1476 [0:04:55<0:06:13, 2.20Hz] | epoch=5.33, loss=0.044900
[02.09 07:40:02] ┇ INFO    ┇    DeepKNLP.gner.trainer ┇ [training]  45%|████████▉           |  660/1476 [0:04:56<0:06:11, 2.20Hz] | epoch=5.37, loss=0.018300
[02.09 07:40:03] ┇ INFO    ┇    DeepKNLP.gner.trainer ┇ [training]  45%|█████████           |  665/1476 [0:04:57<0:06:08, 2.20Hz] | epoch=5.41, loss=0.012200
[02.09 07:40:05] ┇ INFO    ┇    DeepKNLP.gner.trainer ┇ [training]  45%|█████████           |  670/1476 [0:04:59<0:05:35, 2.40Hz] | epoch=5.45, loss=0.041000
[02.09 07:40:06] ┇ INFO    ┇    DeepKNLP.gner.trainer ┇ [training]  46%|█████████▏          |  675/1476 [0:05:00<0:05:31, 2.42Hz] | epoch=5.49, loss=0.050800
[02.09 07:40:07] ┇ INFO    ┇    DeepKNLP.gner.trainer ┇ [checking]   5%|▉                   |  1/21 [0:00:00<0:00:00, 96247.92Hz]
[02.09 07:40:18] ┇ INFO    ┇    DeepKNLP.gner.trainer ┇ [checking] 100%|████████████████████| 21/21 [0:00:08<0:00:00, 2.48Hz]
[02.09 07:40:18] ┇ INFO    ┇    DeepKNLP.gner.trainer ┇ [training]  46%|█████████▏          |  676/1476 [0:05:12<0:06:03, 2.20Hz] | epoch=5.50, eval_average=0.5615
[02.09 07:40:19] ┇ INFO    ┇    DeepKNLP.gner.trainer ┇ [training]  46%|█████████▏          |  680/1476 [0:05:13<0:06:01, 2.20Hz] | epoch=5.53, loss=0.047500
[02.09 07:40:20] ┇ INFO    ┇    DeepKNLP.gner.trainer ┇ [training]  46%|█████████▎          |  685/1476 [0:05:14<0:05:59, 2.20Hz] | epoch=5.57, loss=0.027400
[02.09 07:40:21] ┇ INFO    ┇    DeepKNLP.gner.trainer ┇ [training]  47%|█████████▎          |  690/1476 [0:05:15<0:05:57, 2.20Hz] | epoch=5.61, loss=0.020200
[02.09 07:40:22] ┇ INFO    ┇    DeepKNLP.gner.trainer ┇ [training]  47%|█████████▍          |  695/1476 [0:05:16<0:05:55, 2.20Hz] | epoch=5.65, loss=0.059400
[02.09 07:40:24] ┇ INFO    ┇    DeepKNLP.gner.trainer ┇ [training]  47%|█████████▍          |  700/1476 [0:05:18<0:05:52, 2.20Hz] | epoch=5.69, loss=0.068700
[02.09 07:40:25] ┇ INFO    ┇    DeepKNLP.gner.trainer ┇ [training]  48%|█████████▌          |  705/1476 [0:05:19<0:05:50, 2.20Hz] | epoch=5.73, loss=0.025500
[02.09 07:40:26] ┇ INFO    ┇    DeepKNLP.gner.trainer ┇ [training]  48%|█████████▌          |  710/1476 [0:05:20<0:05:48, 2.20Hz] | epoch=5.77, loss=0.030400
[02.09 07:40:27] ┇ INFO    ┇    DeepKNLP.gner.trainer ┇ [training]  48%|█████████▋          |  715/1476 [0:05:22<0:05:45, 2.20Hz] | epoch=5.81, loss=0.019900
[02.09 07:40:29] ┇ INFO    ┇    DeepKNLP.gner.trainer ┇ [training]  49%|█████████▊          |  720/1476 [0:05:23<0:05:43, 2.20Hz] | epoch=5.85, loss=0.041300
[02.09 07:40:30] ┇ INFO    ┇    DeepKNLP.gner.trainer ┇ [training]  49%|█████████▊          |  725/1476 [0:05:24<0:05:41, 2.20Hz] | epoch=5.89, loss=0.038300
[02.09 07:40:31] ┇ INFO    ┇    DeepKNLP.gner.trainer ┇ [training]  49%|█████████▉          |  730/1476 [0:05:25<0:05:39, 2.20Hz] | epoch=5.93, loss=0.047500
[02.09 07:40:33] ┇ INFO    ┇    DeepKNLP.gner.trainer ┇ [training]  50%|█████████▉          |  735/1476 [0:05:27<0:05:08, 2.40Hz] | epoch=5.98, loss=0.015700
[02.09 07:40:34] ┇ INFO    ┇    DeepKNLP.gner.trainer ┇ [checking]   5%|▉                   |  1/21 [0:00:00<0:00:00, 87810.09Hz]
[02.09 07:40:45] ┇ INFO    ┇    DeepKNLP.gner.trainer ┇ [checking] 100%|████████████████████| 21/21 [0:00:08<0:00:00, 2.50Hz]
[02.09 07:40:45] ┇ INFO    ┇    DeepKNLP.gner.trainer ┇ [training]  50%|██████████          |  738/1476 [0:05:39<0:05:36, 2.19Hz] | epoch=6.00, eval_average=0.5603
[02.09 07:40:45] ┇ INFO    ┇    DeepKNLP.gner.trainer ┇ [training]  50%|██████████          |  740/1476 [0:05:39<0:05:36, 2.18Hz] | epoch=6.02, loss=0.017300
[02.09 07:40:47] ┇ INFO    ┇    DeepKNLP.gner.trainer ┇ [training]  50%|██████████          |  745/1476 [0:05:41<0:05:34, 2.18Hz] | epoch=6.06, loss=0.003700
[02.09 07:40:48] ┇ INFO    ┇    DeepKNLP.gner.trainer ┇ [training]  51%|██████████▏         |  750/1476 [0:05:42<0:05:32, 2.18Hz] | epoch=6.10, loss=0.022900
[02.09 07:40:49] ┇ INFO    ┇    DeepKNLP.gner.trainer ┇ [training]  51%|██████████▏         |  755/1476 [0:05:43<0:05:30, 2.18Hz] | epoch=6.14, loss=0.018300
[02.09 07:40:50] ┇ INFO    ┇    DeepKNLP.gner.trainer ┇ [training]  51%|██████████▎         |  760/1476 [0:05:44<0:05:27, 2.18Hz] | epoch=6.18, loss=0.019100
[02.09 07:40:52] ┇ INFO    ┇    DeepKNLP.gner.trainer ┇ [training]  52%|██████████▎         |  765/1476 [0:05:46<0:05:25, 2.19Hz] | epoch=6.22, loss=0.032300
[02.09 07:40:53] ┇ INFO    ┇    DeepKNLP.gner.trainer ┇ [training]  52%|██████████▍         |  770/1476 [0:05:47<0:05:23, 2.18Hz] | epoch=6.26, loss=0.016500
[02.09 07:40:54] ┇ INFO    ┇    DeepKNLP.gner.trainer ┇ [training]  53%|██████████▌         |  775/1476 [0:05:48<0:05:20, 2.18Hz] | epoch=6.30, loss=0.019900
[02.09 07:40:55] ┇ INFO    ┇    DeepKNLP.gner.trainer ┇ [training]  53%|██████████▌         |  780/1476 [0:05:50<0:05:18, 2.18Hz] | epoch=6.34, loss=0.018400
[02.09 07:40:57] ┇ INFO    ┇    DeepKNLP.gner.trainer ┇ [training]  53%|██████████▋         |  785/1476 [0:05:51<0:05:16, 2.18Hz] | epoch=6.38, loss=0.033800
[02.09 07:40:58] ┇ INFO    ┇    DeepKNLP.gner.trainer ┇ [training]  54%|██████████▋         |  790/1476 [0:05:52<0:04:43, 2.42Hz] | epoch=6.42, loss=0.021000
[02.09 07:40:59] ┇ INFO    ┇    DeepKNLP.gner.trainer ┇ [training]  54%|██████████▊         |  795/1476 [0:05:53<0:04:40, 2.42Hz] | epoch=6.46, loss=0.050500
[02.09 07:41:01] ┇ INFO    ┇    DeepKNLP.gner.trainer ┇ [training]  54%|██████████▊         |  800/1476 [0:05:55<0:04:38, 2.43Hz] | epoch=6.50, loss=0.011300
[02.09 07:41:01] ┇ INFO    ┇    DeepKNLP.gner.trainer ┇ [checking]   5%|▉                   |  1/21 [0:00:00<0:00:00, 98040.71Hz]
[02.09 07:41:12] ┇ INFO    ┇    DeepKNLP.gner.trainer ┇ [checking] 100%|████████████████████| 21/21 [0:00:08<0:00:00, 2.48Hz]
[02.09 07:41:12] ┇ INFO    ┇    DeepKNLP.gner.trainer ┇ [training]  54%|██████████▊         |  800/1476 [0:05:55<0:04:38, 2.43Hz] | epoch=6.50, eval_average=0.5971
[02.09 07:41:13] ┇ INFO    ┇    DeepKNLP.gner.trainer ┇ [training]  55%|██████████▉         |  805/1476 [0:06:07<0:05:02, 2.22Hz] | epoch=6.54, loss=0.031600
[02.09 07:41:15] ┇ INFO    ┇    DeepKNLP.gner.trainer ┇ [training]  55%|██████████▉         |  810/1476 [0:06:09<0:05:00, 2.22Hz] | epoch=6.58, loss=0.031600
[02.09 07:41:16] ┇ INFO    ┇    DeepKNLP.gner.trainer ┇ [training]  55%|███████████         |  815/1476 [0:06:10<0:04:57, 2.22Hz] | epoch=6.63, loss=0.022900
[02.09 07:41:17] ┇ INFO    ┇    DeepKNLP.gner.trainer ┇ [training]  56%|███████████         |  820/1476 [0:06:11<0:04:55, 2.22Hz] | epoch=6.67, loss=0.020100
[02.09 07:41:18] ┇ INFO    ┇    DeepKNLP.gner.trainer ┇ [training]  56%|███████████▏        |  825/1476 [0:06:12<0:04:53, 2.22Hz] | epoch=6.71, loss=0.029700
[02.09 07:41:20] ┇ INFO    ┇    DeepKNLP.gner.trainer ┇ [training]  56%|███████████▏        |  830/1476 [0:06:14<0:04:50, 2.22Hz] | epoch=6.75, loss=0.017700
[02.09 07:41:21] ┇ INFO    ┇    DeepKNLP.gner.trainer ┇ [training]  57%|███████████▎        |  835/1476 [0:06:15<0:04:48, 2.22Hz] | epoch=6.79, loss=0.017000
[02.09 07:41:22] ┇ INFO    ┇    DeepKNLP.gner.trainer ┇ [training]  57%|███████████▍        |  840/1476 [0:06:16<0:04:46, 2.22Hz] | epoch=6.83, loss=0.015700
[02.09 07:41:23] ┇ INFO    ┇    DeepKNLP.gner.trainer ┇ [training]  57%|███████████▍        |  845/1476 [0:06:17<0:04:44, 2.22Hz] | epoch=6.87, loss=0.013300
[02.09 07:41:25] ┇ INFO    ┇    DeepKNLP.gner.trainer ┇ [training]  58%|███████████▌        |  850/1476 [0:06:19<0:04:42, 2.22Hz] | epoch=6.91, loss=0.040600
[02.09 07:41:26] ┇ INFO    ┇    DeepKNLP.gner.trainer ┇ [training]  58%|███████████▌        |  855/1476 [0:06:20<0:04:12, 2.46Hz] | epoch=6.95, loss=0.015800
[02.09 07:41:27] ┇ INFO    ┇    DeepKNLP.gner.trainer ┇ [training]  58%|███████████▋        |  860/1476 [0:06:21<0:04:09, 2.47Hz] | epoch=6.99, loss=0.051200
[02.09 07:41:28] ┇ INFO    ┇    DeepKNLP.gner.trainer ┇ [checking]   5%|▉                   |  1/21 [0:00:00<0:00:00, 76108.72Hz]
[02.09 07:41:39] ┇ INFO    ┇    DeepKNLP.gner.trainer ┇ [checking] 100%|████████████████████| 21/21 [0:00:08<0:00:00, 2.48Hz]
[02.09 07:41:39] ┇ INFO    ┇    DeepKNLP.gner.trainer ┇ [training]  58%|███████████▋        |  861/1476 [0:06:33<0:04:34, 2.24Hz] | epoch=7.00, eval_average=0.5960
[02.09 07:41:40] ┇ INFO    ┇    DeepKNLP.gner.trainer ┇ [training]  59%|███████████▋        |  865/1476 [0:06:34<0:04:32, 2.24Hz] | epoch=7.03, loss=0.025800
[02.09 07:41:42] ┇ INFO    ┇    DeepKNLP.gner.trainer ┇ [training]  59%|███████████▊        |  870/1476 [0:06:36<0:04:30, 2.24Hz] | epoch=7.07, loss=0.018300
[02.09 07:41:43] ┇ INFO    ┇    DeepKNLP.gner.trainer ┇ [training]  59%|███████████▊        |  875/1476 [0:06:37<0:04:28, 2.24Hz] | epoch=7.11, loss=0.060300
[02.09 07:41:44] ┇ INFO    ┇    DeepKNLP.gner.trainer ┇ [training]  60%|███████████▉        |  880/1476 [0:06:38<0:04:26, 2.24Hz] | epoch=7.15, loss=0.009000
[02.09 07:41:45] ┇ INFO    ┇    DeepKNLP.gner.trainer ┇ [training]  60%|███████████▉        |  885/1476 [0:06:39<0:04:24, 2.24Hz] | epoch=7.20, loss=0.011900
[02.09 07:41:47] ┇ INFO    ┇    DeepKNLP.gner.trainer ┇ [training]  60%|████████████        |  890/1476 [0:06:41<0:04:21, 2.24Hz] | epoch=7.24, loss=0.013500
[02.09 07:41:48] ┇ INFO    ┇    DeepKNLP.gner.trainer ┇ [training]  61%|████████████▏       |  895/1476 [0:06:42<0:04:19, 2.24Hz] | epoch=7.28, loss=0.033400
[02.09 07:41:49] ┇ INFO    ┇    DeepKNLP.gner.trainer ┇ [training]  61%|████████████▏       |  900/1476 [0:06:43<0:04:17, 2.24Hz] | epoch=7.32, loss=0.014100
[02.09 07:41:50] ┇ INFO    ┇    DeepKNLP.gner.trainer ┇ [training]  61%|████████████▎       |  905/1476 [0:06:45<0:04:15, 2.24Hz] | epoch=7.36, loss=0.032300
[02.09 07:41:52] ┇ INFO    ┇    DeepKNLP.gner.trainer ┇ [training]  62%|████████████▎       |  910/1476 [0:06:46<0:04:12, 2.24Hz] | epoch=7.40, loss=0.028000
[02.09 07:41:53] ┇ INFO    ┇    DeepKNLP.gner.trainer ┇ [training]  62%|████████████▍       |  915/1476 [0:06:47<0:04:10, 2.24Hz] | epoch=7.44, loss=0.005000
[02.09 07:41:54] ┇ INFO    ┇    DeepKNLP.gner.trainer ┇ [training]  62%|████████████▍       |  920/1476 [0:06:48<0:03:47, 2.45Hz] | epoch=7.48, loss=0.011200
[02.09 07:41:55] ┇ INFO    ┇    DeepKNLP.gner.trainer ┇ [checking]   5%|▉                   |  1/21 [0:00:00<0:00:00, 101220.01Hz]
[02.09 07:42:06] ┇ INFO    ┇    DeepKNLP.gner.trainer ┇ [checking] 100%|████████████████████| 21/21 [0:00:08<0:00:00, 2.49Hz]
[02.09 07:42:06] ┇ INFO    ┇    DeepKNLP.gner.trainer ┇ [training]  62%|████████████▍       |  922/1476 [0:07:00<0:04:08, 2.23Hz] | epoch=7.50, eval_average=0.5613
[02.09 07:42:07] ┇ INFO    ┇    DeepKNLP.gner.trainer ┇ [training]  63%|████████████▌       |  925/1476 [0:07:01<0:04:07, 2.22Hz] | epoch=7.52, loss=0.017100
[02.09 07:42:08] ┇ INFO    ┇    DeepKNLP.gner.trainer ┇ [training]  63%|████████████▌       |  930/1476 [0:07:02<0:04:05, 2.22Hz] | epoch=7.56, loss=0.037600
[02.09 07:42:10] ┇ INFO    ┇    DeepKNLP.gner.trainer ┇ [training]  63%|████████████▋       |  935/1476 [0:07:04<0:04:03, 2.22Hz] | epoch=7.60, loss=0.019700
[02.09 07:42:11] ┇ INFO    ┇    DeepKNLP.gner.trainer ┇ [training]  64%|████████████▋       |  940/1476 [0:07:05<0:04:01, 2.22Hz] | epoch=7.64, loss=0.019800
[02.09 07:42:12] ┇ INFO    ┇    DeepKNLP.gner.trainer ┇ [training]  64%|████████████▊       |  945/1476 [0:07:06<0:03:58, 2.22Hz] | epoch=7.68, loss=0.026800
[02.09 07:42:13] ┇ INFO    ┇    DeepKNLP.gner.trainer ┇ [training]  64%|████████████▊       |  950/1476 [0:07:08<0:03:56, 2.22Hz] | epoch=7.72, loss=0.013900
[02.09 07:42:15] ┇ INFO    ┇    DeepKNLP.gner.trainer ┇ [training]  65%|████████████▉       |  955/1476 [0:07:09<0:03:54, 2.22Hz] | epoch=7.76, loss=0.029100
[02.09 07:42:16] ┇ INFO    ┇    DeepKNLP.gner.trainer ┇ [training]  65%|█████████████       |  960/1476 [0:07:10<0:03:52, 2.22Hz] | epoch=7.80, loss=0.038200
[02.09 07:42:17] ┇ INFO    ┇    DeepKNLP.gner.trainer ┇ [training]  65%|█████████████       |  965/1476 [0:07:11<0:03:49, 2.22Hz] | epoch=7.85, loss=0.008600
[02.09 07:42:19] ┇ INFO    ┇    DeepKNLP.gner.trainer ┇ [training]  66%|█████████████▏      |  970/1476 [0:07:13<0:03:47, 2.22Hz] | epoch=7.89, loss=0.018500
[02.09 07:42:20] ┇ INFO    ┇    DeepKNLP.gner.trainer ┇ [training]  66%|█████████████▏      |  975/1476 [0:07:14<0:03:24, 2.45Hz] | epoch=7.93, loss=0.022200
[02.09 07:42:21] ┇ INFO    ┇    DeepKNLP.gner.trainer ┇ [training]  66%|█████████████▎      |  980/1476 [0:07:15<0:03:22, 2.45Hz] | epoch=7.97, loss=0.019600
[02.09 07:42:23] ┇ INFO    ┇    DeepKNLP.gner.trainer ┇ [checking]   5%|▉                   |  1/21 [0:00:00<0:00:00, 66774.99Hz]
[02.09 07:42:34] ┇ INFO    ┇    DeepKNLP.gner.trainer ┇ [checking] 100%|████████████████████| 21/21 [0:00:08<0:00:00, 2.48Hz]
[02.09 07:42:34] ┇ INFO    ┇    DeepKNLP.gner.trainer ┇ [training]  67%|█████████████▎      |  984/1476 [0:07:28<0:03:39, 2.24Hz] | epoch=8.00, eval_average=0.6088
[02.09 07:42:34] ┇ INFO    ┇    DeepKNLP.gner.trainer ┇ [training]  67%|█████████████▎      |  985/1476 [0:07:28<0:03:40, 2.22Hz] | epoch=8.01, loss=0.013900
[02.09 07:42:35] ┇ INFO    ┇    DeepKNLP.gner.trainer ┇ [training]  67%|█████████████▍      |  990/1476 [0:07:29<0:03:38, 2.22Hz] | epoch=8.05, loss=0.026500
[02.09 07:42:36] ┇ INFO    ┇    DeepKNLP.gner.trainer ┇ [training]  67%|█████████████▍      |  995/1476 [0:07:30<0:03:36, 2.22Hz] | epoch=8.09, loss=0.009000
[02.09 07:42:38] ┇ INFO    ┇    DeepKNLP.gner.trainer ┇ [training]  68%|█████████████▌      | 1000/1476 [0:07:32<0:03:34, 2.22Hz] | epoch=8.13, loss=0.018300
[02.09 07:42:39] ┇ INFO    ┇    DeepKNLP.gner.trainer ┇ [training]  68%|█████████████▌      | 1005/1476 [0:07:33<0:03:31, 2.22Hz] | epoch=8.17, loss=0.006700
[02.09 07:42:40] ┇ INFO    ┇    DeepKNLP.gner.trainer ┇ [training]  68%|█████████████▋      | 1010/1476 [0:07:34<0:03:29, 2.22Hz] | epoch=8.21, loss=0.019500
[02.09 07:42:41] ┇ INFO    ┇    DeepKNLP.gner.trainer ┇ [training]  69%|█████████████▊      | 1015/1476 [0:07:36<0:03:27, 2.22Hz] | epoch=8.25, loss=0.017100
[02.09 07:42:43] ┇ INFO    ┇    DeepKNLP.gner.trainer ┇ [training]  69%|█████████████▊      | 1020/1476 [0:07:37<0:03:25, 2.22Hz] | epoch=8.29, loss=0.015400
[02.09 07:42:44] ┇ INFO    ┇    DeepKNLP.gner.trainer ┇ [training]  69%|█████████████▉      | 1025/1476 [0:07:38<0:03:22, 2.22Hz] | epoch=8.33, loss=0.019000
[02.09 07:42:45] ┇ INFO    ┇    DeepKNLP.gner.trainer ┇ [training]  70%|█████████████▉      | 1030/1476 [0:07:39<0:03:20, 2.22Hz] | epoch=8.37, loss=0.016300
[02.09 07:42:47] ┇ INFO    ┇    DeepKNLP.gner.trainer ┇ [training]  70%|██████████████      | 1035/1476 [0:07:41<0:03:01, 2.44Hz] | epoch=8.41, loss=0.010600
[02.09 07:42:48] ┇ INFO    ┇    DeepKNLP.gner.trainer ┇ [training]  70%|██████████████      | 1040/1476 [0:07:42<0:02:58, 2.45Hz] | epoch=8.46, loss=0.007100
[02.09 07:42:49] ┇ INFO    ┇    DeepKNLP.gner.trainer ┇ [training]  71%|██████████████▏     | 1045/1476 [0:07:43<0:02:56, 2.45Hz] | epoch=8.50, loss=0.011000
[02.09 07:42:50] ┇ INFO    ┇    DeepKNLP.gner.trainer ┇ [checking]   5%|▉                   |  1/21 [0:00:00<0:00:00, 87409.79Hz]
[02.09 07:43:01] ┇ INFO    ┇    DeepKNLP.gner.trainer ┇ [checking] 100%|████████████████████| 21/21 [0:00:08<0:00:00, 2.48Hz]
[02.09 07:43:01] ┇ INFO    ┇    DeepKNLP.gner.trainer ┇ [training]  71%|██████████████▏     | 1046/1476 [0:07:55<0:03:13, 2.22Hz] | epoch=8.50, eval_average=0.6137
[02.09 07:43:02] ┇ INFO    ┇    DeepKNLP.gner.trainer ┇ [training]  71%|██████████████▏     | 1050/1476 [0:07:56<0:03:11, 2.22Hz] | epoch=8.54, loss=0.023000
[02.09 07:43:03] ┇ INFO    ┇    DeepKNLP.gner.trainer ┇ [training]  71%|██████████████▎     | 1055/1476 [0:07:57<0:03:09, 2.22Hz] | epoch=8.58, loss=0.012800
[02.09 07:43:05] ┇ INFO    ┇    DeepKNLP.gner.trainer ┇ [training]  72%|██████████████▎     | 1060/1476 [0:07:59<0:03:07, 2.22Hz] | epoch=8.62, loss=0.020000
[02.09 07:43:06] ┇ INFO    ┇    DeepKNLP.gner.trainer ┇ [training]  72%|██████████████▍     | 1065/1476 [0:08:00<0:03:05, 2.22Hz] | epoch=8.66, loss=0.010100
[02.09 07:43:07] ┇ INFO    ┇    DeepKNLP.gner.trainer ┇ [training]  72%|██████████████▍     | 1070/1476 [0:08:01<0:03:02, 2.22Hz] | epoch=8.70, loss=0.026900
[02.09 07:43:08] ┇ INFO    ┇    DeepKNLP.gner.trainer ┇ [training]  73%|██████████████▌     | 1075/1476 [0:08:02<0:03:00, 2.22Hz] | epoch=8.74, loss=0.013400
[02.09 07:43:10] ┇ INFO    ┇    DeepKNLP.gner.trainer ┇ [training]  73%|██████████████▋     | 1080/1476 [0:08:04<0:02:58, 2.22Hz] | epoch=8.78, loss=0.013000
[02.09 07:43:11] ┇ INFO    ┇    DeepKNLP.gner.trainer ┇ [training]  74%|██████████████▋     | 1085/1476 [0:08:05<0:02:56, 2.22Hz] | epoch=8.82, loss=0.014300
[02.09 07:43:12] ┇ INFO    ┇    DeepKNLP.gner.trainer ┇ [training]  74%|██████████████▊     | 1090/1476 [0:08:06<0:02:53, 2.22Hz] | epoch=8.86, loss=0.010400
[02.09 07:43:13] ┇ INFO    ┇    DeepKNLP.gner.trainer ┇ [training]  74%|██████████████▊     | 1095/1476 [0:08:08<0:02:51, 2.22Hz] | epoch=8.90, loss=0.008900
[02.09 07:43:15] ┇ INFO    ┇    DeepKNLP.gner.trainer ┇ [training]  75%|██████████████▉     | 1100/1476 [0:08:09<0:02:34, 2.43Hz] | epoch=8.94, loss=0.012800
[02.09 07:43:16] ┇ INFO    ┇    DeepKNLP.gner.trainer ┇ [training]  75%|██████████████▉     | 1105/1476 [0:08:10<0:02:32, 2.43Hz] | epoch=8.98, loss=0.018500
[02.09 07:43:17] ┇ INFO    ┇    DeepKNLP.gner.trainer ┇ [checking]   5%|▉                   |  1/21 [0:00:00<0:00:00, 73123.25Hz]
[02.09 07:43:28] ┇ INFO    ┇    DeepKNLP.gner.trainer ┇ [checking] 100%|████████████████████| 21/21 [0:00:08<0:00:00, 2.47Hz]
[02.09 07:43:28] ┇ INFO    ┇    DeepKNLP.gner.trainer ┇ [training]  75%|███████████████     | 1107/1476 [0:08:22<0:02:46, 2.21Hz] | epoch=9.00, eval_average=0.5775
[02.09 07:43:29] ┇ INFO    ┇    DeepKNLP.gner.trainer ┇ [training]  75%|███████████████     | 1110/1476 [0:08:23<0:02:46, 2.20Hz] | epoch=9.02, loss=0.023800
[02.09 07:43:30] ┇ INFO    ┇    DeepKNLP.gner.trainer ┇ [training]  76%|███████████████     | 1115/1476 [0:08:24<0:02:43, 2.20Hz] | epoch=9.06, loss=0.010500
[02.09 07:43:31] ┇ INFO    ┇    DeepKNLP.gner.trainer ┇ [training]  76%|███████████████▏    | 1120/1476 [0:08:25<0:02:41, 2.20Hz] | epoch=9.11, loss=0.010200
[02.09 07:43:33] ┇ INFO    ┇    DeepKNLP.gner.trainer ┇ [training]  76%|███████████████▏    | 1125/1476 [0:08:27<0:02:39, 2.20Hz] | epoch=9.15, loss=0.009800
[02.09 07:43:34] ┇ INFO    ┇    DeepKNLP.gner.trainer ┇ [training]  77%|███████████████▎    | 1130/1476 [0:08:28<0:02:37, 2.20Hz] | epoch=9.19, loss=0.013700
[02.09 07:43:35] ┇ INFO    ┇    DeepKNLP.gner.trainer ┇ [training]  77%|███████████████▍    | 1135/1476 [0:08:29<0:02:34, 2.20Hz] | epoch=9.23, loss=0.018200
[02.09 07:43:36] ┇ INFO    ┇    DeepKNLP.gner.trainer ┇ [training]  77%|███████████████▍    | 1140/1476 [0:08:30<0:02:32, 2.20Hz] | epoch=9.27, loss=0.011600
[02.09 07:43:38] ┇ INFO    ┇    DeepKNLP.gner.trainer ┇ [training]  78%|███████████████▌    | 1145/1476 [0:08:32<0:02:30, 2.20Hz] | epoch=9.31, loss=0.006000
[02.09 07:43:39] ┇ INFO    ┇    DeepKNLP.gner.trainer ┇ [training]  78%|███████████████▌    | 1150/1476 [0:08:33<0:02:27, 2.20Hz] | epoch=9.35, loss=0.016500
[02.09 07:43:40] ┇ INFO    ┇    DeepKNLP.gner.trainer ┇ [training]  78%|███████████████▋    | 1155/1476 [0:08:34<0:02:12, 2.43Hz] | epoch=9.39, loss=0.003000
[02.09 07:43:41] ┇ INFO    ┇    DeepKNLP.gner.trainer ┇ [training]  79%|███████████████▋    | 1160/1476 [0:08:36<0:02:09, 2.43Hz] | epoch=9.43, loss=0.016600
[02.09 07:43:43] ┇ INFO    ┇    DeepKNLP.gner.trainer ┇ [training]  79%|███████████████▊    | 1165/1476 [0:08:37<0:02:07, 2.43Hz] | epoch=9.47, loss=0.006600
[02.09 07:43:58] ┇ INFO    ┇    DeepKNLP.gner.trainer ┇ [checking]   5%|▉                   |  1/21 [0:00:00<0:00:00, 71316.54Hz]
[02.09 07:44:10] ┇ INFO    ┇    DeepKNLP.gner.trainer ┇ [checking] 100%|████████████████████| 21/21 [0:00:08<0:00:00, 2.47Hz]
[02.09 07:44:10] ┇ INFO    ┇    DeepKNLP.gner.trainer ┇ [training]  79%|███████████████▊    | 1168/1476 [0:09:04<0:02:34, 2.00Hz] | epoch=9.50, eval_average=0.6061
[02.09 07:44:10] ┇ INFO    ┇    DeepKNLP.gner.trainer ┇ [training]  79%|███████████████▊    | 1170/1476 [0:09:04<0:02:34, 1.99Hz] | epoch=9.51, loss=0.011000
[02.09 07:44:11] ┇ INFO    ┇    DeepKNLP.gner.trainer ┇ [training]  80%|███████████████▉    | 1175/1476 [0:09:05<0:02:31, 1.99Hz] | epoch=9.55, loss=0.008700
[02.09 07:44:13] ┇ INFO    ┇    DeepKNLP.gner.trainer ┇ [training]  80%|███████████████▉    | 1180/1476 [0:09:07<0:02:29, 1.99Hz] | epoch=9.59, loss=0.008300
[02.09 07:44:14] ┇ INFO    ┇    DeepKNLP.gner.trainer ┇ [training]  80%|████████████████    | 1185/1476 [0:09:08<0:02:26, 1.99Hz] | epoch=9.63, loss=0.013800
[02.09 07:44:15] ┇ INFO    ┇    DeepKNLP.gner.trainer ┇ [training]  81%|████████████████    | 1190/1476 [0:09:09<0:02:24, 1.99Hz] | epoch=9.68, loss=0.015300
[02.09 07:44:17] ┇ INFO    ┇    DeepKNLP.gner.trainer ┇ [training]  81%|████████████████▏   | 1195/1476 [0:09:11<0:02:21, 1.99Hz] | epoch=9.71, loss=0.013000
[02.09 07:44:18] ┇ INFO    ┇    DeepKNLP.gner.trainer ┇ [training]  81%|████████████████▎   | 1200/1476 [0:09:12<0:02:19, 1.99Hz] | epoch=9.76, loss=0.014600
[02.09 07:44:19] ┇ INFO    ┇    DeepKNLP.gner.trainer ┇ [training]  82%|████████████████▎   | 1205/1476 [0:09:13<0:02:16, 1.99Hz] | epoch=9.80, loss=0.011900
[02.09 07:44:20] ┇ INFO    ┇    DeepKNLP.gner.trainer ┇ [training]  82%|████████████████▍   | 1210/1476 [0:09:14<0:02:13, 1.99Hz] | epoch=9.84, loss=0.013800
[02.09 07:44:22] ┇ INFO    ┇    DeepKNLP.gner.trainer ┇ [training]  82%|████████████████▍   | 1215/1476 [0:09:16<0:02:00, 2.16Hz] | epoch=9.88, loss=0.002500
[02.09 07:44:23] ┇ INFO    ┇    DeepKNLP.gner.trainer ┇ [training]  83%|████████████████▌   | 1220/1476 [0:09:17<0:01:57, 2.17Hz] | epoch=9.92, loss=0.018000
[02.09 07:44:24] ┇ INFO    ┇    DeepKNLP.gner.trainer ┇ [training]  83%|████████████████▌   | 1225/1476 [0:09:18<0:01:55, 2.17Hz] | epoch=9.96, loss=0.009400
[02.09 07:44:26] ┇ INFO    ┇    DeepKNLP.gner.trainer ┇ [training]  83%|████████████████▋   | 1230/1476 [0:09:20<0:01:53, 2.17Hz] | epoch=10.00, loss=0.007300
[02.09 07:44:26] ┇ INFO    ┇    DeepKNLP.gner.trainer ┇ [checking]   5%|▉                   |  1/21 [0:00:00<0:00:00, 85899.35Hz]
[02.09 07:44:37] ┇ INFO    ┇    DeepKNLP.gner.trainer ┇ [checking] 100%|████████████████████| 21/21 [0:00:08<0:00:00, 2.47Hz]
[02.09 07:44:37] ┇ INFO    ┇    DeepKNLP.gner.trainer ┇ [training]  83%|████████████████▋   | 1230/1476 [0:09:20<0:01:53, 2.17Hz] | epoch=10.00, eval_average=0.5953
[02.09 07:44:38] ┇ INFO    ┇    DeepKNLP.gner.trainer ┇ [training]  84%|████████████████▋   | 1235/1476 [0:09:32<0:02:00, 2.00Hz] | epoch=10.04, loss=0.005700
[02.09 07:44:40] ┇ INFO    ┇    DeepKNLP.gner.trainer ┇ [training]  84%|████████████████▊   | 1240/1476 [0:09:34<0:01:57, 2.00Hz] | epoch=10.08, loss=0.003900
[02.09 07:44:41] ┇ INFO    ┇    DeepKNLP.gner.trainer ┇ [training]  84%|████████████████▊   | 1245/1476 [0:09:35<0:01:55, 2.00Hz] | epoch=10.12, loss=0.008500
[02.09 07:44:42] ┇ INFO    ┇    DeepKNLP.gner.trainer ┇ [training]  85%|████████████████▉   | 1250/1476 [0:09:36<0:01:52, 2.00Hz] | epoch=10.16, loss=0.003900
[02.09 07:44:43] ┇ INFO    ┇    DeepKNLP.gner.trainer ┇ [training]  85%|█████████████████   | 1255/1476 [0:09:37<0:01:50, 2.00Hz] | epoch=10.20, loss=0.006400
[02.09 07:44:45] ┇ INFO    ┇    DeepKNLP.gner.trainer ┇ [training]  85%|█████████████████   | 1260/1476 [0:09:39<0:01:47, 2.00Hz] | epoch=10.24, loss=0.008100
[02.09 07:44:46] ┇ INFO    ┇    DeepKNLP.gner.trainer ┇ [training]  86%|█████████████████▏  | 1265/1476 [0:09:40<0:01:45, 2.00Hz] | epoch=10.29, loss=0.000600
[02.09 07:44:47] ┇ INFO    ┇    DeepKNLP.gner.trainer ┇ [training]  86%|█████████████████▏  | 1270/1476 [0:09:41<0:01:42, 2.00Hz] | epoch=10.32, loss=0.002700
[02.09 07:44:48] ┇ INFO    ┇    DeepKNLP.gner.trainer ┇ [training]  86%|█████████████████▎  | 1275/1476 [0:09:43<0:01:40, 2.00Hz] | epoch=10.37, loss=0.004400
[02.09 07:44:50] ┇ INFO    ┇    DeepKNLP.gner.trainer ┇ [training]  87%|█████████████████▎  | 1280/1476 [0:09:44<0:01:30, 2.17Hz] | epoch=10.41, loss=0.005100
[02.09 07:44:51] ┇ INFO    ┇    DeepKNLP.gner.trainer ┇ [training]  87%|█████████████████▍  | 1285/1476 [0:09:45<0:01:27, 2.19Hz] | epoch=10.45, loss=0.004200
[02.09 07:44:52] ┇ INFO    ┇    DeepKNLP.gner.trainer ┇ [training]  87%|█████████████████▍  | 1290/1476 [0:09:46<0:01:25, 2.19Hz] | epoch=10.49, loss=0.003600
[02.09 07:44:53] ┇ INFO    ┇    DeepKNLP.gner.trainer ┇ [checking]   5%|▉                   |  1/21 [0:00:00<0:00:00, 82015.11Hz]
[02.09 07:45:04] ┇ INFO    ┇    DeepKNLP.gner.trainer ┇ [checking] 100%|████████████████████| 21/21 [0:00:08<0:00:00, 2.48Hz]
[02.09 07:45:04] ┇ INFO    ┇    DeepKNLP.gner.trainer ┇ [training]  88%|█████████████████▌  | 1292/1476 [0:09:58<0:01:31, 2.01Hz] | epoch=10.50, eval_average=0.5997
[02.09 07:45:05] ┇ INFO    ┇    DeepKNLP.gner.trainer ┇ [training]  88%|█████████████████▌  | 1295/1476 [0:09:59<0:01:30, 2.00Hz] | epoch=10.53, loss=0.003700
[02.09 07:45:06] ┇ INFO    ┇    DeepKNLP.gner.trainer ┇ [training]  88%|█████████████████▌  | 1300/1476 [0:10:00<0:01:27, 2.00Hz] | epoch=10.57, loss=0.003500
[02.09 07:45:08] ┇ INFO    ┇    DeepKNLP.gner.trainer ┇ [training]  88%|█████████████████▋  | 1305/1476 [0:10:02<0:01:25, 2.00Hz] | epoch=10.61, loss=0.002800
[02.09 07:45:09] ┇ INFO    ┇    DeepKNLP.gner.trainer ┇ [training]  89%|█████████████████▊  | 1310/1476 [0:10:03<0:01:22, 2.00Hz] | epoch=10.65, loss=0.005600
[02.09 07:45:10] ┇ INFO    ┇    DeepKNLP.gner.trainer ┇ [training]  89%|█████████████████▊  | 1315/1476 [0:10:04<0:01:20, 2.00Hz] | epoch=10.69, loss=0.028100
[02.09 07:45:11] ┇ INFO    ┇    DeepKNLP.gner.trainer ┇ [training]  89%|█████████████████▉  | 1320/1476 [0:10:06<0:01:17, 2.00Hz] | epoch=10.73, loss=0.008400
[02.09 07:45:13] ┇ INFO    ┇    DeepKNLP.gner.trainer ┇ [training]  90%|█████████████████▉  | 1325/1476 [0:10:07<0:01:15, 2.00Hz] | epoch=10.77, loss=0.004100
[02.09 07:45:14] ┇ INFO    ┇    DeepKNLP.gner.trainer ┇ [training]  90%|██████████████████  | 1330/1476 [0:10:08<0:01:12, 2.00Hz] | epoch=10.81, loss=0.001500
[02.09 07:45:15] ┇ INFO    ┇    DeepKNLP.gner.trainer ┇ [training]  90%|██████████████████  | 1335/1476 [0:10:09<0:01:10, 2.00Hz] | epoch=10.85, loss=0.010400
[02.09 07:45:17] ┇ INFO    ┇    DeepKNLP.gner.trainer ┇ [training]  91%|██████████████████▏ | 1340/1476 [0:10:11<0:01:07, 2.00Hz] | epoch=10.89, loss=0.009800
[02.09 07:45:18] ┇ INFO    ┇    DeepKNLP.gner.trainer ┇ [training]  91%|██████████████████▏ | 1345/1476 [0:10:12<0:01:00, 2.18Hz] | epoch=10.94, loss=0.001300
[02.09 07:45:19] ┇ INFO    ┇    DeepKNLP.gner.trainer ┇ [training]  91%|██████████████████▎ | 1350/1476 [0:10:13<0:00:57, 2.19Hz] | epoch=10.98, loss=0.008100
[02.09 07:45:20] ┇ INFO    ┇    DeepKNLP.gner.trainer ┇ [checking]   5%|▉                   |  1/21 [0:00:00<0:00:00, 59758.56Hz]
[02.09 07:45:31] ┇ INFO    ┇    DeepKNLP.gner.trainer ┇ [checking] 100%|████████████████████| 21/21 [0:00:08<0:00:00, 2.48Hz]
[02.09 07:45:31] ┇ INFO    ┇    DeepKNLP.gner.trainer ┇ [training]  92%|██████████████████▎ | 1353/1476 [0:10:25<0:01:01, 2.01Hz] | epoch=11.00, eval_average=0.5885
[02.09 07:45:32] ┇ INFO    ┇    DeepKNLP.gner.trainer ┇ [training]  92%|██████████████████▎ | 1355/1476 [0:10:26<0:01:00, 2.00Hz] | epoch=11.02, loss=0.009400
[02.09 07:45:33] ┇ INFO    ┇    DeepKNLP.gner.trainer ┇ [training]  92%|██████████████████▍ | 1360/1476 [0:10:27<0:00:57, 2.00Hz] | epoch=11.06, loss=0.004900
[02.09 07:45:34] ┇ INFO    ┇    DeepKNLP.gner.trainer ┇ [training]  92%|██████████████████▍ | 1365/1476 [0:10:29<0:00:55, 2.00Hz] | epoch=11.10, loss=0.001100
[02.09 07:45:36] ┇ INFO    ┇    DeepKNLP.gner.trainer ┇ [training]  93%|██████████████████▌ | 1370/1476 [0:10:30<0:00:52, 2.00Hz] | epoch=11.14, loss=0.001100
[02.09 07:45:37] ┇ INFO    ┇    DeepKNLP.gner.trainer ┇ [training]  93%|██████████████████▋ | 1375/1476 [0:10:31<0:00:50, 2.00Hz] | epoch=11.18, loss=0.002300
[02.09 07:45:38] ┇ INFO    ┇    DeepKNLP.gner.trainer ┇ [training]  93%|██████████████████▋ | 1380/1476 [0:10:32<0:00:47, 2.00Hz] | epoch=11.22, loss=0.000200
[02.09 07:45:40] ┇ INFO    ┇    DeepKNLP.gner.trainer ┇ [training]  94%|██████████████████▊ | 1385/1476 [0:10:34<0:00:45, 2.00Hz] | epoch=11.26, loss=0.004200
[02.09 07:45:41] ┇ INFO    ┇    DeepKNLP.gner.trainer ┇ [training]  94%|██████████████████▊ | 1390/1476 [0:10:35<0:00:42, 2.00Hz] | epoch=11.30, loss=0.000900
[02.09 07:45:42] ┇ INFO    ┇    DeepKNLP.gner.trainer ┇ [training]  95%|██████████████████▉ | 1395/1476 [0:10:36<0:00:40, 2.00Hz] | epoch=11.34, loss=0.003100
[02.09 07:45:43] ┇ INFO    ┇    DeepKNLP.gner.trainer ┇ [training]  95%|██████████████████▉ | 1400/1476 [0:10:37<0:00:37, 2.00Hz] | epoch=11.38, loss=0.003900
[02.09 07:45:45] ┇ INFO    ┇    DeepKNLP.gner.trainer ┇ [training]  95%|███████████████████ | 1405/1476 [0:10:39<0:00:32, 2.18Hz] | epoch=11.42, loss=0.005700
[02.09 07:45:46] ┇ INFO    ┇    DeepKNLP.gner.trainer ┇ [training]  96%|███████████████████ | 1410/1476 [0:10:40<0:00:30, 2.19Hz] | epoch=11.46, loss=0.003600
[02.09 07:45:47] ┇ INFO    ┇    DeepKNLP.gner.trainer ┇ [checking]   5%|▉                   |  1/21 [0:00:00<0:00:00, 96247.92Hz]
[02.09 07:45:58] ┇ INFO    ┇    DeepKNLP.gner.trainer ┇ [checking] 100%|████████████████████| 21/21 [0:00:08<0:00:00, 2.48Hz]
[02.09 07:45:58] ┇ INFO    ┇    DeepKNLP.gner.trainer ┇ [training]  96%|███████████████████▏| 1414/1476 [0:10:52<0:00:30, 2.02Hz] | epoch=11.50, eval_average=0.5905
[02.09 07:45:59] ┇ INFO    ┇    DeepKNLP.gner.trainer ┇ [training]  96%|███████████████████▏| 1415/1476 [0:10:53<0:00:30, 2.00Hz] | epoch=11.50, loss=0.005600
[02.09 07:46:00] ┇ INFO    ┇    DeepKNLP.gner.trainer ┇ [training]  96%|███████████████████▏| 1420/1476 [0:10:54<0:00:28, 2.00Hz] | epoch=11.54, loss=0.001500
[02.09 07:46:01] ┇ INFO    ┇    DeepKNLP.gner.trainer ┇ [training]  97%|███████████████████▎| 1425/1476 [0:10:56<0:00:25, 2.00Hz] | epoch=11.59, loss=0.004500
[02.09 07:46:03] ┇ INFO    ┇    DeepKNLP.gner.trainer ┇ [training]  97%|███████████████████▍| 1430/1476 [0:10:57<0:00:23, 2.00Hz] | epoch=11.63, loss=0.000700
[02.09 07:46:04] ┇ INFO    ┇    DeepKNLP.gner.trainer ┇ [training]  97%|███████████████████▍| 1435/1476 [0:10:58<0:00:20, 2.00Hz] | epoch=11.67, loss=0.005100
[02.09 07:46:05] ┇ INFO    ┇    DeepKNLP.gner.trainer ┇ [training]  98%|███████████████████▌| 1440/1476 [0:10:59<0:00:18, 2.00Hz] | epoch=11.71, loss=0.005200
[02.09 07:46:07] ┇ INFO    ┇    DeepKNLP.gner.trainer ┇ [training]  98%|███████████████████▌| 1445/1476 [0:11:01<0:00:15, 2.00Hz] | epoch=11.75, loss=0.003800
[02.09 07:46:08] ┇ INFO    ┇    DeepKNLP.gner.trainer ┇ [training]  98%|███████████████████▋| 1450/1476 [0:11:02<0:00:13, 2.00Hz] | epoch=11.79, loss=0.001800
[02.09 07:46:09] ┇ INFO    ┇    DeepKNLP.gner.trainer ┇ [training]  99%|███████████████████▋| 1455/1476 [0:11:03<0:00:10, 2.00Hz] | epoch=11.83, loss=0.000700
[02.09 07:46:10] ┇ INFO    ┇    DeepKNLP.gner.trainer ┇ [training]  99%|███████████████████▊| 1460/1476 [0:11:04<0:00:08, 2.00Hz] | epoch=11.87, loss=0.002400
[02.09 07:46:12] ┇ INFO    ┇    DeepKNLP.gner.trainer ┇ [training]  99%|███████████████████▊| 1465/1476 [0:11:06<0:00:04, 2.43Hz] | epoch=11.91, loss=0.003500
[02.09 07:46:13] ┇ INFO    ┇    DeepKNLP.gner.trainer ┇ [training] 100%|███████████████████▉| 1470/1476 [0:11:07<0:00:02, 2.44Hz] | epoch=11.95, loss=0.002300
[02.09 07:46:14] ┇ INFO    ┇    DeepKNLP.gner.trainer ┇ [training] 100%|███████████████████▉| 1475/1476 [0:11:08<0:00:00, 2.44Hz] | epoch=11.99, loss=0.002100
[02.09 07:46:15] ┇ INFO    ┇    DeepKNLP.gner.trainer ┇ [checking]   5%|▉                   |  1/21 [0:00:00<0:00:00, 74669.11Hz]
[02.09 07:46:26] ┇ INFO    ┇    DeepKNLP.gner.trainer ┇ [checking] 100%|████████████████████| 21/21 [0:00:08<0:00:00, 2.48Hz]
[02.09 07:46:26] ┇ INFO    ┇    DeepKNLP.gner.trainer ┇ [training] 100%|████████████████████| 1476/1476 [0:11:20<0:00:00, 2.22Hz] | epoch=12.00, eval_average=0.5943
[02.09 07:46:26] ┇ INFO    ┇    DeepKNLP.gner.trainer ┇ [training] 100%|████████████████████| 1476/1476 [0:11:20<0:00:00, 2.22Hz] | epoch=12.00, train_loss=0.0826, total_pflos=101.085
[02.09 07:46:26] ┇ INFO    ┇    DeepKNLP.gner.trainer ┇ -----------------------------------------------------------------------------------------------------------------------------------------
[02.09 07:46:26] ┇ INFO    ┇                 DeepKNLP ┇ Train output metrics: {'train_runtime': 680.6678, 'train_samples_per_second': 68.915, 'train_steps_per_second': 2.168, 'total_flos': 1.01085258090283e+17, 'train_loss': 0.08257171611202538, 'epoch': 12.0}
[02.09 07:46:26] ┇ INFO    ┇           chrisbase.data ┇ =========================================================================================================================================
[02.09 07:46:26] ┇ INFO    ┇           chrisbase.data ┇ [EXIT] python task2-nerG-trainer.py --local_rank=0 --trainer_deepspeed configs/deepspeed/ds2_llama.json --run_version EAGLE-1B-WQ=1 --pretrained etri-lirs/egpt-1.3b-preview --eval_epochs 0.5 --logging_steps 5 --num_train_epochs 12 --per_device_eval_batch_size 50 --per_device_train_batch_size 8 --gradient_accumulation_steps 1 --generation_max_length 640 --eval_file data/gner/each-sampled-WQ=1/crossner_music-dev=100-WQ=1.jsonl --train_file data/gner/each-WQ=1/crossner_music-train-WQ=1.jsonl --output_file train-metrics-crossner_music-12ep.csv --logging_file train-loggings-crossner_music-12ep.out --no_use_flash_attention --no_debugging ($=00:11:46.430)
[02.09 07:46:26] ┇ INFO    ┇           chrisbase.data ┇ =========================================================================================================================================
[02.09 07:46:28] ┇ INFO    ┇ torch._inductor.remote_cache ┇ Cache Metrics: None

[02.09 07:46:28] ┇ INFO    ┇ torch._dynamo.eval_frame ┇ TorchDynamo attempted to trace the following frames: [

]
[02.09 07:46:28] ┇ INFO    ┇      torch._dynamo.utils ┇ TorchDynamo compilation metrics:
Function    Runtimes (s)
----------  --------------
[02.09 07:46:28] ┇ INFO    ┇ torch._subclasses.fake_tensor ┇ FakeTensor cache stats:
[02.09 07:46:28] ┇ INFO    ┇ torch._subclasses.fake_tensor ┇   cache_hits: 0
[02.09 07:46:28] ┇ INFO    ┇ torch._subclasses.fake_tensor ┇   cache_misses: 0
[02.09 07:46:28] ┇ INFO    ┇ torch._inductor.remote_cache ┇ Cache Metrics: None

[02.09 07:46:28] ┇ INFO    ┇ torch._dynamo.eval_frame ┇ TorchDynamo attempted to trace the following frames: [

]
[02.09 07:46:28] ┇ INFO    ┇      torch._dynamo.utils ┇ TorchDynamo compilation metrics:
Function    Runtimes (s)
----------  --------------
[02.09 07:46:28] ┇ INFO    ┇ torch._subclasses.fake_tensor ┇ FakeTensor cache stats:
[02.09 07:46:28] ┇ INFO    ┇ torch._subclasses.fake_tensor ┇   cache_hits: 0
[02.09 07:46:28] ┇ INFO    ┇ torch._subclasses.fake_tensor ┇   cache_misses: 0
[02.09 07:46:28] ┇ INFO    ┇ torch._inductor.remote_cache ┇ Cache Metrics: None

[02.09 07:46:28] ┇ INFO    ┇ torch._dynamo.eval_frame ┇ TorchDynamo attempted to trace the following frames: [

]
[02.09 07:46:28] ┇ INFO    ┇      torch._dynamo.utils ┇ TorchDynamo compilation metrics:
Function    Runtimes (s)
----------  --------------
[02.09 07:46:28] ┇ INFO    ┇ torch._subclasses.fake_tensor ┇ FakeTensor cache stats:
[02.09 07:46:28] ┇ INFO    ┇ torch._subclasses.fake_tensor ┇   cache_hits: 0
[02.09 07:46:28] ┇ INFO    ┇ torch._subclasses.fake_tensor ┇   cache_misses: 0
[02.09 07:46:28] ┇ INFO    ┇ torch._inductor.remote_cache ┇ Cache Metrics: None

[02.09 07:46:28] ┇ INFO    ┇ torch._dynamo.eval_frame ┇ TorchDynamo attempted to trace the following frames: [

]
[02.09 07:46:28] ┇ INFO    ┇      torch._dynamo.utils ┇ TorchDynamo compilation metrics:
Function    Runtimes (s)
----------  --------------
[02.09 07:46:28] ┇ INFO    ┇ torch._subclasses.fake_tensor ┇ FakeTensor cache stats:
[02.09 07:46:28] ┇ INFO    ┇ torch._subclasses.fake_tensor ┇   cache_hits: 0
[02.09 07:46:28] ┇ INFO    ┇ torch._subclasses.fake_tensor ┇   cache_misses: 0
