[02.05 03:29:16] ┇ INFO    ┇           chrisbase.data ┇ =========================================================================================================================================
[02.05 03:29:16] ┇ INFO    ┇           chrisbase.data ┇ [INIT] python task2-nerG-trainer.py --local_rank=0 --trainer_deepspeed configs/deepspeed/ds2_llama.json --run_version Phi3-7B-BL --pretrained microsoft/Phi-3-small-8k-instruct --eval_epochs 0.5 --num_train_epochs 12 --gradient_accumulation_steps 1 --eval_file data/gner/each-sampled/crossner_literature-dev=100.jsonl --train_file data/gner/each/crossner_literature-train.jsonl --output_file train-metrics-crossner_literature-12ep.csv --logging_file train-loggings-crossner_literature-12ep.out --use_flash_attention
[02.05 03:29:16] ┇ INFO    ┇           chrisbase.data ┇ =========================================================================================================================================
[02.05 03:29:16] ┇ INFO    ┇           chrisbase.data ┇ -----------------------------------------------------------------------------------------------------------------------------------------
[02.05 03:29:16] ┇ INFO    ┇           chrisbase.data ┇   #	TrainingArgumentsForAccelerator              	value
[02.05 03:29:16] ┇ INFO    ┇           chrisbase.data ┇ -----------------------------------------------------------------------------------------------------------------------------------------
[02.05 03:29:16] ┇ INFO    ┇           chrisbase.data ┇   1	env.hostname                                 	lirs-b1
[02.05 03:29:16] ┇ INFO    ┇           chrisbase.data ┇   2	env.hostaddr                                 	129.254.111.103
[02.05 03:29:16] ┇ INFO    ┇           chrisbase.data ┇   3	env.global_rank                              	-1
[02.05 03:29:16] ┇ INFO    ┇           chrisbase.data ┇   4	env.local_rank                               	0
[02.05 03:29:16] ┇ INFO    ┇           chrisbase.data ┇   5	env.node_rank                                	-1
[02.05 03:29:16] ┇ INFO    ┇           chrisbase.data ┇   6	env.world_size                               	4
[02.05 03:29:16] ┇ INFO    ┇           chrisbase.data ┇   7	env.time_stamp                               	0205-032908
[02.05 03:29:16] ┇ INFO    ┇           chrisbase.data ┇   8	env.python_path                              	/home/chrisjihee/miniforge3/envs/DeepKNLP/bin/python
[02.05 03:29:16] ┇ INFO    ┇           chrisbase.data ┇   9	env.current_dir                              	/home/chrisjihee/proj/DeepKNLP
[02.05 03:29:16] ┇ INFO    ┇           chrisbase.data ┇  10	env.current_file                             	task2-nerG-trainer.py
[02.05 03:29:16] ┇ INFO    ┇           chrisbase.data ┇  11	env.command_args                             	['--local_rank=0', '--trainer_deepspeed', 'configs/deepspeed/ds2_llama.json', '--run_version', 'Phi3-7B-BL', '--pretrained', 'microsoft/Phi-3-small-8k-instruct', '--eval_epochs', '0.5', '--num_train_epochs', '12', '--gradient_accumulation_steps', '1', '--eval_file', 'data/gner/each-sampled/crossner_literature-dev=100.jsonl', '--train_file', 'data/gner/each/crossner_literature-train.jsonl', '--output_file', 'train-metrics-crossner_literature-12ep.csv', '--logging_file', 'train-loggings-crossner_literature-12ep.out', '--use_flash_attention']
[02.05 03:29:16] ┇ INFO    ┇           chrisbase.data ┇  12	env.output_home                              	output
[02.05 03:29:16] ┇ INFO    ┇           chrisbase.data ┇  13	env.output_name                              	GNER
[02.05 03:29:16] ┇ INFO    ┇           chrisbase.data ┇  14	env.run_version                              	Phi3-7B-BL
[02.05 03:29:16] ┇ INFO    ┇           chrisbase.data ┇  15	env.output_file                              	train-metrics-crossner_literature-12ep-0205-032908.csv
[02.05 03:29:16] ┇ INFO    ┇           chrisbase.data ┇  16	env.logging_file                             	train-loggings-crossner_literature-12ep-0205-032908.out
[02.05 03:29:16] ┇ INFO    ┇           chrisbase.data ┇  17	env.logging_level                            	30
[02.05 03:29:16] ┇ INFO    ┇           chrisbase.data ┇  18	env.logging_format                           	%(asctime)s ┇ %(levelname)-7s ┇ %(name)24s ┇ %(message)s
[02.05 03:29:16] ┇ INFO    ┇           chrisbase.data ┇  19	env.datetime_format                          	[%m.%d %H:%M:%S]
[02.05 03:29:16] ┇ INFO    ┇           chrisbase.data ┇  20	env.argument_file                            	train-arguments-0205-032908.json
[02.05 03:29:16] ┇ INFO    ┇           chrisbase.data ┇  21	env.random_seed                              	7
[02.05 03:29:16] ┇ INFO    ┇           chrisbase.data ┇  22	env.max_workers                              	4
[02.05 03:29:16] ┇ INFO    ┇           chrisbase.data ┇  23	env.debugging                                	False
[02.05 03:29:16] ┇ INFO    ┇           chrisbase.data ┇  24	env.output_dir                               	output/GNER/Phi3-7B-BL
[02.05 03:29:16] ┇ INFO    ┇           chrisbase.data ┇  25	time.t1                                      	2025-02-05 03:29:16.243093
[02.05 03:29:16] ┇ INFO    ┇           chrisbase.data ┇  26	time.t2                                      	2025-02-05 03:29:07.136245
[02.05 03:29:16] ┇ INFO    ┇           chrisbase.data ┇  27	time.started                                 	[02.05 03:29:16]
[02.05 03:29:16] ┇ INFO    ┇           chrisbase.data ┇  28	time.settled
[02.05 03:29:16] ┇ INFO    ┇           chrisbase.data ┇  29	time.elapsed
[02.05 03:29:16] ┇ INFO    ┇           chrisbase.data ┇  30	data.train_file                              	data/gner/each/crossner_literature-train.jsonl
[02.05 03:29:16] ┇ INFO    ┇           chrisbase.data ┇  31	data.study_file
[02.05 03:29:16] ┇ INFO    ┇           chrisbase.data ┇  32	data.eval_file                               	data/gner/each-sampled/crossner_literature-dev=100.jsonl
[02.05 03:29:16] ┇ INFO    ┇           chrisbase.data ┇  33	data.pred_file
[02.05 03:29:16] ┇ INFO    ┇           chrisbase.data ┇  34	data.pretrained                              	microsoft/Phi-3-small-8k-instruct
[02.05 03:29:16] ┇ INFO    ┇           chrisbase.data ┇  35	data.max_train_samples                       	-1
[02.05 03:29:16] ┇ INFO    ┇           chrisbase.data ┇  36	data.max_study_samples                       	-1
[02.05 03:29:16] ┇ INFO    ┇           chrisbase.data ┇  37	data.max_eval_samples                        	-1
[02.05 03:29:16] ┇ INFO    ┇           chrisbase.data ┇  38	data.max_pred_samples                        	-1
[02.05 03:29:16] ┇ INFO    ┇           chrisbase.data ┇  39	data.use_cache_data                          	False
[02.05 03:29:16] ┇ INFO    ┇           chrisbase.data ┇  40	data.progress_seconds                        	10.0
[02.05 03:29:16] ┇ INFO    ┇           chrisbase.data ┇  41	data.max_source_length                       	640
[02.05 03:29:16] ┇ INFO    ┇           chrisbase.data ┇  42	data.max_target_length                       	640
[02.05 03:29:16] ┇ INFO    ┇           chrisbase.data ┇  43	data.write_predictions                       	False
[02.05 03:29:16] ┇ INFO    ┇           chrisbase.data ┇  44	data.ignore_pad_token_for_loss               	True
[02.05 03:29:16] ┇ INFO    ┇           chrisbase.data ┇  45	train._n_gpu                                 	1
[02.05 03:29:16] ┇ INFO    ┇           chrisbase.data ┇  46	train.accelerator_config                     	{'split_batches': False, 'dispatch_batches': None, 'even_batches': True, 'use_seedable_sampler': True, 'non_blocking': False, 'gradient_accumulation_kwargs': None, 'use_configured_state': False}
[02.05 03:29:16] ┇ INFO    ┇           chrisbase.data ┇  47	train.adafactor                              	False
[02.05 03:29:16] ┇ INFO    ┇           chrisbase.data ┇  48	train.adam_beta1                             	0.9
[02.05 03:29:16] ┇ INFO    ┇           chrisbase.data ┇  49	train.adam_beta2                             	0.999
[02.05 03:29:16] ┇ INFO    ┇           chrisbase.data ┇  50	train.adam_epsilon                           	1e-08
[02.05 03:29:16] ┇ INFO    ┇           chrisbase.data ┇  51	train.auto_find_batch_size                   	False
[02.05 03:29:16] ┇ INFO    ┇           chrisbase.data ┇  52	train.average_tokens_across_devices          	False
[02.05 03:29:16] ┇ INFO    ┇           chrisbase.data ┇  53	train.batch_eval_metrics                     	False
[02.05 03:29:16] ┇ INFO    ┇           chrisbase.data ┇  54	train.bf16                                   	True
[02.05 03:29:16] ┇ INFO    ┇           chrisbase.data ┇  55	train.bf16_full_eval                         	True
[02.05 03:29:16] ┇ INFO    ┇           chrisbase.data ┇  56	train.data_seed
[02.05 03:29:16] ┇ INFO    ┇           chrisbase.data ┇  57	train.dataloader_drop_last                   	False
[02.05 03:29:16] ┇ INFO    ┇           chrisbase.data ┇  58	train.dataloader_num_workers                 	0
[02.05 03:29:16] ┇ INFO    ┇           chrisbase.data ┇  59	train.dataloader_persistent_workers          	False
[02.05 03:29:16] ┇ INFO    ┇           chrisbase.data ┇  60	train.dataloader_pin_memory                  	True
[02.05 03:29:16] ┇ INFO    ┇           chrisbase.data ┇  61	train.dataloader_prefetch_factor
[02.05 03:29:16] ┇ INFO    ┇           chrisbase.data ┇  62	train.ddp_backend
[02.05 03:29:16] ┇ INFO    ┇           chrisbase.data ┇  63	train.ddp_broadcast_buffers
[02.05 03:29:16] ┇ INFO    ┇           chrisbase.data ┇  64	train.ddp_bucket_cap_mb
[02.05 03:29:16] ┇ INFO    ┇           chrisbase.data ┇  65	train.ddp_find_unused_parameters
[02.05 03:29:16] ┇ INFO    ┇           chrisbase.data ┇  66	train.ddp_timeout                            	1800
[02.05 03:29:16] ┇ INFO    ┇           chrisbase.data ┇  67	train.debug                                  	[]
[02.05 03:29:16] ┇ INFO    ┇           chrisbase.data ┇  68	train.deepspeed                              	configs/deepspeed/ds2_llama.json
[02.05 03:29:16] ┇ INFO    ┇           chrisbase.data ┇  69	train.disable_tqdm                           	True
[02.05 03:29:16] ┇ INFO    ┇           chrisbase.data ┇  70	train.dispatch_batches
[02.05 03:29:16] ┇ INFO    ┇           chrisbase.data ┇  71	train.do_eval                                	True
[02.05 03:29:16] ┇ INFO    ┇           chrisbase.data ┇  72	train.do_predict                             	False
[02.05 03:29:16] ┇ INFO    ┇           chrisbase.data ┇  73	train.do_train                               	True
[02.05 03:29:16] ┇ INFO    ┇           chrisbase.data ┇  74	train.eval_accumulation_steps                	1
[02.05 03:29:16] ┇ INFO    ┇           chrisbase.data ┇  75	train.eval_delay                             	0.0
[02.05 03:29:16] ┇ INFO    ┇           chrisbase.data ┇  76	train.eval_do_concat_batches                 	True
[02.05 03:29:16] ┇ INFO    ┇           chrisbase.data ┇  77	train.eval_epochs                            	0.5
[02.05 03:29:16] ┇ INFO    ┇           chrisbase.data ┇  78	train.eval_on_start                          	False
[02.05 03:29:16] ┇ INFO    ┇           chrisbase.data ┇  79	train.eval_steps                             	9223372036854775807
[02.05 03:29:16] ┇ INFO    ┇           chrisbase.data ┇  80	train.eval_strategy                          	IntervalStrategy.NO
[02.05 03:29:16] ┇ INFO    ┇           chrisbase.data ┇  81	train.eval_use_gather_object                 	False
[02.05 03:29:16] ┇ INFO    ┇           chrisbase.data ┇  82	train.evaluation_strategy
[02.05 03:29:16] ┇ INFO    ┇           chrisbase.data ┇  83	train.fp16                                   	False
[02.05 03:29:16] ┇ INFO    ┇           chrisbase.data ┇  84	train.fp16_backend                           	auto
[02.05 03:29:16] ┇ INFO    ┇           chrisbase.data ┇  85	train.fp16_full_eval                         	False
[02.05 03:29:16] ┇ INFO    ┇           chrisbase.data ┇  86	train.fp16_opt_level                         	O1
[02.05 03:29:16] ┇ INFO    ┇           chrisbase.data ┇  87	train.fsdp                                   	[]
[02.05 03:29:16] ┇ INFO    ┇           chrisbase.data ┇  88	train.fsdp_config                            	{'min_num_params': 0, 'xla': False, 'xla_fsdp_v2': False, 'xla_fsdp_grad_ckpt': False}
[02.05 03:29:16] ┇ INFO    ┇           chrisbase.data ┇  89	train.fsdp_min_num_params                    	0
[02.05 03:29:16] ┇ INFO    ┇           chrisbase.data ┇  90	train.fsdp_transformer_layer_cls_to_wrap
[02.05 03:29:16] ┇ INFO    ┇           chrisbase.data ┇  91	train.full_determinism                       	False
[02.05 03:29:16] ┇ INFO    ┇           chrisbase.data ┇  92	train.generation_config
[02.05 03:29:16] ┇ INFO    ┇           chrisbase.data ┇  93	train.generation_max_length                  	640
[02.05 03:29:16] ┇ INFO    ┇           chrisbase.data ┇  94	train.generation_num_beams
[02.05 03:29:16] ┇ INFO    ┇           chrisbase.data ┇  95	train.gradient_accumulation_steps            	1
[02.05 03:29:16] ┇ INFO    ┇           chrisbase.data ┇  96	train.gradient_checkpointing                 	True
[02.05 03:29:16] ┇ INFO    ┇           chrisbase.data ┇  97	train.gradient_checkpointing_kwargs
[02.05 03:29:16] ┇ INFO    ┇           chrisbase.data ┇  98	train.greater_is_better
[02.05 03:29:16] ┇ INFO    ┇           chrisbase.data ┇  99	train.group_by_length                        	False
[02.05 03:29:16] ┇ INFO    ┇           chrisbase.data ┇ 100	train.half_precision_backend                 	auto
[02.05 03:29:16] ┇ INFO    ┇           chrisbase.data ┇ 101	train.hub_always_push                        	False
[02.05 03:29:16] ┇ INFO    ┇           chrisbase.data ┇ 102	train.hub_model_id
[02.05 03:29:16] ┇ INFO    ┇           chrisbase.data ┇ 103	train.hub_private_repo
[02.05 03:29:16] ┇ INFO    ┇           chrisbase.data ┇ 104	train.hub_strategy                           	HubStrategy.EVERY_SAVE
[02.05 03:29:16] ┇ INFO    ┇           chrisbase.data ┇ 105	train.hub_token
[02.05 03:29:16] ┇ INFO    ┇           chrisbase.data ┇ 106	train.ignore_data_skip                       	False
[02.05 03:29:16] ┇ INFO    ┇           chrisbase.data ┇ 107	train.include_for_metrics                    	[]
[02.05 03:29:16] ┇ INFO    ┇           chrisbase.data ┇ 108	train.include_inputs_for_metrics             	False
[02.05 03:29:16] ┇ INFO    ┇           chrisbase.data ┇ 109	train.include_num_input_tokens_seen          	False
[02.05 03:29:16] ┇ INFO    ┇           chrisbase.data ┇ 110	train.include_tokens_per_second              	False
[02.05 03:29:16] ┇ INFO    ┇           chrisbase.data ┇ 111	train.jit_mode_eval                          	False
[02.05 03:29:16] ┇ INFO    ┇           chrisbase.data ┇ 112	train.label_names
[02.05 03:29:16] ┇ INFO    ┇           chrisbase.data ┇ 113	train.label_smoothing_factor                 	0.0
[02.05 03:29:16] ┇ INFO    ┇           chrisbase.data ┇ 114	train.learning_rate                          	2e-05
[02.05 03:29:16] ┇ INFO    ┇           chrisbase.data ┇ 115	train.length_column_name                     	length
[02.05 03:29:16] ┇ INFO    ┇           chrisbase.data ┇ 116	train.load_best_model_at_end                 	False
[02.05 03:29:16] ┇ INFO    ┇           chrisbase.data ┇ 117	train.local_rank                             	0
[02.05 03:29:16] ┇ INFO    ┇           chrisbase.data ┇ 118	train.log_level                              	warning
[02.05 03:29:16] ┇ INFO    ┇           chrisbase.data ┇ 119	train.log_level_replica                      	error
[02.05 03:29:16] ┇ INFO    ┇           chrisbase.data ┇ 120	train.log_on_each_node                       	True
[02.05 03:29:16] ┇ INFO    ┇           chrisbase.data ┇ 121	train.logging_dir                            	output/GNER/Phi3-7B-BL/runs/Feb05_03-29-14_lirs-b1
[02.05 03:29:16] ┇ INFO    ┇           chrisbase.data ┇ 122	train.logging_epochs                         	-1.0
[02.05 03:29:16] ┇ INFO    ┇           chrisbase.data ┇ 123	train.logging_first_step                     	False
[02.05 03:29:16] ┇ INFO    ┇           chrisbase.data ┇ 124	train.logging_nan_inf_filter                 	True
[02.05 03:29:16] ┇ INFO    ┇           chrisbase.data ┇ 125	train.logging_steps                          	1
[02.05 03:29:16] ┇ INFO    ┇           chrisbase.data ┇ 126	train.logging_strategy                       	IntervalStrategy.STEPS
[02.05 03:29:16] ┇ INFO    ┇           chrisbase.data ┇ 127	train.lr_scheduler_kwargs                    	{}
[02.05 03:29:16] ┇ INFO    ┇           chrisbase.data ┇ 128	train.lr_scheduler_type                      	SchedulerType.COSINE
[02.05 03:29:16] ┇ INFO    ┇           chrisbase.data ┇ 129	train.max_grad_norm                          	1.0
[02.05 03:29:16] ┇ INFO    ┇           chrisbase.data ┇ 130	train.max_steps                              	-1
[02.05 03:29:16] ┇ INFO    ┇           chrisbase.data ┇ 131	train.metric_for_best_model
[02.05 03:29:16] ┇ INFO    ┇           chrisbase.data ┇ 132	train.mp_parameters
[02.05 03:29:16] ┇ INFO    ┇           chrisbase.data ┇ 133	train.neftune_noise_alpha
[02.05 03:29:16] ┇ INFO    ┇           chrisbase.data ┇ 134	train.no_cuda                                	False
[02.05 03:29:16] ┇ INFO    ┇           chrisbase.data ┇ 135	train.num_train_epochs                       	12.0
[02.05 03:29:16] ┇ INFO    ┇           chrisbase.data ┇ 136	train.optim                                  	OptimizerNames.ADAMW_TORCH
[02.05 03:29:16] ┇ INFO    ┇           chrisbase.data ┇ 137	train.optim_args
[02.05 03:29:16] ┇ INFO    ┇           chrisbase.data ┇ 138	train.optim_target_modules
[02.05 03:29:16] ┇ INFO    ┇           chrisbase.data ┇ 139	train.output_dir                             	output/GNER/Phi3-7B-BL
[02.05 03:29:16] ┇ INFO    ┇           chrisbase.data ┇ 140	train.overwrite_output_dir                   	True
[02.05 03:29:16] ┇ INFO    ┇           chrisbase.data ┇ 141	train.past_index                             	-1
[02.05 03:29:16] ┇ INFO    ┇           chrisbase.data ┇ 142	train.per_device_eval_batch_size             	25
[02.05 03:29:16] ┇ INFO    ┇           chrisbase.data ┇ 143	train.per_device_train_batch_size            	1
[02.05 03:29:16] ┇ INFO    ┇           chrisbase.data ┇ 144	train.per_gpu_eval_batch_size
[02.05 03:29:16] ┇ INFO    ┇           chrisbase.data ┇ 145	train.per_gpu_train_batch_size
[02.05 03:29:16] ┇ INFO    ┇           chrisbase.data ┇ 146	train.predict_with_generate                  	True
[02.05 03:29:16] ┇ INFO    ┇           chrisbase.data ┇ 147	train.prediction_loss_only                   	False
[02.05 03:29:16] ┇ INFO    ┇           chrisbase.data ┇ 148	train.push_to_hub                            	False
[02.05 03:29:16] ┇ INFO    ┇           chrisbase.data ┇ 149	train.push_to_hub_model_id
[02.05 03:29:16] ┇ INFO    ┇           chrisbase.data ┇ 150	train.push_to_hub_organization
[02.05 03:29:16] ┇ INFO    ┇           chrisbase.data ┇ 151	train.push_to_hub_token
[02.05 03:29:16] ┇ INFO    ┇           chrisbase.data ┇ 152	train.ray_scope                              	last
[02.05 03:29:16] ┇ INFO    ┇           chrisbase.data ┇ 153	train.remove_unused_columns                  	False
[02.05 03:29:16] ┇ INFO    ┇           chrisbase.data ┇ 154	train.report_to                              	[]
[02.05 03:29:16] ┇ INFO    ┇           chrisbase.data ┇ 155	train.restore_callback_states_from_checkpoint	False
[02.05 03:29:16] ┇ INFO    ┇           chrisbase.data ┇ 156	train.resume_from_checkpoint
[02.05 03:29:16] ┇ INFO    ┇           chrisbase.data ┇ 157	train.run_name                               	output/GNER/Phi3-7B-BL
[02.05 03:29:16] ┇ INFO    ┇           chrisbase.data ┇ 158	train.save_epochs                            	-1.0
[02.05 03:29:16] ┇ INFO    ┇           chrisbase.data ┇ 159	train.save_on_each_node                      	False
[02.05 03:29:16] ┇ INFO    ┇           chrisbase.data ┇ 160	train.save_only_model                        	False
[02.05 03:29:16] ┇ INFO    ┇           chrisbase.data ┇ 161	train.save_safetensors                       	True
[02.05 03:29:16] ┇ INFO    ┇           chrisbase.data ┇ 162	train.save_steps                             	9223372036854775807
[02.05 03:29:16] ┇ INFO    ┇           chrisbase.data ┇ 163	train.save_strategy                          	SaveStrategy.NO
[02.05 03:29:16] ┇ INFO    ┇           chrisbase.data ┇ 164	train.save_total_limit
[02.05 03:29:16] ┇ INFO    ┇           chrisbase.data ┇ 165	train.seed                                   	7
[02.05 03:29:16] ┇ INFO    ┇           chrisbase.data ┇ 166	train.skip_memory_metrics                    	True
[02.05 03:29:16] ┇ INFO    ┇           chrisbase.data ┇ 167	train.sortish_sampler                        	False
[02.05 03:29:16] ┇ INFO    ┇           chrisbase.data ┇ 168	train.split_batches
[02.05 03:29:16] ┇ INFO    ┇           chrisbase.data ┇ 169	train.tf32                                   	True
[02.05 03:29:16] ┇ INFO    ┇           chrisbase.data ┇ 170	train.torch_compile                          	False
[02.05 03:29:16] ┇ INFO    ┇           chrisbase.data ┇ 171	train.torch_compile_backend
[02.05 03:29:16] ┇ INFO    ┇           chrisbase.data ┇ 172	train.torch_compile_mode
[02.05 03:29:16] ┇ INFO    ┇           chrisbase.data ┇ 173	train.torch_empty_cache_steps
[02.05 03:29:16] ┇ INFO    ┇           chrisbase.data ┇ 174	train.torchdynamo
[02.05 03:29:16] ┇ INFO    ┇           chrisbase.data ┇ 175	train.tpu_metrics_debug                      	False
[02.05 03:29:16] ┇ INFO    ┇           chrisbase.data ┇ 176	train.tpu_num_cores
[02.05 03:29:16] ┇ INFO    ┇           chrisbase.data ┇ 177	train.use_cpu                                	False
[02.05 03:29:16] ┇ INFO    ┇           chrisbase.data ┇ 178	train.use_flash_attention                    	True
[02.05 03:29:16] ┇ INFO    ┇           chrisbase.data ┇ 179	train.use_ipex                               	False
[02.05 03:29:16] ┇ INFO    ┇           chrisbase.data ┇ 180	train.use_legacy_prediction_loop             	False
[02.05 03:29:16] ┇ INFO    ┇           chrisbase.data ┇ 181	train.use_liger_kernel                       	False
[02.05 03:29:16] ┇ INFO    ┇           chrisbase.data ┇ 182	train.use_mps_device                         	False
[02.05 03:29:16] ┇ INFO    ┇           chrisbase.data ┇ 183	train.warmup_ratio                           	0.04
[02.05 03:29:16] ┇ INFO    ┇           chrisbase.data ┇ 184	train.warmup_steps                           	0
[02.05 03:29:16] ┇ INFO    ┇           chrisbase.data ┇ 185	train.weight_decay                           	0.0
[02.05 03:29:16] ┇ INFO    ┇           chrisbase.data ┇ -----------------------------------------------------------------------------------------------------------------------------------------
[02.05 03:29:36] ┇ INFO    ┇                 DeepKNLP ┇ model type: <class 'transformers_modules.microsoft.Phi-3-small-8k-instruct.1535ae26fb4faada95c6950e8bc6e867cdad6b00.modeling_phi3_small.Phi3SmallForCausalLM'>
[02.05 03:29:36] ┇ INFO    ┇                 DeepKNLP ┇ model pad_token_id: 100257
[02.05 03:29:36] ┇ INFO    ┇                 DeepKNLP ┇ model attn_implementation: eager -> flash_attention_2
[02.05 03:29:37] ┇ INFO    ┇                 DeepKNLP ┇ Loaded raw train_dataset (#=100): data/gner/each/crossner_literature-train.jsonl
[02.05 03:29:39] ┇ INFO    ┇                 DeepKNLP ┇ Preprocess train_dataset:   4%|▊                   |   4/100 [0:00:02<0:00:51, 1.85Hz]
[02.05 03:29:39] ┇ INFO    ┇                 DeepKNLP ┇ Preprocess train_dataset: 100%|████████████████████| 100/100 [0:00:02<0:00:00, 45.87Hz]
[02.05 03:29:41] ┇ INFO    ┇                 DeepKNLP ┇ Completed preprocessing for train_dataset by  at [02.05 03:29:40]
[02.05 03:29:41] ┇ INFO    ┇                 DeepKNLP ┇ Loaded raw eval_dataset (#=100): data/gner/each-sampled/crossner_literature-dev=100.jsonl
[02.05 03:29:43] ┇ INFO    ┇                 DeepKNLP ┇ Preprocess eval_dataset:   4%|▊                   |   4/100 [0:00:02<0:00:52, 1.83Hz]
[02.05 03:29:43] ┇ INFO    ┇                 DeepKNLP ┇ Preprocess eval_dataset: 100%|████████████████████| 100/100 [0:00:02<0:00:00, 45.40Hz]
[02.05 03:29:45] ┇ INFO    ┇                 DeepKNLP ┇ Completed preprocessing for eval_dataset by  at [02.05 03:29:44]
[02.05 03:29:45] ┇ INFO    ┇ torch.distributed.distributed_c10d ┇ Using backend config: {'cuda': 'nccl'}
[02.05 03:29:45] ┇ INFO    ┇ torch.distributed.distributed_c10d ┇ Using backend config: {'cuda': 'nccl'}
[02.05 03:29:45] ┇ INFO    ┇ torch.distributed.distributed_c10d ┇ Using backend config: {'cuda': 'nccl'}
[02.05 03:29:45] ┇ INFO    ┇ torch.distributed.distributed_c10d ┇ Using backend config: {'cuda': 'nccl'}
[02.05 03:30:13] ┇ WARNING ┇                DeepSpeed ┇ Attempting to get learning rate from scheduler before it has started
[02.05 03:30:13] ┇ INFO    ┇    DeepKNLP.gner.trainer ┇ -----------------------------------------------------------------------------------------------------------------------------------------
[02.05 03:30:13] ┇ INFO    ┇    DeepKNLP.gner.trainer ┇ ***** Beginning Training *****
[02.05 03:30:13] ┇ INFO    ┇    DeepKNLP.gner.trainer ┇ >> Train Epochs       = 12.0
[02.05 03:30:13] ┇ INFO    ┇    DeepKNLP.gner.trainer ┇ >> Train Examples     = 100
[02.05 03:30:13] ┇ INFO    ┇    DeepKNLP.gner.trainer ┇ >> Train Batch Size   = 4 = 1 * 1 * 4
[02.05 03:30:13] ┇ INFO    ┇    DeepKNLP.gner.trainer ┇ >> Train Optim Steps  = 300 = 25 * 12.0
[02.05 03:30:13] ┇ INFO    ┇    DeepKNLP.gner.trainer ┇ >> Train Model Params = 7,392,272,384
[02.05 03:30:13] ┇ INFO    ┇    DeepKNLP.gner.trainer ┇ >> Trainer Callbacks  = DefaultFlowCallback, CustomProgressCallback
[02.05 03:30:13] ┇ INFO    ┇    DeepKNLP.gner.trainer ┇ >> Zero Optim Stage   = 2
[02.05 03:30:13] ┇ INFO    ┇    DeepKNLP.gner.trainer ┇ >> Eval Examples      = 100
[02.05 03:30:13] ┇ INFO    ┇    DeepKNLP.gner.trainer ┇ >> Eval Batch Size    = 100 = 25 * 4
[02.05 03:30:23] ┇ INFO    ┇    DeepKNLP.gner.trainer ┇ [training]   0%|                    |   1/300 [0:00:09<0:49:00, 0.10Hz] | epoch=0.04, loss=0.602200
[02.05 03:30:25] ┇ INFO    ┇    DeepKNLP.gner.trainer ┇ [training]   1%|▏                   |   2/300 [0:00:11<0:29:36, 0.17Hz] | epoch=0.08, loss=0.579600
[02.05 03:30:27] ┇ INFO    ┇    DeepKNLP.gner.trainer ┇ [training]   1%|▏                   |   3/300 [0:00:13<0:23:00, 0.22Hz] | epoch=0.12, loss=0.492500
[02.05 03:30:28] ┇ INFO    ┇    DeepKNLP.gner.trainer ┇ [training]   1%|▎                   |   4/300 [0:00:15<0:18:38, 0.26Hz] | epoch=0.16, loss=0.710900
[02.05 03:30:29] ┇ INFO    ┇    DeepKNLP.gner.trainer ┇ [training]   2%|▎                   |   5/300 [0:00:15<0:15:21, 0.32Hz] | epoch=0.20, loss=0.245300
[02.05 03:30:29] ┇ INFO    ┇    DeepKNLP.gner.trainer ┇ [training]   2%|▍                   |   6/300 [0:00:16<0:13:10, 0.37Hz] | epoch=0.24, loss=0.280900
[02.05 03:30:30] ┇ INFO    ┇    DeepKNLP.gner.trainer ┇ [training]   2%|▍                   |   7/300 [0:00:17<0:12:08, 0.40Hz] | epoch=0.28, loss=0.180100
[02.05 03:30:31] ┇ INFO    ┇    DeepKNLP.gner.trainer ┇ [training]   3%|▌                   |   8/300 [0:00:17<0:10:53, 0.45Hz] | epoch=0.32, loss=0.172200
[02.05 03:30:31] ┇ INFO    ┇    DeepKNLP.gner.trainer ┇ [training]   3%|▌                   |   9/300 [0:00:18<0:09:54, 0.49Hz] | epoch=0.36, loss=0.084300
[02.05 03:30:32] ┇ INFO    ┇    DeepKNLP.gner.trainer ┇ [training]   3%|▋                   |  10/300 [0:00:18<0:09:06, 0.53Hz] | epoch=0.40, loss=0.084300
[02.05 03:30:32] ┇ INFO    ┇    DeepKNLP.gner.trainer ┇ [training]   4%|▋                   |  11/300 [0:00:19<0:08:28, 0.57Hz] | epoch=0.44, loss=0.123400
[02.05 03:30:33] ┇ INFO    ┇    DeepKNLP.gner.trainer ┇ [training]   4%|▊                   |  12/300 [0:00:19<0:07:56, 0.60Hz] | epoch=0.48, loss=0.120000
[02.05 03:31:21] ┇ INFO    ┇    DeepKNLP.gner.trainer ┇ [checking] 100%|████████████████████| 1/1 [0:00:00<0:00:00, 14831.10Hz]
[02.05 03:31:21] ┇ INFO    ┇    DeepKNLP.gner.trainer ┇ [training]   4%|▊                   |  12/300 [0:00:19<0:07:56, 0.60Hz] | epoch=0.48, eval_average=0.5073
[02.05 03:31:22] ┇ INFO    ┇    DeepKNLP.gner.trainer ┇ [training]   4%|▊                   |  13/300 [0:01:08<0:25:22, 0.19Hz] | epoch=0.52, loss=0.104800
[02.05 03:31:22] ┇ INFO    ┇    DeepKNLP.gner.trainer ┇ [training]   5%|▉                   |  14/300 [0:01:09<0:23:38, 0.20Hz] | epoch=0.56, loss=0.082100
[02.05 03:31:23] ┇ INFO    ┇    DeepKNLP.gner.trainer ┇ [training]   5%|█                   |  15/300 [0:01:09<0:22:08, 0.21Hz] | epoch=0.60, loss=0.068100
[02.05 03:31:23] ┇ INFO    ┇    DeepKNLP.gner.trainer ┇ [training]   5%|█                   |  16/300 [0:01:10<0:20:49, 0.23Hz] | epoch=0.64, loss=0.065600
[02.05 03:31:24] ┇ INFO    ┇    DeepKNLP.gner.trainer ┇ [training]   6%|█▏                  |  17/300 [0:01:10<0:19:40, 0.24Hz] | epoch=0.68, loss=0.048200
[02.05 03:31:24] ┇ INFO    ┇    DeepKNLP.gner.trainer ┇ [training]   6%|█▏                  |  18/300 [0:01:11<0:18:38, 0.25Hz] | epoch=0.72, loss=0.084500
[02.05 03:31:25] ┇ INFO    ┇    DeepKNLP.gner.trainer ┇ [training]   6%|█▎                  |  19/300 [0:01:11<0:17:43, 0.26Hz] | epoch=0.76, loss=0.030300
[02.05 03:31:25] ┇ INFO    ┇    DeepKNLP.gner.trainer ┇ [training]   7%|█▎                  |  20/300 [0:01:12<0:16:53, 0.28Hz] | epoch=0.80, loss=0.094500
[02.05 03:31:26] ┇ INFO    ┇    DeepKNLP.gner.trainer ┇ [training]   7%|█▍                  |  21/300 [0:01:12<0:16:08, 0.29Hz] | epoch=0.84, loss=0.049500
[02.05 03:31:26] ┇ INFO    ┇    DeepKNLP.gner.trainer ┇ [training]   7%|█▍                  |  22/300 [0:01:13<0:15:26, 0.30Hz] | epoch=0.88, loss=0.108800
[02.05 03:31:27] ┇ INFO    ┇    DeepKNLP.gner.trainer ┇ [training]   8%|█▌                  |  23/300 [0:01:13<0:14:49, 0.31Hz] | epoch=0.92, loss=0.040900
[02.05 03:31:27] ┇ INFO    ┇    DeepKNLP.gner.trainer ┇ [training]   8%|█▌                  |  24/300 [0:01:14<0:14:14, 0.32Hz] | epoch=0.96, loss=0.115900
[02.05 03:31:28] ┇ INFO    ┇    DeepKNLP.gner.trainer ┇ [training]   8%|█▋                  |  25/300 [0:01:14<0:13:43, 0.33Hz] | epoch=1.00, loss=0.074100
[02.05 03:31:58] ┇ INFO    ┇    DeepKNLP.gner.trainer ┇ [checking] 100%|████████████████████| 1/1 [0:00:00<0:00:00, 18738.30Hz]
[02.05 03:31:58] ┇ INFO    ┇    DeepKNLP.gner.trainer ┇ [training]   8%|█▋                  |  25/300 [0:01:14<0:13:43, 0.33Hz] | epoch=1.00, eval_average=0.6016
[02.05 03:31:58] ┇ INFO    ┇    DeepKNLP.gner.trainer ┇ [training]   9%|█▋                  |  26/300 [0:01:45<0:18:31, 0.25Hz] | epoch=1.04, loss=0.058100
[02.05 03:31:59] ┇ INFO    ┇    DeepKNLP.gner.trainer ┇ [training]   9%|█▊                  |  27/300 [0:01:45<0:17:51, 0.25Hz] | epoch=1.08, loss=0.077500
[02.05 03:31:59] ┇ INFO    ┇    DeepKNLP.gner.trainer ┇ [training]   9%|█▊                  |  28/300 [0:01:46<0:17:13, 0.26Hz] | epoch=1.12, loss=0.025000
[02.05 03:32:00] ┇ INFO    ┇    DeepKNLP.gner.trainer ┇ [training]  10%|█▉                  |  29/300 [0:01:46<0:16:38, 0.27Hz] | epoch=1.16, loss=0.014900
[02.05 03:32:00] ┇ INFO    ┇    DeepKNLP.gner.trainer ┇ [training]  10%|██                  |  30/300 [0:01:47<0:16:06, 0.28Hz] | epoch=1.20, loss=0.037700
[02.05 03:32:01] ┇ INFO    ┇    DeepKNLP.gner.trainer ┇ [training]  10%|██                  |  31/300 [0:01:47<0:15:35, 0.29Hz] | epoch=1.24, loss=0.030500
[02.05 03:32:01] ┇ INFO    ┇    DeepKNLP.gner.trainer ┇ [training]  11%|██▏                 |  32/300 [0:01:48<0:15:06, 0.30Hz] | epoch=1.28, loss=0.015800
[02.05 03:32:02] ┇ INFO    ┇    DeepKNLP.gner.trainer ┇ [training]  11%|██▏                 |  33/300 [0:01:48<0:14:40, 0.30Hz] | epoch=1.32, loss=0.038200
[02.05 03:32:02] ┇ INFO    ┇    DeepKNLP.gner.trainer ┇ [training]  11%|██▎                 |  34/300 [0:01:49<0:14:14, 0.31Hz] | epoch=1.36, loss=0.032100
[02.05 03:32:03] ┇ INFO    ┇    DeepKNLP.gner.trainer ┇ [training]  12%|██▎                 |  35/300 [0:01:49<0:13:50, 0.32Hz] | epoch=1.40, loss=0.021200
[02.05 03:32:03] ┇ INFO    ┇    DeepKNLP.gner.trainer ┇ [training]  12%|██▍                 |  36/300 [0:01:50<0:13:28, 0.33Hz] | epoch=1.44, loss=0.069800
[02.05 03:32:04] ┇ INFO    ┇    DeepKNLP.gner.trainer ┇ [training]  12%|██▍                 |  37/300 [0:01:50<0:13:07, 0.33Hz] | epoch=1.48, loss=0.047100
[02.05 03:32:04] ┇ INFO    ┇    DeepKNLP.gner.trainer ┇ [training]  13%|██▌                 |  38/300 [0:01:51<0:12:47, 0.34Hz] | epoch=1.52, loss=0.008000
[02.05 03:32:34] ┇ INFO    ┇    DeepKNLP.gner.trainer ┇ [checking] 100%|████████████████████| 1/1 [0:00:00<0:00:00, 39700.58Hz]
[02.05 03:32:34] ┇ INFO    ┇    DeepKNLP.gner.trainer ┇ [training]  13%|██▌                 |  38/300 [0:01:51<0:12:47, 0.34Hz] | epoch=1.52, eval_average=0.6348
[02.05 03:32:35] ┇ INFO    ┇    DeepKNLP.gner.trainer ┇ [training]  13%|██▌                 |  39/300 [0:02:21<0:15:48, 0.28Hz] | epoch=1.56, loss=0.108700
[02.05 03:32:35] ┇ INFO    ┇    DeepKNLP.gner.trainer ┇ [training]  13%|██▋                 |  40/300 [0:02:22<0:15:24, 0.28Hz] | epoch=1.60, loss=0.041600
[02.05 03:32:36] ┇ INFO    ┇    DeepKNLP.gner.trainer ┇ [training]  14%|██▋                 |  41/300 [0:02:22<0:15:01, 0.29Hz] | epoch=1.64, loss=0.039000
[02.05 03:32:36] ┇ INFO    ┇    DeepKNLP.gner.trainer ┇ [training]  14%|██▊                 |  42/300 [0:02:23<0:14:40, 0.29Hz] | epoch=1.68, loss=0.050000
[02.05 03:32:37] ┇ INFO    ┇    DeepKNLP.gner.trainer ┇ [training]  14%|██▊                 |  43/300 [0:02:23<0:14:19, 0.30Hz] | epoch=1.72, loss=0.063000
[02.05 03:32:37] ┇ INFO    ┇    DeepKNLP.gner.trainer ┇ [training]  15%|██▉                 |  44/300 [0:02:24<0:13:59, 0.30Hz] | epoch=1.76, loss=0.037700
[02.05 03:32:38] ┇ INFO    ┇    DeepKNLP.gner.trainer ┇ [training]  15%|███                 |  45/300 [0:02:24<0:13:40, 0.31Hz] | epoch=1.80, loss=0.040100
[02.05 03:32:38] ┇ INFO    ┇    DeepKNLP.gner.trainer ┇ [training]  15%|███                 |  46/300 [0:02:25<0:13:21, 0.32Hz] | epoch=1.84, loss=0.053400
[02.05 03:32:39] ┇ INFO    ┇    DeepKNLP.gner.trainer ┇ [training]  16%|███▏                |  47/300 [0:02:25<0:13:04, 0.32Hz] | epoch=1.88, loss=0.031500
[02.05 03:32:39] ┇ INFO    ┇    DeepKNLP.gner.trainer ┇ [training]  16%|███▏                |  48/300 [0:02:26<0:12:47, 0.33Hz] | epoch=1.92, loss=0.034600
[02.05 03:32:40] ┇ INFO    ┇    DeepKNLP.gner.trainer ┇ [training]  16%|███▎                |  49/300 [0:02:26<0:12:31, 0.33Hz] | epoch=1.96, loss=0.019600
[02.05 03:32:40] ┇ INFO    ┇    DeepKNLP.gner.trainer ┇ [training]  17%|███▎                |  50/300 [0:02:27<0:12:15, 0.34Hz] | epoch=2.00, loss=0.024500
[02.05 03:33:10] ┇ INFO    ┇    DeepKNLP.gner.trainer ┇ [checking] 100%|████████████████████| 1/1 [0:00:00<0:00:00, 34237.03Hz]
[02.05 03:33:11] ┇ INFO    ┇    DeepKNLP.gner.trainer ┇ [training]  17%|███▎                |  50/300 [0:02:27<0:12:15, 0.34Hz] | epoch=2.00, eval_average=0.7031
[02.05 03:33:11] ┇ INFO    ┇    DeepKNLP.gner.trainer ┇ [training]  17%|███▍                |  51/300 [0:02:58<0:14:29, 0.29Hz] | epoch=2.04, loss=0.013600
[02.05 03:33:12] ┇ INFO    ┇    DeepKNLP.gner.trainer ┇ [training]  17%|███▍                |  52/300 [0:02:58<0:14:11, 0.29Hz] | epoch=2.08, loss=0.007300
[02.05 03:33:12] ┇ INFO    ┇    DeepKNLP.gner.trainer ┇ [training]  18%|███▌                |  53/300 [0:02:59<0:13:54, 0.30Hz] | epoch=2.12, loss=0.061100
[02.05 03:33:13] ┇ INFO    ┇    DeepKNLP.gner.trainer ┇ [training]  18%|███▌                |  54/300 [0:02:59<0:13:38, 0.30Hz] | epoch=2.16, loss=0.003300
[02.05 03:33:13] ┇ INFO    ┇    DeepKNLP.gner.trainer ┇ [training]  18%|███▋                |  55/300 [0:03:00<0:13:22, 0.31Hz] | epoch=2.20, loss=0.016000
[02.05 03:33:13] ┇ INFO    ┇    DeepKNLP.gner.trainer ┇ [training]  19%|███▋                |  56/300 [0:03:00<0:13:06, 0.31Hz] | epoch=2.24, loss=0.012100
[02.05 03:33:14] ┇ INFO    ┇    DeepKNLP.gner.trainer ┇ [training]  19%|███▊                |  57/300 [0:03:01<0:12:52, 0.31Hz] | epoch=2.28, loss=0.028700
[02.05 03:33:15] ┇ INFO    ┇    DeepKNLP.gner.trainer ┇ [training]  19%|███▊                |  58/300 [0:03:01<0:12:37, 0.32Hz] | epoch=2.32, loss=0.033100
[02.05 03:33:15] ┇ INFO    ┇    DeepKNLP.gner.trainer ┇ [training]  20%|███▉                |  59/300 [0:03:02<0:12:23, 0.32Hz] | epoch=2.36, loss=0.024900
[02.05 03:33:15] ┇ INFO    ┇    DeepKNLP.gner.trainer ┇ [training]  20%|████                |  60/300 [0:03:02<0:12:10, 0.33Hz] | epoch=2.40, loss=0.034700
[02.05 03:33:16] ┇ INFO    ┇    DeepKNLP.gner.trainer ┇ [training]  20%|████                |  61/300 [0:03:03<0:11:57, 0.33Hz] | epoch=2.44, loss=0.008600
[02.05 03:33:16] ┇ INFO    ┇    DeepKNLP.gner.trainer ┇ [training]  21%|████▏               |  62/300 [0:03:03<0:11:44, 0.34Hz] | epoch=2.48, loss=0.022800
[02.05 03:33:46] ┇ INFO    ┇    DeepKNLP.gner.trainer ┇ [checking] 100%|████████████████████| 1/1 [0:00:00<0:00:00, 35575.57Hz]
[02.05 03:33:47] ┇ INFO    ┇    DeepKNLP.gner.trainer ┇ [training]  21%|████▏               |  62/300 [0:03:03<0:11:44, 0.34Hz] | epoch=2.48, eval_average=0.7261
[02.05 03:33:47] ┇ INFO    ┇    DeepKNLP.gner.trainer ┇ [training]  21%|████▏               |  63/300 [0:03:34<0:13:25, 0.29Hz] | epoch=2.52, loss=0.032200
[02.05 03:33:48] ┇ INFO    ┇    DeepKNLP.gner.trainer ┇ [training]  21%|████▎               |  64/300 [0:03:34<0:12:47, 0.31Hz] | epoch=2.56, loss=0.007700
[02.05 03:33:48] ┇ INFO    ┇    DeepKNLP.gner.trainer ┇ [training]  22%|████▎               |  65/300 [0:03:35<0:12:37, 0.31Hz] | epoch=2.60, loss=0.021600
[02.05 03:33:48] ┇ INFO    ┇    DeepKNLP.gner.trainer ┇ [training]  22%|████▍               |  66/300 [0:03:35<0:12:28, 0.31Hz] | epoch=2.64, loss=0.006400
[02.05 03:33:49] ┇ INFO    ┇    DeepKNLP.gner.trainer ┇ [training]  22%|████▍               |  67/300 [0:03:36<0:12:23, 0.31Hz] | epoch=2.68, loss=0.030600
[02.05 03:33:49] ┇ INFO    ┇    DeepKNLP.gner.trainer ┇ [training]  23%|████▌               |  68/300 [0:03:36<0:12:19, 0.31Hz] | epoch=2.72, loss=0.050500
[02.05 03:33:50] ┇ INFO    ┇    DeepKNLP.gner.trainer ┇ [training]  23%|████▌               |  69/300 [0:03:37<0:12:16, 0.31Hz] | epoch=2.76, loss=0.068400
[02.05 03:33:50] ┇ INFO    ┇    DeepKNLP.gner.trainer ┇ [training]  23%|████▋               |  70/300 [0:03:37<0:12:10, 0.31Hz] | epoch=2.80, loss=0.007400
[02.05 03:33:51] ┇ INFO    ┇    DeepKNLP.gner.trainer ┇ [training]  24%|████▋               |  71/300 [0:03:38<0:12:07, 0.31Hz] | epoch=2.84, loss=0.027300
[02.05 03:33:51] ┇ INFO    ┇    DeepKNLP.gner.trainer ┇ [training]  24%|████▊               |  72/300 [0:03:38<0:12:04, 0.31Hz] | epoch=2.88, loss=0.088100
[02.05 03:33:52] ┇ INFO    ┇    DeepKNLP.gner.trainer ┇ [training]  24%|████▊               |  73/300 [0:03:38<0:12:01, 0.31Hz] | epoch=2.92, loss=0.008200
[02.05 03:33:52] ┇ INFO    ┇    DeepKNLP.gner.trainer ┇ [training]  25%|████▉               |  74/300 [0:03:39<0:11:57, 0.31Hz] | epoch=2.96, loss=0.011600
[02.05 03:33:53] ┇ INFO    ┇    DeepKNLP.gner.trainer ┇ [training]  25%|█████               |  75/300 [0:03:39<0:11:54, 0.31Hz] | epoch=3.00, loss=0.036000
[02.05 03:34:23] ┇ INFO    ┇    DeepKNLP.gner.trainer ┇ [checking] 100%|████████████████████| 1/1 [0:00:00<0:00:00, 31255.22Hz]
[02.05 03:34:23] ┇ INFO    ┇    DeepKNLP.gner.trainer ┇ [training]  25%|█████               |  75/300 [0:03:39<0:11:54, 0.31Hz] | epoch=3.00, eval_average=0.6538
[02.05 03:34:23] ┇ INFO    ┇    DeepKNLP.gner.trainer ┇ [training]  25%|█████               |  76/300 [0:04:10<0:10:44, 0.35Hz] | epoch=3.04, loss=0.007400
[02.05 03:34:24] ┇ INFO    ┇    DeepKNLP.gner.trainer ┇ [training]  26%|█████▏              |  77/300 [0:04:10<0:10:41, 0.35Hz] | epoch=3.08, loss=0.016800
[02.05 03:34:24] ┇ INFO    ┇    DeepKNLP.gner.trainer ┇ [training]  26%|█████▏              |  78/300 [0:04:11<0:10:39, 0.35Hz] | epoch=3.12, loss=0.024300
[02.05 03:34:25] ┇ INFO    ┇    DeepKNLP.gner.trainer ┇ [training]  26%|█████▎              |  79/300 [0:04:11<0:10:36, 0.35Hz] | epoch=3.16, loss=0.010700
[02.05 03:34:25] ┇ INFO    ┇    DeepKNLP.gner.trainer ┇ [training]  27%|█████▎              |  80/300 [0:04:12<0:10:33, 0.35Hz] | epoch=3.20, loss=0.039800
[02.05 03:34:26] ┇ INFO    ┇    DeepKNLP.gner.trainer ┇ [training]  27%|█████▍              |  81/300 [0:04:12<0:10:30, 0.35Hz] | epoch=3.24, loss=0.006200
[02.05 03:34:26] ┇ INFO    ┇    DeepKNLP.gner.trainer ┇ [training]  27%|█████▍              |  82/300 [0:04:13<0:10:27, 0.35Hz] | epoch=3.28, loss=0.014400
[02.05 03:34:27] ┇ INFO    ┇    DeepKNLP.gner.trainer ┇ [training]  28%|█████▌              |  83/300 [0:04:13<0:10:24, 0.35Hz] | epoch=3.32, loss=0.002900
[02.05 03:34:27] ┇ INFO    ┇    DeepKNLP.gner.trainer ┇ [training]  28%|█████▌              |  84/300 [0:04:14<0:10:21, 0.35Hz] | epoch=3.36, loss=0.004600
[02.05 03:34:28] ┇ INFO    ┇    DeepKNLP.gner.trainer ┇ [training]  28%|█████▋              |  85/300 [0:04:14<0:10:18, 0.35Hz] | epoch=3.40, loss=0.001800
[02.05 03:34:28] ┇ INFO    ┇    DeepKNLP.gner.trainer ┇ [training]  29%|█████▋              |  86/300 [0:04:15<0:10:15, 0.35Hz] | epoch=3.44, loss=0.010600
[02.05 03:34:29] ┇ INFO    ┇    DeepKNLP.gner.trainer ┇ [training]  29%|█████▊              |  87/300 [0:04:15<0:10:12, 0.35Hz] | epoch=3.48, loss=0.007700
[02.05 03:34:29] ┇ INFO    ┇    DeepKNLP.gner.trainer ┇ [training]  29%|█████▊              |  88/300 [0:04:16<0:10:10, 0.35Hz] | epoch=3.52, loss=0.003600
[02.05 03:35:17] ┇ INFO    ┇    DeepKNLP.gner.trainer ┇ [checking] 100%|████████████████████| 1/1 [0:00:00<0:00:00, 27636.72Hz]
[02.05 03:35:17] ┇ INFO    ┇    DeepKNLP.gner.trainer ┇ [training]  29%|█████▊              |  88/300 [0:04:16<0:10:10, 0.35Hz] | epoch=3.52, eval_average=0.7555
[02.05 03:35:18] ┇ INFO    ┇    DeepKNLP.gner.trainer ┇ [training]  30%|█████▉              |  89/300 [0:05:04<0:11:08, 0.32Hz] | epoch=3.56, loss=0.003300
[02.05 03:35:18] ┇ INFO    ┇    DeepKNLP.gner.trainer ┇ [training]  30%|██████              |  90/300 [0:05:05<0:11:04, 0.32Hz] | epoch=3.60, loss=0.005400
[02.05 03:35:19] ┇ INFO    ┇    DeepKNLP.gner.trainer ┇ [training]  30%|██████              |  91/300 [0:05:05<0:11:01, 0.32Hz] | epoch=3.64, loss=0.034100
[02.05 03:35:19] ┇ INFO    ┇    DeepKNLP.gner.trainer ┇ [training]  31%|██████▏             |  92/300 [0:05:06<0:10:58, 0.32Hz] | epoch=3.68, loss=0.034200
[02.05 03:35:20] ┇ INFO    ┇    DeepKNLP.gner.trainer ┇ [training]  31%|██████▏             |  93/300 [0:05:06<0:10:55, 0.32Hz] | epoch=3.72, loss=0.033500
[02.05 03:35:20] ┇ INFO    ┇    DeepKNLP.gner.trainer ┇ [training]  31%|██████▎             |  94/300 [0:05:07<0:10:52, 0.32Hz] | epoch=3.76, loss=0.009100
[02.05 03:35:21] ┇ INFO    ┇    DeepKNLP.gner.trainer ┇ [training]  32%|██████▎             |  95/300 [0:05:07<0:10:49, 0.32Hz] | epoch=3.80, loss=0.005300
[02.05 03:35:21] ┇ INFO    ┇    DeepKNLP.gner.trainer ┇ [training]  32%|██████▍             |  96/300 [0:05:08<0:10:46, 0.32Hz] | epoch=3.84, loss=0.006800
[02.05 03:35:22] ┇ INFO    ┇    DeepKNLP.gner.trainer ┇ [training]  32%|██████▍             |  97/300 [0:05:08<0:10:43, 0.32Hz] | epoch=3.88, loss=0.005000
[02.05 03:35:22] ┇ INFO    ┇    DeepKNLP.gner.trainer ┇ [training]  33%|██████▌             |  98/300 [0:05:09<0:10:40, 0.32Hz] | epoch=3.92, loss=0.007200
[02.05 03:35:23] ┇ INFO    ┇    DeepKNLP.gner.trainer ┇ [training]  33%|██████▌             |  99/300 [0:05:09<0:10:36, 0.32Hz] | epoch=3.96, loss=0.014700
[02.05 03:35:23] ┇ INFO    ┇    DeepKNLP.gner.trainer ┇ [training]  33%|██████▋             | 100/300 [0:05:10<0:10:33, 0.32Hz] | epoch=4.00, loss=0.034800
[02.05 03:35:53] ┇ INFO    ┇    DeepKNLP.gner.trainer ┇ [checking] 100%|████████████████████| 1/1 [0:00:00<0:00:00, 33737.88Hz]
[02.05 03:35:53] ┇ INFO    ┇    DeepKNLP.gner.trainer ┇ [training]  33%|██████▋             | 100/300 [0:05:10<0:10:33, 0.32Hz] | epoch=4.00, eval_average=0.7309
[02.05 03:35:54] ┇ INFO    ┇    DeepKNLP.gner.trainer ┇ [training]  34%|██████▋             | 101/300 [0:05:40<0:12:05, 0.27Hz] | epoch=4.04, loss=0.000800
[02.05 03:35:54] ┇ INFO    ┇    DeepKNLP.gner.trainer ┇ [training]  34%|██████▊             | 102/300 [0:05:41<0:10:27, 0.32Hz] | epoch=4.08, loss=0.001200
[02.05 03:35:55] ┇ INFO    ┇    DeepKNLP.gner.trainer ┇ [training]  34%|██████▊             | 103/300 [0:05:41<0:10:24, 0.32Hz] | epoch=4.12, loss=0.006000
[02.05 03:35:55] ┇ INFO    ┇    DeepKNLP.gner.trainer ┇ [training]  35%|██████▉             | 104/300 [0:05:42<0:10:21, 0.32Hz] | epoch=4.16, loss=0.001500
[02.05 03:35:56] ┇ INFO    ┇    DeepKNLP.gner.trainer ┇ [training]  35%|███████             | 105/300 [0:05:42<0:10:17, 0.32Hz] | epoch=4.20, loss=0.000800
[02.05 03:35:56] ┇ INFO    ┇    DeepKNLP.gner.trainer ┇ [training]  35%|███████             | 106/300 [0:05:43<0:10:14, 0.32Hz] | epoch=4.24, loss=0.022600
[02.05 03:35:57] ┇ INFO    ┇    DeepKNLP.gner.trainer ┇ [training]  36%|███████▏            | 107/300 [0:05:43<0:10:11, 0.32Hz] | epoch=4.28, loss=0.000500
[02.05 03:35:57] ┇ INFO    ┇    DeepKNLP.gner.trainer ┇ [training]  36%|███████▏            | 108/300 [0:05:44<0:10:08, 0.32Hz] | epoch=4.32, loss=0.000600
[02.05 03:35:58] ┇ INFO    ┇    DeepKNLP.gner.trainer ┇ [training]  36%|███████▎            | 109/300 [0:05:44<0:10:05, 0.32Hz] | epoch=4.36, loss=0.039600
[02.05 03:35:58] ┇ INFO    ┇    DeepKNLP.gner.trainer ┇ [training]  37%|███████▎            | 110/300 [0:05:45<0:10:02, 0.32Hz] | epoch=4.40, loss=0.001100
[02.05 03:35:59] ┇ INFO    ┇    DeepKNLP.gner.trainer ┇ [training]  37%|███████▍            | 111/300 [0:05:45<0:09:59, 0.32Hz] | epoch=4.44, loss=0.003800
[02.05 03:35:59] ┇ INFO    ┇    DeepKNLP.gner.trainer ┇ [training]  37%|███████▍            | 112/300 [0:05:46<0:09:56, 0.32Hz] | epoch=4.48, loss=0.002800
[02.05 03:36:29] ┇ INFO    ┇    DeepKNLP.gner.trainer ┇ [checking] 100%|████████████████████| 1/1 [0:00:00<0:00:00, 27289.73Hz]
[02.05 03:36:29] ┇ INFO    ┇    DeepKNLP.gner.trainer ┇ [training]  37%|███████▍            | 112/300 [0:05:46<0:09:56, 0.32Hz] | epoch=4.48, eval_average=0.7486
[02.05 03:36:30] ┇ INFO    ┇    DeepKNLP.gner.trainer ┇ [training]  38%|███████▌            | 113/300 [0:06:17<0:11:22, 0.27Hz] | epoch=4.52, loss=0.000700
[02.05 03:36:30] ┇ INFO    ┇    DeepKNLP.gner.trainer ┇ [training]  38%|███████▌            | 114/300 [0:06:17<0:09:48, 0.32Hz] | epoch=4.56, loss=0.000300
[02.05 03:36:31] ┇ INFO    ┇    DeepKNLP.gner.trainer ┇ [training]  38%|███████▋            | 115/300 [0:06:17<0:09:45, 0.32Hz] | epoch=4.60, loss=0.000600
[02.05 03:36:31] ┇ INFO    ┇    DeepKNLP.gner.trainer ┇ [training]  39%|███████▋            | 116/300 [0:06:18<0:09:42, 0.32Hz] | epoch=4.64, loss=0.001500
[02.05 03:36:32] ┇ INFO    ┇    DeepKNLP.gner.trainer ┇ [training]  39%|███████▊            | 117/300 [0:06:18<0:09:39, 0.32Hz] | epoch=4.68, loss=0.000600
[02.05 03:36:32] ┇ INFO    ┇    DeepKNLP.gner.trainer ┇ [training]  39%|███████▊            | 118/300 [0:06:19<0:09:35, 0.32Hz] | epoch=4.72, loss=0.001200
[02.05 03:36:33] ┇ INFO    ┇    DeepKNLP.gner.trainer ┇ [training]  40%|███████▉            | 119/300 [0:06:19<0:09:32, 0.32Hz] | epoch=4.76, loss=0.011100
[02.05 03:36:33] ┇ INFO    ┇    DeepKNLP.gner.trainer ┇ [training]  40%|████████            | 120/300 [0:06:20<0:09:29, 0.32Hz] | epoch=4.80, loss=0.001000
[02.05 03:36:34] ┇ INFO    ┇    DeepKNLP.gner.trainer ┇ [training]  40%|████████            | 121/300 [0:06:20<0:09:26, 0.32Hz] | epoch=4.84, loss=0.005000
[02.05 03:36:34] ┇ INFO    ┇    DeepKNLP.gner.trainer ┇ [training]  41%|████████▏           | 122/300 [0:06:21<0:09:23, 0.32Hz] | epoch=4.88, loss=0.001300
[02.05 03:36:35] ┇ INFO    ┇    DeepKNLP.gner.trainer ┇ [training]  41%|████████▏           | 123/300 [0:06:21<0:09:19, 0.32Hz] | epoch=4.92, loss=0.004700
[02.05 03:36:35] ┇ INFO    ┇    DeepKNLP.gner.trainer ┇ [training]  41%|████████▎           | 124/300 [0:06:22<0:09:16, 0.32Hz] | epoch=4.96, loss=0.004200
[02.05 03:36:36] ┇ INFO    ┇    DeepKNLP.gner.trainer ┇ [training]  42%|████████▎           | 125/300 [0:06:22<0:09:13, 0.32Hz] | epoch=5.00, loss=0.001100
[02.05 03:37:05] ┇ INFO    ┇    DeepKNLP.gner.trainer ┇ [checking] 100%|████████████████████| 1/1 [0:00:00<0:00:00, 40287.48Hz]
[02.05 03:37:05] ┇ INFO    ┇    DeepKNLP.gner.trainer ┇ [training]  42%|████████▎           | 125/300 [0:06:22<0:09:13, 0.32Hz] | epoch=5.00, eval_average=0.7696
[02.05 03:37:06] ┇ INFO    ┇    DeepKNLP.gner.trainer ┇ [training]  42%|████████▍           | 126/300 [0:06:53<0:09:09, 0.32Hz] | epoch=5.04, loss=0.001100
[02.05 03:37:06] ┇ INFO    ┇    DeepKNLP.gner.trainer ┇ [training]  42%|████████▍           | 127/300 [0:06:53<0:09:06, 0.32Hz] | epoch=5.08, loss=0.000200
[02.05 03:37:07] ┇ INFO    ┇    DeepKNLP.gner.trainer ┇ [training]  43%|████████▌           | 128/300 [0:06:54<0:09:03, 0.32Hz] | epoch=5.12, loss=0.010500
[02.05 03:37:07] ┇ INFO    ┇    DeepKNLP.gner.trainer ┇ [training]  43%|████████▌           | 129/300 [0:06:54<0:08:59, 0.32Hz] | epoch=5.16, loss=0.000400
[02.05 03:37:08] ┇ INFO    ┇    DeepKNLP.gner.trainer ┇ [training]  43%|████████▋           | 130/300 [0:06:54<0:08:56, 0.32Hz] | epoch=5.20, loss=0.005900
[02.05 03:37:08] ┇ INFO    ┇    DeepKNLP.gner.trainer ┇ [training]  44%|████████▋           | 131/300 [0:06:55<0:08:53, 0.32Hz] | epoch=5.24, loss=0.000600
[02.05 03:37:09] ┇ INFO    ┇    DeepKNLP.gner.trainer ┇ [training]  44%|████████▊           | 132/300 [0:06:55<0:08:50, 0.32Hz] | epoch=5.28, loss=0.000300
[02.05 03:37:09] ┇ INFO    ┇    DeepKNLP.gner.trainer ┇ [training]  44%|████████▊           | 133/300 [0:06:56<0:08:47, 0.32Hz] | epoch=5.32, loss=0.047000
[02.05 03:37:10] ┇ INFO    ┇    DeepKNLP.gner.trainer ┇ [training]  45%|████████▉           | 134/300 [0:06:56<0:08:43, 0.32Hz] | epoch=5.36, loss=0.000500
[02.05 03:37:10] ┇ INFO    ┇    DeepKNLP.gner.trainer ┇ [training]  45%|█████████           | 135/300 [0:06:57<0:08:40, 0.32Hz] | epoch=5.40, loss=0.000400
[02.05 03:37:11] ┇ INFO    ┇    DeepKNLP.gner.trainer ┇ [training]  45%|█████████           | 136/300 [0:06:57<0:08:37, 0.32Hz] | epoch=5.44, loss=0.002300
[02.05 03:37:11] ┇ INFO    ┇    DeepKNLP.gner.trainer ┇ [training]  46%|█████████▏          | 137/300 [0:06:58<0:08:34, 0.32Hz] | epoch=5.48, loss=0.000400
[02.05 03:37:12] ┇ INFO    ┇    DeepKNLP.gner.trainer ┇ [training]  46%|█████████▏          | 138/300 [0:06:58<0:08:31, 0.32Hz] | epoch=5.52, loss=0.008700
[02.05 03:37:59] ┇ INFO    ┇    DeepKNLP.gner.trainer ┇ [checking] 100%|████████████████████| 1/1 [0:00:00<0:00:00, 24030.75Hz]
[02.05 03:37:59] ┇ INFO    ┇    DeepKNLP.gner.trainer ┇ [training]  46%|█████████▏          | 138/300 [0:06:58<0:08:31, 0.32Hz] | epoch=5.52, eval_average=0.7514
[02.05 03:38:00] ┇ INFO    ┇    DeepKNLP.gner.trainer ┇ [training]  46%|█████████▎          | 139/300 [0:07:46<0:09:13, 0.29Hz] | epoch=5.56, loss=0.002400
[02.05 03:38:00] ┇ INFO    ┇    DeepKNLP.gner.trainer ┇ [training]  47%|█████████▎          | 140/300 [0:07:47<0:09:09, 0.29Hz] | epoch=5.60, loss=0.000400
[02.05 03:38:01] ┇ INFO    ┇    DeepKNLP.gner.trainer ┇ [training]  47%|█████████▍          | 141/300 [0:07:47<0:09:06, 0.29Hz] | epoch=5.64, loss=0.000400
[02.05 03:38:01] ┇ INFO    ┇    DeepKNLP.gner.trainer ┇ [training]  47%|█████████▍          | 142/300 [0:07:48<0:09:02, 0.29Hz] | epoch=5.68, loss=0.003300
[02.05 03:38:02] ┇ INFO    ┇    DeepKNLP.gner.trainer ┇ [training]  48%|█████████▌          | 143/300 [0:07:48<0:08:59, 0.29Hz] | epoch=5.72, loss=0.001200
[02.05 03:38:02] ┇ INFO    ┇    DeepKNLP.gner.trainer ┇ [training]  48%|█████████▌          | 144/300 [0:07:49<0:08:55, 0.29Hz] | epoch=5.76, loss=0.000400
[02.05 03:38:03] ┇ INFO    ┇    DeepKNLP.gner.trainer ┇ [training]  48%|█████████▋          | 145/300 [0:07:49<0:08:52, 0.29Hz] | epoch=5.80, loss=0.000200
[02.05 03:38:03] ┇ INFO    ┇    DeepKNLP.gner.trainer ┇ [training]  49%|█████████▋          | 146/300 [0:07:50<0:08:49, 0.29Hz] | epoch=5.84, loss=0.000600
[02.05 03:38:04] ┇ INFO    ┇    DeepKNLP.gner.trainer ┇ [training]  49%|█████████▊          | 147/300 [0:07:50<0:08:45, 0.29Hz] | epoch=5.88, loss=0.000500
[02.05 03:38:04] ┇ INFO    ┇    DeepKNLP.gner.trainer ┇ [training]  49%|█████████▊          | 148/300 [0:07:51<0:08:42, 0.29Hz] | epoch=5.92, loss=0.017900
[02.05 03:38:05] ┇ INFO    ┇    DeepKNLP.gner.trainer ┇ [training]  50%|█████████▉          | 149/300 [0:07:51<0:08:38, 0.29Hz] | epoch=5.96, loss=0.000600
[02.05 03:38:05] ┇ INFO    ┇    DeepKNLP.gner.trainer ┇ [training]  50%|██████████          | 150/300 [0:07:52<0:08:35, 0.29Hz] | epoch=6.00, loss=0.006200
[02.05 03:38:35] ┇ INFO    ┇    DeepKNLP.gner.trainer ┇ [checking] 100%|████████████████████| 1/1 [0:00:00<0:00:00, 93352.62Hz]
[02.05 03:38:35] ┇ INFO    ┇    DeepKNLP.gner.trainer ┇ [training]  50%|██████████          | 150/300 [0:07:52<0:08:35, 0.29Hz] | epoch=6.00, eval_average=0.7548
[02.05 03:38:36] ┇ INFO    ┇    DeepKNLP.gner.trainer ┇ [training]  50%|██████████          | 151/300 [0:08:22<0:09:43, 0.26Hz] | epoch=6.04, loss=0.000300
[02.05 03:38:36] ┇ INFO    ┇    DeepKNLP.gner.trainer ┇ [training]  51%|██████████▏         | 152/300 [0:08:23<0:07:45, 0.32Hz] | epoch=6.08, loss=0.000400
[02.05 03:38:37] ┇ INFO    ┇    DeepKNLP.gner.trainer ┇ [training]  51%|██████████▏         | 153/300 [0:08:23<0:07:42, 0.32Hz] | epoch=6.12, loss=0.000200
[02.05 03:38:37] ┇ INFO    ┇    DeepKNLP.gner.trainer ┇ [training]  51%|██████████▎         | 154/300 [0:08:24<0:07:39, 0.32Hz] | epoch=6.16, loss=0.000600
[02.05 03:38:38] ┇ INFO    ┇    DeepKNLP.gner.trainer ┇ [training]  52%|██████████▎         | 155/300 [0:08:24<0:07:36, 0.32Hz] | epoch=6.20, loss=0.000900
[02.05 03:38:38] ┇ INFO    ┇    DeepKNLP.gner.trainer ┇ [training]  52%|██████████▍         | 156/300 [0:08:25<0:07:33, 0.32Hz] | epoch=6.24, loss=0.000400
[02.05 03:38:39] ┇ INFO    ┇    DeepKNLP.gner.trainer ┇ [training]  52%|██████████▍         | 157/300 [0:08:25<0:07:29, 0.32Hz] | epoch=6.28, loss=0.000300
[02.05 03:38:39] ┇ INFO    ┇    DeepKNLP.gner.trainer ┇ [training]  53%|██████████▌         | 158/300 [0:08:26<0:07:26, 0.32Hz] | epoch=6.32, loss=0.000900
[02.05 03:38:40] ┇ INFO    ┇    DeepKNLP.gner.trainer ┇ [training]  53%|██████████▌         | 159/300 [0:08:26<0:07:23, 0.32Hz] | epoch=6.36, loss=0.000200
[02.05 03:38:40] ┇ INFO    ┇    DeepKNLP.gner.trainer ┇ [training]  53%|██████████▋         | 160/300 [0:08:27<0:07:20, 0.32Hz] | epoch=6.40, loss=0.003900
[02.05 03:38:40] ┇ INFO    ┇    DeepKNLP.gner.trainer ┇ [training]  54%|██████████▋         | 161/300 [0:08:27<0:07:17, 0.32Hz] | epoch=6.44, loss=0.000100
[02.05 03:38:41] ┇ INFO    ┇    DeepKNLP.gner.trainer ┇ [training]  54%|██████████▊         | 162/300 [0:08:28<0:07:14, 0.32Hz] | epoch=6.48, loss=0.000200
[02.05 03:39:11] ┇ INFO    ┇    DeepKNLP.gner.trainer ┇ [checking] 100%|████████████████████| 1/1 [0:00:00<0:00:00, 40064.99Hz]
[02.05 03:39:11] ┇ INFO    ┇    DeepKNLP.gner.trainer ┇ [training]  54%|██████████▊         | 162/300 [0:08:28<0:07:14, 0.32Hz] | epoch=6.48, eval_average=0.7571
[02.05 03:39:12] ┇ INFO    ┇    DeepKNLP.gner.trainer ┇ [training]  54%|██████████▊         | 163/300 [0:08:58<0:08:16, 0.28Hz] | epoch=6.52, loss=0.000200
[02.05 03:39:12] ┇ INFO    ┇    DeepKNLP.gner.trainer ┇ [training]  55%|██████████▉         | 164/300 [0:08:59<0:07:08, 0.32Hz] | epoch=6.56, loss=0.000200
[02.05 03:39:13] ┇ INFO    ┇    DeepKNLP.gner.trainer ┇ [training]  55%|███████████         | 165/300 [0:08:59<0:07:05, 0.32Hz] | epoch=6.60, loss=0.000300
[02.05 03:39:13] ┇ INFO    ┇    DeepKNLP.gner.trainer ┇ [training]  55%|███████████         | 166/300 [0:09:00<0:07:02, 0.32Hz] | epoch=6.64, loss=0.000100
[02.05 03:39:14] ┇ INFO    ┇    DeepKNLP.gner.trainer ┇ [training]  56%|███████████▏        | 167/300 [0:09:00<0:06:58, 0.32Hz] | epoch=6.68, loss=0.007300
[02.05 03:39:14] ┇ INFO    ┇    DeepKNLP.gner.trainer ┇ [training]  56%|███████████▏        | 168/300 [0:09:01<0:06:55, 0.32Hz] | epoch=6.72, loss=0.012300
[02.05 03:39:15] ┇ INFO    ┇    DeepKNLP.gner.trainer ┇ [training]  56%|███████████▎        | 169/300 [0:09:01<0:06:52, 0.32Hz] | epoch=6.76, loss=0.000300
[02.05 03:39:15] ┇ INFO    ┇    DeepKNLP.gner.trainer ┇ [training]  57%|███████████▎        | 170/300 [0:09:02<0:06:49, 0.32Hz] | epoch=6.80, loss=0.000200
[02.05 03:39:16] ┇ INFO    ┇    DeepKNLP.gner.trainer ┇ [training]  57%|███████████▍        | 171/300 [0:09:02<0:06:46, 0.32Hz] | epoch=6.84, loss=0.000200
[02.05 03:39:16] ┇ INFO    ┇    DeepKNLP.gner.trainer ┇ [training]  57%|███████████▍        | 172/300 [0:09:03<0:06:43, 0.32Hz] | epoch=6.88, loss=0.000100
[02.05 03:39:17] ┇ INFO    ┇    DeepKNLP.gner.trainer ┇ [training]  58%|███████████▌        | 173/300 [0:09:03<0:06:39, 0.32Hz] | epoch=6.92, loss=0.000100
[02.05 03:39:17] ┇ INFO    ┇    DeepKNLP.gner.trainer ┇ [training]  58%|███████████▌        | 174/300 [0:09:04<0:06:36, 0.32Hz] | epoch=6.96, loss=0.000200
[02.05 03:39:18] ┇ INFO    ┇    DeepKNLP.gner.trainer ┇ [training]  58%|███████████▋        | 175/300 [0:09:04<0:06:33, 0.32Hz] | epoch=7.00, loss=0.000200
[02.05 03:39:48] ┇ INFO    ┇    DeepKNLP.gner.trainer ┇ [checking] 100%|████████████████████| 1/1 [0:00:00<0:00:00, 27655.23Hz]
[02.05 03:39:48] ┇ INFO    ┇    DeepKNLP.gner.trainer ┇ [training]  58%|███████████▋        | 175/300 [0:09:04<0:06:33, 0.32Hz] | epoch=7.00, eval_average=0.7540
[02.05 03:39:48] ┇ INFO    ┇    DeepKNLP.gner.trainer ┇ [training]  59%|███████████▋        | 176/300 [0:09:35<0:06:30, 0.32Hz] | epoch=7.04, loss=0.000100
[02.05 03:39:49] ┇ INFO    ┇    DeepKNLP.gner.trainer ┇ [training]  59%|███████████▊        | 177/300 [0:09:35<0:06:27, 0.32Hz] | epoch=7.08, loss=0.000100
[02.05 03:39:49] ┇ INFO    ┇    DeepKNLP.gner.trainer ┇ [training]  59%|███████████▊        | 178/300 [0:09:36<0:06:24, 0.32Hz] | epoch=7.12, loss=0.000100
[02.05 03:39:50] ┇ INFO    ┇    DeepKNLP.gner.trainer ┇ [training]  60%|███████████▉        | 179/300 [0:09:36<0:06:20, 0.32Hz] | epoch=7.16, loss=0.000100
[02.05 03:39:50] ┇ INFO    ┇    DeepKNLP.gner.trainer ┇ [training]  60%|████████████        | 180/300 [0:09:37<0:06:17, 0.32Hz] | epoch=7.20, loss=0.000100
[02.05 03:39:51] ┇ INFO    ┇    DeepKNLP.gner.trainer ┇ [training]  60%|████████████        | 181/300 [0:09:37<0:06:14, 0.32Hz] | epoch=7.24, loss=0.000200
[02.05 03:39:51] ┇ INFO    ┇    DeepKNLP.gner.trainer ┇ [training]  61%|████████████▏       | 182/300 [0:09:38<0:06:11, 0.32Hz] | epoch=7.28, loss=0.001300
[02.05 03:39:52] ┇ INFO    ┇    DeepKNLP.gner.trainer ┇ [training]  61%|████████████▏       | 183/300 [0:09:38<0:06:08, 0.32Hz] | epoch=7.32, loss=0.000200
[02.05 03:39:52] ┇ INFO    ┇    DeepKNLP.gner.trainer ┇ [training]  61%|████████████▎       | 184/300 [0:09:39<0:06:05, 0.32Hz] | epoch=7.36, loss=0.000200
[02.05 03:39:53] ┇ INFO    ┇    DeepKNLP.gner.trainer ┇ [training]  62%|████████████▎       | 185/300 [0:09:39<0:06:02, 0.32Hz] | epoch=7.40, loss=0.000100
[02.05 03:39:53] ┇ INFO    ┇    DeepKNLP.gner.trainer ┇ [training]  62%|████████████▍       | 186/300 [0:09:40<0:05:58, 0.32Hz] | epoch=7.44, loss=0.000400
[02.05 03:39:54] ┇ INFO    ┇    DeepKNLP.gner.trainer ┇ [training]  62%|████████████▍       | 187/300 [0:09:40<0:05:55, 0.32Hz] | epoch=7.48, loss=0.000300
[02.05 03:39:54] ┇ INFO    ┇    DeepKNLP.gner.trainer ┇ [training]  63%|████████████▌       | 188/300 [0:09:41<0:05:52, 0.32Hz] | epoch=7.52, loss=0.000100
[02.05 03:40:24] ┇ INFO    ┇    DeepKNLP.gner.trainer ┇ [checking] 100%|████████████████████| 1/1 [0:00:00<0:00:00, 19840.75Hz]
[02.05 03:40:24] ┇ INFO    ┇    DeepKNLP.gner.trainer ┇ [training]  63%|████████████▌       | 188/300 [0:09:41<0:05:52, 0.32Hz] | epoch=7.52, eval_average=0.7526
[02.05 03:40:25] ┇ INFO    ┇    DeepKNLP.gner.trainer ┇ [training]  63%|████████████▌       | 189/300 [0:10:11<0:05:49, 0.32Hz] | epoch=7.56, loss=0.000200
[02.05 03:40:25] ┇ INFO    ┇    DeepKNLP.gner.trainer ┇ [training]  63%|████████████▋       | 190/300 [0:10:12<0:05:46, 0.32Hz] | epoch=7.60, loss=0.000100
[02.05 03:40:26] ┇ INFO    ┇    DeepKNLP.gner.trainer ┇ [training]  64%|████████████▋       | 191/300 [0:10:12<0:05:43, 0.32Hz] | epoch=7.64, loss=0.000200
[02.05 03:40:26] ┇ INFO    ┇    DeepKNLP.gner.trainer ┇ [training]  64%|████████████▊       | 192/300 [0:10:13<0:05:40, 0.32Hz] | epoch=7.68, loss=0.000200
[02.05 03:40:27] ┇ INFO    ┇    DeepKNLP.gner.trainer ┇ [training]  64%|████████████▊       | 193/300 [0:10:13<0:05:37, 0.32Hz] | epoch=7.72, loss=0.000100
[02.05 03:40:27] ┇ INFO    ┇    DeepKNLP.gner.trainer ┇ [training]  65%|████████████▉       | 194/300 [0:10:14<0:05:34, 0.32Hz] | epoch=7.76, loss=0.000100
[02.05 03:40:28] ┇ INFO    ┇    DeepKNLP.gner.trainer ┇ [training]  65%|█████████████       | 195/300 [0:10:14<0:05:31, 0.32Hz] | epoch=7.80, loss=0.000000
[02.05 03:40:28] ┇ INFO    ┇    DeepKNLP.gner.trainer ┇ [training]  65%|█████████████       | 196/300 [0:10:15<0:05:27, 0.32Hz] | epoch=7.84, loss=0.000100
[02.05 03:40:28] ┇ INFO    ┇    DeepKNLP.gner.trainer ┇ [training]  66%|█████████████▏      | 197/300 [0:10:15<0:05:24, 0.32Hz] | epoch=7.88, loss=0.000100
[02.05 03:40:29] ┇ INFO    ┇    DeepKNLP.gner.trainer ┇ [training]  66%|█████████████▏      | 198/300 [0:10:16<0:05:21, 0.32Hz] | epoch=7.92, loss=0.000200
[02.05 03:40:29] ┇ INFO    ┇    DeepKNLP.gner.trainer ┇ [training]  66%|█████████████▎      | 199/300 [0:10:16<0:05:18, 0.32Hz] | epoch=7.96, loss=0.000100
[02.05 03:40:30] ┇ INFO    ┇    DeepKNLP.gner.trainer ┇ [training]  67%|█████████████▎      | 200/300 [0:10:16<0:05:15, 0.32Hz] | epoch=8.00, loss=0.000000
[02.05 03:41:00] ┇ INFO    ┇    DeepKNLP.gner.trainer ┇ [checking] 100%|████████████████████| 1/1 [0:00:00<0:00:00, 43733.38Hz]
[02.05 03:41:00] ┇ INFO    ┇    DeepKNLP.gner.trainer ┇ [training]  67%|█████████████▎      | 200/300 [0:10:16<0:05:15, 0.32Hz] | epoch=8.00, eval_average=0.7500
[02.05 03:41:00] ┇ INFO    ┇    DeepKNLP.gner.trainer ┇ [training]  67%|█████████████▍      | 201/300 [0:10:47<0:05:59, 0.28Hz] | epoch=8.04, loss=0.000100
[02.05 03:41:01] ┇ INFO    ┇    DeepKNLP.gner.trainer ┇ [training]  67%|█████████████▍      | 202/300 [0:10:47<0:04:41, 0.35Hz] | epoch=8.08, loss=0.000000
[02.05 03:41:01] ┇ INFO    ┇    DeepKNLP.gner.trainer ┇ [training]  68%|█████████████▌      | 203/300 [0:10:48<0:04:38, 0.35Hz] | epoch=8.12, loss=0.000000
[02.05 03:41:02] ┇ INFO    ┇    DeepKNLP.gner.trainer ┇ [training]  68%|█████████████▌      | 204/300 [0:10:48<0:04:36, 0.35Hz] | epoch=8.16, loss=0.000000
[02.05 03:41:02] ┇ INFO    ┇    DeepKNLP.gner.trainer ┇ [training]  68%|█████████████▋      | 205/300 [0:10:49<0:04:33, 0.35Hz] | epoch=8.20, loss=0.000000
[02.05 03:41:03] ┇ INFO    ┇    DeepKNLP.gner.trainer ┇ [training]  69%|█████████████▋      | 206/300 [0:10:49<0:04:30, 0.35Hz] | epoch=8.24, loss=0.000000
[02.05 03:41:03] ┇ INFO    ┇    DeepKNLP.gner.trainer ┇ [training]  69%|█████████████▊      | 207/300 [0:10:50<0:04:27, 0.35Hz] | epoch=8.28, loss=0.000100
[02.05 03:41:04] ┇ INFO    ┇    DeepKNLP.gner.trainer ┇ [training]  69%|█████████████▊      | 208/300 [0:10:50<0:04:24, 0.35Hz] | epoch=8.32, loss=0.000000
[02.05 03:41:04] ┇ INFO    ┇    DeepKNLP.gner.trainer ┇ [training]  70%|█████████████▉      | 209/300 [0:10:51<0:04:21, 0.35Hz] | epoch=8.36, loss=0.000100
[02.05 03:41:05] ┇ INFO    ┇    DeepKNLP.gner.trainer ┇ [training]  70%|██████████████      | 210/300 [0:10:51<0:04:18, 0.35Hz] | epoch=8.40, loss=0.000000
[02.05 03:41:05] ┇ INFO    ┇    DeepKNLP.gner.trainer ┇ [training]  70%|██████████████      | 211/300 [0:10:52<0:04:16, 0.35Hz] | epoch=8.44, loss=0.000000
[02.05 03:41:06] ┇ INFO    ┇    DeepKNLP.gner.trainer ┇ [training]  71%|██████████████▏     | 212/300 [0:10:52<0:04:13, 0.35Hz] | epoch=8.48, loss=0.000100
[02.05 03:41:36] ┇ INFO    ┇    DeepKNLP.gner.trainer ┇ [checking] 100%|████████████████████| 1/1 [0:00:00<0:00:00, 32948.99Hz]
[02.05 03:41:36] ┇ INFO    ┇    DeepKNLP.gner.trainer ┇ [training]  71%|██████████████▏     | 212/300 [0:10:52<0:04:13, 0.35Hz] | epoch=8.48, eval_average=0.7520
[02.05 03:41:36] ┇ INFO    ┇    DeepKNLP.gner.trainer ┇ [training]  71%|██████████████▏     | 213/300 [0:11:23<0:04:51, 0.30Hz] | epoch=8.52, loss=0.000100
[02.05 03:41:37] ┇ INFO    ┇    DeepKNLP.gner.trainer ┇ [training]  71%|██████████████▎     | 214/300 [0:11:23<0:04:07, 0.35Hz] | epoch=8.56, loss=0.000000
[02.05 03:41:37] ┇ INFO    ┇    DeepKNLP.gner.trainer ┇ [training]  72%|██████████████▎     | 215/300 [0:11:24<0:04:04, 0.35Hz] | epoch=8.60, loss=0.000000
[02.05 03:41:38] ┇ INFO    ┇    DeepKNLP.gner.trainer ┇ [training]  72%|██████████████▍     | 216/300 [0:11:24<0:04:01, 0.35Hz] | epoch=8.64, loss=0.000000
[02.05 03:41:38] ┇ INFO    ┇    DeepKNLP.gner.trainer ┇ [training]  72%|██████████████▍     | 217/300 [0:11:25<0:03:58, 0.35Hz] | epoch=8.68, loss=0.000000
[02.05 03:41:39] ┇ INFO    ┇    DeepKNLP.gner.trainer ┇ [training]  73%|██████████████▌     | 218/300 [0:11:25<0:03:55, 0.35Hz] | epoch=8.72, loss=0.000100
[02.05 03:41:39] ┇ INFO    ┇    DeepKNLP.gner.trainer ┇ [training]  73%|██████████████▌     | 219/300 [0:11:26<0:03:52, 0.35Hz] | epoch=8.76, loss=0.000000
[02.05 03:41:40] ┇ INFO    ┇    DeepKNLP.gner.trainer ┇ [training]  73%|██████████████▋     | 220/300 [0:11:26<0:03:49, 0.35Hz] | epoch=8.80, loss=0.000100
[02.05 03:41:40] ┇ INFO    ┇    DeepKNLP.gner.trainer ┇ [training]  74%|██████████████▋     | 221/300 [0:11:27<0:03:47, 0.35Hz] | epoch=8.84, loss=0.000100
[02.05 03:41:41] ┇ INFO    ┇    DeepKNLP.gner.trainer ┇ [training]  74%|██████████████▊     | 222/300 [0:11:27<0:03:44, 0.35Hz] | epoch=8.88, loss=0.000000
[02.05 03:41:41] ┇ INFO    ┇    DeepKNLP.gner.trainer ┇ [training]  74%|██████████████▊     | 223/300 [0:11:28<0:03:41, 0.35Hz] | epoch=8.92, loss=0.000000
[02.05 03:41:42] ┇ INFO    ┇    DeepKNLP.gner.trainer ┇ [training]  75%|██████████████▉     | 224/300 [0:11:28<0:03:38, 0.35Hz] | epoch=8.96, loss=0.000000
[02.05 03:41:42] ┇ INFO    ┇    DeepKNLP.gner.trainer ┇ [training]  75%|███████████████     | 225/300 [0:11:29<0:03:35, 0.35Hz] | epoch=9.00, loss=0.000000
[02.05 03:42:12] ┇ INFO    ┇    DeepKNLP.gner.trainer ┇ [checking] 100%|████████████████████| 1/1 [0:00:00<0:00:00, 31954.70Hz]
[02.05 03:42:12] ┇ INFO    ┇    DeepKNLP.gner.trainer ┇ [training]  75%|███████████████     | 225/300 [0:11:29<0:03:35, 0.35Hz] | epoch=9.00, eval_average=0.7520
[02.05 03:42:13] ┇ INFO    ┇    DeepKNLP.gner.trainer ┇ [training]  75%|███████████████     | 226/300 [0:11:59<0:03:32, 0.35Hz] | epoch=9.04, loss=0.000100
[02.05 03:42:13] ┇ INFO    ┇    DeepKNLP.gner.trainer ┇ [training]  76%|███████████████▏    | 227/300 [0:12:00<0:03:29, 0.35Hz] | epoch=9.08, loss=0.000000
[02.05 03:42:14] ┇ INFO    ┇    DeepKNLP.gner.trainer ┇ [training]  76%|███████████████▏    | 228/300 [0:12:00<0:03:26, 0.35Hz] | epoch=9.12, loss=0.000000
[02.05 03:42:14] ┇ INFO    ┇    DeepKNLP.gner.trainer ┇ [training]  76%|███████████████▎    | 229/300 [0:12:01<0:03:23, 0.35Hz] | epoch=9.16, loss=0.000100
[02.05 03:42:15] ┇ INFO    ┇    DeepKNLP.gner.trainer ┇ [training]  77%|███████████████▎    | 230/300 [0:12:01<0:03:20, 0.35Hz] | epoch=9.20, loss=0.000000
[02.05 03:42:15] ┇ INFO    ┇    DeepKNLP.gner.trainer ┇ [training]  77%|███████████████▍    | 231/300 [0:12:02<0:03:18, 0.35Hz] | epoch=9.24, loss=0.000000
[02.05 03:42:16] ┇ INFO    ┇    DeepKNLP.gner.trainer ┇ [training]  77%|███████████████▍    | 232/300 [0:12:02<0:03:15, 0.35Hz] | epoch=9.28, loss=0.000000
[02.05 03:42:16] ┇ INFO    ┇    DeepKNLP.gner.trainer ┇ [training]  78%|███████████████▌    | 233/300 [0:12:03<0:03:12, 0.35Hz] | epoch=9.32, loss=0.000000
[02.05 03:42:17] ┇ INFO    ┇    DeepKNLP.gner.trainer ┇ [training]  78%|███████████████▌    | 234/300 [0:12:03<0:03:09, 0.35Hz] | epoch=9.36, loss=0.000100
[02.05 03:42:17] ┇ INFO    ┇    DeepKNLP.gner.trainer ┇ [training]  78%|███████████████▋    | 235/300 [0:12:04<0:03:06, 0.35Hz] | epoch=9.40, loss=0.000000
[02.05 03:42:17] ┇ INFO    ┇    DeepKNLP.gner.trainer ┇ [training]  79%|███████████████▋    | 236/300 [0:12:04<0:03:03, 0.35Hz] | epoch=9.44, loss=0.000000
[02.05 03:42:18] ┇ INFO    ┇    DeepKNLP.gner.trainer ┇ [training]  79%|███████████████▊    | 237/300 [0:12:04<0:03:00, 0.35Hz] | epoch=9.48, loss=0.000000
[02.05 03:42:18] ┇ INFO    ┇    DeepKNLP.gner.trainer ┇ [training]  79%|███████████████▊    | 238/300 [0:12:05<0:02:57, 0.35Hz] | epoch=9.52, loss=0.000000
[02.05 03:42:48] ┇ INFO    ┇    DeepKNLP.gner.trainer ┇ [checking] 100%|████████████████████| 1/1 [0:00:00<0:00:00, 34132.55Hz]
[02.05 03:42:48] ┇ INFO    ┇    DeepKNLP.gner.trainer ┇ [training]  79%|███████████████▊    | 238/300 [0:12:05<0:02:57, 0.35Hz] | epoch=9.52, eval_average=0.7520
[02.05 03:42:49] ┇ INFO    ┇    DeepKNLP.gner.trainer ┇ [training]  80%|███████████████▉    | 239/300 [0:12:35<0:02:54, 0.35Hz] | epoch=9.56, loss=0.000000
[02.05 03:42:49] ┇ INFO    ┇    DeepKNLP.gner.trainer ┇ [training]  80%|████████████████    | 240/300 [0:12:36<0:02:52, 0.35Hz] | epoch=9.60, loss=0.000000
[02.05 03:42:50] ┇ INFO    ┇    DeepKNLP.gner.trainer ┇ [training]  80%|████████████████    | 241/300 [0:12:36<0:02:49, 0.35Hz] | epoch=9.64, loss=0.000000
[02.05 03:42:50] ┇ INFO    ┇    DeepKNLP.gner.trainer ┇ [training]  81%|████████████████▏   | 242/300 [0:12:37<0:02:46, 0.35Hz] | epoch=9.68, loss=0.000000
[02.05 03:42:51] ┇ INFO    ┇    DeepKNLP.gner.trainer ┇ [training]  81%|████████████████▏   | 243/300 [0:12:37<0:02:43, 0.35Hz] | epoch=9.72, loss=0.000100
[02.05 03:42:51] ┇ INFO    ┇    DeepKNLP.gner.trainer ┇ [training]  81%|████████████████▎   | 244/300 [0:12:38<0:02:40, 0.35Hz] | epoch=9.76, loss=0.000000
[02.05 03:42:52] ┇ INFO    ┇    DeepKNLP.gner.trainer ┇ [training]  82%|████████████████▎   | 245/300 [0:12:38<0:02:37, 0.35Hz] | epoch=9.80, loss=0.000000
[02.05 03:42:52] ┇ INFO    ┇    DeepKNLP.gner.trainer ┇ [training]  82%|████████████████▍   | 246/300 [0:12:39<0:02:34, 0.35Hz] | epoch=9.84, loss=0.000100
[02.05 03:42:53] ┇ INFO    ┇    DeepKNLP.gner.trainer ┇ [training]  82%|████████████████▍   | 247/300 [0:12:39<0:02:31, 0.35Hz] | epoch=9.88, loss=0.000000
[02.05 03:42:53] ┇ INFO    ┇    DeepKNLP.gner.trainer ┇ [training]  83%|████████████████▌   | 248/300 [0:12:40<0:02:29, 0.35Hz] | epoch=9.92, loss=0.000100
[02.05 03:42:54] ┇ INFO    ┇    DeepKNLP.gner.trainer ┇ [training]  83%|████████████████▌   | 249/300 [0:12:40<0:02:26, 0.35Hz] | epoch=9.96, loss=0.000000
[02.05 03:42:54] ┇ INFO    ┇    DeepKNLP.gner.trainer ┇ [training]  83%|████████████████▋   | 250/300 [0:12:41<0:02:23, 0.35Hz] | epoch=10.00, loss=0.000000
[02.05 03:43:24] ┇ INFO    ┇    DeepKNLP.gner.trainer ┇ [checking] 100%|████████████████████| 1/1 [0:00:00<0:00:00, 91134.09Hz]
[02.05 03:43:24] ┇ INFO    ┇    DeepKNLP.gner.trainer ┇ [training]  83%|████████████████▋   | 250/300 [0:12:41<0:02:23, 0.35Hz] | epoch=10.00, eval_average=0.7528
[02.05 03:43:25] ┇ INFO    ┇    DeepKNLP.gner.trainer ┇ [training]  84%|████████████████▋   | 251/300 [0:13:11<0:02:43, 0.30Hz] | epoch=10.04, loss=0.000000
[02.05 03:43:25] ┇ INFO    ┇    DeepKNLP.gner.trainer ┇ [training]  84%|████████████████▊   | 252/300 [0:13:12<0:02:17, 0.35Hz] | epoch=10.08, loss=0.000000
[02.05 03:43:26] ┇ INFO    ┇    DeepKNLP.gner.trainer ┇ [training]  84%|████████████████▊   | 253/300 [0:13:12<0:02:14, 0.35Hz] | epoch=10.12, loss=0.000100
[02.05 03:43:26] ┇ INFO    ┇    DeepKNLP.gner.trainer ┇ [training]  85%|████████████████▉   | 254/300 [0:13:13<0:02:11, 0.35Hz] | epoch=10.16, loss=0.000000
[02.05 03:43:27] ┇ INFO    ┇    DeepKNLP.gner.trainer ┇ [training]  85%|█████████████████   | 255/300 [0:13:13<0:02:08, 0.35Hz] | epoch=10.20, loss=0.000000
[02.05 03:43:27] ┇ INFO    ┇    DeepKNLP.gner.trainer ┇ [training]  85%|█████████████████   | 256/300 [0:13:14<0:02:06, 0.35Hz] | epoch=10.24, loss=0.000100
[02.05 03:43:28] ┇ INFO    ┇    DeepKNLP.gner.trainer ┇ [training]  86%|█████████████████▏  | 257/300 [0:13:14<0:02:03, 0.35Hz] | epoch=10.28, loss=0.000000
[02.05 03:43:28] ┇ INFO    ┇    DeepKNLP.gner.trainer ┇ [training]  86%|█████████████████▏  | 258/300 [0:13:15<0:02:00, 0.35Hz] | epoch=10.32, loss=0.000000
[02.05 03:43:29] ┇ INFO    ┇    DeepKNLP.gner.trainer ┇ [training]  86%|█████████████████▎  | 259/300 [0:13:15<0:01:57, 0.35Hz] | epoch=10.36, loss=0.000000
[02.05 03:43:29] ┇ INFO    ┇    DeepKNLP.gner.trainer ┇ [training]  87%|█████████████████▎  | 260/300 [0:13:16<0:01:54, 0.35Hz] | epoch=10.40, loss=0.000000
[02.05 03:43:30] ┇ INFO    ┇    DeepKNLP.gner.trainer ┇ [training]  87%|█████████████████▍  | 261/300 [0:13:16<0:01:51, 0.35Hz] | epoch=10.44, loss=0.000000
[02.05 03:43:30] ┇ INFO    ┇    DeepKNLP.gner.trainer ┇ [training]  87%|█████████████████▍  | 262/300 [0:13:17<0:01:48, 0.35Hz] | epoch=10.48, loss=0.000000
[02.05 03:44:00] ┇ INFO    ┇    DeepKNLP.gner.trainer ┇ [checking] 100%|████████████████████| 1/1 [0:00:00<0:00:00, 32151.81Hz]
[02.05 03:44:00] ┇ INFO    ┇    DeepKNLP.gner.trainer ┇ [training]  87%|█████████████████▍  | 262/300 [0:13:17<0:01:48, 0.35Hz] | epoch=10.48, eval_average=0.7506
[02.05 03:44:01] ┇ INFO    ┇    DeepKNLP.gner.trainer ┇ [training]  88%|█████████████████▌  | 263/300 [0:13:47<0:02:03, 0.30Hz] | epoch=10.52, loss=0.000100
[02.05 03:44:01] ┇ INFO    ┇    DeepKNLP.gner.trainer ┇ [training]  88%|█████████████████▌  | 264/300 [0:13:48<0:01:43, 0.35Hz] | epoch=10.56, loss=0.000000
[02.05 03:44:02] ┇ INFO    ┇    DeepKNLP.gner.trainer ┇ [training]  88%|█████████████████▋  | 265/300 [0:13:48<0:01:40, 0.35Hz] | epoch=10.60, loss=0.000000
[02.05 03:44:02] ┇ INFO    ┇    DeepKNLP.gner.trainer ┇ [training]  89%|█████████████████▋  | 266/300 [0:13:49<0:01:37, 0.35Hz] | epoch=10.64, loss=0.000000
[02.05 03:44:03] ┇ INFO    ┇    DeepKNLP.gner.trainer ┇ [training]  89%|█████████████████▊  | 267/300 [0:13:49<0:01:34, 0.35Hz] | epoch=10.68, loss=0.000000
[02.05 03:44:03] ┇ INFO    ┇    DeepKNLP.gner.trainer ┇ [training]  89%|█████████████████▊  | 268/300 [0:13:50<0:01:31, 0.35Hz] | epoch=10.72, loss=0.000000
[02.05 03:44:03] ┇ INFO    ┇    DeepKNLP.gner.trainer ┇ [training]  90%|█████████████████▉  | 269/300 [0:13:50<0:01:28, 0.35Hz] | epoch=10.76, loss=0.000000
[02.05 03:44:04] ┇ INFO    ┇    DeepKNLP.gner.trainer ┇ [training]  90%|██████████████████  | 270/300 [0:13:51<0:01:26, 0.35Hz] | epoch=10.80, loss=0.000000
[02.05 03:44:04] ┇ INFO    ┇    DeepKNLP.gner.trainer ┇ [training]  90%|██████████████████  | 271/300 [0:13:51<0:01:23, 0.35Hz] | epoch=10.84, loss=0.000000
[02.05 03:44:05] ┇ INFO    ┇    DeepKNLP.gner.trainer ┇ [training]  91%|██████████████████▏ | 272/300 [0:13:52<0:01:20, 0.35Hz] | epoch=10.88, loss=0.000000
[02.05 03:44:05] ┇ INFO    ┇    DeepKNLP.gner.trainer ┇ [training]  91%|██████████████████▏ | 273/300 [0:13:52<0:01:17, 0.35Hz] | epoch=10.92, loss=0.000000
[02.05 03:44:06] ┇ INFO    ┇    DeepKNLP.gner.trainer ┇ [training]  91%|██████████████████▎ | 274/300 [0:13:53<0:01:14, 0.35Hz] | epoch=10.96, loss=0.000000
[02.05 03:44:06] ┇ INFO    ┇    DeepKNLP.gner.trainer ┇ [training]  92%|██████████████████▎ | 275/300 [0:13:53<0:01:11, 0.35Hz] | epoch=11.00, loss=0.000000
[02.05 03:44:36] ┇ INFO    ┇    DeepKNLP.gner.trainer ┇ [checking] 100%|████████████████████| 1/1 [0:00:00<0:00:00, 28338.40Hz]
[02.05 03:44:36] ┇ INFO    ┇    DeepKNLP.gner.trainer ┇ [training]  92%|██████████████████▎ | 275/300 [0:13:53<0:01:11, 0.35Hz] | epoch=11.00, eval_average=0.7528
[02.05 03:44:37] ┇ INFO    ┇    DeepKNLP.gner.trainer ┇ [training]  92%|██████████████████▍ | 276/300 [0:14:23<0:01:08, 0.35Hz] | epoch=11.04, loss=0.000000
[02.05 03:44:37] ┇ INFO    ┇    DeepKNLP.gner.trainer ┇ [training]  92%|██████████████████▍ | 277/300 [0:14:24<0:01:05, 0.35Hz] | epoch=11.08, loss=0.000000
[02.05 03:44:38] ┇ INFO    ┇    DeepKNLP.gner.trainer ┇ [training]  93%|██████████████████▌ | 278/300 [0:14:24<0:01:03, 0.35Hz] | epoch=11.12, loss=0.000000
[02.05 03:44:38] ┇ INFO    ┇    DeepKNLP.gner.trainer ┇ [training]  93%|██████████████████▌ | 279/300 [0:14:25<0:01:00, 0.35Hz] | epoch=11.16, loss=0.000000
[02.05 03:44:39] ┇ INFO    ┇    DeepKNLP.gner.trainer ┇ [training]  93%|██████████████████▋ | 280/300 [0:14:25<0:00:57, 0.35Hz] | epoch=11.20, loss=0.000000
[02.05 03:44:39] ┇ INFO    ┇    DeepKNLP.gner.trainer ┇ [training]  94%|██████████████████▋ | 281/300 [0:14:26<0:00:54, 0.35Hz] | epoch=11.24, loss=0.000000
[02.05 03:44:40] ┇ INFO    ┇    DeepKNLP.gner.trainer ┇ [training]  94%|██████████████████▊ | 282/300 [0:14:26<0:00:51, 0.35Hz] | epoch=11.28, loss=0.000000
[02.05 03:44:40] ┇ INFO    ┇    DeepKNLP.gner.trainer ┇ [training]  94%|██████████████████▊ | 283/300 [0:14:27<0:00:48, 0.35Hz] | epoch=11.32, loss=0.000000
[02.05 03:44:41] ┇ INFO    ┇    DeepKNLP.gner.trainer ┇ [training]  95%|██████████████████▉ | 284/300 [0:14:27<0:00:45, 0.35Hz] | epoch=11.36, loss=0.000000
[02.05 03:44:41] ┇ INFO    ┇    DeepKNLP.gner.trainer ┇ [training]  95%|███████████████████ | 285/300 [0:14:28<0:00:43, 0.35Hz] | epoch=11.40, loss=0.000000
[02.05 03:44:42] ┇ INFO    ┇    DeepKNLP.gner.trainer ┇ [training]  95%|███████████████████ | 286/300 [0:14:28<0:00:40, 0.35Hz] | epoch=11.44, loss=0.000000
[02.05 03:44:42] ┇ INFO    ┇    DeepKNLP.gner.trainer ┇ [training]  96%|███████████████████▏| 287/300 [0:14:29<0:00:37, 0.35Hz] | epoch=11.48, loss=0.000000
[02.05 03:44:43] ┇ INFO    ┇    DeepKNLP.gner.trainer ┇ [training]  96%|███████████████████▏| 288/300 [0:14:29<0:00:34, 0.35Hz] | epoch=11.52, loss=0.000000
[02.05 03:45:13] ┇ INFO    ┇    DeepKNLP.gner.trainer ┇ [checking] 100%|████████████████████| 1/1 [0:00:00<0:00:00, 34215.21Hz]
[02.05 03:45:13] ┇ INFO    ┇    DeepKNLP.gner.trainer ┇ [training]  96%|███████████████████▏| 288/300 [0:14:29<0:00:34, 0.35Hz] | epoch=11.52, eval_average=0.7528
[02.05 03:45:13] ┇ INFO    ┇    DeepKNLP.gner.trainer ┇ [training]  96%|███████████████████▎| 289/300 [0:15:00<0:00:31, 0.35Hz] | epoch=11.56, loss=0.000100
[02.05 03:45:14] ┇ INFO    ┇    DeepKNLP.gner.trainer ┇ [training]  97%|███████████████████▎| 290/300 [0:15:00<0:00:28, 0.35Hz] | epoch=11.60, loss=0.000000
[02.05 03:45:14] ┇ INFO    ┇    DeepKNLP.gner.trainer ┇ [training]  97%|███████████████████▍| 291/300 [0:15:01<0:00:25, 0.35Hz] | epoch=11.64, loss=0.000000
[02.05 03:45:15] ┇ INFO    ┇    DeepKNLP.gner.trainer ┇ [training]  97%|███████████████████▍| 292/300 [0:15:01<0:00:22, 0.35Hz] | epoch=11.68, loss=0.000000
[02.05 03:45:15] ┇ INFO    ┇    DeepKNLP.gner.trainer ┇ [training]  98%|███████████████████▌| 293/300 [0:15:02<0:00:20, 0.35Hz] | epoch=11.72, loss=0.000000
[02.05 03:45:16] ┇ INFO    ┇    DeepKNLP.gner.trainer ┇ [training]  98%|███████████████████▌| 294/300 [0:15:02<0:00:17, 0.35Hz] | epoch=11.76, loss=0.000000
[02.05 03:45:16] ┇ INFO    ┇    DeepKNLP.gner.trainer ┇ [training]  98%|███████████████████▋| 295/300 [0:15:03<0:00:14, 0.35Hz] | epoch=11.80, loss=0.000000
[02.05 03:45:17] ┇ INFO    ┇    DeepKNLP.gner.trainer ┇ [training]  99%|███████████████████▋| 296/300 [0:15:03<0:00:11, 0.35Hz] | epoch=11.84, loss=0.000000
[02.05 03:45:17] ┇ INFO    ┇    DeepKNLP.gner.trainer ┇ [training]  99%|███████████████████▊| 297/300 [0:15:04<0:00:08, 0.35Hz] | epoch=11.88, loss=0.000000
[02.05 03:45:18] ┇ INFO    ┇    DeepKNLP.gner.trainer ┇ [training]  99%|███████████████████▊| 298/300 [0:15:04<0:00:05, 0.35Hz] | epoch=11.92, loss=0.000000
[02.05 03:45:18] ┇ INFO    ┇    DeepKNLP.gner.trainer ┇ [training] 100%|███████████████████▉| 299/300 [0:15:05<0:00:02, 0.35Hz] | epoch=11.96, loss=0.000000
[02.05 03:45:19] ┇ INFO    ┇    DeepKNLP.gner.trainer ┇ [training] 100%|████████████████████| 300/300 [0:15:05<0:00:00, 0.35Hz] | epoch=12.00, loss=0.000000
[02.05 03:45:48] ┇ INFO    ┇    DeepKNLP.gner.trainer ┇ [checking] 100%|████████████████████| 1/1 [0:00:00<0:00:00, 81940.00Hz]
[02.05 03:45:49] ┇ INFO    ┇    DeepKNLP.gner.trainer ┇ [training] 100%|████████████████████| 300/300 [0:15:05<0:00:00, 0.35Hz] | epoch=12.00, eval_average=0.7528
[02.05 03:45:49] ┇ INFO    ┇    DeepKNLP.gner.trainer ┇ [training] 100%|████████████████████| 300/300 [0:15:05<0:00:00, 0.35Hz] | epoch=12.00, train_loss=0.0231, total_pflos=16.902
[02.05 03:45:49] ┇ INFO    ┇    DeepKNLP.gner.trainer ┇ -----------------------------------------------------------------------------------------------------------------------------------------
[02.05 03:45:49] ┇ INFO    ┇                 DeepKNLP ┇ Train output metrics: {'train_runtime': 935.6761, 'train_samples_per_second': 1.282, 'train_steps_per_second': 0.321, 'total_flos': 1.6901559325556736e+16, 'train_loss': 0.02311152140981297, 'epoch': 12.0}
[02.05 03:45:49] ┇ INFO    ┇           chrisbase.data ┇ =========================================================================================================================================
[02.05 03:45:49] ┇ INFO    ┇           chrisbase.data ┇ [EXIT] python task2-nerG-trainer.py --local_rank=0 --trainer_deepspeed configs/deepspeed/ds2_llama.json --run_version Phi3-7B-BL --pretrained microsoft/Phi-3-small-8k-instruct --eval_epochs 0.5 --num_train_epochs 12 --gradient_accumulation_steps 1 --eval_file data/gner/each-sampled/crossner_literature-dev=100.jsonl --train_file data/gner/each/crossner_literature-train.jsonl --output_file train-metrics-crossner_literature-12ep.csv --logging_file train-loggings-crossner_literature-12ep.out --use_flash_attention ($=00:16:32.811)
[02.05 03:45:49] ┇ INFO    ┇           chrisbase.data ┇ =========================================================================================================================================
[02.05 03:45:50] ┇ INFO    ┇ torch._inductor.remote_cache ┇ Cache Metrics: None

[02.05 03:45:50] ┇ INFO    ┇ torch._dynamo.eval_frame ┇ TorchDynamo attempted to trace the following frames: [

]
[02.05 03:45:50] ┇ INFO    ┇      torch._dynamo.utils ┇ TorchDynamo compilation metrics:
Function    Runtimes (s)
----------  --------------
[02.05 03:45:50] ┇ INFO    ┇ torch._subclasses.fake_tensor ┇ FakeTensor cache stats:
[02.05 03:45:50] ┇ INFO    ┇ torch._subclasses.fake_tensor ┇   cache_hits: 0
[02.05 03:45:50] ┇ INFO    ┇ torch._subclasses.fake_tensor ┇   cache_misses: 0
[02.05 03:45:50] ┇ INFO    ┇ torch._inductor.remote_cache ┇ Cache Metrics: None

[02.05 03:45:50] ┇ INFO    ┇ torch._dynamo.eval_frame ┇ TorchDynamo attempted to trace the following frames: [

]
[02.05 03:45:50] ┇ INFO    ┇      torch._dynamo.utils ┇ TorchDynamo compilation metrics:
Function    Runtimes (s)
----------  --------------
[02.05 03:45:50] ┇ INFO    ┇ torch._subclasses.fake_tensor ┇ FakeTensor cache stats:
[02.05 03:45:50] ┇ INFO    ┇ torch._subclasses.fake_tensor ┇   cache_hits: 0
[02.05 03:45:50] ┇ INFO    ┇ torch._subclasses.fake_tensor ┇   cache_misses: 0
[02.05 03:45:50] ┇ INFO    ┇ torch._inductor.remote_cache ┇ Cache Metrics: None

[02.05 03:45:50] ┇ INFO    ┇ torch._dynamo.eval_frame ┇ TorchDynamo attempted to trace the following frames: [

]
[02.05 03:45:50] ┇ INFO    ┇      torch._dynamo.utils ┇ TorchDynamo compilation metrics:
Function    Runtimes (s)
----------  --------------
[02.05 03:45:50] ┇ INFO    ┇ torch._subclasses.fake_tensor ┇ FakeTensor cache stats:
[02.05 03:45:50] ┇ INFO    ┇ torch._subclasses.fake_tensor ┇   cache_hits: 0
[02.05 03:45:50] ┇ INFO    ┇ torch._subclasses.fake_tensor ┇   cache_misses: 0
[02.05 03:45:50] ┇ INFO    ┇ torch._inductor.remote_cache ┇ Cache Metrics: None

[02.05 03:45:50] ┇ INFO    ┇ torch._dynamo.eval_frame ┇ TorchDynamo attempted to trace the following frames: [

]
[02.05 03:45:50] ┇ INFO    ┇      torch._dynamo.utils ┇ TorchDynamo compilation metrics:
Function    Runtimes (s)
----------  --------------
[02.05 03:45:50] ┇ INFO    ┇ torch._subclasses.fake_tensor ┇ FakeTensor cache stats:
[02.05 03:45:50] ┇ INFO    ┇ torch._subclasses.fake_tensor ┇   cache_hits: 0
[02.05 03:45:50] ┇ INFO    ┇ torch._subclasses.fake_tensor ┇   cache_misses: 0
