[02.13 00:45:58] ┇ INFO    ┇           chrisbase.data ┇ =========================================================================================================================================
[02.13 00:45:58] ┇ INFO    ┇           chrisbase.data ┇ [INIT] python task2-nerG-trainer.py --local_rank=0 --trainer_deepspeed configs/deepspeed/ds2_t5.json --run_version FlanT5-Base-WQ=4,3 --pretrained google/flan-t5-base --eval_epochs 0.5 --logging_steps 5 --num_train_epochs 12 --per_device_eval_batch_size 50 --per_device_train_batch_size 8 --gradient_accumulation_steps 1 --generation_max_length 640 --eval_file data/gner/each-sampled-WQ=4,3/crossner_literature-dev=100-WQ=4,3.jsonl --train_file data/gner/each-WQ=4,3/crossner_literature-train-WQ=4,3.jsonl --output_file train-metrics-crossner_literature-12ep.csv --logging_file train-loggings-crossner_literature-12ep.out --no_use_flash_attention --no_debugging
[02.13 00:45:58] ┇ INFO    ┇           chrisbase.data ┇ =========================================================================================================================================
[02.13 00:45:58] ┇ INFO    ┇           chrisbase.data ┇ -----------------------------------------------------------------------------------------------------------------------------------------
[02.13 00:45:58] ┇ INFO    ┇           chrisbase.data ┇   #	TrainingArgumentsForAccelerator              	value
[02.13 00:45:58] ┇ INFO    ┇           chrisbase.data ┇ -----------------------------------------------------------------------------------------------------------------------------------------
[02.13 00:45:58] ┇ INFO    ┇           chrisbase.data ┇   1	env.hostname                                 	ptlm3
[02.13 00:45:58] ┇ INFO    ┇           chrisbase.data ┇   2	env.hostaddr                                 	129.254.121.74
[02.13 00:45:58] ┇ INFO    ┇           chrisbase.data ┇   3	env.global_rank                              	-1
[02.13 00:45:58] ┇ INFO    ┇           chrisbase.data ┇   4	env.local_rank                               	0
[02.13 00:45:58] ┇ INFO    ┇           chrisbase.data ┇   5	env.node_rank                                	-1
[02.13 00:45:58] ┇ INFO    ┇           chrisbase.data ┇   6	env.world_size                               	4
[02.13 00:45:58] ┇ INFO    ┇           chrisbase.data ┇   7	env.time_stamp                               	0213-004553
[02.13 00:45:58] ┇ INFO    ┇           chrisbase.data ┇   8	env.python_path                              	/home/chrisjihee/miniforge3/envs/DeepKNLP/bin/python
[02.13 00:45:58] ┇ INFO    ┇           chrisbase.data ┇   9	env.current_dir                              	/home/chrisjihee/proj/DeepKNLP
[02.13 00:45:58] ┇ INFO    ┇           chrisbase.data ┇  10	env.current_file                             	task2-nerG-trainer.py
[02.13 00:45:58] ┇ INFO    ┇           chrisbase.data ┇  11	env.command_args                             	['--local_rank=0', '--trainer_deepspeed', 'configs/deepspeed/ds2_t5.json', '--run_version', 'FlanT5-Base-WQ=4,3', '--pretrained', 'google/flan-t5-base', '--eval_epochs', '0.5', '--logging_steps', '5', '--num_train_epochs', '12', '--per_device_eval_batch_size', '50', '--per_device_train_batch_size', '8', '--gradient_accumulation_steps', '1', '--generation_max_length', '640', '--eval_file', 'data/gner/each-sampled-WQ=4,3/crossner_literature-dev=100-WQ=4,3.jsonl', '--train_file', 'data/gner/each-WQ=4,3/crossner_literature-train-WQ=4,3.jsonl', '--output_file', 'train-metrics-crossner_literature-12ep.csv', '--logging_file', 'train-loggings-crossner_literature-12ep.out', '--no_use_flash_attention', '--no_debugging']
[02.13 00:45:58] ┇ INFO    ┇           chrisbase.data ┇  12	env.output_home                              	output
[02.13 00:45:58] ┇ INFO    ┇           chrisbase.data ┇  13	env.output_name                              	GNER
[02.13 00:45:58] ┇ INFO    ┇           chrisbase.data ┇  14	env.run_version                              	FlanT5-Base-WQ=4,3
[02.13 00:45:58] ┇ INFO    ┇           chrisbase.data ┇  15	env.output_file                              	train-metrics-crossner_literature-12ep-0213-004553.csv
[02.13 00:45:58] ┇ INFO    ┇           chrisbase.data ┇  16	env.logging_file                             	train-loggings-crossner_literature-12ep-0213-004553.out
[02.13 00:45:58] ┇ INFO    ┇           chrisbase.data ┇  17	env.logging_level                            	30
[02.13 00:45:58] ┇ INFO    ┇           chrisbase.data ┇  18	env.logging_format                           	%(asctime)s ┇ %(levelname)-7s ┇ %(name)24s ┇ %(message)s
[02.13 00:45:58] ┇ INFO    ┇           chrisbase.data ┇  19	env.datetime_format                          	[%m.%d %H:%M:%S]
[02.13 00:45:58] ┇ INFO    ┇           chrisbase.data ┇  20	env.argument_file                            	train-arguments-0213-004553.json
[02.13 00:45:58] ┇ INFO    ┇           chrisbase.data ┇  21	env.random_seed                              	7
[02.13 00:45:58] ┇ INFO    ┇           chrisbase.data ┇  22	env.max_workers                              	4
[02.13 00:45:58] ┇ INFO    ┇           chrisbase.data ┇  23	env.debugging                                	False
[02.13 00:45:58] ┇ INFO    ┇           chrisbase.data ┇  24	env.output_dir                               	output/GNER/FlanT5-Base-WQ=4,3
[02.13 00:45:58] ┇ INFO    ┇           chrisbase.data ┇  25	time.t1                                      	2025-02-13 00:45:58.727525
[02.13 00:45:58] ┇ INFO    ┇           chrisbase.data ┇  26	time.t2                                      	2025-02-13 00:45:51.679839
[02.13 00:45:58] ┇ INFO    ┇           chrisbase.data ┇  27	time.started                                 	[02.13 00:45:58]
[02.13 00:45:58] ┇ INFO    ┇           chrisbase.data ┇  28	time.settled
[02.13 00:45:58] ┇ INFO    ┇           chrisbase.data ┇  29	time.elapsed
[02.13 00:45:58] ┇ INFO    ┇           chrisbase.data ┇  30	data.train_file                              	data/gner/each-WQ=4,3/crossner_literature-train-WQ=4,3.jsonl
[02.13 00:45:58] ┇ INFO    ┇           chrisbase.data ┇  31	data.study_file
[02.13 00:45:58] ┇ INFO    ┇           chrisbase.data ┇  32	data.eval_file                               	data/gner/each-sampled-WQ=4,3/crossner_literature-dev=100-WQ=4,3.jsonl
[02.13 00:45:58] ┇ INFO    ┇           chrisbase.data ┇  33	data.pred_file
[02.13 00:45:58] ┇ INFO    ┇           chrisbase.data ┇  34	data.pretrained                              	google/flan-t5-base
[02.13 00:45:58] ┇ INFO    ┇           chrisbase.data ┇  35	data.max_train_samples                       	-1
[02.13 00:45:58] ┇ INFO    ┇           chrisbase.data ┇  36	data.max_study_samples                       	-1
[02.13 00:45:58] ┇ INFO    ┇           chrisbase.data ┇  37	data.max_eval_samples                        	-1
[02.13 00:45:58] ┇ INFO    ┇           chrisbase.data ┇  38	data.max_pred_samples                        	-1
[02.13 00:45:58] ┇ INFO    ┇           chrisbase.data ┇  39	data.use_cache_data                          	False
[02.13 00:45:58] ┇ INFO    ┇           chrisbase.data ┇  40	data.progress_seconds                        	10.0
[02.13 00:45:58] ┇ INFO    ┇           chrisbase.data ┇  41	data.max_source_length                       	640
[02.13 00:45:58] ┇ INFO    ┇           chrisbase.data ┇  42	data.max_target_length                       	640
[02.13 00:45:58] ┇ INFO    ┇           chrisbase.data ┇  43	data.write_predictions                       	False
[02.13 00:45:58] ┇ INFO    ┇           chrisbase.data ┇  44	data.ignore_pad_token_for_loss               	True
[02.13 00:45:58] ┇ INFO    ┇           chrisbase.data ┇  45	train._n_gpu                                 	1
[02.13 00:45:58] ┇ INFO    ┇           chrisbase.data ┇  46	train.accelerator_config                     	{'split_batches': False, 'dispatch_batches': None, 'even_batches': True, 'use_seedable_sampler': True, 'non_blocking': False, 'gradient_accumulation_kwargs': None, 'use_configured_state': False}
[02.13 00:45:58] ┇ INFO    ┇           chrisbase.data ┇  47	train.adafactor                              	False
[02.13 00:45:58] ┇ INFO    ┇           chrisbase.data ┇  48	train.adam_beta1                             	0.9
[02.13 00:45:58] ┇ INFO    ┇           chrisbase.data ┇  49	train.adam_beta2                             	0.999
[02.13 00:45:58] ┇ INFO    ┇           chrisbase.data ┇  50	train.adam_epsilon                           	1e-08
[02.13 00:45:58] ┇ INFO    ┇           chrisbase.data ┇  51	train.auto_find_batch_size                   	False
[02.13 00:45:58] ┇ INFO    ┇           chrisbase.data ┇  52	train.average_tokens_across_devices          	False
[02.13 00:45:58] ┇ INFO    ┇           chrisbase.data ┇  53	train.batch_eval_metrics                     	False
[02.13 00:45:58] ┇ INFO    ┇           chrisbase.data ┇  54	train.bf16                                   	True
[02.13 00:45:58] ┇ INFO    ┇           chrisbase.data ┇  55	train.bf16_full_eval                         	True
[02.13 00:45:58] ┇ INFO    ┇           chrisbase.data ┇  56	train.data_seed
[02.13 00:45:58] ┇ INFO    ┇           chrisbase.data ┇  57	train.dataloader_drop_last                   	False
[02.13 00:45:58] ┇ INFO    ┇           chrisbase.data ┇  58	train.dataloader_num_workers                 	0
[02.13 00:45:58] ┇ INFO    ┇           chrisbase.data ┇  59	train.dataloader_persistent_workers          	False
[02.13 00:45:58] ┇ INFO    ┇           chrisbase.data ┇  60	train.dataloader_pin_memory                  	True
[02.13 00:45:58] ┇ INFO    ┇           chrisbase.data ┇  61	train.dataloader_prefetch_factor
[02.13 00:45:58] ┇ INFO    ┇           chrisbase.data ┇  62	train.ddp_backend
[02.13 00:45:58] ┇ INFO    ┇           chrisbase.data ┇  63	train.ddp_broadcast_buffers
[02.13 00:45:58] ┇ INFO    ┇           chrisbase.data ┇  64	train.ddp_bucket_cap_mb
[02.13 00:45:58] ┇ INFO    ┇           chrisbase.data ┇  65	train.ddp_find_unused_parameters
[02.13 00:45:58] ┇ INFO    ┇           chrisbase.data ┇  66	train.ddp_timeout                            	1800
[02.13 00:45:58] ┇ INFO    ┇           chrisbase.data ┇  67	train.debug                                  	[]
[02.13 00:45:58] ┇ INFO    ┇           chrisbase.data ┇  68	train.deepspeed                              	configs/deepspeed/ds2_t5.json
[02.13 00:45:58] ┇ INFO    ┇           chrisbase.data ┇  69	train.disable_tqdm                           	True
[02.13 00:45:58] ┇ INFO    ┇           chrisbase.data ┇  70	train.dispatch_batches
[02.13 00:45:58] ┇ INFO    ┇           chrisbase.data ┇  71	train.do_eval                                	True
[02.13 00:45:58] ┇ INFO    ┇           chrisbase.data ┇  72	train.do_predict                             	False
[02.13 00:45:58] ┇ INFO    ┇           chrisbase.data ┇  73	train.do_train                               	True
[02.13 00:45:58] ┇ INFO    ┇           chrisbase.data ┇  74	train.eval_accumulation_steps                	1
[02.13 00:45:58] ┇ INFO    ┇           chrisbase.data ┇  75	train.eval_delay                             	0.0
[02.13 00:45:58] ┇ INFO    ┇           chrisbase.data ┇  76	train.eval_do_concat_batches                 	True
[02.13 00:45:58] ┇ INFO    ┇           chrisbase.data ┇  77	train.eval_epochs                            	0.5
[02.13 00:45:58] ┇ INFO    ┇           chrisbase.data ┇  78	train.eval_on_start                          	False
[02.13 00:45:58] ┇ INFO    ┇           chrisbase.data ┇  79	train.eval_steps                             	9223372036854775807
[02.13 00:45:58] ┇ INFO    ┇           chrisbase.data ┇  80	train.eval_strategy                          	IntervalStrategy.NO
[02.13 00:45:58] ┇ INFO    ┇           chrisbase.data ┇  81	train.eval_use_gather_object                 	False
[02.13 00:45:58] ┇ INFO    ┇           chrisbase.data ┇  82	train.evaluation_strategy
[02.13 00:45:58] ┇ INFO    ┇           chrisbase.data ┇  83	train.fp16                                   	False
[02.13 00:45:58] ┇ INFO    ┇           chrisbase.data ┇  84	train.fp16_backend                           	auto
[02.13 00:45:58] ┇ INFO    ┇           chrisbase.data ┇  85	train.fp16_full_eval                         	False
[02.13 00:45:58] ┇ INFO    ┇           chrisbase.data ┇  86	train.fp16_opt_level                         	O1
[02.13 00:45:58] ┇ INFO    ┇           chrisbase.data ┇  87	train.fsdp                                   	[]
[02.13 00:45:58] ┇ INFO    ┇           chrisbase.data ┇  88	train.fsdp_config                            	{'min_num_params': 0, 'xla': False, 'xla_fsdp_v2': False, 'xla_fsdp_grad_ckpt': False}
[02.13 00:45:58] ┇ INFO    ┇           chrisbase.data ┇  89	train.fsdp_min_num_params                    	0
[02.13 00:45:58] ┇ INFO    ┇           chrisbase.data ┇  90	train.fsdp_transformer_layer_cls_to_wrap
[02.13 00:45:58] ┇ INFO    ┇           chrisbase.data ┇  91	train.full_determinism                       	False
[02.13 00:45:58] ┇ INFO    ┇           chrisbase.data ┇  92	train.generation_config
[02.13 00:45:58] ┇ INFO    ┇           chrisbase.data ┇  93	train.generation_max_length                  	640
[02.13 00:45:58] ┇ INFO    ┇           chrisbase.data ┇  94	train.generation_num_beams
[02.13 00:45:58] ┇ INFO    ┇           chrisbase.data ┇  95	train.gradient_accumulation_steps            	1
[02.13 00:45:58] ┇ INFO    ┇           chrisbase.data ┇  96	train.gradient_checkpointing                 	True
[02.13 00:45:58] ┇ INFO    ┇           chrisbase.data ┇  97	train.gradient_checkpointing_kwargs
[02.13 00:45:58] ┇ INFO    ┇           chrisbase.data ┇  98	train.greater_is_better
[02.13 00:45:58] ┇ INFO    ┇           chrisbase.data ┇  99	train.group_by_length                        	False
[02.13 00:45:58] ┇ INFO    ┇           chrisbase.data ┇ 100	train.half_precision_backend                 	auto
[02.13 00:45:58] ┇ INFO    ┇           chrisbase.data ┇ 101	train.hub_always_push                        	False
[02.13 00:45:58] ┇ INFO    ┇           chrisbase.data ┇ 102	train.hub_model_id
[02.13 00:45:58] ┇ INFO    ┇           chrisbase.data ┇ 103	train.hub_private_repo
[02.13 00:45:58] ┇ INFO    ┇           chrisbase.data ┇ 104	train.hub_strategy                           	HubStrategy.EVERY_SAVE
[02.13 00:45:58] ┇ INFO    ┇           chrisbase.data ┇ 105	train.hub_token
[02.13 00:45:58] ┇ INFO    ┇           chrisbase.data ┇ 106	train.ignore_data_skip                       	False
[02.13 00:45:58] ┇ INFO    ┇           chrisbase.data ┇ 107	train.include_for_metrics                    	[]
[02.13 00:45:58] ┇ INFO    ┇           chrisbase.data ┇ 108	train.include_inputs_for_metrics             	False
[02.13 00:45:58] ┇ INFO    ┇           chrisbase.data ┇ 109	train.include_num_input_tokens_seen          	False
[02.13 00:45:58] ┇ INFO    ┇           chrisbase.data ┇ 110	train.include_tokens_per_second              	False
[02.13 00:45:58] ┇ INFO    ┇           chrisbase.data ┇ 111	train.jit_mode_eval                          	False
[02.13 00:45:58] ┇ INFO    ┇           chrisbase.data ┇ 112	train.label_names
[02.13 00:45:58] ┇ INFO    ┇           chrisbase.data ┇ 113	train.label_smoothing_factor                 	0.0
[02.13 00:45:58] ┇ INFO    ┇           chrisbase.data ┇ 114	train.learning_rate                          	2e-05
[02.13 00:45:58] ┇ INFO    ┇           chrisbase.data ┇ 115	train.length_column_name                     	length
[02.13 00:45:58] ┇ INFO    ┇           chrisbase.data ┇ 116	train.load_best_model_at_end                 	False
[02.13 00:45:58] ┇ INFO    ┇           chrisbase.data ┇ 117	train.local_rank                             	0
[02.13 00:45:58] ┇ INFO    ┇           chrisbase.data ┇ 118	train.log_level                              	warning
[02.13 00:45:58] ┇ INFO    ┇           chrisbase.data ┇ 119	train.log_level_replica                      	error
[02.13 00:45:58] ┇ INFO    ┇           chrisbase.data ┇ 120	train.log_on_each_node                       	True
[02.13 00:45:58] ┇ INFO    ┇           chrisbase.data ┇ 121	train.logging_dir                            	output/GNER/FlanT5-Base-WQ=4,3/runs/Feb13_00-45-57_ptlm3
[02.13 00:45:58] ┇ INFO    ┇           chrisbase.data ┇ 122	train.logging_epochs                         	-1.0
[02.13 00:45:58] ┇ INFO    ┇           chrisbase.data ┇ 123	train.logging_first_step                     	False
[02.13 00:45:58] ┇ INFO    ┇           chrisbase.data ┇ 124	train.logging_nan_inf_filter                 	True
[02.13 00:45:58] ┇ INFO    ┇           chrisbase.data ┇ 125	train.logging_steps                          	5
[02.13 00:45:58] ┇ INFO    ┇           chrisbase.data ┇ 126	train.logging_strategy                       	IntervalStrategy.STEPS
[02.13 00:45:58] ┇ INFO    ┇           chrisbase.data ┇ 127	train.lr_scheduler_kwargs                    	{}
[02.13 00:45:58] ┇ INFO    ┇           chrisbase.data ┇ 128	train.lr_scheduler_type                      	SchedulerType.COSINE
[02.13 00:45:58] ┇ INFO    ┇           chrisbase.data ┇ 129	train.max_grad_norm                          	1.0
[02.13 00:45:58] ┇ INFO    ┇           chrisbase.data ┇ 130	train.max_steps                              	-1
[02.13 00:45:58] ┇ INFO    ┇           chrisbase.data ┇ 131	train.metric_for_best_model
[02.13 00:45:58] ┇ INFO    ┇           chrisbase.data ┇ 132	train.mp_parameters
[02.13 00:45:58] ┇ INFO    ┇           chrisbase.data ┇ 133	train.neftune_noise_alpha
[02.13 00:45:58] ┇ INFO    ┇           chrisbase.data ┇ 134	train.no_cuda                                	False
[02.13 00:45:58] ┇ INFO    ┇           chrisbase.data ┇ 135	train.num_train_epochs                       	12.0
[02.13 00:45:58] ┇ INFO    ┇           chrisbase.data ┇ 136	train.optim                                  	OptimizerNames.ADAMW_TORCH
[02.13 00:45:58] ┇ INFO    ┇           chrisbase.data ┇ 137	train.optim_args
[02.13 00:45:58] ┇ INFO    ┇           chrisbase.data ┇ 138	train.optim_target_modules
[02.13 00:45:58] ┇ INFO    ┇           chrisbase.data ┇ 139	train.output_dir                             	output/GNER/FlanT5-Base-WQ=4,3
[02.13 00:45:58] ┇ INFO    ┇           chrisbase.data ┇ 140	train.overwrite_output_dir                   	True
[02.13 00:45:58] ┇ INFO    ┇           chrisbase.data ┇ 141	train.past_index                             	-1
[02.13 00:45:58] ┇ INFO    ┇           chrisbase.data ┇ 142	train.per_device_eval_batch_size             	50
[02.13 00:45:58] ┇ INFO    ┇           chrisbase.data ┇ 143	train.per_device_train_batch_size            	8
[02.13 00:45:58] ┇ INFO    ┇           chrisbase.data ┇ 144	train.per_gpu_eval_batch_size
[02.13 00:45:58] ┇ INFO    ┇           chrisbase.data ┇ 145	train.per_gpu_train_batch_size
[02.13 00:45:58] ┇ INFO    ┇           chrisbase.data ┇ 146	train.predict_with_generate                  	True
[02.13 00:45:58] ┇ INFO    ┇           chrisbase.data ┇ 147	train.prediction_loss_only                   	False
[02.13 00:45:58] ┇ INFO    ┇           chrisbase.data ┇ 148	train.push_to_hub                            	False
[02.13 00:45:58] ┇ INFO    ┇           chrisbase.data ┇ 149	train.push_to_hub_model_id
[02.13 00:45:58] ┇ INFO    ┇           chrisbase.data ┇ 150	train.push_to_hub_organization
[02.13 00:45:58] ┇ INFO    ┇           chrisbase.data ┇ 151	train.push_to_hub_token
[02.13 00:45:58] ┇ INFO    ┇           chrisbase.data ┇ 152	train.ray_scope                              	last
[02.13 00:45:58] ┇ INFO    ┇           chrisbase.data ┇ 153	train.remove_unused_columns                  	False
[02.13 00:45:58] ┇ INFO    ┇           chrisbase.data ┇ 154	train.report_to                              	[]
[02.13 00:45:58] ┇ INFO    ┇           chrisbase.data ┇ 155	train.restore_callback_states_from_checkpoint	False
[02.13 00:45:58] ┇ INFO    ┇           chrisbase.data ┇ 156	train.resume_from_checkpoint
[02.13 00:45:58] ┇ INFO    ┇           chrisbase.data ┇ 157	train.run_name                               	output/GNER/FlanT5-Base-WQ=4,3
[02.13 00:45:58] ┇ INFO    ┇           chrisbase.data ┇ 158	train.save_epochs                            	-1.0
[02.13 00:45:58] ┇ INFO    ┇           chrisbase.data ┇ 159	train.save_on_each_node                      	False
[02.13 00:45:58] ┇ INFO    ┇           chrisbase.data ┇ 160	train.save_only_model                        	False
[02.13 00:45:58] ┇ INFO    ┇           chrisbase.data ┇ 161	train.save_safetensors                       	True
[02.13 00:45:58] ┇ INFO    ┇           chrisbase.data ┇ 162	train.save_steps                             	9223372036854775807
[02.13 00:45:58] ┇ INFO    ┇           chrisbase.data ┇ 163	train.save_strategy                          	SaveStrategy.NO
[02.13 00:45:58] ┇ INFO    ┇           chrisbase.data ┇ 164	train.save_total_limit
[02.13 00:45:58] ┇ INFO    ┇           chrisbase.data ┇ 165	train.seed                                   	7
[02.13 00:45:58] ┇ INFO    ┇           chrisbase.data ┇ 166	train.skip_memory_metrics                    	True
[02.13 00:45:58] ┇ INFO    ┇           chrisbase.data ┇ 167	train.sortish_sampler                        	False
[02.13 00:45:58] ┇ INFO    ┇           chrisbase.data ┇ 168	train.split_batches
[02.13 00:45:58] ┇ INFO    ┇           chrisbase.data ┇ 169	train.tf32                                   	True
[02.13 00:45:58] ┇ INFO    ┇           chrisbase.data ┇ 170	train.torch_compile                          	False
[02.13 00:45:58] ┇ INFO    ┇           chrisbase.data ┇ 171	train.torch_compile_backend
[02.13 00:45:58] ┇ INFO    ┇           chrisbase.data ┇ 172	train.torch_compile_mode
[02.13 00:45:58] ┇ INFO    ┇           chrisbase.data ┇ 173	train.torch_empty_cache_steps
[02.13 00:45:58] ┇ INFO    ┇           chrisbase.data ┇ 174	train.torchdynamo
[02.13 00:45:58] ┇ INFO    ┇           chrisbase.data ┇ 175	train.tpu_metrics_debug                      	False
[02.13 00:45:58] ┇ INFO    ┇           chrisbase.data ┇ 176	train.tpu_num_cores
[02.13 00:45:58] ┇ INFO    ┇           chrisbase.data ┇ 177	train.use_cpu                                	False
[02.13 00:45:58] ┇ INFO    ┇           chrisbase.data ┇ 178	train.use_flash_attention                    	False
[02.13 00:45:58] ┇ INFO    ┇           chrisbase.data ┇ 179	train.use_ipex                               	False
[02.13 00:45:58] ┇ INFO    ┇           chrisbase.data ┇ 180	train.use_legacy_prediction_loop             	False
[02.13 00:45:58] ┇ INFO    ┇           chrisbase.data ┇ 181	train.use_liger_kernel                       	False
[02.13 00:45:58] ┇ INFO    ┇           chrisbase.data ┇ 182	train.use_mps_device                         	False
[02.13 00:45:58] ┇ INFO    ┇           chrisbase.data ┇ 183	train.warmup_ratio                           	0.04
[02.13 00:45:58] ┇ INFO    ┇           chrisbase.data ┇ 184	train.warmup_steps                           	0
[02.13 00:45:58] ┇ INFO    ┇           chrisbase.data ┇ 185	train.weight_decay                           	0.0
[02.13 00:45:58] ┇ INFO    ┇           chrisbase.data ┇ -----------------------------------------------------------------------------------------------------------------------------------------
[02.13 00:46:00] ┇ INFO    ┇                 DeepKNLP ┇ model type: <class 'transformers.models.t5.modeling_t5.T5ForConditionalGeneration'>
[02.13 00:46:00] ┇ INFO    ┇                 DeepKNLP ┇ model pad_token_id: 0
[02.13 00:46:00] ┇ INFO    ┇                 DeepKNLP ┇ Loaded raw train_dataset (#=3782): data/gner/each-WQ=4,3/crossner_literature-train-WQ=4,3.jsonl
[02.13 00:46:00] ┇ INFO    ┇                 DeepKNLP ┇ Preprocess train_dataset:   0%|                    |    4/3782 [0:00:00<0:03:25, 18.41Hz]
[02.13 00:46:01] ┇ INFO    ┇                 DeepKNLP ┇ Preprocess train_dataset: 100%|████████████████████| 3782/3782 [0:00:00<0:00:00, 5343.71Hz]
[02.13 00:46:02] ┇ INFO    ┇                 DeepKNLP ┇ Completed preprocessing for train_dataset by google/flan-t5-base at [02.13 00:46:02]
[02.13 00:46:02] ┇ INFO    ┇                 DeepKNLP ┇ Loaded raw eval_dataset (#=3472): data/gner/each-sampled-WQ=4,3/crossner_literature-dev=100-WQ=4,3.jsonl
[02.13 00:46:02] ┇ INFO    ┇                 DeepKNLP ┇ Preprocess eval_dataset:   0%|                    |    4/3472 [0:00:00<0:03:25, 16.90Hz]
[02.13 00:46:03] ┇ INFO    ┇                 DeepKNLP ┇ Preprocess eval_dataset: 100%|████████████████████| 3472/3472 [0:00:00<0:00:00, 6559.56Hz]
[02.13 00:46:03] ┇ INFO    ┇                 DeepKNLP ┇ Completed preprocessing for eval_dataset by google/flan-t5-base at [02.13 00:46:03]
[02.13 00:46:04] ┇ INFO    ┇ torch.distributed.distributed_c10d ┇ Using backend config: {'cuda': 'nccl'}
[02.13 00:46:04] ┇ INFO    ┇ torch.distributed.distributed_c10d ┇ Using backend config: {'cuda': 'nccl'}
[02.13 00:46:05] ┇ INFO    ┇ torch.distributed.distributed_c10d ┇ Using backend config: {'cuda': 'nccl'}
[02.13 00:46:05] ┇ INFO    ┇ torch.distributed.distributed_c10d ┇ Using backend config: {'cuda': 'nccl'}
[02.13 00:46:09] ┇ WARNING ┇                DeepSpeed ┇ Attempting to get learning rate from scheduler before it has started
[02.13 00:46:09] ┇ INFO    ┇    DeepKNLP.gner.trainer ┇ -----------------------------------------------------------------------------------------------------------------------------------------
[02.13 00:46:09] ┇ INFO    ┇    DeepKNLP.gner.trainer ┇ ***** Beginning Training *****
[02.13 00:46:09] ┇ INFO    ┇    DeepKNLP.gner.trainer ┇ >> Train Epochs       = 12.0
[02.13 00:46:09] ┇ INFO    ┇    DeepKNLP.gner.trainer ┇ >> Train Examples     = 3,782
[02.13 00:46:09] ┇ INFO    ┇    DeepKNLP.gner.trainer ┇ >> Train Batch Size   = 32 = 8 * 1 * 4
[02.13 00:46:09] ┇ INFO    ┇    DeepKNLP.gner.trainer ┇ >> Train Optim Steps  = 1,428 = 119 * 12.0
[02.13 00:46:09] ┇ INFO    ┇    DeepKNLP.gner.trainer ┇ >> Train Model Params = 247,577,856
[02.13 00:46:09] ┇ INFO    ┇    DeepKNLP.gner.trainer ┇ >> Trainer Callbacks  = DefaultFlowCallback, CustomProgressCallback
[02.13 00:46:09] ┇ INFO    ┇    DeepKNLP.gner.trainer ┇ >> Zero Optim Stage   = 2
[02.13 00:46:09] ┇ INFO    ┇    DeepKNLP.gner.trainer ┇ >> Eval Examples      = 3,472
[02.13 00:46:09] ┇ INFO    ┇    DeepKNLP.gner.trainer ┇ >> Eval Batch Size    = 200 = 50 * 4
[02.13 00:46:11] ┇ INFO    ┇    DeepKNLP.gner.trainer ┇ [training]   0%|                    |    5/1428 [0:00:01<0:08:54, 2.66Hz] | epoch=0.04, loss=2.563300
[02.13 00:46:12] ┇ INFO    ┇    DeepKNLP.gner.trainer ┇ [training]   1%|▏                   |   10/1428 [0:00:03<0:07:13, 3.27Hz] | epoch=0.08, loss=2.401600
[02.13 00:46:13] ┇ INFO    ┇    DeepKNLP.gner.trainer ┇ [training]   1%|▏                   |   15/1428 [0:00:04<0:06:38, 3.55Hz] | epoch=0.13, loss=1.952000
[02.13 00:46:15] ┇ INFO    ┇    DeepKNLP.gner.trainer ┇ [training]   1%|▎                   |   20/1428 [0:00:05<0:06:23, 3.67Hz] | epoch=0.17, loss=1.408600
[02.13 00:46:16] ┇ INFO    ┇    DeepKNLP.gner.trainer ┇ [training]   2%|▎                   |   25/1428 [0:00:06<0:06:13, 3.76Hz] | epoch=0.21, loss=1.132600
[02.13 00:46:17] ┇ INFO    ┇    DeepKNLP.gner.trainer ┇ [training]   2%|▍                   |   30/1428 [0:00:07<0:06:05, 3.83Hz] | epoch=0.25, loss=0.813100
[02.13 00:46:18] ┇ INFO    ┇    DeepKNLP.gner.trainer ┇ [training]   2%|▍                   |   35/1428 [0:00:09<0:06:00, 3.87Hz] | epoch=0.29, loss=0.659200
[02.13 00:46:19] ┇ INFO    ┇    DeepKNLP.gner.trainer ┇ [training]   3%|▌                   |   40/1428 [0:00:10<0:05:54, 3.92Hz] | epoch=0.34, loss=0.484600
[02.13 00:46:21] ┇ INFO    ┇    DeepKNLP.gner.trainer ┇ [training]   3%|▋                   |   45/1428 [0:00:11<0:05:50, 3.95Hz] | epoch=0.38, loss=0.400100
[02.13 00:46:22] ┇ INFO    ┇    DeepKNLP.gner.trainer ┇ [training]   4%|▋                   |   50/1428 [0:00:12<0:05:47, 3.97Hz] | epoch=0.42, loss=0.329900
[02.13 00:46:23] ┇ INFO    ┇    DeepKNLP.gner.trainer ┇ [training]   4%|▊                   |   55/1428 [0:00:13<0:05:43, 3.99Hz] | epoch=0.46, loss=0.277100
[02.13 00:46:24] ┇ INFO    ┇    DeepKNLP.gner.trainer ┇ [training]   4%|▊                   |   60/1428 [0:00:14<0:05:41, 4.00Hz] | epoch=0.50, loss=0.239900
[02.13 00:46:28] ┇ INFO    ┇    DeepKNLP.gner.trainer ┇ [checking]   6%|█                   |  1/18 [0:00:00<0:00:00, 82624.13Hz]
[02.13 00:46:42] ┇ INFO    ┇    DeepKNLP.gner.trainer ┇ [checking]  28%|█████▌              |  5/18 [0:00:13<0:00:35, 0.37Hz]
[02.13 00:46:53] ┇ INFO    ┇    DeepKNLP.gner.trainer ┇ [checking]  44%|████████▉           |  8/18 [0:00:25<0:00:31, 0.32Hz]
[02.13 00:47:04] ┇ INFO    ┇    DeepKNLP.gner.trainer ┇ [checking]  61%|████████████▏       | 11/18 [0:00:35<0:00:22, 0.31Hz]
[02.13 00:47:16] ┇ INFO    ┇    DeepKNLP.gner.trainer ┇ [checking]  83%|████████████████▋   | 15/18 [0:00:47<0:00:09, 0.31Hz]
[02.13 00:47:26] ┇ INFO    ┇    DeepKNLP.gner.trainer ┇ [checking] 100%|████████████████████| 18/18 [0:00:58<0:00:00, 0.31Hz]
[02.13 00:47:28] ┇ INFO    ┇    DeepKNLP.gner.trainer ┇ [training]   4%|▊                   |   60/1428 [0:00:14<0:05:41, 4.00Hz] | epoch=0.50, eval_average=0.0000
[02.13 00:47:29] ┇ INFO    ┇    DeepKNLP.gner.trainer ┇ [training]   5%|▉                   |   65/1428 [0:01:20<0:27:57, 0.81Hz] | epoch=0.55, loss=0.215500
[02.13 00:47:30] ┇ INFO    ┇    DeepKNLP.gner.trainer ┇ [training]   5%|▉                   |   70/1428 [0:01:21<0:26:14, 0.86Hz] | epoch=0.59, loss=0.187600
[02.13 00:47:32] ┇ INFO    ┇    DeepKNLP.gner.trainer ┇ [training]   5%|█                   |   75/1428 [0:01:22<0:24:45, 0.91Hz] | epoch=0.63, loss=0.181200
[02.13 00:47:33] ┇ INFO    ┇    DeepKNLP.gner.trainer ┇ [training]   6%|█                   |   80/1428 [0:01:23<0:23:28, 0.96Hz] | epoch=0.67, loss=0.171200
[02.13 00:47:34] ┇ INFO    ┇    DeepKNLP.gner.trainer ┇ [training]   6%|█▏                  |   85/1428 [0:01:24<0:22:19, 1.00Hz] | epoch=0.71, loss=0.158400
[02.13 00:47:35] ┇ INFO    ┇    DeepKNLP.gner.trainer ┇ [training]   6%|█▎                  |   90/1428 [0:01:25<0:21:17, 1.05Hz] | epoch=0.76, loss=0.141600
[02.13 00:47:36] ┇ INFO    ┇    DeepKNLP.gner.trainer ┇ [training]   7%|█▎                  |   95/1428 [0:01:27<0:20:22, 1.09Hz] | epoch=0.80, loss=0.150000
[02.13 00:47:37] ┇ INFO    ┇    DeepKNLP.gner.trainer ┇ [training]   7%|█▍                  |  100/1428 [0:01:28<0:19:32, 1.13Hz] | epoch=0.84, loss=0.141600
[02.13 00:47:39] ┇ INFO    ┇    DeepKNLP.gner.trainer ┇ [training]   7%|█▍                  |  105/1428 [0:01:29<0:18:47, 1.17Hz] | epoch=0.88, loss=0.132900
[02.13 00:47:40] ┇ INFO    ┇    DeepKNLP.gner.trainer ┇ [training]   8%|█▌                  |  110/1428 [0:01:30<0:18:06, 1.21Hz] | epoch=0.92, loss=0.137000
[02.13 00:47:41] ┇ INFO    ┇    DeepKNLP.gner.trainer ┇ [training]   8%|█▌                  |  115/1428 [0:01:31<0:17:28, 1.25Hz] | epoch=0.97, loss=0.127200
[02.13 00:47:46] ┇ INFO    ┇    DeepKNLP.gner.trainer ┇ [checking]   6%|█                   |  1/18 [0:00:00<0:00:00, 78468.39Hz]
[02.13 00:48:00] ┇ INFO    ┇    DeepKNLP.gner.trainer ┇ [checking]  28%|█████▌              |  5/18 [0:00:13<0:00:35, 0.36Hz]
[02.13 00:48:12] ┇ INFO    ┇    DeepKNLP.gner.trainer ┇ [checking]  44%|████████▉           |  8/18 [0:00:25<0:00:31, 0.31Hz]
[02.13 00:48:22] ┇ INFO    ┇    DeepKNLP.gner.trainer ┇ [checking]  61%|████████████▏       | 11/18 [0:00:35<0:00:22, 0.31Hz]
[02.13 00:48:34] ┇ INFO    ┇    DeepKNLP.gner.trainer ┇ [checking]  83%|████████████████▋   | 15/18 [0:00:48<0:00:09, 0.31Hz]
[02.13 00:48:44] ┇ INFO    ┇    DeepKNLP.gner.trainer ┇ [checking] 100%|████████████████████| 18/18 [0:00:58<0:00:00, 0.31Hz]
[02.13 00:48:46] ┇ INFO    ┇    DeepKNLP.gner.trainer ┇ [training]   8%|█▋                  |  119/1428 [0:02:37<0:28:47, 0.76Hz] | epoch=1.00, eval_average=0.0000
[02.13 00:48:46] ┇ INFO    ┇    DeepKNLP.gner.trainer ┇ [training]   8%|█▋                  |  120/1428 [0:02:37<0:28:34, 0.76Hz] | epoch=1.01, loss=0.123700
[02.13 00:48:48] ┇ INFO    ┇    DeepKNLP.gner.trainer ┇ [training]   9%|█▊                  |  125/1428 [0:02:38<0:27:32, 0.79Hz] | epoch=1.05, loss=0.117200
[02.13 00:48:49] ┇ INFO    ┇    DeepKNLP.gner.trainer ┇ [training]   9%|█▊                  |  130/1428 [0:02:39<0:26:34, 0.81Hz] | epoch=1.09, loss=0.117900
[02.13 00:48:50] ┇ INFO    ┇    DeepKNLP.gner.trainer ┇ [training]   9%|█▉                  |  135/1428 [0:02:40<0:25:40, 0.84Hz] | epoch=1.13, loss=0.115800
[02.13 00:48:51] ┇ INFO    ┇    DeepKNLP.gner.trainer ┇ [training]  10%|█▉                  |  140/1428 [0:02:42<0:24:50, 0.86Hz] | epoch=1.18, loss=0.113500
[02.13 00:48:52] ┇ INFO    ┇    DeepKNLP.gner.trainer ┇ [training]  10%|██                  |  145/1428 [0:02:43<0:24:04, 0.89Hz] | epoch=1.22, loss=0.105300
[02.13 00:48:54] ┇ INFO    ┇    DeepKNLP.gner.trainer ┇ [training]  11%|██                  |  150/1428 [0:02:44<0:23:21, 0.91Hz] | epoch=1.26, loss=0.110600
[02.13 00:48:55] ┇ INFO    ┇    DeepKNLP.gner.trainer ┇ [training]  11%|██▏                 |  155/1428 [0:02:45<0:22:40, 0.94Hz] | epoch=1.30, loss=0.096900
[02.13 00:48:56] ┇ INFO    ┇    DeepKNLP.gner.trainer ┇ [training]  11%|██▏                 |  160/1428 [0:02:46<0:22:02, 0.96Hz] | epoch=1.34, loss=0.106800
[02.13 00:48:57] ┇ INFO    ┇    DeepKNLP.gner.trainer ┇ [training]  12%|██▎                 |  165/1428 [0:02:48<0:21:26, 0.98Hz] | epoch=1.39, loss=0.096600
[02.13 00:48:58] ┇ INFO    ┇    DeepKNLP.gner.trainer ┇ [training]  12%|██▍                 |  170/1428 [0:02:49<0:20:52, 1.00Hz] | epoch=1.43, loss=0.105300
[02.13 00:49:00] ┇ INFO    ┇    DeepKNLP.gner.trainer ┇ [training]  12%|██▍                 |  175/1428 [0:02:50<0:20:20, 1.03Hz] | epoch=1.47, loss=0.096400
[02.13 00:49:04] ┇ INFO    ┇    DeepKNLP.gner.trainer ┇ [checking]   6%|█                   |  1/18 [0:00:00<0:00:00, 93537.63Hz]
[02.13 00:49:18] ┇ INFO    ┇    DeepKNLP.gner.trainer ┇ [checking]  28%|█████▌              |  5/18 [0:00:13<0:00:35, 0.36Hz]
[02.13 00:49:30] ┇ INFO    ┇    DeepKNLP.gner.trainer ┇ [checking]  44%|████████▉           |  8/18 [0:00:25<0:00:31, 0.31Hz]
[02.13 00:49:40] ┇ INFO    ┇    DeepKNLP.gner.trainer ┇ [checking]  61%|████████████▏       | 11/18 [0:00:36<0:00:22, 0.30Hz]
[02.13 00:49:53] ┇ INFO    ┇    DeepKNLP.gner.trainer ┇ [checking]  83%|████████████████▋   | 15/18 [0:00:48<0:00:09, 0.31Hz]
[02.13 00:50:03] ┇ INFO    ┇    DeepKNLP.gner.trainer ┇ [checking] 100%|████████████████████| 18/18 [0:00:58<0:00:00, 0.31Hz]
[02.13 00:50:05] ┇ INFO    ┇    DeepKNLP.gner.trainer ┇ [training]  12%|██▍                 |  178/1428 [0:03:55<0:27:35, 0.76Hz] | epoch=1.50, eval_average=0.0000
[02.13 00:50:05] ┇ INFO    ┇    DeepKNLP.gner.trainer ┇ [training]  13%|██▌                 |  180/1428 [0:03:56<0:27:17, 0.76Hz] | epoch=1.51, loss=0.096400
[02.13 00:50:07] ┇ INFO    ┇    DeepKNLP.gner.trainer ┇ [training]  13%|██▌                 |  185/1428 [0:03:57<0:26:35, 0.78Hz] | epoch=1.55, loss=0.089500
[02.13 00:50:08] ┇ INFO    ┇    DeepKNLP.gner.trainer ┇ [training]  13%|██▋                 |  190/1428 [0:03:58<0:25:54, 0.80Hz] | epoch=1.60, loss=0.091500
[02.13 00:50:09] ┇ INFO    ┇    DeepKNLP.gner.trainer ┇ [training]  14%|██▋                 |  195/1428 [0:03:59<0:25:16, 0.81Hz] | epoch=1.64, loss=0.091000
[02.13 00:50:10] ┇ INFO    ┇    DeepKNLP.gner.trainer ┇ [training]  14%|██▊                 |  200/1428 [0:04:00<0:24:39, 0.83Hz] | epoch=1.68, loss=0.088500
[02.13 00:50:11] ┇ INFO    ┇    DeepKNLP.gner.trainer ┇ [training]  14%|██▊                 |  205/1428 [0:04:02<0:24:04, 0.85Hz] | epoch=1.72, loss=0.091400
[02.13 00:50:13] ┇ INFO    ┇    DeepKNLP.gner.trainer ┇ [training]  15%|██▉                 |  210/1428 [0:04:03<0:23:31, 0.86Hz] | epoch=1.76, loss=0.086300
[02.13 00:50:14] ┇ INFO    ┇    DeepKNLP.gner.trainer ┇ [training]  15%|███                 |  215/1428 [0:04:04<0:22:59, 0.88Hz] | epoch=1.81, loss=0.088200
[02.13 00:50:15] ┇ INFO    ┇    DeepKNLP.gner.trainer ┇ [training]  15%|███                 |  220/1428 [0:04:05<0:22:29, 0.90Hz] | epoch=1.85, loss=0.084200
[02.13 00:50:16] ┇ INFO    ┇    DeepKNLP.gner.trainer ┇ [training]  16%|███▏                |  225/1428 [0:04:06<0:22:00, 0.91Hz] | epoch=1.89, loss=0.087700
[02.13 00:50:17] ┇ INFO    ┇    DeepKNLP.gner.trainer ┇ [training]  16%|███▏                |  230/1428 [0:04:08<0:21:32, 0.93Hz] | epoch=1.93, loss=0.084300
[02.13 00:50:18] ┇ INFO    ┇    DeepKNLP.gner.trainer ┇ [training]  16%|███▎                |  235/1428 [0:04:09<0:21:05, 0.94Hz] | epoch=1.98, loss=0.085500
[02.13 00:50:23] ┇ INFO    ┇    DeepKNLP.gner.trainer ┇ [checking]   6%|█                   |  1/18 [0:00:00<0:00:00, 79655.92Hz]
[02.13 00:50:37] ┇ INFO    ┇    DeepKNLP.gner.trainer ┇ [checking]  28%|█████▌              |  5/18 [0:00:13<0:00:36, 0.36Hz]
[02.13 00:50:49] ┇ INFO    ┇    DeepKNLP.gner.trainer ┇ [checking]  44%|████████▉           |  8/18 [0:00:25<0:00:31, 0.32Hz]
[02.13 00:50:59] ┇ INFO    ┇    DeepKNLP.gner.trainer ┇ [checking]  61%|████████████▏       | 11/18 [0:00:35<0:00:22, 0.31Hz]
[02.13 00:51:12] ┇ INFO    ┇    DeepKNLP.gner.trainer ┇ [checking]  83%|████████████████▋   | 15/18 [0:00:48<0:00:09, 0.31Hz]
[02.13 00:51:22] ┇ INFO    ┇    DeepKNLP.gner.trainer ┇ [checking] 100%|████████████████████| 18/18 [0:00:58<0:00:00, 0.31Hz]
[02.13 00:51:24] ┇ INFO    ┇    DeepKNLP.gner.trainer ┇ [training]  17%|███▎                |  238/1428 [0:05:14<0:26:12, 0.76Hz] | epoch=2.00, eval_average=0.0000
[02.13 00:51:24] ┇ INFO    ┇    DeepKNLP.gner.trainer ┇ [training]  17%|███▎                |  240/1428 [0:05:14<0:25:58, 0.76Hz] | epoch=2.02, loss=0.082800
[02.13 00:51:25] ┇ INFO    ┇    DeepKNLP.gner.trainer ┇ [training]  17%|███▍                |  245/1428 [0:05:16<0:25:26, 0.78Hz] | epoch=2.06, loss=0.077500
[02.13 00:51:26] ┇ INFO    ┇    DeepKNLP.gner.trainer ┇ [training]  18%|███▌                |  250/1428 [0:05:17<0:24:54, 0.79Hz] | epoch=2.10, loss=0.077200
[02.13 00:51:28] ┇ INFO    ┇    DeepKNLP.gner.trainer ┇ [training]  18%|███▌                |  255/1428 [0:05:18<0:24:24, 0.80Hz] | epoch=2.14, loss=0.080300
[02.13 00:51:29] ┇ INFO    ┇    DeepKNLP.gner.trainer ┇ [training]  18%|███▋                |  260/1428 [0:05:19<0:23:55, 0.81Hz] | epoch=2.19, loss=0.081800
[02.13 00:51:30] ┇ INFO    ┇    DeepKNLP.gner.trainer ┇ [training]  19%|███▋                |  265/1428 [0:05:20<0:23:27, 0.83Hz] | epoch=2.23, loss=0.075200
[02.13 00:51:31] ┇ INFO    ┇    DeepKNLP.gner.trainer ┇ [training]  19%|███▊                |  270/1428 [0:05:22<0:23:01, 0.84Hz] | epoch=2.27, loss=0.072600
[02.13 00:51:32] ┇ INFO    ┇    DeepKNLP.gner.trainer ┇ [training]  19%|███▊                |  275/1428 [0:05:23<0:22:35, 0.85Hz] | epoch=2.31, loss=0.078200
[02.13 00:51:34] ┇ INFO    ┇    DeepKNLP.gner.trainer ┇ [training]  20%|███▉                |  280/1428 [0:05:24<0:22:10, 0.86Hz] | epoch=2.35, loss=0.080200
[02.13 00:51:35] ┇ INFO    ┇    DeepKNLP.gner.trainer ┇ [training]  20%|███▉                |  285/1428 [0:05:25<0:21:45, 0.88Hz] | epoch=2.40, loss=0.079600
[02.13 00:51:36] ┇ INFO    ┇    DeepKNLP.gner.trainer ┇ [training]  20%|████                |  290/1428 [0:05:26<0:21:22, 0.89Hz] | epoch=2.44, loss=0.078000
[02.13 00:51:37] ┇ INFO    ┇    DeepKNLP.gner.trainer ┇ [training]  21%|████▏               |  295/1428 [0:05:27<0:20:59, 0.90Hz] | epoch=2.48, loss=0.072000
[02.13 00:51:42] ┇ INFO    ┇    DeepKNLP.gner.trainer ┇ [checking]   6%|█                   |  1/18 [0:00:00<0:00:00, 92669.80Hz]
[02.13 00:51:56] ┇ INFO    ┇    DeepKNLP.gner.trainer ┇ [checking]  28%|█████▌              |  5/18 [0:00:13<0:00:36, 0.36Hz]
[02.13 00:52:07] ┇ INFO    ┇    DeepKNLP.gner.trainer ┇ [checking]  44%|████████▉           |  8/18 [0:00:25<0:00:32, 0.31Hz]
[02.13 00:52:18] ┇ INFO    ┇    DeepKNLP.gner.trainer ┇ [checking]  61%|████████████▏       | 11/18 [0:00:35<0:00:22, 0.31Hz]
[02.13 00:52:30] ┇ INFO    ┇    DeepKNLP.gner.trainer ┇ [checking]  83%|████████████████▋   | 15/18 [0:00:48<0:00:09, 0.31Hz]
[02.13 00:52:40] ┇ INFO    ┇    DeepKNLP.gner.trainer ┇ [checking] 100%|████████████████████| 18/18 [0:00:58<0:00:00, 0.31Hz]
[02.13 00:52:42] ┇ INFO    ┇    DeepKNLP.gner.trainer ┇ [training]  21%|████▏               |  298/1428 [0:06:33<0:24:50, 0.76Hz] | epoch=2.50, eval_average=0.0000
[02.13 00:52:43] ┇ INFO    ┇    DeepKNLP.gner.trainer ┇ [training]  21%|████▏               |  300/1428 [0:06:33<0:24:57, 0.75Hz] | epoch=2.52, loss=0.072400
[02.13 00:52:44] ┇ INFO    ┇    DeepKNLP.gner.trainer ┇ [training]  21%|████▎               |  305/1428 [0:06:34<0:24:51, 0.75Hz] | epoch=2.56, loss=0.072800
[02.13 00:52:45] ┇ INFO    ┇    DeepKNLP.gner.trainer ┇ [training]  22%|████▎               |  310/1428 [0:06:35<0:24:44, 0.75Hz] | epoch=2.60, loss=0.072200
[02.13 00:52:46] ┇ INFO    ┇    DeepKNLP.gner.trainer ┇ [training]  22%|████▍               |  315/1428 [0:06:37<0:24:37, 0.75Hz] | epoch=2.65, loss=0.071500
[02.13 00:52:47] ┇ INFO    ┇    DeepKNLP.gner.trainer ┇ [training]  22%|████▍               |  320/1428 [0:06:38<0:24:31, 0.75Hz] | epoch=2.69, loss=0.072400
[02.13 00:52:49] ┇ INFO    ┇    DeepKNLP.gner.trainer ┇ [training]  23%|████▌               |  325/1428 [0:06:39<0:24:24, 0.75Hz] | epoch=2.73, loss=0.067400
[02.13 00:52:50] ┇ INFO    ┇    DeepKNLP.gner.trainer ┇ [training]  23%|████▌               |  330/1428 [0:06:40<0:24:17, 0.75Hz] | epoch=2.77, loss=0.072200
[02.13 00:52:51] ┇ INFO    ┇    DeepKNLP.gner.trainer ┇ [training]  23%|████▋               |  335/1428 [0:06:41<0:24:11, 0.75Hz] | epoch=2.81, loss=0.067100
[02.13 00:52:52] ┇ INFO    ┇    DeepKNLP.gner.trainer ┇ [training]  24%|████▊               |  340/1428 [0:06:43<0:24:04, 0.75Hz] | epoch=2.86, loss=0.069400
[02.13 00:52:53] ┇ INFO    ┇    DeepKNLP.gner.trainer ┇ [training]  24%|████▊               |  345/1428 [0:06:44<0:23:57, 0.75Hz] | epoch=2.90, loss=0.068600
[02.13 00:52:55] ┇ INFO    ┇    DeepKNLP.gner.trainer ┇ [training]  25%|████▉               |  350/1428 [0:06:45<0:23:51, 0.75Hz] | epoch=2.94, loss=0.066800
[02.13 00:52:56] ┇ INFO    ┇    DeepKNLP.gner.trainer ┇ [training]  25%|████▉               |  355/1428 [0:06:46<0:23:44, 0.75Hz] | epoch=2.98, loss=0.071800
[02.13 00:53:00] ┇ INFO    ┇    DeepKNLP.gner.trainer ┇ [checking]   6%|█                   |  1/18 [0:00:00<0:00:00, 82283.80Hz]
[02.13 00:53:14] ┇ INFO    ┇    DeepKNLP.gner.trainer ┇ [checking]  28%|█████▌              |  5/18 [0:00:13<0:00:35, 0.37Hz]
[02.13 00:53:26] ┇ INFO    ┇    DeepKNLP.gner.trainer ┇ [checking]  44%|████████▉           |  8/18 [0:00:25<0:00:31, 0.32Hz]
[02.13 00:53:36] ┇ INFO    ┇    DeepKNLP.gner.trainer ┇ [checking]  61%|████████████▏       | 11/18 [0:00:35<0:00:22, 0.31Hz]
[02.13 00:53:48] ┇ INFO    ┇    DeepKNLP.gner.trainer ┇ [checking]  83%|████████████████▋   | 15/18 [0:00:47<0:00:09, 0.31Hz]
[02.13 00:54:00] ┇ INFO    ┇    DeepKNLP.gner.trainer ┇ [checking] 100%|████████████████████| 18/18 [0:00:57<0:00:00, 0.31Hz]
[02.13 00:54:00] ┇ INFO    ┇    DeepKNLP.gner.trainer ┇ [training]  25%|█████               |  357/1428 [0:07:50<0:23:53, 0.75Hz] | epoch=3.00, eval_average=0.0000
[02.13 00:54:01] ┇ INFO    ┇    DeepKNLP.gner.trainer ┇ [training]  25%|█████               |  360/1428 [0:07:51<0:23:57, 0.74Hz] | epoch=3.02, loss=0.066100
[02.13 00:54:02] ┇ INFO    ┇    DeepKNLP.gner.trainer ┇ [training]  26%|█████               |  365/1428 [0:07:52<0:23:51, 0.74Hz] | epoch=3.07, loss=0.068300
[02.13 00:54:03] ┇ INFO    ┇    DeepKNLP.gner.trainer ┇ [training]  26%|█████▏              |  370/1428 [0:07:53<0:23:44, 0.74Hz] | epoch=3.11, loss=0.063700
[02.13 00:54:04] ┇ INFO    ┇    DeepKNLP.gner.trainer ┇ [training]  26%|█████▎              |  375/1428 [0:07:55<0:23:37, 0.74Hz] | epoch=3.15, loss=0.067000
[02.13 00:54:06] ┇ INFO    ┇    DeepKNLP.gner.trainer ┇ [training]  27%|█████▎              |  380/1428 [0:07:56<0:23:31, 0.74Hz] | epoch=3.19, loss=0.063400
[02.13 00:54:07] ┇ INFO    ┇    DeepKNLP.gner.trainer ┇ [training]  27%|█████▍              |  385/1428 [0:07:57<0:23:24, 0.74Hz] | epoch=3.23, loss=0.065500
[02.13 00:54:08] ┇ INFO    ┇    DeepKNLP.gner.trainer ┇ [training]  27%|█████▍              |  390/1428 [0:07:58<0:23:17, 0.74Hz] | epoch=3.28, loss=0.065100
[02.13 00:54:09] ┇ INFO    ┇    DeepKNLP.gner.trainer ┇ [training]  28%|█████▌              |  395/1428 [0:07:59<0:23:11, 0.74Hz] | epoch=3.32, loss=0.060900
[02.13 00:54:10] ┇ INFO    ┇    DeepKNLP.gner.trainer ┇ [training]  28%|█████▌              |  400/1428 [0:08:01<0:23:04, 0.74Hz] | epoch=3.36, loss=0.064700
[02.13 00:54:11] ┇ INFO    ┇    DeepKNLP.gner.trainer ┇ [training]  28%|█████▋              |  405/1428 [0:08:02<0:22:57, 0.74Hz] | epoch=3.40, loss=0.062300
[02.13 00:54:13] ┇ INFO    ┇    DeepKNLP.gner.trainer ┇ [training]  29%|█████▋              |  410/1428 [0:08:03<0:19:02, 0.89Hz] | epoch=3.44, loss=0.059200
[02.13 00:54:14] ┇ INFO    ┇    DeepKNLP.gner.trainer ┇ [training]  29%|█████▊              |  415/1428 [0:08:04<0:18:44, 0.90Hz] | epoch=3.49, loss=0.058100
[02.13 00:54:18] ┇ INFO    ┇    DeepKNLP.gner.trainer ┇ [checking]   6%|█                   |  1/18 [0:00:00<0:00:00, 84588.23Hz]
[02.13 00:54:32] ┇ INFO    ┇    DeepKNLP.gner.trainer ┇ [checking]  28%|█████▌              |  5/18 [0:00:13<0:00:35, 0.37Hz]
[02.13 00:54:43] ┇ INFO    ┇    DeepKNLP.gner.trainer ┇ [checking]  44%|████████▉           |  8/18 [0:00:24<0:00:31, 0.32Hz]
[02.13 00:54:54] ┇ INFO    ┇    DeepKNLP.gner.trainer ┇ [checking]  61%|████████████▏       | 11/18 [0:00:35<0:00:22, 0.31Hz]
[02.13 00:55:06] ┇ INFO    ┇    DeepKNLP.gner.trainer ┇ [checking]  83%|████████████████▋   | 15/18 [0:00:48<0:00:09, 0.31Hz]
[02.13 00:55:18] ┇ INFO    ┇    DeepKNLP.gner.trainer ┇ [checking] 100%|████████████████████| 18/18 [0:00:57<0:00:00, 0.31Hz]
[02.13 00:55:18] ┇ INFO    ┇    DeepKNLP.gner.trainer ┇ [training]  29%|█████▊              |  416/1428 [0:09:08<0:22:36, 0.75Hz] | epoch=3.50, eval_average=0.0000
[02.13 00:55:19] ┇ INFO    ┇    DeepKNLP.gner.trainer ┇ [training]  29%|█████▉              |  420/1428 [0:09:09<0:22:35, 0.74Hz] | epoch=3.53, loss=0.057800
[02.13 00:55:20] ┇ INFO    ┇    DeepKNLP.gner.trainer ┇ [training]  30%|█████▉              |  425/1428 [0:09:10<0:22:28, 0.74Hz] | epoch=3.57, loss=0.064600
[02.13 00:55:21] ┇ INFO    ┇    DeepKNLP.gner.trainer ┇ [training]  30%|██████              |  430/1428 [0:09:12<0:22:22, 0.74Hz] | epoch=3.61, loss=0.059300
[02.13 00:55:22] ┇ INFO    ┇    DeepKNLP.gner.trainer ┇ [training]  30%|██████              |  435/1428 [0:09:13<0:22:15, 0.74Hz] | epoch=3.65, loss=0.063500
[02.13 00:55:24] ┇ INFO    ┇    DeepKNLP.gner.trainer ┇ [training]  31%|██████▏             |  440/1428 [0:09:14<0:22:08, 0.74Hz] | epoch=3.70, loss=0.060100
[02.13 00:55:25] ┇ INFO    ┇    DeepKNLP.gner.trainer ┇ [training]  31%|██████▏             |  445/1428 [0:09:15<0:22:01, 0.74Hz] | epoch=3.74, loss=0.057500
[02.13 00:55:26] ┇ INFO    ┇    DeepKNLP.gner.trainer ┇ [training]  32%|██████▎             |  450/1428 [0:09:16<0:21:55, 0.74Hz] | epoch=3.78, loss=0.058400
[02.13 00:55:27] ┇ INFO    ┇    DeepKNLP.gner.trainer ┇ [training]  32%|██████▎             |  455/1428 [0:09:17<0:21:48, 0.74Hz] | epoch=3.82, loss=0.056900
[02.13 00:55:28] ┇ INFO    ┇    DeepKNLP.gner.trainer ┇ [training]  32%|██████▍             |  460/1428 [0:09:19<0:21:41, 0.74Hz] | epoch=3.87, loss=0.057000
[02.13 00:55:30] ┇ INFO    ┇    DeepKNLP.gner.trainer ┇ [training]  33%|██████▌             |  465/1428 [0:09:20<0:21:35, 0.74Hz] | epoch=3.91, loss=0.060800
[02.13 00:55:31] ┇ INFO    ┇    DeepKNLP.gner.trainer ┇ [training]  33%|██████▌             |  470/1428 [0:09:21<0:17:49, 0.90Hz] | epoch=3.95, loss=0.057400
[02.13 00:55:32] ┇ INFO    ┇    DeepKNLP.gner.trainer ┇ [training]  33%|██████▋             |  475/1428 [0:09:22<0:17:35, 0.90Hz] | epoch=3.99, loss=0.056600
[02.13 00:55:36] ┇ INFO    ┇    DeepKNLP.gner.trainer ┇ [checking]   6%|█                   |  1/18 [0:00:00<0:00:00, 86423.07Hz]
[02.13 00:55:50] ┇ INFO    ┇    DeepKNLP.gner.trainer ┇ [checking]  28%|█████▌              |  5/18 [0:00:13<0:00:35, 0.37Hz]
[02.13 00:56:01] ┇ INFO    ┇    DeepKNLP.gner.trainer ┇ [checking]  44%|████████▉           |  8/18 [0:00:25<0:00:31, 0.32Hz]
[02.13 00:56:12] ┇ INFO    ┇    DeepKNLP.gner.trainer ┇ [checking]  61%|████████████▏       | 11/18 [0:00:35<0:00:22, 0.31Hz]
[02.13 00:56:24] ┇ INFO    ┇    DeepKNLP.gner.trainer ┇ [checking]  83%|████████████████▋   | 15/18 [0:00:48<0:00:09, 0.31Hz]
[02.13 00:56:36] ┇ INFO    ┇    DeepKNLP.gner.trainer ┇ [checking] 100%|████████████████████| 18/18 [0:00:58<0:00:00, 0.31Hz]
[02.13 00:56:36] ┇ INFO    ┇    DeepKNLP.gner.trainer ┇ [training]  33%|██████▋             |  476/1428 [0:10:26<0:21:14, 0.75Hz] | epoch=4.00, eval_average=0.0000
[02.13 00:56:37] ┇ INFO    ┇    DeepKNLP.gner.trainer ┇ [training]  34%|██████▋             |  480/1428 [0:10:27<0:21:12, 0.75Hz] | epoch=4.03, loss=0.057300
[02.13 00:56:38] ┇ INFO    ┇    DeepKNLP.gner.trainer ┇ [training]  34%|██████▊             |  485/1428 [0:10:29<0:21:05, 0.75Hz] | epoch=4.08, loss=0.055900
[02.13 00:56:39] ┇ INFO    ┇    DeepKNLP.gner.trainer ┇ [training]  34%|██████▊             |  490/1428 [0:10:30<0:20:59, 0.74Hz] | epoch=4.12, loss=0.055300
[02.13 00:56:41] ┇ INFO    ┇    DeepKNLP.gner.trainer ┇ [training]  35%|██████▉             |  495/1428 [0:10:31<0:20:52, 0.75Hz] | epoch=4.16, loss=0.061200
[02.13 00:56:42] ┇ INFO    ┇    DeepKNLP.gner.trainer ┇ [training]  35%|███████             |  500/1428 [0:10:32<0:20:45, 0.75Hz] | epoch=4.20, loss=0.055200
[02.13 00:56:43] ┇ INFO    ┇    DeepKNLP.gner.trainer ┇ [training]  35%|███████             |  505/1428 [0:10:33<0:20:38, 0.75Hz] | epoch=4.24, loss=0.054400
[02.13 00:56:44] ┇ INFO    ┇    DeepKNLP.gner.trainer ┇ [training]  36%|███████▏            |  510/1428 [0:10:35<0:20:32, 0.74Hz] | epoch=4.29, loss=0.055300
[02.13 00:56:45] ┇ INFO    ┇    DeepKNLP.gner.trainer ┇ [training]  36%|███████▏            |  515/1428 [0:10:36<0:20:25, 0.75Hz] | epoch=4.33, loss=0.057200
[02.13 00:56:47] ┇ INFO    ┇    DeepKNLP.gner.trainer ┇ [training]  36%|███████▎            |  520/1428 [0:10:37<0:20:18, 0.74Hz] | epoch=4.37, loss=0.053400
[02.13 00:56:48] ┇ INFO    ┇    DeepKNLP.gner.trainer ┇ [training]  37%|███████▎            |  525/1428 [0:10:38<0:20:12, 0.74Hz] | epoch=4.41, loss=0.058300
[02.13 00:56:49] ┇ INFO    ┇    DeepKNLP.gner.trainer ┇ [training]  37%|███████▍            |  530/1428 [0:10:39<0:16:40, 0.90Hz] | epoch=4.45, loss=0.056500
[02.13 00:56:50] ┇ INFO    ┇    DeepKNLP.gner.trainer ┇ [training]  37%|███████▍            |  535/1428 [0:10:40<0:16:27, 0.90Hz] | epoch=4.50, loss=0.058800
[02.13 00:56:54] ┇ INFO    ┇    DeepKNLP.gner.trainer ┇ [checking]   6%|█                   |  1/18 [0:00:00<0:00:00, 81746.62Hz]
[02.13 00:57:08] ┇ INFO    ┇    DeepKNLP.gner.trainer ┇ [checking]  28%|█████▌              |  5/18 [0:00:13<0:00:34, 0.37Hz]
[02.13 00:57:19] ┇ INFO    ┇    DeepKNLP.gner.trainer ┇ [checking]  44%|████████▉           |  8/18 [0:00:24<0:00:30, 0.32Hz]
[02.13 00:57:29] ┇ INFO    ┇    DeepKNLP.gner.trainer ┇ [checking]  61%|████████████▏       | 11/18 [0:00:35<0:00:22, 0.31Hz]
[02.13 00:57:42] ┇ INFO    ┇    DeepKNLP.gner.trainer ┇ [checking]  83%|████████████████▋   | 15/18 [0:00:47<0:00:09, 0.32Hz]
[02.13 00:57:54] ┇ INFO    ┇    DeepKNLP.gner.trainer ┇ [checking] 100%|████████████████████| 18/18 [0:00:57<0:00:00, 0.31Hz]
[02.13 00:57:54] ┇ INFO    ┇    DeepKNLP.gner.trainer ┇ [training]  38%|███████▌            |  536/1428 [0:11:44<0:19:50, 0.75Hz] | epoch=4.50, eval_average=0.0000
[02.13 00:57:55] ┇ INFO    ┇    DeepKNLP.gner.trainer ┇ [training]  38%|███████▌            |  540/1428 [0:11:45<0:19:48, 0.75Hz] | epoch=4.54, loss=0.050000
[02.13 00:57:56] ┇ INFO    ┇    DeepKNLP.gner.trainer ┇ [training]  38%|███████▋            |  545/1428 [0:11:46<0:19:41, 0.75Hz] | epoch=4.58, loss=0.057000
[02.13 00:57:57] ┇ INFO    ┇    DeepKNLP.gner.trainer ┇ [training]  39%|███████▋            |  550/1428 [0:11:47<0:19:34, 0.75Hz] | epoch=4.62, loss=0.059700
[02.13 00:57:58] ┇ INFO    ┇    DeepKNLP.gner.trainer ┇ [training]  39%|███████▊            |  555/1428 [0:11:48<0:19:28, 0.75Hz] | epoch=4.66, loss=0.053200
[02.13 00:57:59] ┇ INFO    ┇    DeepKNLP.gner.trainer ┇ [training]  39%|███████▊            |  560/1428 [0:11:50<0:19:21, 0.75Hz] | epoch=4.71, loss=0.052300
[02.13 00:58:00] ┇ INFO    ┇    DeepKNLP.gner.trainer ┇ [training]  40%|███████▉            |  565/1428 [0:11:51<0:19:14, 0.75Hz] | epoch=4.75, loss=0.052100
[02.13 00:58:02] ┇ INFO    ┇    DeepKNLP.gner.trainer ┇ [training]  40%|███████▉            |  570/1428 [0:11:52<0:19:07, 0.75Hz] | epoch=4.79, loss=0.052400
[02.13 00:58:03] ┇ INFO    ┇    DeepKNLP.gner.trainer ┇ [training]  40%|████████            |  575/1428 [0:11:53<0:19:01, 0.75Hz] | epoch=4.83, loss=0.055000
[02.13 00:58:04] ┇ INFO    ┇    DeepKNLP.gner.trainer ┇ [training]  41%|████████            |  580/1428 [0:11:54<0:18:54, 0.75Hz] | epoch=4.87, loss=0.050600
[02.13 00:58:05] ┇ INFO    ┇    DeepKNLP.gner.trainer ┇ [training]  41%|████████▏           |  585/1428 [0:11:55<0:18:47, 0.75Hz] | epoch=4.92, loss=0.053000
[02.13 00:58:06] ┇ INFO    ┇    DeepKNLP.gner.trainer ┇ [training]  41%|████████▎           |  590/1428 [0:11:57<0:15:30, 0.90Hz] | epoch=4.96, loss=0.051400
[02.13 00:58:08] ┇ INFO    ┇    DeepKNLP.gner.trainer ┇ [training]  42%|████████▎           |  595/1428 [0:11:58<0:15:17, 0.91Hz] | epoch=5.00, loss=0.053100
[02.13 00:58:11] ┇ INFO    ┇    DeepKNLP.gner.trainer ┇ [checking]   6%|█                   |  1/18 [0:00:00<0:00:00, 87328.03Hz]
[02.13 00:58:25] ┇ INFO    ┇    DeepKNLP.gner.trainer ┇ [checking]  28%|█████▌              |  5/18 [0:00:13<0:00:36, 0.36Hz]
[02.13 00:58:37] ┇ INFO    ┇    DeepKNLP.gner.trainer ┇ [checking]  44%|████████▉           |  8/18 [0:00:25<0:00:32, 0.31Hz]
[02.13 00:58:48] ┇ INFO    ┇    DeepKNLP.gner.trainer ┇ [checking]  61%|████████████▏       | 11/18 [0:00:36<0:00:23, 0.30Hz]
[02.13 00:59:00] ┇ INFO    ┇    DeepKNLP.gner.trainer ┇ [checking]  83%|████████████████▋   | 15/18 [0:00:48<0:00:09, 0.31Hz]
[02.13 00:59:10] ┇ INFO    ┇    DeepKNLP.gner.trainer ┇ [checking] 100%|████████████████████| 18/18 [0:00:58<0:00:00, 0.31Hz]
[02.13 00:59:12] ┇ INFO    ┇    DeepKNLP.gner.trainer ┇ [training]  42%|████████▎           |  595/1428 [0:11:58<0:15:17, 0.91Hz] | epoch=5.00, eval_average=0.0000
[02.13 00:59:13] ┇ INFO    ┇    DeepKNLP.gner.trainer ┇ [training]  42%|████████▍           |  600/1428 [0:13:04<0:18:12, 0.76Hz] | epoch=5.04, loss=0.050700
[02.13 00:59:14] ┇ INFO    ┇    DeepKNLP.gner.trainer ┇ [training]  42%|████████▍           |  605/1428 [0:13:05<0:18:06, 0.76Hz] | epoch=5.08, loss=0.050900
[02.13 00:59:16] ┇ INFO    ┇    DeepKNLP.gner.trainer ┇ [training]  43%|████████▌           |  610/1428 [0:13:06<0:17:59, 0.76Hz] | epoch=5.13, loss=0.053800
[02.13 00:59:17] ┇ INFO    ┇    DeepKNLP.gner.trainer ┇ [training]  43%|████████▌           |  615/1428 [0:13:07<0:17:53, 0.76Hz] | epoch=5.17, loss=0.049500
[02.13 00:59:18] ┇ INFO    ┇    DeepKNLP.gner.trainer ┇ [training]  43%|████████▋           |  620/1428 [0:13:08<0:17:46, 0.76Hz] | epoch=5.21, loss=0.051900
[02.13 00:59:19] ┇ INFO    ┇    DeepKNLP.gner.trainer ┇ [training]  44%|████████▊           |  625/1428 [0:13:10<0:17:40, 0.76Hz] | epoch=5.25, loss=0.050600
[02.13 00:59:20] ┇ INFO    ┇    DeepKNLP.gner.trainer ┇ [training]  44%|████████▊           |  630/1428 [0:13:11<0:17:33, 0.76Hz] | epoch=5.29, loss=0.050800
[02.13 00:59:22] ┇ INFO    ┇    DeepKNLP.gner.trainer ┇ [training]  44%|████████▉           |  635/1428 [0:13:12<0:17:26, 0.76Hz] | epoch=5.34, loss=0.050600
[02.13 00:59:23] ┇ INFO    ┇    DeepKNLP.gner.trainer ┇ [training]  45%|████████▉           |  640/1428 [0:13:13<0:17:20, 0.76Hz] | epoch=5.38, loss=0.048800
[02.13 00:59:24] ┇ INFO    ┇    DeepKNLP.gner.trainer ┇ [training]  45%|█████████           |  645/1428 [0:13:14<0:17:13, 0.76Hz] | epoch=5.42, loss=0.049300
[02.13 00:59:25] ┇ INFO    ┇    DeepKNLP.gner.trainer ┇ [training]  46%|█████████           |  650/1428 [0:13:16<0:17:07, 0.76Hz] | epoch=5.46, loss=0.052500
[02.13 00:59:30] ┇ INFO    ┇    DeepKNLP.gner.trainer ┇ [checking]   6%|█                   |  1/18 [0:00:00<0:00:00, 89918.71Hz]
[02.13 00:59:44] ┇ INFO    ┇    DeepKNLP.gner.trainer ┇ [checking]  28%|█████▌              |  5/18 [0:00:13<0:00:36, 0.36Hz]
[02.13 00:59:56] ┇ INFO    ┇    DeepKNLP.gner.trainer ┇ [checking]  44%|████████▉           |  8/18 [0:00:25<0:00:32, 0.31Hz]
[02.13 01:00:07] ┇ INFO    ┇    DeepKNLP.gner.trainer ┇ [checking]  61%|████████████▏       | 11/18 [0:00:36<0:00:23, 0.30Hz]
[02.13 01:00:19] ┇ INFO    ┇    DeepKNLP.gner.trainer ┇ [checking]  83%|████████████████▋   | 15/18 [0:00:49<0:00:09, 0.31Hz]
[02.13 01:00:30] ┇ INFO    ┇    DeepKNLP.gner.trainer ┇ [checking] 100%|████████████████████| 18/18 [0:00:59<0:00:00, 0.30Hz]
[02.13 01:00:31] ┇ INFO    ┇    DeepKNLP.gner.trainer ┇ [training]  46%|█████████▏          |  654/1428 [0:14:22<0:16:59, 0.76Hz] | epoch=5.50, eval_average=0.0000
[02.13 01:00:32] ┇ INFO    ┇    DeepKNLP.gner.trainer ┇ [training]  46%|█████████▏          |  655/1428 [0:14:22<0:17:04, 0.75Hz] | epoch=5.50, loss=0.046900
[02.13 01:00:33] ┇ INFO    ┇    DeepKNLP.gner.trainer ┇ [training]  46%|█████████▏          |  660/1428 [0:14:23<0:16:57, 0.75Hz] | epoch=5.55, loss=0.050800
[02.13 01:00:34] ┇ INFO    ┇    DeepKNLP.gner.trainer ┇ [training]  47%|█████████▎          |  665/1428 [0:14:24<0:16:51, 0.75Hz] | epoch=5.59, loss=0.050800
[02.13 01:00:35] ┇ INFO    ┇    DeepKNLP.gner.trainer ┇ [training]  47%|█████████▍          |  670/1428 [0:14:26<0:16:44, 0.75Hz] | epoch=5.63, loss=0.050100
[02.13 01:00:36] ┇ INFO    ┇    DeepKNLP.gner.trainer ┇ [training]  47%|█████████▍          |  675/1428 [0:14:27<0:16:37, 0.75Hz] | epoch=5.67, loss=0.047300
[02.13 01:00:38] ┇ INFO    ┇    DeepKNLP.gner.trainer ┇ [training]  48%|█████████▌          |  680/1428 [0:14:28<0:16:31, 0.75Hz] | epoch=5.71, loss=0.051000
[02.13 01:00:39] ┇ INFO    ┇    DeepKNLP.gner.trainer ┇ [training]  48%|█████████▌          |  685/1428 [0:14:29<0:16:24, 0.75Hz] | epoch=5.76, loss=0.047900
[02.13 01:00:40] ┇ INFO    ┇    DeepKNLP.gner.trainer ┇ [training]  48%|█████████▋          |  690/1428 [0:14:30<0:16:17, 0.75Hz] | epoch=5.80, loss=0.047000
[02.13 01:00:41] ┇ INFO    ┇    DeepKNLP.gner.trainer ┇ [training]  49%|█████████▋          |  695/1428 [0:14:32<0:16:11, 0.75Hz] | epoch=5.84, loss=0.049800
[02.13 01:00:42] ┇ INFO    ┇    DeepKNLP.gner.trainer ┇ [training]  49%|█████████▊          |  700/1428 [0:14:33<0:16:04, 0.75Hz] | epoch=5.88, loss=0.048300
[02.13 01:00:44] ┇ INFO    ┇    DeepKNLP.gner.trainer ┇ [training]  49%|█████████▊          |  705/1428 [0:14:34<0:15:58, 0.75Hz] | epoch=5.92, loss=0.045800
[02.13 01:00:45] ┇ INFO    ┇    DeepKNLP.gner.trainer ┇ [training]  50%|█████████▉          |  710/1428 [0:14:35<0:15:51, 0.75Hz] | epoch=5.97, loss=0.050300
[02.13 01:00:50] ┇ INFO    ┇    DeepKNLP.gner.trainer ┇ [checking]   6%|█                   |  1/18 [0:00:00<0:00:00, 93196.64Hz]
[02.13 01:01:04] ┇ INFO    ┇    DeepKNLP.gner.trainer ┇ [checking]  28%|█████▌              |  5/18 [0:00:13<0:00:36, 0.36Hz]
[02.13 01:01:15] ┇ INFO    ┇    DeepKNLP.gner.trainer ┇ [checking]  44%|████████▉           |  8/18 [0:00:25<0:00:31, 0.31Hz]
[02.13 01:01:26] ┇ INFO    ┇    DeepKNLP.gner.trainer ┇ [checking]  61%|████████████▏       | 11/18 [0:00:36<0:00:22, 0.31Hz]
[02.13 01:01:39] ┇ INFO    ┇    DeepKNLP.gner.trainer ┇ [checking]  83%|████████████████▋   | 15/18 [0:00:48<0:00:09, 0.31Hz]
[02.13 01:01:49] ┇ INFO    ┇    DeepKNLP.gner.trainer ┇ [checking] 100%|████████████████████| 18/18 [0:00:59<0:00:00, 0.30Hz]
[02.13 01:01:51] ┇ INFO    ┇    DeepKNLP.gner.trainer ┇ [training]  50%|██████████          |  714/1428 [0:15:41<0:15:41, 0.76Hz] | epoch=6.00, eval_average=0.0000
[02.13 01:01:51] ┇ INFO    ┇    DeepKNLP.gner.trainer ┇ [training]  50%|██████████          |  715/1428 [0:15:42<0:15:48, 0.75Hz] | epoch=6.01, loss=0.048000
[02.13 01:01:52] ┇ INFO    ┇    DeepKNLP.gner.trainer ┇ [training]  50%|██████████          |  720/1428 [0:15:43<0:15:41, 0.75Hz] | epoch=6.05, loss=0.048300
[02.13 01:01:54] ┇ INFO    ┇    DeepKNLP.gner.trainer ┇ [training]  51%|██████████▏         |  725/1428 [0:15:44<0:15:34, 0.75Hz] | epoch=6.09, loss=0.047500
[02.13 01:01:55] ┇ INFO    ┇    DeepKNLP.gner.trainer ┇ [training]  51%|██████████▏         |  730/1428 [0:15:45<0:15:28, 0.75Hz] | epoch=6.13, loss=0.043600
[02.13 01:01:56] ┇ INFO    ┇    DeepKNLP.gner.trainer ┇ [training]  51%|██████████▎         |  735/1428 [0:15:46<0:15:21, 0.75Hz] | epoch=6.18, loss=0.048200
[02.13 01:01:57] ┇ INFO    ┇    DeepKNLP.gner.trainer ┇ [training]  52%|██████████▎         |  740/1428 [0:15:47<0:15:14, 0.75Hz] | epoch=6.22, loss=0.047300
[02.13 01:01:58] ┇ INFO    ┇    DeepKNLP.gner.trainer ┇ [training]  52%|██████████▍         |  745/1428 [0:15:49<0:15:08, 0.75Hz] | epoch=6.26, loss=0.049000
[02.13 01:01:59] ┇ INFO    ┇    DeepKNLP.gner.trainer ┇ [training]  53%|██████████▌         |  750/1428 [0:15:50<0:15:01, 0.75Hz] | epoch=6.30, loss=0.045000
[02.13 01:02:01] ┇ INFO    ┇    DeepKNLP.gner.trainer ┇ [training]  53%|██████████▌         |  755/1428 [0:15:51<0:14:55, 0.75Hz] | epoch=6.34, loss=0.047000
[02.13 01:02:02] ┇ INFO    ┇    DeepKNLP.gner.trainer ┇ [training]  53%|██████████▋         |  760/1428 [0:15:52<0:14:48, 0.75Hz] | epoch=6.39, loss=0.047900
[02.13 01:02:03] ┇ INFO    ┇    DeepKNLP.gner.trainer ┇ [training]  54%|██████████▋         |  765/1428 [0:15:53<0:14:41, 0.75Hz] | epoch=6.43, loss=0.045200
[02.13 01:02:04] ┇ INFO    ┇    DeepKNLP.gner.trainer ┇ [training]  54%|██████████▊         |  770/1428 [0:15:55<0:14:35, 0.75Hz] | epoch=6.47, loss=0.045300
[02.13 01:02:09] ┇ INFO    ┇    DeepKNLP.gner.trainer ┇ [checking]   6%|█                   |  1/18 [0:00:00<0:00:00, 91817.93Hz]
[02.13 01:02:23] ┇ INFO    ┇    DeepKNLP.gner.trainer ┇ [checking]  28%|█████▌              |  5/18 [0:00:13<0:00:35, 0.37Hz]
[02.13 01:02:34] ┇ INFO    ┇    DeepKNLP.gner.trainer ┇ [checking]  44%|████████▉           |  8/18 [0:00:25<0:00:31, 0.32Hz]
[02.13 01:02:45] ┇ INFO    ┇    DeepKNLP.gner.trainer ┇ [checking]  61%|████████████▏       | 11/18 [0:00:35<0:00:22, 0.31Hz]
[02.13 01:02:58] ┇ INFO    ┇    DeepKNLP.gner.trainer ┇ [checking]  83%|████████████████▋   | 15/18 [0:00:48<0:00:09, 0.31Hz]
[02.13 01:03:08] ┇ INFO    ┇    DeepKNLP.gner.trainer ┇ [checking] 100%|████████████████████| 18/18 [0:00:58<0:00:00, 0.31Hz]
[02.13 01:03:09] ┇ INFO    ┇    DeepKNLP.gner.trainer ┇ [training]  54%|██████████▊         |  774/1428 [0:17:00<0:14:23, 0.76Hz] | epoch=6.50, eval_average=0.0000
[02.13 01:03:10] ┇ INFO    ┇    DeepKNLP.gner.trainer ┇ [training]  54%|██████████▊         |  775/1428 [0:17:00<0:14:29, 0.75Hz] | epoch=6.51, loss=0.043800
[02.13 01:03:11] ┇ INFO    ┇    DeepKNLP.gner.trainer ┇ [training]  55%|██████████▉         |  780/1428 [0:17:01<0:14:22, 0.75Hz] | epoch=6.55, loss=0.047700
[02.13 01:03:12] ┇ INFO    ┇    DeepKNLP.gner.trainer ┇ [training]  55%|██████████▉         |  785/1428 [0:17:03<0:14:16, 0.75Hz] | epoch=6.60, loss=0.046500
[02.13 01:03:13] ┇ INFO    ┇    DeepKNLP.gner.trainer ┇ [training]  55%|███████████         |  790/1428 [0:17:04<0:14:09, 0.75Hz] | epoch=6.64, loss=0.044400
[02.13 01:03:15] ┇ INFO    ┇    DeepKNLP.gner.trainer ┇ [training]  56%|███████████▏        |  795/1428 [0:17:05<0:14:02, 0.75Hz] | epoch=6.68, loss=0.045500
[02.13 01:03:16] ┇ INFO    ┇    DeepKNLP.gner.trainer ┇ [training]  56%|███████████▏        |  800/1428 [0:17:06<0:13:56, 0.75Hz] | epoch=6.72, loss=0.044500
[02.13 01:03:17] ┇ INFO    ┇    DeepKNLP.gner.trainer ┇ [training]  56%|███████████▎        |  805/1428 [0:17:07<0:13:49, 0.75Hz] | epoch=6.76, loss=0.047100
[02.13 01:03:18] ┇ INFO    ┇    DeepKNLP.gner.trainer ┇ [training]  57%|███████████▎        |  810/1428 [0:17:09<0:13:42, 0.75Hz] | epoch=6.81, loss=0.043200
[02.13 01:03:19] ┇ INFO    ┇    DeepKNLP.gner.trainer ┇ [training]  57%|███████████▍        |  815/1428 [0:17:10<0:13:36, 0.75Hz] | epoch=6.85, loss=0.047100
[02.13 01:03:21] ┇ INFO    ┇    DeepKNLP.gner.trainer ┇ [training]  57%|███████████▍        |  820/1428 [0:17:11<0:13:29, 0.75Hz] | epoch=6.89, loss=0.044200
[02.13 01:03:22] ┇ INFO    ┇    DeepKNLP.gner.trainer ┇ [training]  58%|███████████▌        |  825/1428 [0:17:12<0:13:22, 0.75Hz] | epoch=6.93, loss=0.044700
[02.13 01:03:23] ┇ INFO    ┇    DeepKNLP.gner.trainer ┇ [training]  58%|███████████▌        |  830/1428 [0:17:13<0:13:16, 0.75Hz] | epoch=6.97, loss=0.047100
[02.13 01:03:28] ┇ INFO    ┇    DeepKNLP.gner.trainer ┇ [checking]   6%|█                   |  1/18 [0:00:00<0:00:00, 85601.45Hz]
[02.13 01:03:41] ┇ INFO    ┇    DeepKNLP.gner.trainer ┇ [checking]  28%|█████▌              |  5/18 [0:00:13<0:00:36, 0.36Hz]
[02.13 01:03:53] ┇ INFO    ┇    DeepKNLP.gner.trainer ┇ [checking]  44%|████████▉           |  8/18 [0:00:25<0:00:32, 0.31Hz]
[02.13 01:04:04] ┇ INFO    ┇    DeepKNLP.gner.trainer ┇ [checking]  61%|████████████▏       | 11/18 [0:00:36<0:00:23, 0.30Hz]
[02.13 01:04:17] ┇ INFO    ┇    DeepKNLP.gner.trainer ┇ [checking]  83%|████████████████▋   | 15/18 [0:00:49<0:00:09, 0.31Hz]
[02.13 01:04:27] ┇ INFO    ┇    DeepKNLP.gner.trainer ┇ [checking] 100%|████████████████████| 18/18 [0:00:59<0:00:00, 0.30Hz]
[02.13 01:04:28] ┇ INFO    ┇    DeepKNLP.gner.trainer ┇ [training]  58%|███████████▋        |  833/1428 [0:18:19<0:13:11, 0.75Hz] | epoch=7.00, eval_average=0.0000
[02.13 01:04:29] ┇ INFO    ┇    DeepKNLP.gner.trainer ┇ [training]  58%|███████████▋        |  835/1428 [0:18:19<0:13:12, 0.75Hz] | epoch=7.02, loss=0.048300
[02.13 01:04:30] ┇ INFO    ┇    DeepKNLP.gner.trainer ┇ [training]  59%|███████████▊        |  840/1428 [0:18:20<0:13:06, 0.75Hz] | epoch=7.06, loss=0.045500
[02.13 01:04:31] ┇ INFO    ┇    DeepKNLP.gner.trainer ┇ [training]  59%|███████████▊        |  845/1428 [0:18:22<0:12:59, 0.75Hz] | epoch=7.10, loss=0.042400
[02.13 01:04:33] ┇ INFO    ┇    DeepKNLP.gner.trainer ┇ [training]  60%|███████████▉        |  850/1428 [0:18:23<0:12:52, 0.75Hz] | epoch=7.14, loss=0.039600
[02.13 01:04:34] ┇ INFO    ┇    DeepKNLP.gner.trainer ┇ [training]  60%|███████████▉        |  855/1428 [0:18:24<0:12:46, 0.75Hz] | epoch=7.18, loss=0.044100
[02.13 01:04:35] ┇ INFO    ┇    DeepKNLP.gner.trainer ┇ [training]  60%|████████████        |  860/1428 [0:18:25<0:12:39, 0.75Hz] | epoch=7.23, loss=0.045900
[02.13 01:04:36] ┇ INFO    ┇    DeepKNLP.gner.trainer ┇ [training]  61%|████████████        |  865/1428 [0:18:26<0:12:32, 0.75Hz] | epoch=7.27, loss=0.047900
[02.13 01:04:37] ┇ INFO    ┇    DeepKNLP.gner.trainer ┇ [training]  61%|████████████▏       |  870/1428 [0:18:28<0:12:26, 0.75Hz] | epoch=7.31, loss=0.048300
[02.13 01:04:38] ┇ INFO    ┇    DeepKNLP.gner.trainer ┇ [training]  61%|████████████▎       |  875/1428 [0:18:29<0:12:19, 0.75Hz] | epoch=7.35, loss=0.041700
[02.13 01:04:40] ┇ INFO    ┇    DeepKNLP.gner.trainer ┇ [training]  62%|████████████▎       |  880/1428 [0:18:30<0:12:12, 0.75Hz] | epoch=7.39, loss=0.042100
[02.13 01:04:41] ┇ INFO    ┇    DeepKNLP.gner.trainer ┇ [training]  62%|████████████▍       |  885/1428 [0:18:31<0:12:06, 0.75Hz] | epoch=7.44, loss=0.044600
[02.13 01:04:42] ┇ INFO    ┇    DeepKNLP.gner.trainer ┇ [training]  62%|████████████▍       |  890/1428 [0:18:32<0:11:59, 0.75Hz] | epoch=7.48, loss=0.046300
[02.13 01:04:47] ┇ INFO    ┇    DeepKNLP.gner.trainer ┇ [checking]   6%|█                   |  1/18 [0:00:00<0:00:00, 81613.03Hz]
[02.13 01:04:57] ┇ INFO    ┇    DeepKNLP.gner.trainer ┇ [checking]  22%|████▍               |  4/18 [0:00:10<0:00:35, 0.40Hz]
[02.13 01:05:08] ┇ INFO    ┇    DeepKNLP.gner.trainer ┇ [checking]  39%|███████▊            |  7/18 [0:00:21<0:00:34, 0.32Hz]
[02.13 01:05:20] ┇ INFO    ┇    DeepKNLP.gner.trainer ┇ [checking]  56%|███████████         | 10/18 [0:00:33<0:00:26, 0.30Hz]
[02.13 01:05:33] ┇ INFO    ┇    DeepKNLP.gner.trainer ┇ [checking]  78%|███████████████▌    | 14/18 [0:00:45<0:00:13, 0.30Hz]
[02.13 01:05:43] ┇ INFO    ┇    DeepKNLP.gner.trainer ┇ [checking]  94%|██████████████████▉ | 17/18 [0:00:56<0:00:03, 0.30Hz]
[02.13 01:05:48] ┇ INFO    ┇    DeepKNLP.gner.trainer ┇ [checking] 100%|████████████████████| 18/18 [0:00:59<0:00:00, 0.30Hz]
[02.13 01:05:48] ┇ INFO    ┇    DeepKNLP.gner.trainer ┇ [training]  62%|████████████▍       |  892/1428 [0:19:38<0:12:04, 0.74Hz] | epoch=7.50, eval_average=0.0354
[02.13 01:05:49] ┇ INFO    ┇    DeepKNLP.gner.trainer ┇ [training]  63%|████████████▌       |  895/1428 [0:19:39<0:12:04, 0.74Hz] | epoch=7.52, loss=0.043400
[02.13 01:05:50] ┇ INFO    ┇    DeepKNLP.gner.trainer ┇ [training]  63%|████████████▌       |  900/1428 [0:19:40<0:11:58, 0.74Hz] | epoch=7.56, loss=0.042000
[02.13 01:05:51] ┇ INFO    ┇    DeepKNLP.gner.trainer ┇ [training]  63%|████████████▋       |  905/1428 [0:19:42<0:11:51, 0.74Hz] | epoch=7.61, loss=0.041700
[02.13 01:05:52] ┇ INFO    ┇    DeepKNLP.gner.trainer ┇ [training]  64%|████████████▋       |  910/1428 [0:19:43<0:11:44, 0.74Hz] | epoch=7.65, loss=0.040000
[02.13 01:05:54] ┇ INFO    ┇    DeepKNLP.gner.trainer ┇ [training]  64%|████████████▊       |  915/1428 [0:19:44<0:11:37, 0.74Hz] | epoch=7.69, loss=0.043000
[02.13 01:05:55] ┇ INFO    ┇    DeepKNLP.gner.trainer ┇ [training]  64%|████████████▉       |  920/1428 [0:19:45<0:11:30, 0.74Hz] | epoch=7.73, loss=0.044200
[02.13 01:05:56] ┇ INFO    ┇    DeepKNLP.gner.trainer ┇ [training]  65%|████████████▉       |  925/1428 [0:19:46<0:11:23, 0.74Hz] | epoch=7.77, loss=0.041400
[02.13 01:05:57] ┇ INFO    ┇    DeepKNLP.gner.trainer ┇ [training]  65%|█████████████       |  930/1428 [0:19:48<0:11:17, 0.74Hz] | epoch=7.82, loss=0.041600
[02.13 01:05:58] ┇ INFO    ┇    DeepKNLP.gner.trainer ┇ [training]  65%|█████████████       |  935/1428 [0:19:49<0:11:10, 0.74Hz] | epoch=7.86, loss=0.038700
[02.13 01:06:00] ┇ INFO    ┇    DeepKNLP.gner.trainer ┇ [training]  66%|█████████████▏      |  940/1428 [0:19:50<0:11:03, 0.74Hz] | epoch=7.90, loss=0.043100
[02.13 01:06:01] ┇ INFO    ┇    DeepKNLP.gner.trainer ┇ [training]  66%|█████████████▏      |  945/1428 [0:19:51<0:09:06, 0.88Hz] | epoch=7.94, loss=0.042200
[02.13 01:06:02] ┇ INFO    ┇    DeepKNLP.gner.trainer ┇ [training]  67%|█████████████▎      |  950/1428 [0:19:52<0:08:55, 0.89Hz] | epoch=7.98, loss=0.041700
[02.13 01:06:07] ┇ INFO    ┇    DeepKNLP.gner.trainer ┇ [checking]   6%|█                   |  1/18 [0:00:00<0:00:00, 82489.24Hz]
[02.13 01:06:17] ┇ INFO    ┇    DeepKNLP.gner.trainer ┇ [checking]  22%|████▍               |  4/18 [0:00:10<0:00:35, 0.39Hz]
[02.13 01:06:29] ┇ INFO    ┇    DeepKNLP.gner.trainer ┇ [checking]  39%|███████▊            |  7/18 [0:00:21<0:00:34, 0.32Hz]
[02.13 01:06:40] ┇ INFO    ┇    DeepKNLP.gner.trainer ┇ [checking]  56%|███████████         | 10/18 [0:00:33<0:00:26, 0.30Hz]
[02.13 01:06:53] ┇ INFO    ┇    DeepKNLP.gner.trainer ┇ [checking]  78%|███████████████▌    | 14/18 [0:00:46<0:00:13, 0.30Hz]
[02.13 01:07:03] ┇ INFO    ┇    DeepKNLP.gner.trainer ┇ [checking]  94%|██████████████████▉ | 17/18 [0:00:56<0:00:03, 0.30Hz]
[02.13 01:07:09] ┇ INFO    ┇    DeepKNLP.gner.trainer ┇ [checking] 100%|████████████████████| 18/18 [0:01:00<0:00:00, 0.30Hz]
[02.13 01:07:09] ┇ INFO    ┇    DeepKNLP.gner.trainer ┇ [training]  67%|█████████████▎      |  952/1428 [0:20:59<0:10:45, 0.74Hz] | epoch=8.00, eval_average=0.0442
[02.13 01:07:10] ┇ INFO    ┇    DeepKNLP.gner.trainer ┇ [training]  67%|█████████████▍      |  955/1428 [0:21:00<0:10:45, 0.73Hz] | epoch=8.03, loss=0.042400
[02.13 01:07:11] ┇ INFO    ┇    DeepKNLP.gner.trainer ┇ [training]  67%|█████████████▍      |  960/1428 [0:21:01<0:10:38, 0.73Hz] | epoch=8.07, loss=0.044700
[02.13 01:07:12] ┇ INFO    ┇    DeepKNLP.gner.trainer ┇ [training]  68%|█████████████▌      |  965/1428 [0:21:02<0:10:31, 0.73Hz] | epoch=8.11, loss=0.042400
[02.13 01:07:13] ┇ INFO    ┇    DeepKNLP.gner.trainer ┇ [training]  68%|█████████████▌      |  970/1428 [0:21:04<0:10:24, 0.73Hz] | epoch=8.15, loss=0.039200
[02.13 01:07:14] ┇ INFO    ┇    DeepKNLP.gner.trainer ┇ [training]  68%|█████████████▋      |  975/1428 [0:21:05<0:10:17, 0.73Hz] | epoch=8.19, loss=0.040300
[02.13 01:07:16] ┇ INFO    ┇    DeepKNLP.gner.trainer ┇ [training]  69%|█████████████▋      |  980/1428 [0:21:06<0:10:10, 0.73Hz] | epoch=8.23, loss=0.037800
[02.13 01:07:17] ┇ INFO    ┇    DeepKNLP.gner.trainer ┇ [training]  69%|█████████████▊      |  985/1428 [0:21:07<0:10:04, 0.73Hz] | epoch=8.28, loss=0.044100
[02.13 01:07:18] ┇ INFO    ┇    DeepKNLP.gner.trainer ┇ [training]  69%|█████████████▊      |  990/1428 [0:21:08<0:09:57, 0.73Hz] | epoch=8.32, loss=0.037700
[02.13 01:07:19] ┇ INFO    ┇    DeepKNLP.gner.trainer ┇ [training]  70%|█████████████▉      |  995/1428 [0:21:10<0:09:50, 0.73Hz] | epoch=8.36, loss=0.044400
[02.13 01:07:20] ┇ INFO    ┇    DeepKNLP.gner.trainer ┇ [training]  70%|██████████████      | 1000/1428 [0:21:11<0:09:43, 0.73Hz] | epoch=8.40, loss=0.039600
[02.13 01:07:22] ┇ INFO    ┇    DeepKNLP.gner.trainer ┇ [training]  70%|██████████████      | 1005/1428 [0:21:12<0:08:00, 0.88Hz] | epoch=8.45, loss=0.040400
[02.13 01:07:23] ┇ INFO    ┇    DeepKNLP.gner.trainer ┇ [training]  71%|██████████████▏     | 1010/1428 [0:21:13<0:07:50, 0.89Hz] | epoch=8.49, loss=0.037100
[02.13 01:07:27] ┇ INFO    ┇    DeepKNLP.gner.trainer ┇ [checking]   6%|█                   |  1/18 [0:00:00<0:00:00, 78039.23Hz]
[02.13 01:07:38] ┇ INFO    ┇    DeepKNLP.gner.trainer ┇ [checking]  22%|████▍               |  4/18 [0:00:10<0:00:36, 0.39Hz]
[02.13 01:07:50] ┇ INFO    ┇    DeepKNLP.gner.trainer ┇ [checking]  39%|███████▊            |  7/18 [0:00:22<0:00:35, 0.31Hz]
[02.13 01:08:02] ┇ INFO    ┇    DeepKNLP.gner.trainer ┇ [checking]  56%|███████████         | 10/18 [0:00:34<0:00:27, 0.29Hz]
[02.13 01:08:13] ┇ INFO    ┇    DeepKNLP.gner.trainer ┇ [checking]  72%|██████████████▍     | 13/18 [0:00:45<0:00:17, 0.29Hz]
[02.13 01:08:27] ┇ INFO    ┇    DeepKNLP.gner.trainer ┇ [checking]  94%|██████████████████▉ | 17/18 [0:00:59<0:00:03, 0.29Hz]
[02.13 01:08:33] ┇ INFO    ┇    DeepKNLP.gner.trainer ┇ [checking] 100%|████████████████████| 18/18 [0:01:03<0:00:00, 0.28Hz]
[02.13 01:08:33] ┇ INFO    ┇    DeepKNLP.gner.trainer ┇ [training]  71%|██████████████▏     | 1012/1428 [0:22:23<0:09:30, 0.73Hz] | epoch=8.50, eval_average=0.1128
[02.13 01:08:33] ┇ INFO    ┇    DeepKNLP.gner.trainer ┇ [training]  71%|██████████████▏     | 1015/1428 [0:22:24<0:09:29, 0.73Hz] | epoch=8.53, loss=0.037300
[02.13 01:08:35] ┇ INFO    ┇    DeepKNLP.gner.trainer ┇ [training]  71%|██████████████▎     | 1020/1428 [0:22:25<0:09:22, 0.73Hz] | epoch=8.57, loss=0.040300
[02.13 01:08:36] ┇ INFO    ┇    DeepKNLP.gner.trainer ┇ [training]  72%|██████████████▎     | 1025/1428 [0:22:26<0:09:15, 0.73Hz] | epoch=8.61, loss=0.039600
[02.13 01:08:37] ┇ INFO    ┇    DeepKNLP.gner.trainer ┇ [training]  72%|██████████████▍     | 1030/1428 [0:22:27<0:09:08, 0.73Hz] | epoch=8.65, loss=0.039200
[02.13 01:08:38] ┇ INFO    ┇    DeepKNLP.gner.trainer ┇ [training]  72%|██████████████▍     | 1035/1428 [0:22:28<0:09:01, 0.73Hz] | epoch=8.70, loss=0.039500
[02.13 01:08:39] ┇ INFO    ┇    DeepKNLP.gner.trainer ┇ [training]  73%|██████████████▌     | 1040/1428 [0:22:30<0:08:54, 0.73Hz] | epoch=8.74, loss=0.038400
[02.13 01:08:40] ┇ INFO    ┇    DeepKNLP.gner.trainer ┇ [training]  73%|██████████████▋     | 1045/1428 [0:22:31<0:08:47, 0.73Hz] | epoch=8.78, loss=0.039600
[02.13 01:08:42] ┇ INFO    ┇    DeepKNLP.gner.trainer ┇ [training]  74%|██████████████▋     | 1050/1428 [0:22:32<0:08:41, 0.73Hz] | epoch=8.82, loss=0.038800
[02.13 01:08:43] ┇ INFO    ┇    DeepKNLP.gner.trainer ┇ [training]  74%|██████████████▊     | 1055/1428 [0:22:33<0:08:34, 0.73Hz] | epoch=8.87, loss=0.038700
[02.13 01:08:44] ┇ INFO    ┇    DeepKNLP.gner.trainer ┇ [training]  74%|██████████████▊     | 1060/1428 [0:22:34<0:08:27, 0.73Hz] | epoch=8.91, loss=0.039000
[02.13 01:08:45] ┇ INFO    ┇    DeepKNLP.gner.trainer ┇ [training]  75%|██████████████▉     | 1065/1428 [0:22:36<0:06:58, 0.87Hz] | epoch=8.95, loss=0.039600
[02.13 01:08:46] ┇ INFO    ┇    DeepKNLP.gner.trainer ┇ [training]  75%|██████████████▉     | 1070/1428 [0:22:37<0:06:48, 0.88Hz] | epoch=8.99, loss=0.035900
[02.13 01:08:51] ┇ INFO    ┇    DeepKNLP.gner.trainer ┇ [checking]   6%|█                   |  1/18 [0:00:00<0:00:00, 89197.88Hz]
[02.13 01:09:01] ┇ INFO    ┇    DeepKNLP.gner.trainer ┇ [checking]  22%|████▍               |  4/18 [0:00:10<0:00:36, 0.38Hz]
[02.13 01:09:14] ┇ INFO    ┇    DeepKNLP.gner.trainer ┇ [checking]  39%|███████▊            |  7/18 [0:00:22<0:00:35, 0.31Hz]
[02.13 01:09:26] ┇ INFO    ┇    DeepKNLP.gner.trainer ┇ [checking]  56%|███████████         | 10/18 [0:00:34<0:00:27, 0.29Hz]
[02.13 01:09:39] ┇ INFO    ┇    DeepKNLP.gner.trainer ┇ [checking]  78%|███████████████▌    | 14/18 [0:00:48<0:00:13, 0.29Hz]
[02.13 01:09:50] ┇ INFO    ┇    DeepKNLP.gner.trainer ┇ [checking]  94%|██████████████████▉ | 17/18 [0:00:58<0:00:03, 0.29Hz]
[02.13 01:09:56] ┇ INFO    ┇    DeepKNLP.gner.trainer ┇ [checking] 100%|████████████████████| 18/18 [0:01:03<0:00:00, 0.29Hz]
[02.13 01:09:56] ┇ INFO    ┇    DeepKNLP.gner.trainer ┇ [training]  75%|███████████████     | 1071/1428 [0:23:46<0:08:16, 0.72Hz] | epoch=9.00, eval_average=0.2797
[02.13 01:09:57] ┇ INFO    ┇    DeepKNLP.gner.trainer ┇ [training]  75%|███████████████     | 1075/1428 [0:23:47<0:08:12, 0.72Hz] | epoch=9.03, loss=0.035100
[02.13 01:09:58] ┇ INFO    ┇    DeepKNLP.gner.trainer ┇ [training]  76%|███████████████▏    | 1080/1428 [0:23:48<0:08:05, 0.72Hz] | epoch=9.08, loss=0.037000
[02.13 01:09:59] ┇ INFO    ┇    DeepKNLP.gner.trainer ┇ [training]  76%|███████████████▏    | 1085/1428 [0:23:50<0:07:58, 0.72Hz] | epoch=9.12, loss=0.035900
[02.13 01:10:01] ┇ INFO    ┇    DeepKNLP.gner.trainer ┇ [training]  76%|███████████████▎    | 1090/1428 [0:23:51<0:07:51, 0.72Hz] | epoch=9.16, loss=0.035700
[02.13 01:10:02] ┇ INFO    ┇    DeepKNLP.gner.trainer ┇ [training]  77%|███████████████▎    | 1095/1428 [0:23:52<0:07:44, 0.72Hz] | epoch=9.20, loss=0.035000
[02.13 01:10:03] ┇ INFO    ┇    DeepKNLP.gner.trainer ┇ [training]  77%|███████████████▍    | 1100/1428 [0:23:53<0:07:37, 0.72Hz] | epoch=9.24, loss=0.036200
[02.13 01:10:04] ┇ INFO    ┇    DeepKNLP.gner.trainer ┇ [training]  77%|███████████████▍    | 1105/1428 [0:23:54<0:07:30, 0.72Hz] | epoch=9.29, loss=0.038400
[02.13 01:10:05] ┇ INFO    ┇    DeepKNLP.gner.trainer ┇ [training]  78%|███████████████▌    | 1110/1428 [0:23:56<0:07:23, 0.72Hz] | epoch=9.33, loss=0.038300
[02.13 01:10:06] ┇ INFO    ┇    DeepKNLP.gner.trainer ┇ [training]  78%|███████████████▌    | 1115/1428 [0:23:57<0:07:16, 0.72Hz] | epoch=9.37, loss=0.038100
[02.13 01:10:08] ┇ INFO    ┇    DeepKNLP.gner.trainer ┇ [training]  78%|███████████████▋    | 1120/1428 [0:23:58<0:07:09, 0.72Hz] | epoch=9.41, loss=0.036700
[02.13 01:10:09] ┇ INFO    ┇    DeepKNLP.gner.trainer ┇ [training]  79%|███████████████▊    | 1125/1428 [0:23:59<0:05:53, 0.86Hz] | epoch=9.45, loss=0.037800
[02.13 01:10:10] ┇ INFO    ┇    DeepKNLP.gner.trainer ┇ [training]  79%|███████████████▊    | 1130/1428 [0:24:00<0:05:44, 0.86Hz] | epoch=9.50, loss=0.035700
[02.13 01:10:14] ┇ INFO    ┇    DeepKNLP.gner.trainer ┇ [checking]   6%|█                   |  1/18 [0:00:00<0:00:00, 85383.63Hz]
[02.13 01:10:25] ┇ INFO    ┇    DeepKNLP.gner.trainer ┇ [checking]  22%|████▍               |  4/18 [0:00:10<0:00:35, 0.39Hz]
[02.13 01:10:37] ┇ INFO    ┇    DeepKNLP.gner.trainer ┇ [checking]  39%|███████▊            |  7/18 [0:00:22<0:00:35, 0.31Hz]
[02.13 01:10:49] ┇ INFO    ┇    DeepKNLP.gner.trainer ┇ [checking]  56%|███████████         | 10/18 [0:00:34<0:00:27, 0.29Hz]
[02.13 01:11:00] ┇ INFO    ┇    DeepKNLP.gner.trainer ┇ [checking]  72%|██████████████▍     | 13/18 [0:00:45<0:00:17, 0.28Hz]
[02.13 01:11:10] ┇ INFO    ┇    DeepKNLP.gner.trainer ┇ [checking]  89%|█████████████████▊  | 16/18 [0:00:56<0:00:07, 0.29Hz]
[02.13 01:11:20] ┇ INFO    ┇    DeepKNLP.gner.trainer ┇ [checking] 100%|████████████████████| 18/18 [0:01:04<0:00:00, 0.28Hz]
[02.13 01:11:20] ┇ INFO    ┇    DeepKNLP.gner.trainer ┇ [training]  79%|███████████████▊    | 1130/1428 [0:24:00<0:05:44, 0.86Hz] | epoch=9.50, eval_average=0.3579
[02.13 01:11:22] ┇ INFO    ┇    DeepKNLP.gner.trainer ┇ [training]  79%|███████████████▉    | 1135/1428 [0:25:12<0:06:48, 0.72Hz] | epoch=9.54, loss=0.034700
[02.13 01:11:23] ┇ INFO    ┇    DeepKNLP.gner.trainer ┇ [training]  80%|███████████████▉    | 1140/1428 [0:25:13<0:06:41, 0.72Hz] | epoch=9.58, loss=0.034200
[02.13 01:11:24] ┇ INFO    ┇    DeepKNLP.gner.trainer ┇ [training]  80%|████████████████    | 1145/1428 [0:25:14<0:06:34, 0.72Hz] | epoch=9.62, loss=0.037200
[02.13 01:11:25] ┇ INFO    ┇    DeepKNLP.gner.trainer ┇ [training]  81%|████████████████    | 1150/1428 [0:25:15<0:06:27, 0.72Hz] | epoch=9.66, loss=0.037000
[02.13 01:11:26] ┇ INFO    ┇    DeepKNLP.gner.trainer ┇ [training]  81%|████████████████▏   | 1155/1428 [0:25:17<0:06:20, 0.72Hz] | epoch=9.71, loss=0.035900
[02.13 01:11:28] ┇ INFO    ┇    DeepKNLP.gner.trainer ┇ [training]  81%|████████████████▏   | 1160/1428 [0:25:18<0:06:13, 0.72Hz] | epoch=9.75, loss=0.034600
[02.13 01:11:29] ┇ INFO    ┇    DeepKNLP.gner.trainer ┇ [training]  82%|████████████████▎   | 1165/1428 [0:25:19<0:06:06, 0.72Hz] | epoch=9.79, loss=0.035800
[02.13 01:11:30] ┇ INFO    ┇    DeepKNLP.gner.trainer ┇ [training]  82%|████████████████▍   | 1170/1428 [0:25:20<0:05:59, 0.72Hz] | epoch=9.83, loss=0.036300
[02.13 01:11:31] ┇ INFO    ┇    DeepKNLP.gner.trainer ┇ [training]  82%|████████████████▍   | 1175/1428 [0:25:21<0:05:52, 0.72Hz] | epoch=9.87, loss=0.036400
[02.13 01:11:32] ┇ INFO    ┇    DeepKNLP.gner.trainer ┇ [training]  83%|████████████████▌   | 1180/1428 [0:25:23<0:05:45, 0.72Hz] | epoch=9.92, loss=0.034000
[02.13 01:11:34] ┇ INFO    ┇    DeepKNLP.gner.trainer ┇ [training]  83%|████████████████▌   | 1185/1428 [0:25:24<0:05:38, 0.72Hz] | epoch=9.96, loss=0.034400
[02.13 01:11:35] ┇ INFO    ┇    DeepKNLP.gner.trainer ┇ [training]  83%|████████████████▋   | 1190/1428 [0:25:25<0:04:36, 0.86Hz] | epoch=10.00, loss=0.035100
[02.13 01:11:39] ┇ INFO    ┇    DeepKNLP.gner.trainer ┇ [checking]   6%|█                   |  1/18 [0:00:00<0:00:00, 95878.37Hz]
[02.13 01:11:50] ┇ INFO    ┇    DeepKNLP.gner.trainer ┇ [checking]  22%|████▍               |  4/18 [0:00:10<0:00:36, 0.39Hz]
[02.13 01:12:02] ┇ INFO    ┇    DeepKNLP.gner.trainer ┇ [checking]  39%|███████▊            |  7/18 [0:00:23<0:00:36, 0.30Hz]
[02.13 01:12:14] ┇ INFO    ┇    DeepKNLP.gner.trainer ┇ [checking]  56%|███████████         | 10/18 [0:00:34<0:00:27, 0.29Hz]
[02.13 01:12:27] ┇ INFO    ┇    DeepKNLP.gner.trainer ┇ [checking]  78%|███████████████▌    | 14/18 [0:00:48<0:00:13, 0.29Hz]
[02.13 01:12:38] ┇ INFO    ┇    DeepKNLP.gner.trainer ┇ [checking]  94%|██████████████████▉ | 17/18 [0:00:58<0:00:03, 0.29Hz]
[02.13 01:12:44] ┇ INFO    ┇    DeepKNLP.gner.trainer ┇ [checking] 100%|████████████████████| 18/18 [0:01:02<0:00:00, 0.29Hz]
[02.13 01:12:44] ┇ INFO    ┇    DeepKNLP.gner.trainer ┇ [training]  83%|████████████████▋   | 1190/1428 [0:25:25<0:04:36, 0.86Hz] | epoch=10.00, eval_average=0.3913
[02.13 01:12:45] ┇ INFO    ┇    DeepKNLP.gner.trainer ┇ [training]  84%|████████████████▋   | 1195/1428 [0:26:35<0:05:23, 0.72Hz] | epoch=10.04, loss=0.033500
[02.13 01:12:46] ┇ INFO    ┇    DeepKNLP.gner.trainer ┇ [training]  84%|████████████████▊   | 1200/1428 [0:26:37<0:05:16, 0.72Hz] | epoch=10.08, loss=0.034200
[02.13 01:12:47] ┇ INFO    ┇    DeepKNLP.gner.trainer ┇ [training]  84%|████████████████▉   | 1205/1428 [0:26:38<0:05:09, 0.72Hz] | epoch=10.13, loss=0.031200
[02.13 01:12:49] ┇ INFO    ┇    DeepKNLP.gner.trainer ┇ [training]  85%|████████████████▉   | 1210/1428 [0:26:39<0:05:02, 0.72Hz] | epoch=10.17, loss=0.033200
[02.13 01:12:50] ┇ INFO    ┇    DeepKNLP.gner.trainer ┇ [training]  85%|█████████████████   | 1215/1428 [0:26:40<0:04:55, 0.72Hz] | epoch=10.21, loss=0.033500
[02.13 01:12:51] ┇ INFO    ┇    DeepKNLP.gner.trainer ┇ [training]  85%|█████████████████   | 1220/1428 [0:26:41<0:04:48, 0.72Hz] | epoch=10.25, loss=0.034700
[02.13 01:12:52] ┇ INFO    ┇    DeepKNLP.gner.trainer ┇ [training]  86%|█████████████████▏  | 1225/1428 [0:26:42<0:04:41, 0.72Hz] | epoch=10.29, loss=0.036800
[02.13 01:12:53] ┇ INFO    ┇    DeepKNLP.gner.trainer ┇ [training]  86%|█████████████████▏  | 1230/1428 [0:26:44<0:04:34, 0.72Hz] | epoch=10.34, loss=0.033900
[02.13 01:12:54] ┇ INFO    ┇    DeepKNLP.gner.trainer ┇ [training]  86%|█████████████████▎  | 1235/1428 [0:26:45<0:04:27, 0.72Hz] | epoch=10.38, loss=0.032500
[02.13 01:12:56] ┇ INFO    ┇    DeepKNLP.gner.trainer ┇ [training]  87%|█████████████████▎  | 1240/1428 [0:26:46<0:04:20, 0.72Hz] | epoch=10.42, loss=0.034600
[02.13 01:12:57] ┇ INFO    ┇    DeepKNLP.gner.trainer ┇ [training]  87%|█████████████████▍  | 1245/1428 [0:26:47<0:04:13, 0.72Hz] | epoch=10.46, loss=0.033000
[02.13 01:12:58] ┇ INFO    ┇    DeepKNLP.gner.trainer ┇ [training]  88%|█████████████████▌  | 1250/1428 [0:26:48<0:04:06, 0.72Hz] | epoch=10.50, loss=0.033100
[02.13 01:13:02] ┇ INFO    ┇    DeepKNLP.gner.trainer ┇ [checking]   6%|█                   |  1/18 [0:00:00<0:00:00, 91743.40Hz]
[02.13 01:13:13] ┇ INFO    ┇    DeepKNLP.gner.trainer ┇ [checking]  22%|████▍               |  4/18 [0:00:10<0:00:37, 0.37Hz]
[02.13 01:13:26] ┇ INFO    ┇    DeepKNLP.gner.trainer ┇ [checking]  39%|███████▊            |  7/18 [0:00:23<0:00:36, 0.30Hz]
[02.13 01:13:38] ┇ INFO    ┇    DeepKNLP.gner.trainer ┇ [checking]  56%|███████████         | 10/18 [0:00:35<0:00:28, 0.28Hz]
[02.13 01:13:51] ┇ INFO    ┇    DeepKNLP.gner.trainer ┇ [checking]  78%|███████████████▌    | 14/18 [0:00:48<0:00:13, 0.29Hz]
[02.13 01:14:01] ┇ INFO    ┇    DeepKNLP.gner.trainer ┇ [checking]  94%|██████████████████▉ | 17/18 [0:00:59<0:00:03, 0.29Hz]
[02.13 01:14:07] ┇ INFO    ┇    DeepKNLP.gner.trainer ┇ [checking] 100%|████████████████████| 18/18 [0:01:03<0:00:00, 0.29Hz]
[02.13 01:14:07] ┇ INFO    ┇    DeepKNLP.gner.trainer ┇ [training]  88%|█████████████████▌  | 1250/1428 [0:26:48<0:04:06, 0.72Hz] | epoch=10.50, eval_average=0.4809
[02.13 01:14:08] ┇ INFO    ┇    DeepKNLP.gner.trainer ┇ [training]  88%|█████████████████▌  | 1255/1428 [0:27:59<0:03:59, 0.72Hz] | epoch=10.55, loss=0.031200
[02.13 01:14:10] ┇ INFO    ┇    DeepKNLP.gner.trainer ┇ [training]  88%|█████████████████▋  | 1260/1428 [0:28:00<0:03:51, 0.73Hz] | epoch=10.59, loss=0.035400
[02.13 01:14:11] ┇ INFO    ┇    DeepKNLP.gner.trainer ┇ [training]  89%|█████████████████▋  | 1265/1428 [0:28:01<0:03:44, 0.73Hz] | epoch=10.63, loss=0.033200
[02.13 01:14:12] ┇ INFO    ┇    DeepKNLP.gner.trainer ┇ [training]  89%|█████████████████▊  | 1270/1428 [0:28:02<0:03:37, 0.73Hz] | epoch=10.67, loss=0.031600
[02.13 01:14:13] ┇ INFO    ┇    DeepKNLP.gner.trainer ┇ [training]  89%|█████████████████▊  | 1275/1428 [0:28:04<0:03:30, 0.73Hz] | epoch=10.71, loss=0.032500
[02.13 01:14:14] ┇ INFO    ┇    DeepKNLP.gner.trainer ┇ [training]  90%|█████████████████▉  | 1280/1428 [0:28:05<0:03:23, 0.73Hz] | epoch=10.76, loss=0.032800
[02.13 01:14:16] ┇ INFO    ┇    DeepKNLP.gner.trainer ┇ [training]  90%|█████████████████▉  | 1285/1428 [0:28:06<0:03:16, 0.73Hz] | epoch=10.80, loss=0.034500
[02.13 01:14:17] ┇ INFO    ┇    DeepKNLP.gner.trainer ┇ [training]  90%|██████████████████  | 1290/1428 [0:28:07<0:03:10, 0.73Hz] | epoch=10.84, loss=0.033200
[02.13 01:14:18] ┇ INFO    ┇    DeepKNLP.gner.trainer ┇ [training]  91%|██████████████████▏ | 1295/1428 [0:28:08<0:03:03, 0.73Hz] | epoch=10.88, loss=0.032700
[02.13 01:14:19] ┇ INFO    ┇    DeepKNLP.gner.trainer ┇ [training]  91%|██████████████████▏ | 1300/1428 [0:28:09<0:02:56, 0.73Hz] | epoch=10.92, loss=0.031200
[02.13 01:14:20] ┇ INFO    ┇    DeepKNLP.gner.trainer ┇ [training]  91%|██████████████████▎ | 1305/1428 [0:28:11<0:02:49, 0.73Hz] | epoch=10.97, loss=0.031100
[02.13 01:14:26] ┇ INFO    ┇    DeepKNLP.gner.trainer ┇ [checking]   6%|█                   |  1/18 [0:00:00<0:00:00, 86942.66Hz]
[02.13 01:14:36] ┇ INFO    ┇    DeepKNLP.gner.trainer ┇ [checking]  22%|████▍               |  4/18 [0:00:10<0:00:36, 0.38Hz]
[02.13 01:14:49] ┇ INFO    ┇    DeepKNLP.gner.trainer ┇ [checking]  39%|███████▊            |  7/18 [0:00:22<0:00:36, 0.30Hz]
[02.13 01:15:01] ┇ INFO    ┇    DeepKNLP.gner.trainer ┇ [checking]  56%|███████████         | 10/18 [0:00:34<0:00:27, 0.29Hz]
[02.13 01:15:14] ┇ INFO    ┇    DeepKNLP.gner.trainer ┇ [checking]  78%|███████████████▌    | 14/18 [0:00:47<0:00:13, 0.29Hz]
[02.13 01:15:24] ┇ INFO    ┇    DeepKNLP.gner.trainer ┇ [checking]  94%|██████████████████▉ | 17/18 [0:00:58<0:00:03, 0.29Hz]
[02.13 01:15:30] ┇ INFO    ┇    DeepKNLP.gner.trainer ┇ [checking] 100%|████████████████████| 18/18 [0:01:02<0:00:00, 0.29Hz]
[02.13 01:15:30] ┇ INFO    ┇    DeepKNLP.gner.trainer ┇ [training]  92%|██████████████████▎ | 1309/1428 [0:29:20<0:03:11, 0.62Hz] | epoch=11.00, eval_average=0.4766
[02.13 01:15:31] ┇ INFO    ┇    DeepKNLP.gner.trainer ┇ [training]  92%|██████████████████▎ | 1310/1428 [0:29:21<0:03:11, 0.62Hz] | epoch=11.01, loss=0.028600
[02.13 01:15:32] ┇ INFO    ┇    DeepKNLP.gner.trainer ┇ [training]  92%|██████████████████▍ | 1315/1428 [0:29:22<0:02:36, 0.72Hz] | epoch=11.05, loss=0.030400
[02.13 01:15:33] ┇ INFO    ┇    DeepKNLP.gner.trainer ┇ [training]  92%|██████████████████▍ | 1320/1428 [0:29:23<0:02:28, 0.73Hz] | epoch=11.09, loss=0.032900
[02.13 01:15:34] ┇ INFO    ┇    DeepKNLP.gner.trainer ┇ [training]  93%|██████████████████▌ | 1325/1428 [0:29:24<0:02:21, 0.73Hz] | epoch=11.13, loss=0.030400
[02.13 01:15:35] ┇ INFO    ┇    DeepKNLP.gner.trainer ┇ [training]  93%|██████████████████▋ | 1330/1428 [0:29:26<0:02:14, 0.73Hz] | epoch=11.18, loss=0.030700
[02.13 01:15:37] ┇ INFO    ┇    DeepKNLP.gner.trainer ┇ [training]  93%|██████████████████▋ | 1335/1428 [0:29:27<0:02:07, 0.73Hz] | epoch=11.22, loss=0.032100
[02.13 01:15:38] ┇ INFO    ┇    DeepKNLP.gner.trainer ┇ [training]  94%|██████████████████▊ | 1340/1428 [0:29:28<0:02:01, 0.73Hz] | epoch=11.26, loss=0.034700
[02.13 01:15:39] ┇ INFO    ┇    DeepKNLP.gner.trainer ┇ [training]  94%|██████████████████▊ | 1345/1428 [0:29:29<0:01:54, 0.73Hz] | epoch=11.30, loss=0.033300
[02.13 01:15:40] ┇ INFO    ┇    DeepKNLP.gner.trainer ┇ [training]  95%|██████████████████▉ | 1350/1428 [0:29:31<0:01:47, 0.73Hz] | epoch=11.35, loss=0.031400
[02.13 01:15:42] ┇ INFO    ┇    DeepKNLP.gner.trainer ┇ [training]  95%|██████████████████▉ | 1355/1428 [0:29:32<0:01:40, 0.73Hz] | epoch=11.39, loss=0.032500
[02.13 01:15:43] ┇ INFO    ┇    DeepKNLP.gner.trainer ┇ [training]  95%|███████████████████ | 1360/1428 [0:29:33<0:01:33, 0.73Hz] | epoch=11.43, loss=0.028100
[02.13 01:15:44] ┇ INFO    ┇    DeepKNLP.gner.trainer ┇ [training]  96%|███████████████████ | 1365/1428 [0:29:34<0:01:26, 0.73Hz] | epoch=11.47, loss=0.029100
[02.13 01:15:49] ┇ INFO    ┇    DeepKNLP.gner.trainer ┇ [checking]   6%|█                   |  1/18 [0:00:00<0:00:00, 92081.71Hz]
[02.13 01:16:00] ┇ INFO    ┇    DeepKNLP.gner.trainer ┇ [checking]  22%|████▍               |  4/18 [0:00:10<0:00:37, 0.38Hz]
[02.13 01:16:12] ┇ INFO    ┇    DeepKNLP.gner.trainer ┇ [checking]  39%|███████▊            |  7/18 [0:00:23<0:00:36, 0.30Hz]
[02.13 01:16:24] ┇ INFO    ┇    DeepKNLP.gner.trainer ┇ [checking]  56%|███████████         | 10/18 [0:00:35<0:00:28, 0.29Hz]
[02.13 01:16:37] ┇ INFO    ┇    DeepKNLP.gner.trainer ┇ [checking]  78%|███████████████▌    | 14/18 [0:00:47<0:00:13, 0.29Hz]
[02.13 01:16:47] ┇ INFO    ┇    DeepKNLP.gner.trainer ┇ [checking]  94%|██████████████████▉ | 17/18 [0:00:58<0:00:03, 0.29Hz]
[02.13 01:16:53] ┇ INFO    ┇    DeepKNLP.gner.trainer ┇ [checking] 100%|████████████████████| 18/18 [0:01:02<0:00:00, 0.29Hz]
[02.13 01:16:53] ┇ INFO    ┇    DeepKNLP.gner.trainer ┇ [training]  96%|███████████████████▏| 1368/1428 [0:30:44<0:01:36, 0.62Hz] | epoch=11.50, eval_average=0.4954
[02.13 01:16:54] ┇ INFO    ┇    DeepKNLP.gner.trainer ┇ [training]  96%|███████████████████▏| 1370/1428 [0:30:44<0:01:34, 0.62Hz] | epoch=11.51, loss=0.030500
[02.13 01:16:55] ┇ INFO    ┇    DeepKNLP.gner.trainer ┇ [training]  96%|███████████████████▎| 1375/1428 [0:30:45<0:01:13, 0.73Hz] | epoch=11.55, loss=0.028300
[02.13 01:16:56] ┇ INFO    ┇    DeepKNLP.gner.trainer ┇ [training]  97%|███████████████████▎| 1380/1428 [0:30:47<0:01:06, 0.73Hz] | epoch=11.60, loss=0.027900
[02.13 01:16:58] ┇ INFO    ┇    DeepKNLP.gner.trainer ┇ [training]  97%|███████████████████▍| 1385/1428 [0:30:48<0:00:59, 0.73Hz] | epoch=11.64, loss=0.029200
[02.13 01:16:59] ┇ INFO    ┇    DeepKNLP.gner.trainer ┇ [training]  97%|███████████████████▍| 1390/1428 [0:30:49<0:00:52, 0.73Hz] | epoch=11.68, loss=0.028100
[02.13 01:17:00] ┇ INFO    ┇    DeepKNLP.gner.trainer ┇ [training]  98%|███████████████████▌| 1395/1428 [0:30:50<0:00:45, 0.73Hz] | epoch=11.72, loss=0.031800
[02.13 01:17:01] ┇ INFO    ┇    DeepKNLP.gner.trainer ┇ [training]  98%|███████████████████▌| 1400/1428 [0:30:51<0:00:38, 0.73Hz] | epoch=11.77, loss=0.029300
[02.13 01:17:02] ┇ INFO    ┇    DeepKNLP.gner.trainer ┇ [training]  98%|███████████████████▋| 1405/1428 [0:30:53<0:00:31, 0.73Hz] | epoch=11.81, loss=0.029100
[02.13 01:17:03] ┇ INFO    ┇    DeepKNLP.gner.trainer ┇ [training]  99%|███████████████████▋| 1410/1428 [0:30:54<0:00:24, 0.73Hz] | epoch=11.85, loss=0.029300
[02.13 01:17:05] ┇ INFO    ┇    DeepKNLP.gner.trainer ┇ [training]  99%|███████████████████▊| 1415/1428 [0:30:55<0:00:17, 0.73Hz] | epoch=11.89, loss=0.029700
[02.13 01:17:06] ┇ INFO    ┇    DeepKNLP.gner.trainer ┇ [training]  99%|███████████████████▉| 1420/1428 [0:30:56<0:00:11, 0.73Hz] | epoch=11.93, loss=0.026800
[02.13 01:17:07] ┇ INFO    ┇    DeepKNLP.gner.trainer ┇ [training] 100%|███████████████████▉| 1425/1428 [0:30:57<0:00:04, 0.73Hz] | epoch=11.97, loss=0.029900
[02.13 01:17:12] ┇ INFO    ┇    DeepKNLP.gner.trainer ┇ [checking]   6%|█                   |  1/18 [0:00:00<0:00:00, 82967.28Hz]
[02.13 01:17:23] ┇ INFO    ┇    DeepKNLP.gner.trainer ┇ [checking]  22%|████▍               |  4/18 [0:00:10<0:00:37, 0.37Hz]
[02.13 01:17:35] ┇ INFO    ┇    DeepKNLP.gner.trainer ┇ [checking]  39%|███████▊            |  7/18 [0:00:23<0:00:36, 0.30Hz]
[02.13 01:17:47] ┇ INFO    ┇    DeepKNLP.gner.trainer ┇ [checking]  56%|███████████         | 10/18 [0:00:35<0:00:28, 0.28Hz]
[02.13 01:18:01] ┇ INFO    ┇    DeepKNLP.gner.trainer ┇ [checking]  78%|███████████████▌    | 14/18 [0:00:48<0:00:13, 0.29Hz]
[02.13 01:18:12] ┇ INFO    ┇    DeepKNLP.gner.trainer ┇ [checking]  94%|██████████████████▉ | 17/18 [0:00:59<0:00:03, 0.29Hz]
[02.13 01:18:17] ┇ INFO    ┇    DeepKNLP.gner.trainer ┇ [checking] 100%|████████████████████| 18/18 [0:01:03<0:00:00, 0.28Hz]
[02.13 01:18:17] ┇ INFO    ┇    DeepKNLP.gner.trainer ┇ [training] 100%|████████████████████| 1428/1428 [0:32:08<0:00:00, 0.62Hz] | epoch=12.00, eval_average=0.5176
[02.13 01:18:18] ┇ INFO    ┇    DeepKNLP.gner.trainer ┇ [training] 100%|████████████████████| 1428/1428 [0:32:08<0:00:00, 0.62Hz] | epoch=12.00, train_loss=0.0979, total_pflos=15.487
[02.13 01:18:18] ┇ INFO    ┇    DeepKNLP.gner.trainer ┇ -----------------------------------------------------------------------------------------------------------------------------------------
[02.13 01:18:18] ┇ INFO    ┇                 DeepKNLP ┇ Train output metrics: {'train_runtime': 1928.1679, 'train_samples_per_second': 23.537, 'train_steps_per_second': 0.741, 'total_flos': 1.5487210551771136e+16, 'train_loss': 0.09793184852065827, 'epoch': 12.0}
[02.13 01:18:18] ┇ INFO    ┇           chrisbase.data ┇ =========================================================================================================================================
[02.13 01:18:18] ┇ INFO    ┇           chrisbase.data ┇ [EXIT] python task2-nerG-trainer.py --local_rank=0 --trainer_deepspeed configs/deepspeed/ds2_t5.json --run_version FlanT5-Base-WQ=4,3 --pretrained google/flan-t5-base --eval_epochs 0.5 --logging_steps 5 --num_train_epochs 12 --per_device_eval_batch_size 50 --per_device_train_batch_size 8 --gradient_accumulation_steps 1 --generation_max_length 640 --eval_file data/gner/each-sampled-WQ=4,3/crossner_literature-dev=100-WQ=4,3.jsonl --train_file data/gner/each-WQ=4,3/crossner_literature-train-WQ=4,3.jsonl --output_file train-metrics-crossner_literature-12ep.csv --logging_file train-loggings-crossner_literature-12ep.out --no_use_flash_attention --no_debugging ($=00:32:19.245)
[02.13 01:18:18] ┇ INFO    ┇           chrisbase.data ┇ =========================================================================================================================================
[02.13 01:18:19] ┇ INFO    ┇ torch._inductor.remote_cache ┇ Cache Metrics: None

[02.13 01:18:19] ┇ INFO    ┇ torch._dynamo.eval_frame ┇ TorchDynamo attempted to trace the following frames: [

]
[02.13 01:18:19] ┇ INFO    ┇      torch._dynamo.utils ┇ TorchDynamo compilation metrics:
Function    Runtimes (s)
----------  --------------
[02.13 01:18:19] ┇ INFO    ┇ torch._subclasses.fake_tensor ┇ FakeTensor cache stats:
[02.13 01:18:19] ┇ INFO    ┇ torch._subclasses.fake_tensor ┇   cache_hits: 0
[02.13 01:18:19] ┇ INFO    ┇ torch._subclasses.fake_tensor ┇   cache_misses: 0
[02.13 01:18:19] ┇ INFO    ┇ torch._inductor.remote_cache ┇ Cache Metrics: None

[02.13 01:18:19] ┇ INFO    ┇ torch._dynamo.eval_frame ┇ TorchDynamo attempted to trace the following frames: [

]
[02.13 01:18:19] ┇ INFO    ┇      torch._dynamo.utils ┇ TorchDynamo compilation metrics:
Function    Runtimes (s)
----------  --------------
[02.13 01:18:19] ┇ INFO    ┇ torch._subclasses.fake_tensor ┇ FakeTensor cache stats:
[02.13 01:18:19] ┇ INFO    ┇ torch._subclasses.fake_tensor ┇   cache_hits: 0
[02.13 01:18:19] ┇ INFO    ┇ torch._subclasses.fake_tensor ┇   cache_misses: 0
[02.13 01:18:19] ┇ INFO    ┇ torch._inductor.remote_cache ┇ Cache Metrics: None

[02.13 01:18:19] ┇ INFO    ┇ torch._dynamo.eval_frame ┇ TorchDynamo attempted to trace the following frames: [

]
[02.13 01:18:19] ┇ INFO    ┇      torch._dynamo.utils ┇ TorchDynamo compilation metrics:
Function    Runtimes (s)
----------  --------------
[02.13 01:18:19] ┇ INFO    ┇ torch._subclasses.fake_tensor ┇ FakeTensor cache stats:
[02.13 01:18:19] ┇ INFO    ┇ torch._subclasses.fake_tensor ┇   cache_hits: 0
[02.13 01:18:19] ┇ INFO    ┇ torch._subclasses.fake_tensor ┇   cache_misses: 0
[02.13 01:18:19] ┇ INFO    ┇ torch._inductor.remote_cache ┇ Cache Metrics: None

[02.13 01:18:19] ┇ INFO    ┇ torch._dynamo.eval_frame ┇ TorchDynamo attempted to trace the following frames: [

]
[02.13 01:18:19] ┇ INFO    ┇      torch._dynamo.utils ┇ TorchDynamo compilation metrics:
Function    Runtimes (s)
----------  --------------
[02.13 01:18:19] ┇ INFO    ┇ torch._subclasses.fake_tensor ┇ FakeTensor cache stats:
[02.13 01:18:19] ┇ INFO    ┇ torch._subclasses.fake_tensor ┇   cache_hits: 0
[02.13 01:18:19] ┇ INFO    ┇ torch._subclasses.fake_tensor ┇   cache_misses: 0
