[02.12 22:50:10] ┇ INFO    ┇           chrisbase.data ┇ =========================================================================================================================================
[02.12 22:50:10] ┇ INFO    ┇           chrisbase.data ┇ [INIT] python task2-nerG-trainer.py --local_rank=0 --trainer_deepspeed configs/deepspeed/ds2_t5.json --run_version FlanT5-Base-WQ=1 --pretrained google/flan-t5-base --eval_epochs 0.5 --logging_steps 5 --num_train_epochs 12 --per_device_eval_batch_size 50 --per_device_train_batch_size 8 --gradient_accumulation_steps 1 --generation_max_length 640 --eval_file data/gner/each-sampled-WQ=1/crossner_literature-dev=100-WQ=1.jsonl --train_file data/gner/each-WQ=1/crossner_literature-train-WQ=1.jsonl --output_file train-metrics-crossner_literature-12ep.csv --logging_file train-loggings-crossner_literature-12ep.out --no_use_flash_attention --no_debugging
[02.12 22:50:10] ┇ INFO    ┇           chrisbase.data ┇ =========================================================================================================================================
[02.12 22:50:11] ┇ INFO    ┇           chrisbase.data ┇ -----------------------------------------------------------------------------------------------------------------------------------------
[02.12 22:50:11] ┇ INFO    ┇           chrisbase.data ┇   #	TrainingArgumentsForAccelerator              	value
[02.12 22:50:11] ┇ INFO    ┇           chrisbase.data ┇ -----------------------------------------------------------------------------------------------------------------------------------------
[02.12 22:50:11] ┇ INFO    ┇           chrisbase.data ┇   1	env.hostname                                 	ptlm3
[02.12 22:50:11] ┇ INFO    ┇           chrisbase.data ┇   2	env.hostaddr                                 	129.254.121.74
[02.12 22:50:11] ┇ INFO    ┇           chrisbase.data ┇   3	env.global_rank                              	-1
[02.12 22:50:11] ┇ INFO    ┇           chrisbase.data ┇   4	env.local_rank                               	0
[02.12 22:50:11] ┇ INFO    ┇           chrisbase.data ┇   5	env.node_rank                                	-1
[02.12 22:50:11] ┇ INFO    ┇           chrisbase.data ┇   6	env.world_size                               	4
[02.12 22:50:11] ┇ INFO    ┇           chrisbase.data ┇   7	env.time_stamp                               	0212-225007
[02.12 22:50:11] ┇ INFO    ┇           chrisbase.data ┇   8	env.python_path                              	/home/chrisjihee/miniforge3/envs/DeepKNLP/bin/python
[02.12 22:50:11] ┇ INFO    ┇           chrisbase.data ┇   9	env.current_dir                              	/home/chrisjihee/proj/DeepKNLP
[02.12 22:50:11] ┇ INFO    ┇           chrisbase.data ┇  10	env.current_file                             	task2-nerG-trainer.py
[02.12 22:50:11] ┇ INFO    ┇           chrisbase.data ┇  11	env.command_args                             	['--local_rank=0', '--trainer_deepspeed', 'configs/deepspeed/ds2_t5.json', '--run_version', 'FlanT5-Base-WQ=1', '--pretrained', 'google/flan-t5-base', '--eval_epochs', '0.5', '--logging_steps', '5', '--num_train_epochs', '12', '--per_device_eval_batch_size', '50', '--per_device_train_batch_size', '8', '--gradient_accumulation_steps', '1', '--generation_max_length', '640', '--eval_file', 'data/gner/each-sampled-WQ=1/crossner_literature-dev=100-WQ=1.jsonl', '--train_file', 'data/gner/each-WQ=1/crossner_literature-train-WQ=1.jsonl', '--output_file', 'train-metrics-crossner_literature-12ep.csv', '--logging_file', 'train-loggings-crossner_literature-12ep.out', '--no_use_flash_attention', '--no_debugging']
[02.12 22:50:11] ┇ INFO    ┇           chrisbase.data ┇  12	env.output_home                              	output
[02.12 22:50:11] ┇ INFO    ┇           chrisbase.data ┇  13	env.output_name                              	GNER
[02.12 22:50:11] ┇ INFO    ┇           chrisbase.data ┇  14	env.run_version                              	FlanT5-Base-WQ=1
[02.12 22:50:11] ┇ INFO    ┇           chrisbase.data ┇  15	env.output_file                              	train-metrics-crossner_literature-12ep-0212-225007.csv
[02.12 22:50:11] ┇ INFO    ┇           chrisbase.data ┇  16	env.logging_file                             	train-loggings-crossner_literature-12ep-0212-225007.out
[02.12 22:50:11] ┇ INFO    ┇           chrisbase.data ┇  17	env.logging_level                            	30
[02.12 22:50:11] ┇ INFO    ┇           chrisbase.data ┇  18	env.logging_format                           	%(asctime)s ┇ %(levelname)-7s ┇ %(name)24s ┇ %(message)s
[02.12 22:50:11] ┇ INFO    ┇           chrisbase.data ┇  19	env.datetime_format                          	[%m.%d %H:%M:%S]
[02.12 22:50:11] ┇ INFO    ┇           chrisbase.data ┇  20	env.argument_file                            	train-arguments-0212-225007.json
[02.12 22:50:11] ┇ INFO    ┇           chrisbase.data ┇  21	env.random_seed                              	7
[02.12 22:50:11] ┇ INFO    ┇           chrisbase.data ┇  22	env.max_workers                              	4
[02.12 22:50:11] ┇ INFO    ┇           chrisbase.data ┇  23	env.debugging                                	False
[02.12 22:50:11] ┇ INFO    ┇           chrisbase.data ┇  24	env.output_dir                               	output/GNER/FlanT5-Base-WQ=1
[02.12 22:50:11] ┇ INFO    ┇           chrisbase.data ┇  25	time.t1                                      	2025-02-12 22:50:11.072548
[02.12 22:50:11] ┇ INFO    ┇           chrisbase.data ┇  26	time.t2                                      	2025-02-12 22:50:04.783456
[02.12 22:50:11] ┇ INFO    ┇           chrisbase.data ┇  27	time.started                                 	[02.12 22:50:11]
[02.12 22:50:11] ┇ INFO    ┇           chrisbase.data ┇  28	time.settled
[02.12 22:50:11] ┇ INFO    ┇           chrisbase.data ┇  29	time.elapsed
[02.12 22:50:11] ┇ INFO    ┇           chrisbase.data ┇  30	data.train_file                              	data/gner/each-WQ=1/crossner_literature-train-WQ=1.jsonl
[02.12 22:50:11] ┇ INFO    ┇           chrisbase.data ┇  31	data.study_file
[02.12 22:50:11] ┇ INFO    ┇           chrisbase.data ┇  32	data.eval_file                               	data/gner/each-sampled-WQ=1/crossner_literature-dev=100-WQ=1.jsonl
[02.12 22:50:11] ┇ INFO    ┇           chrisbase.data ┇  33	data.pred_file
[02.12 22:50:11] ┇ INFO    ┇           chrisbase.data ┇  34	data.pretrained                              	google/flan-t5-base
[02.12 22:50:11] ┇ INFO    ┇           chrisbase.data ┇  35	data.max_train_samples                       	-1
[02.12 22:50:11] ┇ INFO    ┇           chrisbase.data ┇  36	data.max_study_samples                       	-1
[02.12 22:50:11] ┇ INFO    ┇           chrisbase.data ┇  37	data.max_eval_samples                        	-1
[02.12 22:50:11] ┇ INFO    ┇           chrisbase.data ┇  38	data.max_pred_samples                        	-1
[02.12 22:50:11] ┇ INFO    ┇           chrisbase.data ┇  39	data.use_cache_data                          	False
[02.12 22:50:11] ┇ INFO    ┇           chrisbase.data ┇  40	data.progress_seconds                        	10.0
[02.12 22:50:11] ┇ INFO    ┇           chrisbase.data ┇  41	data.max_source_length                       	640
[02.12 22:50:11] ┇ INFO    ┇           chrisbase.data ┇  42	data.max_target_length                       	640
[02.12 22:50:11] ┇ INFO    ┇           chrisbase.data ┇  43	data.write_predictions                       	False
[02.12 22:50:11] ┇ INFO    ┇           chrisbase.data ┇  44	data.ignore_pad_token_for_loss               	True
[02.12 22:50:11] ┇ INFO    ┇           chrisbase.data ┇  45	train._n_gpu                                 	1
[02.12 22:50:11] ┇ INFO    ┇           chrisbase.data ┇  46	train.accelerator_config                     	{'split_batches': False, 'dispatch_batches': None, 'even_batches': True, 'use_seedable_sampler': True, 'non_blocking': False, 'gradient_accumulation_kwargs': None, 'use_configured_state': False}
[02.12 22:50:11] ┇ INFO    ┇           chrisbase.data ┇  47	train.adafactor                              	False
[02.12 22:50:11] ┇ INFO    ┇           chrisbase.data ┇  48	train.adam_beta1                             	0.9
[02.12 22:50:11] ┇ INFO    ┇           chrisbase.data ┇  49	train.adam_beta2                             	0.999
[02.12 22:50:11] ┇ INFO    ┇           chrisbase.data ┇  50	train.adam_epsilon                           	1e-08
[02.12 22:50:11] ┇ INFO    ┇           chrisbase.data ┇  51	train.auto_find_batch_size                   	False
[02.12 22:50:11] ┇ INFO    ┇           chrisbase.data ┇  52	train.average_tokens_across_devices          	False
[02.12 22:50:11] ┇ INFO    ┇           chrisbase.data ┇  53	train.batch_eval_metrics                     	False
[02.12 22:50:11] ┇ INFO    ┇           chrisbase.data ┇  54	train.bf16                                   	True
[02.12 22:50:11] ┇ INFO    ┇           chrisbase.data ┇  55	train.bf16_full_eval                         	True
[02.12 22:50:11] ┇ INFO    ┇           chrisbase.data ┇  56	train.data_seed
[02.12 22:50:11] ┇ INFO    ┇           chrisbase.data ┇  57	train.dataloader_drop_last                   	False
[02.12 22:50:11] ┇ INFO    ┇           chrisbase.data ┇  58	train.dataloader_num_workers                 	0
[02.12 22:50:11] ┇ INFO    ┇           chrisbase.data ┇  59	train.dataloader_persistent_workers          	False
[02.12 22:50:11] ┇ INFO    ┇           chrisbase.data ┇  60	train.dataloader_pin_memory                  	True
[02.12 22:50:11] ┇ INFO    ┇           chrisbase.data ┇  61	train.dataloader_prefetch_factor
[02.12 22:50:11] ┇ INFO    ┇           chrisbase.data ┇  62	train.ddp_backend
[02.12 22:50:11] ┇ INFO    ┇           chrisbase.data ┇  63	train.ddp_broadcast_buffers
[02.12 22:50:11] ┇ INFO    ┇           chrisbase.data ┇  64	train.ddp_bucket_cap_mb
[02.12 22:50:11] ┇ INFO    ┇           chrisbase.data ┇  65	train.ddp_find_unused_parameters
[02.12 22:50:11] ┇ INFO    ┇           chrisbase.data ┇  66	train.ddp_timeout                            	1800
[02.12 22:50:11] ┇ INFO    ┇           chrisbase.data ┇  67	train.debug                                  	[]
[02.12 22:50:11] ┇ INFO    ┇           chrisbase.data ┇  68	train.deepspeed                              	configs/deepspeed/ds2_t5.json
[02.12 22:50:11] ┇ INFO    ┇           chrisbase.data ┇  69	train.disable_tqdm                           	True
[02.12 22:50:11] ┇ INFO    ┇           chrisbase.data ┇  70	train.dispatch_batches
[02.12 22:50:11] ┇ INFO    ┇           chrisbase.data ┇  71	train.do_eval                                	True
[02.12 22:50:11] ┇ INFO    ┇           chrisbase.data ┇  72	train.do_predict                             	False
[02.12 22:50:11] ┇ INFO    ┇           chrisbase.data ┇  73	train.do_train                               	True
[02.12 22:50:11] ┇ INFO    ┇           chrisbase.data ┇  74	train.eval_accumulation_steps                	1
[02.12 22:50:11] ┇ INFO    ┇           chrisbase.data ┇  75	train.eval_delay                             	0.0
[02.12 22:50:11] ┇ INFO    ┇           chrisbase.data ┇  76	train.eval_do_concat_batches                 	True
[02.12 22:50:11] ┇ INFO    ┇           chrisbase.data ┇  77	train.eval_epochs                            	0.5
[02.12 22:50:11] ┇ INFO    ┇           chrisbase.data ┇  78	train.eval_on_start                          	False
[02.12 22:50:11] ┇ INFO    ┇           chrisbase.data ┇  79	train.eval_steps                             	9223372036854775807
[02.12 22:50:11] ┇ INFO    ┇           chrisbase.data ┇  80	train.eval_strategy                          	IntervalStrategy.NO
[02.12 22:50:11] ┇ INFO    ┇           chrisbase.data ┇  81	train.eval_use_gather_object                 	False
[02.12 22:50:11] ┇ INFO    ┇           chrisbase.data ┇  82	train.evaluation_strategy
[02.12 22:50:11] ┇ INFO    ┇           chrisbase.data ┇  83	train.fp16                                   	False
[02.12 22:50:11] ┇ INFO    ┇           chrisbase.data ┇  84	train.fp16_backend                           	auto
[02.12 22:50:11] ┇ INFO    ┇           chrisbase.data ┇  85	train.fp16_full_eval                         	False
[02.12 22:50:11] ┇ INFO    ┇           chrisbase.data ┇  86	train.fp16_opt_level                         	O1
[02.12 22:50:11] ┇ INFO    ┇           chrisbase.data ┇  87	train.fsdp                                   	[]
[02.12 22:50:11] ┇ INFO    ┇           chrisbase.data ┇  88	train.fsdp_config                            	{'min_num_params': 0, 'xla': False, 'xla_fsdp_v2': False, 'xla_fsdp_grad_ckpt': False}
[02.12 22:50:11] ┇ INFO    ┇           chrisbase.data ┇  89	train.fsdp_min_num_params                    	0
[02.12 22:50:11] ┇ INFO    ┇           chrisbase.data ┇  90	train.fsdp_transformer_layer_cls_to_wrap
[02.12 22:50:11] ┇ INFO    ┇           chrisbase.data ┇  91	train.full_determinism                       	False
[02.12 22:50:11] ┇ INFO    ┇           chrisbase.data ┇  92	train.generation_config
[02.12 22:50:11] ┇ INFO    ┇           chrisbase.data ┇  93	train.generation_max_length                  	640
[02.12 22:50:11] ┇ INFO    ┇           chrisbase.data ┇  94	train.generation_num_beams
[02.12 22:50:11] ┇ INFO    ┇           chrisbase.data ┇  95	train.gradient_accumulation_steps            	1
[02.12 22:50:11] ┇ INFO    ┇           chrisbase.data ┇  96	train.gradient_checkpointing                 	True
[02.12 22:50:11] ┇ INFO    ┇           chrisbase.data ┇  97	train.gradient_checkpointing_kwargs
[02.12 22:50:11] ┇ INFO    ┇           chrisbase.data ┇  98	train.greater_is_better
[02.12 22:50:11] ┇ INFO    ┇           chrisbase.data ┇  99	train.group_by_length                        	False
[02.12 22:50:11] ┇ INFO    ┇           chrisbase.data ┇ 100	train.half_precision_backend                 	auto
[02.12 22:50:11] ┇ INFO    ┇           chrisbase.data ┇ 101	train.hub_always_push                        	False
[02.12 22:50:11] ┇ INFO    ┇           chrisbase.data ┇ 102	train.hub_model_id
[02.12 22:50:11] ┇ INFO    ┇           chrisbase.data ┇ 103	train.hub_private_repo
[02.12 22:50:11] ┇ INFO    ┇           chrisbase.data ┇ 104	train.hub_strategy                           	HubStrategy.EVERY_SAVE
[02.12 22:50:11] ┇ INFO    ┇           chrisbase.data ┇ 105	train.hub_token
[02.12 22:50:11] ┇ INFO    ┇           chrisbase.data ┇ 106	train.ignore_data_skip                       	False
[02.12 22:50:11] ┇ INFO    ┇           chrisbase.data ┇ 107	train.include_for_metrics                    	[]
[02.12 22:50:11] ┇ INFO    ┇           chrisbase.data ┇ 108	train.include_inputs_for_metrics             	False
[02.12 22:50:11] ┇ INFO    ┇           chrisbase.data ┇ 109	train.include_num_input_tokens_seen          	False
[02.12 22:50:11] ┇ INFO    ┇           chrisbase.data ┇ 110	train.include_tokens_per_second              	False
[02.12 22:50:11] ┇ INFO    ┇           chrisbase.data ┇ 111	train.jit_mode_eval                          	False
[02.12 22:50:11] ┇ INFO    ┇           chrisbase.data ┇ 112	train.label_names
[02.12 22:50:11] ┇ INFO    ┇           chrisbase.data ┇ 113	train.label_smoothing_factor                 	0.0
[02.12 22:50:11] ┇ INFO    ┇           chrisbase.data ┇ 114	train.learning_rate                          	2e-05
[02.12 22:50:11] ┇ INFO    ┇           chrisbase.data ┇ 115	train.length_column_name                     	length
[02.12 22:50:11] ┇ INFO    ┇           chrisbase.data ┇ 116	train.load_best_model_at_end                 	False
[02.12 22:50:11] ┇ INFO    ┇           chrisbase.data ┇ 117	train.local_rank                             	0
[02.12 22:50:11] ┇ INFO    ┇           chrisbase.data ┇ 118	train.log_level                              	warning
[02.12 22:50:11] ┇ INFO    ┇           chrisbase.data ┇ 119	train.log_level_replica                      	error
[02.12 22:50:11] ┇ INFO    ┇           chrisbase.data ┇ 120	train.log_on_each_node                       	True
[02.12 22:50:11] ┇ INFO    ┇           chrisbase.data ┇ 121	train.logging_dir                            	output/GNER/FlanT5-Base-WQ=1/runs/Feb12_22-50-09_ptlm3
[02.12 22:50:11] ┇ INFO    ┇           chrisbase.data ┇ 122	train.logging_epochs                         	-1.0
[02.12 22:50:11] ┇ INFO    ┇           chrisbase.data ┇ 123	train.logging_first_step                     	False
[02.12 22:50:11] ┇ INFO    ┇           chrisbase.data ┇ 124	train.logging_nan_inf_filter                 	True
[02.12 22:50:11] ┇ INFO    ┇           chrisbase.data ┇ 125	train.logging_steps                          	5
[02.12 22:50:11] ┇ INFO    ┇           chrisbase.data ┇ 126	train.logging_strategy                       	IntervalStrategy.STEPS
[02.12 22:50:11] ┇ INFO    ┇           chrisbase.data ┇ 127	train.lr_scheduler_kwargs                    	{}
[02.12 22:50:11] ┇ INFO    ┇           chrisbase.data ┇ 128	train.lr_scheduler_type                      	SchedulerType.COSINE
[02.12 22:50:11] ┇ INFO    ┇           chrisbase.data ┇ 129	train.max_grad_norm                          	1.0
[02.12 22:50:11] ┇ INFO    ┇           chrisbase.data ┇ 130	train.max_steps                              	-1
[02.12 22:50:11] ┇ INFO    ┇           chrisbase.data ┇ 131	train.metric_for_best_model
[02.12 22:50:11] ┇ INFO    ┇           chrisbase.data ┇ 132	train.mp_parameters
[02.12 22:50:11] ┇ INFO    ┇           chrisbase.data ┇ 133	train.neftune_noise_alpha
[02.12 22:50:11] ┇ INFO    ┇           chrisbase.data ┇ 134	train.no_cuda                                	False
[02.12 22:50:11] ┇ INFO    ┇           chrisbase.data ┇ 135	train.num_train_epochs                       	12.0
[02.12 22:50:11] ┇ INFO    ┇           chrisbase.data ┇ 136	train.optim                                  	OptimizerNames.ADAMW_TORCH
[02.12 22:50:11] ┇ INFO    ┇           chrisbase.data ┇ 137	train.optim_args
[02.12 22:50:11] ┇ INFO    ┇           chrisbase.data ┇ 138	train.optim_target_modules
[02.12 22:50:11] ┇ INFO    ┇           chrisbase.data ┇ 139	train.output_dir                             	output/GNER/FlanT5-Base-WQ=1
[02.12 22:50:11] ┇ INFO    ┇           chrisbase.data ┇ 140	train.overwrite_output_dir                   	True
[02.12 22:50:11] ┇ INFO    ┇           chrisbase.data ┇ 141	train.past_index                             	-1
[02.12 22:50:11] ┇ INFO    ┇           chrisbase.data ┇ 142	train.per_device_eval_batch_size             	50
[02.12 22:50:11] ┇ INFO    ┇           chrisbase.data ┇ 143	train.per_device_train_batch_size            	8
[02.12 22:50:11] ┇ INFO    ┇           chrisbase.data ┇ 144	train.per_gpu_eval_batch_size
[02.12 22:50:11] ┇ INFO    ┇           chrisbase.data ┇ 145	train.per_gpu_train_batch_size
[02.12 22:50:11] ┇ INFO    ┇           chrisbase.data ┇ 146	train.predict_with_generate                  	True
[02.12 22:50:11] ┇ INFO    ┇           chrisbase.data ┇ 147	train.prediction_loss_only                   	False
[02.12 22:50:11] ┇ INFO    ┇           chrisbase.data ┇ 148	train.push_to_hub                            	False
[02.12 22:50:11] ┇ INFO    ┇           chrisbase.data ┇ 149	train.push_to_hub_model_id
[02.12 22:50:11] ┇ INFO    ┇           chrisbase.data ┇ 150	train.push_to_hub_organization
[02.12 22:50:11] ┇ INFO    ┇           chrisbase.data ┇ 151	train.push_to_hub_token
[02.12 22:50:11] ┇ INFO    ┇           chrisbase.data ┇ 152	train.ray_scope                              	last
[02.12 22:50:11] ┇ INFO    ┇           chrisbase.data ┇ 153	train.remove_unused_columns                  	False
[02.12 22:50:11] ┇ INFO    ┇           chrisbase.data ┇ 154	train.report_to                              	[]
[02.12 22:50:11] ┇ INFO    ┇           chrisbase.data ┇ 155	train.restore_callback_states_from_checkpoint	False
[02.12 22:50:11] ┇ INFO    ┇           chrisbase.data ┇ 156	train.resume_from_checkpoint
[02.12 22:50:11] ┇ INFO    ┇           chrisbase.data ┇ 157	train.run_name                               	output/GNER/FlanT5-Base-WQ=1
[02.12 22:50:11] ┇ INFO    ┇           chrisbase.data ┇ 158	train.save_epochs                            	-1.0
[02.12 22:50:11] ┇ INFO    ┇           chrisbase.data ┇ 159	train.save_on_each_node                      	False
[02.12 22:50:11] ┇ INFO    ┇           chrisbase.data ┇ 160	train.save_only_model                        	False
[02.12 22:50:11] ┇ INFO    ┇           chrisbase.data ┇ 161	train.save_safetensors                       	True
[02.12 22:50:11] ┇ INFO    ┇           chrisbase.data ┇ 162	train.save_steps                             	9223372036854775807
[02.12 22:50:11] ┇ INFO    ┇           chrisbase.data ┇ 163	train.save_strategy                          	SaveStrategy.NO
[02.12 22:50:11] ┇ INFO    ┇           chrisbase.data ┇ 164	train.save_total_limit
[02.12 22:50:11] ┇ INFO    ┇           chrisbase.data ┇ 165	train.seed                                   	7
[02.12 22:50:11] ┇ INFO    ┇           chrisbase.data ┇ 166	train.skip_memory_metrics                    	True
[02.12 22:50:11] ┇ INFO    ┇           chrisbase.data ┇ 167	train.sortish_sampler                        	False
[02.12 22:50:11] ┇ INFO    ┇           chrisbase.data ┇ 168	train.split_batches
[02.12 22:50:11] ┇ INFO    ┇           chrisbase.data ┇ 169	train.tf32                                   	True
[02.12 22:50:11] ┇ INFO    ┇           chrisbase.data ┇ 170	train.torch_compile                          	False
[02.12 22:50:11] ┇ INFO    ┇           chrisbase.data ┇ 171	train.torch_compile_backend
[02.12 22:50:11] ┇ INFO    ┇           chrisbase.data ┇ 172	train.torch_compile_mode
[02.12 22:50:11] ┇ INFO    ┇           chrisbase.data ┇ 173	train.torch_empty_cache_steps
[02.12 22:50:11] ┇ INFO    ┇           chrisbase.data ┇ 174	train.torchdynamo
[02.12 22:50:11] ┇ INFO    ┇           chrisbase.data ┇ 175	train.tpu_metrics_debug                      	False
[02.12 22:50:11] ┇ INFO    ┇           chrisbase.data ┇ 176	train.tpu_num_cores
[02.12 22:50:11] ┇ INFO    ┇           chrisbase.data ┇ 177	train.use_cpu                                	False
[02.12 22:50:11] ┇ INFO    ┇           chrisbase.data ┇ 178	train.use_flash_attention                    	False
[02.12 22:50:11] ┇ INFO    ┇           chrisbase.data ┇ 179	train.use_ipex                               	False
[02.12 22:50:11] ┇ INFO    ┇           chrisbase.data ┇ 180	train.use_legacy_prediction_loop             	False
[02.12 22:50:11] ┇ INFO    ┇           chrisbase.data ┇ 181	train.use_liger_kernel                       	False
[02.12 22:50:11] ┇ INFO    ┇           chrisbase.data ┇ 182	train.use_mps_device                         	False
[02.12 22:50:11] ┇ INFO    ┇           chrisbase.data ┇ 183	train.warmup_ratio                           	0.04
[02.12 22:50:11] ┇ INFO    ┇           chrisbase.data ┇ 184	train.warmup_steps                           	0
[02.12 22:50:11] ┇ INFO    ┇           chrisbase.data ┇ 185	train.weight_decay                           	0.0
[02.12 22:50:11] ┇ INFO    ┇           chrisbase.data ┇ -----------------------------------------------------------------------------------------------------------------------------------------
[02.12 22:50:12] ┇ INFO    ┇                 DeepKNLP ┇ model type: <class 'transformers.models.t5.modeling_t5.T5ForConditionalGeneration'>
[02.12 22:50:12] ┇ INFO    ┇                 DeepKNLP ┇ model pad_token_id: 0
[02.12 22:50:13] ┇ INFO    ┇                 DeepKNLP ┇ Loaded raw train_dataset (#=3782): data/gner/each-WQ=1/crossner_literature-train-WQ=1.jsonl
[02.12 22:50:13] ┇ INFO    ┇                 DeepKNLP ┇ Preprocess train_dataset:   0%|                    |    4/3782 [0:00:00<0:03:45, 16.72Hz]
[02.12 22:50:14] ┇ INFO    ┇                 DeepKNLP ┇ Preprocess train_dataset: 100%|████████████████████| 3782/3782 [0:00:01<0:00:00, 6555.59Hz]
[02.12 22:50:14] ┇ INFO    ┇                 DeepKNLP ┇ Completed preprocessing for train_dataset by google/flan-t5-base at [02.12 22:50:14]
[02.12 22:50:14] ┇ INFO    ┇                 DeepKNLP ┇ Loaded raw eval_dataset (#=3472): data/gner/each-sampled-WQ=1/crossner_literature-dev=100-WQ=1.jsonl
[02.12 22:50:15] ┇ INFO    ┇                 DeepKNLP ┇ Preprocess eval_dataset:   0%|                    |    4/3472 [0:00:00<0:04:04, 14.19Hz]
[02.12 22:50:15] ┇ INFO    ┇                 DeepKNLP ┇ Preprocess eval_dataset: 100%|████████████████████| 3472/3472 [0:00:00<0:00:00, 6386.57Hz]
[02.12 22:50:16] ┇ INFO    ┇                 DeepKNLP ┇ Completed preprocessing for eval_dataset by google/flan-t5-base at [02.12 22:50:15]
[02.12 22:50:19] ┇ INFO    ┇ torch.distributed.distributed_c10d ┇ Using backend config: {'cuda': 'nccl'}
[02.12 22:50:19] ┇ INFO    ┇ torch.distributed.distributed_c10d ┇ Using backend config: {'cuda': 'nccl'}
[02.12 22:50:19] ┇ INFO    ┇ torch.distributed.distributed_c10d ┇ Using backend config: {'cuda': 'nccl'}
[02.12 22:50:19] ┇ INFO    ┇ torch.distributed.distributed_c10d ┇ Using backend config: {'cuda': 'nccl'}
[02.12 22:50:22] ┇ WARNING ┇                DeepSpeed ┇ Attempting to get learning rate from scheduler before it has started
[02.12 22:50:22] ┇ INFO    ┇    DeepKNLP.gner.trainer ┇ -----------------------------------------------------------------------------------------------------------------------------------------
[02.12 22:50:22] ┇ INFO    ┇    DeepKNLP.gner.trainer ┇ ***** Beginning Training *****
[02.12 22:50:22] ┇ INFO    ┇    DeepKNLP.gner.trainer ┇ >> Train Epochs       = 12.0
[02.12 22:50:22] ┇ INFO    ┇    DeepKNLP.gner.trainer ┇ >> Train Examples     = 3,782
[02.12 22:50:22] ┇ INFO    ┇    DeepKNLP.gner.trainer ┇ >> Train Batch Size   = 32 = 8 * 1 * 4
[02.12 22:50:22] ┇ INFO    ┇    DeepKNLP.gner.trainer ┇ >> Train Optim Steps  = 1,428 = 119 * 12.0
[02.12 22:50:22] ┇ INFO    ┇    DeepKNLP.gner.trainer ┇ >> Train Model Params = 247,577,856
[02.12 22:50:22] ┇ INFO    ┇    DeepKNLP.gner.trainer ┇ >> Trainer Callbacks  = DefaultFlowCallback, CustomProgressCallback
[02.12 22:50:22] ┇ INFO    ┇    DeepKNLP.gner.trainer ┇ >> Zero Optim Stage   = 2
[02.12 22:50:22] ┇ INFO    ┇    DeepKNLP.gner.trainer ┇ >> Eval Examples      = 3,472
[02.12 22:50:22] ┇ INFO    ┇    DeepKNLP.gner.trainer ┇ >> Eval Batch Size    = 200 = 50 * 4
[02.12 22:50:24] ┇ INFO    ┇    DeepKNLP.gner.trainer ┇ [training]   0%|                    |    5/1428 [0:00:01<0:08:49, 2.69Hz] | epoch=0.04, loss=3.273400
[02.12 22:50:25] ┇ INFO    ┇    DeepKNLP.gner.trainer ┇ [training]   1%|▏                   |   10/1428 [0:00:03<0:08:11, 2.89Hz] | epoch=0.08, loss=3.322700
[02.12 22:50:26] ┇ INFO    ┇    DeepKNLP.gner.trainer ┇ [training]   1%|▏                   |   15/1428 [0:00:04<0:07:10, 3.28Hz] | epoch=0.13, loss=2.709400
[02.12 22:50:28] ┇ INFO    ┇    DeepKNLP.gner.trainer ┇ [training]   1%|▎                   |   20/1428 [0:00:05<0:06:41, 3.50Hz] | epoch=0.17, loss=1.633600
[02.12 22:50:29] ┇ INFO    ┇    DeepKNLP.gner.trainer ┇ [training]   2%|▎                   |   25/1428 [0:00:06<0:06:32, 3.58Hz] | epoch=0.21, loss=1.509000
[02.12 22:50:30] ┇ INFO    ┇    DeepKNLP.gner.trainer ┇ [training]   2%|▍                   |   30/1428 [0:00:08<0:06:18, 3.70Hz] | epoch=0.25, loss=1.139800
[02.12 22:50:31] ┇ INFO    ┇    DeepKNLP.gner.trainer ┇ [training]   2%|▍                   |   35/1428 [0:00:09<0:06:07, 3.79Hz] | epoch=0.29, loss=1.083300
[02.12 22:50:32] ┇ INFO    ┇    DeepKNLP.gner.trainer ┇ [training]   3%|▌                   |   40/1428 [0:00:10<0:05:59, 3.86Hz] | epoch=0.34, loss=0.937300
[02.12 22:50:33] ┇ INFO    ┇    DeepKNLP.gner.trainer ┇ [training]   3%|▋                   |   45/1428 [0:00:11<0:05:52, 3.93Hz] | epoch=0.38, loss=0.890400
[02.12 22:50:34] ┇ INFO    ┇    DeepKNLP.gner.trainer ┇ [training]   4%|▋                   |   50/1428 [0:00:12<0:05:46, 3.98Hz] | epoch=0.42, loss=0.877600
[02.12 22:50:36] ┇ INFO    ┇    DeepKNLP.gner.trainer ┇ [training]   4%|▊                   |   55/1428 [0:00:13<0:05:41, 4.02Hz] | epoch=0.46, loss=0.725200
[02.12 22:50:37] ┇ INFO    ┇    DeepKNLP.gner.trainer ┇ [training]   4%|▊                   |   60/1428 [0:00:14<0:05:37, 4.05Hz] | epoch=0.50, loss=0.839300
[02.12 22:50:37] ┇ INFO    ┇    DeepKNLP.gner.trainer ┇ [checking]   6%|█                   |  1/18 [0:00:00<0:00:00, 84019.00Hz]
[02.12 22:50:42] ┇ INFO    ┇    DeepKNLP.gner.trainer ┇ [checking] 100%|████████████████████| 18/18 [0:00:03<0:00:00, 5.85Hz]
[02.12 22:50:42] ┇ INFO    ┇    DeepKNLP.gner.trainer ┇ [training]   4%|▊                   |   60/1428 [0:00:14<0:05:37, 4.05Hz] | epoch=0.50, eval_average=0.0000
[02.12 22:50:43] ┇ INFO    ┇    DeepKNLP.gner.trainer ┇ [training]   5%|▉                   |   65/1428 [0:00:20<0:07:16, 3.12Hz] | epoch=0.55, loss=0.657800
[02.12 22:50:44] ┇ INFO    ┇    DeepKNLP.gner.trainer ┇ [training]   5%|▉                   |   70/1428 [0:00:22<0:07:15, 3.12Hz] | epoch=0.59, loss=0.593800
[02.12 22:50:45] ┇ INFO    ┇    DeepKNLP.gner.trainer ┇ [training]   5%|█                   |   75/1428 [0:00:23<0:07:05, 3.18Hz] | epoch=0.63, loss=0.613200
[02.12 22:50:47] ┇ INFO    ┇    DeepKNLP.gner.trainer ┇ [training]   6%|█                   |   80/1428 [0:00:24<0:06:55, 3.24Hz] | epoch=0.67, loss=0.635500
[02.12 22:50:48] ┇ INFO    ┇    DeepKNLP.gner.trainer ┇ [training]   6%|█▏                  |   85/1428 [0:00:25<0:06:47, 3.30Hz] | epoch=0.71, loss=0.629200
[02.12 22:50:49] ┇ INFO    ┇    DeepKNLP.gner.trainer ┇ [training]   6%|█▎                  |   90/1428 [0:00:26<0:06:39, 3.35Hz] | epoch=0.76, loss=0.553700
[02.12 22:50:50] ┇ INFO    ┇    DeepKNLP.gner.trainer ┇ [training]   7%|█▎                  |   95/1428 [0:00:28<0:06:33, 3.39Hz] | epoch=0.80, loss=0.515400
[02.12 22:50:51] ┇ INFO    ┇    DeepKNLP.gner.trainer ┇ [training]   7%|█▍                  |  100/1428 [0:00:29<0:06:27, 3.43Hz] | epoch=0.84, loss=0.585600
[02.12 22:50:52] ┇ INFO    ┇    DeepKNLP.gner.trainer ┇ [training]   7%|█▍                  |  105/1428 [0:00:30<0:06:21, 3.47Hz] | epoch=0.88, loss=0.446600
[02.12 22:50:53] ┇ INFO    ┇    DeepKNLP.gner.trainer ┇ [training]   8%|█▌                  |  110/1428 [0:00:31<0:06:16, 3.50Hz] | epoch=0.92, loss=0.590100
[02.12 22:50:54] ┇ INFO    ┇    DeepKNLP.gner.trainer ┇ [training]   8%|█▌                  |  115/1428 [0:00:32<0:06:11, 3.54Hz] | epoch=0.97, loss=0.468400
[02.12 22:50:56] ┇ INFO    ┇    DeepKNLP.gner.trainer ┇ [checking]   6%|█                   |  1/18 [0:00:00<0:00:00, 85748.43Hz]
[02.12 22:51:01] ┇ INFO    ┇    DeepKNLP.gner.trainer ┇ [checking] 100%|████████████████████| 18/18 [0:00:03<0:00:00, 4.87Hz]
[02.12 22:51:01] ┇ INFO    ┇    DeepKNLP.gner.trainer ┇ [training]   8%|█▋                  |  119/1428 [0:00:38<0:07:08, 3.05Hz] | epoch=1.00, eval_average=0.3626
[02.12 22:51:01] ┇ INFO    ┇    DeepKNLP.gner.trainer ┇ [training]   8%|█▋                  |  120/1428 [0:00:39<0:07:08, 3.06Hz] | epoch=1.01, loss=0.419000
[02.12 22:51:02] ┇ INFO    ┇    DeepKNLP.gner.trainer ┇ [training]   9%|█▊                  |  125/1428 [0:00:40<0:07:01, 3.09Hz] | epoch=1.05, loss=0.442500
[02.12 22:51:03] ┇ INFO    ┇    DeepKNLP.gner.trainer ┇ [training]   9%|█▊                  |  130/1428 [0:00:41<0:06:54, 3.13Hz] | epoch=1.09, loss=0.485900
[02.12 22:51:04] ┇ INFO    ┇    DeepKNLP.gner.trainer ┇ [training]   9%|█▉                  |  135/1428 [0:00:42<0:06:48, 3.17Hz] | epoch=1.13, loss=0.478600
[02.12 22:51:06] ┇ INFO    ┇    DeepKNLP.gner.trainer ┇ [training]  10%|█▉                  |  140/1428 [0:00:43<0:06:42, 3.20Hz] | epoch=1.18, loss=0.459800
[02.12 22:51:07] ┇ INFO    ┇    DeepKNLP.gner.trainer ┇ [training]  10%|██                  |  145/1428 [0:00:44<0:06:37, 3.23Hz] | epoch=1.22, loss=0.483900
[02.12 22:51:08] ┇ INFO    ┇    DeepKNLP.gner.trainer ┇ [training]  11%|██                  |  150/1428 [0:00:45<0:06:31, 3.26Hz] | epoch=1.26, loss=0.411200
[02.12 22:51:09] ┇ INFO    ┇    DeepKNLP.gner.trainer ┇ [training]  11%|██▏                 |  155/1428 [0:00:47<0:06:26, 3.29Hz] | epoch=1.30, loss=0.432500
[02.12 22:51:10] ┇ INFO    ┇    DeepKNLP.gner.trainer ┇ [training]  11%|██▏                 |  160/1428 [0:00:48<0:06:22, 3.32Hz] | epoch=1.34, loss=0.433900
[02.12 22:51:11] ┇ INFO    ┇    DeepKNLP.gner.trainer ┇ [training]  12%|██▎                 |  165/1428 [0:00:49<0:06:17, 3.35Hz] | epoch=1.39, loss=0.386200
[02.12 22:51:12] ┇ INFO    ┇    DeepKNLP.gner.trainer ┇ [training]  12%|██▍                 |  170/1428 [0:00:50<0:06:13, 3.37Hz] | epoch=1.43, loss=0.378800
[02.12 22:51:13] ┇ INFO    ┇    DeepKNLP.gner.trainer ┇ [training]  12%|██▍                 |  175/1428 [0:00:51<0:06:09, 3.39Hz] | epoch=1.47, loss=0.442500
[02.12 22:51:15] ┇ INFO    ┇    DeepKNLP.gner.trainer ┇ [checking]   6%|█                   |  1/18 [0:00:00<0:00:00, 99910.84Hz]
[02.12 22:51:21] ┇ INFO    ┇    DeepKNLP.gner.trainer ┇ [checking] 100%|████████████████████| 18/18 [0:00:04<0:00:00, 4.33Hz]
[02.12 22:51:21] ┇ INFO    ┇    DeepKNLP.gner.trainer ┇ [training]  12%|██▍                 |  178/1428 [0:00:58<0:06:52, 3.03Hz] | epoch=1.50, eval_average=0.3940
[02.12 22:51:21] ┇ INFO    ┇    DeepKNLP.gner.trainer ┇ [training]  13%|██▌                 |  180/1428 [0:00:59<0:06:50, 3.04Hz] | epoch=1.51, loss=0.328800
[02.12 22:51:22] ┇ INFO    ┇    DeepKNLP.gner.trainer ┇ [training]  13%|██▌                 |  185/1428 [0:01:00<0:06:44, 3.07Hz] | epoch=1.55, loss=0.335700
[02.12 22:51:23] ┇ INFO    ┇    DeepKNLP.gner.trainer ┇ [training]  13%|██▋                 |  190/1428 [0:01:01<0:06:40, 3.09Hz] | epoch=1.60, loss=0.408700
[02.12 22:51:24] ┇ INFO    ┇    DeepKNLP.gner.trainer ┇ [training]  14%|██▋                 |  195/1428 [0:01:02<0:06:35, 3.12Hz] | epoch=1.64, loss=0.387100
[02.12 22:51:25] ┇ INFO    ┇    DeepKNLP.gner.trainer ┇ [training]  14%|██▊                 |  200/1428 [0:01:03<0:06:30, 3.14Hz] | epoch=1.68, loss=0.320400
[02.12 22:51:27] ┇ INFO    ┇    DeepKNLP.gner.trainer ┇ [training]  14%|██▊                 |  205/1428 [0:01:04<0:06:26, 3.17Hz] | epoch=1.72, loss=0.356400
[02.12 22:51:28] ┇ INFO    ┇    DeepKNLP.gner.trainer ┇ [training]  15%|██▉                 |  210/1428 [0:01:05<0:06:21, 3.19Hz] | epoch=1.76, loss=0.412900
[02.12 22:51:29] ┇ INFO    ┇    DeepKNLP.gner.trainer ┇ [training]  15%|███                 |  215/1428 [0:01:06<0:06:17, 3.21Hz] | epoch=1.81, loss=0.355600
[02.12 22:51:30] ┇ INFO    ┇    DeepKNLP.gner.trainer ┇ [training]  15%|███                 |  220/1428 [0:01:08<0:06:13, 3.23Hz] | epoch=1.85, loss=0.341200
[02.12 22:51:31] ┇ INFO    ┇    DeepKNLP.gner.trainer ┇ [training]  16%|███▏                |  225/1428 [0:01:09<0:06:10, 3.25Hz] | epoch=1.89, loss=0.301300
[02.12 22:51:32] ┇ INFO    ┇    DeepKNLP.gner.trainer ┇ [training]  16%|███▏                |  230/1428 [0:01:10<0:06:06, 3.27Hz] | epoch=1.93, loss=0.332900
[02.12 22:51:33] ┇ INFO    ┇    DeepKNLP.gner.trainer ┇ [training]  16%|███▎                |  235/1428 [0:01:11<0:06:02, 3.29Hz] | epoch=1.98, loss=0.299000
[02.12 22:51:34] ┇ INFO    ┇    DeepKNLP.gner.trainer ┇ [checking]   6%|█                   |  1/18 [0:00:00<0:00:00, 91232.82Hz]
[02.12 22:51:39] ┇ INFO    ┇    DeepKNLP.gner.trainer ┇ [checking] 100%|████████████████████| 18/18 [0:00:03<0:00:00, 4.94Hz]
[02.12 22:51:39] ┇ INFO    ┇    DeepKNLP.gner.trainer ┇ [training]  17%|███▎                |  238/1428 [0:01:17<0:06:27, 3.07Hz] | epoch=2.00, eval_average=0.3288
[02.12 22:51:40] ┇ INFO    ┇    DeepKNLP.gner.trainer ┇ [training]  17%|███▎                |  240/1428 [0:01:17<0:06:26, 3.08Hz] | epoch=2.02, loss=0.335200
[02.12 22:51:41] ┇ INFO    ┇    DeepKNLP.gner.trainer ┇ [training]  17%|███▍                |  245/1428 [0:01:19<0:06:21, 3.10Hz] | epoch=2.06, loss=0.329300
[02.12 22:51:42] ┇ INFO    ┇    DeepKNLP.gner.trainer ┇ [training]  18%|███▌                |  250/1428 [0:01:20<0:06:18, 3.12Hz] | epoch=2.10, loss=0.265300
[02.12 22:51:43] ┇ INFO    ┇    DeepKNLP.gner.trainer ┇ [training]  18%|███▌                |  255/1428 [0:01:21<0:06:14, 3.14Hz] | epoch=2.14, loss=0.288300
[02.12 22:51:44] ┇ INFO    ┇    DeepKNLP.gner.trainer ┇ [training]  18%|███▋                |  260/1428 [0:01:22<0:06:10, 3.15Hz] | epoch=2.19, loss=0.303800
[02.12 22:51:45] ┇ INFO    ┇    DeepKNLP.gner.trainer ┇ [training]  19%|███▋                |  265/1428 [0:01:23<0:06:06, 3.17Hz] | epoch=2.23, loss=0.304400
[02.12 22:51:47] ┇ INFO    ┇    DeepKNLP.gner.trainer ┇ [training]  19%|███▊                |  270/1428 [0:01:24<0:06:03, 3.19Hz] | epoch=2.27, loss=0.340000
[02.12 22:51:48] ┇ INFO    ┇    DeepKNLP.gner.trainer ┇ [training]  19%|███▊                |  275/1428 [0:01:25<0:05:59, 3.20Hz] | epoch=2.31, loss=0.314100
[02.12 22:51:49] ┇ INFO    ┇    DeepKNLP.gner.trainer ┇ [training]  20%|███▉                |  280/1428 [0:01:26<0:05:56, 3.22Hz] | epoch=2.35, loss=0.300100
[02.12 22:51:50] ┇ INFO    ┇    DeepKNLP.gner.trainer ┇ [training]  20%|███▉                |  285/1428 [0:01:28<0:05:53, 3.24Hz] | epoch=2.40, loss=0.331200
[02.12 22:51:51] ┇ INFO    ┇    DeepKNLP.gner.trainer ┇ [training]  20%|████                |  290/1428 [0:01:29<0:05:49, 3.25Hz] | epoch=2.44, loss=0.341400
[02.12 22:51:52] ┇ INFO    ┇    DeepKNLP.gner.trainer ┇ [training]  21%|████▏               |  295/1428 [0:01:30<0:05:46, 3.27Hz] | epoch=2.48, loss=0.294100
[02.12 22:51:53] ┇ INFO    ┇    DeepKNLP.gner.trainer ┇ [checking]   6%|█                   |  1/18 [0:00:00<0:00:00, 90327.18Hz]
[02.12 22:51:59] ┇ INFO    ┇    DeepKNLP.gner.trainer ┇ [checking] 100%|████████████████████| 18/18 [0:00:03<0:00:00, 4.54Hz]
[02.12 22:51:59] ┇ INFO    ┇    DeepKNLP.gner.trainer ┇ [training]  21%|████▏               |  298/1428 [0:01:36<0:06:06, 3.08Hz] | epoch=2.50, eval_average=0.4412
[02.12 22:51:59] ┇ INFO    ┇    DeepKNLP.gner.trainer ┇ [training]  21%|████▏               |  300/1428 [0:01:37<0:06:04, 3.10Hz] | epoch=2.52, loss=0.281100
[02.12 22:52:00] ┇ INFO    ┇    DeepKNLP.gner.trainer ┇ [training]  21%|████▎               |  305/1428 [0:01:38<0:06:01, 3.11Hz] | epoch=2.56, loss=0.334600
[02.12 22:52:01] ┇ INFO    ┇    DeepKNLP.gner.trainer ┇ [training]  22%|████▎               |  310/1428 [0:01:39<0:05:59, 3.11Hz] | epoch=2.60, loss=0.281900
[02.12 22:52:02] ┇ INFO    ┇    DeepKNLP.gner.trainer ┇ [training]  22%|████▍               |  315/1428 [0:01:40<0:05:58, 3.11Hz] | epoch=2.65, loss=0.271900
[02.12 22:52:04] ┇ INFO    ┇    DeepKNLP.gner.trainer ┇ [training]  22%|████▍               |  320/1428 [0:01:41<0:05:55, 3.11Hz] | epoch=2.69, loss=0.280000
[02.12 22:52:05] ┇ INFO    ┇    DeepKNLP.gner.trainer ┇ [training]  23%|████▌               |  325/1428 [0:01:42<0:05:54, 3.11Hz] | epoch=2.73, loss=0.268100
[02.12 22:52:06] ┇ INFO    ┇    DeepKNLP.gner.trainer ┇ [training]  23%|████▌               |  330/1428 [0:01:43<0:05:52, 3.11Hz] | epoch=2.77, loss=0.268000
[02.12 22:52:07] ┇ INFO    ┇    DeepKNLP.gner.trainer ┇ [training]  23%|████▋               |  335/1428 [0:01:45<0:05:51, 3.11Hz] | epoch=2.81, loss=0.364600
[02.12 22:52:08] ┇ INFO    ┇    DeepKNLP.gner.trainer ┇ [training]  24%|████▊               |  340/1428 [0:01:46<0:05:50, 3.11Hz] | epoch=2.86, loss=0.310200
[02.12 22:52:10] ┇ INFO    ┇    DeepKNLP.gner.trainer ┇ [training]  24%|████▊               |  345/1428 [0:01:47<0:05:49, 3.10Hz] | epoch=2.90, loss=0.317700
[02.12 22:52:11] ┇ INFO    ┇    DeepKNLP.gner.trainer ┇ [training]  25%|████▉               |  350/1428 [0:01:48<0:05:47, 3.10Hz] | epoch=2.94, loss=0.282600
[02.12 22:52:12] ┇ INFO    ┇    DeepKNLP.gner.trainer ┇ [training]  25%|████▉               |  355/1428 [0:01:49<0:05:46, 3.10Hz] | epoch=2.98, loss=0.255300
[02.12 22:52:13] ┇ INFO    ┇    DeepKNLP.gner.trainer ┇ [checking]   6%|█                   |  1/18 [0:00:00<0:00:00, 90653.20Hz]
[02.12 22:52:18] ┇ INFO    ┇    DeepKNLP.gner.trainer ┇ [checking] 100%|████████████████████| 18/18 [0:00:03<0:00:00, 4.92Hz]
[02.12 22:52:18] ┇ INFO    ┇    DeepKNLP.gner.trainer ┇ [training]  25%|█████               |  357/1428 [0:01:56<0:05:49, 3.06Hz] | epoch=3.00, eval_average=0.2496
[02.12 22:52:19] ┇ INFO    ┇    DeepKNLP.gner.trainer ┇ [training]  25%|█████               |  360/1428 [0:01:56<0:05:47, 3.07Hz] | epoch=3.02, loss=0.261300
[02.12 22:52:20] ┇ INFO    ┇    DeepKNLP.gner.trainer ┇ [training]  26%|█████               |  365/1428 [0:01:57<0:05:45, 3.07Hz] | epoch=3.07, loss=0.253700
[02.12 22:52:21] ┇ INFO    ┇    DeepKNLP.gner.trainer ┇ [training]  26%|█████▏              |  370/1428 [0:01:59<0:05:44, 3.07Hz] | epoch=3.11, loss=0.224300
[02.12 22:52:22] ┇ INFO    ┇    DeepKNLP.gner.trainer ┇ [training]  26%|█████▎              |  375/1428 [0:02:00<0:05:42, 3.07Hz] | epoch=3.15, loss=0.227800
[02.12 22:52:23] ┇ INFO    ┇    DeepKNLP.gner.trainer ┇ [training]  27%|█████▎              |  380/1428 [0:02:01<0:05:40, 3.07Hz] | epoch=3.19, loss=0.241800
[02.12 22:52:24] ┇ INFO    ┇    DeepKNLP.gner.trainer ┇ [training]  27%|█████▍              |  385/1428 [0:02:02<0:05:39, 3.08Hz] | epoch=3.23, loss=0.274600
[02.12 22:52:25] ┇ INFO    ┇    DeepKNLP.gner.trainer ┇ [training]  27%|█████▍              |  390/1428 [0:02:03<0:05:37, 3.08Hz] | epoch=3.28, loss=0.208300
[02.12 22:52:26] ┇ INFO    ┇    DeepKNLP.gner.trainer ┇ [training]  28%|█████▌              |  395/1428 [0:02:04<0:05:35, 3.07Hz] | epoch=3.32, loss=0.300200
[02.12 22:52:28] ┇ INFO    ┇    DeepKNLP.gner.trainer ┇ [training]  28%|█████▌              |  400/1428 [0:02:05<0:05:34, 3.08Hz] | epoch=3.36, loss=0.284600
[02.12 22:52:29] ┇ INFO    ┇    DeepKNLP.gner.trainer ┇ [training]  28%|█████▋              |  405/1428 [0:02:06<0:05:32, 3.07Hz] | epoch=3.40, loss=0.271700
[02.12 22:52:30] ┇ INFO    ┇    DeepKNLP.gner.trainer ┇ [training]  29%|█████▋              |  410/1428 [0:02:07<0:05:11, 3.27Hz] | epoch=3.44, loss=0.211900
[02.12 22:52:31] ┇ INFO    ┇    DeepKNLP.gner.trainer ┇ [training]  29%|█████▊              |  415/1428 [0:02:09<0:05:08, 3.29Hz] | epoch=3.49, loss=0.235500
[02.12 22:52:31] ┇ INFO    ┇    DeepKNLP.gner.trainer ┇ [checking]   6%|█                   |  1/18 [0:00:00<0:00:00, 98531.02Hz]
[02.12 22:52:37] ┇ INFO    ┇    DeepKNLP.gner.trainer ┇ [checking] 100%|████████████████████| 18/18 [0:00:03<0:00:00, 4.98Hz]
[02.12 22:52:37] ┇ INFO    ┇    DeepKNLP.gner.trainer ┇ [training]  29%|█████▊              |  416/1428 [0:02:14<0:05:27, 3.09Hz] | epoch=3.50, eval_average=0.4995
[02.12 22:52:37] ┇ INFO    ┇    DeepKNLP.gner.trainer ┇ [training]  29%|█████▉              |  420/1428 [0:02:15<0:05:26, 3.08Hz] | epoch=3.53, loss=0.211400
[02.12 22:52:39] ┇ INFO    ┇    DeepKNLP.gner.trainer ┇ [training]  30%|█████▉              |  425/1428 [0:02:16<0:05:25, 3.08Hz] | epoch=3.57, loss=0.274800
[02.12 22:52:40] ┇ INFO    ┇    DeepKNLP.gner.trainer ┇ [training]  30%|██████              |  430/1428 [0:02:17<0:05:23, 3.08Hz] | epoch=3.61, loss=0.301400
[02.12 22:52:41] ┇ INFO    ┇    DeepKNLP.gner.trainer ┇ [training]  30%|██████              |  435/1428 [0:02:18<0:05:22, 3.08Hz] | epoch=3.65, loss=0.298800
[02.12 22:52:42] ┇ INFO    ┇    DeepKNLP.gner.trainer ┇ [training]  31%|██████▏             |  440/1428 [0:02:20<0:05:20, 3.08Hz] | epoch=3.70, loss=0.264800
[02.12 22:52:43] ┇ INFO    ┇    DeepKNLP.gner.trainer ┇ [training]  31%|██████▏             |  445/1428 [0:02:21<0:05:18, 3.08Hz] | epoch=3.74, loss=0.311100
[02.12 22:52:44] ┇ INFO    ┇    DeepKNLP.gner.trainer ┇ [training]  32%|██████▎             |  450/1428 [0:02:22<0:05:17, 3.08Hz] | epoch=3.78, loss=0.234500
[02.12 22:52:45] ┇ INFO    ┇    DeepKNLP.gner.trainer ┇ [training]  32%|██████▎             |  455/1428 [0:02:23<0:05:15, 3.08Hz] | epoch=3.82, loss=0.285500
[02.12 22:52:46] ┇ INFO    ┇    DeepKNLP.gner.trainer ┇ [training]  32%|██████▍             |  460/1428 [0:02:24<0:05:14, 3.08Hz] | epoch=3.87, loss=0.160700
[02.12 22:52:47] ┇ INFO    ┇    DeepKNLP.gner.trainer ┇ [training]  33%|██████▌             |  465/1428 [0:02:25<0:05:12, 3.08Hz] | epoch=3.91, loss=0.250800
[02.12 22:52:49] ┇ INFO    ┇    DeepKNLP.gner.trainer ┇ [training]  33%|██████▌             |  470/1428 [0:02:26<0:04:48, 3.32Hz] | epoch=3.95, loss=0.237000
[02.12 22:52:50] ┇ INFO    ┇    DeepKNLP.gner.trainer ┇ [training]  33%|██████▋             |  475/1428 [0:02:27<0:04:46, 3.33Hz] | epoch=3.99, loss=0.181500
[02.12 22:52:50] ┇ INFO    ┇    DeepKNLP.gner.trainer ┇ [checking]   6%|█                   |  1/18 [0:00:00<0:00:00, 102679.18Hz]
[02.12 22:52:55] ┇ INFO    ┇    DeepKNLP.gner.trainer ┇ [checking] 100%|████████████████████| 18/18 [0:00:03<0:00:00, 5.07Hz]
[02.12 22:52:55] ┇ INFO    ┇    DeepKNLP.gner.trainer ┇ [training]  33%|██████▋             |  476/1428 [0:02:33<0:05:04, 3.12Hz] | epoch=4.00, eval_average=0.3873
[02.12 22:52:56] ┇ INFO    ┇    DeepKNLP.gner.trainer ┇ [training]  34%|██████▋             |  480/1428 [0:02:34<0:05:03, 3.12Hz] | epoch=4.03, loss=0.265900
[02.12 22:52:57] ┇ INFO    ┇    DeepKNLP.gner.trainer ┇ [training]  34%|██████▊             |  485/1428 [0:02:35<0:05:02, 3.12Hz] | epoch=4.08, loss=0.218200
[02.12 22:52:58] ┇ INFO    ┇    DeepKNLP.gner.trainer ┇ [training]  34%|██████▊             |  490/1428 [0:02:36<0:05:00, 3.12Hz] | epoch=4.12, loss=0.302000
[02.12 22:53:00] ┇ INFO    ┇    DeepKNLP.gner.trainer ┇ [training]  35%|██████▉             |  495/1428 [0:02:37<0:04:58, 3.12Hz] | epoch=4.16, loss=0.244400
[02.12 22:53:01] ┇ INFO    ┇    DeepKNLP.gner.trainer ┇ [training]  35%|███████             |  500/1428 [0:02:38<0:04:57, 3.12Hz] | epoch=4.20, loss=0.231900
[02.12 22:53:02] ┇ INFO    ┇    DeepKNLP.gner.trainer ┇ [training]  35%|███████             |  505/1428 [0:02:39<0:04:55, 3.12Hz] | epoch=4.24, loss=0.215500
[02.12 22:53:03] ┇ INFO    ┇    DeepKNLP.gner.trainer ┇ [training]  36%|███████▏            |  510/1428 [0:02:40<0:04:54, 3.12Hz] | epoch=4.29, loss=0.244900
[02.12 22:53:04] ┇ INFO    ┇    DeepKNLP.gner.trainer ┇ [training]  36%|███████▏            |  515/1428 [0:02:42<0:04:52, 3.12Hz] | epoch=4.33, loss=0.242600
[02.12 22:53:05] ┇ INFO    ┇    DeepKNLP.gner.trainer ┇ [training]  36%|███████▎            |  520/1428 [0:02:43<0:04:50, 3.12Hz] | epoch=4.37, loss=0.176800
[02.12 22:53:06] ┇ INFO    ┇    DeepKNLP.gner.trainer ┇ [training]  37%|███████▎            |  525/1428 [0:02:44<0:04:49, 3.12Hz] | epoch=4.41, loss=0.271200
[02.12 22:53:07] ┇ INFO    ┇    DeepKNLP.gner.trainer ┇ [training]  37%|███████▍            |  530/1428 [0:02:45<0:04:30, 3.32Hz] | epoch=4.45, loss=0.202600
[02.12 22:53:08] ┇ INFO    ┇    DeepKNLP.gner.trainer ┇ [training]  37%|███████▍            |  535/1428 [0:02:46<0:04:28, 3.33Hz] | epoch=4.50, loss=0.219400
[02.12 22:53:09] ┇ INFO    ┇    DeepKNLP.gner.trainer ┇ [checking]   6%|█                   |  1/18 [0:00:00<0:00:00, 86942.66Hz]
[02.12 22:53:14] ┇ INFO    ┇    DeepKNLP.gner.trainer ┇ [checking] 100%|████████████████████| 18/18 [0:00:03<0:00:00, 4.91Hz]
[02.12 22:53:14] ┇ INFO    ┇    DeepKNLP.gner.trainer ┇ [training]  38%|███████▌            |  536/1428 [0:02:52<0:04:45, 3.12Hz] | epoch=4.50, eval_average=0.4015
[02.12 22:53:15] ┇ INFO    ┇    DeepKNLP.gner.trainer ┇ [training]  38%|███████▌            |  540/1428 [0:02:53<0:04:44, 3.12Hz] | epoch=4.54, loss=0.272800
[02.12 22:53:16] ┇ INFO    ┇    DeepKNLP.gner.trainer ┇ [training]  38%|███████▋            |  545/1428 [0:02:54<0:04:42, 3.12Hz] | epoch=4.58, loss=0.226400
[02.12 22:53:17] ┇ INFO    ┇    DeepKNLP.gner.trainer ┇ [training]  39%|███████▋            |  550/1428 [0:02:55<0:04:41, 3.12Hz] | epoch=4.62, loss=0.251000
[02.12 22:53:18] ┇ INFO    ┇    DeepKNLP.gner.trainer ┇ [training]  39%|███████▊            |  555/1428 [0:02:56<0:04:39, 3.12Hz] | epoch=4.66, loss=0.149400
[02.12 22:53:19] ┇ INFO    ┇    DeepKNLP.gner.trainer ┇ [training]  39%|███████▊            |  560/1428 [0:02:57<0:04:38, 3.12Hz] | epoch=4.71, loss=0.261100
[02.12 22:53:21] ┇ INFO    ┇    DeepKNLP.gner.trainer ┇ [training]  40%|███████▉            |  565/1428 [0:02:58<0:04:36, 3.12Hz] | epoch=4.75, loss=0.191600
[02.12 22:53:22] ┇ INFO    ┇    DeepKNLP.gner.trainer ┇ [training]  40%|███████▉            |  570/1428 [0:02:59<0:04:34, 3.12Hz] | epoch=4.79, loss=0.223800
[02.12 22:53:23] ┇ INFO    ┇    DeepKNLP.gner.trainer ┇ [training]  40%|████████            |  575/1428 [0:03:00<0:04:33, 3.12Hz] | epoch=4.83, loss=0.221200
[02.12 22:53:24] ┇ INFO    ┇    DeepKNLP.gner.trainer ┇ [training]  41%|████████            |  580/1428 [0:03:02<0:04:31, 3.12Hz] | epoch=4.87, loss=0.207700
[02.12 22:53:25] ┇ INFO    ┇    DeepKNLP.gner.trainer ┇ [training]  41%|████████▏           |  585/1428 [0:03:03<0:04:29, 3.12Hz] | epoch=4.92, loss=0.197100
[02.12 22:53:26] ┇ INFO    ┇    DeepKNLP.gner.trainer ┇ [training]  41%|████████▎           |  590/1428 [0:03:04<0:04:11, 3.33Hz] | epoch=4.96, loss=0.219700
[02.12 22:53:27] ┇ INFO    ┇    DeepKNLP.gner.trainer ┇ [training]  42%|████████▎           |  595/1428 [0:03:05<0:04:09, 3.34Hz] | epoch=5.00, loss=0.206100
[02.12 22:53:27] ┇ INFO    ┇    DeepKNLP.gner.trainer ┇ [checking]   6%|█                   |  1/18 [0:00:00<0:00:00, 98823.48Hz]
[02.12 22:53:33] ┇ INFO    ┇    DeepKNLP.gner.trainer ┇ [checking] 100%|████████████████████| 18/18 [0:00:03<0:00:00, 5.02Hz]
[02.12 22:53:33] ┇ INFO    ┇    DeepKNLP.gner.trainer ┇ [training]  42%|████████▎           |  595/1428 [0:03:05<0:04:09, 3.34Hz] | epoch=5.00, eval_average=0.5205
[02.12 22:53:34] ┇ INFO    ┇    DeepKNLP.gner.trainer ┇ [training]  42%|████████▍           |  600/1428 [0:03:11<0:04:22, 3.15Hz] | epoch=5.04, loss=0.180200
[02.12 22:53:35] ┇ INFO    ┇    DeepKNLP.gner.trainer ┇ [training]  42%|████████▍           |  605/1428 [0:03:13<0:04:20, 3.15Hz] | epoch=5.08, loss=0.206200
[02.12 22:53:36] ┇ INFO    ┇    DeepKNLP.gner.trainer ┇ [training]  43%|████████▌           |  610/1428 [0:03:14<0:04:19, 3.15Hz] | epoch=5.13, loss=0.175400
[02.12 22:53:37] ┇ INFO    ┇    DeepKNLP.gner.trainer ┇ [training]  43%|████████▌           |  615/1428 [0:03:15<0:04:17, 3.15Hz] | epoch=5.17, loss=0.196700
[02.12 22:53:38] ┇ INFO    ┇    DeepKNLP.gner.trainer ┇ [training]  43%|████████▋           |  620/1428 [0:03:16<0:04:16, 3.16Hz] | epoch=5.21, loss=0.219700
[02.12 22:53:39] ┇ INFO    ┇    DeepKNLP.gner.trainer ┇ [training]  44%|████████▊           |  625/1428 [0:03:17<0:04:14, 3.15Hz] | epoch=5.25, loss=0.194000
[02.12 22:53:40] ┇ INFO    ┇    DeepKNLP.gner.trainer ┇ [training]  44%|████████▊           |  630/1428 [0:03:18<0:04:12, 3.16Hz] | epoch=5.29, loss=0.232400
[02.12 22:53:42] ┇ INFO    ┇    DeepKNLP.gner.trainer ┇ [training]  44%|████████▉           |  635/1428 [0:03:19<0:04:11, 3.15Hz] | epoch=5.34, loss=0.209500
[02.12 22:53:43] ┇ INFO    ┇    DeepKNLP.gner.trainer ┇ [training]  45%|████████▉           |  640/1428 [0:03:21<0:04:09, 3.16Hz] | epoch=5.38, loss=0.176600
[02.12 22:53:44] ┇ INFO    ┇    DeepKNLP.gner.trainer ┇ [training]  45%|█████████           |  645/1428 [0:03:22<0:04:07, 3.16Hz] | epoch=5.42, loss=0.207400
[02.12 22:53:45] ┇ INFO    ┇    DeepKNLP.gner.trainer ┇ [training]  46%|█████████           |  650/1428 [0:03:23<0:04:06, 3.16Hz] | epoch=5.46, loss=0.148500
[02.12 22:53:46] ┇ INFO    ┇    DeepKNLP.gner.trainer ┇ [checking]   6%|█                   |  1/18 [0:00:00<0:00:00, 108259.20Hz]
[02.12 22:53:52] ┇ INFO    ┇    DeepKNLP.gner.trainer ┇ [checking] 100%|████████████████████| 18/18 [0:00:03<0:00:00, 4.94Hz]
[02.12 22:53:52] ┇ INFO    ┇    DeepKNLP.gner.trainer ┇ [training]  46%|█████████▏          |  654/1428 [0:03:29<0:04:04, 3.17Hz] | epoch=5.50, eval_average=0.4079
[02.12 22:53:52] ┇ INFO    ┇    DeepKNLP.gner.trainer ┇ [training]  46%|█████████▏          |  655/1428 [0:03:30<0:04:04, 3.16Hz] | epoch=5.50, loss=0.170600
[02.12 22:53:53] ┇ INFO    ┇    DeepKNLP.gner.trainer ┇ [training]  46%|█████████▏          |  660/1428 [0:03:31<0:04:02, 3.16Hz] | epoch=5.55, loss=0.281100
[02.12 22:53:54] ┇ INFO    ┇    DeepKNLP.gner.trainer ┇ [training]  47%|█████████▎          |  665/1428 [0:03:32<0:04:01, 3.16Hz] | epoch=5.59, loss=0.203100
[02.12 22:53:55] ┇ INFO    ┇    DeepKNLP.gner.trainer ┇ [training]  47%|█████████▍          |  670/1428 [0:03:33<0:04:00, 3.16Hz] | epoch=5.63, loss=0.222400
[02.12 22:53:57] ┇ INFO    ┇    DeepKNLP.gner.trainer ┇ [training]  47%|█████████▍          |  675/1428 [0:03:34<0:03:58, 3.16Hz] | epoch=5.67, loss=0.213500
[02.12 22:53:58] ┇ INFO    ┇    DeepKNLP.gner.trainer ┇ [training]  48%|█████████▌          |  680/1428 [0:03:35<0:03:56, 3.16Hz] | epoch=5.71, loss=0.264600
[02.12 22:53:59] ┇ INFO    ┇    DeepKNLP.gner.trainer ┇ [training]  48%|█████████▌          |  685/1428 [0:03:36<0:03:55, 3.16Hz] | epoch=5.76, loss=0.223000
[02.12 22:54:00] ┇ INFO    ┇    DeepKNLP.gner.trainer ┇ [training]  48%|█████████▋          |  690/1428 [0:03:38<0:03:53, 3.16Hz] | epoch=5.80, loss=0.200900
[02.12 22:54:01] ┇ INFO    ┇    DeepKNLP.gner.trainer ┇ [training]  49%|█████████▋          |  695/1428 [0:03:39<0:03:52, 3.15Hz] | epoch=5.84, loss=0.202100
[02.12 22:54:02] ┇ INFO    ┇    DeepKNLP.gner.trainer ┇ [training]  49%|█████████▊          |  700/1428 [0:03:40<0:03:50, 3.15Hz] | epoch=5.88, loss=0.207600
[02.12 22:54:03] ┇ INFO    ┇    DeepKNLP.gner.trainer ┇ [training]  49%|█████████▊          |  705/1428 [0:03:41<0:03:49, 3.15Hz] | epoch=5.92, loss=0.213300
[02.12 22:54:04] ┇ INFO    ┇    DeepKNLP.gner.trainer ┇ [training]  50%|█████████▉          |  710/1428 [0:03:42<0:03:47, 3.15Hz] | epoch=5.97, loss=0.231300
[02.12 22:54:06] ┇ INFO    ┇    DeepKNLP.gner.trainer ┇ [checking]   6%|█                   |  1/18 [0:00:00<0:00:00, 101749.95Hz]
[02.12 22:54:11] ┇ INFO    ┇    DeepKNLP.gner.trainer ┇ [checking] 100%|████████████████████| 18/18 [0:00:03<0:00:00, 4.94Hz]
[02.12 22:54:11] ┇ INFO    ┇    DeepKNLP.gner.trainer ┇ [training]  50%|██████████          |  714/1428 [0:03:48<0:03:45, 3.16Hz] | epoch=6.00, eval_average=0.4486
[02.12 22:54:11] ┇ INFO    ┇    DeepKNLP.gner.trainer ┇ [training]  50%|██████████          |  715/1428 [0:03:49<0:03:46, 3.15Hz] | epoch=6.01, loss=0.241900
[02.12 22:54:12] ┇ INFO    ┇    DeepKNLP.gner.trainer ┇ [training]  50%|██████████          |  720/1428 [0:03:50<0:03:44, 3.15Hz] | epoch=6.05, loss=0.219700
[02.12 22:54:13] ┇ INFO    ┇    DeepKNLP.gner.trainer ┇ [training]  51%|██████████▏         |  725/1428 [0:03:51<0:03:43, 3.15Hz] | epoch=6.09, loss=0.197900
[02.12 22:54:14] ┇ INFO    ┇    DeepKNLP.gner.trainer ┇ [training]  51%|██████████▏         |  730/1428 [0:03:52<0:03:41, 3.15Hz] | epoch=6.13, loss=0.203500
[02.12 22:54:16] ┇ INFO    ┇    DeepKNLP.gner.trainer ┇ [training]  51%|██████████▎         |  735/1428 [0:03:53<0:03:40, 3.15Hz] | epoch=6.18, loss=0.140500
[02.12 22:54:17] ┇ INFO    ┇    DeepKNLP.gner.trainer ┇ [training]  52%|██████████▎         |  740/1428 [0:03:54<0:03:38, 3.15Hz] | epoch=6.22, loss=0.214800
[02.12 22:54:18] ┇ INFO    ┇    DeepKNLP.gner.trainer ┇ [training]  52%|██████████▍         |  745/1428 [0:03:55<0:03:36, 3.15Hz] | epoch=6.26, loss=0.228000
[02.12 22:54:19] ┇ INFO    ┇    DeepKNLP.gner.trainer ┇ [training]  53%|██████████▌         |  750/1428 [0:03:57<0:03:35, 3.15Hz] | epoch=6.30, loss=0.184300
[02.12 22:54:20] ┇ INFO    ┇    DeepKNLP.gner.trainer ┇ [training]  53%|██████████▌         |  755/1428 [0:03:58<0:03:33, 3.15Hz] | epoch=6.34, loss=0.195600
[02.12 22:54:21] ┇ INFO    ┇    DeepKNLP.gner.trainer ┇ [training]  53%|██████████▋         |  760/1428 [0:03:59<0:03:32, 3.15Hz] | epoch=6.39, loss=0.182900
[02.12 22:54:22] ┇ INFO    ┇    DeepKNLP.gner.trainer ┇ [training]  54%|██████████▋         |  765/1428 [0:04:00<0:03:30, 3.15Hz] | epoch=6.43, loss=0.220400
[02.12 22:54:23] ┇ INFO    ┇    DeepKNLP.gner.trainer ┇ [training]  54%|██████████▊         |  770/1428 [0:04:01<0:03:28, 3.15Hz] | epoch=6.47, loss=0.196200
[02.12 22:54:24] ┇ INFO    ┇    DeepKNLP.gner.trainer ┇ [checking]   6%|█                   |  1/18 [0:00:00<0:00:00, 99117.68Hz]
[02.12 22:54:30] ┇ INFO    ┇    DeepKNLP.gner.trainer ┇ [checking] 100%|████████████████████| 18/18 [0:00:03<0:00:00, 4.98Hz]
[02.12 22:54:30] ┇ INFO    ┇    DeepKNLP.gner.trainer ┇ [training]  54%|██████████▊         |  774/1428 [0:04:07<0:03:27, 3.16Hz] | epoch=6.50, eval_average=0.4111
[02.12 22:54:30] ┇ INFO    ┇    DeepKNLP.gner.trainer ┇ [training]  54%|██████████▊         |  775/1428 [0:04:08<0:03:27, 3.15Hz] | epoch=6.51, loss=0.142200
[02.12 22:54:31] ┇ INFO    ┇    DeepKNLP.gner.trainer ┇ [training]  55%|██████████▉         |  780/1428 [0:04:09<0:03:25, 3.15Hz] | epoch=6.55, loss=0.229100
[02.12 22:54:32] ┇ INFO    ┇    DeepKNLP.gner.trainer ┇ [training]  55%|██████████▉         |  785/1428 [0:04:10<0:03:24, 3.15Hz] | epoch=6.60, loss=0.232800
[02.12 22:54:33] ┇ INFO    ┇    DeepKNLP.gner.trainer ┇ [training]  55%|███████████         |  790/1428 [0:04:11<0:03:22, 3.15Hz] | epoch=6.64, loss=0.143600
[02.12 22:54:34] ┇ INFO    ┇    DeepKNLP.gner.trainer ┇ [training]  56%|███████████▏        |  795/1428 [0:04:12<0:03:21, 3.15Hz] | epoch=6.68, loss=0.191800
[02.12 22:54:36] ┇ INFO    ┇    DeepKNLP.gner.trainer ┇ [training]  56%|███████████▏        |  800/1428 [0:04:13<0:03:19, 3.15Hz] | epoch=6.72, loss=0.161900
[02.12 22:54:37] ┇ INFO    ┇    DeepKNLP.gner.trainer ┇ [training]  56%|███████████▎        |  805/1428 [0:04:14<0:03:18, 3.15Hz] | epoch=6.76, loss=0.220600
[02.12 22:54:38] ┇ INFO    ┇    DeepKNLP.gner.trainer ┇ [training]  57%|███████████▎        |  810/1428 [0:04:15<0:03:16, 3.14Hz] | epoch=6.81, loss=0.160500
[02.12 22:54:39] ┇ INFO    ┇    DeepKNLP.gner.trainer ┇ [training]  57%|███████████▍        |  815/1428 [0:04:17<0:03:14, 3.14Hz] | epoch=6.85, loss=0.197400
[02.12 22:54:40] ┇ INFO    ┇    DeepKNLP.gner.trainer ┇ [training]  57%|███████████▍        |  820/1428 [0:04:18<0:03:13, 3.14Hz] | epoch=6.89, loss=0.174200
[02.12 22:54:41] ┇ INFO    ┇    DeepKNLP.gner.trainer ┇ [training]  58%|███████████▌        |  825/1428 [0:04:19<0:03:11, 3.14Hz] | epoch=6.93, loss=0.171800
[02.12 22:54:42] ┇ INFO    ┇    DeepKNLP.gner.trainer ┇ [training]  58%|███████████▌        |  830/1428 [0:04:20<0:03:10, 3.14Hz] | epoch=6.97, loss=0.214900
[02.12 22:54:43] ┇ INFO    ┇    DeepKNLP.gner.trainer ┇ [checking]   6%|█                   |  1/18 [0:00:00<0:00:00, 92412.58Hz]
[02.12 22:54:48] ┇ INFO    ┇    DeepKNLP.gner.trainer ┇ [checking] 100%|████████████████████| 18/18 [0:00:03<0:00:00, 4.90Hz]
[02.12 22:54:48] ┇ INFO    ┇    DeepKNLP.gner.trainer ┇ [training]  58%|███████████▋        |  833/1428 [0:04:26<0:03:08, 3.15Hz] | epoch=7.00, eval_average=0.5340
[02.12 22:54:49] ┇ INFO    ┇    DeepKNLP.gner.trainer ┇ [training]  58%|███████████▋        |  835/1428 [0:04:27<0:03:08, 3.14Hz] | epoch=7.02, loss=0.203400
[02.12 22:54:50] ┇ INFO    ┇    DeepKNLP.gner.trainer ┇ [training]  59%|███████████▊        |  840/1428 [0:04:28<0:03:07, 3.14Hz] | epoch=7.06, loss=0.196200
[02.12 22:54:51] ┇ INFO    ┇    DeepKNLP.gner.trainer ┇ [training]  59%|███████████▊        |  845/1428 [0:04:29<0:03:05, 3.14Hz] | epoch=7.10, loss=0.190800
[02.12 22:54:52] ┇ INFO    ┇    DeepKNLP.gner.trainer ┇ [training]  60%|███████████▉        |  850/1428 [0:04:30<0:03:03, 3.14Hz] | epoch=7.14, loss=0.144900
[02.12 22:54:53] ┇ INFO    ┇    DeepKNLP.gner.trainer ┇ [training]  60%|███████████▉        |  855/1428 [0:04:31<0:03:02, 3.14Hz] | epoch=7.18, loss=0.185200
[02.12 22:54:54] ┇ INFO    ┇    DeepKNLP.gner.trainer ┇ [training]  60%|████████████        |  860/1428 [0:04:32<0:03:00, 3.14Hz] | epoch=7.23, loss=0.150500
[02.12 22:54:56] ┇ INFO    ┇    DeepKNLP.gner.trainer ┇ [training]  61%|████████████        |  865/1428 [0:04:33<0:02:59, 3.14Hz] | epoch=7.27, loss=0.198900
[02.12 22:54:57] ┇ INFO    ┇    DeepKNLP.gner.trainer ┇ [training]  61%|████████████▏       |  870/1428 [0:04:34<0:02:57, 3.14Hz] | epoch=7.31, loss=0.242600
[02.12 22:54:58] ┇ INFO    ┇    DeepKNLP.gner.trainer ┇ [training]  61%|████████████▎       |  875/1428 [0:04:35<0:02:56, 3.14Hz] | epoch=7.35, loss=0.168100
[02.12 22:54:59] ┇ INFO    ┇    DeepKNLP.gner.trainer ┇ [training]  62%|████████████▎       |  880/1428 [0:04:37<0:02:54, 3.14Hz] | epoch=7.39, loss=0.205200
[02.12 22:55:00] ┇ INFO    ┇    DeepKNLP.gner.trainer ┇ [training]  62%|████████████▍       |  885/1428 [0:04:38<0:02:52, 3.14Hz] | epoch=7.44, loss=0.182500
[02.12 22:55:01] ┇ INFO    ┇    DeepKNLP.gner.trainer ┇ [training]  62%|████████████▍       |  890/1428 [0:04:39<0:02:51, 3.14Hz] | epoch=7.48, loss=0.156200
[02.12 22:55:02] ┇ INFO    ┇    DeepKNLP.gner.trainer ┇ [checking]   6%|█                   |  1/18 [0:00:00<0:00:00, 92591.89Hz]
[02.12 22:55:07] ┇ INFO    ┇    DeepKNLP.gner.trainer ┇ [checking] 100%|████████████████████| 18/18 [0:00:03<0:00:00, 4.97Hz]
[02.12 22:55:07] ┇ INFO    ┇    DeepKNLP.gner.trainer ┇ [training]  62%|████████████▍       |  892/1428 [0:04:45<0:02:51, 3.13Hz] | epoch=7.50, eval_average=0.5035
[02.12 22:55:08] ┇ INFO    ┇    DeepKNLP.gner.trainer ┇ [training]  63%|████████████▌       |  895/1428 [0:04:45<0:02:50, 3.12Hz] | epoch=7.52, loss=0.170900
[02.12 22:55:09] ┇ INFO    ┇    DeepKNLP.gner.trainer ┇ [training]  63%|████████████▌       |  900/1428 [0:04:46<0:02:49, 3.12Hz] | epoch=7.56, loss=0.214100
[02.12 22:55:10] ┇ INFO    ┇    DeepKNLP.gner.trainer ┇ [training]  63%|████████████▋       |  905/1428 [0:04:48<0:02:47, 3.12Hz] | epoch=7.61, loss=0.159900
[02.12 22:55:11] ┇ INFO    ┇    DeepKNLP.gner.trainer ┇ [training]  64%|████████████▋       |  910/1428 [0:04:49<0:02:45, 3.12Hz] | epoch=7.65, loss=0.113700
[02.12 22:55:12] ┇ INFO    ┇    DeepKNLP.gner.trainer ┇ [training]  64%|████████████▊       |  915/1428 [0:04:50<0:02:44, 3.12Hz] | epoch=7.69, loss=0.187000
[02.12 22:55:13] ┇ INFO    ┇    DeepKNLP.gner.trainer ┇ [training]  64%|████████████▉       |  920/1428 [0:04:51<0:02:42, 3.12Hz] | epoch=7.73, loss=0.139100
[02.12 22:55:14] ┇ INFO    ┇    DeepKNLP.gner.trainer ┇ [training]  65%|████████████▉       |  925/1428 [0:04:52<0:02:40, 3.13Hz] | epoch=7.77, loss=0.153100
[02.12 22:55:16] ┇ INFO    ┇    DeepKNLP.gner.trainer ┇ [training]  65%|█████████████       |  930/1428 [0:04:53<0:02:39, 3.13Hz] | epoch=7.82, loss=0.189500
[02.12 22:55:17] ┇ INFO    ┇    DeepKNLP.gner.trainer ┇ [training]  65%|█████████████       |  935/1428 [0:04:54<0:02:37, 3.13Hz] | epoch=7.86, loss=0.136400
[02.12 22:55:18] ┇ INFO    ┇    DeepKNLP.gner.trainer ┇ [training]  66%|█████████████▏      |  940/1428 [0:04:55<0:02:35, 3.13Hz] | epoch=7.90, loss=0.093100
[02.12 22:55:19] ┇ INFO    ┇    DeepKNLP.gner.trainer ┇ [training]  66%|█████████████▏      |  945/1428 [0:04:57<0:02:24, 3.33Hz] | epoch=7.94, loss=0.153500
[02.12 22:55:20] ┇ INFO    ┇    DeepKNLP.gner.trainer ┇ [training]  67%|█████████████▎      |  950/1428 [0:04:58<0:02:22, 3.35Hz] | epoch=7.98, loss=0.171900
[02.12 22:55:21] ┇ INFO    ┇    DeepKNLP.gner.trainer ┇ [checking]   6%|█                   |  1/18 [0:00:00<0:00:00, 96711.72Hz]
[02.12 22:55:26] ┇ INFO    ┇    DeepKNLP.gner.trainer ┇ [checking] 100%|████████████████████| 18/18 [0:00:03<0:00:00, 4.93Hz]
[02.12 22:55:26] ┇ INFO    ┇    DeepKNLP.gner.trainer ┇ [training]  67%|█████████████▎      |  952/1428 [0:05:04<0:02:31, 3.14Hz] | epoch=8.00, eval_average=0.5802
[02.12 22:55:27] ┇ INFO    ┇    DeepKNLP.gner.trainer ┇ [training]  67%|█████████████▍      |  955/1428 [0:05:05<0:02:31, 3.13Hz] | epoch=8.03, loss=0.161000
[02.12 22:55:28] ┇ INFO    ┇    DeepKNLP.gner.trainer ┇ [training]  67%|█████████████▍      |  960/1428 [0:05:06<0:02:29, 3.13Hz] | epoch=8.07, loss=0.202000
[02.12 22:55:29] ┇ INFO    ┇    DeepKNLP.gner.trainer ┇ [training]  68%|█████████████▌      |  965/1428 [0:05:07<0:02:27, 3.13Hz] | epoch=8.11, loss=0.166300
[02.12 22:55:30] ┇ INFO    ┇    DeepKNLP.gner.trainer ┇ [training]  68%|█████████████▌      |  970/1428 [0:05:08<0:02:26, 3.13Hz] | epoch=8.15, loss=0.115400
[02.12 22:55:31] ┇ INFO    ┇    DeepKNLP.gner.trainer ┇ [training]  68%|█████████████▋      |  975/1428 [0:05:09<0:02:24, 3.13Hz] | epoch=8.19, loss=0.209200
[02.12 22:55:32] ┇ INFO    ┇    DeepKNLP.gner.trainer ┇ [training]  69%|█████████████▋      |  980/1428 [0:05:10<0:02:23, 3.13Hz] | epoch=8.23, loss=0.121900
[02.12 22:55:34] ┇ INFO    ┇    DeepKNLP.gner.trainer ┇ [training]  69%|█████████████▊      |  985/1428 [0:05:11<0:02:21, 3.13Hz] | epoch=8.28, loss=0.150700
[02.12 22:55:35] ┇ INFO    ┇    DeepKNLP.gner.trainer ┇ [training]  69%|█████████████▊      |  990/1428 [0:05:12<0:02:19, 3.13Hz] | epoch=8.32, loss=0.171800
[02.12 22:55:36] ┇ INFO    ┇    DeepKNLP.gner.trainer ┇ [training]  70%|█████████████▉      |  995/1428 [0:05:14<0:02:18, 3.13Hz] | epoch=8.36, loss=0.154400
[02.12 22:55:37] ┇ INFO    ┇    DeepKNLP.gner.trainer ┇ [training]  70%|██████████████      | 1000/1428 [0:05:15<0:02:16, 3.13Hz] | epoch=8.40, loss=0.193000
[02.12 22:55:38] ┇ INFO    ┇    DeepKNLP.gner.trainer ┇ [training]  70%|██████████████      | 1005/1428 [0:05:16<0:02:06, 3.33Hz] | epoch=8.45, loss=0.160200
[02.12 22:55:39] ┇ INFO    ┇    DeepKNLP.gner.trainer ┇ [training]  71%|██████████████▏     | 1010/1428 [0:05:17<0:02:04, 3.35Hz] | epoch=8.49, loss=0.141500
[02.12 22:55:40] ┇ INFO    ┇    DeepKNLP.gner.trainer ┇ [checking]   6%|█                   |  1/18 [0:00:00<0:00:00, 94340.98Hz]
[02.12 22:55:45] ┇ INFO    ┇    DeepKNLP.gner.trainer ┇ [checking] 100%|████████████████████| 18/18 [0:00:03<0:00:00, 4.93Hz]
[02.12 22:55:45] ┇ INFO    ┇    DeepKNLP.gner.trainer ┇ [training]  71%|██████████████▏     | 1012/1428 [0:05:23<0:02:12, 3.13Hz] | epoch=8.50, eval_average=0.5443
[02.12 22:55:46] ┇ INFO    ┇    DeepKNLP.gner.trainer ┇ [training]  71%|██████████████▏     | 1015/1428 [0:05:24<0:02:12, 3.13Hz] | epoch=8.53, loss=0.111800
[02.12 22:55:47] ┇ INFO    ┇    DeepKNLP.gner.trainer ┇ [training]  71%|██████████████▎     | 1020/1428 [0:05:25<0:02:10, 3.13Hz] | epoch=8.57, loss=0.130800
[02.12 22:55:48] ┇ INFO    ┇    DeepKNLP.gner.trainer ┇ [training]  72%|██████████████▎     | 1025/1428 [0:05:26<0:02:08, 3.13Hz] | epoch=8.61, loss=0.144900
[02.12 22:55:49] ┇ INFO    ┇    DeepKNLP.gner.trainer ┇ [training]  72%|██████████████▍     | 1030/1428 [0:05:27<0:02:07, 3.13Hz] | epoch=8.65, loss=0.166200
[02.12 22:55:51] ┇ INFO    ┇    DeepKNLP.gner.trainer ┇ [training]  72%|██████████████▍     | 1035/1428 [0:05:28<0:02:05, 3.13Hz] | epoch=8.70, loss=0.143500
[02.12 22:55:52] ┇ INFO    ┇    DeepKNLP.gner.trainer ┇ [training]  73%|██████████████▌     | 1040/1428 [0:05:29<0:02:04, 3.13Hz] | epoch=8.74, loss=0.181700
[02.12 22:55:53] ┇ INFO    ┇    DeepKNLP.gner.trainer ┇ [training]  73%|██████████████▋     | 1045/1428 [0:05:30<0:02:02, 3.13Hz] | epoch=8.78, loss=0.179900
[02.12 22:55:54] ┇ INFO    ┇    DeepKNLP.gner.trainer ┇ [training]  74%|██████████████▋     | 1050/1428 [0:05:32<0:02:00, 3.13Hz] | epoch=8.82, loss=0.115500
[02.12 22:55:55] ┇ INFO    ┇    DeepKNLP.gner.trainer ┇ [training]  74%|██████████████▊     | 1055/1428 [0:05:33<0:01:59, 3.13Hz] | epoch=8.87, loss=0.107000
[02.12 22:55:56] ┇ INFO    ┇    DeepKNLP.gner.trainer ┇ [training]  74%|██████████████▊     | 1060/1428 [0:05:34<0:01:57, 3.13Hz] | epoch=8.91, loss=0.139500
[02.12 22:55:57] ┇ INFO    ┇    DeepKNLP.gner.trainer ┇ [training]  75%|██████████████▉     | 1065/1428 [0:05:35<0:01:49, 3.32Hz] | epoch=8.95, loss=0.147600
[02.12 22:55:58] ┇ INFO    ┇    DeepKNLP.gner.trainer ┇ [training]  75%|██████████████▉     | 1070/1428 [0:05:36<0:01:47, 3.33Hz] | epoch=8.99, loss=0.166300
[02.12 22:55:59] ┇ INFO    ┇    DeepKNLP.gner.trainer ┇ [checking]   6%|█                   |  1/18 [0:00:00<0:00:00, 100413.05Hz]
[02.12 22:56:04] ┇ INFO    ┇    DeepKNLP.gner.trainer ┇ [checking] 100%|████████████████████| 18/18 [0:00:03<0:00:00, 4.86Hz]
[02.12 22:56:04] ┇ INFO    ┇    DeepKNLP.gner.trainer ┇ [training]  75%|███████████████     | 1071/1428 [0:05:42<0:01:54, 3.13Hz] | epoch=9.00, eval_average=0.5822
[02.12 22:56:05] ┇ INFO    ┇    DeepKNLP.gner.trainer ┇ [training]  75%|███████████████     | 1075/1428 [0:05:43<0:01:53, 3.12Hz] | epoch=9.03, loss=0.127700
[02.12 22:56:06] ┇ INFO    ┇    DeepKNLP.gner.trainer ┇ [training]  76%|███████████████▏    | 1080/1428 [0:05:44<0:01:51, 3.12Hz] | epoch=9.08, loss=0.119500
[02.12 22:56:07] ┇ INFO    ┇    DeepKNLP.gner.trainer ┇ [training]  76%|███████████████▏    | 1085/1428 [0:05:45<0:01:49, 3.12Hz] | epoch=9.12, loss=0.137800
[02.12 22:56:08] ┇ INFO    ┇    DeepKNLP.gner.trainer ┇ [training]  76%|███████████████▎    | 1090/1428 [0:05:46<0:01:48, 3.12Hz] | epoch=9.16, loss=0.084400
[02.12 22:56:10] ┇ INFO    ┇    DeepKNLP.gner.trainer ┇ [training]  77%|███████████████▎    | 1095/1428 [0:05:47<0:01:46, 3.12Hz] | epoch=9.20, loss=0.155900
[02.12 22:56:11] ┇ INFO    ┇    DeepKNLP.gner.trainer ┇ [training]  77%|███████████████▍    | 1100/1428 [0:05:48<0:01:45, 3.12Hz] | epoch=9.24, loss=0.151400
[02.12 22:56:12] ┇ INFO    ┇    DeepKNLP.gner.trainer ┇ [training]  77%|███████████████▍    | 1105/1428 [0:05:49<0:01:43, 3.12Hz] | epoch=9.29, loss=0.133700
[02.12 22:56:13] ┇ INFO    ┇    DeepKNLP.gner.trainer ┇ [training]  78%|███████████████▌    | 1110/1428 [0:05:51<0:01:41, 3.12Hz] | epoch=9.33, loss=0.117100
[02.12 22:56:14] ┇ INFO    ┇    DeepKNLP.gner.trainer ┇ [training]  78%|███████████████▌    | 1115/1428 [0:05:52<0:01:40, 3.12Hz] | epoch=9.37, loss=0.122800
[02.12 22:56:15] ┇ INFO    ┇    DeepKNLP.gner.trainer ┇ [training]  78%|███████████████▋    | 1120/1428 [0:05:53<0:01:38, 3.12Hz] | epoch=9.41, loss=0.163700
[02.12 22:56:16] ┇ INFO    ┇    DeepKNLP.gner.trainer ┇ [training]  79%|███████████████▊    | 1125/1428 [0:05:54<0:01:31, 3.32Hz] | epoch=9.45, loss=0.142900
[02.12 22:56:17] ┇ INFO    ┇    DeepKNLP.gner.trainer ┇ [training]  79%|███████████████▊    | 1130/1428 [0:05:55<0:01:29, 3.33Hz] | epoch=9.50, loss=0.158300
[02.12 22:56:18] ┇ INFO    ┇    DeepKNLP.gner.trainer ┇ [checking]   6%|█                   |  1/18 [0:00:00<0:00:00, 98521.98Hz]
[02.12 22:56:23] ┇ INFO    ┇    DeepKNLP.gner.trainer ┇ [checking] 100%|████████████████████| 18/18 [0:00:03<0:00:00, 4.93Hz]
[02.12 22:56:23] ┇ INFO    ┇    DeepKNLP.gner.trainer ┇ [training]  79%|███████████████▊    | 1130/1428 [0:05:55<0:01:29, 3.33Hz] | epoch=9.50, eval_average=0.5740
[02.12 22:56:24] ┇ INFO    ┇    DeepKNLP.gner.trainer ┇ [training]  79%|███████████████▉    | 1135/1428 [0:06:02<0:01:33, 3.14Hz] | epoch=9.54, loss=0.136000
[02.12 22:56:25] ┇ INFO    ┇    DeepKNLP.gner.trainer ┇ [training]  80%|███████████████▉    | 1140/1428 [0:06:03<0:01:31, 3.14Hz] | epoch=9.58, loss=0.137100
[02.12 22:56:26] ┇ INFO    ┇    DeepKNLP.gner.trainer ┇ [training]  80%|████████████████    | 1145/1428 [0:06:04<0:01:30, 3.14Hz] | epoch=9.62, loss=0.132200
[02.12 22:56:27] ┇ INFO    ┇    DeepKNLP.gner.trainer ┇ [training]  81%|████████████████    | 1150/1428 [0:06:05<0:01:28, 3.14Hz] | epoch=9.66, loss=0.166700
[02.12 22:56:28] ┇ INFO    ┇    DeepKNLP.gner.trainer ┇ [training]  81%|████████████████▏   | 1155/1428 [0:06:06<0:01:26, 3.14Hz] | epoch=9.71, loss=0.143700
[02.12 22:56:30] ┇ INFO    ┇    DeepKNLP.gner.trainer ┇ [training]  81%|████████████████▏   | 1160/1428 [0:06:07<0:01:25, 3.14Hz] | epoch=9.75, loss=0.131400
[02.12 22:56:31] ┇ INFO    ┇    DeepKNLP.gner.trainer ┇ [training]  82%|████████████████▎   | 1165/1428 [0:06:08<0:01:23, 3.14Hz] | epoch=9.79, loss=0.131100
[02.12 22:56:32] ┇ INFO    ┇    DeepKNLP.gner.trainer ┇ [training]  82%|████████████████▍   | 1170/1428 [0:06:09<0:01:22, 3.14Hz] | epoch=9.83, loss=0.142700
[02.12 22:56:33] ┇ INFO    ┇    DeepKNLP.gner.trainer ┇ [training]  82%|████████████████▍   | 1175/1428 [0:06:11<0:01:20, 3.14Hz] | epoch=9.87, loss=0.090600
[02.12 22:56:34] ┇ INFO    ┇    DeepKNLP.gner.trainer ┇ [training]  83%|████████████████▌   | 1180/1428 [0:06:12<0:01:19, 3.14Hz] | epoch=9.92, loss=0.106700
[02.12 22:56:35] ┇ INFO    ┇    DeepKNLP.gner.trainer ┇ [training]  83%|████████████████▌   | 1185/1428 [0:06:13<0:01:17, 3.14Hz] | epoch=9.96, loss=0.143500
[02.12 22:56:36] ┇ INFO    ┇    DeepKNLP.gner.trainer ┇ [training]  83%|████████████████▋   | 1190/1428 [0:06:14<0:01:11, 3.34Hz] | epoch=10.00, loss=0.140200
[02.12 22:56:37] ┇ INFO    ┇    DeepKNLP.gner.trainer ┇ [checking]   6%|█                   |  1/18 [0:00:00<0:00:00, 99314.79Hz]
[02.12 22:56:42] ┇ INFO    ┇    DeepKNLP.gner.trainer ┇ [checking] 100%|████████████████████| 18/18 [0:00:03<0:00:00, 4.90Hz]
[02.12 22:56:42] ┇ INFO    ┇    DeepKNLP.gner.trainer ┇ [training]  83%|████████████████▋   | 1190/1428 [0:06:14<0:01:11, 3.34Hz] | epoch=10.00, eval_average=0.5931
[02.12 22:56:43] ┇ INFO    ┇    DeepKNLP.gner.trainer ┇ [training]  84%|████████████████▋   | 1195/1428 [0:06:21<0:01:13, 3.15Hz] | epoch=10.04, loss=0.092900
[02.12 22:56:44] ┇ INFO    ┇    DeepKNLP.gner.trainer ┇ [training]  84%|████████████████▊   | 1200/1428 [0:06:22<0:01:12, 3.15Hz] | epoch=10.08, loss=0.146000
[02.12 22:56:45] ┇ INFO    ┇    DeepKNLP.gner.trainer ┇ [training]  84%|████████████████▉   | 1205/1428 [0:06:23<0:01:10, 3.15Hz] | epoch=10.13, loss=0.121600
[02.12 22:56:46] ┇ INFO    ┇    DeepKNLP.gner.trainer ┇ [training]  85%|████████████████▉   | 1210/1428 [0:06:24<0:01:09, 3.15Hz] | epoch=10.17, loss=0.177400
[02.12 22:56:47] ┇ INFO    ┇    DeepKNLP.gner.trainer ┇ [training]  85%|█████████████████   | 1215/1428 [0:06:25<0:01:07, 3.15Hz] | epoch=10.21, loss=0.091800
[02.12 22:56:48] ┇ INFO    ┇    DeepKNLP.gner.trainer ┇ [training]  85%|█████████████████   | 1220/1428 [0:06:26<0:01:05, 3.15Hz] | epoch=10.25, loss=0.094000
[02.12 22:56:50] ┇ INFO    ┇    DeepKNLP.gner.trainer ┇ [training]  86%|█████████████████▏  | 1225/1428 [0:06:27<0:01:04, 3.15Hz] | epoch=10.29, loss=0.091800
[02.12 22:56:51] ┇ INFO    ┇    DeepKNLP.gner.trainer ┇ [training]  86%|█████████████████▏  | 1230/1428 [0:06:28<0:01:02, 3.15Hz] | epoch=10.34, loss=0.169700
[02.12 22:56:52] ┇ INFO    ┇    DeepKNLP.gner.trainer ┇ [training]  86%|█████████████████▎  | 1235/1428 [0:06:29<0:01:01, 3.15Hz] | epoch=10.38, loss=0.126100
[02.12 22:56:53] ┇ INFO    ┇    DeepKNLP.gner.trainer ┇ [training]  87%|█████████████████▎  | 1240/1428 [0:06:31<0:00:59, 3.15Hz] | epoch=10.42, loss=0.097000
[02.12 22:56:54] ┇ INFO    ┇    DeepKNLP.gner.trainer ┇ [training]  87%|█████████████████▍  | 1245/1428 [0:06:32<0:00:58, 3.15Hz] | epoch=10.46, loss=0.068700
[02.12 22:56:55] ┇ INFO    ┇    DeepKNLP.gner.trainer ┇ [training]  88%|█████████████████▌  | 1250/1428 [0:06:33<0:00:56, 3.15Hz] | epoch=10.50, loss=0.129400
[02.12 22:56:55] ┇ INFO    ┇    DeepKNLP.gner.trainer ┇ [checking]   6%|█                   |  1/18 [0:00:00<0:00:00, 106747.04Hz]
[02.12 22:57:01] ┇ INFO    ┇    DeepKNLP.gner.trainer ┇ [checking] 100%|████████████████████| 18/18 [0:00:03<0:00:00, 4.89Hz]
[02.12 22:57:01] ┇ INFO    ┇    DeepKNLP.gner.trainer ┇ [training]  88%|█████████████████▌  | 1250/1428 [0:06:33<0:00:56, 3.15Hz] | epoch=10.50, eval_average=0.6014
[02.12 22:57:02] ┇ INFO    ┇    DeepKNLP.gner.trainer ┇ [training]  88%|█████████████████▌  | 1255/1428 [0:06:40<0:00:54, 3.16Hz] | epoch=10.55, loss=0.133700
[02.12 22:57:03] ┇ INFO    ┇    DeepKNLP.gner.trainer ┇ [training]  88%|█████████████████▋  | 1260/1428 [0:06:41<0:00:52, 3.17Hz] | epoch=10.59, loss=0.107700
[02.12 22:57:04] ┇ INFO    ┇    DeepKNLP.gner.trainer ┇ [training]  89%|█████████████████▋  | 1265/1428 [0:06:42<0:00:51, 3.17Hz] | epoch=10.63, loss=0.153200
[02.12 22:57:05] ┇ INFO    ┇    DeepKNLP.gner.trainer ┇ [training]  89%|█████████████████▊  | 1270/1428 [0:06:43<0:00:49, 3.17Hz] | epoch=10.67, loss=0.084200
[02.12 22:57:06] ┇ INFO    ┇    DeepKNLP.gner.trainer ┇ [training]  89%|█████████████████▊  | 1275/1428 [0:06:44<0:00:48, 3.17Hz] | epoch=10.71, loss=0.112200
[02.12 22:57:08] ┇ INFO    ┇    DeepKNLP.gner.trainer ┇ [training]  90%|█████████████████▉  | 1280/1428 [0:06:45<0:00:46, 3.17Hz] | epoch=10.76, loss=0.141500
[02.12 22:57:09] ┇ INFO    ┇    DeepKNLP.gner.trainer ┇ [training]  90%|█████████████████▉  | 1285/1428 [0:06:46<0:00:45, 3.17Hz] | epoch=10.80, loss=0.145700
[02.12 22:57:10] ┇ INFO    ┇    DeepKNLP.gner.trainer ┇ [training]  90%|██████████████████  | 1290/1428 [0:06:47<0:00:43, 3.17Hz] | epoch=10.84, loss=0.127900
[02.12 22:57:11] ┇ INFO    ┇    DeepKNLP.gner.trainer ┇ [training]  91%|██████████████████▏ | 1295/1428 [0:06:49<0:00:41, 3.17Hz] | epoch=10.88, loss=0.162800
[02.12 22:57:12] ┇ INFO    ┇    DeepKNLP.gner.trainer ┇ [training]  91%|██████████████████▏ | 1300/1428 [0:06:50<0:00:40, 3.17Hz] | epoch=10.92, loss=0.109600
[02.12 22:57:13] ┇ INFO    ┇    DeepKNLP.gner.trainer ┇ [training]  91%|██████████████████▎ | 1305/1428 [0:06:51<0:00:38, 3.17Hz] | epoch=10.97, loss=0.096900
[02.12 22:57:14] ┇ INFO    ┇    DeepKNLP.gner.trainer ┇ [checking]   6%|█                   |  1/18 [0:00:00<0:00:00, 98436.18Hz]
[02.12 22:57:20] ┇ INFO    ┇    DeepKNLP.gner.trainer ┇ [checking] 100%|████████████████████| 18/18 [0:00:03<0:00:00, 4.88Hz]
[02.12 22:57:20] ┇ INFO    ┇    DeepKNLP.gner.trainer ┇ [training]  92%|██████████████████▎ | 1309/1428 [0:06:57<0:00:39, 2.99Hz] | epoch=11.00, eval_average=0.5620
[02.12 22:57:20] ┇ INFO    ┇    DeepKNLP.gner.trainer ┇ [training]  92%|██████████████████▎ | 1310/1428 [0:06:58<0:00:39, 2.98Hz] | epoch=11.01, loss=0.097900
[02.12 22:57:21] ┇ INFO    ┇    DeepKNLP.gner.trainer ┇ [training]  92%|██████████████████▍ | 1315/1428 [0:06:59<0:00:35, 3.16Hz] | epoch=11.05, loss=0.162100
[02.12 22:57:22] ┇ INFO    ┇    DeepKNLP.gner.trainer ┇ [training]  92%|██████████████████▍ | 1320/1428 [0:07:00<0:00:34, 3.17Hz] | epoch=11.09, loss=0.106000
[02.12 22:57:23] ┇ INFO    ┇    DeepKNLP.gner.trainer ┇ [training]  93%|██████████████████▌ | 1325/1428 [0:07:01<0:00:32, 3.17Hz] | epoch=11.13, loss=0.103400
[02.12 22:57:24] ┇ INFO    ┇    DeepKNLP.gner.trainer ┇ [training]  93%|██████████████████▋ | 1330/1428 [0:07:02<0:00:30, 3.17Hz] | epoch=11.18, loss=0.143300
[02.12 22:57:26] ┇ INFO    ┇    DeepKNLP.gner.trainer ┇ [training]  93%|██████████████████▋ | 1335/1428 [0:07:03<0:00:29, 3.17Hz] | epoch=11.22, loss=0.151100
[02.12 22:57:27] ┇ INFO    ┇    DeepKNLP.gner.trainer ┇ [training]  94%|██████████████████▊ | 1340/1428 [0:07:04<0:00:27, 3.17Hz] | epoch=11.26, loss=0.135600
[02.12 22:57:28] ┇ INFO    ┇    DeepKNLP.gner.trainer ┇ [training]  94%|██████████████████▊ | 1345/1428 [0:07:05<0:00:26, 3.17Hz] | epoch=11.30, loss=0.103200
[02.12 22:57:29] ┇ INFO    ┇    DeepKNLP.gner.trainer ┇ [training]  95%|██████████████████▉ | 1350/1428 [0:07:07<0:00:24, 3.17Hz] | epoch=11.35, loss=0.101500
[02.12 22:57:30] ┇ INFO    ┇    DeepKNLP.gner.trainer ┇ [training]  95%|██████████████████▉ | 1355/1428 [0:07:08<0:00:23, 3.17Hz] | epoch=11.39, loss=0.099100
[02.12 22:57:31] ┇ INFO    ┇    DeepKNLP.gner.trainer ┇ [training]  95%|███████████████████ | 1360/1428 [0:07:09<0:00:21, 3.17Hz] | epoch=11.43, loss=0.142700
[02.12 22:57:32] ┇ INFO    ┇    DeepKNLP.gner.trainer ┇ [training]  96%|███████████████████ | 1365/1428 [0:07:10<0:00:19, 3.17Hz] | epoch=11.47, loss=0.118500
[02.12 22:57:33] ┇ INFO    ┇    DeepKNLP.gner.trainer ┇ [checking]   6%|█                   |  1/18 [0:00:00<0:00:00, 87779.58Hz]
[02.12 22:57:39] ┇ INFO    ┇    DeepKNLP.gner.trainer ┇ [checking] 100%|████████████████████| 18/18 [0:00:03<0:00:00, 4.92Hz]
[02.12 22:57:39] ┇ INFO    ┇    DeepKNLP.gner.trainer ┇ [training]  96%|███████████████████▏| 1368/1428 [0:07:16<0:00:20, 2.99Hz] | epoch=11.50, eval_average=0.5820
[02.12 22:57:39] ┇ INFO    ┇    DeepKNLP.gner.trainer ┇ [training]  96%|███████████████████▏| 1370/1428 [0:07:17<0:00:19, 2.98Hz] | epoch=11.51, loss=0.101800
[02.12 22:57:40] ┇ INFO    ┇    DeepKNLP.gner.trainer ┇ [training]  96%|███████████████████▎| 1375/1428 [0:07:18<0:00:16, 3.16Hz] | epoch=11.55, loss=0.098300
[02.12 22:57:41] ┇ INFO    ┇    DeepKNLP.gner.trainer ┇ [training]  97%|███████████████████▎| 1380/1428 [0:07:19<0:00:15, 3.17Hz] | epoch=11.60, loss=0.104100
[02.12 22:57:42] ┇ INFO    ┇    DeepKNLP.gner.trainer ┇ [training]  97%|███████████████████▍| 1385/1428 [0:07:20<0:00:13, 3.17Hz] | epoch=11.64, loss=0.098000
[02.12 22:57:44] ┇ INFO    ┇    DeepKNLP.gner.trainer ┇ [training]  97%|███████████████████▍| 1390/1428 [0:07:21<0:00:11, 3.17Hz] | epoch=11.68, loss=0.092400
[02.12 22:57:45] ┇ INFO    ┇    DeepKNLP.gner.trainer ┇ [training]  98%|███████████████████▌| 1395/1428 [0:07:22<0:00:10, 3.17Hz] | epoch=11.72, loss=0.097000
[02.12 22:57:46] ┇ INFO    ┇    DeepKNLP.gner.trainer ┇ [training]  98%|███████████████████▌| 1400/1428 [0:07:23<0:00:08, 3.17Hz] | epoch=11.77, loss=0.107300
[02.12 22:57:47] ┇ INFO    ┇    DeepKNLP.gner.trainer ┇ [training]  98%|███████████████████▋| 1405/1428 [0:07:24<0:00:07, 3.17Hz] | epoch=11.81, loss=0.095300
[02.12 22:57:48] ┇ INFO    ┇    DeepKNLP.gner.trainer ┇ [training]  99%|███████████████████▋| 1410/1428 [0:07:26<0:00:05, 3.17Hz] | epoch=11.85, loss=0.085600
[02.12 22:57:49] ┇ INFO    ┇    DeepKNLP.gner.trainer ┇ [training]  99%|███████████████████▊| 1415/1428 [0:07:27<0:00:04, 3.17Hz] | epoch=11.89, loss=0.105100
[02.12 22:57:50] ┇ INFO    ┇    DeepKNLP.gner.trainer ┇ [training]  99%|███████████████████▉| 1420/1428 [0:07:28<0:00:02, 3.17Hz] | epoch=11.93, loss=0.079600
[02.12 22:57:51] ┇ INFO    ┇    DeepKNLP.gner.trainer ┇ [training] 100%|███████████████████▉| 1425/1428 [0:07:29<0:00:00, 3.17Hz] | epoch=11.97, loss=0.107900
[02.12 22:57:52] ┇ INFO    ┇    DeepKNLP.gner.trainer ┇ [checking]   6%|█                   |  1/18 [0:00:00<0:00:00, 94340.98Hz]
[02.12 22:57:57] ┇ INFO    ┇    DeepKNLP.gner.trainer ┇ [checking] 100%|████████████████████| 18/18 [0:00:03<0:00:00, 4.87Hz]
[02.12 22:57:57] ┇ INFO    ┇    DeepKNLP.gner.trainer ┇ [training] 100%|████████████████████| 1428/1428 [0:07:35<0:00:00, 2.99Hz] | epoch=12.00, eval_average=0.5968
[02.12 22:57:57] ┇ INFO    ┇    DeepKNLP.gner.trainer ┇ [training] 100%|████████████████████| 1428/1428 [0:07:35<0:00:00, 2.99Hz] | epoch=12.00, train_loss=0.2778, total_pflos=15.487
[02.12 22:57:57] ┇ INFO    ┇    DeepKNLP.gner.trainer ┇ -----------------------------------------------------------------------------------------------------------------------------------------
[02.12 22:57:58] ┇ INFO    ┇                 DeepKNLP ┇ Train output metrics: {'train_runtime': 455.6269, 'train_samples_per_second': 99.608, 'train_steps_per_second': 3.134, 'total_flos': 1.5487210551771136e+16, 'train_loss': 0.2777626334118242, 'epoch': 12.0}
[02.12 22:57:58] ┇ INFO    ┇           chrisbase.data ┇ =========================================================================================================================================
[02.12 22:57:58] ┇ INFO    ┇           chrisbase.data ┇ [EXIT] python task2-nerG-trainer.py --local_rank=0 --trainer_deepspeed configs/deepspeed/ds2_t5.json --run_version FlanT5-Base-WQ=1 --pretrained google/flan-t5-base --eval_epochs 0.5 --logging_steps 5 --num_train_epochs 12 --per_device_eval_batch_size 50 --per_device_train_batch_size 8 --gradient_accumulation_steps 1 --generation_max_length 640 --eval_file data/gner/each-sampled-WQ=1/crossner_literature-dev=100-WQ=1.jsonl --train_file data/gner/each-WQ=1/crossner_literature-train-WQ=1.jsonl --output_file train-metrics-crossner_literature-12ep.csv --logging_file train-loggings-crossner_literature-12ep.out --no_use_flash_attention --no_debugging ($=00:07:46.889)
[02.12 22:57:58] ┇ INFO    ┇           chrisbase.data ┇ =========================================================================================================================================
[02.12 22:57:58] ┇ INFO    ┇ torch._inductor.remote_cache ┇ Cache Metrics: None

[02.12 22:57:58] ┇ INFO    ┇ torch._dynamo.eval_frame ┇ TorchDynamo attempted to trace the following frames: [

]
[02.12 22:57:58] ┇ INFO    ┇      torch._dynamo.utils ┇ TorchDynamo compilation metrics:
Function    Runtimes (s)
----------  --------------
[02.12 22:57:58] ┇ INFO    ┇ torch._subclasses.fake_tensor ┇ FakeTensor cache stats:
[02.12 22:57:58] ┇ INFO    ┇ torch._subclasses.fake_tensor ┇   cache_hits: 0
[02.12 22:57:58] ┇ INFO    ┇ torch._subclasses.fake_tensor ┇   cache_misses: 0
[02.12 22:57:58] ┇ INFO    ┇ torch._inductor.remote_cache ┇ Cache Metrics: None

[02.12 22:57:58] ┇ INFO    ┇ torch._dynamo.eval_frame ┇ TorchDynamo attempted to trace the following frames: [

]
[02.12 22:57:58] ┇ INFO    ┇      torch._dynamo.utils ┇ TorchDynamo compilation metrics:
Function    Runtimes (s)
----------  --------------
[02.12 22:57:58] ┇ INFO    ┇ torch._subclasses.fake_tensor ┇ FakeTensor cache stats:
[02.12 22:57:59] ┇ INFO    ┇ torch._subclasses.fake_tensor ┇   cache_hits: 0
[02.12 22:57:59] ┇ INFO    ┇ torch._subclasses.fake_tensor ┇   cache_misses: 0
[02.12 22:57:59] ┇ INFO    ┇ torch._inductor.remote_cache ┇ Cache Metrics: None

[02.12 22:57:59] ┇ INFO    ┇ torch._dynamo.eval_frame ┇ TorchDynamo attempted to trace the following frames: [

]
[02.12 22:57:59] ┇ INFO    ┇      torch._dynamo.utils ┇ TorchDynamo compilation metrics:
Function    Runtimes (s)
----------  --------------
[02.12 22:57:59] ┇ INFO    ┇ torch._inductor.remote_cache ┇ Cache Metrics: None

[02.12 22:57:59] ┇ INFO    ┇ torch._dynamo.eval_frame ┇ TorchDynamo attempted to trace the following frames: [

]
[02.12 22:57:59] ┇ INFO    ┇ torch._subclasses.fake_tensor ┇ FakeTensor cache stats:
[02.12 22:57:59] ┇ INFO    ┇      torch._dynamo.utils ┇ TorchDynamo compilation metrics:
Function    Runtimes (s)
----------  --------------
[02.12 22:57:59] ┇ INFO    ┇ torch._subclasses.fake_tensor ┇   cache_hits: 0
[02.12 22:57:59] ┇ INFO    ┇ torch._subclasses.fake_tensor ┇   cache_misses: 0
[02.12 22:58:00] ┇ INFO    ┇ torch._subclasses.fake_tensor ┇ FakeTensor cache stats:
[02.12 22:58:00] ┇ INFO    ┇ torch._subclasses.fake_tensor ┇   cache_hits: 0
[02.12 22:58:00] ┇ INFO    ┇ torch._subclasses.fake_tensor ┇   cache_misses: 0
