[02.04 13:20:06] ┇ INFO    ┇           chrisbase.data ┇ =========================================================================================================================================
[02.04 13:20:06] ┇ INFO    ┇           chrisbase.data ┇ [INIT] python task2-nerG-trainer.py --local_rank=0 --pretrained google/flan-t5-small --run_version FLAN-T5-Small-Baseline --train_file data/gner/each/crossner_ai-train.jsonl --eval_file data/gner/each-sampled/crossner_ai-dev=100.jsonl --num_train_epochs 12 --eval_epochs 0.5 --per_device_train_batch_size 1 --output_file train-metrics-crossner_ai-12ep.csv --logging_file train-loggings-crossner_ai-12ep.out --trainer_deepspeed configs/deepspeed/ds2_llama.json
[02.04 13:20:06] ┇ INFO    ┇           chrisbase.data ┇ =========================================================================================================================================
[02.04 13:20:06] ┇ INFO    ┇           chrisbase.data ┇ -----------------------------------------------------------------------------------------------------------------------------------------
[02.04 13:20:06] ┇ INFO    ┇           chrisbase.data ┇   #	TrainingArgumentsForAccelerator              	value
[02.04 13:20:06] ┇ INFO    ┇           chrisbase.data ┇ -----------------------------------------------------------------------------------------------------------------------------------------
[02.04 13:20:06] ┇ INFO    ┇           chrisbase.data ┇   1	env.hostname                                 	dgx-a100
[02.04 13:20:06] ┇ INFO    ┇           chrisbase.data ┇   2	env.hostaddr                                 	129.254.23.12
[02.04 13:20:06] ┇ INFO    ┇           chrisbase.data ┇   3	env.global_rank                              	-1
[02.04 13:20:06] ┇ INFO    ┇           chrisbase.data ┇   4	env.local_rank                               	0
[02.04 13:20:06] ┇ INFO    ┇           chrisbase.data ┇   5	env.node_rank                                	-1
[02.04 13:20:06] ┇ INFO    ┇           chrisbase.data ┇   6	env.world_size                               	4
[02.04 13:20:06] ┇ INFO    ┇           chrisbase.data ┇   7	env.time_stamp                               	0204-131953
[02.04 13:20:06] ┇ INFO    ┇           chrisbase.data ┇   8	env.python_path                              	/raid/chrisjihee/miniforge3/envs/DeepKNLP/bin/python
[02.04 13:20:06] ┇ INFO    ┇           chrisbase.data ┇   9	env.current_dir                              	/raid/chrisjihee/proj/DeepKNLP
[02.04 13:20:06] ┇ INFO    ┇           chrisbase.data ┇  10	env.current_file                             	task2-nerG-trainer.py
[02.04 13:20:06] ┇ INFO    ┇           chrisbase.data ┇  11	env.command_args                             	['--local_rank=0', '--pretrained', 'google/flan-t5-small', '--run_version', 'FLAN-T5-Small-Baseline', '--train_file', 'data/gner/each/crossner_ai-train.jsonl', '--eval_file', 'data/gner/each-sampled/crossner_ai-dev=100.jsonl', '--num_train_epochs', '12', '--eval_epochs', '0.5', '--per_device_train_batch_size', '1', '--output_file', 'train-metrics-crossner_ai-12ep.csv', '--logging_file', 'train-loggings-crossner_ai-12ep.out', '--trainer_deepspeed', 'configs/deepspeed/ds2_llama.json']
[02.04 13:20:06] ┇ INFO    ┇           chrisbase.data ┇  12	env.output_home                              	output
[02.04 13:20:06] ┇ INFO    ┇           chrisbase.data ┇  13	env.output_name                              	GNER
[02.04 13:20:06] ┇ INFO    ┇           chrisbase.data ┇  14	env.run_version                              	FLAN-T5-Small-Baseline
[02.04 13:20:06] ┇ INFO    ┇           chrisbase.data ┇  15	env.output_file                              	train-metrics-crossner_ai-12ep-0204-131953.csv
[02.04 13:20:06] ┇ INFO    ┇           chrisbase.data ┇  16	env.logging_file                             	train-loggings-crossner_ai-12ep-0204-131953.out
[02.04 13:20:06] ┇ INFO    ┇           chrisbase.data ┇  17	env.logging_level                            	30
[02.04 13:20:06] ┇ INFO    ┇           chrisbase.data ┇  18	env.logging_format                           	%(asctime)s ┇ %(levelname)-7s ┇ %(name)24s ┇ %(message)s
[02.04 13:20:06] ┇ INFO    ┇           chrisbase.data ┇  19	env.datetime_format                          	[%m.%d %H:%M:%S]
[02.04 13:20:06] ┇ INFO    ┇           chrisbase.data ┇  20	env.argument_file                            	train-arguments-0204-131953.json
[02.04 13:20:06] ┇ INFO    ┇           chrisbase.data ┇  21	env.random_seed                              	7
[02.04 13:20:06] ┇ INFO    ┇           chrisbase.data ┇  22	env.max_workers                              	4
[02.04 13:20:06] ┇ INFO    ┇           chrisbase.data ┇  23	env.debugging                                	False
[02.04 13:20:06] ┇ INFO    ┇           chrisbase.data ┇  24	env.output_dir                               	output/GNER/FLAN-T5-Small-Baseline
[02.04 13:20:06] ┇ INFO    ┇           chrisbase.data ┇  25	time.t1                                      	2025-02-04 13:20:06.210734
[02.04 13:20:06] ┇ INFO    ┇           chrisbase.data ┇  26	time.t2                                      	2025-02-04 13:19:51.812159
[02.04 13:20:06] ┇ INFO    ┇           chrisbase.data ┇  27	time.started                                 	[02.04 13:20:06]
[02.04 13:20:06] ┇ INFO    ┇           chrisbase.data ┇  28	time.settled
[02.04 13:20:06] ┇ INFO    ┇           chrisbase.data ┇  29	time.elapsed
[02.04 13:20:06] ┇ INFO    ┇           chrisbase.data ┇  30	data.train_file                              	data/gner/each/crossner_ai-train.jsonl
[02.04 13:20:06] ┇ INFO    ┇           chrisbase.data ┇  31	data.study_file
[02.04 13:20:06] ┇ INFO    ┇           chrisbase.data ┇  32	data.eval_file                               	data/gner/each-sampled/crossner_ai-dev=100.jsonl
[02.04 13:20:06] ┇ INFO    ┇           chrisbase.data ┇  33	data.pred_file
[02.04 13:20:06] ┇ INFO    ┇           chrisbase.data ┇  34	data.pretrained                              	google/flan-t5-small
[02.04 13:20:06] ┇ INFO    ┇           chrisbase.data ┇  35	data.max_train_samples                       	-1
[02.04 13:20:06] ┇ INFO    ┇           chrisbase.data ┇  36	data.max_study_samples                       	-1
[02.04 13:20:06] ┇ INFO    ┇           chrisbase.data ┇  37	data.max_eval_samples                        	-1
[02.04 13:20:06] ┇ INFO    ┇           chrisbase.data ┇  38	data.max_pred_samples                        	-1
[02.04 13:20:06] ┇ INFO    ┇           chrisbase.data ┇  39	data.use_cache_data                          	False
[02.04 13:20:06] ┇ INFO    ┇           chrisbase.data ┇  40	data.progress_seconds                        	10.0
[02.04 13:20:06] ┇ INFO    ┇           chrisbase.data ┇  41	data.max_source_length                       	640
[02.04 13:20:06] ┇ INFO    ┇           chrisbase.data ┇  42	data.max_target_length                       	640
[02.04 13:20:06] ┇ INFO    ┇           chrisbase.data ┇  43	data.write_predictions                       	False
[02.04 13:20:06] ┇ INFO    ┇           chrisbase.data ┇  44	data.ignore_pad_token_for_loss               	True
[02.04 13:20:06] ┇ INFO    ┇           chrisbase.data ┇  45	train._n_gpu                                 	1
[02.04 13:20:06] ┇ INFO    ┇           chrisbase.data ┇  46	train.accelerator_config                     	{'split_batches': False, 'dispatch_batches': None, 'even_batches': True, 'use_seedable_sampler': True, 'non_blocking': False, 'gradient_accumulation_kwargs': None, 'use_configured_state': False}
[02.04 13:20:06] ┇ INFO    ┇           chrisbase.data ┇  47	train.adafactor                              	False
[02.04 13:20:06] ┇ INFO    ┇           chrisbase.data ┇  48	train.adam_beta1                             	0.9
[02.04 13:20:06] ┇ INFO    ┇           chrisbase.data ┇  49	train.adam_beta2                             	0.999
[02.04 13:20:06] ┇ INFO    ┇           chrisbase.data ┇  50	train.adam_epsilon                           	1e-08
[02.04 13:20:06] ┇ INFO    ┇           chrisbase.data ┇  51	train.auto_find_batch_size                   	False
[02.04 13:20:06] ┇ INFO    ┇           chrisbase.data ┇  52	train.average_tokens_across_devices          	False
[02.04 13:20:06] ┇ INFO    ┇           chrisbase.data ┇  53	train.batch_eval_metrics                     	False
[02.04 13:20:06] ┇ INFO    ┇           chrisbase.data ┇  54	train.bf16                                   	True
[02.04 13:20:06] ┇ INFO    ┇           chrisbase.data ┇  55	train.bf16_full_eval                         	True
[02.04 13:20:06] ┇ INFO    ┇           chrisbase.data ┇  56	train.data_seed
[02.04 13:20:06] ┇ INFO    ┇           chrisbase.data ┇  57	train.dataloader_drop_last                   	False
[02.04 13:20:06] ┇ INFO    ┇           chrisbase.data ┇  58	train.dataloader_num_workers                 	0
[02.04 13:20:06] ┇ INFO    ┇           chrisbase.data ┇  59	train.dataloader_persistent_workers          	False
[02.04 13:20:06] ┇ INFO    ┇           chrisbase.data ┇  60	train.dataloader_pin_memory                  	True
[02.04 13:20:06] ┇ INFO    ┇           chrisbase.data ┇  61	train.dataloader_prefetch_factor
[02.04 13:20:06] ┇ INFO    ┇           chrisbase.data ┇  62	train.ddp_backend
[02.04 13:20:06] ┇ INFO    ┇           chrisbase.data ┇  63	train.ddp_broadcast_buffers
[02.04 13:20:06] ┇ INFO    ┇           chrisbase.data ┇  64	train.ddp_bucket_cap_mb
[02.04 13:20:06] ┇ INFO    ┇           chrisbase.data ┇  65	train.ddp_find_unused_parameters
[02.04 13:20:06] ┇ INFO    ┇           chrisbase.data ┇  66	train.ddp_timeout                            	1800
[02.04 13:20:06] ┇ INFO    ┇           chrisbase.data ┇  67	train.debug                                  	[]
[02.04 13:20:06] ┇ INFO    ┇           chrisbase.data ┇  68	train.deepspeed                              	configs/deepspeed/ds2_llama.json
[02.04 13:20:06] ┇ INFO    ┇           chrisbase.data ┇  69	train.disable_tqdm                           	True
[02.04 13:20:06] ┇ INFO    ┇           chrisbase.data ┇  70	train.dispatch_batches
[02.04 13:20:06] ┇ INFO    ┇           chrisbase.data ┇  71	train.do_eval                                	True
[02.04 13:20:06] ┇ INFO    ┇           chrisbase.data ┇  72	train.do_predict                             	False
[02.04 13:20:06] ┇ INFO    ┇           chrisbase.data ┇  73	train.do_train                               	True
[02.04 13:20:06] ┇ INFO    ┇           chrisbase.data ┇  74	train.eval_accumulation_steps                	1
[02.04 13:20:06] ┇ INFO    ┇           chrisbase.data ┇  75	train.eval_delay                             	0.0
[02.04 13:20:06] ┇ INFO    ┇           chrisbase.data ┇  76	train.eval_do_concat_batches                 	True
[02.04 13:20:06] ┇ INFO    ┇           chrisbase.data ┇  77	train.eval_epochs                            	0.5
[02.04 13:20:06] ┇ INFO    ┇           chrisbase.data ┇  78	train.eval_on_start                          	False
[02.04 13:20:06] ┇ INFO    ┇           chrisbase.data ┇  79	train.eval_steps                             	9223372036854775807
[02.04 13:20:06] ┇ INFO    ┇           chrisbase.data ┇  80	train.eval_strategy                          	IntervalStrategy.NO
[02.04 13:20:06] ┇ INFO    ┇           chrisbase.data ┇  81	train.eval_use_gather_object                 	False
[02.04 13:20:06] ┇ INFO    ┇           chrisbase.data ┇  82	train.evaluation_strategy
[02.04 13:20:06] ┇ INFO    ┇           chrisbase.data ┇  83	train.fp16                                   	False
[02.04 13:20:06] ┇ INFO    ┇           chrisbase.data ┇  84	train.fp16_backend                           	auto
[02.04 13:20:06] ┇ INFO    ┇           chrisbase.data ┇  85	train.fp16_full_eval                         	False
[02.04 13:20:06] ┇ INFO    ┇           chrisbase.data ┇  86	train.fp16_opt_level                         	O1
[02.04 13:20:06] ┇ INFO    ┇           chrisbase.data ┇  87	train.fsdp                                   	[]
[02.04 13:20:06] ┇ INFO    ┇           chrisbase.data ┇  88	train.fsdp_config                            	{'min_num_params': 0, 'xla': False, 'xla_fsdp_v2': False, 'xla_fsdp_grad_ckpt': False}
[02.04 13:20:06] ┇ INFO    ┇           chrisbase.data ┇  89	train.fsdp_min_num_params                    	0
[02.04 13:20:06] ┇ INFO    ┇           chrisbase.data ┇  90	train.fsdp_transformer_layer_cls_to_wrap
[02.04 13:20:06] ┇ INFO    ┇           chrisbase.data ┇  91	train.full_determinism                       	False
[02.04 13:20:06] ┇ INFO    ┇           chrisbase.data ┇  92	train.generation_config
[02.04 13:20:06] ┇ INFO    ┇           chrisbase.data ┇  93	train.generation_max_length                  	640
[02.04 13:20:06] ┇ INFO    ┇           chrisbase.data ┇  94	train.generation_num_beams
[02.04 13:20:06] ┇ INFO    ┇           chrisbase.data ┇  95	train.gradient_accumulation_steps            	1
[02.04 13:20:06] ┇ INFO    ┇           chrisbase.data ┇  96	train.gradient_checkpointing                 	True
[02.04 13:20:06] ┇ INFO    ┇           chrisbase.data ┇  97	train.gradient_checkpointing_kwargs
[02.04 13:20:06] ┇ INFO    ┇           chrisbase.data ┇  98	train.greater_is_better
[02.04 13:20:06] ┇ INFO    ┇           chrisbase.data ┇  99	train.group_by_length                        	False
[02.04 13:20:06] ┇ INFO    ┇           chrisbase.data ┇ 100	train.half_precision_backend                 	auto
[02.04 13:20:06] ┇ INFO    ┇           chrisbase.data ┇ 101	train.hub_always_push                        	False
[02.04 13:20:06] ┇ INFO    ┇           chrisbase.data ┇ 102	train.hub_model_id
[02.04 13:20:06] ┇ INFO    ┇           chrisbase.data ┇ 103	train.hub_private_repo
[02.04 13:20:06] ┇ INFO    ┇           chrisbase.data ┇ 104	train.hub_strategy                           	HubStrategy.EVERY_SAVE
[02.04 13:20:06] ┇ INFO    ┇           chrisbase.data ┇ 105	train.hub_token
[02.04 13:20:06] ┇ INFO    ┇           chrisbase.data ┇ 106	train.ignore_data_skip                       	False
[02.04 13:20:06] ┇ INFO    ┇           chrisbase.data ┇ 107	train.include_for_metrics                    	[]
[02.04 13:20:06] ┇ INFO    ┇           chrisbase.data ┇ 108	train.include_inputs_for_metrics             	False
[02.04 13:20:06] ┇ INFO    ┇           chrisbase.data ┇ 109	train.include_num_input_tokens_seen          	False
[02.04 13:20:06] ┇ INFO    ┇           chrisbase.data ┇ 110	train.include_tokens_per_second              	False
[02.04 13:20:06] ┇ INFO    ┇           chrisbase.data ┇ 111	train.jit_mode_eval                          	False
[02.04 13:20:06] ┇ INFO    ┇           chrisbase.data ┇ 112	train.label_names
[02.04 13:20:06] ┇ INFO    ┇           chrisbase.data ┇ 113	train.label_smoothing_factor                 	0.0
[02.04 13:20:06] ┇ INFO    ┇           chrisbase.data ┇ 114	train.learning_rate                          	2e-05
[02.04 13:20:06] ┇ INFO    ┇           chrisbase.data ┇ 115	train.length_column_name                     	length
[02.04 13:20:06] ┇ INFO    ┇           chrisbase.data ┇ 116	train.load_best_model_at_end                 	False
[02.04 13:20:06] ┇ INFO    ┇           chrisbase.data ┇ 117	train.local_rank                             	0
[02.04 13:20:06] ┇ INFO    ┇           chrisbase.data ┇ 118	train.log_level                              	warning
[02.04 13:20:06] ┇ INFO    ┇           chrisbase.data ┇ 119	train.log_level_replica                      	error
[02.04 13:20:06] ┇ INFO    ┇           chrisbase.data ┇ 120	train.log_on_each_node                       	True
[02.04 13:20:06] ┇ INFO    ┇           chrisbase.data ┇ 121	train.logging_dir                            	output/GNER/FLAN-T5-Small-Baseline/runs/Feb04_13-20-03_dgx-a100
[02.04 13:20:06] ┇ INFO    ┇           chrisbase.data ┇ 122	train.logging_epochs                         	-1.0
[02.04 13:20:06] ┇ INFO    ┇           chrisbase.data ┇ 123	train.logging_first_step                     	False
[02.04 13:20:06] ┇ INFO    ┇           chrisbase.data ┇ 124	train.logging_nan_inf_filter                 	True
[02.04 13:20:06] ┇ INFO    ┇           chrisbase.data ┇ 125	train.logging_steps                          	1
[02.04 13:20:06] ┇ INFO    ┇           chrisbase.data ┇ 126	train.logging_strategy                       	IntervalStrategy.STEPS
[02.04 13:20:06] ┇ INFO    ┇           chrisbase.data ┇ 127	train.lr_scheduler_kwargs                    	{}
[02.04 13:20:06] ┇ INFO    ┇           chrisbase.data ┇ 128	train.lr_scheduler_type                      	SchedulerType.COSINE
[02.04 13:20:06] ┇ INFO    ┇           chrisbase.data ┇ 129	train.max_grad_norm                          	1.0
[02.04 13:20:06] ┇ INFO    ┇           chrisbase.data ┇ 130	train.max_steps                              	-1
[02.04 13:20:06] ┇ INFO    ┇           chrisbase.data ┇ 131	train.metric_for_best_model
[02.04 13:20:06] ┇ INFO    ┇           chrisbase.data ┇ 132	train.mp_parameters
[02.04 13:20:06] ┇ INFO    ┇           chrisbase.data ┇ 133	train.neftune_noise_alpha
[02.04 13:20:06] ┇ INFO    ┇           chrisbase.data ┇ 134	train.no_cuda                                	False
[02.04 13:20:06] ┇ INFO    ┇           chrisbase.data ┇ 135	train.num_train_epochs                       	12.0
[02.04 13:20:06] ┇ INFO    ┇           chrisbase.data ┇ 136	train.optim                                  	OptimizerNames.ADAMW_TORCH
[02.04 13:20:06] ┇ INFO    ┇           chrisbase.data ┇ 137	train.optim_args
[02.04 13:20:06] ┇ INFO    ┇           chrisbase.data ┇ 138	train.optim_target_modules
[02.04 13:20:06] ┇ INFO    ┇           chrisbase.data ┇ 139	train.output_dir                             	output/GNER/FLAN-T5-Small-Baseline
[02.04 13:20:06] ┇ INFO    ┇           chrisbase.data ┇ 140	train.overwrite_output_dir                   	True
[02.04 13:20:06] ┇ INFO    ┇           chrisbase.data ┇ 141	train.past_index                             	-1
[02.04 13:20:06] ┇ INFO    ┇           chrisbase.data ┇ 142	train.per_device_eval_batch_size             	25
[02.04 13:20:06] ┇ INFO    ┇           chrisbase.data ┇ 143	train.per_device_train_batch_size            	1
[02.04 13:20:06] ┇ INFO    ┇           chrisbase.data ┇ 144	train.per_gpu_eval_batch_size
[02.04 13:20:06] ┇ INFO    ┇           chrisbase.data ┇ 145	train.per_gpu_train_batch_size
[02.04 13:20:06] ┇ INFO    ┇           chrisbase.data ┇ 146	train.predict_with_generate                  	True
[02.04 13:20:06] ┇ INFO    ┇           chrisbase.data ┇ 147	train.prediction_loss_only                   	False
[02.04 13:20:06] ┇ INFO    ┇           chrisbase.data ┇ 148	train.push_to_hub                            	False
[02.04 13:20:06] ┇ INFO    ┇           chrisbase.data ┇ 149	train.push_to_hub_model_id
[02.04 13:20:06] ┇ INFO    ┇           chrisbase.data ┇ 150	train.push_to_hub_organization
[02.04 13:20:06] ┇ INFO    ┇           chrisbase.data ┇ 151	train.push_to_hub_token
[02.04 13:20:06] ┇ INFO    ┇           chrisbase.data ┇ 152	train.ray_scope                              	last
[02.04 13:20:06] ┇ INFO    ┇           chrisbase.data ┇ 153	train.remove_unused_columns                  	False
[02.04 13:20:06] ┇ INFO    ┇           chrisbase.data ┇ 154	train.report_to                              	[]
[02.04 13:20:06] ┇ INFO    ┇           chrisbase.data ┇ 155	train.restore_callback_states_from_checkpoint	False
[02.04 13:20:06] ┇ INFO    ┇           chrisbase.data ┇ 156	train.resume_from_checkpoint
[02.04 13:20:06] ┇ INFO    ┇           chrisbase.data ┇ 157	train.run_name                               	output/GNER/FLAN-T5-Small-Baseline
[02.04 13:20:06] ┇ INFO    ┇           chrisbase.data ┇ 158	train.save_epochs                            	-1.0
[02.04 13:20:06] ┇ INFO    ┇           chrisbase.data ┇ 159	train.save_on_each_node                      	False
[02.04 13:20:06] ┇ INFO    ┇           chrisbase.data ┇ 160	train.save_only_model                        	False
[02.04 13:20:06] ┇ INFO    ┇           chrisbase.data ┇ 161	train.save_safetensors                       	True
[02.04 13:20:06] ┇ INFO    ┇           chrisbase.data ┇ 162	train.save_steps                             	9223372036854775807
[02.04 13:20:06] ┇ INFO    ┇           chrisbase.data ┇ 163	train.save_strategy                          	SaveStrategy.NO
[02.04 13:20:06] ┇ INFO    ┇           chrisbase.data ┇ 164	train.save_total_limit
[02.04 13:20:06] ┇ INFO    ┇           chrisbase.data ┇ 165	train.seed                                   	7
[02.04 13:20:06] ┇ INFO    ┇           chrisbase.data ┇ 166	train.skip_memory_metrics                    	True
[02.04 13:20:06] ┇ INFO    ┇           chrisbase.data ┇ 167	train.sortish_sampler                        	False
[02.04 13:20:06] ┇ INFO    ┇           chrisbase.data ┇ 168	train.split_batches
[02.04 13:20:06] ┇ INFO    ┇           chrisbase.data ┇ 169	train.tf32                                   	True
[02.04 13:20:06] ┇ INFO    ┇           chrisbase.data ┇ 170	train.torch_compile                          	False
[02.04 13:20:06] ┇ INFO    ┇           chrisbase.data ┇ 171	train.torch_compile_backend
[02.04 13:20:06] ┇ INFO    ┇           chrisbase.data ┇ 172	train.torch_compile_mode
[02.04 13:20:06] ┇ INFO    ┇           chrisbase.data ┇ 173	train.torch_empty_cache_steps
[02.04 13:20:06] ┇ INFO    ┇           chrisbase.data ┇ 174	train.torchdynamo
[02.04 13:20:06] ┇ INFO    ┇           chrisbase.data ┇ 175	train.tpu_metrics_debug                      	False
[02.04 13:20:06] ┇ INFO    ┇           chrisbase.data ┇ 176	train.tpu_num_cores
[02.04 13:20:06] ┇ INFO    ┇           chrisbase.data ┇ 177	train.use_cpu                                	False
[02.04 13:20:06] ┇ INFO    ┇           chrisbase.data ┇ 178	train.use_ipex                               	False
[02.04 13:20:06] ┇ INFO    ┇           chrisbase.data ┇ 179	train.use_legacy_prediction_loop             	False
[02.04 13:20:06] ┇ INFO    ┇           chrisbase.data ┇ 180	train.use_liger_kernel                       	False
[02.04 13:20:06] ┇ INFO    ┇           chrisbase.data ┇ 181	train.use_mps_device                         	False
[02.04 13:20:06] ┇ INFO    ┇           chrisbase.data ┇ 182	train.warmup_ratio                           	0.04
[02.04 13:20:06] ┇ INFO    ┇           chrisbase.data ┇ 183	train.warmup_steps                           	0
[02.04 13:20:06] ┇ INFO    ┇           chrisbase.data ┇ 184	train.weight_decay                           	0.0
[02.04 13:20:06] ┇ INFO    ┇           chrisbase.data ┇ -----------------------------------------------------------------------------------------------------------------------------------------
[02.04 13:20:13] ┇ INFO    ┇                 DeepKNLP ┇ type(model)=<class 'transformers.models.t5.modeling_t5.T5ForConditionalGeneration'>
[02.04 13:20:13] ┇ INFO    ┇                 DeepKNLP ┇ model.generation_config.pad_token_id=0
[02.04 13:20:14] ┇ INFO    ┇                 DeepKNLP ┇ Loaded raw train_dataset (#=100): data/gner/each/crossner_ai-train.jsonl
[02.04 13:20:14] ┇ INFO    ┇                 DeepKNLP ┇ Preprocess train_dataset:   4%|▊                   |   4/100 [0:00:00<0:00:04, 21.39Hz]
[02.04 13:20:14] ┇ INFO    ┇                 DeepKNLP ┇ Preprocess train_dataset: 100%|████████████████████| 100/100 [0:00:00<0:00:00, 474.03Hz]
[02.04 13:20:14] ┇ INFO    ┇                 DeepKNLP ┇ Completed preprocessing for train_dataset by google/flan-t5-small at [02.04 13:20:14]
[02.04 13:20:14] ┇ INFO    ┇                 DeepKNLP ┇ Loaded raw eval_dataset (#=100): data/gner/each-sampled/crossner_ai-dev=100.jsonl
[02.04 13:20:15] ┇ INFO    ┇                 DeepKNLP ┇ Preprocess eval_dataset:   4%|▊                   |   4/100 [0:00:00<0:00:05, 18.59Hz]
[02.04 13:20:15] ┇ INFO    ┇                 DeepKNLP ┇ Preprocess eval_dataset: 100%|████████████████████| 100/100 [0:00:00<0:00:00, 429.94Hz]
[02.04 13:20:15] ┇ INFO    ┇                 DeepKNLP ┇ Completed preprocessing for eval_dataset by google/flan-t5-small at [02.04 13:20:15]
[02.04 13:20:22] ┇ WARNING ┇                DeepSpeed ┇ Attempting to get learning rate from scheduler before it has started
[02.04 13:20:22] ┇ INFO    ┇    DeepKNLP.gner.trainer ┇ -----------------------------------------------------------------------------------------------------------------------------------------
[02.04 13:20:22] ┇ INFO    ┇    DeepKNLP.gner.trainer ┇ ***** Beginning Training *****
[02.04 13:20:22] ┇ INFO    ┇    DeepKNLP.gner.trainer ┇ >> Train Epochs       = 12.0
[02.04 13:20:22] ┇ INFO    ┇    DeepKNLP.gner.trainer ┇ >> Train Examples     = 100
[02.04 13:20:22] ┇ INFO    ┇    DeepKNLP.gner.trainer ┇ >> Train Batch Size   = 4 = 1 * 1 * 4
[02.04 13:20:22] ┇ INFO    ┇    DeepKNLP.gner.trainer ┇ >> Train Optim Steps  = 300 = 25 * 12.0
[02.04 13:20:22] ┇ INFO    ┇    DeepKNLP.gner.trainer ┇ >> Train Model Params = 76,961,152
[02.04 13:20:22] ┇ INFO    ┇    DeepKNLP.gner.trainer ┇ >> Trainer Callbacks  = DefaultFlowCallback, CustomProgressCallback
[02.04 13:20:22] ┇ INFO    ┇    DeepKNLP.gner.trainer ┇ >> Zero Optim Stage   = 2
[02.04 13:20:22] ┇ INFO    ┇    DeepKNLP.gner.trainer ┇ >> Eval Examples      = 100
[02.04 13:20:22] ┇ INFO    ┇    DeepKNLP.gner.trainer ┇ >> Eval Batch Size    = 100 = 25 * 4
[02.04 13:20:23] ┇ INFO    ┇    DeepKNLP.gner.trainer ┇ [training]   0%|                    |   1/300 [0:00:00<0:01:34, 3.17Hz] | epoch=0.04, loss=2.683600
[02.04 13:20:23] ┇ INFO    ┇    DeepKNLP.gner.trainer ┇ [training]   1%|▏                   |   2/300 [0:00:00<0:01:04, 4.60Hz] | epoch=0.08, loss=2.627000
[02.04 13:20:23] ┇ INFO    ┇    DeepKNLP.gner.trainer ┇ [training]   1%|▏                   |   3/300 [0:00:00<0:00:53, 5.54Hz] | epoch=0.12, loss=2.468800
[02.04 13:20:23] ┇ INFO    ┇    DeepKNLP.gner.trainer ┇ [training]   1%|▎                   |   4/300 [0:00:00<0:00:47, 6.18Hz] | epoch=0.16, loss=2.322300
[02.04 13:20:24] ┇ INFO    ┇    DeepKNLP.gner.trainer ┇ [training]   2%|▎                   |   5/300 [0:00:01<0:01:09, 4.22Hz] | epoch=0.20, loss=2.414100
[02.04 13:20:25] ┇ INFO    ┇    DeepKNLP.gner.trainer ┇ [training]   2%|▍                   |   6/300 [0:00:02<0:02:10, 2.25Hz] | epoch=0.24, loss=2.918000
[02.04 13:20:25] ┇ INFO    ┇    DeepKNLP.gner.trainer ┇ [training]   2%|▍                   |   7/300 [0:00:02<0:01:56, 2.52Hz] | epoch=0.28, loss=2.343800
[02.04 13:20:25] ┇ INFO    ┇    DeepKNLP.gner.trainer ┇ [training]   3%|▌                   |   8/300 [0:00:02<0:01:45, 2.77Hz] | epoch=0.32, loss=2.136700
[02.04 13:20:25] ┇ INFO    ┇    DeepKNLP.gner.trainer ┇ [training]   3%|▌                   |   9/300 [0:00:02<0:01:36, 3.01Hz] | epoch=0.36, loss=2.351600
[02.04 13:20:25] ┇ INFO    ┇    DeepKNLP.gner.trainer ┇ [training]   3%|▋                   |  10/300 [0:00:03<0:01:29, 3.23Hz] | epoch=0.40, loss=1.910200
[02.04 13:20:26] ┇ INFO    ┇    DeepKNLP.gner.trainer ┇ [training]   4%|▋                   |  11/300 [0:00:03<0:01:24, 3.44Hz] | epoch=0.44, loss=2.210900
[02.04 13:20:26] ┇ INFO    ┇    DeepKNLP.gner.trainer ┇ [training]   4%|▊                   |  12/300 [0:00:03<0:01:19, 3.63Hz] | epoch=0.48, loss=2.259800
[02.04 13:20:33] ┇ INFO    ┇    DeepKNLP.gner.trainer ┇ [checking] 100%|████████████████████| 1/1 [0:00:00<0:00:00, 42044.87Hz]
[02.04 13:20:33] ┇ INFO    ┇    DeepKNLP.gner.trainer ┇ [training]   4%|▊                   |  12/300 [0:00:03<0:01:19, 3.63Hz] | epoch=0.48, eval_average=0.0000
[02.04 13:20:33] ┇ INFO    ┇    DeepKNLP.gner.trainer ┇ [training]   4%|▊                   |  13/300 [0:00:10<0:03:52, 1.23Hz] | epoch=0.52, loss=2.132800
[02.04 13:20:33] ┇ INFO    ┇    DeepKNLP.gner.trainer ┇ [training]   5%|▉                   |  14/300 [0:00:10<0:03:37, 1.32Hz] | epoch=0.56, loss=1.953100
[02.04 13:20:33] ┇ INFO    ┇    DeepKNLP.gner.trainer ┇ [training]   5%|█                   |  15/300 [0:00:10<0:03:24, 1.40Hz] | epoch=0.60, loss=1.867200
[02.04 13:20:33] ┇ INFO    ┇    DeepKNLP.gner.trainer ┇ [training]   5%|█                   |  16/300 [0:00:10<0:03:12, 1.47Hz] | epoch=0.64, loss=2.400400
[02.04 13:20:34] ┇ INFO    ┇    DeepKNLP.gner.trainer ┇ [training]   6%|█▏                  |  17/300 [0:00:11<0:03:08, 1.50Hz] | epoch=0.68, loss=1.888700
[02.04 13:20:35] ┇ INFO    ┇    DeepKNLP.gner.trainer ┇ [training]   6%|█▏                  |  18/300 [0:00:12<0:03:20, 1.41Hz] | epoch=0.72, loss=1.877000
[02.04 13:20:35] ┇ INFO    ┇    DeepKNLP.gner.trainer ┇ [training]   6%|█▎                  |  19/300 [0:00:12<0:03:10, 1.47Hz] | epoch=0.76, loss=1.619100
[02.04 13:20:35] ┇ INFO    ┇    DeepKNLP.gner.trainer ┇ [training]   7%|█▎                  |  20/300 [0:00:13<0:03:02, 1.54Hz] | epoch=0.80, loss=1.849600
[02.04 13:20:35] ┇ INFO    ┇    DeepKNLP.gner.trainer ┇ [training]   7%|█▍                  |  21/300 [0:00:13<0:02:54, 1.60Hz] | epoch=0.84, loss=1.503900
[02.04 13:20:36] ┇ INFO    ┇    DeepKNLP.gner.trainer ┇ [training]   7%|█▍                  |  22/300 [0:00:13<0:02:47, 1.66Hz] | epoch=0.88, loss=1.617200
[02.04 13:20:36] ┇ INFO    ┇    DeepKNLP.gner.trainer ┇ [training]   8%|█▌                  |  23/300 [0:00:13<0:02:40, 1.73Hz] | epoch=0.92, loss=1.793000
[02.04 13:20:36] ┇ INFO    ┇    DeepKNLP.gner.trainer ┇ [training]   8%|█▌                  |  24/300 [0:00:13<0:02:34, 1.79Hz] | epoch=0.96, loss=1.552700
[02.04 13:20:36] ┇ INFO    ┇    DeepKNLP.gner.trainer ┇ [training]   8%|█▋                  |  25/300 [0:00:13<0:02:28, 1.85Hz] | epoch=1.00, loss=1.652300
[02.04 13:20:43] ┇ INFO    ┇    DeepKNLP.gner.trainer ┇ [checking] 100%|████████████████████| 1/1 [0:00:00<0:00:00, 40212.04Hz]
[02.04 13:20:43] ┇ INFO    ┇    DeepKNLP.gner.trainer ┇ [training]   8%|█▋                  |  25/300 [0:00:13<0:02:28, 1.85Hz] | epoch=1.00, eval_average=0.0000
[02.04 13:20:43] ┇ INFO    ┇    DeepKNLP.gner.trainer ┇ [training]   9%|█▋                  |  26/300 [0:00:20<0:03:38, 1.26Hz] | epoch=1.04, loss=1.498000
[02.04 13:20:43] ┇ INFO    ┇    DeepKNLP.gner.trainer ┇ [training]   9%|█▊                  |  27/300 [0:00:20<0:03:30, 1.30Hz] | epoch=1.08, loss=1.435500
[02.04 13:20:43] ┇ INFO    ┇    DeepKNLP.gner.trainer ┇ [training]   9%|█▊                  |  28/300 [0:00:20<0:03:23, 1.34Hz] | epoch=1.12, loss=1.486300
[02.04 13:20:43] ┇ INFO    ┇    DeepKNLP.gner.trainer ┇ [training]  10%|█▉                  |  29/300 [0:00:21<0:03:16, 1.38Hz] | epoch=1.16, loss=1.429700
[02.04 13:20:43] ┇ INFO    ┇    DeepKNLP.gner.trainer ┇ [training]  10%|██                  |  30/300 [0:00:21<0:03:10, 1.42Hz] | epoch=1.20, loss=1.634800
[02.04 13:20:44] ┇ INFO    ┇    DeepKNLP.gner.trainer ┇ [training]  10%|██                  |  31/300 [0:00:21<0:03:04, 1.46Hz] | epoch=1.24, loss=1.386700
[02.04 13:20:44] ┇ INFO    ┇    DeepKNLP.gner.trainer ┇ [training]  11%|██▏                 |  32/300 [0:00:21<0:02:58, 1.50Hz] | epoch=1.28, loss=0.931600
[02.04 13:20:44] ┇ INFO    ┇    DeepKNLP.gner.trainer ┇ [training]  11%|██▏                 |  33/300 [0:00:21<0:02:53, 1.54Hz] | epoch=1.32, loss=1.373000
[02.04 13:20:44] ┇ INFO    ┇    DeepKNLP.gner.trainer ┇ [training]  11%|██▎                 |  34/300 [0:00:21<0:02:48, 1.58Hz] | epoch=1.36, loss=1.224600
[02.04 13:20:44] ┇ INFO    ┇    DeepKNLP.gner.trainer ┇ [training]  12%|██▎                 |  35/300 [0:00:21<0:02:43, 1.62Hz] | epoch=1.40, loss=1.281200
[02.04 13:20:45] ┇ INFO    ┇    DeepKNLP.gner.trainer ┇ [training]  12%|██▍                 |  36/300 [0:00:23<0:02:49, 1.56Hz] | epoch=1.44, loss=1.184600
[02.04 13:20:46] ┇ INFO    ┇    DeepKNLP.gner.trainer ┇ [training]  12%|██▍                 |  37/300 [0:00:23<0:02:44, 1.60Hz] | epoch=1.48, loss=1.220700
[02.04 13:20:46] ┇ INFO    ┇    DeepKNLP.gner.trainer ┇ [training]  13%|██▌                 |  38/300 [0:00:23<0:02:40, 1.63Hz] | epoch=1.52, loss=1.193400
[02.04 13:20:53] ┇ INFO    ┇    DeepKNLP.gner.trainer ┇ [checking] 100%|████████████████████| 1/1 [0:00:00<0:00:00, 40622.80Hz]
[02.04 13:20:53] ┇ INFO    ┇    DeepKNLP.gner.trainer ┇ [training]  13%|██▌                 |  38/300 [0:00:23<0:02:40, 1.63Hz] | epoch=1.52, eval_average=0.0000
[02.04 13:20:53] ┇ INFO    ┇    DeepKNLP.gner.trainer ┇ [training]  13%|██▌                 |  39/300 [0:00:30<0:03:23, 1.28Hz] | epoch=1.56, loss=1.494100
[02.04 13:20:53] ┇ INFO    ┇    DeepKNLP.gner.trainer ┇ [training]  13%|██▋                 |  40/300 [0:00:30<0:03:18, 1.31Hz] | epoch=1.60, loss=0.966800
[02.04 13:20:53] ┇ INFO    ┇    DeepKNLP.gner.trainer ┇ [training]  14%|██▋                 |  41/300 [0:00:30<0:03:13, 1.34Hz] | epoch=1.64, loss=1.212900
[02.04 13:20:53] ┇ INFO    ┇    DeepKNLP.gner.trainer ┇ [training]  14%|██▊                 |  42/300 [0:00:30<0:03:08, 1.37Hz] | epoch=1.68, loss=1.122100
[02.04 13:20:53] ┇ INFO    ┇    DeepKNLP.gner.trainer ┇ [training]  14%|██▊                 |  43/300 [0:00:30<0:03:04, 1.39Hz] | epoch=1.72, loss=1.134800
[02.04 13:20:53] ┇ INFO    ┇    DeepKNLP.gner.trainer ┇ [training]  15%|██▉                 |  44/300 [0:00:30<0:03:00, 1.42Hz] | epoch=1.76, loss=1.236300
[02.04 13:20:53] ┇ INFO    ┇    DeepKNLP.gner.trainer ┇ [training]  15%|███                 |  45/300 [0:00:31<0:02:55, 1.45Hz] | epoch=1.80, loss=1.199200
[02.04 13:20:54] ┇ INFO    ┇    DeepKNLP.gner.trainer ┇ [training]  15%|███                 |  46/300 [0:00:31<0:02:52, 1.48Hz] | epoch=1.84, loss=1.018600
[02.04 13:20:54] ┇ INFO    ┇    DeepKNLP.gner.trainer ┇ [training]  16%|███▏                |  47/300 [0:00:31<0:02:48, 1.50Hz] | epoch=1.88, loss=1.082000
[02.04 13:20:54] ┇ INFO    ┇    DeepKNLP.gner.trainer ┇ [training]  16%|███▏                |  48/300 [0:00:31<0:02:44, 1.53Hz] | epoch=1.92, loss=0.833000
[02.04 13:20:54] ┇ INFO    ┇    DeepKNLP.gner.trainer ┇ [training]  16%|███▎                |  49/300 [0:00:31<0:02:41, 1.56Hz] | epoch=1.96, loss=0.870100
[02.04 13:20:54] ┇ INFO    ┇    DeepKNLP.gner.trainer ┇ [training]  17%|███▎                |  50/300 [0:00:31<0:02:37, 1.58Hz] | epoch=2.00, loss=0.948200
[02.04 13:21:01] ┇ INFO    ┇    DeepKNLP.gner.trainer ┇ [checking] 100%|████████████████████| 1/1 [0:00:00<0:00:00, 48620.80Hz]
[02.04 13:21:01] ┇ INFO    ┇    DeepKNLP.gner.trainer ┇ [training]  17%|███▎                |  50/300 [0:00:31<0:02:37, 1.58Hz] | epoch=2.00, eval_average=0.0000
[02.04 13:21:01] ┇ INFO    ┇    DeepKNLP.gner.trainer ┇ [training]  17%|███▍                |  51/300 [0:00:38<0:03:09, 1.32Hz] | epoch=2.04, loss=0.989300
[02.04 13:21:01] ┇ INFO    ┇    DeepKNLP.gner.trainer ┇ [training]  17%|███▍                |  52/300 [0:00:38<0:03:05, 1.34Hz] | epoch=2.08, loss=0.933600
[02.04 13:21:01] ┇ INFO    ┇    DeepKNLP.gner.trainer ┇ [training]  18%|███▌                |  53/300 [0:00:38<0:03:01, 1.36Hz] | epoch=2.12, loss=1.149400
[02.04 13:21:01] ┇ INFO    ┇    DeepKNLP.gner.trainer ┇ [training]  18%|███▌                |  54/300 [0:00:39<0:02:58, 1.38Hz] | epoch=2.16, loss=0.808600
[02.04 13:21:02] ┇ INFO    ┇    DeepKNLP.gner.trainer ┇ [training]  18%|███▋                |  55/300 [0:00:39<0:02:54, 1.40Hz] | epoch=2.20, loss=0.992200
[02.04 13:21:02] ┇ INFO    ┇    DeepKNLP.gner.trainer ┇ [training]  19%|███▋                |  56/300 [0:00:39<0:02:51, 1.43Hz] | epoch=2.24, loss=0.903300
[02.04 13:21:02] ┇ INFO    ┇    DeepKNLP.gner.trainer ┇ [training]  19%|███▊                |  57/300 [0:00:39<0:02:47, 1.45Hz] | epoch=2.28, loss=0.756800
[02.04 13:21:02] ┇ INFO    ┇    DeepKNLP.gner.trainer ┇ [training]  19%|███▊                |  58/300 [0:00:39<0:02:44, 1.47Hz] | epoch=2.32, loss=0.876000
[02.04 13:21:02] ┇ INFO    ┇    DeepKNLP.gner.trainer ┇ [training]  20%|███▉                |  59/300 [0:00:39<0:02:41, 1.49Hz] | epoch=2.36, loss=0.985400
[02.04 13:21:02] ┇ INFO    ┇    DeepKNLP.gner.trainer ┇ [training]  20%|████                |  60/300 [0:00:39<0:02:38, 1.51Hz] | epoch=2.40, loss=1.021500
[02.04 13:21:02] ┇ INFO    ┇    DeepKNLP.gner.trainer ┇ [training]  20%|████                |  61/300 [0:00:39<0:02:36, 1.53Hz] | epoch=2.44, loss=0.870100
[02.04 13:21:02] ┇ INFO    ┇    DeepKNLP.gner.trainer ┇ [training]  21%|████▏               |  62/300 [0:00:39<0:02:33, 1.55Hz] | epoch=2.48, loss=0.713900
[02.04 13:21:09] ┇ INFO    ┇    DeepKNLP.gner.trainer ┇ [checking] 100%|████████████████████| 1/1 [0:00:00<0:00:00, 47259.76Hz]
[02.04 13:21:09] ┇ INFO    ┇    DeepKNLP.gner.trainer ┇ [training]  21%|████▏               |  62/300 [0:00:39<0:02:33, 1.55Hz] | epoch=2.48, eval_average=0.0000
[02.04 13:21:09] ┇ INFO    ┇    DeepKNLP.gner.trainer ┇ [training]  21%|████▏               |  63/300 [0:00:47<0:02:57, 1.34Hz] | epoch=2.52, loss=0.585400
[02.04 13:21:10] ┇ INFO    ┇    DeepKNLP.gner.trainer ┇ [training]  21%|████▎               |  64/300 [0:00:47<0:02:55, 1.34Hz] | epoch=2.56, loss=0.736300
[02.04 13:21:10] ┇ INFO    ┇    DeepKNLP.gner.trainer ┇ [training]  22%|████▎               |  65/300 [0:00:47<0:02:54, 1.34Hz] | epoch=2.60, loss=0.690400
[02.04 13:21:10] ┇ INFO    ┇    DeepKNLP.gner.trainer ┇ [training]  22%|████▍               |  66/300 [0:00:47<0:02:54, 1.34Hz] | epoch=2.64, loss=0.711900
[02.04 13:21:10] ┇ INFO    ┇    DeepKNLP.gner.trainer ┇ [training]  22%|████▍               |  67/300 [0:00:47<0:02:53, 1.34Hz] | epoch=2.68, loss=0.861300
[02.04 13:21:10] ┇ INFO    ┇    DeepKNLP.gner.trainer ┇ [training]  23%|████▌               |  68/300 [0:00:47<0:02:51, 1.36Hz] | epoch=2.72, loss=0.853500
[02.04 13:21:10] ┇ INFO    ┇    DeepKNLP.gner.trainer ┇ [training]  23%|████▌               |  69/300 [0:00:47<0:02:45, 1.40Hz] | epoch=2.76, loss=0.678200
[02.04 13:21:10] ┇ INFO    ┇    DeepKNLP.gner.trainer ┇ [training]  23%|████▋               |  70/300 [0:00:47<0:02:44, 1.40Hz] | epoch=2.80, loss=0.816400
[02.04 13:21:10] ┇ INFO    ┇    DeepKNLP.gner.trainer ┇ [training]  24%|████▋               |  71/300 [0:00:47<0:02:43, 1.40Hz] | epoch=2.84, loss=0.634800
[02.04 13:21:10] ┇ INFO    ┇    DeepKNLP.gner.trainer ┇ [training]  24%|████▊               |  72/300 [0:00:48<0:02:43, 1.40Hz] | epoch=2.88, loss=0.666000
[02.04 13:21:11] ┇ INFO    ┇    DeepKNLP.gner.trainer ┇ [training]  24%|████▊               |  73/300 [0:00:48<0:02:42, 1.40Hz] | epoch=2.92, loss=0.668000
[02.04 13:21:11] ┇ INFO    ┇    DeepKNLP.gner.trainer ┇ [training]  25%|████▉               |  74/300 [0:00:48<0:02:41, 1.40Hz] | epoch=2.96, loss=0.799800
[02.04 13:21:11] ┇ INFO    ┇    DeepKNLP.gner.trainer ┇ [training]  25%|█████               |  75/300 [0:00:48<0:02:40, 1.40Hz] | epoch=3.00, loss=0.556200
[02.04 13:21:18] ┇ INFO    ┇    DeepKNLP.gner.trainer ┇ [checking] 100%|████████████████████| 1/1 [0:00:00<0:00:00, 58140.67Hz]
[02.04 13:21:18] ┇ INFO    ┇    DeepKNLP.gner.trainer ┇ [training]  25%|█████               |  75/300 [0:00:48<0:02:40, 1.40Hz] | epoch=3.00, eval_average=0.0000
[02.04 13:21:18] ┇ INFO    ┇    DeepKNLP.gner.trainer ┇ [training]  25%|█████               |  76/300 [0:00:55<0:02:40, 1.40Hz] | epoch=3.04, loss=0.719700
[02.04 13:21:18] ┇ INFO    ┇    DeepKNLP.gner.trainer ┇ [training]  26%|█████▏              |  77/300 [0:00:55<0:02:39, 1.40Hz] | epoch=3.08, loss=0.590800
[02.04 13:21:18] ┇ INFO    ┇    DeepKNLP.gner.trainer ┇ [training]  26%|█████▏              |  78/300 [0:00:55<0:02:38, 1.40Hz] | epoch=3.12, loss=0.595200
[02.04 13:21:18] ┇ INFO    ┇    DeepKNLP.gner.trainer ┇ [training]  26%|█████▎              |  79/300 [0:00:55<0:02:37, 1.40Hz] | epoch=3.16, loss=0.628900
[02.04 13:21:18] ┇ INFO    ┇    DeepKNLP.gner.trainer ┇ [training]  27%|█████▎              |  80/300 [0:00:55<0:02:35, 1.41Hz] | epoch=3.20, loss=0.394500
[02.04 13:21:18] ┇ INFO    ┇    DeepKNLP.gner.trainer ┇ [training]  27%|█████▍              |  81/300 [0:00:56<0:02:30, 1.45Hz] | epoch=3.24, loss=0.598100
[02.04 13:21:19] ┇ INFO    ┇    DeepKNLP.gner.trainer ┇ [training]  27%|█████▍              |  82/300 [0:00:56<0:02:29, 1.45Hz] | epoch=3.28, loss=0.713900
[02.04 13:21:20] ┇ INFO    ┇    DeepKNLP.gner.trainer ┇ [training]  28%|█████▌              |  83/300 [0:00:57<0:02:33, 1.41Hz] | epoch=3.32, loss=0.700200
[02.04 13:21:20] ┇ INFO    ┇    DeepKNLP.gner.trainer ┇ [training]  28%|█████▌              |  84/300 [0:00:57<0:02:32, 1.41Hz] | epoch=3.36, loss=0.694300
[02.04 13:21:20] ┇ INFO    ┇    DeepKNLP.gner.trainer ┇ [training]  28%|█████▋              |  85/300 [0:00:57<0:02:31, 1.41Hz] | epoch=3.40, loss=0.785200
[02.04 13:21:20] ┇ INFO    ┇    DeepKNLP.gner.trainer ┇ [training]  29%|█████▋              |  86/300 [0:00:57<0:02:31, 1.42Hz] | epoch=3.44, loss=0.572800
[02.04 13:21:20] ┇ INFO    ┇    DeepKNLP.gner.trainer ┇ [training]  29%|█████▊              |  87/300 [0:00:57<0:02:30, 1.42Hz] | epoch=3.48, loss=0.685500
[02.04 13:21:20] ┇ INFO    ┇    DeepKNLP.gner.trainer ┇ [training]  29%|█████▊              |  88/300 [0:00:58<0:02:29, 1.41Hz] | epoch=3.52, loss=0.577100
[02.04 13:21:27] ┇ INFO    ┇    DeepKNLP.gner.trainer ┇ [checking] 100%|████████████████████| 1/1 [0:00:00<0:00:00, 66858.15Hz]
[02.04 13:21:28] ┇ INFO    ┇    DeepKNLP.gner.trainer ┇ [training]  29%|█████▊              |  88/300 [0:00:58<0:02:29, 1.41Hz] | epoch=3.52, eval_average=0.0000
[02.04 13:21:28] ┇ INFO    ┇    DeepKNLP.gner.trainer ┇ [training]  30%|█████▉              |  89/300 [0:01:05<0:02:29, 1.41Hz] | epoch=3.56, loss=0.600100
[02.04 13:21:28] ┇ INFO    ┇    DeepKNLP.gner.trainer ┇ [training]  30%|██████              |  90/300 [0:01:05<0:02:28, 1.41Hz] | epoch=3.60, loss=0.654300
[02.04 13:21:28] ┇ INFO    ┇    DeepKNLP.gner.trainer ┇ [training]  30%|██████              |  91/300 [0:01:05<0:02:27, 1.41Hz] | epoch=3.64, loss=0.602100
[02.04 13:21:28] ┇ INFO    ┇    DeepKNLP.gner.trainer ┇ [training]  31%|██████▏             |  92/300 [0:01:05<0:02:27, 1.41Hz] | epoch=3.68, loss=0.467300
[02.04 13:21:28] ┇ INFO    ┇    DeepKNLP.gner.trainer ┇ [training]  31%|██████▏             |  93/300 [0:01:05<0:02:26, 1.41Hz] | epoch=3.72, loss=0.499500
[02.04 13:21:28] ┇ INFO    ┇    DeepKNLP.gner.trainer ┇ [training]  31%|██████▎             |  94/300 [0:01:05<0:02:25, 1.41Hz] | epoch=3.76, loss=0.470700
[02.04 13:21:28] ┇ INFO    ┇    DeepKNLP.gner.trainer ┇ [training]  32%|██████▎             |  95/300 [0:01:05<0:02:24, 1.41Hz] | epoch=3.80, loss=0.572300
[02.04 13:21:28] ┇ INFO    ┇    DeepKNLP.gner.trainer ┇ [training]  32%|██████▍             |  96/300 [0:01:06<0:02:24, 1.41Hz] | epoch=3.84, loss=0.551800
[02.04 13:21:28] ┇ INFO    ┇    DeepKNLP.gner.trainer ┇ [training]  32%|██████▍             |  97/300 [0:01:06<0:02:23, 1.41Hz] | epoch=3.88, loss=0.528300
[02.04 13:21:29] ┇ INFO    ┇    DeepKNLP.gner.trainer ┇ [training]  33%|██████▌             |  98/300 [0:01:06<0:02:22, 1.41Hz] | epoch=3.92, loss=0.678200
[02.04 13:21:29] ┇ INFO    ┇    DeepKNLP.gner.trainer ┇ [training]  33%|██████▌             |  99/300 [0:01:06<0:02:18, 1.46Hz] | epoch=3.96, loss=0.464800
[02.04 13:21:29] ┇ INFO    ┇    DeepKNLP.gner.trainer ┇ [training]  33%|██████▋             | 100/300 [0:01:06<0:02:17, 1.46Hz] | epoch=4.00, loss=0.523900
[02.04 13:21:36] ┇ INFO    ┇    DeepKNLP.gner.trainer ┇ [checking] 100%|████████████████████| 1/1 [0:00:00<0:00:00, 44516.66Hz]
[02.04 13:21:36] ┇ INFO    ┇    DeepKNLP.gner.trainer ┇ [training]  33%|██████▋             | 100/300 [0:01:06<0:02:17, 1.46Hz] | epoch=4.00, eval_average=0.0000
[02.04 13:21:36] ┇ INFO    ┇    DeepKNLP.gner.trainer ┇ [training]  34%|██████▋             | 101/300 [0:01:13<0:02:39, 1.25Hz] | epoch=4.04, loss=0.611300
[02.04 13:21:36] ┇ INFO    ┇    DeepKNLP.gner.trainer ┇ [training]  34%|██████▊             | 102/300 [0:01:13<0:02:16, 1.45Hz] | epoch=4.08, loss=0.515600
[02.04 13:21:36] ┇ INFO    ┇    DeepKNLP.gner.trainer ┇ [training]  34%|██████▊             | 103/300 [0:01:13<0:02:15, 1.45Hz] | epoch=4.12, loss=0.593300
[02.04 13:21:36] ┇ INFO    ┇    DeepKNLP.gner.trainer ┇ [training]  35%|██████▉             | 104/300 [0:01:13<0:02:14, 1.45Hz] | epoch=4.16, loss=0.522000
[02.04 13:21:36] ┇ INFO    ┇    DeepKNLP.gner.trainer ┇ [training]  35%|███████             | 105/300 [0:01:14<0:02:14, 1.45Hz] | epoch=4.20, loss=0.489300
[02.04 13:21:37] ┇ INFO    ┇    DeepKNLP.gner.trainer ┇ [training]  35%|███████             | 106/300 [0:01:14<0:02:13, 1.45Hz] | epoch=4.24, loss=0.399900
[02.04 13:21:37] ┇ INFO    ┇    DeepKNLP.gner.trainer ┇ [training]  36%|███████▏            | 107/300 [0:01:14<0:02:12, 1.45Hz] | epoch=4.28, loss=0.582000
[02.04 13:21:37] ┇ INFO    ┇    DeepKNLP.gner.trainer ┇ [training]  36%|███████▏            | 108/300 [0:01:14<0:02:12, 1.45Hz] | epoch=4.32, loss=0.527800
[02.04 13:21:37] ┇ INFO    ┇    DeepKNLP.gner.trainer ┇ [training]  36%|███████▎            | 109/300 [0:01:14<0:02:11, 1.45Hz] | epoch=4.36, loss=0.502000
[02.04 13:21:37] ┇ INFO    ┇    DeepKNLP.gner.trainer ┇ [training]  37%|███████▎            | 110/300 [0:01:14<0:02:10, 1.45Hz] | epoch=4.40, loss=0.508800
[02.04 13:21:37] ┇ INFO    ┇    DeepKNLP.gner.trainer ┇ [training]  37%|███████▍            | 111/300 [0:01:14<0:02:10, 1.45Hz] | epoch=4.44, loss=0.614700
[02.04 13:21:37] ┇ INFO    ┇    DeepKNLP.gner.trainer ┇ [training]  37%|███████▍            | 112/300 [0:01:14<0:02:09, 1.45Hz] | epoch=4.48, loss=0.490700
[02.04 13:21:44] ┇ INFO    ┇    DeepKNLP.gner.trainer ┇ [checking] 100%|████████████████████| 1/1 [0:00:00<0:00:00, 57889.90Hz]
[02.04 13:21:44] ┇ INFO    ┇    DeepKNLP.gner.trainer ┇ [training]  37%|███████▍            | 112/300 [0:01:14<0:02:09, 1.45Hz] | epoch=4.48, eval_average=0.0000
[02.04 13:21:44] ┇ INFO    ┇    DeepKNLP.gner.trainer ┇ [training]  38%|███████▌            | 113/300 [0:01:22<0:02:29, 1.25Hz] | epoch=4.52, loss=0.653800
[02.04 13:21:44] ┇ INFO    ┇    DeepKNLP.gner.trainer ┇ [training]  38%|███████▌            | 114/300 [0:01:22<0:02:08, 1.45Hz] | epoch=4.56, loss=0.452100
[02.04 13:21:45] ┇ INFO    ┇    DeepKNLP.gner.trainer ┇ [training]  38%|███████▋            | 115/300 [0:01:22<0:02:07, 1.45Hz] | epoch=4.60, loss=0.537100
[02.04 13:21:45] ┇ INFO    ┇    DeepKNLP.gner.trainer ┇ [training]  39%|███████▋            | 116/300 [0:01:22<0:02:06, 1.45Hz] | epoch=4.64, loss=0.465300
[02.04 13:21:45] ┇ INFO    ┇    DeepKNLP.gner.trainer ┇ [training]  39%|███████▊            | 117/300 [0:01:22<0:02:06, 1.45Hz] | epoch=4.68, loss=0.389600
[02.04 13:21:45] ┇ INFO    ┇    DeepKNLP.gner.trainer ┇ [training]  39%|███████▊            | 118/300 [0:01:22<0:02:05, 1.45Hz] | epoch=4.72, loss=0.497100
[02.04 13:21:45] ┇ INFO    ┇    DeepKNLP.gner.trainer ┇ [training]  40%|███████▉            | 119/300 [0:01:22<0:02:04, 1.45Hz] | epoch=4.76, loss=0.493700
[02.04 13:21:45] ┇ INFO    ┇    DeepKNLP.gner.trainer ┇ [training]  40%|████████            | 120/300 [0:01:22<0:02:03, 1.45Hz] | epoch=4.80, loss=0.357900
[02.04 13:21:45] ┇ INFO    ┇    DeepKNLP.gner.trainer ┇ [training]  40%|████████            | 121/300 [0:01:22<0:02:03, 1.45Hz] | epoch=4.84, loss=0.479500
[02.04 13:21:45] ┇ INFO    ┇    DeepKNLP.gner.trainer ┇ [training]  41%|████████▏           | 122/300 [0:01:22<0:02:02, 1.45Hz] | epoch=4.88, loss=0.631300
[02.04 13:21:45] ┇ INFO    ┇    DeepKNLP.gner.trainer ┇ [training]  41%|████████▏           | 123/300 [0:01:23<0:02:01, 1.45Hz] | epoch=4.92, loss=0.400900
[02.04 13:21:46] ┇ INFO    ┇    DeepKNLP.gner.trainer ┇ [training]  41%|████████▎           | 124/300 [0:01:23<0:02:01, 1.45Hz] | epoch=4.96, loss=0.559600
[02.04 13:21:46] ┇ INFO    ┇    DeepKNLP.gner.trainer ┇ [training]  42%|████████▎           | 125/300 [0:01:23<0:02:00, 1.45Hz] | epoch=5.00, loss=0.504400
[02.04 13:21:53] ┇ INFO    ┇    DeepKNLP.gner.trainer ┇ [checking] 100%|████████████████████| 1/1 [0:00:00<0:00:00, 73123.25Hz]
[02.04 13:21:53] ┇ INFO    ┇    DeepKNLP.gner.trainer ┇ [training]  42%|████████▎           | 125/300 [0:01:23<0:02:00, 1.45Hz] | epoch=5.00, eval_average=0.0000
[02.04 13:21:54] ┇ INFO    ┇    DeepKNLP.gner.trainer ┇ [training]  42%|████████▍           | 126/300 [0:01:31<0:02:03, 1.41Hz] | epoch=5.04, loss=0.465800
[02.04 13:21:54] ┇ INFO    ┇    DeepKNLP.gner.trainer ┇ [training]  42%|████████▍           | 127/300 [0:01:31<0:02:02, 1.41Hz] | epoch=5.08, loss=0.442900
[02.04 13:21:54] ┇ INFO    ┇    DeepKNLP.gner.trainer ┇ [training]  43%|████████▌           | 128/300 [0:01:32<0:02:02, 1.41Hz] | epoch=5.12, loss=0.350600
[02.04 13:21:55] ┇ INFO    ┇    DeepKNLP.gner.trainer ┇ [training]  43%|████████▌           | 129/300 [0:01:32<0:02:01, 1.41Hz] | epoch=5.16, loss=0.381800
[02.04 13:21:55] ┇ INFO    ┇    DeepKNLP.gner.trainer ┇ [training]  43%|████████▋           | 130/300 [0:01:32<0:02:00, 1.41Hz] | epoch=5.20, loss=0.401900
[02.04 13:21:55] ┇ INFO    ┇    DeepKNLP.gner.trainer ┇ [training]  44%|████████▋           | 131/300 [0:01:32<0:02:00, 1.41Hz] | epoch=5.24, loss=0.518600
[02.04 13:21:55] ┇ INFO    ┇    DeepKNLP.gner.trainer ┇ [training]  44%|████████▊           | 132/300 [0:01:32<0:01:59, 1.41Hz] | epoch=5.28, loss=0.372300
[02.04 13:21:55] ┇ INFO    ┇    DeepKNLP.gner.trainer ┇ [training]  44%|████████▊           | 133/300 [0:01:32<0:01:58, 1.41Hz] | epoch=5.32, loss=0.569800
[02.04 13:21:55] ┇ INFO    ┇    DeepKNLP.gner.trainer ┇ [training]  45%|████████▉           | 134/300 [0:01:32<0:01:57, 1.41Hz] | epoch=5.36, loss=0.445300
[02.04 13:21:55] ┇ INFO    ┇    DeepKNLP.gner.trainer ┇ [training]  45%|█████████           | 135/300 [0:01:32<0:01:57, 1.41Hz] | epoch=5.40, loss=0.487300
[02.04 13:21:55] ┇ INFO    ┇    DeepKNLP.gner.trainer ┇ [training]  45%|█████████           | 136/300 [0:01:32<0:01:56, 1.41Hz] | epoch=5.44, loss=0.337400
[02.04 13:21:55] ┇ INFO    ┇    DeepKNLP.gner.trainer ┇ [training]  46%|█████████▏          | 137/300 [0:01:33<0:01:55, 1.41Hz] | epoch=5.48, loss=0.357400
[02.04 13:21:55] ┇ INFO    ┇    DeepKNLP.gner.trainer ┇ [training]  46%|█████████▏          | 138/300 [0:01:33<0:01:55, 1.41Hz] | epoch=5.52, loss=0.426800
[02.04 13:22:02] ┇ INFO    ┇    DeepKNLP.gner.trainer ┇ [checking] 100%|████████████████████| 1/1 [0:00:00<0:00:00, 56944.31Hz]
[02.04 13:22:03] ┇ INFO    ┇    DeepKNLP.gner.trainer ┇ [training]  46%|█████████▏          | 138/300 [0:01:33<0:01:55, 1.41Hz] | epoch=5.52, eval_average=0.0000
[02.04 13:22:03] ┇ INFO    ┇    DeepKNLP.gner.trainer ┇ [training]  46%|█████████▎          | 139/300 [0:01:40<0:01:54, 1.41Hz] | epoch=5.56, loss=0.536100
[02.04 13:22:03] ┇ INFO    ┇    DeepKNLP.gner.trainer ┇ [training]  47%|█████████▎          | 140/300 [0:01:40<0:01:53, 1.41Hz] | epoch=5.60, loss=0.510700
[02.04 13:22:03] ┇ INFO    ┇    DeepKNLP.gner.trainer ┇ [training]  47%|█████████▍          | 141/300 [0:01:40<0:01:52, 1.41Hz] | epoch=5.64, loss=0.554700
[02.04 13:22:03] ┇ INFO    ┇    DeepKNLP.gner.trainer ┇ [training]  47%|█████████▍          | 142/300 [0:01:40<0:01:52, 1.41Hz] | epoch=5.68, loss=0.383100
[02.04 13:22:03] ┇ INFO    ┇    DeepKNLP.gner.trainer ┇ [training]  48%|█████████▌          | 143/300 [0:01:40<0:01:51, 1.41Hz] | epoch=5.72, loss=0.494100
[02.04 13:22:03] ┇ INFO    ┇    DeepKNLP.gner.trainer ┇ [training]  48%|█████████▌          | 144/300 [0:01:40<0:01:50, 1.41Hz] | epoch=5.76, loss=0.311300
[02.04 13:22:03] ┇ INFO    ┇    DeepKNLP.gner.trainer ┇ [training]  48%|█████████▋          | 145/300 [0:01:40<0:01:50, 1.41Hz] | epoch=5.80, loss=0.420900
[02.04 13:22:03] ┇ INFO    ┇    DeepKNLP.gner.trainer ┇ [training]  49%|█████████▋          | 146/300 [0:01:41<0:01:46, 1.45Hz] | epoch=5.84, loss=0.435100
[02.04 13:22:03] ┇ INFO    ┇    DeepKNLP.gner.trainer ┇ [training]  49%|█████████▊          | 147/300 [0:01:41<0:01:45, 1.45Hz] | epoch=5.88, loss=0.411600
[02.04 13:22:04] ┇ INFO    ┇    DeepKNLP.gner.trainer ┇ [training]  49%|█████████▊          | 148/300 [0:01:41<0:01:44, 1.45Hz] | epoch=5.92, loss=0.489300
[02.04 13:22:04] ┇ INFO    ┇    DeepKNLP.gner.trainer ┇ [training]  50%|█████████▉          | 149/300 [0:01:41<0:01:44, 1.45Hz] | epoch=5.96, loss=0.416000
[02.04 13:22:04] ┇ INFO    ┇    DeepKNLP.gner.trainer ┇ [training]  50%|██████████          | 150/300 [0:01:41<0:01:43, 1.45Hz] | epoch=6.00, loss=0.411600
[02.04 13:22:11] ┇ INFO    ┇    DeepKNLP.gner.trainer ┇ [checking] 100%|████████████████████| 1/1 [0:00:00<0:00:00, 69886.87Hz]
[02.04 13:22:11] ┇ INFO    ┇    DeepKNLP.gner.trainer ┇ [training]  50%|██████████          | 150/300 [0:01:41<0:01:43, 1.45Hz] | epoch=6.00, eval_average=0.0000
[02.04 13:22:11] ┇ INFO    ┇    DeepKNLP.gner.trainer ┇ [training]  50%|██████████          | 151/300 [0:01:48<0:01:59, 1.24Hz] | epoch=6.04, loss=0.419400
[02.04 13:22:11] ┇ INFO    ┇    DeepKNLP.gner.trainer ┇ [training]  51%|██████████▏         | 152/300 [0:01:48<0:01:42, 1.45Hz] | epoch=6.08, loss=0.368700
[02.04 13:22:11] ┇ INFO    ┇    DeepKNLP.gner.trainer ┇ [training]  51%|██████████▏         | 153/300 [0:01:48<0:01:41, 1.45Hz] | epoch=6.12, loss=0.359900
[02.04 13:22:11] ┇ INFO    ┇    DeepKNLP.gner.trainer ┇ [training]  51%|██████████▎         | 154/300 [0:01:49<0:01:40, 1.45Hz] | epoch=6.16, loss=0.363300
[02.04 13:22:11] ┇ INFO    ┇    DeepKNLP.gner.trainer ┇ [training]  52%|██████████▎         | 155/300 [0:01:49<0:01:40, 1.45Hz] | epoch=6.20, loss=0.381600
[02.04 13:22:12] ┇ INFO    ┇    DeepKNLP.gner.trainer ┇ [training]  52%|██████████▍         | 156/300 [0:01:49<0:01:39, 1.45Hz] | epoch=6.24, loss=0.512700
[02.04 13:22:12] ┇ INFO    ┇    DeepKNLP.gner.trainer ┇ [training]  52%|██████████▍         | 157/300 [0:01:49<0:01:38, 1.45Hz] | epoch=6.28, loss=0.311000
[02.04 13:22:12] ┇ INFO    ┇    DeepKNLP.gner.trainer ┇ [training]  53%|██████████▌         | 158/300 [0:01:49<0:01:38, 1.45Hz] | epoch=6.32, loss=0.449200
[02.04 13:22:12] ┇ INFO    ┇    DeepKNLP.gner.trainer ┇ [training]  53%|██████████▌         | 159/300 [0:01:49<0:01:37, 1.45Hz] | epoch=6.36, loss=0.394000
[02.04 13:22:12] ┇ INFO    ┇    DeepKNLP.gner.trainer ┇ [training]  53%|██████████▋         | 160/300 [0:01:49<0:01:36, 1.45Hz] | epoch=6.40, loss=0.369900
[02.04 13:22:12] ┇ INFO    ┇    DeepKNLP.gner.trainer ┇ [training]  54%|██████████▋         | 161/300 [0:01:49<0:01:36, 1.45Hz] | epoch=6.44, loss=0.497600
[02.04 13:22:12] ┇ INFO    ┇    DeepKNLP.gner.trainer ┇ [training]  54%|██████████▊         | 162/300 [0:01:49<0:01:35, 1.45Hz] | epoch=6.48, loss=0.526900
[02.04 13:22:19] ┇ INFO    ┇    DeepKNLP.gner.trainer ┇ [checking] 100%|████████████████████| 1/1 [0:00:00<0:00:00, 90412.75Hz]
[02.04 13:22:19] ┇ INFO    ┇    DeepKNLP.gner.trainer ┇ [training]  54%|██████████▊         | 162/300 [0:01:49<0:01:35, 1.45Hz] | epoch=6.48, eval_average=0.0000
[02.04 13:22:19] ┇ INFO    ┇    DeepKNLP.gner.trainer ┇ [training]  54%|██████████▊         | 163/300 [0:01:57<0:01:50, 1.24Hz] | epoch=6.52, loss=0.373000
[02.04 13:22:20] ┇ INFO    ┇    DeepKNLP.gner.trainer ┇ [training]  55%|██████████▉         | 164/300 [0:01:57<0:01:34, 1.45Hz] | epoch=6.56, loss=0.374300
[02.04 13:22:20] ┇ INFO    ┇    DeepKNLP.gner.trainer ┇ [training]  55%|███████████         | 165/300 [0:01:57<0:01:33, 1.45Hz] | epoch=6.60, loss=0.350600
[02.04 13:22:20] ┇ INFO    ┇    DeepKNLP.gner.trainer ┇ [training]  55%|███████████         | 166/300 [0:01:57<0:01:32, 1.45Hz] | epoch=6.64, loss=0.369900
[02.04 13:22:20] ┇ INFO    ┇    DeepKNLP.gner.trainer ┇ [training]  56%|███████████▏        | 167/300 [0:01:57<0:01:31, 1.45Hz] | epoch=6.68, loss=0.403300
[02.04 13:22:20] ┇ INFO    ┇    DeepKNLP.gner.trainer ┇ [training]  56%|███████████▏        | 168/300 [0:01:57<0:01:31, 1.45Hz] | epoch=6.72, loss=0.414600
[02.04 13:22:20] ┇ INFO    ┇    DeepKNLP.gner.trainer ┇ [training]  56%|███████████▎        | 169/300 [0:01:57<0:01:30, 1.45Hz] | epoch=6.76, loss=0.391100
[02.04 13:22:20] ┇ INFO    ┇    DeepKNLP.gner.trainer ┇ [training]  57%|███████████▎        | 170/300 [0:01:57<0:01:29, 1.45Hz] | epoch=6.80, loss=0.405800
[02.04 13:22:20] ┇ INFO    ┇    DeepKNLP.gner.trainer ┇ [training]  57%|███████████▍        | 171/300 [0:01:57<0:01:29, 1.45Hz] | epoch=6.84, loss=0.452600
[02.04 13:22:20] ┇ INFO    ┇    DeepKNLP.gner.trainer ┇ [training]  57%|███████████▍        | 172/300 [0:01:58<0:01:28, 1.45Hz] | epoch=6.88, loss=0.482400
[02.04 13:22:21] ┇ INFO    ┇    DeepKNLP.gner.trainer ┇ [training]  58%|███████████▌        | 173/300 [0:01:58<0:01:27, 1.45Hz] | epoch=6.92, loss=0.450000
[02.04 13:22:21] ┇ INFO    ┇    DeepKNLP.gner.trainer ┇ [training]  58%|███████████▌        | 174/300 [0:01:58<0:01:27, 1.45Hz] | epoch=6.96, loss=0.285600
[02.04 13:22:21] ┇ INFO    ┇    DeepKNLP.gner.trainer ┇ [training]  58%|███████████▋        | 175/300 [0:01:58<0:01:26, 1.45Hz] | epoch=7.00, loss=0.394500
[02.04 13:22:28] ┇ INFO    ┇    DeepKNLP.gner.trainer ┇ [checking] 100%|████████████████████| 1/1 [0:00:00<0:00:00, 48271.08Hz]
[02.04 13:22:28] ┇ INFO    ┇    DeepKNLP.gner.trainer ┇ [training]  58%|███████████▋        | 175/300 [0:01:58<0:01:26, 1.45Hz] | epoch=7.00, eval_average=0.0000
[02.04 13:22:28] ┇ INFO    ┇    DeepKNLP.gner.trainer ┇ [training]  59%|███████████▋        | 176/300 [0:02:05<0:01:25, 1.45Hz] | epoch=7.04, loss=0.408200
[02.04 13:22:28] ┇ INFO    ┇    DeepKNLP.gner.trainer ┇ [training]  59%|███████████▊        | 177/300 [0:02:05<0:01:24, 1.45Hz] | epoch=7.08, loss=0.334000
[02.04 13:22:28] ┇ INFO    ┇    DeepKNLP.gner.trainer ┇ [training]  59%|███████████▊        | 178/300 [0:02:05<0:01:24, 1.45Hz] | epoch=7.12, loss=0.415300
[02.04 13:22:28] ┇ INFO    ┇    DeepKNLP.gner.trainer ┇ [training]  60%|███████████▉        | 179/300 [0:02:05<0:01:23, 1.45Hz] | epoch=7.16, loss=0.400100
[02.04 13:22:28] ┇ INFO    ┇    DeepKNLP.gner.trainer ┇ [training]  60%|████████████        | 180/300 [0:02:05<0:01:22, 1.45Hz] | epoch=7.20, loss=0.457000
[02.04 13:22:28] ┇ INFO    ┇    DeepKNLP.gner.trainer ┇ [training]  60%|████████████        | 181/300 [0:02:06<0:01:22, 1.45Hz] | epoch=7.24, loss=0.377000
[02.04 13:22:29] ┇ INFO    ┇    DeepKNLP.gner.trainer ┇ [training]  61%|████████████▏       | 182/300 [0:02:06<0:01:21, 1.45Hz] | epoch=7.28, loss=0.427200
[02.04 13:22:29] ┇ INFO    ┇    DeepKNLP.gner.trainer ┇ [training]  61%|████████████▏       | 183/300 [0:02:06<0:01:20, 1.45Hz] | epoch=7.32, loss=0.267100
[02.04 13:22:29] ┇ INFO    ┇    DeepKNLP.gner.trainer ┇ [training]  61%|████████████▎       | 184/300 [0:02:06<0:01:20, 1.45Hz] | epoch=7.36, loss=0.309600
[02.04 13:22:29] ┇ INFO    ┇    DeepKNLP.gner.trainer ┇ [training]  62%|████████████▎       | 185/300 [0:02:06<0:01:19, 1.45Hz] | epoch=7.40, loss=0.456100
[02.04 13:22:29] ┇ INFO    ┇    DeepKNLP.gner.trainer ┇ [training]  62%|████████████▍       | 186/300 [0:02:06<0:01:18, 1.45Hz] | epoch=7.44, loss=0.370100
[02.04 13:22:29] ┇ INFO    ┇    DeepKNLP.gner.trainer ┇ [training]  62%|████████████▍       | 187/300 [0:02:06<0:01:18, 1.45Hz] | epoch=7.48, loss=0.331100
[02.04 13:22:29] ┇ INFO    ┇    DeepKNLP.gner.trainer ┇ [training]  63%|████████████▌       | 188/300 [0:02:06<0:01:17, 1.45Hz] | epoch=7.52, loss=0.257300
[02.04 13:22:36] ┇ INFO    ┇    DeepKNLP.gner.trainer ┇ [checking] 100%|████████████████████| 1/1 [0:00:00<0:00:00, 77025.96Hz]
[02.04 13:22:36] ┇ INFO    ┇    DeepKNLP.gner.trainer ┇ [training]  63%|████████████▌       | 188/300 [0:02:06<0:01:17, 1.45Hz] | epoch=7.52, eval_average=0.0000
[02.04 13:22:36] ┇ INFO    ┇    DeepKNLP.gner.trainer ┇ [training]  63%|████████████▌       | 189/300 [0:02:13<0:01:14, 1.50Hz] | epoch=7.56, loss=0.377000
[02.04 13:22:36] ┇ INFO    ┇    DeepKNLP.gner.trainer ┇ [training]  63%|████████████▋       | 190/300 [0:02:14<0:01:13, 1.50Hz] | epoch=7.60, loss=0.526400
[02.04 13:22:37] ┇ INFO    ┇    DeepKNLP.gner.trainer ┇ [training]  64%|████████████▋       | 191/300 [0:02:14<0:01:12, 1.50Hz] | epoch=7.64, loss=0.372800
[02.04 13:22:37] ┇ INFO    ┇    DeepKNLP.gner.trainer ┇ [training]  64%|████████████▊       | 192/300 [0:02:14<0:01:12, 1.50Hz] | epoch=7.68, loss=0.289600
[02.04 13:22:37] ┇ INFO    ┇    DeepKNLP.gner.trainer ┇ [training]  64%|████████████▊       | 193/300 [0:02:14<0:01:11, 1.50Hz] | epoch=7.72, loss=0.329600
[02.04 13:22:37] ┇ INFO    ┇    DeepKNLP.gner.trainer ┇ [training]  65%|████████████▉       | 194/300 [0:02:14<0:01:10, 1.50Hz] | epoch=7.76, loss=0.353000
[02.04 13:22:37] ┇ INFO    ┇    DeepKNLP.gner.trainer ┇ [training]  65%|█████████████       | 195/300 [0:02:14<0:01:10, 1.50Hz] | epoch=7.80, loss=0.380900
[02.04 13:22:37] ┇ INFO    ┇    DeepKNLP.gner.trainer ┇ [training]  65%|█████████████       | 196/300 [0:02:14<0:01:09, 1.50Hz] | epoch=7.84, loss=0.350100
[02.04 13:22:37] ┇ INFO    ┇    DeepKNLP.gner.trainer ┇ [training]  66%|█████████████▏      | 197/300 [0:02:14<0:01:08, 1.50Hz] | epoch=7.88, loss=0.428700
[02.04 13:22:37] ┇ INFO    ┇    DeepKNLP.gner.trainer ┇ [training]  66%|█████████████▏      | 198/300 [0:02:14<0:01:08, 1.50Hz] | epoch=7.92, loss=0.461400
[02.04 13:22:37] ┇ INFO    ┇    DeepKNLP.gner.trainer ┇ [training]  66%|█████████████▎      | 199/300 [0:02:15<0:01:07, 1.50Hz] | epoch=7.96, loss=0.337600
[02.04 13:22:37] ┇ INFO    ┇    DeepKNLP.gner.trainer ┇ [training]  67%|█████████████▎      | 200/300 [0:02:15<0:01:06, 1.50Hz] | epoch=8.00, loss=0.282500
[02.04 13:22:44] ┇ INFO    ┇    DeepKNLP.gner.trainer ┇ [checking] 100%|████████████████████| 1/1 [0:00:00<0:00:00, 90079.01Hz]
[02.04 13:22:45] ┇ INFO    ┇    DeepKNLP.gner.trainer ┇ [training]  67%|█████████████▎      | 200/300 [0:02:15<0:01:06, 1.50Hz] | epoch=8.00, eval_average=0.0000
[02.04 13:22:45] ┇ INFO    ┇    DeepKNLP.gner.trainer ┇ [training]  67%|█████████████▍      | 201/300 [0:02:22<0:01:17, 1.28Hz] | epoch=8.04, loss=0.348900
[02.04 13:22:45] ┇ INFO    ┇    DeepKNLP.gner.trainer ┇ [training]  67%|█████████████▍      | 202/300 [0:02:22<0:01:05, 1.50Hz] | epoch=8.08, loss=0.343000
[02.04 13:22:45] ┇ INFO    ┇    DeepKNLP.gner.trainer ┇ [training]  68%|█████████████▌      | 203/300 [0:02:22<0:01:04, 1.50Hz] | epoch=8.12, loss=0.291500
[02.04 13:22:45] ┇ INFO    ┇    DeepKNLP.gner.trainer ┇ [training]  68%|█████████████▌      | 204/300 [0:02:22<0:01:04, 1.50Hz] | epoch=8.16, loss=0.324200
[02.04 13:22:45] ┇ INFO    ┇    DeepKNLP.gner.trainer ┇ [training]  68%|█████████████▋      | 205/300 [0:02:22<0:01:03, 1.50Hz] | epoch=8.20, loss=0.395800
[02.04 13:22:45] ┇ INFO    ┇    DeepKNLP.gner.trainer ┇ [training]  69%|█████████████▋      | 206/300 [0:02:22<0:01:02, 1.50Hz] | epoch=8.24, loss=0.403800
[02.04 13:22:45] ┇ INFO    ┇    DeepKNLP.gner.trainer ┇ [training]  69%|█████████████▊      | 207/300 [0:02:22<0:01:02, 1.50Hz] | epoch=8.28, loss=0.306200
[02.04 13:22:45] ┇ INFO    ┇    DeepKNLP.gner.trainer ┇ [training]  69%|█████████████▊      | 208/300 [0:02:23<0:01:01, 1.50Hz] | epoch=8.32, loss=0.333300
[02.04 13:22:46] ┇ INFO    ┇    DeepKNLP.gner.trainer ┇ [training]  70%|█████████████▉      | 209/300 [0:02:23<0:01:00, 1.50Hz] | epoch=8.36, loss=0.420400
[02.04 13:22:46] ┇ INFO    ┇    DeepKNLP.gner.trainer ┇ [training]  70%|██████████████      | 210/300 [0:02:23<0:01:00, 1.50Hz] | epoch=8.40, loss=0.272500
[02.04 13:22:46] ┇ INFO    ┇    DeepKNLP.gner.trainer ┇ [training]  70%|██████████████      | 211/300 [0:02:23<0:00:59, 1.50Hz] | epoch=8.44, loss=0.351100
[02.04 13:22:46] ┇ INFO    ┇    DeepKNLP.gner.trainer ┇ [training]  71%|██████████████▏     | 212/300 [0:02:23<0:00:58, 1.50Hz] | epoch=8.48, loss=0.373500
[02.04 13:22:53] ┇ INFO    ┇    DeepKNLP.gner.trainer ┇ [checking] 100%|████████████████████| 1/1 [0:00:00<0:00:00, 49146.00Hz]
[02.04 13:22:53] ┇ INFO    ┇    DeepKNLP.gner.trainer ┇ [training]  71%|██████████████▏     | 212/300 [0:02:23<0:00:58, 1.50Hz] | epoch=8.48, eval_average=0.0000
[02.04 13:22:53] ┇ INFO    ┇    DeepKNLP.gner.trainer ┇ [training]  71%|██████████████▏     | 213/300 [0:02:30<0:01:07, 1.28Hz] | epoch=8.52, loss=0.347700
[02.04 13:22:53] ┇ INFO    ┇    DeepKNLP.gner.trainer ┇ [training]  71%|██████████████▎     | 214/300 [0:02:30<0:00:57, 1.50Hz] | epoch=8.56, loss=0.431200
[02.04 13:22:53] ┇ INFO    ┇    DeepKNLP.gner.trainer ┇ [training]  72%|██████████████▎     | 215/300 [0:02:30<0:00:56, 1.50Hz] | epoch=8.60, loss=0.349100
[02.04 13:22:53] ┇ INFO    ┇    DeepKNLP.gner.trainer ┇ [training]  72%|██████████████▍     | 216/300 [0:02:30<0:00:56, 1.50Hz] | epoch=8.64, loss=0.276600
[02.04 13:22:53] ┇ INFO    ┇    DeepKNLP.gner.trainer ┇ [training]  72%|██████████████▍     | 217/300 [0:02:31<0:00:55, 1.50Hz] | epoch=8.68, loss=0.325000
[02.04 13:22:54] ┇ INFO    ┇    DeepKNLP.gner.trainer ┇ [training]  73%|██████████████▌     | 218/300 [0:02:31<0:00:54, 1.50Hz] | epoch=8.72, loss=0.266100
[02.04 13:22:54] ┇ INFO    ┇    DeepKNLP.gner.trainer ┇ [training]  73%|██████████████▌     | 219/300 [0:02:31<0:00:54, 1.50Hz] | epoch=8.76, loss=0.432100
[02.04 13:22:54] ┇ INFO    ┇    DeepKNLP.gner.trainer ┇ [training]  73%|██████████████▋     | 220/300 [0:02:31<0:00:53, 1.50Hz] | epoch=8.80, loss=0.285200
[02.04 13:22:54] ┇ INFO    ┇    DeepKNLP.gner.trainer ┇ [training]  74%|██████████████▋     | 221/300 [0:02:31<0:00:52, 1.50Hz] | epoch=8.84, loss=0.388200
[02.04 13:22:54] ┇ INFO    ┇    DeepKNLP.gner.trainer ┇ [training]  74%|██████████████▊     | 222/300 [0:02:31<0:00:52, 1.50Hz] | epoch=8.88, loss=0.307600
[02.04 13:22:54] ┇ INFO    ┇    DeepKNLP.gner.trainer ┇ [training]  74%|██████████████▊     | 223/300 [0:02:31<0:00:51, 1.50Hz] | epoch=8.92, loss=0.353000
[02.04 13:22:54] ┇ INFO    ┇    DeepKNLP.gner.trainer ┇ [training]  75%|██████████████▉     | 224/300 [0:02:31<0:00:50, 1.50Hz] | epoch=8.96, loss=0.377000
[02.04 13:22:54] ┇ INFO    ┇    DeepKNLP.gner.trainer ┇ [training]  75%|███████████████     | 225/300 [0:02:31<0:00:50, 1.50Hz] | epoch=9.00, loss=0.381300
[02.04 13:23:01] ┇ INFO    ┇    DeepKNLP.gner.trainer ┇ [checking] 100%|████████████████████| 1/1 [0:00:00<0:00:00, 57132.16Hz]
[02.04 13:23:01] ┇ INFO    ┇    DeepKNLP.gner.trainer ┇ [training]  75%|███████████████     | 225/300 [0:02:31<0:00:50, 1.50Hz] | epoch=9.00, eval_average=0.0000
[02.04 13:23:01] ┇ INFO    ┇    DeepKNLP.gner.trainer ┇ [training]  75%|███████████████     | 226/300 [0:02:39<0:00:49, 1.50Hz] | epoch=9.04, loss=0.288800
[02.04 13:23:02] ┇ INFO    ┇    DeepKNLP.gner.trainer ┇ [training]  76%|███████████████▏    | 227/300 [0:02:39<0:00:48, 1.50Hz] | epoch=9.08, loss=0.459000
[02.04 13:23:02] ┇ INFO    ┇    DeepKNLP.gner.trainer ┇ [training]  76%|███████████████▏    | 228/300 [0:02:39<0:00:48, 1.50Hz] | epoch=9.12, loss=0.489700
[02.04 13:23:02] ┇ INFO    ┇    DeepKNLP.gner.trainer ┇ [training]  76%|███████████████▎    | 229/300 [0:02:39<0:00:47, 1.50Hz] | epoch=9.16, loss=0.330100
[02.04 13:23:02] ┇ INFO    ┇    DeepKNLP.gner.trainer ┇ [training]  77%|███████████████▎    | 230/300 [0:02:39<0:00:46, 1.50Hz] | epoch=9.20, loss=0.341800
[02.04 13:23:02] ┇ INFO    ┇    DeepKNLP.gner.trainer ┇ [training]  77%|███████████████▍    | 231/300 [0:02:39<0:00:46, 1.50Hz] | epoch=9.24, loss=0.304700
[02.04 13:23:02] ┇ INFO    ┇    DeepKNLP.gner.trainer ┇ [training]  77%|███████████████▍    | 232/300 [0:02:39<0:00:45, 1.50Hz] | epoch=9.28, loss=0.304000
[02.04 13:23:02] ┇ INFO    ┇    DeepKNLP.gner.trainer ┇ [training]  78%|███████████████▌    | 233/300 [0:02:39<0:00:44, 1.50Hz] | epoch=9.32, loss=0.304200
[02.04 13:23:02] ┇ INFO    ┇    DeepKNLP.gner.trainer ┇ [training]  78%|███████████████▌    | 234/300 [0:02:39<0:00:44, 1.50Hz] | epoch=9.36, loss=0.310800
[02.04 13:23:02] ┇ INFO    ┇    DeepKNLP.gner.trainer ┇ [training]  78%|███████████████▋    | 235/300 [0:02:40<0:00:43, 1.50Hz] | epoch=9.40, loss=0.404300
[02.04 13:23:03] ┇ INFO    ┇    DeepKNLP.gner.trainer ┇ [training]  79%|███████████████▋    | 236/300 [0:02:40<0:00:42, 1.50Hz] | epoch=9.44, loss=0.361800
[02.04 13:23:03] ┇ INFO    ┇    DeepKNLP.gner.trainer ┇ [training]  79%|███████████████▊    | 237/300 [0:02:40<0:00:42, 1.50Hz] | epoch=9.48, loss=0.311300
[02.04 13:23:03] ┇ INFO    ┇    DeepKNLP.gner.trainer ┇ [training]  79%|███████████████▊    | 238/300 [0:02:40<0:00:41, 1.50Hz] | epoch=9.52, loss=0.407200
[02.04 13:23:10] ┇ INFO    ┇    DeepKNLP.gner.trainer ┇ [checking] 100%|████████████████████| 1/1 [0:00:00<0:00:00, 91320.11Hz]
[02.04 13:23:10] ┇ INFO    ┇    DeepKNLP.gner.trainer ┇ [training]  79%|███████████████▊    | 238/300 [0:02:40<0:00:41, 1.50Hz] | epoch=9.52, eval_average=0.0000
[02.04 13:23:10] ┇ INFO    ┇    DeepKNLP.gner.trainer ┇ [training]  80%|███████████████▉    | 239/300 [0:02:47<0:00:40, 1.50Hz] | epoch=9.56, loss=0.296100
[02.04 13:23:10] ┇ INFO    ┇    DeepKNLP.gner.trainer ┇ [training]  80%|████████████████    | 240/300 [0:02:47<0:00:40, 1.50Hz] | epoch=9.60, loss=0.335400
[02.04 13:23:10] ┇ INFO    ┇    DeepKNLP.gner.trainer ┇ [training]  80%|████████████████    | 241/300 [0:02:47<0:00:39, 1.50Hz] | epoch=9.64, loss=0.292500
[02.04 13:23:10] ┇ INFO    ┇    DeepKNLP.gner.trainer ┇ [training]  81%|████████████████▏   | 242/300 [0:02:47<0:00:38, 1.50Hz] | epoch=9.68, loss=0.375000
[02.04 13:23:10] ┇ INFO    ┇    DeepKNLP.gner.trainer ┇ [training]  81%|████████████████▏   | 243/300 [0:02:48<0:00:38, 1.50Hz] | epoch=9.72, loss=0.306200
[02.04 13:23:10] ┇ INFO    ┇    DeepKNLP.gner.trainer ┇ [training]  81%|████████████████▎   | 244/300 [0:02:48<0:00:37, 1.50Hz] | epoch=9.76, loss=0.305700
[02.04 13:23:11] ┇ INFO    ┇    DeepKNLP.gner.trainer ┇ [training]  82%|████████████████▎   | 245/300 [0:02:48<0:00:36, 1.50Hz] | epoch=9.80, loss=0.355500
[02.04 13:23:11] ┇ INFO    ┇    DeepKNLP.gner.trainer ┇ [training]  82%|████████████████▍   | 246/300 [0:02:48<0:00:36, 1.50Hz] | epoch=9.84, loss=0.355000
[02.04 13:23:11] ┇ INFO    ┇    DeepKNLP.gner.trainer ┇ [training]  82%|████████████████▍   | 247/300 [0:02:48<0:00:35, 1.50Hz] | epoch=9.88, loss=0.340300
[02.04 13:23:11] ┇ INFO    ┇    DeepKNLP.gner.trainer ┇ [training]  83%|████████████████▌   | 248/300 [0:02:48<0:00:34, 1.50Hz] | epoch=9.92, loss=0.300300
[02.04 13:23:11] ┇ INFO    ┇    DeepKNLP.gner.trainer ┇ [training]  83%|████████████████▌   | 249/300 [0:02:48<0:00:34, 1.50Hz] | epoch=9.96, loss=0.344700
[02.04 13:23:11] ┇ INFO    ┇    DeepKNLP.gner.trainer ┇ [training]  83%|████████████████▋   | 250/300 [0:02:48<0:00:33, 1.50Hz] | epoch=10.00, loss=0.245400
[02.04 13:23:18] ┇ INFO    ┇    DeepKNLP.gner.trainer ┇ [checking] 100%|████████████████████| 1/1 [0:00:00<0:00:00, 55479.06Hz]
[02.04 13:23:18] ┇ INFO    ┇    DeepKNLP.gner.trainer ┇ [training]  83%|████████████████▋   | 250/300 [0:02:48<0:00:33, 1.50Hz] | epoch=10.00, eval_average=0.0000
[02.04 13:23:18] ┇ INFO    ┇    DeepKNLP.gner.trainer ┇ [training]  84%|████████████████▋   | 251/300 [0:02:55<0:00:38, 1.28Hz] | epoch=10.04, loss=0.416300
[02.04 13:23:18] ┇ INFO    ┇    DeepKNLP.gner.trainer ┇ [training]  84%|████████████████▊   | 252/300 [0:02:56<0:00:32, 1.50Hz] | epoch=10.08, loss=0.358200
[02.04 13:23:18] ┇ INFO    ┇    DeepKNLP.gner.trainer ┇ [training]  84%|████████████████▊   | 253/300 [0:02:56<0:00:31, 1.50Hz] | epoch=10.12, loss=0.419900
[02.04 13:23:19] ┇ INFO    ┇    DeepKNLP.gner.trainer ┇ [training]  85%|████████████████▉   | 254/300 [0:02:56<0:00:30, 1.50Hz] | epoch=10.16, loss=0.414600
[02.04 13:23:19] ┇ INFO    ┇    DeepKNLP.gner.trainer ┇ [training]  85%|█████████████████   | 255/300 [0:02:56<0:00:30, 1.50Hz] | epoch=10.20, loss=0.269500
[02.04 13:23:19] ┇ INFO    ┇    DeepKNLP.gner.trainer ┇ [training]  85%|█████████████████   | 256/300 [0:02:56<0:00:29, 1.50Hz] | epoch=10.24, loss=0.349100
[02.04 13:23:19] ┇ INFO    ┇    DeepKNLP.gner.trainer ┇ [training]  86%|█████████████████▏  | 257/300 [0:02:56<0:00:28, 1.50Hz] | epoch=10.28, loss=0.360800
[02.04 13:23:19] ┇ INFO    ┇    DeepKNLP.gner.trainer ┇ [training]  86%|█████████████████▏  | 258/300 [0:02:56<0:00:28, 1.50Hz] | epoch=10.32, loss=0.303000
[02.04 13:23:19] ┇ INFO    ┇    DeepKNLP.gner.trainer ┇ [training]  86%|█████████████████▎  | 259/300 [0:02:56<0:00:27, 1.50Hz] | epoch=10.36, loss=0.291000
[02.04 13:23:19] ┇ INFO    ┇    DeepKNLP.gner.trainer ┇ [training]  87%|█████████████████▎  | 260/300 [0:02:56<0:00:26, 1.50Hz] | epoch=10.40, loss=0.262900
[02.04 13:23:19] ┇ INFO    ┇    DeepKNLP.gner.trainer ┇ [training]  87%|█████████████████▍  | 261/300 [0:02:57<0:00:26, 1.50Hz] | epoch=10.44, loss=0.252400
[02.04 13:23:19] ┇ INFO    ┇    DeepKNLP.gner.trainer ┇ [training]  87%|█████████████████▍  | 262/300 [0:02:57<0:00:25, 1.50Hz] | epoch=10.48, loss=0.420900
[02.04 13:23:26] ┇ INFO    ┇    DeepKNLP.gner.trainer ┇ [checking] 100%|████████████████████| 1/1 [0:00:00<0:00:00, 54604.45Hz]
[02.04 13:23:27] ┇ INFO    ┇    DeepKNLP.gner.trainer ┇ [training]  87%|█████████████████▍  | 262/300 [0:02:57<0:00:25, 1.50Hz] | epoch=10.48, eval_average=0.0000
[02.04 13:23:27] ┇ INFO    ┇    DeepKNLP.gner.trainer ┇ [training]  88%|█████████████████▌  | 263/300 [0:03:04<0:00:28, 1.28Hz] | epoch=10.52, loss=0.313500
[02.04 13:23:27] ┇ INFO    ┇    DeepKNLP.gner.trainer ┇ [training]  88%|█████████████████▌  | 264/300 [0:03:04<0:00:24, 1.50Hz] | epoch=10.56, loss=0.328600
[02.04 13:23:27] ┇ INFO    ┇    DeepKNLP.gner.trainer ┇ [training]  88%|█████████████████▋  | 265/300 [0:03:04<0:00:23, 1.50Hz] | epoch=10.60, loss=0.325000
[02.04 13:23:27] ┇ INFO    ┇    DeepKNLP.gner.trainer ┇ [training]  89%|█████████████████▋  | 266/300 [0:03:04<0:00:22, 1.50Hz] | epoch=10.64, loss=0.283400
[02.04 13:23:27] ┇ INFO    ┇    DeepKNLP.gner.trainer ┇ [training]  89%|█████████████████▊  | 267/300 [0:03:04<0:00:22, 1.50Hz] | epoch=10.68, loss=0.373500
[02.04 13:23:27] ┇ INFO    ┇    DeepKNLP.gner.trainer ┇ [training]  89%|█████████████████▊  | 268/300 [0:03:04<0:00:21, 1.50Hz] | epoch=10.72, loss=0.416500
[02.04 13:23:27] ┇ INFO    ┇    DeepKNLP.gner.trainer ┇ [training]  90%|█████████████████▉  | 269/300 [0:03:04<0:00:20, 1.50Hz] | epoch=10.76, loss=0.327100
[02.04 13:23:27] ┇ INFO    ┇    DeepKNLP.gner.trainer ┇ [training]  90%|██████████████████  | 270/300 [0:03:05<0:00:20, 1.50Hz] | epoch=10.80, loss=0.226600
[02.04 13:23:28] ┇ INFO    ┇    DeepKNLP.gner.trainer ┇ [training]  90%|██████████████████  | 271/300 [0:03:05<0:00:19, 1.50Hz] | epoch=10.84, loss=0.299100
[02.04 13:23:28] ┇ INFO    ┇    DeepKNLP.gner.trainer ┇ [training]  91%|██████████████████▏ | 272/300 [0:03:05<0:00:18, 1.50Hz] | epoch=10.88, loss=0.402300
[02.04 13:23:28] ┇ INFO    ┇    DeepKNLP.gner.trainer ┇ [training]  91%|██████████████████▏ | 273/300 [0:03:05<0:00:18, 1.50Hz] | epoch=10.92, loss=0.325000
[02.04 13:23:28] ┇ INFO    ┇    DeepKNLP.gner.trainer ┇ [training]  91%|██████████████████▎ | 274/300 [0:03:05<0:00:17, 1.50Hz] | epoch=10.96, loss=0.331100
[02.04 13:23:28] ┇ INFO    ┇    DeepKNLP.gner.trainer ┇ [training]  92%|██████████████████▎ | 275/300 [0:03:05<0:00:16, 1.50Hz] | epoch=11.00, loss=0.294200
[02.04 13:23:35] ┇ INFO    ┇    DeepKNLP.gner.trainer ┇ [checking] 100%|████████████████████| 1/1 [0:00:00<0:00:00, 84746.79Hz]
[02.04 13:23:35] ┇ INFO    ┇    DeepKNLP.gner.trainer ┇ [training]  92%|██████████████████▎ | 275/300 [0:03:05<0:00:16, 1.50Hz] | epoch=11.00, eval_average=0.0000
[02.04 13:23:35] ┇ INFO    ┇    DeepKNLP.gner.trainer ┇ [training]  92%|██████████████████▍ | 276/300 [0:03:12<0:00:16, 1.50Hz] | epoch=11.04, loss=0.304900
[02.04 13:23:35] ┇ INFO    ┇    DeepKNLP.gner.trainer ┇ [training]  92%|██████████████████▍ | 277/300 [0:03:12<0:00:15, 1.50Hz] | epoch=11.08, loss=0.334700
[02.04 13:23:35] ┇ INFO    ┇    DeepKNLP.gner.trainer ┇ [training]  93%|██████████████████▌ | 278/300 [0:03:12<0:00:14, 1.50Hz] | epoch=11.12, loss=0.347400
[02.04 13:23:35] ┇ INFO    ┇    DeepKNLP.gner.trainer ┇ [training]  93%|██████████████████▌ | 279/300 [0:03:13<0:00:14, 1.50Hz] | epoch=11.16, loss=0.347200
[02.04 13:23:36] ┇ INFO    ┇    DeepKNLP.gner.trainer ┇ [training]  93%|██████████████████▋ | 280/300 [0:03:13<0:00:13, 1.50Hz] | epoch=11.20, loss=0.315200
[02.04 13:23:36] ┇ INFO    ┇    DeepKNLP.gner.trainer ┇ [training]  94%|██████████████████▋ | 281/300 [0:03:13<0:00:12, 1.50Hz] | epoch=11.24, loss=0.324000
[02.04 13:23:36] ┇ INFO    ┇    DeepKNLP.gner.trainer ┇ [training]  94%|██████████████████▊ | 282/300 [0:03:13<0:00:12, 1.50Hz] | epoch=11.28, loss=0.301800
[02.04 13:23:36] ┇ INFO    ┇    DeepKNLP.gner.trainer ┇ [training]  94%|██████████████████▊ | 283/300 [0:03:13<0:00:11, 1.50Hz] | epoch=11.32, loss=0.328100
[02.04 13:23:36] ┇ INFO    ┇    DeepKNLP.gner.trainer ┇ [training]  95%|██████████████████▉ | 284/300 [0:03:13<0:00:10, 1.50Hz] | epoch=11.36, loss=0.278100
[02.04 13:23:36] ┇ INFO    ┇    DeepKNLP.gner.trainer ┇ [training]  95%|███████████████████ | 285/300 [0:03:13<0:00:10, 1.50Hz] | epoch=11.40, loss=0.357400
[02.04 13:23:36] ┇ INFO    ┇    DeepKNLP.gner.trainer ┇ [training]  95%|███████████████████ | 286/300 [0:03:13<0:00:09, 1.50Hz] | epoch=11.44, loss=0.370100
[02.04 13:23:36] ┇ INFO    ┇    DeepKNLP.gner.trainer ┇ [training]  96%|███████████████████▏| 287/300 [0:03:13<0:00:08, 1.50Hz] | epoch=11.48, loss=0.241900
[02.04 13:23:36] ┇ INFO    ┇    DeepKNLP.gner.trainer ┇ [training]  96%|███████████████████▏| 288/300 [0:03:14<0:00:08, 1.50Hz] | epoch=11.52, loss=0.389600
[02.04 13:23:43] ┇ INFO    ┇    DeepKNLP.gner.trainer ┇ [checking] 100%|████████████████████| 1/1 [0:00:00<0:00:00, 96265.18Hz]
[02.04 13:23:44] ┇ INFO    ┇    DeepKNLP.gner.trainer ┇ [training]  96%|███████████████████▏| 288/300 [0:03:14<0:00:08, 1.50Hz] | epoch=11.52, eval_average=0.0000
[02.04 13:23:44] ┇ INFO    ┇    DeepKNLP.gner.trainer ┇ [training]  96%|███████████████████▎| 289/300 [0:03:21<0:00:07, 1.49Hz] | epoch=11.56, loss=0.313700
[02.04 13:23:44] ┇ INFO    ┇    DeepKNLP.gner.trainer ┇ [training]  97%|███████████████████▎| 290/300 [0:03:21<0:00:06, 1.49Hz] | epoch=11.60, loss=0.259800
[02.04 13:23:44] ┇ INFO    ┇    DeepKNLP.gner.trainer ┇ [training]  97%|███████████████████▍| 291/300 [0:03:21<0:00:06, 1.49Hz] | epoch=11.64, loss=0.497600
[02.04 13:23:44] ┇ INFO    ┇    DeepKNLP.gner.trainer ┇ [training]  97%|███████████████████▍| 292/300 [0:03:21<0:00:05, 1.49Hz] | epoch=11.68, loss=0.327100
[02.04 13:23:44] ┇ INFO    ┇    DeepKNLP.gner.trainer ┇ [training]  98%|███████████████████▌| 293/300 [0:03:21<0:00:04, 1.49Hz] | epoch=11.72, loss=0.321500
[02.04 13:23:44] ┇ INFO    ┇    DeepKNLP.gner.trainer ┇ [training]  98%|███████████████████▌| 294/300 [0:03:21<0:00:04, 1.49Hz] | epoch=11.76, loss=0.291000
[02.04 13:23:44] ┇ INFO    ┇    DeepKNLP.gner.trainer ┇ [training]  98%|███████████████████▋| 295/300 [0:03:21<0:00:03, 1.49Hz] | epoch=11.80, loss=0.336900
[02.04 13:23:44] ┇ INFO    ┇    DeepKNLP.gner.trainer ┇ [training]  99%|███████████████████▋| 296/300 [0:03:22<0:00:02, 1.49Hz] | epoch=11.84, loss=0.258100
[02.04 13:23:45] ┇ INFO    ┇    DeepKNLP.gner.trainer ┇ [training]  99%|███████████████████▊| 297/300 [0:03:22<0:00:02, 1.49Hz] | epoch=11.88, loss=0.313500
[02.04 13:23:45] ┇ INFO    ┇    DeepKNLP.gner.trainer ┇ [training]  99%|███████████████████▊| 298/300 [0:03:22<0:00:01, 1.49Hz] | epoch=11.92, loss=0.302200
[02.04 13:23:45] ┇ INFO    ┇    DeepKNLP.gner.trainer ┇ [training] 100%|███████████████████▉| 299/300 [0:03:22<0:00:00, 1.49Hz] | epoch=11.96, loss=0.332300
[02.04 13:23:45] ┇ INFO    ┇    DeepKNLP.gner.trainer ┇ [training] 100%|████████████████████| 300/300 [0:03:22<0:00:00, 1.49Hz] | epoch=12.00, loss=0.362100
[02.04 13:23:52] ┇ INFO    ┇    DeepKNLP.gner.trainer ┇ [checking] 100%|████████████████████| 1/1 [0:00:00<0:00:00, 55239.32Hz]
[02.04 13:23:52] ┇ INFO    ┇    DeepKNLP.gner.trainer ┇ [training] 100%|████████████████████| 300/300 [0:03:22<0:00:00, 1.49Hz] | epoch=12.00, eval_average=0.0000
[02.04 13:23:52] ┇ INFO    ┇    DeepKNLP.gner.trainer ┇ [training] 100%|████████████████████| 300/300 [0:03:22<0:00:00, 1.49Hz] | epoch=12.00, train_loss=0.6489, total_pflos=0.096
[02.04 13:23:52] ┇ INFO    ┇    DeepKNLP.gner.trainer ┇ -----------------------------------------------------------------------------------------------------------------------------------------
[02.04 13:23:52] ┇ INFO    ┇                 DeepKNLP ┇ Train output metrics: {'train_runtime': 209.5574, 'train_samples_per_second': 5.726, 'train_steps_per_second': 1.432, 'total_flos': 96472814813184.0, 'train_loss': 0.6488932291666667, 'epoch': 12.0}
[02.04 13:23:52] ┇ INFO    ┇           chrisbase.data ┇ =========================================================================================================================================
[02.04 13:23:52] ┇ INFO    ┇           chrisbase.data ┇ [EXIT] python task2-nerG-trainer.py --local_rank=0 --pretrained google/flan-t5-small --run_version FLAN-T5-Small-Baseline --train_file data/gner/each/crossner_ai-train.jsonl --eval_file data/gner/each-sampled/crossner_ai-dev=100.jsonl --num_train_epochs 12 --eval_epochs 0.5 --per_device_train_batch_size 1 --output_file train-metrics-crossner_ai-12ep.csv --logging_file train-loggings-crossner_ai-12ep.out --trainer_deepspeed configs/deepspeed/ds2_llama.json ($=00:03:46.177)
[02.04 13:23:52] ┇ INFO    ┇           chrisbase.data ┇ =========================================================================================================================================
