[03.19 06:51:50] ┇ INFO     ┇          lightning.fabric.utilities.seed ┇ [rank: 0] Seed set to 7
[03.19 06:51:50] ┇ INFO     ┇                           chrisbase.data ┇ =========================================================================================================================================
[03.19 06:51:50] ┇ INFO     ┇                           chrisbase.data ┇ [INIT] python /home/chris/proj/DeepKNLP-24.03/2-ner.py train
[03.19 06:51:50] ┇ INFO     ┇                           chrisbase.data ┇ =========================================================================================================================================
[03.19 06:51:51] ┇ INFO     ┇                           chrisbase.data ┇ -----+---------------------------------+-------------------------------------------------------------------------------------------------------------------------------------------
[03.19 06:51:51] ┇ INFO     ┇                           chrisbase.data ┇    # | TrainerArguments                | value
[03.19 06:51:51] ┇ INFO     ┇                           chrisbase.data ┇ -----+---------------------------------+-------------------------------------------------------------------------------------------------------------------------------------------
[03.19 06:51:51] ┇ INFO     ┇                           chrisbase.data ┇    1 | tag                             | train
[03.19 06:51:51] ┇ INFO     ┇                           chrisbase.data ┇    2 | env.project                     | DeepKNLP
[03.19 06:51:51] ┇ INFO     ┇                           chrisbase.data ┇    3 | env.job_name                    | KPF-BERT
[03.19 06:51:51] ┇ INFO     ┇                           chrisbase.data ┇    4 | env.job_version                 | 0
[03.19 06:51:51] ┇ INFO     ┇                           chrisbase.data ┇    5 | env.hostname                    | chris137
[03.19 06:51:51] ┇ INFO     ┇                           chrisbase.data ┇    6 | env.hostaddr                    | 129.254.164.137
[03.19 06:51:51] ┇ INFO     ┇                           chrisbase.data ┇    7 | env.time_stamp                  | 0319.065149
[03.19 06:51:51] ┇ INFO     ┇                           chrisbase.data ┇    8 | env.python_path                 | /home/chris/miniforge3/envs/DeepKNLP-24.03/bin/python
[03.19 06:51:51] ┇ INFO     ┇                           chrisbase.data ┇    9 | env.current_dir                 | /dat/proj/DeepKNLP-24.03
[03.19 06:51:51] ┇ INFO     ┇                           chrisbase.data ┇   10 | env.current_file                | /home/chris/proj/DeepKNLP-24.03/2-ner.py
[03.19 06:51:51] ┇ INFO     ┇                           chrisbase.data ┇   11 | env.working_dir                 | /dat/proj/DeepKNLP-24.03
[03.19 06:51:51] ┇ INFO     ┇                           chrisbase.data ┇   12 | env.command_args                | ['train']
[03.19 06:51:51] ┇ INFO     ┇                           chrisbase.data ┇   13 | env.num_ip_addrs                | 1
[03.19 06:51:51] ┇ INFO     ┇                           chrisbase.data ┇   14 | env.max_workers                 | 1
[03.19 06:51:51] ┇ INFO     ┇                           chrisbase.data ┇   15 | env.debugging                   | False
[03.19 06:51:51] ┇ INFO     ┇                           chrisbase.data ┇   16 | env.msg_level                   | 20
[03.19 06:51:51] ┇ INFO     ┇                           chrisbase.data ┇   17 | env.msg_format                  | %(asctime)s ┇ %(levelname)-8s ┇ %(name)40s ┇ %(message)s
[03.19 06:51:51] ┇ INFO     ┇                           chrisbase.data ┇   18 | env.date_format                 | [%m.%d %H:%M:%S]
[03.19 06:51:51] ┇ INFO     ┇                           chrisbase.data ┇   19 | env.output_home                 | finetuning/klue-ner/train=KPF-BERT=chris137/version_0
[03.19 06:51:51] ┇ INFO     ┇                           chrisbase.data ┇   20 | env.logging_file                | logging.out
[03.19 06:51:51] ┇ INFO     ┇                           chrisbase.data ┇   21 | env.argument_file               | arguments.json
[03.19 06:51:51] ┇ INFO     ┇                           chrisbase.data ┇   22 | time.started                    | [03.19 06:51:51]
[03.19 06:51:51] ┇ INFO     ┇                           chrisbase.data ┇   23 | time.settled                    |
[03.19 06:51:51] ┇ INFO     ┇                           chrisbase.data ┇   24 | time.elapsed                    |
[03.19 06:51:51] ┇ INFO     ┇                           chrisbase.data ┇   25 | prog.tb_logger                  | <lightning.fabric.loggers.tensorboard.TensorBoardLogger object at 0x7f5e428f0090>
[03.19 06:51:51] ┇ INFO     ┇                           chrisbase.data ┇   26 | prog.csv_logger                 | <lightning.fabric.loggers.csv_logs.CSVLogger object at 0x7f5e428cfa90>
[03.19 06:51:51] ┇ INFO     ┇                           chrisbase.data ┇   27 | prog.world_size                 | 1
[03.19 06:51:51] ┇ INFO     ┇                           chrisbase.data ┇   28 | prog.local_rank                 | 0
[03.19 06:51:51] ┇ INFO     ┇                           chrisbase.data ┇   29 | prog.global_rank                | 0
[03.19 06:51:51] ┇ INFO     ┇                           chrisbase.data ┇   30 | prog.global_step                | 0
[03.19 06:51:51] ┇ INFO     ┇                           chrisbase.data ┇   31 | prog.global_epoch               | 0.0
[03.19 06:51:51] ┇ INFO     ┇                           chrisbase.data ┇   32 | data.name                       | klue-ner
[03.19 06:51:51] ┇ INFO     ┇                           chrisbase.data ┇   33 | data.home                       | /dat/proj/DeepKNLP-24.03/data
[03.19 06:51:51] ┇ INFO     ┇                           chrisbase.data ┇   34 | data.files                      | {'train': 'train.jsonl', 'valid': 'valid.jsonl', 'test': 'valid.jsonl'}
[03.19 06:51:51] ┇ INFO     ┇                           chrisbase.data ┇   35 | data.caching                    | False
[03.19 06:51:51] ┇ INFO     ┇                           chrisbase.data ┇   36 | data.redownload                 | False
[03.19 06:51:51] ┇ INFO     ┇                           chrisbase.data ┇   37 | data.num_check                  | 0
[03.19 06:51:51] ┇ INFO     ┇                           chrisbase.data ┇   38 | model.pretrained                | pretrained/KPF-BERT
[03.19 06:51:51] ┇ INFO     ┇                           chrisbase.data ┇   39 | model.finetuning                | /dat/proj/DeepKNLP-24.03/finetuning
[03.19 06:51:51] ┇ INFO     ┇                           chrisbase.data ┇   40 | model.name                      |
[03.19 06:51:51] ┇ INFO     ┇                           chrisbase.data ┇   41 | model.seq_len                   | 64
[03.19 06:51:51] ┇ INFO     ┇                           chrisbase.data ┇   42 | hardware.cpu_workers            | 10
[03.19 06:51:51] ┇ INFO     ┇                           chrisbase.data ┇   43 | hardware.train_batch            | 50
[03.19 06:51:51] ┇ INFO     ┇                           chrisbase.data ┇   44 | hardware.infer_batch            | 50
[03.19 06:51:51] ┇ INFO     ┇                           chrisbase.data ┇   45 | hardware.accelerator            | cuda
[03.19 06:51:51] ┇ INFO     ┇                           chrisbase.data ┇   46 | hardware.precision              | 16-mixed
[03.19 06:51:51] ┇ INFO     ┇                           chrisbase.data ┇   47 | hardware.strategy               | ddp
[03.19 06:51:51] ┇ INFO     ┇                           chrisbase.data ┇   48 | hardware.devices                | [0]
[03.19 06:51:51] ┇ INFO     ┇                           chrisbase.data ┇   49 | printing.print_rate_on_training | 0.05
[03.19 06:51:51] ┇ INFO     ┇                           chrisbase.data ┇   50 | printing.print_rate_on_validate | 0.5
[03.19 06:51:51] ┇ INFO     ┇                           chrisbase.data ┇   51 | printing.print_rate_on_evaluate | 0.5
[03.19 06:51:51] ┇ INFO     ┇                           chrisbase.data ┇   52 | printing.print_step_on_training | -1
[03.19 06:51:51] ┇ INFO     ┇                           chrisbase.data ┇   53 | printing.print_step_on_validate | -1
[03.19 06:51:51] ┇ INFO     ┇                           chrisbase.data ┇   54 | printing.print_step_on_evaluate | -1
[03.19 06:51:51] ┇ INFO     ┇                           chrisbase.data ┇   55 | printing.tag_format_on_training | st={step:d}, ep={epoch:.2f}, loss={loss:06.4f}, acc={acc:06.4f}
[03.19 06:51:51] ┇ INFO     ┇                           chrisbase.data ┇   56 | printing.tag_format_on_validate | st={step:d}, ep={epoch:.2f}, val_loss={val_loss:06.4f}, val_acc={val_acc:06.4f}, val_F1c={val_F1c:05.2f}, val_F1e={val_F1e:05.2f}
[03.19 06:51:51] ┇ INFO     ┇                           chrisbase.data ┇   57 | printing.tag_format_on_evaluate | st={step:d}, ep={epoch:.2f}, test_loss={test_loss:06.4f}, test_acc={test_acc:06.4f}, test_F1c={test_F1c:05.2f}, test_F1e={test_F1e:05.2f}
[03.19 06:51:51] ┇ INFO     ┇                           chrisbase.data ┇   58 | learning.random_seed            | 7
[03.19 06:51:51] ┇ INFO     ┇                           chrisbase.data ┇   59 | learning.optimizer_cls          | AdamW
[03.19 06:51:51] ┇ INFO     ┇                           chrisbase.data ┇   60 | learning.learning_rate          | 5e-05
[03.19 06:51:51] ┇ INFO     ┇                           chrisbase.data ┇   61 | learning.saving_mode            | max val_F1c
[03.19 06:51:51] ┇ INFO     ┇                           chrisbase.data ┇   62 | learning.num_saving             | 1
[03.19 06:51:51] ┇ INFO     ┇                           chrisbase.data ┇   63 | learning.num_epochs             | 3
[03.19 06:51:51] ┇ INFO     ┇                           chrisbase.data ┇   64 | learning.log_text               | False
[03.19 06:51:51] ┇ INFO     ┇                           chrisbase.data ┇   65 | learning.check_rate_on_training | 0.1
[03.19 06:51:51] ┇ INFO     ┇                           chrisbase.data ┇   66 | learning.name_format_on_saving  | ep={epoch:.1f}, loss={val_loss:06.4f}, acc={val_acc:06.4f}, F1c={val_F1c:05.2f}, F1e={val_F1e:05.2f}
[03.19 06:51:51] ┇ INFO     ┇                           chrisbase.data ┇ -----+---------------------------------+-------------------------------------------------------------------------------------------------------------------------------------------
[03.19 06:51:51] ┇ INFO     ┇                             DeepKNLP.ner ┇ Extracting labels from /dat/proj/DeepKNLP-24.03/data/klue-ner/train.jsonl
[03.19 06:52:12] ┇ INFO     ┇                             DeepKNLP.ner ┇ Saved 13 labels to /dat/proj/DeepKNLP-24.03/finetuning/klue-ner/train=KPF-BERT=chris137/label_map.txt
[03.19 06:52:13] ┇ INFO     ┇                                 __main__ ┇ === [after-model] =======================================================================================================================
[03.19 06:52:13] ┇ INFO     ┇                             DeepKNLP.ner ┇ Creating features from /dat/proj/DeepKNLP-24.03/data/klue-ner/train.jsonl
[03.19 06:52:34] ┇ INFO     ┇                             DeepKNLP.ner ┇ Loaded 20999 examples from /dat/proj/DeepKNLP-24.03/data/klue-ner/train.jsonl
[03.19 06:52:34] ┇ INFO     ┇                             DeepKNLP.ner ┇ Loaded 13 labels from /dat/proj/DeepKNLP-24.03/finetuning/klue-ner/train=KPF-BERT=chris137/label_map.txt
[03.19 06:52:42] ┇ INFO     ┇                             DeepKNLP.ner ┇ =========================================================================================================================================
[03.19 06:52:42] ┇ INFO     ┇                             DeepKNLP.ner ┇ Converted 20999 raw examples to 20999 encoded examples
[03.19 06:52:42] ┇ INFO     ┇                                 __main__ ┇ Created train_dataset providing 20999 examples
[03.19 06:52:42] ┇ INFO     ┇                                 __main__ ┇ Created train_dataloader providing 420 batches
[03.19 06:52:42] ┇ INFO     ┇                                 __main__ ┇ === [after-train_dataloader] ============================================================================================================
[03.19 06:52:42] ┇ INFO     ┇                             DeepKNLP.ner ┇ Creating features from /dat/proj/DeepKNLP-24.03/data/klue-ner/valid.jsonl
[03.19 06:52:47] ┇ INFO     ┇                             DeepKNLP.ner ┇ Loaded 4996 examples from /dat/proj/DeepKNLP-24.03/data/klue-ner/valid.jsonl
[03.19 06:52:47] ┇ INFO     ┇                             DeepKNLP.ner ┇ Loaded 13 labels from /dat/proj/DeepKNLP-24.03/finetuning/klue-ner/train=KPF-BERT=chris137/label_map.txt
[03.19 06:52:49] ┇ INFO     ┇                             DeepKNLP.ner ┇ =========================================================================================================================================
[03.19 06:52:49] ┇ INFO     ┇                             DeepKNLP.ner ┇ Converted 4996 raw examples to 4996 encoded examples
[03.19 06:52:49] ┇ INFO     ┇                                 __main__ ┇ Created val_dataset providing 4996 examples
[03.19 06:52:49] ┇ INFO     ┇                                 __main__ ┇ Created val_dataloader providing 100 batches
[03.19 06:52:49] ┇ INFO     ┇                                 __main__ ┇ === [after-val_dataloader] ==============================================================================================================
[03.19 06:52:52] ┇ INFO     ┇                                 __main__ ┇ (Ep 0.05) training:   5%|█▌                            | 21/420 [00:02<00:34, 11.67x50b/s] | st=21, ep=0.05, loss=0.3813, acc=0.0000
[03.19 06:52:54] ┇ INFO     ┇                                 __main__ ┇ (Ep 0.10) training:  10%|███                           | 42/420 [00:04<00:32, 11.81x50b/s] | st=42, ep=0.10, loss=0.1952, acc=0.3901
[03.19 06:52:56] ┇ INFO     ┇                                 __main__ ┇ (Ep 0.10) checking:  50%|█████     | 50/100 [00:02<00:01, 30.15x50b/s]
[03.19 06:53:19] ┇ INFO     ┇                                 __main__ ┇ (Ep 0.10) checking: 100%|██████████| 100/100 [00:25<00:00, 30.26x50b/s] | st=42, ep=0.10, val_loss=0.1771, val_acc=0.6088, val_F1c=50.14, val_F1e=32.71
[03.19 06:53:19] ┇ INFO     ┇                                 __main__ ┇ --- [after-check] -----------------------------------------------------------------------------------------------------------------------
[03.19 06:53:22] ┇ INFO     ┇                                 __main__ ┇ (Ep 0.15) training:  15%|████▌                         | 63/420 [00:32<01:11,  5.02x50b/s] | st=63, ep=0.15, loss=0.0809, acc=0.7812
[03.19 06:53:24] ┇ INFO     ┇                                 __main__ ┇ (Ep 0.20) training:  20%|██████                        | 84/420 [00:34<00:29, 11.31x50b/s] | st=84, ep=0.20, loss=0.0494, acc=0.8734
[03.19 06:53:26] ┇ INFO     ┇                                 __main__ ┇ (Ep 0.20) checking:  50%|█████     | 50/100 [00:02<00:01, 29.53x50b/s]
[03.19 06:53:50] ┇ INFO     ┇                                 __main__ ┇ (Ep 0.20) checking: 100%|██████████| 100/100 [00:26<00:00, 30.51x50b/s] | st=84, ep=0.20, val_loss=0.0635, val_acc=0.9089, val_F1c=86.20, val_F1e=74.94
[03.19 06:53:50] ┇ INFO     ┇                                 __main__ ┇ --- [after-check] -----------------------------------------------------------------------------------------------------------------------
[03.19 06:53:53] ┇ INFO     ┇                                 __main__ ┇ (Ep 0.25) training:  25%|███████▌                      | 105/420 [01:04<01:05,  4.84x50b/s] | st=105, ep=0.25, loss=0.0438, acc=0.8643
[03.19 06:53:55] ┇ INFO     ┇                                 __main__ ┇ (Ep 0.30) training:  30%|█████████                     | 126/420 [01:05<00:27, 10.84x50b/s] | st=126, ep=0.30, loss=0.0454, acc=0.8805
[03.19 06:53:57] ┇ INFO     ┇                                 __main__ ┇ (Ep 0.30) checking:  50%|█████     | 50/100 [00:02<00:01, 29.58x50b/s]
[03.19 06:54:21] ┇ INFO     ┇                                 __main__ ┇ (Ep 0.30) checking: 100%|██████████| 100/100 [00:25<00:00, 30.57x50b/s] | st=126, ep=0.30, val_loss=0.0480, val_acc=0.9209, val_F1c=91.41, val_F1e=82.44
[03.19 06:54:21] ┇ INFO     ┇                                 __main__ ┇ --- [after-check] -----------------------------------------------------------------------------------------------------------------------
[03.19 06:54:24] ┇ INFO     ┇                                 __main__ ┇ (Ep 0.35) training:  35%|██████████▌                   | 147/420 [01:34<00:54,  5.01x50b/s] | st=147, ep=0.35, loss=0.0568, acc=0.8824
[03.19 06:54:26] ┇ INFO     ┇                                 __main__ ┇ (Ep 0.40) training:  40%|████████████                  | 168/420 [01:36<00:22, 11.10x50b/s] | st=168, ep=0.40, loss=0.0341, acc=0.9124
[03.19 06:54:28] ┇ INFO     ┇                                 __main__ ┇ (Ep 0.40) checking:  50%|█████     | 50/100 [00:02<00:01, 29.94x50b/s]
[03.19 06:54:53] ┇ INFO     ┇                                 __main__ ┇ (Ep 0.40) checking: 100%|██████████| 100/100 [00:26<00:00, 30.57x50b/s] | st=168, ep=0.40, val_loss=0.0434, val_acc=0.9171, val_F1c=91.56, val_F1e=83.86
[03.19 06:54:53] ┇ INFO     ┇                                 __main__ ┇ --- [after-check] -----------------------------------------------------------------------------------------------------------------------
[03.19 06:54:56] ┇ INFO     ┇                                 __main__ ┇ (Ep 0.45) training:  45%|█████████████▌                | 189/420 [02:06<00:47,  4.83x50b/s] | st=189, ep=0.45, loss=0.0349, acc=0.9237
[03.19 06:54:58] ┇ INFO     ┇                                 __main__ ┇ (Ep 0.50) training:  50%|███████████████               | 210/420 [02:08<00:19, 10.79x50b/s] | st=210, ep=0.50, loss=0.0375, acc=0.8885
[03.19 06:55:00] ┇ INFO     ┇                                 __main__ ┇ (Ep 0.50) checking:  50%|█████     | 50/100 [00:02<00:01, 28.45x50b/s]
[03.19 06:55:23] ┇ INFO     ┇                                 __main__ ┇ (Ep 0.50) checking: 100%|██████████| 100/100 [00:25<00:00, 30.01x50b/s] | st=210, ep=0.50, val_loss=0.0426, val_acc=0.9106, val_F1c=92.38, val_F1e=84.61
[03.19 06:55:23] ┇ INFO     ┇                                 __main__ ┇ --- [after-check] -----------------------------------------------------------------------------------------------------------------------
[03.19 06:55:26] ┇ INFO     ┇                                 __main__ ┇ (Ep 0.55) training:  55%|████████████████▌             | 231/420 [02:36<00:37,  5.09x50b/s] | st=231, ep=0.55, loss=0.0243, acc=0.9167
[03.19 06:55:28] ┇ INFO     ┇                                 __main__ ┇ (Ep 0.60) training:  60%|██████████████████            | 252/420 [02:38<00:14, 11.53x50b/s] | st=252, ep=0.60, loss=0.0242, acc=0.9440
[03.19 06:55:30] ┇ INFO     ┇                                 __main__ ┇ (Ep 0.60) checking:  50%|█████     | 50/100 [00:02<00:01, 29.91x50b/s]
[03.19 06:55:53] ┇ INFO     ┇                                 __main__ ┇ (Ep 0.60) checking: 100%|██████████| 100/100 [00:25<00:00, 30.52x50b/s] | st=252, ep=0.60, val_loss=0.0404, val_acc=0.9304, val_F1c=92.62, val_F1e=85.57
[03.19 06:55:53] ┇ INFO     ┇                                 __main__ ┇ --- [after-check] -----------------------------------------------------------------------------------------------------------------------
[03.19 06:55:56] ┇ INFO     ┇                                 __main__ ┇ (Ep 0.65) training:  65%|███████████████████▌          | 273/420 [03:06<00:28,  5.09x50b/s] | st=273, ep=0.65, loss=0.0307, acc=0.9280
[03.19 06:55:58] ┇ INFO     ┇                                 __main__ ┇ (Ep 0.70) training:  70%|█████████████████████         | 294/420 [03:08<00:10, 11.49x50b/s] | st=294, ep=0.70, loss=0.0533, acc=0.8885
[03.19 06:56:00] ┇ INFO     ┇                                 __main__ ┇ (Ep 0.70) checking:  50%|█████     | 50/100 [00:02<00:01, 29.40x50b/s]
[03.19 06:56:23] ┇ INFO     ┇                                 __main__ ┇ (Ep 0.70) checking: 100%|██████████| 100/100 [00:25<00:00, 30.36x50b/s] | st=294, ep=0.70, val_loss=0.0414, val_acc=0.9248, val_F1c=92.30, val_F1e=84.71
[03.19 06:56:23] ┇ INFO     ┇                                 __main__ ┇ --- [after-check] -----------------------------------------------------------------------------------------------------------------------
[03.19 06:56:25] ┇ INFO     ┇                                 __main__ ┇ (Ep 0.75) training:  75%|██████████████████████▌       | 315/420 [03:35<00:20,  5.10x50b/s] | st=315, ep=0.75, loss=0.0522, acc=0.8828
[03.19 06:56:27] ┇ INFO     ┇                                 __main__ ┇ (Ep 0.80) training:  80%|████████████████████████      | 336/420 [03:37<00:07, 10.85x50b/s] | st=336, ep=0.80, loss=0.0369, acc=0.8776
[03.19 06:56:29] ┇ INFO     ┇                                 __main__ ┇ (Ep 0.80) checking:  50%|█████     | 50/100 [00:02<00:01, 29.99x50b/s]
[03.19 06:56:52] ┇ INFO     ┇                                 __main__ ┇ (Ep 0.80) checking: 100%|██████████| 100/100 [00:24<00:00, 30.52x50b/s] | st=336, ep=0.80, val_loss=0.0396, val_acc=0.9273, val_F1c=92.59, val_F1e=85.40
[03.19 06:56:52] ┇ INFO     ┇                                 __main__ ┇ --- [after-check] -----------------------------------------------------------------------------------------------------------------------
[03.19 06:56:54] ┇ INFO     ┇                                 __main__ ┇ (Ep 0.85) training:  85%|█████████████████████████▌    | 357/420 [04:04<00:12,  5.09x50b/s] | st=357, ep=0.85, loss=0.0438, acc=0.9108
[03.19 06:56:56] ┇ INFO     ┇                                 __main__ ┇ (Ep 0.90) training:  90%|███████████████████████████   | 378/420 [04:06<00:04, 10.02x50b/s] | st=378, ep=0.90, loss=0.0336, acc=0.9119
[03.19 06:56:58] ┇ INFO     ┇                                 __main__ ┇ (Ep 0.90) checking:  50%|█████     | 50/100 [00:02<00:01, 29.72x50b/s]
[03.19 06:57:21] ┇ INFO     ┇                                 __main__ ┇ (Ep 0.90) checking: 100%|██████████| 100/100 [00:25<00:00, 30.50x50b/s] | st=378, ep=0.90, val_loss=0.0379, val_acc=0.9320, val_F1c=93.03, val_F1e=86.30
[03.19 06:57:21] ┇ INFO     ┇                                 __main__ ┇ --- [after-check] -----------------------------------------------------------------------------------------------------------------------
[03.19 06:57:24] ┇ INFO     ┇                                 __main__ ┇ (Ep 0.95) training:  95%|████████████████████████████▌ | 399/420 [04:34<00:04,  4.98x50b/s] | st=399, ep=0.95, loss=0.0367, acc=0.8782
[03.19 06:57:26] ┇ INFO     ┇                                 __main__ ┇ (Ep 1.00) training: 100%|██████████████████████████████| 420/420 [04:36<00:00, 11.26x50b/s] | st=420, ep=1.00, loss=0.0265, acc=0.9414
[03.19 06:57:28] ┇ INFO     ┇                                 __main__ ┇ (Ep 1.00) checking:  50%|█████     | 50/100 [00:02<00:01, 29.60x50b/s]
[03.19 06:57:52] ┇ INFO     ┇                                 __main__ ┇ (Ep 1.00) checking: 100%|██████████| 100/100 [00:25<00:00, 29.94x50b/s] | st=420, ep=1.00, val_loss=0.0366, val_acc=0.9259, val_F1c=92.72, val_F1e=85.80
[03.19 06:57:52] ┇ INFO     ┇                                 __main__ ┇ --- [after-check] -----------------------------------------------------------------------------------------------------------------------
[03.19 06:57:52] ┇ INFO     ┇                                 __main__ ┇ === [after-epoch] =======================================================================================================================
[03.19 06:57:54] ┇ INFO     ┇                                 __main__ ┇ (Ep 1.05) training:   5%|█▌                            | 21/420 [00:02<00:34, 11.55x50b/s] | st=441, ep=1.05, loss=0.0225, acc=0.9483
[03.19 06:57:56] ┇ INFO     ┇                                 __main__ ┇ (Ep 1.10) training:  10%|███                           | 42/420 [00:04<00:33, 11.20x50b/s] | st=462, ep=1.10, loss=0.0156, acc=0.9614
[03.19 06:57:58] ┇ INFO     ┇                                 __main__ ┇ (Ep 1.10) checking:  50%|█████     | 50/100 [00:02<00:01, 29.88x50b/s]
[03.19 06:58:22] ┇ INFO     ┇                                 __main__ ┇ (Ep 1.10) checking: 100%|██████████| 100/100 [00:25<00:00, 30.52x50b/s] | st=462, ep=1.10, val_loss=0.0372, val_acc=0.9437, val_F1c=93.33, val_F1e=87.08
[03.19 06:58:22] ┇ INFO     ┇                                 __main__ ┇ --- [after-check] -----------------------------------------------------------------------------------------------------------------------
[03.19 06:58:25] ┇ INFO     ┇                                 __main__ ┇ (Ep 1.15) training:  15%|████▌                         | 63/420 [00:32<01:12,  4.94x50b/s] | st=483, ep=1.15, loss=0.0314, acc=0.9270
[03.19 06:58:26] ┇ INFO     ┇                                 __main__ ┇ (Ep 1.20) training:  20%|██████                        | 84/420 [00:34<00:31, 10.71x50b/s] | st=504, ep=1.20, loss=0.0133, acc=0.9668
[03.19 06:58:28] ┇ INFO     ┇                                 __main__ ┇ (Ep 1.20) checking:  50%|█████     | 50/100 [00:02<00:01, 29.83x50b/s]
[03.19 06:58:52] ┇ INFO     ┇                                 __main__ ┇ (Ep 1.20) checking: 100%|██████████| 100/100 [00:25<00:00, 30.50x50b/s] | st=504, ep=1.20, val_loss=0.0371, val_acc=0.9362, val_F1c=93.24, val_F1e=86.64
[03.19 06:58:52] ┇ INFO     ┇                                 __main__ ┇ --- [after-check] -----------------------------------------------------------------------------------------------------------------------
[03.19 06:58:54] ┇ INFO     ┇                                 __main__ ┇ (Ep 1.25) training:  25%|███████▌                      | 105/420 [01:02<01:01,  5.11x50b/s] | st=525, ep=1.25, loss=0.0287, acc=0.9674
[03.19 06:58:56] ┇ INFO     ┇                                 __main__ ┇ (Ep 1.30) training:  30%|█████████                     | 126/420 [01:04<00:25, 11.36x50b/s] | st=546, ep=1.30, loss=0.0305, acc=0.9401
[03.19 06:58:58] ┇ INFO     ┇                                 __main__ ┇ (Ep 1.30) checking:  50%|█████     | 50/100 [00:01<00:01, 30.01x50b/s]
[03.19 06:59:21] ┇ INFO     ┇                                 __main__ ┇ (Ep 1.30) checking: 100%|██████████| 100/100 [00:25<00:00, 30.68x50b/s] | st=546, ep=1.30, val_loss=0.0408, val_acc=0.9263, val_F1c=92.47, val_F1e=85.69
[03.19 06:59:21] ┇ INFO     ┇                                 __main__ ┇ --- [after-check] -----------------------------------------------------------------------------------------------------------------------
[03.19 06:59:23] ┇ INFO     ┇                                 __main__ ┇ (Ep 1.35) training:  35%|██████████▌                   | 147/420 [01:31<00:53,  5.11x50b/s] | st=567, ep=1.35, loss=0.0359, acc=0.8911
[03.19 06:59:25] ┇ INFO     ┇                                 __main__ ┇ (Ep 1.40) training:  40%|████████████                  | 168/420 [01:33<00:23, 10.91x50b/s] | st=588, ep=1.40, loss=0.0276, acc=0.8613
[03.19 06:59:27] ┇ INFO     ┇                                 __main__ ┇ (Ep 1.40) checking:  50%|█████     | 50/100 [00:01<00:01, 29.98x50b/s]
[03.19 06:59:50] ┇ INFO     ┇                                 __main__ ┇ (Ep 1.40) checking: 100%|██████████| 100/100 [00:24<00:00, 30.54x50b/s] | st=588, ep=1.40, val_loss=0.0367, val_acc=0.9388, val_F1c=93.27, val_F1e=87.09
[03.19 06:59:50] ┇ INFO     ┇                                 __main__ ┇ --- [after-check] -----------------------------------------------------------------------------------------------------------------------
[03.19 06:59:52] ┇ INFO     ┇                                 __main__ ┇ (Ep 1.45) training:  45%|█████████████▌                | 189/420 [01:59<00:45,  5.12x50b/s] | st=609, ep=1.45, loss=0.0185, acc=0.9598
[03.19 06:59:54] ┇ INFO     ┇                                 __main__ ┇ (Ep 1.50) training:  50%|███████████████               | 210/420 [02:01<00:19, 11.04x50b/s] | st=630, ep=1.50, loss=0.0344, acc=0.9109
[03.19 06:59:56] ┇ INFO     ┇                                 __main__ ┇ (Ep 1.50) checking:  50%|█████     | 50/100 [00:01<00:01, 29.90x50b/s]
[03.19 07:00:19] ┇ INFO     ┇                                 __main__ ┇ (Ep 1.50) checking: 100%|██████████| 100/100 [00:25<00:00, 30.63x50b/s] | st=630, ep=1.50, val_loss=0.0366, val_acc=0.9354, val_F1c=93.23, val_F1e=86.95
[03.19 07:00:19] ┇ INFO     ┇                                 __main__ ┇ --- [after-check] -----------------------------------------------------------------------------------------------------------------------
[03.19 07:00:21] ┇ INFO     ┇                                 __main__ ┇ (Ep 1.55) training:  55%|████████████████▌             | 231/420 [02:29<00:37,  5.10x50b/s] | st=651, ep=1.55, loss=0.0123, acc=0.9670
[03.19 07:00:23] ┇ INFO     ┇                                 __main__ ┇ (Ep 1.60) training:  60%|██████████████████            | 252/420 [02:31<00:15, 10.79x50b/s] | st=672, ep=1.60, loss=0.0171, acc=0.9350
[03.19 07:00:25] ┇ INFO     ┇                                 __main__ ┇ (Ep 1.60) checking:  50%|█████     | 50/100 [00:01<00:01, 29.92x50b/s]
[03.19 07:00:48] ┇ INFO     ┇                                 __main__ ┇ (Ep 1.60) checking: 100%|██████████| 100/100 [00:25<00:00, 30.43x50b/s] | st=672, ep=1.60, val_loss=0.0357, val_acc=0.9328, val_F1c=93.05, val_F1e=86.89
[03.19 07:00:48] ┇ INFO     ┇                                 __main__ ┇ --- [after-check] -----------------------------------------------------------------------------------------------------------------------
[03.19 07:00:50] ┇ INFO     ┇                                 __main__ ┇ (Ep 1.65) training:  65%|███████████████████▌          | 273/420 [02:58<00:28,  5.11x50b/s] | st=693, ep=1.65, loss=0.0237, acc=0.9549
[03.19 07:00:52] ┇ INFO     ┇                                 __main__ ┇ (Ep 1.70) training:  70%|█████████████████████         | 294/420 [03:00<00:11, 10.82x50b/s] | st=714, ep=1.70, loss=0.0356, acc=0.9103
[03.19 07:00:54] ┇ INFO     ┇                                 __main__ ┇ (Ep 1.70) checking:  50%|█████     | 50/100 [00:01<00:01, 29.96x50b/s]
[03.19 07:01:17] ┇ INFO     ┇                                 __main__ ┇ (Ep 1.70) checking: 100%|██████████| 100/100 [00:25<00:00, 30.75x50b/s] | st=714, ep=1.70, val_loss=0.0354, val_acc=0.9326, val_F1c=93.20, val_F1e=86.26
[03.19 07:01:17] ┇ INFO     ┇                                 __main__ ┇ --- [after-check] -----------------------------------------------------------------------------------------------------------------------
[03.19 07:01:19] ┇ INFO     ┇                                 __main__ ┇ (Ep 1.75) training:  75%|██████████████████████▌       | 315/420 [03:27<00:20,  5.08x50b/s] | st=735, ep=1.75, loss=0.0094, acc=0.9839
[03.19 07:01:21] ┇ INFO     ┇                                 __main__ ┇ (Ep 1.80) training:  80%|████████████████████████      | 336/420 [03:29<00:07, 10.85x50b/s] | st=756, ep=1.80, loss=0.0220, acc=0.9412
[03.19 07:01:23] ┇ INFO     ┇                                 __main__ ┇ (Ep 1.80) checking:  50%|█████     | 50/100 [00:01<00:01, 29.89x50b/s]
[03.19 07:01:47] ┇ INFO     ┇                                 __main__ ┇ (Ep 1.80) checking: 100%|██████████| 100/100 [00:25<00:00, 30.57x50b/s] | st=756, ep=1.80, val_loss=0.0352, val_acc=0.9333, val_F1c=93.17, val_F1e=86.33
[03.19 07:01:47] ┇ INFO     ┇                                 __main__ ┇ --- [after-check] -----------------------------------------------------------------------------------------------------------------------
[03.19 07:01:49] ┇ INFO     ┇                                 __main__ ┇ (Ep 1.85) training:  85%|█████████████████████████▌    | 357/420 [03:56<00:12,  5.16x50b/s] | st=777, ep=1.85, loss=0.0140, acc=0.9749
[03.19 07:01:50] ┇ INFO     ┇                                 __main__ ┇ (Ep 1.90) training:  90%|███████████████████████████   | 378/420 [03:58<00:03, 11.48x50b/s] | st=798, ep=1.90, loss=0.0149, acc=0.9650
[03.19 07:01:52] ┇ INFO     ┇                                 __main__ ┇ (Ep 1.90) checking:  50%|█████     | 50/100 [00:02<00:01, 29.48x50b/s]
[03.19 07:02:16] ┇ INFO     ┇                                 __main__ ┇ (Ep 1.90) checking: 100%|██████████| 100/100 [00:25<00:00, 29.91x50b/s] | st=798, ep=1.90, val_loss=0.0343, val_acc=0.9313, val_F1c=93.42, val_F1e=87.14
[03.19 07:02:16] ┇ INFO     ┇                                 __main__ ┇ --- [after-check] -----------------------------------------------------------------------------------------------------------------------
[03.19 07:02:19] ┇ INFO     ┇                                 __main__ ┇ (Ep 1.95) training:  95%|████████████████████████████▌ | 399/420 [04:26<00:04,  5.07x50b/s] | st=819, ep=1.95, loss=0.0291, acc=0.9173
[03.19 07:02:20] ┇ INFO     ┇                                 __main__ ┇ (Ep 2.00) training: 100%|██████████████████████████████| 420/420 [04:28<00:00, 11.38x50b/s] | st=840, ep=2.00, loss=0.0164, acc=0.9620
[03.19 07:02:22] ┇ INFO     ┇                                 __main__ ┇ (Ep 2.00) checking:  50%|█████     | 50/100 [00:02<00:01, 29.66x50b/s]
[03.19 07:02:46] ┇ INFO     ┇                                 __main__ ┇ (Ep 2.00) checking: 100%|██████████| 100/100 [00:25<00:00, 30.26x50b/s] | st=840, ep=2.00, val_loss=0.0360, val_acc=0.9280, val_F1c=92.76, val_F1e=86.19
[03.19 07:02:46] ┇ INFO     ┇                                 __main__ ┇ --- [after-check] -----------------------------------------------------------------------------------------------------------------------
[03.19 07:02:46] ┇ INFO     ┇                                 __main__ ┇ === [after-epoch] =======================================================================================================================
[03.19 07:02:48] ┇ INFO     ┇                                 __main__ ┇ (Ep 2.05) training:   5%|█▌                            | 21/420 [00:02<00:33, 11.83x50b/s] | st=861, ep=2.05, loss=0.0118, acc=0.9563
[03.19 07:02:50] ┇ INFO     ┇                                 __main__ ┇ (Ep 2.10) training:  10%|███                           | 42/420 [00:03<00:31, 11.85x50b/s] | st=882, ep=2.10, loss=0.0254, acc=0.9635
[03.19 07:02:52] ┇ INFO     ┇                                 __main__ ┇ (Ep 2.10) checking:  50%|█████     | 50/100 [00:02<00:01, 29.71x50b/s]
[03.19 07:03:15] ┇ INFO     ┇                                 __main__ ┇ (Ep 2.10) checking: 100%|██████████| 100/100 [00:25<00:00, 30.40x50b/s] | st=882, ep=2.10, val_loss=0.0366, val_acc=0.9382, val_F1c=93.48, val_F1e=87.18
[03.19 07:03:15] ┇ INFO     ┇                                 __main__ ┇ --- [after-check] -----------------------------------------------------------------------------------------------------------------------
[03.19 07:03:18] ┇ INFO     ┇                                 __main__ ┇ (Ep 2.15) training:  15%|████▌                         | 63/420 [00:32<01:10,  5.05x50b/s] | st=903, ep=2.15, loss=0.0248, acc=0.9138
[03.19 07:03:20] ┇ INFO     ┇                                 __main__ ┇ (Ep 2.20) training:  20%|██████                        | 84/420 [00:34<00:29, 11.28x50b/s] | st=924, ep=2.20, loss=0.0169, acc=0.9409
[03.19 07:03:22] ┇ INFO     ┇                                 __main__ ┇ (Ep 2.20) checking:  50%|█████     | 50/100 [00:02<00:01, 29.56x50b/s]
[03.19 07:03:45] ┇ INFO     ┇                                 __main__ ┇ (Ep 2.20) checking: 100%|██████████| 100/100 [00:25<00:00, 30.32x50b/s] | st=924, ep=2.20, val_loss=0.0380, val_acc=0.9295, val_F1c=93.35, val_F1e=87.28
[03.19 07:03:45] ┇ INFO     ┇                                 __main__ ┇ --- [after-check] -----------------------------------------------------------------------------------------------------------------------
[03.19 07:03:47] ┇ INFO     ┇                                 __main__ ┇ (Ep 2.25) training:  25%|███████▌                      | 105/420 [01:01<01:00,  5.22x50b/s] | st=945, ep=2.25, loss=0.0171, acc=0.9600
[03.19 07:03:49] ┇ INFO     ┇                                 __main__ ┇ (Ep 2.30) training:  30%|█████████                     | 126/420 [01:02<00:26, 11.15x50b/s] | st=966, ep=2.30, loss=0.0145, acc=0.9526
[03.19 07:03:51] ┇ INFO     ┇                                 __main__ ┇ (Ep 2.30) checking:  50%|█████     | 50/100 [00:02<00:01, 29.54x50b/s]
[03.19 07:04:14] ┇ INFO     ┇                                 __main__ ┇ (Ep 2.30) checking: 100%|██████████| 100/100 [00:25<00:00, 30.56x50b/s] | st=966, ep=2.30, val_loss=0.0359, val_acc=0.9364, val_F1c=93.45, val_F1e=87.16
[03.19 07:04:14] ┇ INFO     ┇                                 __main__ ┇ --- [after-check] -----------------------------------------------------------------------------------------------------------------------
[03.19 07:04:16] ┇ INFO     ┇                                 __main__ ┇ (Ep 2.35) training:  35%|██████████▌                   | 147/420 [01:29<00:52,  5.23x50b/s] | st=987, ep=2.35, loss=0.0135, acc=0.9685
[03.19 07:04:18] ┇ INFO     ┇                                 __main__ ┇ (Ep 2.40) training:  40%|████████████                  | 168/420 [01:31<00:22, 11.39x50b/s] | st=1008, ep=2.40, loss=0.0258, acc=0.9318
[03.19 07:04:20] ┇ INFO     ┇                                 __main__ ┇ (Ep 2.40) checking:  50%|█████     | 50/100 [00:01<00:01, 29.90x50b/s]
[03.19 07:04:43] ┇ INFO     ┇                                 __main__ ┇ (Ep 2.40) checking: 100%|██████████| 100/100 [00:24<00:00, 30.55x50b/s] | st=1008, ep=2.40, val_loss=0.0389, val_acc=0.9231, val_F1c=93.06, val_F1e=86.07
[03.19 07:04:43] ┇ INFO     ┇                                 __main__ ┇ --- [after-check] -----------------------------------------------------------------------------------------------------------------------
[03.19 07:04:44] ┇ INFO     ┇                                 __main__ ┇ (Ep 2.45) training:  45%|█████████████▌                | 189/420 [01:58<00:43,  5.28x50b/s] | st=1029, ep=2.45, loss=0.0120, acc=0.9727
[03.19 07:04:46] ┇ INFO     ┇                                 __main__ ┇ (Ep 2.50) training:  50%|███████████████               | 210/420 [02:00<00:18, 11.46x50b/s] | st=1050, ep=2.50, loss=0.0127, acc=0.9821
[03.19 07:04:48] ┇ INFO     ┇                                 __main__ ┇ (Ep 2.50) checking:  50%|█████     | 50/100 [00:02<00:01, 29.45x50b/s]
[03.19 07:05:12] ┇ INFO     ┇                                 __main__ ┇ (Ep 2.50) checking: 100%|██████████| 100/100 [00:25<00:00, 29.92x50b/s] | st=1050, ep=2.50, val_loss=0.0433, val_acc=0.9372, val_F1c=92.43, val_F1e=84.59
[03.19 07:05:12] ┇ INFO     ┇                                 __main__ ┇ --- [after-check] -----------------------------------------------------------------------------------------------------------------------
[03.19 07:05:14] ┇ INFO     ┇                                 __main__ ┇ (Ep 2.55) training:  55%|████████████████▌             | 231/420 [02:27<00:36,  5.14x50b/s] | st=1071, ep=2.55, loss=0.0243, acc=0.9462
[03.19 07:05:16] ┇ INFO     ┇                                 __main__ ┇ (Ep 2.60) training:  60%|██████████████████            | 252/420 [02:29<00:14, 11.54x50b/s] | st=1092, ep=2.60, loss=0.0243, acc=0.9251
[03.19 07:05:18] ┇ INFO     ┇                                 __main__ ┇ (Ep 2.60) checking:  50%|█████     | 50/100 [00:01<00:01, 29.70x50b/s]
[03.19 07:05:41] ┇ INFO     ┇                                 __main__ ┇ (Ep 2.60) checking: 100%|██████████| 100/100 [00:25<00:00, 30.36x50b/s] | st=1092, ep=2.60, val_loss=0.0390, val_acc=0.9299, val_F1c=92.59, val_F1e=85.97
[03.19 07:05:41] ┇ INFO     ┇                                 __main__ ┇ --- [after-check] -----------------------------------------------------------------------------------------------------------------------
[03.19 07:05:43] ┇ INFO     ┇                                 __main__ ┇ (Ep 2.65) training:  65%|███████████████████▌          | 273/420 [02:56<00:28,  5.19x50b/s] | st=1113, ep=2.65, loss=0.0333, acc=0.9371
[03.19 07:05:45] ┇ INFO     ┇                                 __main__ ┇ (Ep 2.70) training:  70%|█████████████████████         | 294/420 [02:58<00:11, 10.81x50b/s] | st=1134, ep=2.70, loss=0.0366, acc=0.9297
[03.19 07:05:47] ┇ INFO     ┇                                 __main__ ┇ (Ep 2.70) checking:  50%|█████     | 50/100 [00:01<00:01, 29.95x50b/s]
[03.19 07:06:10] ┇ INFO     ┇                                 __main__ ┇ (Ep 2.70) checking: 100%|██████████| 100/100 [00:25<00:00, 30.56x50b/s] | st=1134, ep=2.70, val_loss=0.0372, val_acc=0.9285, val_F1c=93.13, val_F1e=86.84
[03.19 07:06:10] ┇ INFO     ┇                                 __main__ ┇ --- [after-check] -----------------------------------------------------------------------------------------------------------------------
[03.19 07:06:12] ┇ INFO     ┇                                 __main__ ┇ (Ep 2.75) training:  75%|██████████████████████▌       | 315/420 [03:26<00:20,  5.11x50b/s] | st=1155, ep=2.75, loss=0.0104, acc=0.9856
[03.19 07:06:14] ┇ INFO     ┇                                 __main__ ┇ (Ep 2.80) training:  80%|████████████████████████      | 336/420 [03:27<00:07, 11.10x50b/s] | st=1176, ep=2.80, loss=0.0109, acc=0.9760
[03.19 07:06:16] ┇ INFO     ┇                                 __main__ ┇ (Ep 2.80) checking:  50%|█████     | 50/100 [00:02<00:01, 29.25x50b/s]
[03.19 07:06:39] ┇ INFO     ┇                                 __main__ ┇ (Ep 2.80) checking: 100%|██████████| 100/100 [00:25<00:00, 30.14x50b/s] | st=1176, ep=2.80, val_loss=0.0379, val_acc=0.9262, val_F1c=93.16, val_F1e=86.85
[03.19 07:06:39] ┇ INFO     ┇                                 __main__ ┇ --- [after-check] -----------------------------------------------------------------------------------------------------------------------
[03.19 07:06:41] ┇ INFO     ┇                                 __main__ ┇ (Ep 2.85) training:  85%|█████████████████████████▌    | 357/420 [03:55<00:12,  5.16x50b/s] | st=1197, ep=2.85, loss=0.0230, acc=0.9456
[03.19 07:06:43] ┇ INFO     ┇                                 __main__ ┇ (Ep 2.90) training:  90%|███████████████████████████   | 378/420 [03:57<00:03, 11.28x50b/s] | st=1218, ep=2.90, loss=0.0209, acc=0.9295
[03.19 07:06:45] ┇ INFO     ┇                                 __main__ ┇ (Ep 2.90) checking:  50%|█████     | 50/100 [00:01<00:01, 29.65x50b/s]
[03.19 07:07:08] ┇ INFO     ┇                                 __main__ ┇ (Ep 2.90) checking: 100%|██████████| 100/100 [00:25<00:00, 30.57x50b/s] | st=1218, ep=2.90, val_loss=0.0365, val_acc=0.9360, val_F1c=93.29, val_F1e=86.15
[03.19 07:07:08] ┇ INFO     ┇                                 __main__ ┇ --- [after-check] -----------------------------------------------------------------------------------------------------------------------
[03.19 07:07:10] ┇ INFO     ┇                                 __main__ ┇ (Ep 2.95) training:  95%|████████████████████████████▌ | 399/420 [04:24<00:04,  5.20x50b/s] | st=1239, ep=2.95, loss=0.0271, acc=0.9440
[03.19 07:07:12] ┇ INFO     ┇                                 __main__ ┇ (Ep 3.00) training: 100%|██████████████████████████████| 420/420 [04:26<00:00, 11.32x50b/s] | st=1260, ep=3.00, loss=0.0159, acc=0.9615
[03.19 07:07:14] ┇ INFO     ┇                                 __main__ ┇ (Ep 3.00) checking:  50%|█████     | 50/100 [00:02<00:01, 29.84x50b/s]
[03.19 07:07:37] ┇ INFO     ┇                                 __main__ ┇ (Ep 3.00) checking: 100%|██████████| 100/100 [00:25<00:00, 30.14x50b/s] | st=1260, ep=3.00, val_loss=0.0363, val_acc=0.9302, val_F1c=92.84, val_F1e=86.18
[03.19 07:07:37] ┇ INFO     ┇                                 __main__ ┇ --- [after-check] -----------------------------------------------------------------------------------------------------------------------
[03.19 07:07:37] ┇ INFO     ┇                                 __main__ ┇ === [after-epoch] =======================================================================================================================
[03.19 07:07:37] ┇ INFO     ┇                                 __main__ ┇ --- [after-train] -----------------------------------------------------------------------------------------------------------------------
[03.19 07:07:37] ┇ INFO     ┇                             DeepKNLP.ner ┇ Creating features from /dat/proj/DeepKNLP-24.03/data/klue-ner/valid.jsonl
[03.19 07:07:43] ┇ INFO     ┇                             DeepKNLP.ner ┇ Loaded 4996 examples from /dat/proj/DeepKNLP-24.03/data/klue-ner/valid.jsonl
[03.19 07:07:43] ┇ INFO     ┇                             DeepKNLP.ner ┇ Loaded 13 labels from /dat/proj/DeepKNLP-24.03/finetuning/klue-ner/train=KPF-BERT=chris137/label_map.txt
[03.19 07:07:45] ┇ INFO     ┇                             DeepKNLP.ner ┇ =========================================================================================================================================
[03.19 07:07:45] ┇ INFO     ┇                             DeepKNLP.ner ┇ Converted 4996 raw examples to 4996 encoded examples
[03.19 07:07:45] ┇ INFO     ┇                                 __main__ ┇ Created test_dataset providing 4996 examples
[03.19 07:07:45] ┇ INFO     ┇                                 __main__ ┇ Created test_dataloader providing 100 batches
[03.19 07:07:45] ┇ INFO     ┇                                 __main__ ┇ === [after-test_dataloader] =============================================================================================================
[03.19 07:07:45] ┇ INFO     ┇                                 __main__ ┇ Loading model from finetuning/klue-ner/train=KPF-BERT=chris137/version_0/ep=2.1, loss=0.0366, acc=0.9382, F1c=93.48, F1e=87.18.ckpt
[03.19 07:07:47] ┇ INFO     ┇                                 __main__ ┇ (Ep 2.10)  testing:  50%|█████     | 50/100 [00:02<00:01, 29.12x50b/s]
[03.19 07:08:11] ┇ INFO     ┇                                 __main__ ┇ (Ep 2.10)  testing: 100%|██████████| 100/100 [00:25<00:00, 29.98x50b/s] | st=882, ep=2.10, test_loss=0.0366, test_acc=0.9382, test_F1c=93.48, test_F1e=87.18
[03.19 07:08:11] ┇ INFO     ┇                                 __main__ ┇ --- [after-test] ------------------------------------------------------------------------------------------------------------------------
[03.19 07:08:11] ┇ INFO     ┇                           chrisbase.data ┇ =========================================================================================================================================
[03.19 07:08:11] ┇ INFO     ┇                           chrisbase.data ┇ [EXIT] python /home/chris/proj/DeepKNLP-24.03/2-ner.py train ($=00:16:20.347)
[03.19 07:08:11] ┇ INFO     ┇                           chrisbase.data ┇ =========================================================================================================================================
