[02.13 16:57:40] ┇ INFO    ┇           chrisbase.data ┇ =========================================================================================================================================
[02.13 16:57:40] ┇ INFO    ┇           chrisbase.data ┇ [INIT] python task2-nerG-trainer.py --local_rank=0 --trainer_deepspeed configs/deepspeed/ds2_t5.json --run_version FlanT5-1B-WQ=1 --pretrained google/flan-t5-large --eval_epochs 0.5 --logging_steps 5 --num_train_epochs 12 --per_device_eval_batch_size 50 --per_device_train_batch_size 8 --gradient_accumulation_steps 1 --generation_max_length 640 --eval_file data/gner/each-sampled-WQ=1/crossner_literature-dev=100-WQ=1.jsonl --train_file data/gner/each-WQ=1/crossner_literature-train-WQ=1.jsonl --output_file train-metrics-crossner_literature-12ep.csv --logging_file train-loggings-crossner_literature-12ep.out --no_use_flash_attention --no_debugging
[02.13 16:57:40] ┇ INFO    ┇           chrisbase.data ┇ =========================================================================================================================================
[02.13 16:57:40] ┇ INFO    ┇           chrisbase.data ┇ -----------------------------------------------------------------------------------------------------------------------------------------
[02.13 16:57:40] ┇ INFO    ┇           chrisbase.data ┇   #	TrainingArgumentsForAccelerator              	value
[02.13 16:57:40] ┇ INFO    ┇           chrisbase.data ┇ -----------------------------------------------------------------------------------------------------------------------------------------
[02.13 16:57:40] ┇ INFO    ┇           chrisbase.data ┇   1	env.hostname                                 	dgx-a100
[02.13 16:57:40] ┇ INFO    ┇           chrisbase.data ┇   2	env.hostaddr                                 	129.254.23.12
[02.13 16:57:40] ┇ INFO    ┇           chrisbase.data ┇   3	env.global_rank                              	-1
[02.13 16:57:40] ┇ INFO    ┇           chrisbase.data ┇   4	env.local_rank                               	0
[02.13 16:57:40] ┇ INFO    ┇           chrisbase.data ┇   5	env.node_rank                                	-1
[02.13 16:57:40] ┇ INFO    ┇           chrisbase.data ┇   6	env.world_size                               	4
[02.13 16:57:40] ┇ INFO    ┇           chrisbase.data ┇   7	env.time_stamp                               	0213-165722
[02.13 16:57:40] ┇ INFO    ┇           chrisbase.data ┇   8	env.python_path                              	/raid/chrisjihee/miniforge3/envs/DeepKNLP/bin/python
[02.13 16:57:40] ┇ INFO    ┇           chrisbase.data ┇   9	env.current_dir                              	/raid/chrisjihee/proj/DeepKNLP
[02.13 16:57:40] ┇ INFO    ┇           chrisbase.data ┇  10	env.current_file                             	task2-nerG-trainer.py
[02.13 16:57:40] ┇ INFO    ┇           chrisbase.data ┇  11	env.command_args                             	['--local_rank=0', '--trainer_deepspeed', 'configs/deepspeed/ds2_t5.json', '--run_version', 'FlanT5-1B-WQ=1', '--pretrained', 'google/flan-t5-large', '--eval_epochs', '0.5', '--logging_steps', '5', '--num_train_epochs', '12', '--per_device_eval_batch_size', '50', '--per_device_train_batch_size', '8', '--gradient_accumulation_steps', '1', '--generation_max_length', '640', '--eval_file', 'data/gner/each-sampled-WQ=1/crossner_literature-dev=100-WQ=1.jsonl', '--train_file', 'data/gner/each-WQ=1/crossner_literature-train-WQ=1.jsonl', '--output_file', 'train-metrics-crossner_literature-12ep.csv', '--logging_file', 'train-loggings-crossner_literature-12ep.out', '--no_use_flash_attention', '--no_debugging']
[02.13 16:57:40] ┇ INFO    ┇           chrisbase.data ┇  12	env.output_home                              	output
[02.13 16:57:40] ┇ INFO    ┇           chrisbase.data ┇  13	env.output_name                              	GNER
[02.13 16:57:40] ┇ INFO    ┇           chrisbase.data ┇  14	env.run_version                              	FlanT5-1B-WQ=1
[02.13 16:57:40] ┇ INFO    ┇           chrisbase.data ┇  15	env.output_file                              	train-metrics-crossner_literature-12ep-0213-165722.csv
[02.13 16:57:40] ┇ INFO    ┇           chrisbase.data ┇  16	env.logging_file                             	train-loggings-crossner_literature-12ep-0213-165722.out
[02.13 16:57:40] ┇ INFO    ┇           chrisbase.data ┇  17	env.logging_level                            	30
[02.13 16:57:40] ┇ INFO    ┇           chrisbase.data ┇  18	env.logging_format                           	%(asctime)s ┇ %(levelname)-7s ┇ %(name)24s ┇ %(message)s
[02.13 16:57:40] ┇ INFO    ┇           chrisbase.data ┇  19	env.datetime_format                          	[%m.%d %H:%M:%S]
[02.13 16:57:40] ┇ INFO    ┇           chrisbase.data ┇  20	env.argument_file                            	train-arguments-0213-165722.json
[02.13 16:57:40] ┇ INFO    ┇           chrisbase.data ┇  21	env.random_seed                              	7
[02.13 16:57:40] ┇ INFO    ┇           chrisbase.data ┇  22	env.max_workers                              	4
[02.13 16:57:40] ┇ INFO    ┇           chrisbase.data ┇  23	env.debugging                                	False
[02.13 16:57:40] ┇ INFO    ┇           chrisbase.data ┇  24	env.output_dir                               	output/GNER/FlanT5-1B-WQ=1
[02.13 16:57:40] ┇ INFO    ┇           chrisbase.data ┇  25	time.t1                                      	2025-02-13 16:57:40.813433
[02.13 16:57:40] ┇ INFO    ┇           chrisbase.data ┇  26	time.t2                                      	2025-02-13 16:57:16.004099
[02.13 16:57:40] ┇ INFO    ┇           chrisbase.data ┇  27	time.started                                 	[02.13 16:57:40]
[02.13 16:57:40] ┇ INFO    ┇           chrisbase.data ┇  28	time.settled
[02.13 16:57:40] ┇ INFO    ┇           chrisbase.data ┇  29	time.elapsed
[02.13 16:57:40] ┇ INFO    ┇           chrisbase.data ┇  30	data.train_file                              	data/gner/each-WQ=1/crossner_literature-train-WQ=1.jsonl
[02.13 16:57:40] ┇ INFO    ┇           chrisbase.data ┇  31	data.study_file
[02.13 16:57:40] ┇ INFO    ┇           chrisbase.data ┇  32	data.eval_file                               	data/gner/each-sampled-WQ=1/crossner_literature-dev=100-WQ=1.jsonl
[02.13 16:57:40] ┇ INFO    ┇           chrisbase.data ┇  33	data.pred_file
[02.13 16:57:40] ┇ INFO    ┇           chrisbase.data ┇  34	data.pretrained                              	google/flan-t5-large
[02.13 16:57:40] ┇ INFO    ┇           chrisbase.data ┇  35	data.max_train_samples                       	-1
[02.13 16:57:40] ┇ INFO    ┇           chrisbase.data ┇  36	data.max_study_samples                       	-1
[02.13 16:57:40] ┇ INFO    ┇           chrisbase.data ┇  37	data.max_eval_samples                        	-1
[02.13 16:57:40] ┇ INFO    ┇           chrisbase.data ┇  38	data.max_pred_samples                        	-1
[02.13 16:57:40] ┇ INFO    ┇           chrisbase.data ┇  39	data.use_cache_data                          	False
[02.13 16:57:40] ┇ INFO    ┇           chrisbase.data ┇  40	data.progress_seconds                        	10.0
[02.13 16:57:40] ┇ INFO    ┇           chrisbase.data ┇  41	data.max_source_length                       	640
[02.13 16:57:40] ┇ INFO    ┇           chrisbase.data ┇  42	data.max_target_length                       	640
[02.13 16:57:40] ┇ INFO    ┇           chrisbase.data ┇  43	data.write_predictions                       	False
[02.13 16:57:40] ┇ INFO    ┇           chrisbase.data ┇  44	data.ignore_pad_token_for_loss               	True
[02.13 16:57:40] ┇ INFO    ┇           chrisbase.data ┇  45	train._n_gpu                                 	1
[02.13 16:57:40] ┇ INFO    ┇           chrisbase.data ┇  46	train.accelerator_config                     	{'split_batches': False, 'dispatch_batches': None, 'even_batches': True, 'use_seedable_sampler': True, 'non_blocking': False, 'gradient_accumulation_kwargs': None, 'use_configured_state': False}
[02.13 16:57:40] ┇ INFO    ┇           chrisbase.data ┇  47	train.adafactor                              	False
[02.13 16:57:40] ┇ INFO    ┇           chrisbase.data ┇  48	train.adam_beta1                             	0.9
[02.13 16:57:40] ┇ INFO    ┇           chrisbase.data ┇  49	train.adam_beta2                             	0.999
[02.13 16:57:40] ┇ INFO    ┇           chrisbase.data ┇  50	train.adam_epsilon                           	1e-08
[02.13 16:57:40] ┇ INFO    ┇           chrisbase.data ┇  51	train.auto_find_batch_size                   	False
[02.13 16:57:40] ┇ INFO    ┇           chrisbase.data ┇  52	train.average_tokens_across_devices          	False
[02.13 16:57:40] ┇ INFO    ┇           chrisbase.data ┇  53	train.batch_eval_metrics                     	False
[02.13 16:57:40] ┇ INFO    ┇           chrisbase.data ┇  54	train.bf16                                   	True
[02.13 16:57:40] ┇ INFO    ┇           chrisbase.data ┇  55	train.bf16_full_eval                         	True
[02.13 16:57:40] ┇ INFO    ┇           chrisbase.data ┇  56	train.data_seed
[02.13 16:57:40] ┇ INFO    ┇           chrisbase.data ┇  57	train.dataloader_drop_last                   	False
[02.13 16:57:40] ┇ INFO    ┇           chrisbase.data ┇  58	train.dataloader_num_workers                 	0
[02.13 16:57:40] ┇ INFO    ┇           chrisbase.data ┇  59	train.dataloader_persistent_workers          	False
[02.13 16:57:40] ┇ INFO    ┇           chrisbase.data ┇  60	train.dataloader_pin_memory                  	True
[02.13 16:57:40] ┇ INFO    ┇           chrisbase.data ┇  61	train.dataloader_prefetch_factor
[02.13 16:57:40] ┇ INFO    ┇           chrisbase.data ┇  62	train.ddp_backend
[02.13 16:57:40] ┇ INFO    ┇           chrisbase.data ┇  63	train.ddp_broadcast_buffers
[02.13 16:57:40] ┇ INFO    ┇           chrisbase.data ┇  64	train.ddp_bucket_cap_mb
[02.13 16:57:40] ┇ INFO    ┇           chrisbase.data ┇  65	train.ddp_find_unused_parameters
[02.13 16:57:40] ┇ INFO    ┇           chrisbase.data ┇  66	train.ddp_timeout                            	1800
[02.13 16:57:40] ┇ INFO    ┇           chrisbase.data ┇  67	train.debug                                  	[]
[02.13 16:57:40] ┇ INFO    ┇           chrisbase.data ┇  68	train.deepspeed                              	configs/deepspeed/ds2_t5.json
[02.13 16:57:40] ┇ INFO    ┇           chrisbase.data ┇  69	train.disable_tqdm                           	True
[02.13 16:57:40] ┇ INFO    ┇           chrisbase.data ┇  70	train.dispatch_batches
[02.13 16:57:40] ┇ INFO    ┇           chrisbase.data ┇  71	train.do_eval                                	True
[02.13 16:57:40] ┇ INFO    ┇           chrisbase.data ┇  72	train.do_predict                             	False
[02.13 16:57:40] ┇ INFO    ┇           chrisbase.data ┇  73	train.do_train                               	True
[02.13 16:57:40] ┇ INFO    ┇           chrisbase.data ┇  74	train.eval_accumulation_steps                	1
[02.13 16:57:40] ┇ INFO    ┇           chrisbase.data ┇  75	train.eval_delay                             	0.0
[02.13 16:57:40] ┇ INFO    ┇           chrisbase.data ┇  76	train.eval_do_concat_batches                 	True
[02.13 16:57:40] ┇ INFO    ┇           chrisbase.data ┇  77	train.eval_epochs                            	0.5
[02.13 16:57:40] ┇ INFO    ┇           chrisbase.data ┇  78	train.eval_on_start                          	False
[02.13 16:57:40] ┇ INFO    ┇           chrisbase.data ┇  79	train.eval_steps                             	9223372036854775807
[02.13 16:57:40] ┇ INFO    ┇           chrisbase.data ┇  80	train.eval_strategy                          	IntervalStrategy.NO
[02.13 16:57:40] ┇ INFO    ┇           chrisbase.data ┇  81	train.eval_use_gather_object                 	False
[02.13 16:57:40] ┇ INFO    ┇           chrisbase.data ┇  82	train.evaluation_strategy
[02.13 16:57:40] ┇ INFO    ┇           chrisbase.data ┇  83	train.fp16                                   	False
[02.13 16:57:40] ┇ INFO    ┇           chrisbase.data ┇  84	train.fp16_backend                           	auto
[02.13 16:57:40] ┇ INFO    ┇           chrisbase.data ┇  85	train.fp16_full_eval                         	False
[02.13 16:57:40] ┇ INFO    ┇           chrisbase.data ┇  86	train.fp16_opt_level                         	O1
[02.13 16:57:40] ┇ INFO    ┇           chrisbase.data ┇  87	train.fsdp                                   	[]
[02.13 16:57:40] ┇ INFO    ┇           chrisbase.data ┇  88	train.fsdp_config                            	{'min_num_params': 0, 'xla': False, 'xla_fsdp_v2': False, 'xla_fsdp_grad_ckpt': False}
[02.13 16:57:40] ┇ INFO    ┇           chrisbase.data ┇  89	train.fsdp_min_num_params                    	0
[02.13 16:57:40] ┇ INFO    ┇           chrisbase.data ┇  90	train.fsdp_transformer_layer_cls_to_wrap
[02.13 16:57:40] ┇ INFO    ┇           chrisbase.data ┇  91	train.full_determinism                       	False
[02.13 16:57:40] ┇ INFO    ┇           chrisbase.data ┇  92	train.generation_config
[02.13 16:57:40] ┇ INFO    ┇           chrisbase.data ┇  93	train.generation_max_length                  	640
[02.13 16:57:40] ┇ INFO    ┇           chrisbase.data ┇  94	train.generation_num_beams
[02.13 16:57:40] ┇ INFO    ┇           chrisbase.data ┇  95	train.gradient_accumulation_steps            	1
[02.13 16:57:40] ┇ INFO    ┇           chrisbase.data ┇  96	train.gradient_checkpointing                 	True
[02.13 16:57:40] ┇ INFO    ┇           chrisbase.data ┇  97	train.gradient_checkpointing_kwargs
[02.13 16:57:40] ┇ INFO    ┇           chrisbase.data ┇  98	train.greater_is_better
[02.13 16:57:40] ┇ INFO    ┇           chrisbase.data ┇  99	train.group_by_length                        	False
[02.13 16:57:40] ┇ INFO    ┇           chrisbase.data ┇ 100	train.half_precision_backend                 	auto
[02.13 16:57:40] ┇ INFO    ┇           chrisbase.data ┇ 101	train.hub_always_push                        	False
[02.13 16:57:40] ┇ INFO    ┇           chrisbase.data ┇ 102	train.hub_model_id
[02.13 16:57:40] ┇ INFO    ┇           chrisbase.data ┇ 103	train.hub_private_repo
[02.13 16:57:40] ┇ INFO    ┇           chrisbase.data ┇ 104	train.hub_strategy                           	HubStrategy.EVERY_SAVE
[02.13 16:57:40] ┇ INFO    ┇           chrisbase.data ┇ 105	train.hub_token
[02.13 16:57:40] ┇ INFO    ┇           chrisbase.data ┇ 106	train.ignore_data_skip                       	False
[02.13 16:57:40] ┇ INFO    ┇           chrisbase.data ┇ 107	train.include_for_metrics                    	[]
[02.13 16:57:40] ┇ INFO    ┇           chrisbase.data ┇ 108	train.include_inputs_for_metrics             	False
[02.13 16:57:40] ┇ INFO    ┇           chrisbase.data ┇ 109	train.include_num_input_tokens_seen          	False
[02.13 16:57:40] ┇ INFO    ┇           chrisbase.data ┇ 110	train.include_tokens_per_second              	False
[02.13 16:57:40] ┇ INFO    ┇           chrisbase.data ┇ 111	train.jit_mode_eval                          	False
[02.13 16:57:40] ┇ INFO    ┇           chrisbase.data ┇ 112	train.label_names
[02.13 16:57:40] ┇ INFO    ┇           chrisbase.data ┇ 113	train.label_smoothing_factor                 	0.0
[02.13 16:57:40] ┇ INFO    ┇           chrisbase.data ┇ 114	train.learning_rate                          	2e-05
[02.13 16:57:40] ┇ INFO    ┇           chrisbase.data ┇ 115	train.length_column_name                     	length
[02.13 16:57:40] ┇ INFO    ┇           chrisbase.data ┇ 116	train.load_best_model_at_end                 	False
[02.13 16:57:40] ┇ INFO    ┇           chrisbase.data ┇ 117	train.local_rank                             	0
[02.13 16:57:40] ┇ INFO    ┇           chrisbase.data ┇ 118	train.log_level                              	warning
[02.13 16:57:40] ┇ INFO    ┇           chrisbase.data ┇ 119	train.log_level_replica                      	error
[02.13 16:57:40] ┇ INFO    ┇           chrisbase.data ┇ 120	train.log_on_each_node                       	True
[02.13 16:57:40] ┇ INFO    ┇           chrisbase.data ┇ 121	train.logging_dir                            	output/GNER/FlanT5-1B-WQ=1/runs/Feb13_16-57-37_dgx-a100
[02.13 16:57:40] ┇ INFO    ┇           chrisbase.data ┇ 122	train.logging_epochs                         	-1.0
[02.13 16:57:40] ┇ INFO    ┇           chrisbase.data ┇ 123	train.logging_first_step                     	False
[02.13 16:57:40] ┇ INFO    ┇           chrisbase.data ┇ 124	train.logging_nan_inf_filter                 	True
[02.13 16:57:40] ┇ INFO    ┇           chrisbase.data ┇ 125	train.logging_steps                          	5
[02.13 16:57:40] ┇ INFO    ┇           chrisbase.data ┇ 126	train.logging_strategy                       	IntervalStrategy.STEPS
[02.13 16:57:40] ┇ INFO    ┇           chrisbase.data ┇ 127	train.lr_scheduler_kwargs                    	{}
[02.13 16:57:40] ┇ INFO    ┇           chrisbase.data ┇ 128	train.lr_scheduler_type                      	SchedulerType.COSINE
[02.13 16:57:40] ┇ INFO    ┇           chrisbase.data ┇ 129	train.max_grad_norm                          	1.0
[02.13 16:57:40] ┇ INFO    ┇           chrisbase.data ┇ 130	train.max_steps                              	-1
[02.13 16:57:40] ┇ INFO    ┇           chrisbase.data ┇ 131	train.metric_for_best_model
[02.13 16:57:40] ┇ INFO    ┇           chrisbase.data ┇ 132	train.mp_parameters
[02.13 16:57:40] ┇ INFO    ┇           chrisbase.data ┇ 133	train.neftune_noise_alpha
[02.13 16:57:40] ┇ INFO    ┇           chrisbase.data ┇ 134	train.no_cuda                                	False
[02.13 16:57:40] ┇ INFO    ┇           chrisbase.data ┇ 135	train.num_train_epochs                       	12.0
[02.13 16:57:40] ┇ INFO    ┇           chrisbase.data ┇ 136	train.optim                                  	OptimizerNames.ADAMW_TORCH
[02.13 16:57:40] ┇ INFO    ┇           chrisbase.data ┇ 137	train.optim_args
[02.13 16:57:40] ┇ INFO    ┇           chrisbase.data ┇ 138	train.optim_target_modules
[02.13 16:57:40] ┇ INFO    ┇           chrisbase.data ┇ 139	train.output_dir                             	output/GNER/FlanT5-1B-WQ=1
[02.13 16:57:40] ┇ INFO    ┇           chrisbase.data ┇ 140	train.overwrite_output_dir                   	True
[02.13 16:57:40] ┇ INFO    ┇           chrisbase.data ┇ 141	train.past_index                             	-1
[02.13 16:57:40] ┇ INFO    ┇           chrisbase.data ┇ 142	train.per_device_eval_batch_size             	50
[02.13 16:57:40] ┇ INFO    ┇           chrisbase.data ┇ 143	train.per_device_train_batch_size            	8
[02.13 16:57:40] ┇ INFO    ┇           chrisbase.data ┇ 144	train.per_gpu_eval_batch_size
[02.13 16:57:40] ┇ INFO    ┇           chrisbase.data ┇ 145	train.per_gpu_train_batch_size
[02.13 16:57:40] ┇ INFO    ┇           chrisbase.data ┇ 146	train.predict_with_generate                  	True
[02.13 16:57:40] ┇ INFO    ┇           chrisbase.data ┇ 147	train.prediction_loss_only                   	False
[02.13 16:57:40] ┇ INFO    ┇           chrisbase.data ┇ 148	train.push_to_hub                            	False
[02.13 16:57:40] ┇ INFO    ┇           chrisbase.data ┇ 149	train.push_to_hub_model_id
[02.13 16:57:40] ┇ INFO    ┇           chrisbase.data ┇ 150	train.push_to_hub_organization
[02.13 16:57:40] ┇ INFO    ┇           chrisbase.data ┇ 151	train.push_to_hub_token
[02.13 16:57:40] ┇ INFO    ┇           chrisbase.data ┇ 152	train.ray_scope                              	last
[02.13 16:57:40] ┇ INFO    ┇           chrisbase.data ┇ 153	train.remove_unused_columns                  	False
[02.13 16:57:40] ┇ INFO    ┇           chrisbase.data ┇ 154	train.report_to                              	[]
[02.13 16:57:40] ┇ INFO    ┇           chrisbase.data ┇ 155	train.restore_callback_states_from_checkpoint	False
[02.13 16:57:40] ┇ INFO    ┇           chrisbase.data ┇ 156	train.resume_from_checkpoint
[02.13 16:57:40] ┇ INFO    ┇           chrisbase.data ┇ 157	train.run_name                               	output/GNER/FlanT5-1B-WQ=1
[02.13 16:57:40] ┇ INFO    ┇           chrisbase.data ┇ 158	train.save_epochs                            	-1.0
[02.13 16:57:40] ┇ INFO    ┇           chrisbase.data ┇ 159	train.save_on_each_node                      	False
[02.13 16:57:40] ┇ INFO    ┇           chrisbase.data ┇ 160	train.save_only_model                        	False
[02.13 16:57:40] ┇ INFO    ┇           chrisbase.data ┇ 161	train.save_safetensors                       	True
[02.13 16:57:40] ┇ INFO    ┇           chrisbase.data ┇ 162	train.save_steps                             	9223372036854775807
[02.13 16:57:40] ┇ INFO    ┇           chrisbase.data ┇ 163	train.save_strategy                          	SaveStrategy.NO
[02.13 16:57:40] ┇ INFO    ┇           chrisbase.data ┇ 164	train.save_total_limit
[02.13 16:57:40] ┇ INFO    ┇           chrisbase.data ┇ 165	train.seed                                   	7
[02.13 16:57:40] ┇ INFO    ┇           chrisbase.data ┇ 166	train.skip_memory_metrics                    	True
[02.13 16:57:40] ┇ INFO    ┇           chrisbase.data ┇ 167	train.sortish_sampler                        	False
[02.13 16:57:40] ┇ INFO    ┇           chrisbase.data ┇ 168	train.split_batches
[02.13 16:57:40] ┇ INFO    ┇           chrisbase.data ┇ 169	train.tf32                                   	True
[02.13 16:57:40] ┇ INFO    ┇           chrisbase.data ┇ 170	train.torch_compile                          	False
[02.13 16:57:40] ┇ INFO    ┇           chrisbase.data ┇ 171	train.torch_compile_backend
[02.13 16:57:40] ┇ INFO    ┇           chrisbase.data ┇ 172	train.torch_compile_mode
[02.13 16:57:40] ┇ INFO    ┇           chrisbase.data ┇ 173	train.torch_empty_cache_steps
[02.13 16:57:40] ┇ INFO    ┇           chrisbase.data ┇ 174	train.torchdynamo
[02.13 16:57:40] ┇ INFO    ┇           chrisbase.data ┇ 175	train.tpu_metrics_debug                      	False
[02.13 16:57:40] ┇ INFO    ┇           chrisbase.data ┇ 176	train.tpu_num_cores
[02.13 16:57:40] ┇ INFO    ┇           chrisbase.data ┇ 177	train.use_cpu                                	False
[02.13 16:57:40] ┇ INFO    ┇           chrisbase.data ┇ 178	train.use_flash_attention                    	False
[02.13 16:57:40] ┇ INFO    ┇           chrisbase.data ┇ 179	train.use_ipex                               	False
[02.13 16:57:40] ┇ INFO    ┇           chrisbase.data ┇ 180	train.use_legacy_prediction_loop             	False
[02.13 16:57:40] ┇ INFO    ┇           chrisbase.data ┇ 181	train.use_liger_kernel                       	False
[02.13 16:57:40] ┇ INFO    ┇           chrisbase.data ┇ 182	train.use_mps_device                         	False
[02.13 16:57:40] ┇ INFO    ┇           chrisbase.data ┇ 183	train.warmup_ratio                           	0.04
[02.13 16:57:40] ┇ INFO    ┇           chrisbase.data ┇ 184	train.warmup_steps                           	0
[02.13 16:57:40] ┇ INFO    ┇           chrisbase.data ┇ 185	train.weight_decay                           	0.0
[02.13 16:57:40] ┇ INFO    ┇           chrisbase.data ┇ -----------------------------------------------------------------------------------------------------------------------------------------
[02.13 16:57:42] ┇ INFO    ┇                 DeepKNLP ┇ model type: <class 'transformers.models.t5.modeling_t5.T5ForConditionalGeneration'>
[02.13 16:57:42] ┇ INFO    ┇                 DeepKNLP ┇ model pad_token_id: 0
[02.13 16:57:43] ┇ INFO    ┇                 DeepKNLP ┇ Loaded raw train_dataset (#=3782): data/gner/each-WQ=1/crossner_literature-train-WQ=1.jsonl
[02.13 16:57:43] ┇ INFO    ┇                 DeepKNLP ┇ Preprocess train_dataset:   0%|                    |    4/3782 [0:00:00<0:03:07, 20.13Hz]
[02.13 16:57:43] ┇ INFO    ┇                 DeepKNLP ┇ Preprocess train_dataset: 100%|████████████████████| 3782/3782 [0:00:00<0:00:00, 6823.76Hz]
[02.13 16:57:44] ┇ INFO    ┇                 DeepKNLP ┇ Completed preprocessing for train_dataset by google/flan-t5-large at [02.13 16:57:43]
[02.13 16:57:44] ┇ INFO    ┇                 DeepKNLP ┇ Loaded raw eval_dataset (#=3472): data/gner/each-sampled-WQ=1/crossner_literature-dev=100-WQ=1.jsonl
[02.13 16:57:44] ┇ INFO    ┇                 DeepKNLP ┇ Preprocess eval_dataset:   0%|                    |    4/3472 [0:00:00<0:03:01, 19.14Hz]
[02.13 16:57:45] ┇ INFO    ┇                 DeepKNLP ┇ Preprocess eval_dataset: 100%|████████████████████| 3472/3472 [0:00:00<0:00:00, 6718.25Hz]
[02.13 16:57:45] ┇ INFO    ┇                 DeepKNLP ┇ Completed preprocessing for eval_dataset by google/flan-t5-large at [02.13 16:57:45]
[02.13 16:57:53] ┇ INFO    ┇ torch.distributed.distributed_c10d ┇ Using backend config: {'cuda': 'nccl'}
[02.13 16:57:55] ┇ INFO    ┇ torch.distributed.distributed_c10d ┇ Using backend config: {'cuda': 'nccl'}
[02.13 16:57:58] ┇ INFO    ┇ torch.distributed.distributed_c10d ┇ Using backend config: {'cuda': 'nccl'}
[02.13 16:57:58] ┇ INFO    ┇ torch.distributed.distributed_c10d ┇ Using backend config: {'cuda': 'nccl'}
[02.13 16:58:19] ┇ WARNING ┇                DeepSpeed ┇ Attempting to get learning rate from scheduler before it has started
[02.13 16:58:19] ┇ INFO    ┇    DeepKNLP.gner.trainer ┇ -----------------------------------------------------------------------------------------------------------------------------------------
[02.13 16:58:19] ┇ INFO    ┇    DeepKNLP.gner.trainer ┇ ***** Beginning Training *****
[02.13 16:58:19] ┇ INFO    ┇    DeepKNLP.gner.trainer ┇ >> Train Epochs       = 12.0
[02.13 16:58:19] ┇ INFO    ┇    DeepKNLP.gner.trainer ┇ >> Train Examples     = 3,782
[02.13 16:58:19] ┇ INFO    ┇    DeepKNLP.gner.trainer ┇ >> Train Batch Size   = 32 = 8 * 1 * 4
[02.13 16:58:19] ┇ INFO    ┇    DeepKNLP.gner.trainer ┇ >> Train Optim Steps  = 1,428 = 119 * 12.0
[02.13 16:58:19] ┇ INFO    ┇    DeepKNLP.gner.trainer ┇ >> Train Model Params = 783,150,080
[02.13 16:58:19] ┇ INFO    ┇    DeepKNLP.gner.trainer ┇ >> Trainer Callbacks  = DefaultFlowCallback, CustomProgressCallback
[02.13 16:58:19] ┇ INFO    ┇    DeepKNLP.gner.trainer ┇ >> Zero Optim Stage   = 2
[02.13 16:58:19] ┇ INFO    ┇    DeepKNLP.gner.trainer ┇ >> Eval Examples      = 3,472
[02.13 16:58:19] ┇ INFO    ┇    DeepKNLP.gner.trainer ┇ >> Eval Batch Size    = 200 = 50 * 4
[02.13 16:58:25] ┇ INFO    ┇    DeepKNLP.gner.trainer ┇ [training]   0%|                    |    5/1428 [0:00:06<0:31:51, 0.74Hz] | epoch=0.04, loss=2.298200
[02.13 16:58:28] ┇ INFO    ┇    DeepKNLP.gner.trainer ┇ [training]   1%|▏                   |   10/1428 [0:00:08<0:20:48, 1.14Hz] | epoch=0.08, loss=2.488700
[02.13 16:58:29] ┇ INFO    ┇    DeepKNLP.gner.trainer ┇ [training]   1%|▏                   |   15/1428 [0:00:10<0:16:16, 1.45Hz] | epoch=0.13, loss=1.939100
[02.13 16:58:31] ┇ INFO    ┇    DeepKNLP.gner.trainer ┇ [training]   1%|▎                   |   20/1428 [0:00:11<0:13:59, 1.68Hz] | epoch=0.17, loss=1.085000
[02.13 16:58:32] ┇ INFO    ┇    DeepKNLP.gner.trainer ┇ [training]   2%|▎                   |   25/1428 [0:00:13<0:12:36, 1.85Hz] | epoch=0.21, loss=0.740900
[02.13 16:58:34] ┇ INFO    ┇    DeepKNLP.gner.trainer ┇ [training]   2%|▍                   |   30/1428 [0:00:15<0:11:41, 1.99Hz] | epoch=0.25, loss=0.670900
[02.13 16:58:35] ┇ INFO    ┇    DeepKNLP.gner.trainer ┇ [training]   2%|▍                   |   35/1428 [0:00:16<0:11:00, 2.11Hz] | epoch=0.29, loss=0.636800
[02.13 16:58:37] ┇ INFO    ┇    DeepKNLP.gner.trainer ┇ [training]   3%|▌                   |   40/1428 [0:00:18<0:10:30, 2.20Hz] | epoch=0.34, loss=0.535100
[02.13 16:58:39] ┇ INFO    ┇    DeepKNLP.gner.trainer ┇ [training]   3%|▋                   |   45/1428 [0:00:20<0:10:19, 2.23Hz] | epoch=0.38, loss=0.447800
[02.13 16:58:40] ┇ INFO    ┇    DeepKNLP.gner.trainer ┇ [training]   4%|▋                   |   50/1428 [0:00:21<0:09:58, 2.30Hz] | epoch=0.42, loss=0.492800
[02.13 16:58:42] ┇ INFO    ┇    DeepKNLP.gner.trainer ┇ [training]   4%|▊                   |   55/1428 [0:00:23<0:09:40, 2.36Hz] | epoch=0.46, loss=0.408200
[02.13 16:58:44] ┇ INFO    ┇    DeepKNLP.gner.trainer ┇ [training]   4%|▊                   |   60/1428 [0:00:24<0:09:25, 2.42Hz] | epoch=0.50, loss=0.477400
[02.13 16:58:45] ┇ INFO    ┇    DeepKNLP.gner.trainer ┇ [checking]   6%|█                   |  1/18 [0:00:00<0:00:00, 76412.03Hz]
[02.13 16:58:56] ┇ INFO    ┇    DeepKNLP.gner.trainer ┇ [checking] 100%|████████████████████| 18/18 [0:00:09<0:00:00, 1.82Hz]
[02.13 16:58:56] ┇ INFO    ┇    DeepKNLP.gner.trainer ┇ [training]   4%|▊                   |   60/1428 [0:00:24<0:09:25, 2.42Hz] | epoch=0.50, eval_average=0.1579
[02.13 16:58:58] ┇ INFO    ┇    DeepKNLP.gner.trainer ┇ [training]   5%|▉                   |   65/1428 [0:00:39<0:13:39, 1.66Hz] | epoch=0.55, loss=0.313400
[02.13 16:58:59] ┇ INFO    ┇    DeepKNLP.gner.trainer ┇ [training]   5%|▉                   |   70/1428 [0:00:40<0:13:08, 1.72Hz] | epoch=0.59, loss=0.396600
[02.13 16:59:01] ┇ INFO    ┇    DeepKNLP.gner.trainer ┇ [training]   5%|█                   |   75/1428 [0:00:42<0:12:41, 1.78Hz] | epoch=0.63, loss=0.355600
[02.13 16:59:03] ┇ INFO    ┇    DeepKNLP.gner.trainer ┇ [training]   6%|█                   |   80/1428 [0:00:43<0:12:17, 1.83Hz] | epoch=0.67, loss=0.293100
[02.13 16:59:04] ┇ INFO    ┇    DeepKNLP.gner.trainer ┇ [training]   6%|█▏                  |   85/1428 [0:00:45<0:11:56, 1.87Hz] | epoch=0.71, loss=0.360600
[02.13 16:59:06] ┇ INFO    ┇    DeepKNLP.gner.trainer ┇ [training]   6%|█▎                  |   90/1428 [0:00:46<0:11:37, 1.92Hz] | epoch=0.76, loss=0.342700
[02.13 16:59:07] ┇ INFO    ┇    DeepKNLP.gner.trainer ┇ [training]   7%|█▎                  |   95/1428 [0:00:48<0:11:19, 1.96Hz] | epoch=0.80, loss=0.313600
[02.13 16:59:09] ┇ INFO    ┇    DeepKNLP.gner.trainer ┇ [training]   7%|█▍                  |  100/1428 [0:00:50<0:11:04, 2.00Hz] | epoch=0.84, loss=0.347700
[02.13 16:59:10] ┇ INFO    ┇    DeepKNLP.gner.trainer ┇ [training]   7%|█▍                  |  105/1428 [0:00:51<0:10:50, 2.04Hz] | epoch=0.88, loss=0.271100
[02.13 16:59:12] ┇ INFO    ┇    DeepKNLP.gner.trainer ┇ [training]   8%|█▌                  |  110/1428 [0:00:53<0:10:36, 2.07Hz] | epoch=0.92, loss=0.330300
[02.13 16:59:13] ┇ INFO    ┇    DeepKNLP.gner.trainer ┇ [training]   8%|█▌                  |  115/1428 [0:00:54<0:10:24, 2.10Hz] | epoch=0.97, loss=0.259100
[02.13 16:59:15] ┇ INFO    ┇    DeepKNLP.gner.trainer ┇ [checking]   6%|█                   |  1/18 [0:00:00<0:00:00, 48806.45Hz]
[02.13 16:59:24] ┇ INFO    ┇    DeepKNLP.gner.trainer ┇ [checking] 100%|████████████████████| 18/18 [0:00:07<0:00:00, 2.32Hz]
[02.13 16:59:24] ┇ INFO    ┇    DeepKNLP.gner.trainer ┇ [training]   8%|█▋                  |  119/1428 [0:01:05<0:12:01, 1.81Hz] | epoch=1.00, eval_average=0.2937
[02.13 16:59:25] ┇ INFO    ┇    DeepKNLP.gner.trainer ┇ [training]   8%|█▋                  |  120/1428 [0:01:05<0:11:58, 1.82Hz] | epoch=1.01, loss=0.287000
[02.13 16:59:26] ┇ INFO    ┇    DeepKNLP.gner.trainer ┇ [training]   9%|█▊                  |  125/1428 [0:01:07<0:11:43, 1.85Hz] | epoch=1.05, loss=0.291300
[02.13 16:59:28] ┇ INFO    ┇    DeepKNLP.gner.trainer ┇ [training]   9%|█▊                  |  130/1428 [0:01:09<0:11:29, 1.88Hz] | epoch=1.09, loss=0.305300
[02.13 16:59:29] ┇ INFO    ┇    DeepKNLP.gner.trainer ┇ [training]   9%|█▉                  |  135/1428 [0:01:10<0:11:16, 1.91Hz] | epoch=1.13, loss=0.250700
[02.13 16:59:31] ┇ INFO    ┇    DeepKNLP.gner.trainer ┇ [training]  10%|█▉                  |  140/1428 [0:01:12<0:11:04, 1.94Hz] | epoch=1.18, loss=0.251900
[02.13 16:59:33] ┇ INFO    ┇    DeepKNLP.gner.trainer ┇ [training]  10%|██                  |  145/1428 [0:01:13<0:10:52, 1.97Hz] | epoch=1.22, loss=0.296100
[02.13 16:59:34] ┇ INFO    ┇    DeepKNLP.gner.trainer ┇ [training]  11%|██                  |  150/1428 [0:01:15<0:10:41, 1.99Hz] | epoch=1.26, loss=0.258800
[02.13 16:59:36] ┇ INFO    ┇    DeepKNLP.gner.trainer ┇ [training]  11%|██▏                 |  155/1428 [0:01:16<0:10:31, 2.02Hz] | epoch=1.30, loss=0.279700
[02.13 16:59:37] ┇ INFO    ┇    DeepKNLP.gner.trainer ┇ [training]  11%|██▏                 |  160/1428 [0:01:18<0:10:21, 2.04Hz] | epoch=1.34, loss=0.258300
[02.13 16:59:39] ┇ INFO    ┇    DeepKNLP.gner.trainer ┇ [training]  12%|██▎                 |  165/1428 [0:01:20<0:10:12, 2.06Hz] | epoch=1.39, loss=0.272800
[02.13 16:59:40] ┇ INFO    ┇    DeepKNLP.gner.trainer ┇ [training]  12%|██▍                 |  170/1428 [0:01:21<0:10:03, 2.08Hz] | epoch=1.43, loss=0.278100
[02.13 16:59:42] ┇ INFO    ┇    DeepKNLP.gner.trainer ┇ [training]  12%|██▍                 |  175/1428 [0:01:23<0:09:55, 2.10Hz] | epoch=1.47, loss=0.284200
[02.13 16:59:43] ┇ INFO    ┇    DeepKNLP.gner.trainer ┇ [checking]   6%|█                   |  1/18 [0:00:00<0:00:00, 61951.41Hz]
[02.13 16:59:50] ┇ INFO    ┇    DeepKNLP.gner.trainer ┇ [checking] 100%|████████████████████| 18/18 [0:00:05<0:00:00, 3.20Hz]
[02.13 16:59:50] ┇ INFO    ┇    DeepKNLP.gner.trainer ┇ [training]  12%|██▍                 |  178/1428 [0:01:31<0:10:43, 1.94Hz] | epoch=1.50, eval_average=0.4979
[02.13 16:59:51] ┇ INFO    ┇    DeepKNLP.gner.trainer ┇ [training]  13%|██▌                 |  180/1428 [0:01:32<0:10:39, 1.95Hz] | epoch=1.51, loss=0.195400
[02.13 16:59:53] ┇ INFO    ┇    DeepKNLP.gner.trainer ┇ [training]  13%|██▌                 |  185/1428 [0:01:33<0:10:30, 1.97Hz] | epoch=1.55, loss=0.250300
[02.13 16:59:54] ┇ INFO    ┇    DeepKNLP.gner.trainer ┇ [training]  13%|██▋                 |  190/1428 [0:01:35<0:10:21, 1.99Hz] | epoch=1.60, loss=0.222700
[02.13 16:59:56] ┇ INFO    ┇    DeepKNLP.gner.trainer ┇ [training]  14%|██▋                 |  195/1428 [0:01:36<0:10:12, 2.01Hz] | epoch=1.64, loss=0.229100
[02.13 16:59:57] ┇ INFO    ┇    DeepKNLP.gner.trainer ┇ [training]  14%|██▊                 |  200/1428 [0:01:38<0:10:04, 2.03Hz] | epoch=1.68, loss=0.203500
[02.13 16:59:59] ┇ INFO    ┇    DeepKNLP.gner.trainer ┇ [training]  14%|██▊                 |  205/1428 [0:01:40<0:09:56, 2.05Hz] | epoch=1.72, loss=0.241800
[02.13 17:00:00] ┇ INFO    ┇    DeepKNLP.gner.trainer ┇ [training]  15%|██▉                 |  210/1428 [0:01:41<0:09:49, 2.07Hz] | epoch=1.76, loss=0.259800
[02.13 17:00:02] ┇ INFO    ┇    DeepKNLP.gner.trainer ┇ [training]  15%|███                 |  215/1428 [0:01:43<0:09:41, 2.08Hz] | epoch=1.81, loss=0.207400
[02.13 17:00:03] ┇ INFO    ┇    DeepKNLP.gner.trainer ┇ [training]  15%|███                 |  220/1428 [0:01:44<0:09:34, 2.10Hz] | epoch=1.85, loss=0.207000
[02.13 17:00:05] ┇ INFO    ┇    DeepKNLP.gner.trainer ┇ [training]  16%|███▏                |  225/1428 [0:01:46<0:09:28, 2.12Hz] | epoch=1.89, loss=0.243000
[02.13 17:00:07] ┇ INFO    ┇    DeepKNLP.gner.trainer ┇ [training]  16%|███▏                |  230/1428 [0:01:47<0:09:21, 2.13Hz] | epoch=1.93, loss=0.200200
[02.13 17:00:08] ┇ INFO    ┇    DeepKNLP.gner.trainer ┇ [training]  16%|███▎                |  235/1428 [0:01:49<0:09:15, 2.15Hz] | epoch=1.98, loss=0.235300
[02.13 17:00:09] ┇ INFO    ┇    DeepKNLP.gner.trainer ┇ [checking]   6%|█                   |  1/18 [0:00:00<0:00:00, 53569.24Hz]
[02.13 17:00:16] ┇ INFO    ┇    DeepKNLP.gner.trainer ┇ [checking] 100%|████████████████████| 18/18 [0:00:05<0:00:00, 3.32Hz]
[02.13 17:00:16] ┇ INFO    ┇    DeepKNLP.gner.trainer ┇ [training]  17%|███▎                |  238/1428 [0:01:57<0:09:48, 2.02Hz] | epoch=2.00, eval_average=0.4804
[02.13 17:00:17] ┇ INFO    ┇    DeepKNLP.gner.trainer ┇ [training]  17%|███▎                |  240/1428 [0:01:58<0:09:45, 2.03Hz] | epoch=2.02, loss=0.219300
[02.13 17:00:19] ┇ INFO    ┇    DeepKNLP.gner.trainer ┇ [training]  17%|███▍                |  245/1428 [0:01:59<0:09:38, 2.05Hz] | epoch=2.06, loss=0.241800
[02.13 17:00:20] ┇ INFO    ┇    DeepKNLP.gner.trainer ┇ [training]  18%|███▌                |  250/1428 [0:02:01<0:09:31, 2.06Hz] | epoch=2.10, loss=0.210300
[02.13 17:00:22] ┇ INFO    ┇    DeepKNLP.gner.trainer ┇ [training]  18%|███▌                |  255/1428 [0:02:02<0:09:25, 2.07Hz] | epoch=2.14, loss=0.181800
[02.13 17:00:23] ┇ INFO    ┇    DeepKNLP.gner.trainer ┇ [training]  18%|███▋                |  260/1428 [0:02:04<0:09:19, 2.09Hz] | epoch=2.19, loss=0.215400
[02.13 17:00:25] ┇ INFO    ┇    DeepKNLP.gner.trainer ┇ [training]  19%|███▋                |  265/1428 [0:02:06<0:09:13, 2.10Hz] | epoch=2.23, loss=0.211700
[02.13 17:00:26] ┇ INFO    ┇    DeepKNLP.gner.trainer ┇ [training]  19%|███▊                |  270/1428 [0:02:07<0:09:07, 2.12Hz] | epoch=2.27, loss=0.191300
[02.13 17:00:28] ┇ INFO    ┇    DeepKNLP.gner.trainer ┇ [training]  19%|███▊                |  275/1428 [0:02:09<0:09:01, 2.13Hz] | epoch=2.31, loss=0.177600
[02.13 17:00:29] ┇ INFO    ┇    DeepKNLP.gner.trainer ┇ [training]  20%|███▉                |  280/1428 [0:02:10<0:08:55, 2.14Hz] | epoch=2.35, loss=0.235600
[02.13 17:00:31] ┇ INFO    ┇    DeepKNLP.gner.trainer ┇ [training]  20%|███▉                |  285/1428 [0:02:12<0:08:50, 2.15Hz] | epoch=2.40, loss=0.202200
[02.13 17:00:33] ┇ INFO    ┇    DeepKNLP.gner.trainer ┇ [training]  20%|████                |  290/1428 [0:02:13<0:08:45, 2.17Hz] | epoch=2.44, loss=0.215600
[02.13 17:00:34] ┇ INFO    ┇    DeepKNLP.gner.trainer ┇ [training]  21%|████▏               |  295/1428 [0:02:15<0:08:39, 2.18Hz] | epoch=2.48, loss=0.215100
[02.13 17:00:35] ┇ INFO    ┇    DeepKNLP.gner.trainer ┇ [checking]   6%|█                   |  1/18 [0:00:00<0:00:00, 64808.17Hz]
[02.13 17:00:43] ┇ INFO    ┇    DeepKNLP.gner.trainer ┇ [checking] 100%|████████████████████| 18/18 [0:00:05<0:00:00, 3.35Hz]
[02.13 17:00:43] ┇ INFO    ┇    DeepKNLP.gner.trainer ┇ [training]  21%|████▏               |  298/1428 [0:02:23<0:09:05, 2.07Hz] | epoch=2.50, eval_average=0.5379
[02.13 17:00:43] ┇ INFO    ┇    DeepKNLP.gner.trainer ┇ [training]  21%|████▏               |  300/1428 [0:02:24<0:08:46, 2.14Hz] | epoch=2.52, loss=0.201300
[02.13 17:00:45] ┇ INFO    ┇    DeepKNLP.gner.trainer ┇ [training]  21%|████▎               |  305/1428 [0:02:26<0:08:42, 2.15Hz] | epoch=2.56, loss=0.212900
[02.13 17:00:46] ┇ INFO    ┇    DeepKNLP.gner.trainer ┇ [training]  22%|████▎               |  310/1428 [0:02:27<0:08:40, 2.15Hz] | epoch=2.60, loss=0.207400
[02.13 17:00:48] ┇ INFO    ┇    DeepKNLP.gner.trainer ┇ [training]  22%|████▍               |  315/1428 [0:02:29<0:08:37, 2.15Hz] | epoch=2.65, loss=0.179800
[02.13 17:00:50] ┇ INFO    ┇    DeepKNLP.gner.trainer ┇ [training]  22%|████▍               |  320/1428 [0:02:30<0:08:35, 2.15Hz] | epoch=2.69, loss=0.178400
[02.13 17:00:51] ┇ INFO    ┇    DeepKNLP.gner.trainer ┇ [training]  23%|████▌               |  325/1428 [0:02:32<0:08:33, 2.15Hz] | epoch=2.73, loss=0.194200
[02.13 17:00:53] ┇ INFO    ┇    DeepKNLP.gner.trainer ┇ [training]  23%|████▌               |  330/1428 [0:02:34<0:08:31, 2.15Hz] | epoch=2.77, loss=0.193500
[02.13 17:00:54] ┇ INFO    ┇    DeepKNLP.gner.trainer ┇ [training]  23%|████▋               |  335/1428 [0:02:35<0:08:29, 2.15Hz] | epoch=2.81, loss=0.194800
[02.13 17:00:56] ┇ INFO    ┇    DeepKNLP.gner.trainer ┇ [training]  24%|████▊               |  340/1428 [0:02:37<0:08:26, 2.15Hz] | epoch=2.86, loss=0.167200
[02.13 17:00:58] ┇ INFO    ┇    DeepKNLP.gner.trainer ┇ [training]  24%|████▊               |  345/1428 [0:02:39<0:08:24, 2.15Hz] | epoch=2.90, loss=0.193900
[02.13 17:00:59] ┇ INFO    ┇    DeepKNLP.gner.trainer ┇ [training]  25%|████▉               |  350/1428 [0:02:40<0:08:21, 2.15Hz] | epoch=2.94, loss=0.151700
[02.13 17:01:01] ┇ INFO    ┇    DeepKNLP.gner.trainer ┇ [training]  25%|████▉               |  355/1428 [0:02:42<0:08:19, 2.15Hz] | epoch=2.98, loss=0.109900
[02.13 17:01:02] ┇ INFO    ┇    DeepKNLP.gner.trainer ┇ [checking]   6%|█                   |  1/18 [0:00:00<0:00:00, 86788.06Hz]
[02.13 17:01:09] ┇ INFO    ┇    DeepKNLP.gner.trainer ┇ [checking] 100%|████████████████████| 18/18 [0:00:05<0:00:00, 3.03Hz]
[02.13 17:01:09] ┇ INFO    ┇    DeepKNLP.gner.trainer ┇ [training]  25%|█████               |  357/1428 [0:02:50<0:08:02, 2.22Hz] | epoch=3.00, eval_average=0.4687
[02.13 17:01:10] ┇ INFO    ┇    DeepKNLP.gner.trainer ┇ [training]  25%|█████               |  360/1428 [0:02:51<0:08:02, 2.21Hz] | epoch=3.02, loss=0.188700
[02.13 17:01:12] ┇ INFO    ┇    DeepKNLP.gner.trainer ┇ [training]  26%|█████               |  365/1428 [0:02:53<0:08:00, 2.21Hz] | epoch=3.07, loss=0.171200
[02.13 17:01:13] ┇ INFO    ┇    DeepKNLP.gner.trainer ┇ [training]  26%|█████▏              |  370/1428 [0:02:54<0:07:57, 2.21Hz] | epoch=3.11, loss=0.174500
[02.13 17:01:15] ┇ INFO    ┇    DeepKNLP.gner.trainer ┇ [training]  26%|█████▎              |  375/1428 [0:02:56<0:07:55, 2.21Hz] | epoch=3.15, loss=0.181800
[02.13 17:01:17] ┇ INFO    ┇    DeepKNLP.gner.trainer ┇ [training]  27%|█████▎              |  380/1428 [0:02:57<0:07:53, 2.21Hz] | epoch=3.19, loss=0.171900
[02.13 17:01:18] ┇ INFO    ┇    DeepKNLP.gner.trainer ┇ [training]  27%|█████▍              |  385/1428 [0:02:59<0:07:50, 2.21Hz] | epoch=3.23, loss=0.220400
[02.13 17:01:20] ┇ INFO    ┇    DeepKNLP.gner.trainer ┇ [training]  27%|█████▍              |  390/1428 [0:03:00<0:07:48, 2.22Hz] | epoch=3.28, loss=0.153600
[02.13 17:01:21] ┇ INFO    ┇    DeepKNLP.gner.trainer ┇ [training]  28%|█████▌              |  395/1428 [0:03:02<0:07:46, 2.22Hz] | epoch=3.32, loss=0.212900
[02.13 17:01:23] ┇ INFO    ┇    DeepKNLP.gner.trainer ┇ [training]  28%|█████▌              |  400/1428 [0:03:04<0:07:44, 2.22Hz] | epoch=3.36, loss=0.164300
[02.13 17:01:24] ┇ INFO    ┇    DeepKNLP.gner.trainer ┇ [training]  28%|█████▋              |  405/1428 [0:03:05<0:07:41, 2.22Hz] | epoch=3.40, loss=0.169700
[02.13 17:01:26] ┇ INFO    ┇    DeepKNLP.gner.trainer ┇ [training]  29%|█████▋              |  410/1428 [0:03:07<0:07:05, 2.39Hz] | epoch=3.44, loss=0.140900
[02.13 17:01:27] ┇ INFO    ┇    DeepKNLP.gner.trainer ┇ [training]  29%|█████▊              |  415/1428 [0:03:08<0:07:01, 2.40Hz] | epoch=3.49, loss=0.132900
[02.13 17:01:28] ┇ INFO    ┇    DeepKNLP.gner.trainer ┇ [checking]   6%|█                   |  1/18 [0:00:00<0:00:00, 91741.44Hz]
[02.13 17:01:35] ┇ INFO    ┇    DeepKNLP.gner.trainer ┇ [checking] 100%|████████████████████| 18/18 [0:00:05<0:00:00, 3.13Hz]
[02.13 17:01:35] ┇ INFO    ┇    DeepKNLP.gner.trainer ┇ [training]  29%|█████▊              |  416/1428 [0:03:16<0:07:29, 2.25Hz] | epoch=3.50, eval_average=0.4820
[02.13 17:01:37] ┇ INFO    ┇    DeepKNLP.gner.trainer ┇ [training]  29%|█████▉              |  420/1428 [0:03:17<0:07:27, 2.25Hz] | epoch=3.53, loss=0.145300
[02.13 17:01:38] ┇ INFO    ┇    DeepKNLP.gner.trainer ┇ [training]  30%|█████▉              |  425/1428 [0:03:19<0:07:25, 2.25Hz] | epoch=3.57, loss=0.108100
[02.13 17:01:40] ┇ INFO    ┇    DeepKNLP.gner.trainer ┇ [training]  30%|██████              |  430/1428 [0:03:21<0:07:23, 2.25Hz] | epoch=3.61, loss=0.157100
[02.13 17:01:41] ┇ INFO    ┇    DeepKNLP.gner.trainer ┇ [training]  30%|██████              |  435/1428 [0:03:22<0:07:21, 2.25Hz] | epoch=3.65, loss=0.173300
[02.13 17:01:43] ┇ INFO    ┇    DeepKNLP.gner.trainer ┇ [training]  31%|██████▏             |  440/1428 [0:03:24<0:07:18, 2.25Hz] | epoch=3.70, loss=0.146600
[02.13 17:01:44] ┇ INFO    ┇    DeepKNLP.gner.trainer ┇ [training]  31%|██████▏             |  445/1428 [0:03:25<0:07:16, 2.25Hz] | epoch=3.74, loss=0.161800
[02.13 17:01:46] ┇ INFO    ┇    DeepKNLP.gner.trainer ┇ [training]  32%|██████▎             |  450/1428 [0:03:27<0:07:14, 2.25Hz] | epoch=3.78, loss=0.198900
[02.13 17:01:48] ┇ INFO    ┇    DeepKNLP.gner.trainer ┇ [training]  32%|██████▎             |  455/1428 [0:03:28<0:07:12, 2.25Hz] | epoch=3.82, loss=0.139500
[02.13 17:01:49] ┇ INFO    ┇    DeepKNLP.gner.trainer ┇ [training]  32%|██████▍             |  460/1428 [0:03:30<0:07:10, 2.25Hz] | epoch=3.87, loss=0.131000
[02.13 17:01:51] ┇ INFO    ┇    DeepKNLP.gner.trainer ┇ [training]  33%|██████▌             |  465/1428 [0:03:31<0:07:07, 2.25Hz] | epoch=3.91, loss=0.130700
[02.13 17:01:52] ┇ INFO    ┇    DeepKNLP.gner.trainer ┇ [training]  33%|██████▌             |  470/1428 [0:03:33<0:06:40, 2.39Hz] | epoch=3.95, loss=0.128000
[02.13 17:01:54] ┇ INFO    ┇    DeepKNLP.gner.trainer ┇ [training]  33%|██████▋             |  475/1428 [0:03:35<0:06:36, 2.40Hz] | epoch=3.99, loss=0.138500
[02.13 17:01:55] ┇ INFO    ┇    DeepKNLP.gner.trainer ┇ [checking]   6%|█                   |  1/18 [0:00:00<0:00:00, 69130.94Hz]
[02.13 17:02:02] ┇ INFO    ┇    DeepKNLP.gner.trainer ┇ [checking] 100%|████████████████████| 18/18 [0:00:05<0:00:00, 3.06Hz]
[02.13 17:02:02] ┇ INFO    ┇    DeepKNLP.gner.trainer ┇ [training]  33%|██████▋             |  476/1428 [0:03:43<0:07:03, 2.25Hz] | epoch=4.00, eval_average=0.5678
[02.13 17:02:03] ┇ INFO    ┇    DeepKNLP.gner.trainer ┇ [training]  34%|██████▋             |  480/1428 [0:03:44<0:07:02, 2.25Hz] | epoch=4.03, loss=0.123900
[02.13 17:02:05] ┇ INFO    ┇    DeepKNLP.gner.trainer ┇ [training]  34%|██████▊             |  485/1428 [0:03:45<0:06:59, 2.25Hz] | epoch=4.08, loss=0.111100
[02.13 17:02:06] ┇ INFO    ┇    DeepKNLP.gner.trainer ┇ [training]  34%|██████▊             |  490/1428 [0:03:47<0:06:57, 2.25Hz] | epoch=4.12, loss=0.155500
[02.13 17:02:08] ┇ INFO    ┇    DeepKNLP.gner.trainer ┇ [training]  35%|██████▉             |  495/1428 [0:03:49<0:06:55, 2.25Hz] | epoch=4.16, loss=0.138900
[02.13 17:02:09] ┇ INFO    ┇    DeepKNLP.gner.trainer ┇ [training]  35%|███████             |  500/1428 [0:03:50<0:06:53, 2.25Hz] | epoch=4.20, loss=0.104600
[02.13 17:02:11] ┇ INFO    ┇    DeepKNLP.gner.trainer ┇ [training]  35%|███████             |  505/1428 [0:03:52<0:06:50, 2.25Hz] | epoch=4.24, loss=0.110400
[02.13 17:02:13] ┇ INFO    ┇    DeepKNLP.gner.trainer ┇ [training]  36%|███████▏            |  510/1428 [0:03:53<0:06:48, 2.25Hz] | epoch=4.29, loss=0.113200
[02.13 17:02:14] ┇ INFO    ┇    DeepKNLP.gner.trainer ┇ [training]  36%|███████▏            |  515/1428 [0:03:55<0:06:46, 2.25Hz] | epoch=4.33, loss=0.143800
[02.13 17:02:16] ┇ INFO    ┇    DeepKNLP.gner.trainer ┇ [training]  36%|███████▎            |  520/1428 [0:03:56<0:06:44, 2.25Hz] | epoch=4.37, loss=0.124200
[02.13 17:02:17] ┇ INFO    ┇    DeepKNLP.gner.trainer ┇ [training]  37%|███████▎            |  525/1428 [0:03:58<0:06:41, 2.25Hz] | epoch=4.41, loss=0.168000
[02.13 17:02:19] ┇ INFO    ┇    DeepKNLP.gner.trainer ┇ [training]  37%|███████▍            |  530/1428 [0:04:00<0:06:16, 2.39Hz] | epoch=4.45, loss=0.133100
[02.13 17:02:20] ┇ INFO    ┇    DeepKNLP.gner.trainer ┇ [training]  37%|███████▍            |  535/1428 [0:04:01<0:06:13, 2.39Hz] | epoch=4.50, loss=0.132500
[02.13 17:02:21] ┇ INFO    ┇    DeepKNLP.gner.trainer ┇ [checking]   6%|█                   |  1/18 [0:00:00<0:00:00, 91397.84Hz]
[02.13 17:02:29] ┇ INFO    ┇    DeepKNLP.gner.trainer ┇ [checking] 100%|████████████████████| 18/18 [0:00:06<0:00:00, 2.98Hz]
[02.13 17:02:29] ┇ INFO    ┇    DeepKNLP.gner.trainer ┇ [training]  38%|███████▌            |  536/1428 [0:04:09<0:06:38, 2.24Hz] | epoch=4.50, eval_average=0.5965
[02.13 17:02:30] ┇ INFO    ┇    DeepKNLP.gner.trainer ┇ [training]  38%|███████▌            |  540/1428 [0:04:11<0:06:37, 2.24Hz] | epoch=4.54, loss=0.107000
[02.13 17:02:31] ┇ INFO    ┇    DeepKNLP.gner.trainer ┇ [training]  38%|███████▋            |  545/1428 [0:04:12<0:06:35, 2.24Hz] | epoch=4.58, loss=0.114600
[02.13 17:02:33] ┇ INFO    ┇    DeepKNLP.gner.trainer ┇ [training]  39%|███████▋            |  550/1428 [0:04:14<0:06:32, 2.24Hz] | epoch=4.62, loss=0.132700
[02.13 17:02:35] ┇ INFO    ┇    DeepKNLP.gner.trainer ┇ [training]  39%|███████▊            |  555/1428 [0:04:15<0:06:30, 2.24Hz] | epoch=4.66, loss=0.071500
[02.13 17:02:36] ┇ INFO    ┇    DeepKNLP.gner.trainer ┇ [training]  39%|███████▊            |  560/1428 [0:04:17<0:06:28, 2.24Hz] | epoch=4.71, loss=0.109100
[02.13 17:02:38] ┇ INFO    ┇    DeepKNLP.gner.trainer ┇ [training]  40%|███████▉            |  565/1428 [0:04:18<0:06:26, 2.24Hz] | epoch=4.75, loss=0.101700
[02.13 17:02:39] ┇ INFO    ┇    DeepKNLP.gner.trainer ┇ [training]  40%|███████▉            |  570/1428 [0:04:20<0:06:23, 2.24Hz] | epoch=4.79, loss=0.101100
[02.13 17:02:41] ┇ INFO    ┇    DeepKNLP.gner.trainer ┇ [training]  40%|████████            |  575/1428 [0:04:22<0:06:21, 2.23Hz] | epoch=4.83, loss=0.097500
[02.13 17:02:42] ┇ INFO    ┇    DeepKNLP.gner.trainer ┇ [training]  41%|████████            |  580/1428 [0:04:23<0:06:19, 2.24Hz] | epoch=4.87, loss=0.085200
[02.13 17:02:44] ┇ INFO    ┇    DeepKNLP.gner.trainer ┇ [training]  41%|████████▏           |  585/1428 [0:04:25<0:06:17, 2.24Hz] | epoch=4.92, loss=0.114400
[02.13 17:02:45] ┇ INFO    ┇    DeepKNLP.gner.trainer ┇ [training]  41%|████████▎           |  590/1428 [0:04:26<0:05:52, 2.38Hz] | epoch=4.96, loss=0.145100
[02.13 17:02:47] ┇ INFO    ┇    DeepKNLP.gner.trainer ┇ [training]  42%|████████▎           |  595/1428 [0:04:28<0:05:49, 2.38Hz] | epoch=5.00, loss=0.125300
[02.13 17:02:47] ┇ INFO    ┇    DeepKNLP.gner.trainer ┇ [checking]   6%|█                   |  1/18 [0:00:00<0:00:00, 96075.68Hz]
[02.13 17:02:55] ┇ INFO    ┇    DeepKNLP.gner.trainer ┇ [checking] 100%|████████████████████| 18/18 [0:00:06<0:00:00, 2.96Hz]
[02.13 17:02:55] ┇ INFO    ┇    DeepKNLP.gner.trainer ┇ [training]  42%|████████▎           |  595/1428 [0:04:28<0:05:49, 2.38Hz] | epoch=5.00, eval_average=0.5784
[02.13 17:02:57] ┇ INFO    ┇    DeepKNLP.gner.trainer ┇ [training]  42%|████████▍           |  600/1428 [0:04:38<0:06:10, 2.23Hz] | epoch=5.04, loss=0.108100
[02.13 17:02:58] ┇ INFO    ┇    DeepKNLP.gner.trainer ┇ [training]  42%|████████▍           |  605/1428 [0:04:39<0:06:08, 2.23Hz] | epoch=5.08, loss=0.110700
[02.13 17:03:00] ┇ INFO    ┇    DeepKNLP.gner.trainer ┇ [training]  43%|████████▌           |  610/1428 [0:04:41<0:06:06, 2.23Hz] | epoch=5.13, loss=0.092300
[02.13 17:03:02] ┇ INFO    ┇    DeepKNLP.gner.trainer ┇ [training]  43%|████████▌           |  615/1428 [0:04:42<0:06:04, 2.23Hz] | epoch=5.17, loss=0.090000
[02.13 17:03:03] ┇ INFO    ┇    DeepKNLP.gner.trainer ┇ [training]  43%|████████▋           |  620/1428 [0:04:44<0:06:01, 2.23Hz] | epoch=5.21, loss=0.088100
[02.13 17:03:05] ┇ INFO    ┇    DeepKNLP.gner.trainer ┇ [training]  44%|████████▊           |  625/1428 [0:04:45<0:05:58, 2.24Hz] | epoch=5.25, loss=0.080700
[02.13 17:03:06] ┇ INFO    ┇    DeepKNLP.gner.trainer ┇ [training]  44%|████████▊           |  630/1428 [0:04:47<0:05:56, 2.24Hz] | epoch=5.29, loss=0.082600
[02.13 17:03:08] ┇ INFO    ┇    DeepKNLP.gner.trainer ┇ [training]  44%|████████▉           |  635/1428 [0:04:49<0:05:53, 2.24Hz] | epoch=5.34, loss=0.070700
[02.13 17:03:09] ┇ INFO    ┇    DeepKNLP.gner.trainer ┇ [training]  45%|████████▉           |  640/1428 [0:04:50<0:05:51, 2.24Hz] | epoch=5.38, loss=0.087600
[02.13 17:03:11] ┇ INFO    ┇    DeepKNLP.gner.trainer ┇ [training]  45%|█████████           |  645/1428 [0:04:52<0:05:49, 2.24Hz] | epoch=5.42, loss=0.086100
[02.13 17:03:13] ┇ INFO    ┇    DeepKNLP.gner.trainer ┇ [training]  46%|█████████           |  650/1428 [0:04:53<0:05:46, 2.24Hz] | epoch=5.46, loss=0.095800
[02.13 17:03:14] ┇ INFO    ┇    DeepKNLP.gner.trainer ┇ [checking]   6%|█                   |  1/18 [0:00:00<0:00:00, 100199.87Hz]
[02.13 17:03:22] ┇ INFO    ┇    DeepKNLP.gner.trainer ┇ [checking] 100%|████████████████████| 18/18 [0:00:06<0:00:00, 2.95Hz]
[02.13 17:03:22] ┇ INFO    ┇    DeepKNLP.gner.trainer ┇ [training]  46%|█████████▏          |  654/1428 [0:05:03<0:05:44, 2.24Hz] | epoch=5.50, eval_average=0.6618
[02.13 17:03:22] ┇ INFO    ┇    DeepKNLP.gner.trainer ┇ [training]  46%|█████████▏          |  655/1428 [0:05:03<0:05:45, 2.24Hz] | epoch=5.50, loss=0.093300
[02.13 17:03:24] ┇ INFO    ┇    DeepKNLP.gner.trainer ┇ [training]  46%|█████████▏          |  660/1428 [0:05:04<0:05:42, 2.24Hz] | epoch=5.55, loss=0.110400
[02.13 17:03:25] ┇ INFO    ┇    DeepKNLP.gner.trainer ┇ [training]  47%|█████████▎          |  665/1428 [0:05:06<0:05:40, 2.24Hz] | epoch=5.59, loss=0.082600
[02.13 17:03:27] ┇ INFO    ┇    DeepKNLP.gner.trainer ┇ [training]  47%|█████████▍          |  670/1428 [0:05:07<0:05:38, 2.24Hz] | epoch=5.63, loss=0.102300
[02.13 17:03:28] ┇ INFO    ┇    DeepKNLP.gner.trainer ┇ [training]  47%|█████████▍          |  675/1428 [0:05:09<0:05:36, 2.24Hz] | epoch=5.67, loss=0.097800
[02.13 17:03:30] ┇ INFO    ┇    DeepKNLP.gner.trainer ┇ [training]  48%|█████████▌          |  680/1428 [0:05:11<0:05:33, 2.24Hz] | epoch=5.71, loss=0.107100
[02.13 17:03:31] ┇ INFO    ┇    DeepKNLP.gner.trainer ┇ [training]  48%|█████████▌          |  685/1428 [0:05:12<0:05:31, 2.24Hz] | epoch=5.76, loss=0.096600
[02.13 17:03:33] ┇ INFO    ┇    DeepKNLP.gner.trainer ┇ [training]  48%|█████████▋          |  690/1428 [0:05:14<0:05:29, 2.24Hz] | epoch=5.80, loss=0.122000
[02.13 17:03:35] ┇ INFO    ┇    DeepKNLP.gner.trainer ┇ [training]  49%|█████████▋          |  695/1428 [0:05:15<0:05:27, 2.24Hz] | epoch=5.84, loss=0.071500
[02.13 17:03:36] ┇ INFO    ┇    DeepKNLP.gner.trainer ┇ [training]  49%|█████████▊          |  700/1428 [0:05:17<0:05:25, 2.24Hz] | epoch=5.88, loss=0.087700
[02.13 17:03:38] ┇ INFO    ┇    DeepKNLP.gner.trainer ┇ [training]  49%|█████████▊          |  705/1428 [0:05:18<0:05:22, 2.24Hz] | epoch=5.92, loss=0.074300
[02.13 17:03:39] ┇ INFO    ┇    DeepKNLP.gner.trainer ┇ [training]  50%|█████████▉          |  710/1428 [0:05:20<0:05:20, 2.24Hz] | epoch=5.97, loss=0.089300
[02.13 17:03:41] ┇ INFO    ┇    DeepKNLP.gner.trainer ┇ [checking]   6%|█                   |  1/18 [0:00:00<0:00:00, 96524.80Hz]
[02.13 17:03:49] ┇ INFO    ┇    DeepKNLP.gner.trainer ┇ [checking] 100%|████████████████████| 18/18 [0:00:06<0:00:00, 2.63Hz]
[02.13 17:03:49] ┇ INFO    ┇    DeepKNLP.gner.trainer ┇ [training]  50%|██████████          |  714/1428 [0:05:30<0:05:20, 2.23Hz] | epoch=6.00, eval_average=0.6397
[02.13 17:03:50] ┇ INFO    ┇    DeepKNLP.gner.trainer ┇ [training]  50%|██████████          |  715/1428 [0:05:30<0:05:21, 2.22Hz] | epoch=6.01, loss=0.076700
[02.13 17:03:51] ┇ INFO    ┇    DeepKNLP.gner.trainer ┇ [training]  50%|██████████          |  720/1428 [0:05:32<0:05:18, 2.22Hz] | epoch=6.05, loss=0.075800
[02.13 17:03:53] ┇ INFO    ┇    DeepKNLP.gner.trainer ┇ [training]  51%|██████████▏         |  725/1428 [0:05:33<0:05:16, 2.22Hz] | epoch=6.09, loss=0.098800
[02.13 17:03:54] ┇ INFO    ┇    DeepKNLP.gner.trainer ┇ [training]  51%|██████████▏         |  730/1428 [0:05:35<0:05:14, 2.22Hz] | epoch=6.13, loss=0.078200
[02.13 17:03:56] ┇ INFO    ┇    DeepKNLP.gner.trainer ┇ [training]  51%|██████████▎         |  735/1428 [0:05:36<0:05:12, 2.22Hz] | epoch=6.18, loss=0.091800
[02.13 17:03:57] ┇ INFO    ┇    DeepKNLP.gner.trainer ┇ [training]  52%|██████████▎         |  740/1428 [0:05:38<0:05:09, 2.22Hz] | epoch=6.22, loss=0.091200
[02.13 17:03:59] ┇ INFO    ┇    DeepKNLP.gner.trainer ┇ [training]  52%|██████████▍         |  745/1428 [0:05:40<0:05:07, 2.22Hz] | epoch=6.26, loss=0.070800
[02.13 17:04:00] ┇ INFO    ┇    DeepKNLP.gner.trainer ┇ [training]  53%|██████████▌         |  750/1428 [0:05:41<0:05:05, 2.22Hz] | epoch=6.30, loss=0.078400
[02.13 17:04:02] ┇ INFO    ┇    DeepKNLP.gner.trainer ┇ [training]  53%|██████████▌         |  755/1428 [0:05:43<0:05:03, 2.22Hz] | epoch=6.34, loss=0.086100
[02.13 17:04:04] ┇ INFO    ┇    DeepKNLP.gner.trainer ┇ [training]  53%|██████████▋         |  760/1428 [0:05:44<0:05:00, 2.22Hz] | epoch=6.39, loss=0.059400
[02.13 17:04:05] ┇ INFO    ┇    DeepKNLP.gner.trainer ┇ [training]  54%|██████████▋         |  765/1428 [0:05:46<0:04:58, 2.22Hz] | epoch=6.43, loss=0.070000
[02.13 17:04:07] ┇ INFO    ┇    DeepKNLP.gner.trainer ┇ [training]  54%|██████████▊         |  770/1428 [0:05:47<0:04:56, 2.22Hz] | epoch=6.47, loss=0.081400
[02.13 17:04:08] ┇ INFO    ┇    DeepKNLP.gner.trainer ┇ [checking]   6%|█                   |  1/18 [0:00:00<0:00:00, 86956.74Hz]
[02.13 17:04:16] ┇ INFO    ┇    DeepKNLP.gner.trainer ┇ [checking] 100%|████████████████████| 18/18 [0:00:05<0:00:00, 3.11Hz]
[02.13 17:04:16] ┇ INFO    ┇    DeepKNLP.gner.trainer ┇ [training]  54%|██████████▊         |  774/1428 [0:05:56<0:04:53, 2.23Hz] | epoch=6.50, eval_average=0.6254
[02.13 17:04:16] ┇ INFO    ┇    DeepKNLP.gner.trainer ┇ [training]  54%|██████████▊         |  775/1428 [0:05:57<0:04:53, 2.22Hz] | epoch=6.51, loss=0.058700
[02.13 17:04:17] ┇ INFO    ┇    DeepKNLP.gner.trainer ┇ [training]  55%|██████████▉         |  780/1428 [0:05:58<0:04:51, 2.22Hz] | epoch=6.55, loss=0.091000
[02.13 17:04:19] ┇ INFO    ┇    DeepKNLP.gner.trainer ┇ [training]  55%|██████████▉         |  785/1428 [0:06:00<0:04:49, 2.22Hz] | epoch=6.60, loss=0.107800
[02.13 17:04:21] ┇ INFO    ┇    DeepKNLP.gner.trainer ┇ [training]  55%|███████████         |  790/1428 [0:06:01<0:04:47, 2.22Hz] | epoch=6.64, loss=0.087000
[02.13 17:04:22] ┇ INFO    ┇    DeepKNLP.gner.trainer ┇ [training]  56%|███████████▏        |  795/1428 [0:06:03<0:04:44, 2.22Hz] | epoch=6.68, loss=0.051800
[02.13 17:04:24] ┇ INFO    ┇    DeepKNLP.gner.trainer ┇ [training]  56%|███████████▏        |  800/1428 [0:06:04<0:04:42, 2.22Hz] | epoch=6.72, loss=0.075100
[02.13 17:04:25] ┇ INFO    ┇    DeepKNLP.gner.trainer ┇ [training]  56%|███████████▎        |  805/1428 [0:06:06<0:04:40, 2.22Hz] | epoch=6.76, loss=0.091800
[02.13 17:04:27] ┇ INFO    ┇    DeepKNLP.gner.trainer ┇ [training]  57%|███████████▎        |  810/1428 [0:06:08<0:04:37, 2.22Hz] | epoch=6.81, loss=0.075200
[02.13 17:04:28] ┇ INFO    ┇    DeepKNLP.gner.trainer ┇ [training]  57%|███████████▍        |  815/1428 [0:06:09<0:04:35, 2.22Hz] | epoch=6.85, loss=0.060000
[02.13 17:04:30] ┇ INFO    ┇    DeepKNLP.gner.trainer ┇ [training]  57%|███████████▍        |  820/1428 [0:06:11<0:04:33, 2.22Hz] | epoch=6.89, loss=0.072500
[02.13 17:04:31] ┇ INFO    ┇    DeepKNLP.gner.trainer ┇ [training]  58%|███████████▌        |  825/1428 [0:06:12<0:04:31, 2.22Hz] | epoch=6.93, loss=0.037500
[02.13 17:04:33] ┇ INFO    ┇    DeepKNLP.gner.trainer ┇ [training]  58%|███████████▌        |  830/1428 [0:06:14<0:04:28, 2.22Hz] | epoch=6.97, loss=0.129100
[02.13 17:04:34] ┇ INFO    ┇    DeepKNLP.gner.trainer ┇ [checking]   6%|█                   |  1/18 [0:00:00<0:00:00, 90260.75Hz]
[02.13 17:04:42] ┇ INFO    ┇    DeepKNLP.gner.trainer ┇ [checking] 100%|████████████████████| 18/18 [0:00:06<0:00:00, 2.90Hz]
[02.13 17:04:42] ┇ INFO    ┇    DeepKNLP.gner.trainer ┇ [training]  58%|███████████▋        |  833/1428 [0:06:23<0:04:27, 2.23Hz] | epoch=7.00, eval_average=0.6715
[02.13 17:04:43] ┇ INFO    ┇    DeepKNLP.gner.trainer ┇ [training]  58%|███████████▋        |  835/1428 [0:06:23<0:04:27, 2.22Hz] | epoch=7.02, loss=0.094600
[02.13 17:04:44] ┇ INFO    ┇    DeepKNLP.gner.trainer ┇ [training]  59%|███████████▊        |  840/1428 [0:06:25<0:04:24, 2.22Hz] | epoch=7.06, loss=0.037000
[02.13 17:04:46] ┇ INFO    ┇    DeepKNLP.gner.trainer ┇ [training]  59%|███████████▊        |  845/1428 [0:06:27<0:04:22, 2.22Hz] | epoch=7.10, loss=0.050000
[02.13 17:04:47] ┇ INFO    ┇    DeepKNLP.gner.trainer ┇ [training]  60%|███████████▉        |  850/1428 [0:06:28<0:04:20, 2.22Hz] | epoch=7.14, loss=0.075000
[02.13 17:04:49] ┇ INFO    ┇    DeepKNLP.gner.trainer ┇ [training]  60%|███████████▉        |  855/1428 [0:06:30<0:04:17, 2.22Hz] | epoch=7.18, loss=0.055300
[02.13 17:04:50] ┇ INFO    ┇    DeepKNLP.gner.trainer ┇ [training]  60%|████████████        |  860/1428 [0:06:31<0:04:15, 2.22Hz] | epoch=7.23, loss=0.071800
[02.13 17:04:52] ┇ INFO    ┇    DeepKNLP.gner.trainer ┇ [training]  61%|████████████        |  865/1428 [0:06:33<0:04:13, 2.22Hz] | epoch=7.27, loss=0.072400
[02.13 17:04:54] ┇ INFO    ┇    DeepKNLP.gner.trainer ┇ [training]  61%|████████████▏       |  870/1428 [0:06:34<0:04:11, 2.22Hz] | epoch=7.31, loss=0.120000
[02.13 17:04:55] ┇ INFO    ┇    DeepKNLP.gner.trainer ┇ [training]  61%|████████████▎       |  875/1428 [0:06:36<0:04:08, 2.22Hz] | epoch=7.35, loss=0.129100
[02.13 17:04:57] ┇ INFO    ┇    DeepKNLP.gner.trainer ┇ [training]  62%|████████████▎       |  880/1428 [0:06:37<0:04:06, 2.22Hz] | epoch=7.39, loss=0.067200
[02.13 17:04:58] ┇ INFO    ┇    DeepKNLP.gner.trainer ┇ [training]  62%|████████████▍       |  885/1428 [0:06:39<0:04:04, 2.22Hz] | epoch=7.44, loss=0.082600
[02.13 17:05:00] ┇ INFO    ┇    DeepKNLP.gner.trainer ┇ [training]  62%|████████████▍       |  890/1428 [0:06:41<0:04:02, 2.22Hz] | epoch=7.48, loss=0.068400
[02.13 17:05:01] ┇ INFO    ┇    DeepKNLP.gner.trainer ┇ [checking]   6%|█                   |  1/18 [0:00:00<0:00:00, 85244.67Hz]
[02.13 17:05:09] ┇ INFO    ┇    DeepKNLP.gner.trainer ┇ [checking] 100%|████████████████████| 18/18 [0:00:06<0:00:00, 2.98Hz]
[02.13 17:05:09] ┇ INFO    ┇    DeepKNLP.gner.trainer ┇ [training]  62%|████████████▍       |  892/1428 [0:06:49<0:04:01, 2.22Hz] | epoch=7.50, eval_average=0.6476
[02.13 17:05:10] ┇ INFO    ┇    DeepKNLP.gner.trainer ┇ [training]  63%|████████████▌       |  895/1428 [0:06:50<0:04:00, 2.21Hz] | epoch=7.52, loss=0.078900
[02.13 17:05:11] ┇ INFO    ┇    DeepKNLP.gner.trainer ┇ [training]  63%|████████████▌       |  900/1428 [0:06:52<0:03:58, 2.21Hz] | epoch=7.56, loss=0.076900
[02.13 17:05:13] ┇ INFO    ┇    DeepKNLP.gner.trainer ┇ [training]  63%|████████████▋       |  905/1428 [0:06:53<0:03:56, 2.21Hz] | epoch=7.61, loss=0.076000
[02.13 17:05:14] ┇ INFO    ┇    DeepKNLP.gner.trainer ┇ [training]  64%|████████████▋       |  910/1428 [0:06:55<0:03:54, 2.21Hz] | epoch=7.65, loss=0.051800
[02.13 17:05:16] ┇ INFO    ┇    DeepKNLP.gner.trainer ┇ [training]  64%|████████████▊       |  915/1428 [0:06:57<0:03:51, 2.21Hz] | epoch=7.69, loss=0.089500
[02.13 17:05:17] ┇ INFO    ┇    DeepKNLP.gner.trainer ┇ [training]  64%|████████████▉       |  920/1428 [0:06:58<0:03:49, 2.21Hz] | epoch=7.73, loss=0.085800
[02.13 17:05:19] ┇ INFO    ┇    DeepKNLP.gner.trainer ┇ [training]  65%|████████████▉       |  925/1428 [0:07:00<0:03:47, 2.21Hz] | epoch=7.77, loss=0.100700
[02.13 17:05:20] ┇ INFO    ┇    DeepKNLP.gner.trainer ┇ [training]  65%|█████████████       |  930/1428 [0:07:01<0:03:45, 2.21Hz] | epoch=7.82, loss=0.074700
[02.13 17:05:22] ┇ INFO    ┇    DeepKNLP.gner.trainer ┇ [training]  65%|█████████████       |  935/1428 [0:07:03<0:03:42, 2.21Hz] | epoch=7.86, loss=0.057300
[02.13 17:05:24] ┇ INFO    ┇    DeepKNLP.gner.trainer ┇ [training]  66%|█████████████▏      |  940/1428 [0:07:04<0:03:40, 2.21Hz] | epoch=7.90, loss=0.039600
[02.13 17:05:25] ┇ INFO    ┇    DeepKNLP.gner.trainer ┇ [training]  66%|█████████████▏      |  945/1428 [0:07:06<0:03:24, 2.36Hz] | epoch=7.94, loss=0.058600
[02.13 17:05:27] ┇ INFO    ┇    DeepKNLP.gner.trainer ┇ [training]  67%|█████████████▎      |  950/1428 [0:07:07<0:03:21, 2.37Hz] | epoch=7.98, loss=0.061100
[02.13 17:05:28] ┇ INFO    ┇    DeepKNLP.gner.trainer ┇ [checking]   6%|█                   |  1/18 [0:00:00<0:00:00, 88185.10Hz]
[02.13 17:05:35] ┇ INFO    ┇    DeepKNLP.gner.trainer ┇ [checking] 100%|████████████████████| 18/18 [0:00:06<0:00:00, 2.94Hz]
[02.13 17:05:35] ┇ INFO    ┇    DeepKNLP.gner.trainer ┇ [training]  67%|█████████████▎      |  952/1428 [0:07:16<0:03:34, 2.22Hz] | epoch=8.00, eval_average=0.6494
[02.13 17:05:37] ┇ INFO    ┇    DeepKNLP.gner.trainer ┇ [training]  67%|█████████████▍      |  955/1428 [0:07:17<0:03:34, 2.21Hz] | epoch=8.03, loss=0.080500
[02.13 17:05:38] ┇ INFO    ┇    DeepKNLP.gner.trainer ┇ [training]  67%|█████████████▍      |  960/1428 [0:07:19<0:03:32, 2.21Hz] | epoch=8.07, loss=0.066100
[02.13 17:05:40] ┇ INFO    ┇    DeepKNLP.gner.trainer ┇ [training]  68%|█████████████▌      |  965/1428 [0:07:20<0:03:29, 2.21Hz] | epoch=8.11, loss=0.044000
[02.13 17:05:41] ┇ INFO    ┇    DeepKNLP.gner.trainer ┇ [training]  68%|█████████████▌      |  970/1428 [0:07:22<0:03:27, 2.21Hz] | epoch=8.15, loss=0.040100
[02.13 17:05:43] ┇ INFO    ┇    DeepKNLP.gner.trainer ┇ [training]  68%|█████████████▋      |  975/1428 [0:07:24<0:03:25, 2.21Hz] | epoch=8.19, loss=0.118200
[02.13 17:05:44] ┇ INFO    ┇    DeepKNLP.gner.trainer ┇ [training]  69%|█████████████▋      |  980/1428 [0:07:25<0:03:22, 2.21Hz] | epoch=8.23, loss=0.042600
[02.13 17:05:46] ┇ INFO    ┇    DeepKNLP.gner.trainer ┇ [training]  69%|█████████████▊      |  985/1428 [0:07:27<0:03:20, 2.21Hz] | epoch=8.28, loss=0.052800
[02.13 17:05:47] ┇ INFO    ┇    DeepKNLP.gner.trainer ┇ [training]  69%|█████████████▊      |  990/1428 [0:07:28<0:03:18, 2.21Hz] | epoch=8.32, loss=0.058100
[02.13 17:05:49] ┇ INFO    ┇    DeepKNLP.gner.trainer ┇ [training]  70%|█████████████▉      |  995/1428 [0:07:30<0:03:16, 2.21Hz] | epoch=8.36, loss=0.047300
[02.13 17:05:51] ┇ INFO    ┇    DeepKNLP.gner.trainer ┇ [training]  70%|██████████████      | 1000/1428 [0:07:31<0:03:13, 2.21Hz] | epoch=8.40, loss=0.070400
[02.13 17:05:52] ┇ INFO    ┇    DeepKNLP.gner.trainer ┇ [training]  70%|██████████████      | 1005/1428 [0:07:33<0:02:58, 2.37Hz] | epoch=8.45, loss=0.094700
[02.13 17:05:54] ┇ INFO    ┇    DeepKNLP.gner.trainer ┇ [training]  71%|██████████████▏     | 1010/1428 [0:07:34<0:02:55, 2.38Hz] | epoch=8.49, loss=0.053500
[02.13 17:05:55] ┇ INFO    ┇    DeepKNLP.gner.trainer ┇ [checking]   6%|█                   |  1/18 [0:00:00<0:00:00, 96144.50Hz]
[02.13 17:06:02] ┇ INFO    ┇    DeepKNLP.gner.trainer ┇ [checking] 100%|████████████████████| 18/18 [0:00:06<0:00:00, 2.94Hz]
[02.13 17:06:02] ┇ INFO    ┇    DeepKNLP.gner.trainer ┇ [training]  71%|██████████████▏     | 1012/1428 [0:07:43<0:03:06, 2.22Hz] | epoch=8.50, eval_average=0.6288
[02.13 17:06:03] ┇ INFO    ┇    DeepKNLP.gner.trainer ┇ [training]  71%|██████████████▏     | 1015/1428 [0:07:44<0:03:06, 2.22Hz] | epoch=8.53, loss=0.098700
[02.13 17:06:05] ┇ INFO    ┇    DeepKNLP.gner.trainer ┇ [training]  71%|██████████████▎     | 1020/1428 [0:07:46<0:03:03, 2.22Hz] | epoch=8.57, loss=0.075600
[02.13 17:06:06] ┇ INFO    ┇    DeepKNLP.gner.trainer ┇ [training]  72%|██████████████▎     | 1025/1428 [0:07:47<0:03:01, 2.22Hz] | epoch=8.61, loss=0.058100
[02.13 17:06:08] ┇ INFO    ┇    DeepKNLP.gner.trainer ┇ [training]  72%|██████████████▍     | 1030/1428 [0:07:49<0:02:59, 2.22Hz] | epoch=8.65, loss=0.050900
[02.13 17:06:09] ┇ INFO    ┇    DeepKNLP.gner.trainer ┇ [training]  72%|██████████████▍     | 1035/1428 [0:07:50<0:02:57, 2.22Hz] | epoch=8.70, loss=0.105900
[02.13 17:06:11] ┇ INFO    ┇    DeepKNLP.gner.trainer ┇ [training]  73%|██████████████▌     | 1040/1428 [0:07:52<0:02:54, 2.22Hz] | epoch=8.74, loss=0.105700
[02.13 17:06:13] ┇ INFO    ┇    DeepKNLP.gner.trainer ┇ [training]  73%|██████████████▋     | 1045/1428 [0:07:53<0:02:52, 2.22Hz] | epoch=8.78, loss=0.051900
[02.13 17:06:14] ┇ INFO    ┇    DeepKNLP.gner.trainer ┇ [training]  74%|██████████████▋     | 1050/1428 [0:07:55<0:02:50, 2.22Hz] | epoch=8.82, loss=0.064300
[02.13 17:06:16] ┇ INFO    ┇    DeepKNLP.gner.trainer ┇ [training]  74%|██████████████▊     | 1055/1428 [0:07:56<0:02:48, 2.22Hz] | epoch=8.87, loss=0.027000
[02.13 17:06:17] ┇ INFO    ┇    DeepKNLP.gner.trainer ┇ [training]  74%|██████████████▊     | 1060/1428 [0:07:58<0:02:45, 2.22Hz] | epoch=8.91, loss=0.062500
[02.13 17:06:19] ┇ INFO    ┇    DeepKNLP.gner.trainer ┇ [training]  75%|██████████████▉     | 1065/1428 [0:08:00<0:02:33, 2.36Hz] | epoch=8.95, loss=0.072000
[02.13 17:06:20] ┇ INFO    ┇    DeepKNLP.gner.trainer ┇ [training]  75%|██████████████▉     | 1070/1428 [0:08:01<0:02:31, 2.37Hz] | epoch=8.99, loss=0.055200
[02.13 17:06:21] ┇ INFO    ┇    DeepKNLP.gner.trainer ┇ [checking]   6%|█                   |  1/18 [0:00:00<0:00:00, 69077.57Hz]
[02.13 17:06:29] ┇ INFO    ┇    DeepKNLP.gner.trainer ┇ [checking] 100%|████████████████████| 18/18 [0:00:06<0:00:00, 2.92Hz]
[02.13 17:06:29] ┇ INFO    ┇    DeepKNLP.gner.trainer ┇ [training]  75%|███████████████     | 1071/1428 [0:08:09<0:02:41, 2.22Hz] | epoch=9.00, eval_average=0.6393
[02.13 17:06:30] ┇ INFO    ┇    DeepKNLP.gner.trainer ┇ [training]  75%|███████████████     | 1075/1428 [0:08:11<0:02:39, 2.21Hz] | epoch=9.03, loss=0.033200
[02.13 17:06:32] ┇ INFO    ┇    DeepKNLP.gner.trainer ┇ [training]  76%|███████████████▏    | 1080/1428 [0:08:12<0:02:37, 2.21Hz] | epoch=9.08, loss=0.023900
[02.13 17:06:33] ┇ INFO    ┇    DeepKNLP.gner.trainer ┇ [training]  76%|███████████████▏    | 1085/1428 [0:08:14<0:02:34, 2.21Hz] | epoch=9.12, loss=0.059300
[02.13 17:06:35] ┇ INFO    ┇    DeepKNLP.gner.trainer ┇ [training]  76%|███████████████▎    | 1090/1428 [0:08:15<0:02:32, 2.21Hz] | epoch=9.16, loss=0.052500
[02.13 17:06:36] ┇ INFO    ┇    DeepKNLP.gner.trainer ┇ [training]  77%|███████████████▎    | 1095/1428 [0:08:17<0:02:30, 2.21Hz] | epoch=9.20, loss=0.085300
[02.13 17:06:38] ┇ INFO    ┇    DeepKNLP.gner.trainer ┇ [training]  77%|███████████████▍    | 1100/1428 [0:08:19<0:02:28, 2.21Hz] | epoch=9.24, loss=0.085300
[02.13 17:06:39] ┇ INFO    ┇    DeepKNLP.gner.trainer ┇ [training]  77%|███████████████▍    | 1105/1428 [0:08:20<0:02:25, 2.21Hz] | epoch=9.29, loss=0.037200
[02.13 17:06:41] ┇ INFO    ┇    DeepKNLP.gner.trainer ┇ [training]  78%|███████████████▌    | 1110/1428 [0:08:22<0:02:23, 2.21Hz] | epoch=9.33, loss=0.035000
[02.13 17:06:42] ┇ INFO    ┇    DeepKNLP.gner.trainer ┇ [training]  78%|███████████████▌    | 1115/1428 [0:08:23<0:02:21, 2.21Hz] | epoch=9.37, loss=0.021600
[02.13 17:06:44] ┇ INFO    ┇    DeepKNLP.gner.trainer ┇ [training]  78%|███████████████▋    | 1120/1428 [0:08:25<0:02:19, 2.21Hz] | epoch=9.41, loss=0.067000
[02.13 17:06:46] ┇ INFO    ┇    DeepKNLP.gner.trainer ┇ [training]  79%|███████████████▊    | 1125/1428 [0:08:26<0:02:08, 2.36Hz] | epoch=9.45, loss=0.060000
[02.13 17:06:47] ┇ INFO    ┇    DeepKNLP.gner.trainer ┇ [training]  79%|███████████████▊    | 1130/1428 [0:08:28<0:02:05, 2.37Hz] | epoch=9.50, loss=0.058100
[02.13 17:06:48] ┇ INFO    ┇    DeepKNLP.gner.trainer ┇ [checking]   6%|█                   |  1/18 [0:00:00<0:00:00, 93891.38Hz]
[02.13 17:06:55] ┇ INFO    ┇    DeepKNLP.gner.trainer ┇ [checking] 100%|████████████████████| 18/18 [0:00:06<0:00:00, 2.98Hz]
[02.13 17:06:55] ┇ INFO    ┇    DeepKNLP.gner.trainer ┇ [training]  79%|███████████████▊    | 1130/1428 [0:08:28<0:02:05, 2.37Hz] | epoch=9.50, eval_average=0.6429
[02.13 17:06:57] ┇ INFO    ┇    DeepKNLP.gner.trainer ┇ [training]  79%|███████████████▉    | 1135/1428 [0:08:37<0:02:11, 2.23Hz] | epoch=9.54, loss=0.071800
[02.13 17:06:58] ┇ INFO    ┇    DeepKNLP.gner.trainer ┇ [training]  80%|███████████████▉    | 1140/1428 [0:08:39<0:02:09, 2.23Hz] | epoch=9.58, loss=0.076600
[02.13 17:07:00] ┇ INFO    ┇    DeepKNLP.gner.trainer ┇ [training]  80%|████████████████    | 1145/1428 [0:08:41<0:02:07, 2.23Hz] | epoch=9.62, loss=0.070300
[02.13 17:07:01] ┇ INFO    ┇    DeepKNLP.gner.trainer ┇ [training]  81%|████████████████    | 1150/1428 [0:08:42<0:02:04, 2.23Hz] | epoch=9.66, loss=0.095500
[02.13 17:07:03] ┇ INFO    ┇    DeepKNLP.gner.trainer ┇ [training]  81%|████████████████▏   | 1155/1428 [0:08:44<0:02:02, 2.23Hz] | epoch=9.71, loss=0.042200
[02.13 17:07:04] ┇ INFO    ┇    DeepKNLP.gner.trainer ┇ [training]  81%|████████████████▏   | 1160/1428 [0:08:45<0:02:00, 2.23Hz] | epoch=9.75, loss=0.050500
[02.13 17:07:06] ┇ INFO    ┇    DeepKNLP.gner.trainer ┇ [training]  82%|████████████████▎   | 1165/1428 [0:08:47<0:01:58, 2.23Hz] | epoch=9.79, loss=0.048000
[02.13 17:07:08] ┇ INFO    ┇    DeepKNLP.gner.trainer ┇ [training]  82%|████████████████▍   | 1170/1428 [0:08:48<0:01:55, 2.23Hz] | epoch=9.83, loss=0.054500
[02.13 17:07:09] ┇ INFO    ┇    DeepKNLP.gner.trainer ┇ [training]  82%|████████████████▍   | 1175/1428 [0:08:50<0:01:53, 2.23Hz] | epoch=9.87, loss=0.041300
[02.13 17:07:11] ┇ INFO    ┇    DeepKNLP.gner.trainer ┇ [training]  83%|████████████████▌   | 1180/1428 [0:08:51<0:01:51, 2.23Hz] | epoch=9.92, loss=0.081400
[02.13 17:07:12] ┇ INFO    ┇    DeepKNLP.gner.trainer ┇ [training]  83%|████████████████▌   | 1185/1428 [0:08:53<0:01:49, 2.23Hz] | epoch=9.96, loss=0.061300
[02.13 17:07:14] ┇ INFO    ┇    DeepKNLP.gner.trainer ┇ [training]  83%|████████████████▋   | 1190/1428 [0:08:55<0:01:39, 2.38Hz] | epoch=10.00, loss=0.065800
[02.13 17:07:14] ┇ INFO    ┇    DeepKNLP.gner.trainer ┇ [checking]   6%|█                   |  1/18 [0:00:00<0:00:00, 91211.50Hz]
[02.13 17:07:22] ┇ INFO    ┇    DeepKNLP.gner.trainer ┇ [checking] 100%|████████████████████| 18/18 [0:00:06<0:00:00, 2.95Hz]
[02.13 17:07:22] ┇ INFO    ┇    DeepKNLP.gner.trainer ┇ [training]  83%|████████████████▋   | 1190/1428 [0:08:55<0:01:39, 2.38Hz] | epoch=10.00, eval_average=0.6744
[02.13 17:07:24] ┇ INFO    ┇    DeepKNLP.gner.trainer ┇ [training]  84%|████████████████▋   | 1195/1428 [0:09:04<0:01:44, 2.24Hz] | epoch=10.04, loss=0.034400
[02.13 17:07:25] ┇ INFO    ┇    DeepKNLP.gner.trainer ┇ [training]  84%|████████████████▊   | 1200/1428 [0:09:06<0:01:41, 2.24Hz] | epoch=10.08, loss=0.044400
[02.13 17:07:27] ┇ INFO    ┇    DeepKNLP.gner.trainer ┇ [training]  84%|████████████████▉   | 1205/1428 [0:09:07<0:01:39, 2.24Hz] | epoch=10.13, loss=0.043600
[02.13 17:07:28] ┇ INFO    ┇    DeepKNLP.gner.trainer ┇ [training]  85%|████████████████▉   | 1210/1428 [0:09:09<0:01:37, 2.24Hz] | epoch=10.17, loss=0.046700
[02.13 17:07:30] ┇ INFO    ┇    DeepKNLP.gner.trainer ┇ [training]  85%|█████████████████   | 1215/1428 [0:09:11<0:01:35, 2.24Hz] | epoch=10.21, loss=0.065100
[02.13 17:07:31] ┇ INFO    ┇    DeepKNLP.gner.trainer ┇ [training]  85%|█████████████████   | 1220/1428 [0:09:12<0:01:32, 2.24Hz] | epoch=10.25, loss=0.039000
[02.13 17:07:33] ┇ INFO    ┇    DeepKNLP.gner.trainer ┇ [training]  86%|█████████████████▏  | 1225/1428 [0:09:14<0:01:30, 2.24Hz] | epoch=10.29, loss=0.038400
[02.13 17:07:35] ┇ INFO    ┇    DeepKNLP.gner.trainer ┇ [training]  86%|█████████████████▏  | 1230/1428 [0:09:15<0:01:28, 2.24Hz] | epoch=10.34, loss=0.083300
[02.13 17:07:36] ┇ INFO    ┇    DeepKNLP.gner.trainer ┇ [training]  86%|█████████████████▎  | 1235/1428 [0:09:17<0:01:26, 2.24Hz] | epoch=10.38, loss=0.037000
[02.13 17:07:38] ┇ INFO    ┇    DeepKNLP.gner.trainer ┇ [training]  87%|█████████████████▎  | 1240/1428 [0:09:18<0:01:23, 2.24Hz] | epoch=10.42, loss=0.039500
[02.13 17:07:39] ┇ INFO    ┇    DeepKNLP.gner.trainer ┇ [training]  87%|█████████████████▍  | 1245/1428 [0:09:20<0:01:21, 2.24Hz] | epoch=10.46, loss=0.054100
[02.13 17:07:41] ┇ INFO    ┇    DeepKNLP.gner.trainer ┇ [training]  88%|█████████████████▌  | 1250/1428 [0:09:21<0:01:19, 2.24Hz] | epoch=10.50, loss=0.047700
[02.13 17:07:41] ┇ INFO    ┇    DeepKNLP.gner.trainer ┇ [checking]   6%|█                   |  1/18 [0:00:00<0:00:00, 88563.33Hz]
[02.13 17:07:49] ┇ INFO    ┇    DeepKNLP.gner.trainer ┇ [checking] 100%|████████████████████| 18/18 [0:00:06<0:00:00, 2.97Hz]
[02.13 17:07:49] ┇ INFO    ┇    DeepKNLP.gner.trainer ┇ [training]  88%|█████████████████▌  | 1250/1428 [0:09:21<0:01:19, 2.24Hz] | epoch=10.50, eval_average=0.6624
[02.13 17:07:51] ┇ INFO    ┇    DeepKNLP.gner.trainer ┇ [training]  88%|█████████████████▌  | 1255/1428 [0:09:31<0:01:17, 2.24Hz] | epoch=10.55, loss=0.052200
[02.13 17:07:52] ┇ INFO    ┇    DeepKNLP.gner.trainer ┇ [training]  88%|█████████████████▋  | 1260/1428 [0:09:33<0:01:14, 2.25Hz] | epoch=10.59, loss=0.065100
[02.13 17:07:54] ┇ INFO    ┇    DeepKNLP.gner.trainer ┇ [training]  89%|█████████████████▋  | 1265/1428 [0:09:35<0:01:12, 2.25Hz] | epoch=10.63, loss=0.061700
[02.13 17:07:55] ┇ INFO    ┇    DeepKNLP.gner.trainer ┇ [training]  89%|█████████████████▊  | 1270/1428 [0:09:36<0:01:10, 2.25Hz] | epoch=10.67, loss=0.074900
[02.13 17:07:57] ┇ INFO    ┇    DeepKNLP.gner.trainer ┇ [training]  89%|█████████████████▊  | 1275/1428 [0:09:38<0:01:08, 2.25Hz] | epoch=10.71, loss=0.058800
[02.13 17:07:59] ┇ INFO    ┇    DeepKNLP.gner.trainer ┇ [training]  90%|█████████████████▉  | 1280/1428 [0:09:39<0:01:05, 2.25Hz] | epoch=10.76, loss=0.058800
[02.13 17:08:00] ┇ INFO    ┇    DeepKNLP.gner.trainer ┇ [training]  90%|█████████████████▉  | 1285/1428 [0:09:41<0:01:03, 2.25Hz] | epoch=10.80, loss=0.087800
[02.13 17:08:02] ┇ INFO    ┇    DeepKNLP.gner.trainer ┇ [training]  90%|██████████████████  | 1290/1428 [0:09:42<0:01:01, 2.25Hz] | epoch=10.84, loss=0.075800
[02.13 17:08:03] ┇ INFO    ┇    DeepKNLP.gner.trainer ┇ [training]  91%|██████████████████▏ | 1295/1428 [0:09:44<0:00:59, 2.25Hz] | epoch=10.88, loss=0.055100
[02.13 17:08:05] ┇ INFO    ┇    DeepKNLP.gner.trainer ┇ [training]  91%|██████████████████▏ | 1300/1428 [0:09:45<0:00:56, 2.25Hz] | epoch=10.92, loss=0.040900
[02.13 17:08:06] ┇ INFO    ┇    DeepKNLP.gner.trainer ┇ [training]  91%|██████████████████▎ | 1305/1428 [0:09:47<0:00:54, 2.25Hz] | epoch=10.97, loss=0.045500
[02.13 17:08:08] ┇ INFO    ┇    DeepKNLP.gner.trainer ┇ [checking]   6%|█                   |  1/18 [0:00:00<0:00:00, 90534.72Hz]
[02.13 17:08:15] ┇ INFO    ┇    DeepKNLP.gner.trainer ┇ [checking] 100%|████████████████████| 18/18 [0:00:06<0:00:00, 2.98Hz]
[02.13 17:08:15] ┇ INFO    ┇    DeepKNLP.gner.trainer ┇ [training]  92%|██████████████████▎ | 1309/1428 [0:09:56<0:00:56, 2.12Hz] | epoch=11.00, eval_average=0.6413
[02.13 17:08:16] ┇ INFO    ┇    DeepKNLP.gner.trainer ┇ [training]  92%|██████████████████▎ | 1310/1428 [0:09:57<0:00:55, 2.11Hz] | epoch=11.01, loss=0.039400
[02.13 17:08:17] ┇ INFO    ┇    DeepKNLP.gner.trainer ┇ [training]  92%|██████████████████▍ | 1315/1428 [0:09:58<0:00:50, 2.24Hz] | epoch=11.05, loss=0.035800
[02.13 17:08:19] ┇ INFO    ┇    DeepKNLP.gner.trainer ┇ [training]  92%|██████████████████▍ | 1320/1428 [0:10:00<0:00:48, 2.25Hz] | epoch=11.09, loss=0.030500
[02.13 17:08:20] ┇ INFO    ┇    DeepKNLP.gner.trainer ┇ [training]  93%|██████████████████▌ | 1325/1428 [0:10:01<0:00:45, 2.25Hz] | epoch=11.13, loss=0.047800
[02.13 17:08:22] ┇ INFO    ┇    DeepKNLP.gner.trainer ┇ [training]  93%|██████████████████▋ | 1330/1428 [0:10:03<0:00:43, 2.25Hz] | epoch=11.18, loss=0.068300
[02.13 17:08:24] ┇ INFO    ┇    DeepKNLP.gner.trainer ┇ [training]  93%|██████████████████▋ | 1335/1428 [0:10:04<0:00:41, 2.25Hz] | epoch=11.22, loss=0.083500
[02.13 17:08:25] ┇ INFO    ┇    DeepKNLP.gner.trainer ┇ [training]  94%|██████████████████▊ | 1340/1428 [0:10:06<0:00:39, 2.25Hz] | epoch=11.26, loss=0.057500
[02.13 17:08:27] ┇ INFO    ┇    DeepKNLP.gner.trainer ┇ [training]  94%|██████████████████▊ | 1345/1428 [0:10:07<0:00:36, 2.25Hz] | epoch=11.30, loss=0.042900
[02.13 17:08:28] ┇ INFO    ┇    DeepKNLP.gner.trainer ┇ [training]  95%|██████████████████▉ | 1350/1428 [0:10:09<0:00:34, 2.25Hz] | epoch=11.35, loss=0.036100
[02.13 17:08:30] ┇ INFO    ┇    DeepKNLP.gner.trainer ┇ [training]  95%|██████████████████▉ | 1355/1428 [0:10:11<0:00:32, 2.25Hz] | epoch=11.39, loss=0.021700
[02.13 17:08:31] ┇ INFO    ┇    DeepKNLP.gner.trainer ┇ [training]  95%|███████████████████ | 1360/1428 [0:10:12<0:00:30, 2.25Hz] | epoch=11.43, loss=0.043400
[02.13 17:08:33] ┇ INFO    ┇    DeepKNLP.gner.trainer ┇ [training]  96%|███████████████████ | 1365/1428 [0:10:14<0:00:28, 2.25Hz] | epoch=11.47, loss=0.064100
[02.13 17:08:34] ┇ INFO    ┇    DeepKNLP.gner.trainer ┇ [checking]   6%|█                   |  1/18 [0:00:00<0:00:00, 89777.74Hz]
[02.13 17:08:42] ┇ INFO    ┇    DeepKNLP.gner.trainer ┇ [checking] 100%|████████████████████| 18/18 [0:00:06<0:00:00, 2.94Hz]
[02.13 17:08:42] ┇ INFO    ┇    DeepKNLP.gner.trainer ┇ [training]  96%|███████████████████▏| 1368/1428 [0:10:23<0:00:28, 2.12Hz] | epoch=11.50, eval_average=0.6397
[02.13 17:08:42] ┇ INFO    ┇    DeepKNLP.gner.trainer ┇ [training]  96%|███████████████████▏| 1370/1428 [0:10:23<0:00:27, 2.11Hz] | epoch=11.51, loss=0.071500
[02.13 17:08:44] ┇ INFO    ┇    DeepKNLP.gner.trainer ┇ [training]  96%|███████████████████▎| 1375/1428 [0:10:25<0:00:23, 2.25Hz] | epoch=11.55, loss=0.046100
[02.13 17:08:46] ┇ INFO    ┇    DeepKNLP.gner.trainer ┇ [training]  97%|███████████████████▎| 1380/1428 [0:10:26<0:00:21, 2.25Hz] | epoch=11.60, loss=0.031300
[02.13 17:08:47] ┇ INFO    ┇    DeepKNLP.gner.trainer ┇ [training]  97%|███████████████████▍| 1385/1428 [0:10:28<0:00:19, 2.25Hz] | epoch=11.64, loss=0.041100
[02.13 17:08:49] ┇ INFO    ┇    DeepKNLP.gner.trainer ┇ [training]  97%|███████████████████▍| 1390/1428 [0:10:29<0:00:16, 2.25Hz] | epoch=11.68, loss=0.033100
[02.13 17:08:50] ┇ INFO    ┇    DeepKNLP.gner.trainer ┇ [training]  98%|███████████████████▌| 1395/1428 [0:10:31<0:00:14, 2.25Hz] | epoch=11.72, loss=0.048500
[02.13 17:08:52] ┇ INFO    ┇    DeepKNLP.gner.trainer ┇ [training]  98%|███████████████████▌| 1400/1428 [0:10:33<0:00:12, 2.25Hz] | epoch=11.77, loss=0.057700
[02.13 17:08:53] ┇ INFO    ┇    DeepKNLP.gner.trainer ┇ [training]  98%|███████████████████▋| 1405/1428 [0:10:34<0:00:10, 2.25Hz] | epoch=11.81, loss=0.047000
[02.13 17:08:55] ┇ INFO    ┇    DeepKNLP.gner.trainer ┇ [training]  99%|███████████████████▋| 1410/1428 [0:10:36<0:00:08, 2.25Hz] | epoch=11.85, loss=0.033100
[02.13 17:08:56] ┇ INFO    ┇    DeepKNLP.gner.trainer ┇ [training]  99%|███████████████████▊| 1415/1428 [0:10:37<0:00:05, 2.25Hz] | epoch=11.89, loss=0.031300
[02.13 17:08:58] ┇ INFO    ┇    DeepKNLP.gner.trainer ┇ [training]  99%|███████████████████▉| 1420/1428 [0:10:39<0:00:03, 2.25Hz] | epoch=11.93, loss=0.042400
[02.13 17:09:00] ┇ INFO    ┇    DeepKNLP.gner.trainer ┇ [training] 100%|███████████████████▉| 1425/1428 [0:10:40<0:00:01, 2.25Hz] | epoch=11.97, loss=0.059400
[02.13 17:09:01] ┇ INFO    ┇    DeepKNLP.gner.trainer ┇ [checking]   6%|█                   |  1/18 [0:00:00<0:00:00, 90018.60Hz]
[02.13 17:09:09] ┇ INFO    ┇    DeepKNLP.gner.trainer ┇ [checking] 100%|████████████████████| 18/18 [0:00:06<0:00:00, 2.95Hz]
[02.13 17:09:09] ┇ INFO    ┇    DeepKNLP.gner.trainer ┇ [training] 100%|████████████████████| 1428/1428 [0:10:49<0:00:00, 2.12Hz] | epoch=12.00, eval_average=0.6624
[02.13 17:09:09] ┇ INFO    ┇    DeepKNLP.gner.trainer ┇ [training] 100%|████████████████████| 1428/1428 [0:10:49<0:00:00, 2.12Hz] | epoch=12.00, train_loss=0.1554, total_pflos=52.127
[02.13 17:09:09] ┇ INFO    ┇    DeepKNLP.gner.trainer ┇ -----------------------------------------------------------------------------------------------------------------------------------------
[02.13 17:09:09] ┇ INFO    ┇                 DeepKNLP ┇ Train output metrics: {'train_runtime': 649.7591, 'train_samples_per_second': 69.847, 'train_steps_per_second': 2.198, 'total_flos': 5.212711673239962e+16, 'train_loss': 0.15537449425342037, 'epoch': 12.0}
[02.13 17:09:09] ┇ INFO    ┇           chrisbase.data ┇ =========================================================================================================================================
[02.13 17:09:09] ┇ INFO    ┇           chrisbase.data ┇ [EXIT] python task2-nerG-trainer.py --local_rank=0 --trainer_deepspeed configs/deepspeed/ds2_t5.json --run_version FlanT5-1B-WQ=1 --pretrained google/flan-t5-large --eval_epochs 0.5 --logging_steps 5 --num_train_epochs 12 --per_device_eval_batch_size 50 --per_device_train_batch_size 8 --gradient_accumulation_steps 1 --generation_max_length 640 --eval_file data/gner/each-sampled-WQ=1/crossner_literature-dev=100-WQ=1.jsonl --train_file data/gner/each-WQ=1/crossner_literature-train-WQ=1.jsonl --output_file train-metrics-crossner_literature-12ep.csv --logging_file train-loggings-crossner_literature-12ep.out --no_use_flash_attention --no_debugging ($=00:11:28.167)
[02.13 17:09:09] ┇ INFO    ┇           chrisbase.data ┇ =========================================================================================================================================
[02.13 17:09:11] ┇ INFO    ┇ torch._inductor.remote_cache ┇ Cache Metrics: None

[02.13 17:09:11] ┇ INFO    ┇ torch._dynamo.eval_frame ┇ TorchDynamo attempted to trace the following frames: [

]
[02.13 17:09:11] ┇ INFO    ┇      torch._dynamo.utils ┇ TorchDynamo compilation metrics:
Function    Runtimes (s)
----------  --------------
[02.13 17:09:11] ┇ INFO    ┇ torch._subclasses.fake_tensor ┇ FakeTensor cache stats:
[02.13 17:09:11] ┇ INFO    ┇ torch._subclasses.fake_tensor ┇   cache_hits: 0
[02.13 17:09:11] ┇ INFO    ┇ torch._subclasses.fake_tensor ┇   cache_misses: 0
[02.13 17:09:13] ┇ INFO    ┇ torch._inductor.remote_cache ┇ Cache Metrics: None

[02.13 17:09:13] ┇ INFO    ┇ torch._dynamo.eval_frame ┇ TorchDynamo attempted to trace the following frames: [

]
[02.13 17:09:13] ┇ INFO    ┇      torch._dynamo.utils ┇ TorchDynamo compilation metrics:
Function    Runtimes (s)
----------  --------------
[02.13 17:09:14] ┇ INFO    ┇ torch._subclasses.fake_tensor ┇ FakeTensor cache stats:
[02.13 17:09:14] ┇ INFO    ┇ torch._subclasses.fake_tensor ┇   cache_hits: 0
[02.13 17:09:14] ┇ INFO    ┇ torch._subclasses.fake_tensor ┇   cache_misses: 0
[02.13 17:09:14] ┇ INFO    ┇ torch._inductor.remote_cache ┇ Cache Metrics: None

[02.13 17:09:14] ┇ INFO    ┇ torch._dynamo.eval_frame ┇ TorchDynamo attempted to trace the following frames: [

]
[02.13 17:09:14] ┇ INFO    ┇      torch._dynamo.utils ┇ TorchDynamo compilation metrics:
Function    Runtimes (s)
----------  --------------
[02.13 17:09:14] ┇ INFO    ┇ torch._subclasses.fake_tensor ┇ FakeTensor cache stats:
[02.13 17:09:14] ┇ INFO    ┇ torch._subclasses.fake_tensor ┇   cache_hits: 0
[02.13 17:09:14] ┇ INFO    ┇ torch._subclasses.fake_tensor ┇   cache_misses: 0
[02.13 17:09:14] ┇ INFO    ┇ torch._inductor.remote_cache ┇ Cache Metrics: None

[02.13 17:09:14] ┇ INFO    ┇ torch._dynamo.eval_frame ┇ TorchDynamo attempted to trace the following frames: [

]
[02.13 17:09:14] ┇ INFO    ┇      torch._dynamo.utils ┇ TorchDynamo compilation metrics:
Function    Runtimes (s)
----------  --------------
[02.13 17:09:14] ┇ INFO    ┇ torch._subclasses.fake_tensor ┇ FakeTensor cache stats:
[02.13 17:09:14] ┇ INFO    ┇ torch._subclasses.fake_tensor ┇   cache_hits: 0
[02.13 17:09:14] ┇ INFO    ┇ torch._subclasses.fake_tensor ┇   cache_misses: 0
