[03.19 06:52:56] ┇ INFO     ┇          lightning.fabric.utilities.seed ┇ [rank: 0] Seed set to 7
[03.19 06:52:56] ┇ INFO     ┇                           chrisbase.data ┇ =========================================================================================================================================
[03.19 06:52:56] ┇ INFO     ┇                           chrisbase.data ┇ [INIT] python /raid/chrisjihee/proj/DeepKNLP-24.03/2-ner.py train
[03.19 06:52:56] ┇ INFO     ┇                           chrisbase.data ┇ =========================================================================================================================================
[03.19 06:52:57] ┇ INFO     ┇                           chrisbase.data ┇ -----+---------------------------------+-------------------------------------------------------------------------------------------------------------------------------------------
[03.19 06:52:57] ┇ INFO     ┇                           chrisbase.data ┇    # | TrainerArguments                | value
[03.19 06:52:57] ┇ INFO     ┇                           chrisbase.data ┇ -----+---------------------------------+-------------------------------------------------------------------------------------------------------------------------------------------
[03.19 06:52:57] ┇ INFO     ┇                           chrisbase.data ┇    1 | tag                             | train
[03.19 06:52:57] ┇ INFO     ┇                           chrisbase.data ┇    2 | env.project                     | DeepKNLP
[03.19 06:52:57] ┇ INFO     ┇                           chrisbase.data ┇    3 | env.job_name                    | KPF-BERT
[03.19 06:52:57] ┇ INFO     ┇                           chrisbase.data ┇    4 | env.job_version                 | 0
[03.19 06:52:57] ┇ INFO     ┇                           chrisbase.data ┇    5 | env.hostname                    | dgx-a100
[03.19 06:52:57] ┇ INFO     ┇                           chrisbase.data ┇    6 | env.hostaddr                    | 129.254.23.12
[03.19 06:52:57] ┇ INFO     ┇                           chrisbase.data ┇    7 | env.time_stamp                  | 0319.065251
[03.19 06:52:57] ┇ INFO     ┇                           chrisbase.data ┇    8 | env.python_path                 | /raid/chrisjihee/miniforge3/envs/DeepKNLP-24.03/bin/python
[03.19 06:52:57] ┇ INFO     ┇                           chrisbase.data ┇    9 | env.current_dir                 | /raid/chrisjihee/proj/DeepKNLP-24.03
[03.19 06:52:57] ┇ INFO     ┇                           chrisbase.data ┇   10 | env.current_file                | /raid/chrisjihee/proj/DeepKNLP-24.03/2-ner.py
[03.19 06:52:57] ┇ INFO     ┇                           chrisbase.data ┇   11 | env.working_dir                 | /raid/chrisjihee/proj/DeepKNLP-24.03
[03.19 06:52:57] ┇ INFO     ┇                           chrisbase.data ┇   12 | env.command_args                | ['train']
[03.19 06:52:57] ┇ INFO     ┇                           chrisbase.data ┇   13 | env.num_ip_addrs                | 1
[03.19 06:52:57] ┇ INFO     ┇                           chrisbase.data ┇   14 | env.max_workers                 | 1
[03.19 06:52:57] ┇ INFO     ┇                           chrisbase.data ┇   15 | env.debugging                   | False
[03.19 06:52:57] ┇ INFO     ┇                           chrisbase.data ┇   16 | env.msg_level                   | 20
[03.19 06:52:57] ┇ INFO     ┇                           chrisbase.data ┇   17 | env.msg_format                  | %(asctime)s ┇ %(levelname)-8s ┇ %(name)40s ┇ %(message)s
[03.19 06:52:57] ┇ INFO     ┇                           chrisbase.data ┇   18 | env.date_format                 | [%m.%d %H:%M:%S]
[03.19 06:52:57] ┇ INFO     ┇                           chrisbase.data ┇   19 | env.output_home                 | finetuning/klue-ner/train=KPF-BERT=dgx-a100/version_0
[03.19 06:52:57] ┇ INFO     ┇                           chrisbase.data ┇   20 | env.logging_file                | logging.out
[03.19 06:52:57] ┇ INFO     ┇                           chrisbase.data ┇   21 | env.argument_file               | arguments.json
[03.19 06:52:57] ┇ INFO     ┇                           chrisbase.data ┇   22 | time.started                    | [03.19 06:52:57]
[03.19 06:52:57] ┇ INFO     ┇                           chrisbase.data ┇   23 | time.settled                    |
[03.19 06:52:57] ┇ INFO     ┇                           chrisbase.data ┇   24 | time.elapsed                    |
[03.19 06:52:57] ┇ INFO     ┇                           chrisbase.data ┇   25 | prog.tb_logger                  | <lightning.fabric.loggers.tensorboard.TensorBoardLogger object at 0x7f20542305d0>
[03.19 06:52:57] ┇ INFO     ┇                           chrisbase.data ┇   26 | prog.csv_logger                 | <lightning.fabric.loggers.csv_logs.CSVLogger object at 0x7f2054261a90>
[03.19 06:52:57] ┇ INFO     ┇                           chrisbase.data ┇   27 | prog.world_size                 | 1
[03.19 06:52:57] ┇ INFO     ┇                           chrisbase.data ┇   28 | prog.local_rank                 | 0
[03.19 06:52:57] ┇ INFO     ┇                           chrisbase.data ┇   29 | prog.global_rank                | 0
[03.19 06:52:57] ┇ INFO     ┇                           chrisbase.data ┇   30 | prog.global_step                | 0
[03.19 06:52:57] ┇ INFO     ┇                           chrisbase.data ┇   31 | prog.global_epoch               | 0.0
[03.19 06:52:57] ┇ INFO     ┇                           chrisbase.data ┇   32 | data.name                       | klue-ner
[03.19 06:52:57] ┇ INFO     ┇                           chrisbase.data ┇   33 | data.home                       | /raid/chrisjihee/proj/DeepKNLP-24.03/data
[03.19 06:52:57] ┇ INFO     ┇                           chrisbase.data ┇   34 | data.files                      | {'train': 'train.jsonl', 'valid': 'valid.jsonl', 'test': 'valid.jsonl'}
[03.19 06:52:57] ┇ INFO     ┇                           chrisbase.data ┇   35 | data.caching                    | False
[03.19 06:52:57] ┇ INFO     ┇                           chrisbase.data ┇   36 | data.redownload                 | False
[03.19 06:52:57] ┇ INFO     ┇                           chrisbase.data ┇   37 | data.num_check                  | 0
[03.19 06:52:57] ┇ INFO     ┇                           chrisbase.data ┇   38 | model.pretrained                | pretrained/KPF-BERT
[03.19 06:52:57] ┇ INFO     ┇                           chrisbase.data ┇   39 | model.finetuning                | /raid/chrisjihee/proj/DeepKNLP-24.03/finetuning
[03.19 06:52:57] ┇ INFO     ┇                           chrisbase.data ┇   40 | model.name                      |
[03.19 06:52:57] ┇ INFO     ┇                           chrisbase.data ┇   41 | model.seq_len                   | 64
[03.19 06:52:57] ┇ INFO     ┇                           chrisbase.data ┇   42 | hardware.cpu_workers            | 10
[03.19 06:52:57] ┇ INFO     ┇                           chrisbase.data ┇   43 | hardware.train_batch            | 50
[03.19 06:52:57] ┇ INFO     ┇                           chrisbase.data ┇   44 | hardware.infer_batch            | 50
[03.19 06:52:57] ┇ INFO     ┇                           chrisbase.data ┇   45 | hardware.accelerator            | cuda
[03.19 06:52:57] ┇ INFO     ┇                           chrisbase.data ┇   46 | hardware.precision              | 16-mixed
[03.19 06:52:57] ┇ INFO     ┇                           chrisbase.data ┇   47 | hardware.strategy               | ddp
[03.19 06:52:57] ┇ INFO     ┇                           chrisbase.data ┇   48 | hardware.devices                | [0]
[03.19 06:52:57] ┇ INFO     ┇                           chrisbase.data ┇   49 | printing.print_rate_on_training | 0.05
[03.19 06:52:57] ┇ INFO     ┇                           chrisbase.data ┇   50 | printing.print_rate_on_validate | 0.5
[03.19 06:52:57] ┇ INFO     ┇                           chrisbase.data ┇   51 | printing.print_rate_on_evaluate | 0.5
[03.19 06:52:57] ┇ INFO     ┇                           chrisbase.data ┇   52 | printing.print_step_on_training | -1
[03.19 06:52:57] ┇ INFO     ┇                           chrisbase.data ┇   53 | printing.print_step_on_validate | -1
[03.19 06:52:57] ┇ INFO     ┇                           chrisbase.data ┇   54 | printing.print_step_on_evaluate | -1
[03.19 06:52:57] ┇ INFO     ┇                           chrisbase.data ┇   55 | printing.tag_format_on_training | st={step:d}, ep={epoch:.2f}, loss={loss:06.4f}, acc={acc:06.4f}
[03.19 06:52:57] ┇ INFO     ┇                           chrisbase.data ┇   56 | printing.tag_format_on_validate | st={step:d}, ep={epoch:.2f}, val_loss={val_loss:06.4f}, val_acc={val_acc:06.4f}, val_F1c={val_F1c:05.2f}, val_F1e={val_F1e:05.2f}
[03.19 06:52:57] ┇ INFO     ┇                           chrisbase.data ┇   57 | printing.tag_format_on_evaluate | st={step:d}, ep={epoch:.2f}, test_loss={test_loss:06.4f}, test_acc={test_acc:06.4f}, test_F1c={test_F1c:05.2f}, test_F1e={test_F1e:05.2f}
[03.19 06:52:57] ┇ INFO     ┇                           chrisbase.data ┇   58 | learning.random_seed            | 7
[03.19 06:52:57] ┇ INFO     ┇                           chrisbase.data ┇   59 | learning.optimizer_cls          | AdamW
[03.19 06:52:57] ┇ INFO     ┇                           chrisbase.data ┇   60 | learning.learning_rate          | 5e-05
[03.19 06:52:57] ┇ INFO     ┇                           chrisbase.data ┇   61 | learning.saving_mode            | max val_F1c
[03.19 06:52:57] ┇ INFO     ┇                           chrisbase.data ┇   62 | learning.num_saving             | 1
[03.19 06:52:57] ┇ INFO     ┇                           chrisbase.data ┇   63 | learning.num_epochs             | 3
[03.19 06:52:57] ┇ INFO     ┇                           chrisbase.data ┇   64 | learning.log_text               | False
[03.19 06:52:57] ┇ INFO     ┇                           chrisbase.data ┇   65 | learning.check_rate_on_training | 0.1
[03.19 06:52:57] ┇ INFO     ┇                           chrisbase.data ┇   66 | learning.name_format_on_saving  | ep={epoch:.1f}, loss={val_loss:06.4f}, acc={val_acc:06.4f}, F1c={val_F1c:05.2f}, F1e={val_F1e:05.2f}
[03.19 06:52:57] ┇ INFO     ┇                           chrisbase.data ┇ -----+---------------------------------+-------------------------------------------------------------------------------------------------------------------------------------------
[03.19 06:52:57] ┇ INFO     ┇                             DeepKNLP.ner ┇ Extracting labels from /raid/chrisjihee/proj/DeepKNLP-24.03/data/klue-ner/train.jsonl
[03.19 06:53:18] ┇ INFO     ┇                             DeepKNLP.ner ┇ Saved 13 labels to /raid/chrisjihee/proj/DeepKNLP-24.03/finetuning/klue-ner/train=KPF-BERT=dgx-a100/label_map.txt
[03.19 06:53:21] ┇ INFO     ┇                                 __main__ ┇ === [after-model] =======================================================================================================================
[03.19 06:53:21] ┇ INFO     ┇                             DeepKNLP.ner ┇ Creating features from /raid/chrisjihee/proj/DeepKNLP-24.03/data/klue-ner/train.jsonl
[03.19 06:53:43] ┇ INFO     ┇                             DeepKNLP.ner ┇ Loaded 20999 examples from /raid/chrisjihee/proj/DeepKNLP-24.03/data/klue-ner/train.jsonl
[03.19 06:53:43] ┇ INFO     ┇                             DeepKNLP.ner ┇ Loaded 13 labels from /raid/chrisjihee/proj/DeepKNLP-24.03/finetuning/klue-ner/train=KPF-BERT=dgx-a100/label_map.txt
[03.19 06:53:49] ┇ INFO     ┇                             DeepKNLP.ner ┇ =========================================================================================================================================
[03.19 06:53:49] ┇ INFO     ┇                             DeepKNLP.ner ┇ Converted 20999 raw examples to 20999 encoded examples
[03.19 06:53:49] ┇ INFO     ┇                                 __main__ ┇ Created train_dataset providing 20999 examples
[03.19 06:53:49] ┇ INFO     ┇                                 __main__ ┇ Created train_dataloader providing 420 batches
[03.19 06:53:49] ┇ INFO     ┇                                 __main__ ┇ === [after-train_dataloader] ============================================================================================================
[03.19 06:53:49] ┇ INFO     ┇                             DeepKNLP.ner ┇ Creating features from /raid/chrisjihee/proj/DeepKNLP-24.03/data/klue-ner/valid.jsonl
[03.19 06:53:55] ┇ INFO     ┇                             DeepKNLP.ner ┇ Loaded 4996 examples from /raid/chrisjihee/proj/DeepKNLP-24.03/data/klue-ner/valid.jsonl
[03.19 06:53:55] ┇ INFO     ┇                             DeepKNLP.ner ┇ Loaded 13 labels from /raid/chrisjihee/proj/DeepKNLP-24.03/finetuning/klue-ner/train=KPF-BERT=dgx-a100/label_map.txt
[03.19 06:53:57] ┇ INFO     ┇                             DeepKNLP.ner ┇ =========================================================================================================================================
[03.19 06:53:57] ┇ INFO     ┇                             DeepKNLP.ner ┇ Converted 4996 raw examples to 4996 encoded examples
[03.19 06:53:57] ┇ INFO     ┇                                 __main__ ┇ Created val_dataset providing 4996 examples
[03.19 06:53:57] ┇ INFO     ┇                                 __main__ ┇ Created val_dataloader providing 100 batches
[03.19 06:53:57] ┇ INFO     ┇                                 __main__ ┇ === [after-val_dataloader] ==============================================================================================================
[03.19 06:53:59] ┇ INFO     ┇                                 __main__ ┇ (Ep 0.05) training:   5%|█▌                            | 21/420 [00:02<00:22, 17.44x50b/s] | st=21, ep=0.05, loss=0.3806, acc=0.0000
[03.19 06:54:00] ┇ INFO     ┇                                 __main__ ┇ (Ep 0.10) training:  10%|███                           | 42/420 [00:03<00:19, 19.58x50b/s] | st=42, ep=0.10, loss=0.1891, acc=0.4468
[03.19 06:54:02] ┇ INFO     ┇                                 __main__ ┇ (Ep 0.10) checking:  50%|█████     | 50/100 [00:01<00:01, 38.60x50b/s]
[03.19 06:54:19] ┇ INFO     ┇                                 __main__ ┇ (Ep 0.10) checking: 100%|██████████| 100/100 [00:19<00:00, 39.98x50b/s] | st=42, ep=0.10, val_loss=0.1731, val_acc=0.6472, val_F1c=52.20, val_F1e=35.32
[03.19 06:54:19] ┇ INFO     ┇                                 __main__ ┇ --- [after-check] -----------------------------------------------------------------------------------------------------------------------
[03.19 06:54:21] ┇ INFO     ┇                                 __main__ ┇ (Ep 0.15) training:  15%|████▌                         | 63/420 [00:24<00:48,  7.44x50b/s] | st=63, ep=0.15, loss=0.0794, acc=0.8047
[03.19 06:54:22] ┇ INFO     ┇                                 __main__ ┇ (Ep 0.20) training:  20%|██████                        | 84/420 [00:25<00:17, 18.87x50b/s] | st=84, ep=0.20, loss=0.0465, acc=0.8603
[03.19 06:54:24] ┇ INFO     ┇                                 __main__ ┇ (Ep 0.20) checking:  50%|█████     | 50/100 [00:01<00:01, 38.30x50b/s]
[03.19 06:54:41] ┇ INFO     ┇                                 __main__ ┇ (Ep 0.20) checking: 100%|██████████| 100/100 [00:18<00:00, 38.05x50b/s] | st=84, ep=0.20, val_loss=0.0600, val_acc=0.9045, val_F1c=87.84, val_F1e=78.17
[03.19 06:54:41] ┇ INFO     ┇                                 __main__ ┇ --- [after-check] -----------------------------------------------------------------------------------------------------------------------
[03.19 06:54:43] ┇ INFO     ┇                                 __main__ ┇ (Ep 0.25) training:  25%|███████▌                      | 105/420 [00:46<00:42,  7.46x50b/s] | st=105, ep=0.25, loss=0.0429, acc=0.8798
[03.19 06:54:44] ┇ INFO     ┇                                 __main__ ┇ (Ep 0.30) training:  30%|█████████                     | 126/420 [00:47<00:15, 18.76x50b/s] | st=126, ep=0.30, loss=0.0474, acc=0.8938
[03.19 06:54:46] ┇ INFO     ┇                                 __main__ ┇ (Ep 0.30) checking:  50%|█████     | 50/100 [00:01<00:01, 38.55x50b/s]
[03.19 06:55:03] ┇ INFO     ┇                                 __main__ ┇ (Ep 0.30) checking: 100%|██████████| 100/100 [00:19<00:00, 39.82x50b/s] | st=126, ep=0.30, val_loss=0.0473, val_acc=0.9246, val_F1c=91.64, val_F1e=82.74
[03.19 06:55:03] ┇ INFO     ┇                                 __main__ ┇ --- [after-check] -----------------------------------------------------------------------------------------------------------------------
[03.19 06:55:05] ┇ INFO     ┇                                 __main__ ┇ (Ep 0.35) training:  35%|██████████▌                   | 147/420 [01:08<00:37,  7.32x50b/s] | st=147, ep=0.35, loss=0.0560, acc=0.9160
[03.19 06:55:06] ┇ INFO     ┇                                 __main__ ┇ (Ep 0.40) training:  40%|████████████                  | 168/420 [01:09<00:13, 18.41x50b/s] | st=168, ep=0.40, loss=0.0335, acc=0.9088
[03.19 06:55:08] ┇ INFO     ┇                                 __main__ ┇ (Ep 0.40) checking:  50%|█████     | 50/100 [00:01<00:01, 38.30x50b/s]
[03.19 06:55:24] ┇ INFO     ┇                                 __main__ ┇ (Ep 0.40) checking: 100%|██████████| 100/100 [00:18<00:00, 39.97x50b/s] | st=168, ep=0.40, val_loss=0.0433, val_acc=0.9135, val_F1c=91.81, val_F1e=84.46
[03.19 06:55:24] ┇ INFO     ┇                                 __main__ ┇ --- [after-check] -----------------------------------------------------------------------------------------------------------------------
[03.19 06:55:26] ┇ INFO     ┇                                 __main__ ┇ (Ep 0.45) training:  45%|█████████████▌                | 189/420 [01:29<00:30,  7.60x50b/s] | st=189, ep=0.45, loss=0.0353, acc=0.8893
[03.19 06:55:27] ┇ INFO     ┇                                 __main__ ┇ (Ep 0.50) training:  50%|███████████████               | 210/420 [01:30<00:11, 18.87x50b/s] | st=210, ep=0.50, loss=0.0487, acc=0.8547
[03.19 06:55:29] ┇ INFO     ┇                                 __main__ ┇ (Ep 0.50) checking:  50%|█████     | 50/100 [00:01<00:01, 38.57x50b/s]
[03.19 06:55:45] ┇ INFO     ┇                                 __main__ ┇ (Ep 0.50) checking: 100%|██████████| 100/100 [00:17<00:00, 39.90x50b/s] | st=210, ep=0.50, val_loss=0.0434, val_acc=0.9042, val_F1c=92.16, val_F1e=84.65
[03.19 06:55:45] ┇ INFO     ┇                                 __main__ ┇ --- [after-check] -----------------------------------------------------------------------------------------------------------------------
[03.19 06:55:47] ┇ INFO     ┇                                 __main__ ┇ (Ep 0.55) training:  55%|████████████████▌             | 231/420 [01:49<00:24,  7.82x50b/s] | st=231, ep=0.55, loss=0.0273, acc=0.9010
[03.19 06:55:48] ┇ INFO     ┇                                 __main__ ┇ (Ep 0.60) training:  60%|██████████████████            | 252/420 [01:50<00:08, 18.90x50b/s] | st=252, ep=0.60, loss=0.0275, acc=0.9397
[03.19 06:55:49] ┇ INFO     ┇                                 __main__ ┇ (Ep 0.60) checking:  50%|█████     | 50/100 [00:01<00:01, 38.20x50b/s]
[03.19 06:56:07] ┇ INFO     ┇                                 __main__ ┇ (Ep 0.60) checking: 100%|██████████| 100/100 [00:19<00:00, 39.71x50b/s] | st=252, ep=0.60, val_loss=0.0411, val_acc=0.9320, val_F1c=92.64, val_F1e=85.48
[03.19 06:56:07] ┇ INFO     ┇                                 __main__ ┇ --- [after-check] -----------------------------------------------------------------------------------------------------------------------
[03.19 06:56:08] ┇ INFO     ┇                                 __main__ ┇ (Ep 0.65) training:  65%|███████████████████▌          | 273/420 [02:11<00:19,  7.41x50b/s] | st=273, ep=0.65, loss=0.0302, acc=0.9200
[03.19 06:56:10] ┇ INFO     ┇                                 __main__ ┇ (Ep 0.70) training:  70%|█████████████████████         | 294/420 [02:12<00:06, 18.85x50b/s] | st=294, ep=0.70, loss=0.0363, acc=0.9033
[03.19 06:56:11] ┇ INFO     ┇                                 __main__ ┇ (Ep 0.70) checking:  50%|█████     | 50/100 [00:01<00:01, 38.27x50b/s]
[03.19 06:56:28] ┇ INFO     ┇                                 __main__ ┇ (Ep 0.70) checking: 100%|██████████| 100/100 [00:18<00:00, 40.13x50b/s] | st=294, ep=0.70, val_loss=0.0381, val_acc=0.9236, val_F1c=92.39, val_F1e=85.59
[03.19 06:56:28] ┇ INFO     ┇                                 __main__ ┇ --- [after-check] -----------------------------------------------------------------------------------------------------------------------
[03.19 06:56:29] ┇ INFO     ┇                                 __main__ ┇ (Ep 0.75) training:  75%|██████████████████████▌       | 315/420 [02:32<00:13,  7.71x50b/s] | st=315, ep=0.75, loss=0.0519, acc=0.8864
[03.19 06:56:30] ┇ INFO     ┇                                 __main__ ┇ (Ep 0.80) training:  80%|████████████████████████      | 336/420 [02:33<00:04, 18.85x50b/s] | st=336, ep=0.80, loss=0.0423, acc=0.8816
[03.19 06:56:32] ┇ INFO     ┇                                 __main__ ┇ (Ep 0.80) checking:  50%|█████     | 50/100 [00:01<00:01, 38.39x50b/s]
[03.19 06:56:49] ┇ INFO     ┇                                 __main__ ┇ (Ep 0.80) checking: 100%|██████████| 100/100 [00:18<00:00, 39.94x50b/s] | st=336, ep=0.80, val_loss=0.0384, val_acc=0.9170, val_F1c=92.20, val_F1e=84.44
[03.19 06:56:49] ┇ INFO     ┇                                 __main__ ┇ --- [after-check] -----------------------------------------------------------------------------------------------------------------------
[03.19 06:56:50] ┇ INFO     ┇                                 __main__ ┇ (Ep 0.85) training:  85%|█████████████████████████▌    | 357/420 [02:53<00:08,  7.69x50b/s] | st=357, ep=0.85, loss=0.0403, acc=0.9270
[03.19 06:56:51] ┇ INFO     ┇                                 __main__ ┇ (Ep 0.90) training:  90%|███████████████████████████   | 378/420 [02:54<00:02, 18.79x50b/s] | st=378, ep=0.90, loss=0.0357, acc=0.9195
[03.19 06:56:53] ┇ INFO     ┇                                 __main__ ┇ (Ep 0.90) checking:  50%|█████     | 50/100 [00:01<00:01, 37.79x50b/s]
[03.19 06:57:10] ┇ INFO     ┇                                 __main__ ┇ (Ep 0.90) checking: 100%|██████████| 100/100 [00:18<00:00, 39.16x50b/s] | st=378, ep=0.90, val_loss=0.0366, val_acc=0.9363, val_F1c=92.89, val_F1e=86.01
[03.19 06:57:10] ┇ INFO     ┇                                 __main__ ┇ --- [after-check] -----------------------------------------------------------------------------------------------------------------------
[03.19 06:57:12] ┇ INFO     ┇                                 __main__ ┇ (Ep 0.95) training:  95%|████████████████████████████▌ | 399/420 [03:14<00:02,  7.50x50b/s] | st=399, ep=0.95, loss=0.0299, acc=0.8908
[03.19 06:57:13] ┇ INFO     ┇                                 __main__ ┇ (Ep 1.00) training: 100%|██████████████████████████████| 420/420 [03:15<00:00, 18.84x50b/s] | st=420, ep=1.00, loss=0.0400, acc=0.9194
[03.19 06:57:14] ┇ INFO     ┇                                 __main__ ┇ (Ep 1.00) checking:  50%|█████     | 50/100 [00:01<00:01, 38.23x50b/s]
[03.19 06:57:31] ┇ INFO     ┇                                 __main__ ┇ (Ep 1.00) checking: 100%|██████████| 100/100 [00:18<00:00, 39.69x50b/s] | st=420, ep=1.00, val_loss=0.0361, val_acc=0.9260, val_F1c=92.69, val_F1e=85.53
[03.19 06:57:31] ┇ INFO     ┇                                 __main__ ┇ --- [after-check] -----------------------------------------------------------------------------------------------------------------------
[03.19 06:57:31] ┇ INFO     ┇                                 __main__ ┇ === [after-epoch] =======================================================================================================================
[03.19 06:57:33] ┇ INFO     ┇                                 __main__ ┇ (Ep 1.05) training:   5%|█▌                            | 21/420 [00:01<00:21, 18.50x50b/s] | st=441, ep=1.05, loss=0.0223, acc=0.9353
[03.19 06:57:34] ┇ INFO     ┇                                 __main__ ┇ (Ep 1.10) training:  10%|███                           | 42/420 [00:02<00:19, 19.23x50b/s] | st=462, ep=1.10, loss=0.0158, acc=0.9614
[03.19 06:57:36] ┇ INFO     ┇                                 __main__ ┇ (Ep 1.10) checking:  50%|█████     | 50/100 [00:01<00:01, 37.93x50b/s]
[03.19 06:57:53] ┇ INFO     ┇                                 __main__ ┇ (Ep 1.10) checking: 100%|██████████| 100/100 [00:19<00:00, 39.00x50b/s] | st=462, ep=1.10, val_loss=0.0368, val_acc=0.9420, val_F1c=93.30, val_F1e=86.75
[03.19 06:57:53] ┇ INFO     ┇                                 __main__ ┇ --- [after-check] -----------------------------------------------------------------------------------------------------------------------
[03.19 06:57:55] ┇ INFO     ┇                                 __main__ ┇ (Ep 1.15) training:  15%|████▌                         | 63/420 [00:23<00:48,  7.35x50b/s] | st=483, ep=1.15, loss=0.0322, acc=0.9313
[03.19 06:57:56] ┇ INFO     ┇                                 __main__ ┇ (Ep 1.20) training:  20%|██████                        | 84/420 [00:24<00:18, 18.38x50b/s] | st=504, ep=1.20, loss=0.0149, acc=0.9621
[03.19 06:57:58] ┇ INFO     ┇                                 __main__ ┇ (Ep 1.20) checking:  50%|█████     | 50/100 [00:01<00:01, 38.27x50b/s]
[03.19 06:58:15] ┇ INFO     ┇                                 __main__ ┇ (Ep 1.20) checking: 100%|██████████| 100/100 [00:18<00:00, 39.82x50b/s] | st=504, ep=1.20, val_loss=0.0398, val_acc=0.9184, val_F1c=92.75, val_F1e=86.21
[03.19 06:58:15] ┇ INFO     ┇                                 __main__ ┇ --- [after-check] -----------------------------------------------------------------------------------------------------------------------
[03.19 06:58:16] ┇ INFO     ┇                                 __main__ ┇ (Ep 1.25) training:  25%|███████▌                      | 105/420 [00:44<00:41,  7.66x50b/s] | st=525, ep=1.25, loss=0.0234, acc=0.9819
[03.19 06:58:17] ┇ INFO     ┇                                 __main__ ┇ (Ep 1.30) training:  30%|█████████                     | 126/420 [00:45<00:15, 18.44x50b/s] | st=546, ep=1.30, loss=0.0302, acc=0.9326
[03.19 06:58:19] ┇ INFO     ┇                                 __main__ ┇ (Ep 1.30) checking:  50%|█████     | 50/100 [00:01<00:01, 38.42x50b/s]
[03.19 06:58:35] ┇ INFO     ┇                                 __main__ ┇ (Ep 1.30) checking: 100%|██████████| 100/100 [00:18<00:00, 39.59x50b/s] | st=546, ep=1.30, val_loss=0.0374, val_acc=0.9298, val_F1c=92.52, val_F1e=85.81
[03.19 06:58:35] ┇ INFO     ┇                                 __main__ ┇ --- [after-check] -----------------------------------------------------------------------------------------------------------------------
[03.19 06:58:36] ┇ INFO     ┇                                 __main__ ┇ (Ep 1.35) training:  35%|██████████▌                   | 147/420 [01:05<00:35,  7.72x50b/s] | st=567, ep=1.35, loss=0.0331, acc=0.8812
[03.19 06:58:38] ┇ INFO     ┇                                 __main__ ┇ (Ep 1.40) training:  40%|████████████                  | 168/420 [01:06<00:13, 18.93x50b/s] | st=588, ep=1.40, loss=0.0242, acc=0.8950
[03.19 06:58:39] ┇ INFO     ┇                                 __main__ ┇ (Ep 1.40) checking:  50%|█████     | 50/100 [00:01<00:01, 38.34x50b/s]
[03.19 06:58:57] ┇ INFO     ┇                                 __main__ ┇ (Ep 1.40) checking: 100%|██████████| 100/100 [00:19<00:00, 39.89x50b/s] | st=588, ep=1.40, val_loss=0.0375, val_acc=0.9355, val_F1c=92.84, val_F1e=85.84
[03.19 06:58:57] ┇ INFO     ┇                                 __main__ ┇ --- [after-check] -----------------------------------------------------------------------------------------------------------------------
[03.19 06:58:58] ┇ INFO     ┇                                 __main__ ┇ (Ep 1.45) training:  45%|█████████████▌                | 189/420 [01:26<00:30,  7.52x50b/s] | st=609, ep=1.45, loss=0.0158, acc=0.9509
[03.19 06:58:59] ┇ INFO     ┇                                 __main__ ┇ (Ep 1.50) training:  50%|███████████████               | 210/420 [01:27<00:11, 18.46x50b/s] | st=630, ep=1.50, loss=0.0284, acc=0.9208
[03.19 06:59:01] ┇ INFO     ┇                                 __main__ ┇ (Ep 1.50) checking:  50%|█████     | 50/100 [00:01<00:01, 37.53x50b/s]
[03.19 06:59:17] ┇ INFO     ┇                                 __main__ ┇ (Ep 1.50) checking: 100%|██████████| 100/100 [00:18<00:00, 39.70x50b/s] | st=630, ep=1.50, val_loss=0.0370, val_acc=0.9332, val_F1c=93.16, val_F1e=86.89
[03.19 06:59:17] ┇ INFO     ┇                                 __main__ ┇ --- [after-check] -----------------------------------------------------------------------------------------------------------------------
[03.19 06:59:18] ┇ INFO     ┇                                 __main__ ┇ (Ep 1.55) training:  55%|████████████████▌             | 231/420 [01:47<00:24,  7.72x50b/s] | st=651, ep=1.55, loss=0.0133, acc=0.9634
[03.19 06:59:20] ┇ INFO     ┇                                 __main__ ┇ (Ep 1.60) training:  60%|██████████████████            | 252/420 [01:48<00:08, 18.85x50b/s] | st=672, ep=1.60, loss=0.0163, acc=0.9553
[03.19 06:59:21] ┇ INFO     ┇                                 __main__ ┇ (Ep 1.60) checking:  50%|█████     | 50/100 [00:01<00:01, 37.89x50b/s]
[03.19 06:59:38] ┇ INFO     ┇                                 __main__ ┇ (Ep 1.60) checking: 100%|██████████| 100/100 [00:18<00:00, 39.21x50b/s] | st=672, ep=1.60, val_loss=0.0370, val_acc=0.9365, val_F1c=92.98, val_F1e=86.71
[03.19 06:59:38] ┇ INFO     ┇                                 __main__ ┇ --- [after-check] -----------------------------------------------------------------------------------------------------------------------
[03.19 06:59:39] ┇ INFO     ┇                                 __main__ ┇ (Ep 1.65) training:  65%|███████████████████▌          | 273/420 [02:08<00:19,  7.66x50b/s] | st=693, ep=1.65, loss=0.0213, acc=0.9508
[03.19 06:59:41] ┇ INFO     ┇                                 __main__ ┇ (Ep 1.70) training:  70%|█████████████████████         | 294/420 [02:09<00:06, 18.84x50b/s] | st=714, ep=1.70, loss=0.0354, acc=0.9241
[03.19 06:59:42] ┇ INFO     ┇                                 __main__ ┇ (Ep 1.70) checking:  50%|█████     | 50/100 [00:01<00:01, 38.17x50b/s]
[03.19 06:59:59] ┇ INFO     ┇                                 __main__ ┇ (Ep 1.70) checking: 100%|██████████| 100/100 [00:18<00:00, 39.97x50b/s] | st=714, ep=1.70, val_loss=0.0368, val_acc=0.9299, val_F1c=93.07, val_F1e=86.36
[03.19 06:59:59] ┇ INFO     ┇                                 __main__ ┇ --- [after-check] -----------------------------------------------------------------------------------------------------------------------
[03.19 07:00:00] ┇ INFO     ┇                                 __main__ ┇ (Ep 1.75) training:  75%|██████████████████████▌       | 315/420 [02:29<00:13,  7.66x50b/s] | st=735, ep=1.75, loss=0.0111, acc=0.9758
[03.19 07:00:02] ┇ INFO     ┇                                 __main__ ┇ (Ep 1.80) training:  80%|████████████████████████      | 336/420 [02:30<00:04, 18.80x50b/s] | st=756, ep=1.80, loss=0.0260, acc=0.9461
[03.19 07:00:03] ┇ INFO     ┇                                 __main__ ┇ (Ep 1.80) checking:  50%|█████     | 50/100 [00:01<00:01, 38.29x50b/s]
[03.19 07:00:20] ┇ INFO     ┇                                 __main__ ┇ (Ep 1.80) checking: 100%|██████████| 100/100 [00:18<00:00, 39.60x50b/s] | st=756, ep=1.80, val_loss=0.0356, val_acc=0.9342, val_F1c=93.00, val_F1e=86.36
[03.19 07:00:20] ┇ INFO     ┇                                 __main__ ┇ --- [after-check] -----------------------------------------------------------------------------------------------------------------------
[03.19 07:00:21] ┇ INFO     ┇                                 __main__ ┇ (Ep 1.85) training:  85%|█████████████████████████▌    | 357/420 [02:49<00:08,  7.60x50b/s] | st=777, ep=1.85, loss=0.0181, acc=0.9713
[03.19 07:00:22] ┇ INFO     ┇                                 __main__ ┇ (Ep 1.90) training:  90%|███████████████████████████   | 378/420 [02:51<00:02, 18.37x50b/s] | st=798, ep=1.90, loss=0.0176, acc=0.9550
[03.19 07:00:24] ┇ INFO     ┇                                 __main__ ┇ (Ep 1.90) checking:  50%|█████     | 50/100 [00:01<00:01, 37.58x50b/s]
[03.19 07:00:41] ┇ INFO     ┇                                 __main__ ┇ (Ep 1.90) checking: 100%|██████████| 100/100 [00:18<00:00, 39.51x50b/s] | st=798, ep=1.90, val_loss=0.0374, val_acc=0.9196, val_F1c=93.20, val_F1e=86.48
[03.19 07:00:41] ┇ INFO     ┇                                 __main__ ┇ --- [after-check] -----------------------------------------------------------------------------------------------------------------------
[03.19 07:00:42] ┇ INFO     ┇                                 __main__ ┇ (Ep 1.95) training:  95%|████████████████████████████▌ | 399/420 [03:11<00:02,  7.57x50b/s] | st=819, ep=1.95, loss=0.0360, acc=0.9173
[03.19 07:00:44] ┇ INFO     ┇                                 __main__ ┇ (Ep 2.00) training: 100%|██████████████████████████████| 420/420 [03:12<00:00, 18.55x50b/s] | st=840, ep=2.00, loss=0.0189, acc=0.9544
[03.19 07:00:45] ┇ INFO     ┇                                 __main__ ┇ (Ep 2.00) checking:  50%|█████     | 50/100 [00:01<00:01, 38.45x50b/s]
[03.19 07:01:02] ┇ INFO     ┇                                 __main__ ┇ (Ep 2.00) checking: 100%|██████████| 100/100 [00:18<00:00, 39.48x50b/s] | st=840, ep=2.00, val_loss=0.0373, val_acc=0.9287, val_F1c=92.58, val_F1e=85.86
[03.19 07:01:02] ┇ INFO     ┇                                 __main__ ┇ --- [after-check] -----------------------------------------------------------------------------------------------------------------------
[03.19 07:01:02] ┇ INFO     ┇                                 __main__ ┇ === [after-epoch] =======================================================================================================================
[03.19 07:01:04] ┇ INFO     ┇                                 __main__ ┇ (Ep 2.05) training:   5%|█▌                            | 21/420 [00:01<00:22, 18.07x50b/s] | st=861, ep=2.05, loss=0.0164, acc=0.9563
[03.19 07:01:05] ┇ INFO     ┇                                 __main__ ┇ (Ep 2.10) training:  10%|███                           | 42/420 [00:02<00:19, 19.18x50b/s] | st=882, ep=2.10, loss=0.0257, acc=0.9599
[03.19 07:01:07] ┇ INFO     ┇                                 __main__ ┇ (Ep 2.10) checking:  50%|█████     | 50/100 [00:01<00:01, 38.05x50b/s]
[03.19 07:01:24] ┇ INFO     ┇                                 __main__ ┇ (Ep 2.10) checking: 100%|██████████| 100/100 [00:18<00:00, 39.48x50b/s] | st=882, ep=2.10, val_loss=0.0358, val_acc=0.9354, val_F1c=93.30, val_F1e=86.86
[03.19 07:01:24] ┇ INFO     ┇                                 __main__ ┇ --- [after-check] -----------------------------------------------------------------------------------------------------------------------
[03.19 07:01:25] ┇ INFO     ┇                                 __main__ ┇ (Ep 2.15) training:  15%|████▌                         | 63/420 [00:22<00:46,  7.73x50b/s] | st=903, ep=2.15, loss=0.0166, acc=0.9224
[03.19 07:01:26] ┇ INFO     ┇                                 __main__ ┇ (Ep 2.20) training:  20%|██████                        | 84/420 [00:23<00:17, 18.88x50b/s] | st=924, ep=2.20, loss=0.0258, acc=0.9212
[03.19 07:01:28] ┇ INFO     ┇                                 __main__ ┇ (Ep 2.20) checking:  50%|█████     | 50/100 [00:01<00:01, 38.57x50b/s]
[03.19 07:01:45] ┇ INFO     ┇                                 __main__ ┇ (Ep 2.20) checking: 100%|██████████| 100/100 [00:18<00:00, 39.53x50b/s] | st=924, ep=2.20, val_loss=0.0391, val_acc=0.9323, val_F1c=93.19, val_F1e=86.82
[03.19 07:01:45] ┇ INFO     ┇                                 __main__ ┇ --- [after-check] -----------------------------------------------------------------------------------------------------------------------
[03.19 07:01:46] ┇ INFO     ┇                                 __main__ ┇ (Ep 2.25) training:  25%|███████▌                      | 105/420 [00:43<00:41,  7.66x50b/s] | st=945, ep=2.25, loss=0.0230, acc=0.9640
[03.19 07:01:47] ┇ INFO     ┇                                 __main__ ┇ (Ep 2.30) training:  30%|█████████                     | 126/420 [00:44<00:15, 18.80x50b/s] | st=966, ep=2.30, loss=0.0149, acc=0.9612
[03.19 07:01:49] ┇ INFO     ┇                                 __main__ ┇ (Ep 2.30) checking:  50%|█████     | 50/100 [00:01<00:01, 38.59x50b/s]
[03.19 07:02:06] ┇ INFO     ┇                                 __main__ ┇ (Ep 2.30) checking: 100%|██████████| 100/100 [00:19<00:00, 39.88x50b/s] | st=966, ep=2.30, val_loss=0.0369, val_acc=0.9374, val_F1c=93.26, val_F1e=86.66
[03.19 07:02:06] ┇ INFO     ┇                                 __main__ ┇ --- [after-check] -----------------------------------------------------------------------------------------------------------------------
[03.19 07:02:07] ┇ INFO     ┇                                 __main__ ┇ (Ep 2.35) training:  35%|██████████▌                   | 147/420 [01:04<00:36,  7.52x50b/s] | st=987, ep=2.35, loss=0.0163, acc=0.9527
[03.19 07:02:08] ┇ INFO     ┇                                 __main__ ┇ (Ep 2.40) training:  40%|████████████                  | 168/420 [01:05<00:13, 18.41x50b/s] | st=1008, ep=2.40, loss=0.0259, acc=0.9409
[03.19 07:02:10] ┇ INFO     ┇                                 __main__ ┇ (Ep 2.40) checking:  50%|█████     | 50/100 [00:01<00:01, 38.03x50b/s]
[03.19 07:02:27] ┇ INFO     ┇                                 __main__ ┇ (Ep 2.40) checking: 100%|██████████| 100/100 [00:18<00:00, 40.26x50b/s] | st=1008, ep=2.40, val_loss=0.0431, val_acc=0.9260, val_F1c=92.95, val_F1e=85.77
[03.19 07:02:27] ┇ INFO     ┇                                 __main__ ┇ --- [after-check] -----------------------------------------------------------------------------------------------------------------------
[03.19 07:02:28] ┇ INFO     ┇                                 __main__ ┇ (Ep 2.45) training:  45%|█████████████▌                | 189/420 [01:25<00:30,  7.55x50b/s] | st=1029, ep=2.45, loss=0.0147, acc=0.9636
[03.19 07:02:29] ┇ INFO     ┇                                 __main__ ┇ (Ep 2.50) training:  50%|███████████████               | 210/420 [01:26<00:11, 18.35x50b/s] | st=1050, ep=2.50, loss=0.0114, acc=0.9776
[03.19 07:02:31] ┇ INFO     ┇                                 __main__ ┇ (Ep 2.50) checking:  50%|█████     | 50/100 [00:01<00:01, 38.66x50b/s]
[03.19 07:02:48] ┇ INFO     ┇                                 __main__ ┇ (Ep 2.50) checking: 100%|██████████| 100/100 [00:18<00:00, 40.09x50b/s] | st=1050, ep=2.50, val_loss=0.0393, val_acc=0.9293, val_F1c=92.65, val_F1e=85.43
[03.19 07:02:48] ┇ INFO     ┇                                 __main__ ┇ --- [after-check] -----------------------------------------------------------------------------------------------------------------------
[03.19 07:02:49] ┇ INFO     ┇                                 __main__ ┇ (Ep 2.55) training:  55%|████████████████▌             | 231/420 [01:46<00:24,  7.68x50b/s] | st=1071, ep=2.55, loss=0.0252, acc=0.9247
[03.19 07:02:50] ┇ INFO     ┇                                 __main__ ┇ (Ep 2.60) training:  60%|██████████████████            | 252/420 [01:47<00:08, 18.83x50b/s] | st=1092, ep=2.60, loss=0.0146, acc=0.9412
[03.19 07:02:52] ┇ INFO     ┇                                 __main__ ┇ (Ep 2.60) checking:  50%|█████     | 50/100 [00:01<00:01, 38.61x50b/s]
[03.19 07:03:08] ┇ INFO     ┇                                 __main__ ┇ (Ep 2.60) checking: 100%|██████████| 100/100 [00:18<00:00, 39.88x50b/s] | st=1092, ep=2.60, val_loss=0.0370, val_acc=0.9332, val_F1c=93.06, val_F1e=86.87
[03.19 07:03:08] ┇ INFO     ┇                                 __main__ ┇ --- [after-check] -----------------------------------------------------------------------------------------------------------------------
[03.19 07:03:10] ┇ INFO     ┇                                 __main__ ┇ (Ep 2.65) training:  65%|███████████████████▌          | 273/420 [02:07<00:18,  7.74x50b/s] | st=1113, ep=2.65, loss=0.0400, acc=0.9040
[03.19 07:03:11] ┇ INFO     ┇                                 __main__ ┇ (Ep 2.70) training:  70%|█████████████████████         | 294/420 [02:08<00:06, 18.79x50b/s] | st=1134, ep=2.70, loss=0.0343, acc=0.9297
[03.19 07:03:12] ┇ INFO     ┇                                 __main__ ┇ (Ep 2.70) checking:  50%|█████     | 50/100 [00:01<00:01, 38.26x50b/s]
[03.19 07:03:29] ┇ INFO     ┇                                 __main__ ┇ (Ep 2.70) checking: 100%|██████████| 100/100 [00:18<00:00, 39.35x50b/s] | st=1134, ep=2.70, val_loss=0.0365, val_acc=0.9297, val_F1c=93.24, val_F1e=87.34
[03.19 07:03:29] ┇ INFO     ┇                                 __main__ ┇ --- [after-check] -----------------------------------------------------------------------------------------------------------------------
[03.19 07:03:30] ┇ INFO     ┇                                 __main__ ┇ (Ep 2.75) training:  75%|██████████████████████▌       | 315/420 [02:28<00:13,  7.73x50b/s] | st=1155, ep=2.75, loss=0.0093, acc=0.9761
[03.19 07:03:31] ┇ INFO     ┇                                 __main__ ┇ (Ep 2.80) training:  80%|████████████████████████      | 336/420 [02:29<00:04, 18.88x50b/s] | st=1176, ep=2.80, loss=0.0115, acc=0.9680
[03.19 07:03:33] ┇ INFO     ┇                                 __main__ ┇ (Ep 2.80) checking:  50%|█████     | 50/100 [00:01<00:01, 38.65x50b/s]
[03.19 07:03:50] ┇ INFO     ┇                                 __main__ ┇ (Ep 2.80) checking: 100%|██████████| 100/100 [00:18<00:00, 39.96x50b/s] | st=1176, ep=2.80, val_loss=0.0377, val_acc=0.9374, val_F1c=93.57, val_F1e=87.50
[03.19 07:03:50] ┇ INFO     ┇                                 __main__ ┇ --- [after-check] -----------------------------------------------------------------------------------------------------------------------
[03.19 07:03:52] ┇ INFO     ┇                                 __main__ ┇ (Ep 2.85) training:  85%|█████████████████████████▌    | 357/420 [02:49<00:08,  7.52x50b/s] | st=1197, ep=2.85, loss=0.0241, acc=0.9163
[03.19 07:03:53] ┇ INFO     ┇                                 __main__ ┇ (Ep 2.90) training:  90%|███████████████████████████   | 378/420 [02:50<00:02, 18.75x50b/s] | st=1218, ep=2.90, loss=0.0236, acc=0.9461
[03.19 07:03:54] ┇ INFO     ┇                                 __main__ ┇ (Ep 2.90) checking:  50%|█████     | 50/100 [00:01<00:01, 38.65x50b/s]
[03.19 07:04:12] ┇ INFO     ┇                                 __main__ ┇ (Ep 2.90) checking: 100%|██████████| 100/100 [00:18<00:00, 39.93x50b/s] | st=1218, ep=2.90, val_loss=0.0366, val_acc=0.9426, val_F1c=93.38, val_F1e=86.22
[03.19 07:04:12] ┇ INFO     ┇                                 __main__ ┇ --- [after-check] -----------------------------------------------------------------------------------------------------------------------
[03.19 07:04:13] ┇ INFO     ┇                                 __main__ ┇ (Ep 2.95) training:  95%|████████████████████████████▌ | 399/420 [03:10<00:02,  7.57x50b/s] | st=1239, ep=2.95, loss=0.0244, acc=0.9440
[03.19 07:04:14] ┇ INFO     ┇                                 __main__ ┇ (Ep 3.00) training: 100%|██████████████████████████████| 420/420 [03:11<00:00, 18.81x50b/s] | st=1260, ep=3.00, loss=0.0194, acc=0.9573
[03.19 07:04:16] ┇ INFO     ┇                                 __main__ ┇ (Ep 3.00) checking:  50%|█████     | 50/100 [00:01<00:01, 38.50x50b/s]
[03.19 07:04:33] ┇ INFO     ┇                                 __main__ ┇ (Ep 3.00) checking: 100%|██████████| 100/100 [00:18<00:00, 39.81x50b/s] | st=1260, ep=3.00, val_loss=0.0385, val_acc=0.9223, val_F1c=92.45, val_F1e=85.89
[03.19 07:04:33] ┇ INFO     ┇                                 __main__ ┇ --- [after-check] -----------------------------------------------------------------------------------------------------------------------
[03.19 07:04:33] ┇ INFO     ┇                                 __main__ ┇ === [after-epoch] =======================================================================================================================
[03.19 07:04:33] ┇ INFO     ┇                                 __main__ ┇ --- [after-train] -----------------------------------------------------------------------------------------------------------------------
[03.19 07:04:33] ┇ INFO     ┇                             DeepKNLP.ner ┇ Creating features from /raid/chrisjihee/proj/DeepKNLP-24.03/data/klue-ner/valid.jsonl
[03.19 07:04:38] ┇ INFO     ┇                             DeepKNLP.ner ┇ Loaded 4996 examples from /raid/chrisjihee/proj/DeepKNLP-24.03/data/klue-ner/valid.jsonl
[03.19 07:04:38] ┇ INFO     ┇                             DeepKNLP.ner ┇ Loaded 13 labels from /raid/chrisjihee/proj/DeepKNLP-24.03/finetuning/klue-ner/train=KPF-BERT=dgx-a100/label_map.txt
[03.19 07:04:40] ┇ INFO     ┇                             DeepKNLP.ner ┇ =========================================================================================================================================
[03.19 07:04:40] ┇ INFO     ┇                             DeepKNLP.ner ┇ Converted 4996 raw examples to 4996 encoded examples
[03.19 07:04:40] ┇ INFO     ┇                                 __main__ ┇ Created test_dataset providing 4996 examples
[03.19 07:04:40] ┇ INFO     ┇                                 __main__ ┇ Created test_dataloader providing 100 batches
[03.19 07:04:40] ┇ INFO     ┇                                 __main__ ┇ === [after-test_dataloader] =============================================================================================================
[03.19 07:04:40] ┇ INFO     ┇                                 __main__ ┇ Loading model from finetuning/klue-ner/train=KPF-BERT=dgx-a100/version_0/ep=2.8, loss=0.0377, acc=0.9374, F1c=93.57, F1e=87.50.ckpt
[03.19 07:04:42] ┇ INFO     ┇                                 __main__ ┇ (Ep 2.80)  testing:  50%|█████     | 50/100 [00:01<00:01, 36.93x50b/s]
[03.19 07:05:00] ┇ INFO     ┇                                 __main__ ┇ (Ep 2.80)  testing: 100%|██████████| 100/100 [00:19<00:00, 39.71x50b/s] | st=1176, ep=2.80, test_loss=0.0377, test_acc=0.9374, test_F1c=93.57, test_F1e=87.50
[03.19 07:05:00] ┇ INFO     ┇                                 __main__ ┇ --- [after-test] ------------------------------------------------------------------------------------------------------------------------
[03.19 07:05:00] ┇ INFO     ┇                           chrisbase.data ┇ =========================================================================================================================================
[03.19 07:05:00] ┇ INFO     ┇                           chrisbase.data ┇ [EXIT] python /raid/chrisjihee/proj/DeepKNLP-24.03/2-ner.py train ($=00:12:03.323)
[03.19 07:05:00] ┇ INFO     ┇                           chrisbase.data ┇ =========================================================================================================================================
