[10.16 18:37:34] ┇ INFO     ┇ lightning.fabric.utilities.seed ┇ [rank: 0] Seed set to 7
[10.16 18:37:34] ┇ INFO     ┇       chrisbase.data ┇ =========================================================================================================================================
[10.16 18:37:34] ┇ INFO     ┇       chrisbase.data ┇ [INIT] python /home/chrisjihee/proj/DeepKNLP-24.10/1-cls.py train --device 1
[10.16 18:37:34] ┇ INFO     ┇       chrisbase.data ┇ =========================================================================================================================================
[10.16 18:37:35] ┇ INFO     ┇       chrisbase.data ┇ -----+---------------------------------+-------------------------------------------------------------------------------------------
[10.16 18:37:35] ┇ INFO     ┇       chrisbase.data ┇    # | TrainerArguments                | value
[10.16 18:37:35] ┇ INFO     ┇       chrisbase.data ┇ -----+---------------------------------+-------------------------------------------------------------------------------------------
[10.16 18:37:35] ┇ INFO     ┇       chrisbase.data ┇    1 | tag                             | train
[10.16 18:37:35] ┇ INFO     ┇       chrisbase.data ┇    2 | env.project                     | DeepKNLP
[10.16 18:37:35] ┇ INFO     ┇       chrisbase.data ┇    3 | env.job_name                    | kpfbert
[10.16 18:37:35] ┇ INFO     ┇       chrisbase.data ┇    4 | env.job_version                 | 0
[10.16 18:37:35] ┇ INFO     ┇       chrisbase.data ┇    5 | env.hostname                    | ptlm3
[10.16 18:37:35] ┇ INFO     ┇       chrisbase.data ┇    6 | env.hostaddr                    | 129.254.121.74
[10.16 18:37:35] ┇ INFO     ┇       chrisbase.data ┇    7 | env.time_stamp                  | 1016.183730
[10.16 18:37:35] ┇ INFO     ┇       chrisbase.data ┇    8 | env.python_path                 | /home/chrisjihee/miniforge3/envs/DeepKNLP/bin/python
[10.16 18:37:35] ┇ INFO     ┇       chrisbase.data ┇    9 | env.current_dir                 | /home/chrisjihee/proj/DeepKNLP-24.10
[10.16 18:37:35] ┇ INFO     ┇       chrisbase.data ┇   10 | env.current_file                | /home/chrisjihee/proj/DeepKNLP-24.10/1-cls.py
[10.16 18:37:35] ┇ INFO     ┇       chrisbase.data ┇   11 | env.working_dir                 | /home/chrisjihee/proj/DeepKNLP-24.10
[10.16 18:37:35] ┇ INFO     ┇       chrisbase.data ┇   12 | env.command_args                | ['train', '--device', '1']
[10.16 18:37:35] ┇ INFO     ┇       chrisbase.data ┇   13 | env.num_ip_addrs                | 1
[10.16 18:37:35] ┇ INFO     ┇       chrisbase.data ┇   14 | env.max_workers                 | 1
[10.16 18:37:35] ┇ INFO     ┇       chrisbase.data ┇   15 | env.calling_sec                 | 0.001
[10.16 18:37:35] ┇ INFO     ┇       chrisbase.data ┇   16 | env.waiting_sec                 | 300.0
[10.16 18:37:35] ┇ INFO     ┇       chrisbase.data ┇   17 | env.debugging                   | False
[10.16 18:37:35] ┇ INFO     ┇       chrisbase.data ┇   18 | env.logging_home                | finetuning/nsmc/train=kpfbert=ptlm3/version_0
[10.16 18:37:35] ┇ INFO     ┇       chrisbase.data ┇   19 | env.logging_file                | logging.out
[10.16 18:37:35] ┇ INFO     ┇       chrisbase.data ┇   20 | env.argument_file               | arguments.json
[10.16 18:37:35] ┇ INFO     ┇       chrisbase.data ┇   21 | env.date_format                 | [%m.%d %H:%M:%S]
[10.16 18:37:35] ┇ INFO     ┇       chrisbase.data ┇   22 | env.message_level               | 20
[10.16 18:37:35] ┇ INFO     ┇       chrisbase.data ┇   23 | env.message_format              | %(asctime)s ┇ %(levelname)-8s ┇ %(name)20s ┇ %(message)s
[10.16 18:37:35] ┇ INFO     ┇       chrisbase.data ┇   24 | time.started                    | [10.16 18:37:35]
[10.16 18:37:35] ┇ INFO     ┇       chrisbase.data ┇   25 | time.settled                    |
[10.16 18:37:35] ┇ INFO     ┇       chrisbase.data ┇   26 | time.elapsed                    |
[10.16 18:37:35] ┇ INFO     ┇       chrisbase.data ┇   27 | prog.tb_logger                  | <lightning.fabric.loggers.tensorboard.TensorBoardLogger object at 0x7f9d78cadb90>
[10.16 18:37:35] ┇ INFO     ┇       chrisbase.data ┇   28 | prog.csv_logger                 | <lightning.fabric.loggers.csv_logs.CSVLogger object at 0x7f9d78caff50>
[10.16 18:37:35] ┇ INFO     ┇       chrisbase.data ┇   29 | prog.world_size                 | 1
[10.16 18:37:35] ┇ INFO     ┇       chrisbase.data ┇   30 | prog.local_rank                 | 0
[10.16 18:37:35] ┇ INFO     ┇       chrisbase.data ┇   31 | prog.global_rank                | 0
[10.16 18:37:35] ┇ INFO     ┇       chrisbase.data ┇   32 | prog.global_step                | 0
[10.16 18:37:35] ┇ INFO     ┇       chrisbase.data ┇   33 | prog.global_epoch               | 0.0
[10.16 18:37:35] ┇ INFO     ┇       chrisbase.data ┇   34 | data.name                       | nsmc
[10.16 18:37:35] ┇ INFO     ┇       chrisbase.data ┇   35 | data.home                       | /home/chrisjihee/proj/DeepKNLP-24.10/data
[10.16 18:37:35] ┇ INFO     ┇       chrisbase.data ┇   36 | data.files                      | {'train': 'ratings_train.txt', 'valid': 'ratings_valid.txt', 'test': 'ratings_valid.txt'}
[10.16 18:37:35] ┇ INFO     ┇       chrisbase.data ┇   37 | data.caching                    | False
[10.16 18:37:35] ┇ INFO     ┇       chrisbase.data ┇   38 | data.redownload                 | False
[10.16 18:37:35] ┇ INFO     ┇       chrisbase.data ┇   39 | data.num_check                  | 2
[10.16 18:37:35] ┇ INFO     ┇       chrisbase.data ┇   40 | model.pretrained                | jinmang2/kpfbert
[10.16 18:37:35] ┇ INFO     ┇       chrisbase.data ┇   41 | model.finetuning                | /home/chrisjihee/proj/DeepKNLP-24.10/finetuning
[10.16 18:37:35] ┇ INFO     ┇       chrisbase.data ┇   42 | model.name                      |
[10.16 18:37:35] ┇ INFO     ┇       chrisbase.data ┇   43 | model.seq_len                   | 64
[10.16 18:37:35] ┇ INFO     ┇       chrisbase.data ┇   44 | hardware.cpu_workers            | 10
[10.16 18:37:35] ┇ INFO     ┇       chrisbase.data ┇   45 | hardware.train_batch            | 50
[10.16 18:37:35] ┇ INFO     ┇       chrisbase.data ┇   46 | hardware.infer_batch            | 50
[10.16 18:37:35] ┇ INFO     ┇       chrisbase.data ┇   47 | hardware.accelerator            | cuda
[10.16 18:37:35] ┇ INFO     ┇       chrisbase.data ┇   48 | hardware.precision              | 16-mixed
[10.16 18:37:35] ┇ INFO     ┇       chrisbase.data ┇   49 | hardware.strategy               | ddp
[10.16 18:37:35] ┇ INFO     ┇       chrisbase.data ┇   50 | hardware.devices                | [1]
[10.16 18:37:35] ┇ INFO     ┇       chrisbase.data ┇   51 | printing.print_rate_on_training | 0.05
[10.16 18:37:35] ┇ INFO     ┇       chrisbase.data ┇   52 | printing.print_rate_on_validate | 0.5
[10.16 18:37:35] ┇ INFO     ┇       chrisbase.data ┇   53 | printing.print_rate_on_evaluate | 0.5
[10.16 18:37:35] ┇ INFO     ┇       chrisbase.data ┇   54 | printing.print_step_on_training | -1
[10.16 18:37:35] ┇ INFO     ┇       chrisbase.data ┇   55 | printing.print_step_on_validate | -1
[10.16 18:37:35] ┇ INFO     ┇       chrisbase.data ┇   56 | printing.print_step_on_evaluate | -1
[10.16 18:37:35] ┇ INFO     ┇       chrisbase.data ┇   57 | printing.tag_format_on_training | st={step:d}, ep={epoch:.2f}, loss={loss:06.4f}, acc={acc:06.4f}
[10.16 18:37:35] ┇ INFO     ┇       chrisbase.data ┇   58 | printing.tag_format_on_validate | st={step:d}, ep={epoch:.2f}, val_loss={val_loss:06.4f}, val_acc={val_acc:06.4f}
[10.16 18:37:35] ┇ INFO     ┇       chrisbase.data ┇   59 | printing.tag_format_on_evaluate | st={step:d}, ep={epoch:.2f}, test_loss={test_loss:06.4f}, test_acc={test_acc:06.4f}
[10.16 18:37:35] ┇ INFO     ┇       chrisbase.data ┇   60 | learning.random_seed            | 7
[10.16 18:37:35] ┇ INFO     ┇       chrisbase.data ┇   61 | learning.optimizer_cls          | AdamW
[10.16 18:37:35] ┇ INFO     ┇       chrisbase.data ┇   62 | learning.learning_rate          | 5e-05
[10.16 18:37:35] ┇ INFO     ┇       chrisbase.data ┇   63 | learning.saving_mode            | max val_acc
[10.16 18:37:35] ┇ INFO     ┇       chrisbase.data ┇   64 | learning.num_saving             | 1
[10.16 18:37:35] ┇ INFO     ┇       chrisbase.data ┇   65 | learning.num_epochs             | 1
[10.16 18:37:35] ┇ INFO     ┇       chrisbase.data ┇   66 | learning.log_text               | False
[10.16 18:37:35] ┇ INFO     ┇       chrisbase.data ┇   67 | learning.check_rate_on_training | 0.2
[10.16 18:37:35] ┇ INFO     ┇       chrisbase.data ┇   68 | learning.name_format_on_saving  | ep={epoch:.1f}, loss={val_loss:06.4f}, acc={val_acc:06.4f}
[10.16 18:37:35] ┇ INFO     ┇       chrisbase.data ┇ -----+---------------------------------+-------------------------------------------------------------------------------------------
[10.16 18:37:36] ┇ INFO     ┇             __main__ ┇ === [after-model] =======================================================================================================================
[10.16 18:37:36] ┇ INFO     ┇         DeepKNLP.cls ┇ Creating features from /home/chrisjihee/proj/DeepKNLP-24.10/data/nsmc/ratings_train.txt
[10.16 18:37:36] ┇ INFO     ┇         DeepKNLP.cls ┇ Loaded 150000 examples from /home/chrisjihee/proj/DeepKNLP-24.10/data/nsmc/ratings_train.txt
[10.16 18:37:46] ┇ INFO     ┇         DeepKNLP.cls ┇   === [Example 1] ===
[10.16 18:37:46] ┇ INFO     ┇         DeepKNLP.cls ┇   = sentence : 아 더빙.. 진짜 짜증나네요 목소리
[10.16 18:37:46] ┇ INFO     ┇         DeepKNLP.cls ┇   = tokens   : [CLS] 아 더 ##빙 . . 진짜 짜증 ##나 ##네 ##요 목소리 [SEP] [PAD] [PAD] [PAD] [PAD] [PAD] [PAD] [PAD] [PAD] [PAD] [PAD] [PAD] [PAD] [PAD] [PAD] [PAD] [PAD] [PAD] [PAD] [PAD] [PAD] [PAD] [PAD] [PAD] [PAD] [PAD] [PAD] [PAD] [PAD] [PAD] [PAD] [PAD] [PAD] [PAD] [PAD] [PAD] [PAD] [PAD] [PAD] [PAD] [PAD] [PAD] [PAD] [PAD] [PAD] [PAD] [PAD] [PAD] [PAD] [PAD] [PAD] [PAD]
[10.16 18:37:46] ┇ INFO     ┇         DeepKNLP.cls ┇   = label    : 0
[10.16 18:37:46] ┇ INFO     ┇         DeepKNLP.cls ┇   = features : ClassificationFeatures(input_ids=[2, 3579, 2914, 5236, 518, 518, 7496, 13611, 4773, 5142, 4672, 7484, 3, 0, 0, 0, 0, 0, 0, 0, 0, 0, 0, 0, 0, 0, 0, 0, 0, 0, 0, 0, 0, 0, 0, 0, 0, 0, 0, 0, 0, 0, 0, 0, 0, 0, 0, 0, 0, 0, 0, 0, 0, 0, 0, 0, 0, 0, 0, 0, 0, 0, 0, 0], attention_mask=[1, 1, 1, 1, 1, 1, 1, 1, 1, 1, 1, 1, 1, 0, 0, 0, 0, 0, 0, 0, 0, 0, 0, 0, 0, 0, 0, 0, 0, 0, 0, 0, 0, 0, 0, 0, 0, 0, 0, 0, 0, 0, 0, 0, 0, 0, 0, 0, 0, 0, 0, 0, 0, 0, 0, 0, 0, 0, 0, 0, 0, 0, 0, 0], token_type_ids=[0, 0, 0, 0, 0, 0, 0, 0, 0, 0, 0, 0, 0, 0, 0, 0, 0, 0, 0, 0, 0, 0, 0, 0, 0, 0, 0, 0, 0, 0, 0, 0, 0, 0, 0, 0, 0, 0, 0, 0, 0, 0, 0, 0, 0, 0, 0, 0, 0, 0, 0, 0, 0, 0, 0, 0, 0, 0, 0, 0, 0, 0, 0, 0], label=0)
[10.16 18:37:46] ┇ INFO     ┇         DeepKNLP.cls ┇   === 
[10.16 18:37:46] ┇ INFO     ┇         DeepKNLP.cls ┇   === [Example 2] ===
[10.16 18:37:46] ┇ INFO     ┇         DeepKNLP.cls ┇   = sentence : 흠...포스터보고 초딩영화줄....오버연기조차 가볍지 않구나
[10.16 18:37:46] ┇ INFO     ┇         DeepKNLP.cls ┇   = tokens   : [CLS] 흠 . . . 포스터 ##보 ##고 초 ##딩 ##영화 ##줄 . . . . 오버 ##연 ##기 ##조 ##차 가볍 ##지 않 ##구나 [SEP] [PAD] [PAD] [PAD] [PAD] [PAD] [PAD] [PAD] [PAD] [PAD] [PAD] [PAD] [PAD] [PAD] [PAD] [PAD] [PAD] [PAD] [PAD] [PAD] [PAD] [PAD] [PAD] [PAD] [PAD] [PAD] [PAD] [PAD] [PAD] [PAD] [PAD] [PAD] [PAD] [PAD] [PAD] [PAD] [PAD] [PAD] [PAD]
[10.16 18:37:46] ┇ INFO     ┇         DeepKNLP.cls ┇   = label    : 1
[10.16 18:37:46] ┇ INFO     ┇         DeepKNLP.cls ┇   = features : ClassificationFeatures(input_ids=[2, 4326, 518, 518, 518, 15104, 4557, 4658, 3947, 5051, 20088, 5202, 518, 518, 518, 518, 13422, 4855, 4655, 4872, 4966, 10181, 4760, 3583, 9507, 3, 0, 0, 0, 0, 0, 0, 0, 0, 0, 0, 0, 0, 0, 0, 0, 0, 0, 0, 0, 0, 0, 0, 0, 0, 0, 0, 0, 0, 0, 0, 0, 0, 0, 0, 0, 0, 0, 0], attention_mask=[1, 1, 1, 1, 1, 1, 1, 1, 1, 1, 1, 1, 1, 1, 1, 1, 1, 1, 1, 1, 1, 1, 1, 1, 1, 1, 0, 0, 0, 0, 0, 0, 0, 0, 0, 0, 0, 0, 0, 0, 0, 0, 0, 0, 0, 0, 0, 0, 0, 0, 0, 0, 0, 0, 0, 0, 0, 0, 0, 0, 0, 0, 0, 0], token_type_ids=[0, 0, 0, 0, 0, 0, 0, 0, 0, 0, 0, 0, 0, 0, 0, 0, 0, 0, 0, 0, 0, 0, 0, 0, 0, 0, 0, 0, 0, 0, 0, 0, 0, 0, 0, 0, 0, 0, 0, 0, 0, 0, 0, 0, 0, 0, 0, 0, 0, 0, 0, 0, 0, 0, 0, 0, 0, 0, 0, 0, 0, 0, 0, 0], label=1)
[10.16 18:37:46] ┇ INFO     ┇         DeepKNLP.cls ┇   === 
[10.16 18:37:46] ┇ INFO     ┇         DeepKNLP.cls ┇ Converted 150000 raw examples to 150000 encoded examples
[10.16 18:37:46] ┇ INFO     ┇             __main__ ┇ Created train_dataset providing 150000 examples
[10.16 18:37:46] ┇ INFO     ┇             __main__ ┇ Created train_dataloader providing 3000 batches
[10.16 18:37:46] ┇ INFO     ┇             __main__ ┇ === [after-train_dataloader] ============================================================================================================
[10.16 18:37:46] ┇ INFO     ┇         DeepKNLP.cls ┇ Creating features from /home/chrisjihee/proj/DeepKNLP-24.10/data/nsmc/ratings_valid.txt
[10.16 18:37:47] ┇ INFO     ┇         DeepKNLP.cls ┇ Loaded 50000 examples from /home/chrisjihee/proj/DeepKNLP-24.10/data/nsmc/ratings_valid.txt
[10.16 18:37:50] ┇ INFO     ┇         DeepKNLP.cls ┇   === [Example 1] ===
[10.16 18:37:50] ┇ INFO     ┇         DeepKNLP.cls ┇   = sentence : 굳 ㅋ
[10.16 18:37:50] ┇ INFO     ┇         DeepKNLP.cls ┇   = tokens   : [CLS] 굳 ㅋ [SEP] [PAD] [PAD] [PAD] [PAD] [PAD] [PAD] [PAD] [PAD] [PAD] [PAD] [PAD] [PAD] [PAD] [PAD] [PAD] [PAD] [PAD] [PAD] [PAD] [PAD] [PAD] [PAD] [PAD] [PAD] [PAD] [PAD] [PAD] [PAD] [PAD] [PAD] [PAD] [PAD] [PAD] [PAD] [PAD] [PAD] [PAD] [PAD] [PAD] [PAD] [PAD] [PAD] [PAD] [PAD] [PAD] [PAD] [PAD] [PAD] [PAD] [PAD] [PAD] [PAD] [PAD] [PAD] [PAD] [PAD] [PAD] [PAD] [PAD] [PAD]
[10.16 18:37:50] ┇ INFO     ┇         DeepKNLP.cls ┇   = label    : 1
[10.16 18:37:50] ┇ INFO     ┇         DeepKNLP.cls ┇   = features : ClassificationFeatures(input_ids=[2, 2653, 956, 3, 0, 0, 0, 0, 0, 0, 0, 0, 0, 0, 0, 0, 0, 0, 0, 0, 0, 0, 0, 0, 0, 0, 0, 0, 0, 0, 0, 0, 0, 0, 0, 0, 0, 0, 0, 0, 0, 0, 0, 0, 0, 0, 0, 0, 0, 0, 0, 0, 0, 0, 0, 0, 0, 0, 0, 0, 0, 0, 0, 0], attention_mask=[1, 1, 1, 1, 0, 0, 0, 0, 0, 0, 0, 0, 0, 0, 0, 0, 0, 0, 0, 0, 0, 0, 0, 0, 0, 0, 0, 0, 0, 0, 0, 0, 0, 0, 0, 0, 0, 0, 0, 0, 0, 0, 0, 0, 0, 0, 0, 0, 0, 0, 0, 0, 0, 0, 0, 0, 0, 0, 0, 0, 0, 0, 0, 0], token_type_ids=[0, 0, 0, 0, 0, 0, 0, 0, 0, 0, 0, 0, 0, 0, 0, 0, 0, 0, 0, 0, 0, 0, 0, 0, 0, 0, 0, 0, 0, 0, 0, 0, 0, 0, 0, 0, 0, 0, 0, 0, 0, 0, 0, 0, 0, 0, 0, 0, 0, 0, 0, 0, 0, 0, 0, 0, 0, 0, 0, 0, 0, 0, 0, 0], label=1)
[10.16 18:37:50] ┇ INFO     ┇         DeepKNLP.cls ┇   === 
[10.16 18:37:50] ┇ INFO     ┇         DeepKNLP.cls ┇   === [Example 2] ===
[10.16 18:37:50] ┇ INFO     ┇         DeepKNLP.cls ┇   = sentence : GDNTOPCLASSINTHECLUB
[10.16 18:37:50] ┇ INFO     ┇         DeepKNLP.cls ┇   = tokens   : [CLS] GD ##NT ##O ##P ##C ##LA ##SS ##IN ##T ##H ##EC ##L ##U ##B [SEP] [PAD] [PAD] [PAD] [PAD] [PAD] [PAD] [PAD] [PAD] [PAD] [PAD] [PAD] [PAD] [PAD] [PAD] [PAD] [PAD] [PAD] [PAD] [PAD] [PAD] [PAD] [PAD] [PAD] [PAD] [PAD] [PAD] [PAD] [PAD] [PAD] [PAD] [PAD] [PAD] [PAD] [PAD] [PAD] [PAD] [PAD] [PAD] [PAD] [PAD] [PAD] [PAD] [PAD] [PAD] [PAD] [PAD] [PAD] [PAD]
[10.16 18:37:50] ┇ INFO     ┇         DeepKNLP.cls ┇   = label    : 0
[10.16 18:37:50] ┇ INFO     ┇         DeepKNLP.cls ┇   = features : ClassificationFeatures(input_ids=[2, 35940, 29794, 4561, 4562, 4529, 21569, 33254, 15203, 4720, 4783, 10502, 4651, 4840, 4563, 3, 0, 0, 0, 0, 0, 0, 0, 0, 0, 0, 0, 0, 0, 0, 0, 0, 0, 0, 0, 0, 0, 0, 0, 0, 0, 0, 0, 0, 0, 0, 0, 0, 0, 0, 0, 0, 0, 0, 0, 0, 0, 0, 0, 0, 0, 0, 0, 0], attention_mask=[1, 1, 1, 1, 1, 1, 1, 1, 1, 1, 1, 1, 1, 1, 1, 1, 0, 0, 0, 0, 0, 0, 0, 0, 0, 0, 0, 0, 0, 0, 0, 0, 0, 0, 0, 0, 0, 0, 0, 0, 0, 0, 0, 0, 0, 0, 0, 0, 0, 0, 0, 0, 0, 0, 0, 0, 0, 0, 0, 0, 0, 0, 0, 0], token_type_ids=[0, 0, 0, 0, 0, 0, 0, 0, 0, 0, 0, 0, 0, 0, 0, 0, 0, 0, 0, 0, 0, 0, 0, 0, 0, 0, 0, 0, 0, 0, 0, 0, 0, 0, 0, 0, 0, 0, 0, 0, 0, 0, 0, 0, 0, 0, 0, 0, 0, 0, 0, 0, 0, 0, 0, 0, 0, 0, 0, 0, 0, 0, 0, 0], label=0)
[10.16 18:37:50] ┇ INFO     ┇         DeepKNLP.cls ┇   === 
[10.16 18:37:50] ┇ INFO     ┇         DeepKNLP.cls ┇ Converted 50000 raw examples to 50000 encoded examples
[10.16 18:37:50] ┇ INFO     ┇             __main__ ┇ Created val_dataset providing 50000 examples
[10.16 18:37:50] ┇ INFO     ┇             __main__ ┇ Created val_dataloader providing 1000 batches
[10.16 18:37:50] ┇ INFO     ┇             __main__ ┇ === [after-val_dataloader] ==============================================================================================================
[10.16 18:38:00] ┇ INFO     ┇             __main__ ┇ (Ep 0.05) training:   5%|█▌                            | 150/3000 [00:10<02:57, 16.07x50b/s] | st=150, ep=0.05, loss=0.5233, acc=0.7400
[10.16 18:38:10] ┇ INFO     ┇             __main__ ┇ (Ep 0.10) training:  10%|███                           | 300/3000 [00:19<02:45, 16.31x50b/s] | st=300, ep=0.10, loss=0.3302, acc=0.8800
[10.16 18:38:19] ┇ INFO     ┇             __main__ ┇ (Ep 0.15) training:  15%|████▌                         | 450/3000 [00:28<02:33, 16.66x50b/s] | st=450, ep=0.15, loss=0.3684, acc=0.8000
[10.16 18:38:28] ┇ INFO     ┇             __main__ ┇ (Ep 0.20) training:  20%|██████                        | 600/3000 [00:37<02:24, 16.57x50b/s] | st=600, ep=0.20, loss=0.4217, acc=0.8600
[10.16 18:38:35] ┇ INFO     ┇             __main__ ┇ (Ep 0.20) checking:  50%|██████████          | 500/1000 [00:06<00:06, 76.88x50b/s]
[10.16 18:38:42] ┇ INFO     ┇             __main__ ┇ (Ep 0.20) checking: 100%|████████████████████| 1000/1000 [00:13<00:00, 77.41x50b/s] | st=600, ep=0.20, val_loss=0.3817, val_acc=0.8479
[10.16 18:38:42] ┇ INFO     ┇             __main__ ┇ --- [after-check] -----------------------------------------------------------------------------------------------------------------------
[10.16 18:38:53] ┇ INFO     ┇             __main__ ┇ (Ep 0.25) training:  25%|███████▌                      | 750/3000 [01:02<02:13, 16.89x50b/s] | st=750, ep=0.25, loss=0.3881, acc=0.7800
[10.16 18:39:02] ┇ INFO     ┇             __main__ ┇ (Ep 0.30) training:  30%|█████████                     | 900/3000 [01:11<02:05, 16.73x50b/s] | st=900, ep=0.30, loss=0.3725, acc=0.8600
[10.16 18:39:11] ┇ INFO     ┇             __main__ ┇ (Ep 0.35) training:  35%|██████████▌                   | 1050/3000 [01:21<02:09, 15.01x50b/s] | st=1050, ep=0.35, loss=0.2402, acc=0.9000
[10.16 18:39:22] ┇ INFO     ┇             __main__ ┇ (Ep 0.40) training:  40%|████████████                  | 1200/3000 [01:31<02:00, 14.88x50b/s] | st=1200, ep=0.40, loss=0.2540, acc=0.8800
[10.16 18:39:29] ┇ INFO     ┇             __main__ ┇ (Ep 0.40) checking:  50%|██████████          | 500/1000 [00:06<00:06, 75.94x50b/s]
[10.16 18:39:35] ┇ INFO     ┇             __main__ ┇ (Ep 0.40) checking: 100%|████████████████████| 1000/1000 [00:13<00:00, 77.76x50b/s] | st=1200, ep=0.40, val_loss=0.2707, val_acc=0.8889
[10.16 18:39:35] ┇ INFO     ┇             __main__ ┇ --- [after-check] -----------------------------------------------------------------------------------------------------------------------
[10.16 18:39:46] ┇ INFO     ┇             __main__ ┇ (Ep 0.45) training:  45%|█████████████▌                | 1350/3000 [01:55<01:38, 16.67x50b/s] | st=1350, ep=0.45, loss=0.4551, acc=0.8200
[10.16 18:39:55] ┇ INFO     ┇             __main__ ┇ (Ep 0.50) training:  50%|███████████████               | 1500/3000 [02:04<01:39, 15.01x50b/s] | st=1500, ep=0.50, loss=0.5985, acc=0.6600
[10.16 18:40:04] ┇ INFO     ┇             __main__ ┇ (Ep 0.55) training:  55%|████████████████▌             | 1650/3000 [02:13<01:21, 16.63x50b/s] | st=1650, ep=0.55, loss=0.7056, acc=0.4000
[10.16 18:40:13] ┇ INFO     ┇             __main__ ┇ (Ep 0.60) training:  60%|██████████████████            | 1800/3000 [02:23<01:13, 16.30x50b/s] | st=1800, ep=0.60, loss=0.6888, acc=0.4400
[10.16 18:40:20] ┇ INFO     ┇             __main__ ┇ (Ep 0.60) checking:  50%|██████████          | 500/1000 [00:07<00:06, 75.72x50b/s]
[10.16 18:40:27] ┇ INFO     ┇             __main__ ┇ (Ep 0.60) checking: 100%|████████████████████| 1000/1000 [00:13<00:00, 77.67x50b/s] | st=1800, ep=0.60, val_loss=0.6945, val_acc=0.5036
[10.16 18:40:27] ┇ INFO     ┇             __main__ ┇ --- [after-check] -----------------------------------------------------------------------------------------------------------------------
[10.16 18:40:36] ┇ INFO     ┇             __main__ ┇ (Ep 0.65) training:  65%|███████████████████▌          | 1950/3000 [02:45<01:03, 16.58x50b/s] | st=1950, ep=0.65, loss=0.7328, acc=0.4000
[10.16 18:40:46] ┇ INFO     ┇             __main__ ┇ (Ep 0.70) training:  70%|█████████████████████         | 2100/3000 [02:55<00:59, 15.08x50b/s] | st=2100, ep=0.70, loss=0.6977, acc=0.4600
[10.16 18:40:56] ┇ INFO     ┇             __main__ ┇ (Ep 0.75) training:  75%|██████████████████████▌       | 2250/3000 [03:05<00:48, 15.36x50b/s] | st=2250, ep=0.75, loss=0.6924, acc=0.5200
[10.16 18:41:05] ┇ INFO     ┇             __main__ ┇ (Ep 0.80) training:  80%|████████████████████████      | 2400/3000 [03:15<00:38, 15.39x50b/s] | st=2400, ep=0.80, loss=0.6975, acc=0.5400
[10.16 18:41:12] ┇ INFO     ┇             __main__ ┇ (Ep 0.80) checking:  50%|██████████          | 500/1000 [00:06<00:06, 76.58x50b/s]
[10.16 18:41:19] ┇ INFO     ┇             __main__ ┇ (Ep 0.80) checking: 100%|████████████████████| 1000/1000 [00:13<00:00, 77.10x50b/s] | st=2400, ep=0.80, val_loss=0.6962, val_acc=0.4964
[10.16 18:41:19] ┇ INFO     ┇             __main__ ┇ --- [after-check] -----------------------------------------------------------------------------------------------------------------------
[10.16 18:41:28] ┇ INFO     ┇             __main__ ┇ (Ep 0.85) training:  85%|█████████████████████████▌    | 2550/3000 [03:38<00:29, 15.35x50b/s] | st=2550, ep=0.85, loss=0.7191, acc=0.4600
[10.16 18:41:38] ┇ INFO     ┇             __main__ ┇ (Ep 0.90) training:  90%|███████████████████████████   | 2700/3000 [03:47<00:20, 14.96x50b/s] | st=2700, ep=0.90, loss=0.3029, acc=0.9000
[10.16 18:41:49] ┇ INFO     ┇             __main__ ┇ (Ep 0.95) training:  95%|████████████████████████████▌ | 2850/3000 [03:58<00:10, 14.99x50b/s] | st=2850, ep=0.95, loss=0.2018, acc=0.9400
[10.16 18:41:58] ┇ INFO     ┇             __main__ ┇ (Ep 1.00) training: 100%|██████████████████████████████| 3000/3000 [04:08<00:00, 16.44x50b/s] | st=3000, ep=1.00, loss=0.1860, acc=0.9600
[10.16 18:42:06] ┇ INFO     ┇             __main__ ┇ (Ep 1.00) checking:  50%|██████████          | 500/1000 [00:07<00:06, 75.17x50b/s]
[10.16 18:42:12] ┇ INFO     ┇             __main__ ┇ (Ep 1.00) checking: 100%|████████████████████| 1000/1000 [00:14<00:00, 75.72x50b/s] | st=3000, ep=1.00, val_loss=0.2802, val_acc=0.8848
[10.16 18:42:12] ┇ INFO     ┇             __main__ ┇ --- [after-check] -----------------------------------------------------------------------------------------------------------------------
[10.16 18:42:13] ┇ INFO     ┇             __main__ ┇ === [after-epoch] =======================================================================================================================
[10.16 18:42:13] ┇ INFO     ┇             __main__ ┇ --- [after-train] -----------------------------------------------------------------------------------------------------------------------
[10.16 18:42:13] ┇ INFO     ┇         DeepKNLP.cls ┇ Creating features from /home/chrisjihee/proj/DeepKNLP-24.10/data/nsmc/ratings_valid.txt
[10.16 18:42:13] ┇ INFO     ┇         DeepKNLP.cls ┇ Loaded 50000 examples from /home/chrisjihee/proj/DeepKNLP-24.10/data/nsmc/ratings_valid.txt
[10.16 18:42:17] ┇ INFO     ┇         DeepKNLP.cls ┇   === [Example 1] ===
[10.16 18:42:17] ┇ INFO     ┇         DeepKNLP.cls ┇   = sentence : 굳 ㅋ
[10.16 18:42:17] ┇ INFO     ┇         DeepKNLP.cls ┇   = tokens   : [CLS] 굳 ㅋ [SEP] [PAD] [PAD] [PAD] [PAD] [PAD] [PAD] [PAD] [PAD] [PAD] [PAD] [PAD] [PAD] [PAD] [PAD] [PAD] [PAD] [PAD] [PAD] [PAD] [PAD] [PAD] [PAD] [PAD] [PAD] [PAD] [PAD] [PAD] [PAD] [PAD] [PAD] [PAD] [PAD] [PAD] [PAD] [PAD] [PAD] [PAD] [PAD] [PAD] [PAD] [PAD] [PAD] [PAD] [PAD] [PAD] [PAD] [PAD] [PAD] [PAD] [PAD] [PAD] [PAD] [PAD] [PAD] [PAD] [PAD] [PAD] [PAD] [PAD] [PAD]
[10.16 18:42:17] ┇ INFO     ┇         DeepKNLP.cls ┇   = label    : 1
[10.16 18:42:17] ┇ INFO     ┇         DeepKNLP.cls ┇   = features : ClassificationFeatures(input_ids=[2, 2653, 956, 3, 0, 0, 0, 0, 0, 0, 0, 0, 0, 0, 0, 0, 0, 0, 0, 0, 0, 0, 0, 0, 0, 0, 0, 0, 0, 0, 0, 0, 0, 0, 0, 0, 0, 0, 0, 0, 0, 0, 0, 0, 0, 0, 0, 0, 0, 0, 0, 0, 0, 0, 0, 0, 0, 0, 0, 0, 0, 0, 0, 0], attention_mask=[1, 1, 1, 1, 0, 0, 0, 0, 0, 0, 0, 0, 0, 0, 0, 0, 0, 0, 0, 0, 0, 0, 0, 0, 0, 0, 0, 0, 0, 0, 0, 0, 0, 0, 0, 0, 0, 0, 0, 0, 0, 0, 0, 0, 0, 0, 0, 0, 0, 0, 0, 0, 0, 0, 0, 0, 0, 0, 0, 0, 0, 0, 0, 0], token_type_ids=[0, 0, 0, 0, 0, 0, 0, 0, 0, 0, 0, 0, 0, 0, 0, 0, 0, 0, 0, 0, 0, 0, 0, 0, 0, 0, 0, 0, 0, 0, 0, 0, 0, 0, 0, 0, 0, 0, 0, 0, 0, 0, 0, 0, 0, 0, 0, 0, 0, 0, 0, 0, 0, 0, 0, 0, 0, 0, 0, 0, 0, 0, 0, 0], label=1)
[10.16 18:42:17] ┇ INFO     ┇         DeepKNLP.cls ┇   === 
[10.16 18:42:17] ┇ INFO     ┇         DeepKNLP.cls ┇   === [Example 2] ===
[10.16 18:42:17] ┇ INFO     ┇         DeepKNLP.cls ┇   = sentence : GDNTOPCLASSINTHECLUB
[10.16 18:42:17] ┇ INFO     ┇         DeepKNLP.cls ┇   = tokens   : [CLS] GD ##NT ##O ##P ##C ##LA ##SS ##IN ##T ##H ##EC ##L ##U ##B [SEP] [PAD] [PAD] [PAD] [PAD] [PAD] [PAD] [PAD] [PAD] [PAD] [PAD] [PAD] [PAD] [PAD] [PAD] [PAD] [PAD] [PAD] [PAD] [PAD] [PAD] [PAD] [PAD] [PAD] [PAD] [PAD] [PAD] [PAD] [PAD] [PAD] [PAD] [PAD] [PAD] [PAD] [PAD] [PAD] [PAD] [PAD] [PAD] [PAD] [PAD] [PAD] [PAD] [PAD] [PAD] [PAD] [PAD] [PAD] [PAD]
[10.16 18:42:17] ┇ INFO     ┇         DeepKNLP.cls ┇   = label    : 0
[10.16 18:42:17] ┇ INFO     ┇         DeepKNLP.cls ┇   = features : ClassificationFeatures(input_ids=[2, 35940, 29794, 4561, 4562, 4529, 21569, 33254, 15203, 4720, 4783, 10502, 4651, 4840, 4563, 3, 0, 0, 0, 0, 0, 0, 0, 0, 0, 0, 0, 0, 0, 0, 0, 0, 0, 0, 0, 0, 0, 0, 0, 0, 0, 0, 0, 0, 0, 0, 0, 0, 0, 0, 0, 0, 0, 0, 0, 0, 0, 0, 0, 0, 0, 0, 0, 0], attention_mask=[1, 1, 1, 1, 1, 1, 1, 1, 1, 1, 1, 1, 1, 1, 1, 1, 0, 0, 0, 0, 0, 0, 0, 0, 0, 0, 0, 0, 0, 0, 0, 0, 0, 0, 0, 0, 0, 0, 0, 0, 0, 0, 0, 0, 0, 0, 0, 0, 0, 0, 0, 0, 0, 0, 0, 0, 0, 0, 0, 0, 0, 0, 0, 0], token_type_ids=[0, 0, 0, 0, 0, 0, 0, 0, 0, 0, 0, 0, 0, 0, 0, 0, 0, 0, 0, 0, 0, 0, 0, 0, 0, 0, 0, 0, 0, 0, 0, 0, 0, 0, 0, 0, 0, 0, 0, 0, 0, 0, 0, 0, 0, 0, 0, 0, 0, 0, 0, 0, 0, 0, 0, 0, 0, 0, 0, 0, 0, 0, 0, 0], label=0)
[10.16 18:42:17] ┇ INFO     ┇         DeepKNLP.cls ┇   === 
[10.16 18:42:17] ┇ INFO     ┇         DeepKNLP.cls ┇ Converted 50000 raw examples to 50000 encoded examples
[10.16 18:42:17] ┇ INFO     ┇             __main__ ┇ Created test_dataset providing 50000 examples
[10.16 18:42:17] ┇ INFO     ┇             __main__ ┇ Created test_dataloader providing 1000 batches
[10.16 18:42:17] ┇ INFO     ┇             __main__ ┇ === [after-test_dataloader] =============================================================================================================
[10.16 18:42:17] ┇ INFO     ┇             __main__ ┇ Loading model from finetuning/nsmc/train=kpfbert=ptlm3/version_0/ep=0.4, loss=0.2707, acc=0.8889.ckpt
[10.16 18:42:25] ┇ INFO     ┇             __main__ ┇ (Ep 0.40)  testing:  50%|██████████          | 500/1000 [00:07<00:06, 76.44x50b/s]
[10.16 18:42:32] ┇ INFO     ┇             __main__ ┇ (Ep 0.40)  testing: 100%|████████████████████| 1000/1000 [00:14<00:00, 71.50x50b/s] | st=1200, ep=0.40, test_loss=0.2707, test_acc=0.8889
[10.16 18:42:32] ┇ INFO     ┇             __main__ ┇ --- [after-test] ------------------------------------------------------------------------------------------------------------------------
[10.16 18:42:32] ┇ INFO     ┇       chrisbase.data ┇ =========================================================================================================================================
[10.16 18:42:32] ┇ INFO     ┇       chrisbase.data ┇ [EXIT] python /home/chrisjihee/proj/DeepKNLP-24.10/1-cls.py train --device 1 ($=00:04:57.128)
[10.16 18:42:32] ┇ INFO     ┇       chrisbase.data ┇ =========================================================================================================================================
