(DeepKNLP-25) [dlt@dl026 DeepKNLP-25]$ bash task3-qa/train_qa_seq2seq-2_1.sh
02/25/2025 23:16:18 - WARNING - __main__ - Process rank: 0, device: cuda:0, n_gpu: 1, distributed training: False, 16-bits training: False
02/25/2025 23:16:18 - INFO - __main__ - Training/evaluation parameters Seq2SeqTrainingArguments(
_n_gpu=1,
accelerator_config={'split_batches': False, 'dispatch_batches': None, 'even_batches': True, 'use_seedable_sampler': True, 'non_blocking': False, 'gradient_accumulation_kwargs': None, 'use_configured_state': False},
adafactor=False,
adam_beta1=0.9,
adam_beta2=0.999,
adam_epsilon=1e-08,
auto_find_batch_size=False,
average_tokens_across_devices=False,
batch_eval_metrics=False,
bf16=False,
bf16_full_eval=False,
data_seed=None,
dataloader_drop_last=False,
dataloader_num_workers=0,
dataloader_persistent_workers=False,
dataloader_pin_memory=True,
dataloader_prefetch_factor=None,
ddp_backend=None,
ddp_broadcast_buffers=None,
ddp_bucket_cap_mb=None,
ddp_find_unused_parameters=None,
ddp_timeout=1800,
debug=[],
deepspeed=None,
disable_tqdm=False,
dispatch_batches=None,
do_eval=True,
do_predict=False,
do_train=True,
eval_accumulation_steps=None,
eval_delay=0,
eval_do_concat_batches=True,
eval_on_start=False,
eval_steps=None,
eval_strategy=IntervalStrategy.EPOCH,
eval_use_gather_object=False,
evaluation_strategy=None,
fp16=False,
fp16_backend=auto,
fp16_full_eval=False,
fp16_opt_level=O1,
fsdp=[],
fsdp_config={'min_num_params': 0, 'xla': False, 'xla_fsdp_v2': False, 'xla_fsdp_grad_ckpt': False},
fsdp_min_num_params=0,
fsdp_transformer_layer_cls_to_wrap=None,
full_determinism=False,
generation_config=None,
generation_max_length=None,
generation_num_beams=None,
gradient_accumulation_steps=1,
gradient_checkpointing=False,
gradient_checkpointing_kwargs=None,
greater_is_better=None,
group_by_length=False,
half_precision_backend=auto,
hub_always_push=False,
hub_model_id=None,
hub_private_repo=None,
hub_strategy=HubStrategy.EVERY_SAVE,
hub_token=<HUB_TOKEN>,
ignore_data_skip=False,
include_for_metrics=[],
include_inputs_for_metrics=False,
include_num_input_tokens_seen=False,
include_tokens_per_second=False,
jit_mode_eval=False,
label_names=None,
label_smoothing_factor=0.0,
learning_rate=3e-05,
length_column_name=length,
load_best_model_at_end=False,
local_rank=0,
log_level=passive,
log_level_replica=warning,
log_on_each_node=True,
logging_dir=output/korquad/train_qa_seq2seq-by-pkot5-large/runs/Feb25_23-16-17_dl026,
logging_first_step=False,
logging_nan_inf_filter=True,
logging_steps=500,
logging_strategy=IntervalStrategy.STEPS,
lr_scheduler_kwargs={},
lr_scheduler_type=SchedulerType.LINEAR,
max_grad_norm=1.0,
max_steps=-1,
metric_for_best_model=None,
mp_parameters=,
neftune_noise_alpha=None,
no_cuda=False,
num_train_epochs=3.0,
optim=OptimizerNames.ADAMW_TORCH,
optim_args=None,
optim_target_modules=None,
output_dir=output/korquad/train_qa_seq2seq-by-pkot5-large,
overwrite_output_dir=True,
past_index=-1,
per_device_eval_batch_size=8,
per_device_train_batch_size=12,
predict_with_generate=True,
prediction_loss_only=False,
push_to_hub=False,
push_to_hub_model_id=None,
push_to_hub_organization=None,
push_to_hub_token=<PUSH_TO_HUB_TOKEN>,
ray_scope=last,
remove_unused_columns=True,
report_to=['tensorboard'],
restore_callback_states_from_checkpoint=False,
resume_from_checkpoint=None,
run_name=output/korquad/train_qa_seq2seq-by-pkot5-large,
save_on_each_node=False,
save_only_model=False,
save_safetensors=True,
save_steps=500,
save_strategy=SaveStrategy.EPOCH,
save_total_limit=2,
seed=42,
skip_memory_metrics=True,
sortish_sampler=False,
split_batches=None,
tf32=None,
torch_compile=False,
torch_compile_backend=None,
torch_compile_mode=None,
torch_empty_cache_steps=None,
torchdynamo=None,
tp_size=0,
tpu_metrics_debug=False,
tpu_num_cores=None,
use_cpu=False,
use_ipex=False,
use_legacy_prediction_loop=False,
use_liger_kernel=False,
use_mps_device=False,
warmup_ratio=0.0,
warmup_steps=0,
weight_decay=0.0,
)
Using custom data configuration default-06abf35d5b3a79eb
02/25/2025 23:16:19 - INFO - datasets.builder - Using custom data configuration default-06abf35d5b3a79eb
Loading Dataset Infos from /home/dlt/miniforge3/envs/DeepKNLP-25/lib/python3.12/site-packages/datasets/packaged_modules/json
02/25/2025 23:16:19 - INFO - datasets.info - Loading Dataset Infos from /home/dlt/miniforge3/envs/DeepKNLP-25/lib/python3.12/site-packages/datasets/packaged_modules/json
Overwrite dataset info from restored data version if exists.
02/25/2025 23:16:19 - INFO - datasets.builder - Overwrite dataset info from restored data version if exists.
Loading Dataset info from /home/dlt/.cache/huggingface/datasets/json/default-06abf35d5b3a79eb/0.0.0/f4e89e8750d5d5ffbef2c078bf0ddfedef29dc2faff52a6255cf513c05eb1092
02/25/2025 23:16:19 - INFO - datasets.info - Loading Dataset info from /home/dlt/.cache/huggingface/datasets/json/default-06abf35d5b3a79eb/0.0.0/f4e89e8750d5d5ffbef2c078bf0ddfedef29dc2faff52a6255cf513c05eb1092
Found cached dataset json (/home/dlt/.cache/huggingface/datasets/json/default-06abf35d5b3a79eb/0.0.0/f4e89e8750d5d5ffbef2c078bf0ddfedef29dc2faff52a6255cf513c05eb1092)
02/25/2025 23:16:19 - INFO - datasets.builder - Found cached dataset json (/home/dlt/.cache/huggingface/datasets/json/default-06abf35d5b3a79eb/0.0.0/f4e89e8750d5d5ffbef2c078bf0ddfedef29dc2faff52a6255cf513c05eb1092)
Loading Dataset info from /home/dlt/.cache/huggingface/datasets/json/default-06abf35d5b3a79eb/0.0.0/f4e89e8750d5d5ffbef2c078bf0ddfedef29dc2faff52a6255cf513c05eb1092
02/25/2025 23:16:19 - INFO - datasets.info - Loading Dataset info from /home/dlt/.cache/huggingface/datasets/json/default-06abf35d5b3a79eb/0.0.0/f4e89e8750d5d5ffbef2c078bf0ddfedef29dc2faff52a6255cf513c05eb1092
config.json: 100%|█████████████████████████████████████████████████████████████████████████████████████████████████████████████████████████████████████████████████████████████████████████████████████████████████████████████████████████████████████████████████████████████| 730/730 [00:00<00:00, 8.62MB/s]
[INFO|configuration_utils.py:699] 2025-02-25 23:16:19,531 >> loading configuration file config.json from cache at /home/dlt/.cache/huggingface/hub/models--paust--pko-t5-large/snapshots/42e43de43587bb8888c49d109d00b772ae469264/config.json
[INFO|configuration_utils.py:771] 2025-02-25 23:16:19,534 >> Model config T5Config {
  "_name_or_path": "paust/pko-t5-large",
  "architectures": [
    "T5ForConditionalGeneration"
  ],
  "classifier_dropout": 0.0,
  "d_ff": 2816,
  "d_kv": 64,
  "d_model": 1024,
  "decoder_start_token_id": 0,
  "dense_act_fn": "gelu_new",
  "dropout_rate": 0.1,
  "eos_token_id": 1,
  "feed_forward_proj": "gated-gelu",
  "initializer_factor": 1.0,
  "is_encoder_decoder": true,
  "is_gated_act": true,
  "layer_norm_epsilon": 1e-06,
  "model_type": "t5",
  "num_decoder_layers": 24,
  "num_heads": 16,
  "num_layers": 24,
  "output_past": true,
  "pad_token_id": 0,
  "relative_attention_max_distance": 128,
  "relative_attention_num_buckets": 32,
  "tie_word_embeddings": false,
  "torch_dtype": "float32",
  "transformers_version": "4.50.0.dev0",
  "use_cache": true,
  "vocab_size": 50358
}

tokenizer_config.json: 100%|███████████████████████████████████████████████████████████████████████████████████████████████████████████████████████████████████████████████████████████████████████████████████████████████████████████████████████████████████████████████| 1.94k/1.94k [00:00<00:00, 24.3MB/s]
tokenizer.json: 100%|██████████████████████████████████████████████████████████████████████████████████████████████████████████████████████████████████████████████████████████████████████████████████████████████████████████████████████████████████████████████████████| 2.92M/2.92M [00:00<00:00, 4.12MB/s]
special_tokens_map.json: 100%|█████████████████████████████████████████████████████████████████████████████████████████████████████████████████████████████████████████████████████████████████████████████████████████████████████████████████████████████████████████████| 1.79k/1.79k [00:00<00:00, 23.2MB/s]
[INFO|tokenization_utils_base.py:2050] 2025-02-25 23:16:22,172 >> loading file spiece.model from cache at None
[INFO|tokenization_utils_base.py:2050] 2025-02-25 23:16:22,172 >> loading file tokenizer.json from cache at /home/dlt/.cache/huggingface/hub/models--paust--pko-t5-large/snapshots/42e43de43587bb8888c49d109d00b772ae469264/tokenizer.json
[INFO|tokenization_utils_base.py:2050] 2025-02-25 23:16:22,172 >> loading file added_tokens.json from cache at None
[INFO|tokenization_utils_base.py:2050] 2025-02-25 23:16:22,172 >> loading file special_tokens_map.json from cache at /home/dlt/.cache/huggingface/hub/models--paust--pko-t5-large/snapshots/42e43de43587bb8888c49d109d00b772ae469264/special_tokens_map.json
[INFO|tokenization_utils_base.py:2050] 2025-02-25 23:16:22,172 >> loading file tokenizer_config.json from cache at /home/dlt/.cache/huggingface/hub/models--paust--pko-t5-large/snapshots/42e43de43587bb8888c49d109d00b772ae469264/tokenizer_config.json
[INFO|tokenization_utils_base.py:2050] 2025-02-25 23:16:22,172 >> loading file chat_template.jinja from cache at None
[INFO|tokenization_utils_base.py:2313] 2025-02-25 23:16:22,363 >> Special tokens have been added in the vocabulary, make sure the associated word embeddings are fine-tuned or trained.
model.safetensors: 100%|███████████████████████████████████████████████████████████████████████████████████████████████████████████████████████████████████████████████████████████████████████████████████████████████████████████████████████████████████████████████████| 3.28G/3.28G [00:58<00:00, 56.5MB/s]
[INFO|modeling_utils.py:4024] 2025-02-25 23:17:20,878 >> loading weights file model.safetensors from cache at /home/dlt/.cache/huggingface/hub/models--paust--pko-t5-large/snapshots/42e43de43587bb8888c49d109d00b772ae469264/model.safetensors
[INFO|configuration_utils.py:1140] 2025-02-25 23:17:20,927 >> Generate config GenerationConfig {
  "decoder_start_token_id": 0,
  "eos_token_id": 1,
  "pad_token_id": 0
}

[INFO|modeling_utils.py:5017] 2025-02-25 23:17:21,453 >> All model checkpoint weights were used when initializing T5ForConditionalGeneration.

[INFO|modeling_utils.py:5025] 2025-02-25 23:17:21,453 >> All the weights of T5ForConditionalGeneration were initialized from the model checkpoint at paust/pko-t5-large.
If your task is similar to the task the model of the checkpoint was trained on, you can already use T5ForConditionalGeneration for predictions without further training.
[INFO|modeling_utils.py:4412] 2025-02-25 23:17:21,680 >> Generation config file not found, using a generation config created from the model config.
Running tokenizer on train dataset:   0%|                                                                                                                                                                                                                                      | 0/60407 [00:00<?, ? examples/s]Caching processed dataset at /home/dlt/.cache/huggingface/datasets/json/default-06abf35d5b3a79eb/0.0.0/f4e89e8750d5d5ffbef2c078bf0ddfedef29dc2faff52a6255cf513c05eb1092/cache-c84298ad31ca57ab.arrow
02/25/2025 23:17:21 - INFO - datasets.arrow_dataset - Caching processed dataset at /home/dlt/.cache/huggingface/datasets/json/default-06abf35d5b3a79eb/0.0.0/f4e89e8750d5d5ffbef2c078bf0ddfedef29dc2faff52a6255cf513c05eb1092/cache-c84298ad31ca57ab.arrow
Running tokenizer on train dataset: 100%|████████████████████████████████████████████████████████████████████████████████████████████████████████████████████████████████████████████████████████████████████████████████████████████████████████████████████████| 60407/60407 [00:17<00:00, 3537.55 examples/s]
Running tokenizer on validation dataset:   0%|                                                                                                                                                                                                                                  | 0/5774 [00:00<?, ? examples/s]Caching processed dataset at /home/dlt/.cache/huggingface/datasets/json/default-06abf35d5b3a79eb/0.0.0/f4e89e8750d5d5ffbef2c078bf0ddfedef29dc2faff52a6255cf513c05eb1092/cache-20a38a7756288c67.arrow
02/25/2025 23:17:39 - INFO - datasets.arrow_dataset - Caching processed dataset at /home/dlt/.cache/huggingface/datasets/json/default-06abf35d5b3a79eb/0.0.0/f4e89e8750d5d5ffbef2c078bf0ddfedef29dc2faff52a6255cf513c05eb1092/cache-20a38a7756288c67.arrow
Running tokenizer on validation dataset: 100%|█████████████████████████████████████████████████████████████████████████████████████████████████████████████████████████████████████████████████████████████████████████████████████████████████████████████████████| 5774/5774 [00:03<00:00, 1672.62 examples/s]
[INFO|trainer.py:2407] 2025-02-25 23:17:44,840 >> ***** Running training *****
[INFO|trainer.py:2408] 2025-02-25 23:17:44,840 >>   Num examples = 60,407
[INFO|trainer.py:2409] 2025-02-25 23:17:44,840 >>   Num Epochs = 3
[INFO|trainer.py:2410] 2025-02-25 23:17:44,840 >>   Instantaneous batch size per device = 12
[INFO|trainer.py:2413] 2025-02-25 23:17:44,840 >>   Total train batch size (w. parallel, distributed & accumulation) = 12
[INFO|trainer.py:2414] 2025-02-25 23:17:44,840 >>   Gradient Accumulation steps = 1
[INFO|trainer.py:2415] 2025-02-25 23:17:44,840 >>   Total optimization steps = 15,102
[INFO|trainer.py:2416] 2025-02-25 23:17:44,841 >>   Number of trainable parameters = 820,485,120
  0%|                                                                                                                                                                                                                                                                                 | 0/15102 [00:00<?, ?it/s][WARNING|logging.py:329] 2025-02-25 23:17:45,262 >> Passing a tuple of `past_key_values` is deprecated and will be removed in Transformers v4.48.0. You should pass an instance of `EncoderDecoderCache` instead, e.g. `past_key_values=EncoderDecoderCache.from_legacy_cache(past_key_values)`.
{'loss': 0.6658, 'grad_norm': 4.524296760559082, 'learning_rate': 2.9006754072308305e-05, 'epoch': 0.1}
{'loss': 0.2831, 'grad_norm': 2.613157033920288, 'learning_rate': 2.801350814461661e-05, 'epoch': 0.2}
{'loss': 0.2402, 'grad_norm': 1.7265561819076538, 'learning_rate': 2.7020262216924913e-05, 'epoch': 0.3}
{'loss': 0.2121, 'grad_norm': 3.3436262607574463, 'learning_rate': 2.6027016289233214e-05, 'epoch': 0.4}
{'loss': 0.2186, 'grad_norm': 2.0686042308807373, 'learning_rate': 2.5033770361541518e-05, 'epoch': 0.5}
{'loss': 0.2207, 'grad_norm': 1.600582242012024, 'learning_rate': 2.4040524433849822e-05, 'epoch': 0.6}
{'loss': 0.2173, 'grad_norm': 3.011117935180664, 'learning_rate': 2.3047278506158126e-05, 'epoch': 0.7}
{'loss': 0.1971, 'grad_norm': 8.790229797363281, 'learning_rate': 2.2054032578466427e-05, 'epoch': 0.79}
{'loss': 0.1891, 'grad_norm': 3.1424787044525146, 'learning_rate': 2.1060786650774734e-05, 'epoch': 0.89}
{'loss': 0.1891, 'grad_norm': 0.3540555536746979, 'learning_rate': 2.0067540723083035e-05, 'epoch': 0.99}
 33%|██████████████████████████████████████████████████████████████████████████████████████                                                                                                                                                                            | 5034/15102 [1:03:00<2:03:30,  1.36it/s][INFO|trainer.py:930] 2025-02-26 00:20:45,391 >> The following columns in the evaluation set don't have a corresponding argument in `T5ForConditionalGeneration.forward` and have been ignored: example_id, offset_mapping. If example_id, offset_mapping are not expected by `T5ForConditionalGeneration.forward`,  you can safely ignore this message.
[INFO|trainer.py:4264] 2025-02-26 00:20:45,392 >>
***** Running Evaluation *****
[INFO|trainer.py:4266] 2025-02-26 00:20:45,393 >>   Num examples = 6799
[INFO|trainer.py:4269] 2025-02-26 00:20:45,393 >>   Batch size = 8

02/26/2025 00:27:14 - INFO - __main__ - Saved evaluation predictions to output/korquad/train_qa_seq2seq-by-pkot5-large/eval_predictions.json██████████████████████████████████████████████████████████████████████████████████████████████████████████████████████████████████| 850/850 [06:22<00:00,  2.49it/s]
{'eval_exact_match': 74.71423623138206, 'eval_f1': 78.84229623665026, 'eval_loss': 0.7055491209030151, 'eval_runtime': 382.7623, 'eval_samples_per_second': 17.763, 'eval_steps_per_second': 2.221, 'epoch': 1.0}
 33%|██████████████████████████████████████████████████████████████████████████████████████                                                                                                                                                                            | 5034/15102 [1:09:30<2:03:30,  1.36it/s]
[INFO|trainer.py:3948] 2025-02-26 00:27:15,389 >> Saving model checkpoint to output/korquad/train_qa_seq2seq-by-pkot5-large/checkpoint-5034
[INFO|configuration_utils.py:423] 2025-02-26 00:27:15,390 >> Configuration saved in output/korquad/train_qa_seq2seq-by-pkot5-large/checkpoint-5034/config.json
[INFO|configuration_utils.py:909] 2025-02-26 00:27:15,391 >> Configuration saved in output/korquad/train_qa_seq2seq-by-pkot5-large/checkpoint-5034/generation_config.json
[INFO|modeling_utils.py:3077] 2025-02-26 00:27:17,388 >> Model weights saved in output/korquad/train_qa_seq2seq-by-pkot5-large/checkpoint-5034/model.safetensors
[INFO|tokenization_utils_base.py:2500] 2025-02-26 00:27:17,389 >> tokenizer config file saved in output/korquad/train_qa_seq2seq-by-pkot5-large/checkpoint-5034/tokenizer_config.json
[INFO|tokenization_utils_base.py:2509] 2025-02-26 00:27:17,389 >> Special tokens file saved in output/korquad/train_qa_seq2seq-by-pkot5-large/checkpoint-5034/special_tokens_map.json
{'loss': 0.1317, 'grad_norm': 4.659371376037598, 'learning_rate': 1.907429479539134e-05, 'epoch': 1.09}
{'loss': 0.1216, 'grad_norm': 1.056430697441101, 'learning_rate': 1.8081048867699643e-05, 'epoch': 1.19}
{'loss': 0.1271, 'grad_norm': 0.9772653579711914, 'learning_rate': 1.7087802940007947e-05, 'epoch': 1.29}
{'loss': 0.1308, 'grad_norm': 0.8629533648490906, 'learning_rate': 1.609455701231625e-05, 'epoch': 1.39}
{'loss': 0.1297, 'grad_norm': 0.5700286626815796, 'learning_rate': 1.5101311084624554e-05, 'epoch': 1.49}
{'loss': 0.1225, 'grad_norm': 1.2594224214553833, 'learning_rate': 1.4108065156932856e-05, 'epoch': 1.59}
{'loss': 0.1227, 'grad_norm': 2.5705015659332275, 'learning_rate': 1.3114819229241162e-05, 'epoch': 1.69}
{'loss': 0.1155, 'grad_norm': 0.5844618678092957, 'learning_rate': 1.2121573301549464e-05, 'epoch': 1.79}
{'loss': 0.1282, 'grad_norm': 1.1542890071868896, 'learning_rate': 1.1128327373857768e-05, 'epoch': 1.89}
{'loss': 0.1188, 'grad_norm': 0.7720955014228821, 'learning_rate': 1.013508144616607e-05, 'epoch': 1.99}
 67%|███████████████████████████████████████████████████████████████████████████████████████████████████████████████████████████████████████████████████████████████████████████▎                                                                                     | 10068/15102 [2:12:38<1:01:59,  1.35it/s][INFO|trainer.py:930] 2025-02-26 01:30:23,435 >> The following columns in the evaluation set don't have a corresponding argument in `T5ForConditionalGeneration.forward` and have been ignored: example_id, offset_mapping. If example_id, offset_mapping are not expected by `T5ForConditionalGeneration.forward`,  you can safely ignore this message.
[INFO|trainer.py:4264] 2025-02-26 01:30:23,437 >>
***** Running Evaluation *****
[INFO|trainer.py:4266] 2025-02-26 01:30:23,437 >>   Num examples = 6799
[INFO|trainer.py:4269] 2025-02-26 01:30:23,437 >>   Batch size = 8

02/26/2025 01:37:02 - INFO - __main__ - Saved evaluation predictions to output/korquad/train_qa_seq2seq-by-pkot5-large/eval_predictions.json██████████████████████████████████████████████████████████████████████████████████████████████████████████████████████████████████| 850/850 [06:31<00:00,  2.49it/s]
{'eval_exact_match': 74.69691721510218, 'eval_f1': 78.96442010054757, 'eval_loss': 0.7566088438034058, 'eval_runtime': 392.1218, 'eval_samples_per_second': 17.339, 'eval_steps_per_second': 2.168, 'epoch': 2.0}
 67%|███████████████████████████████████████████████████████████████████████████████████████████████████████████████████████████████████████████████████████████████████████████▎                                                                                     | 10068/15102 [2:19:17<1:01:59,  1.35it/s]
[INFO|trainer.py:3948] 2025-02-26 01:37:02,709 >> Saving model checkpoint to output/korquad/train_qa_seq2seq-by-pkot5-large/checkpoint-10068
[INFO|configuration_utils.py:423] 2025-02-26 01:37:02,710 >> Configuration saved in output/korquad/train_qa_seq2seq-by-pkot5-large/checkpoint-10068/config.json
[INFO|configuration_utils.py:909] 2025-02-26 01:37:02,711 >> Configuration saved in output/korquad/train_qa_seq2seq-by-pkot5-large/checkpoint-10068/generation_config.json
[INFO|modeling_utils.py:3077] 2025-02-26 01:37:04,714 >> Model weights saved in output/korquad/train_qa_seq2seq-by-pkot5-large/checkpoint-10068/model.safetensors
[INFO|tokenization_utils_base.py:2500] 2025-02-26 01:37:04,715 >> tokenizer config file saved in output/korquad/train_qa_seq2seq-by-pkot5-large/checkpoint-10068/tokenizer_config.json
[INFO|tokenization_utils_base.py:2509] 2025-02-26 01:37:04,716 >> Special tokens file saved in output/korquad/train_qa_seq2seq-by-pkot5-large/checkpoint-10068/special_tokens_map.json
{'loss': 0.0885, 'grad_norm': 2.528771162033081, 'learning_rate': 9.141835518474375e-06, 'epoch': 2.09}
{'loss': 0.0811, 'grad_norm': 0.9776760339736938, 'learning_rate': 8.148589590782679e-06, 'epoch': 2.19}
{'loss': 0.0831, 'grad_norm': 1.0220437049865723, 'learning_rate': 7.155343663090981e-06, 'epoch': 2.28}
{'loss': 0.0806, 'grad_norm': 0.09104012697935104, 'learning_rate': 6.162097735399284e-06, 'epoch': 2.38}
{'loss': 0.0797, 'grad_norm': 3.8112945556640625, 'learning_rate': 5.168851807707589e-06, 'epoch': 2.48}
{'loss': 0.0804, 'grad_norm': 0.873976469039917, 'learning_rate': 4.1756058800158925e-06, 'epoch': 2.58}
{'loss': 0.0894, 'grad_norm': 2.195460081100464, 'learning_rate': 3.1823599523241957e-06, 'epoch': 2.68}
{'loss': 0.0831, 'grad_norm': 2.6896233558654785, 'learning_rate': 2.189114024632499e-06, 'epoch': 2.78}
{'loss': 0.0852, 'grad_norm': 2.2947168350219727, 'learning_rate': 1.1958680969408024e-06, 'epoch': 2.88}
{'loss': 0.0822, 'grad_norm': 2.040513038635254, 'learning_rate': 2.026221692491061e-07, 'epoch': 2.98}
100%|███████████████████████████████████████████████████████████████████████████████████████████████████████████████████████████████████████████████████████████████████████████████████████████████████████████████████████████████████████████████████████████████████| 15102/15102 [3:22:24<00:00,  1.36it/s][INFO|trainer.py:930] 2025-02-26 02:40:09,381 >> The following columns in the evaluation set don't have a corresponding argument in `T5ForConditionalGeneration.forward` and have been ignored: example_id, offset_mapping. If example_id, offset_mapping are not expected by `T5ForConditionalGeneration.forward`,  you can safely ignore this message.
[INFO|trainer.py:4264] 2025-02-26 02:40:09,382 >>
***** Running Evaluation *****
[INFO|trainer.py:4266] 2025-02-26 02:40:09,382 >>   Num examples = 6799
[INFO|trainer.py:4269] 2025-02-26 02:40:09,382 >>   Batch size = 8

02/26/2025 02:46:47 - INFO - __main__ - Saved evaluation predictions to output/korquad/train_qa_seq2seq-by-pkot5-large/eval_predictions.json██████████████████████████████████████████████████████████████████████████████████████████████████████████████████████████████████| 850/850 [06:31<00:00,  2.52it/s]
{'eval_exact_match': 74.71423623138206, 'eval_f1': 79.06744075691083, 'eval_loss': 0.8112497329711914, 'eval_runtime': 391.8179, 'eval_samples_per_second': 17.352, 'eval_steps_per_second': 2.169, 'epoch': 3.0}
100%|███████████████████████████████████████████████████████████████████████████████████████████████████████████████████████████████████████████████████████████████████████████████████████████████████████████████████████████████████████████████████████████████████| 15102/15102 [3:29:03<00:00,  1.36it/s]
[INFO|trainer.py:3948] 2025-02-26 02:46:48,313 >> Saving model checkpoint to output/korquad/train_qa_seq2seq-by-pkot5-large/checkpoint-15102
[INFO|configuration_utils.py:423] 2025-02-26 02:46:48,314 >> Configuration saved in output/korquad/train_qa_seq2seq-by-pkot5-large/checkpoint-15102/config.json
[INFO|configuration_utils.py:909] 2025-02-26 02:46:48,314 >> Configuration saved in output/korquad/train_qa_seq2seq-by-pkot5-large/checkpoint-15102/generation_config.json
[INFO|modeling_utils.py:3077] 2025-02-26 02:46:50,291 >> Model weights saved in output/korquad/train_qa_seq2seq-by-pkot5-large/checkpoint-15102/model.safetensors
[INFO|tokenization_utils_base.py:2500] 2025-02-26 02:46:50,292 >> tokenizer config file saved in output/korquad/train_qa_seq2seq-by-pkot5-large/checkpoint-15102/tokenizer_config.json
[INFO|tokenization_utils_base.py:2509] 2025-02-26 02:46:50,292 >> Special tokens file saved in output/korquad/train_qa_seq2seq-by-pkot5-large/checkpoint-15102/special_tokens_map.json
[INFO|trainer.py:4040] 2025-02-26 02:46:54,681 >> Deleting older checkpoint [output/korquad/train_qa_seq2seq-by-pkot5-large/checkpoint-5034] due to args.save_total_limit
[INFO|trainer.py:2663] 2025-02-26 02:46:55,452 >>

Training completed. Do not forget to share your model on huggingface.co/models =)


{'train_runtime': 12550.6108, 'train_samples_per_second': 14.439, 'train_steps_per_second': 1.203, 'train_loss': 0.15669521592718264, 'epoch': 3.0}
100%|███████████████████████████████████████████████████████████████████████████████████████████████████████████████████████████████████████████████████████████████████████████████████████████████████████████████████████████████████████████████████████████████████| 15102/15102 [3:29:10<00:00,  1.20it/s]
[INFO|trainer.py:3948] 2025-02-26 02:46:55,453 >> Saving model checkpoint to output/korquad/train_qa_seq2seq-by-pkot5-large
[INFO|configuration_utils.py:423] 2025-02-26 02:46:55,454 >> Configuration saved in output/korquad/train_qa_seq2seq-by-pkot5-large/config.json
[INFO|configuration_utils.py:909] 2025-02-26 02:46:55,454 >> Configuration saved in output/korquad/train_qa_seq2seq-by-pkot5-large/generation_config.json
[INFO|modeling_utils.py:3077] 2025-02-26 02:46:57,451 >> Model weights saved in output/korquad/train_qa_seq2seq-by-pkot5-large/model.safetensors
[INFO|tokenization_utils_base.py:2500] 2025-02-26 02:46:57,453 >> tokenizer config file saved in output/korquad/train_qa_seq2seq-by-pkot5-large/tokenizer_config.json
[INFO|tokenization_utils_base.py:2509] 2025-02-26 02:46:57,453 >> Special tokens file saved in output/korquad/train_qa_seq2seq-by-pkot5-large/special_tokens_map.json
***** train metrics *****
  epoch                    =         3.0
  total_flos               = 398666378GF
  train_loss               =      0.1567
  train_runtime            =  3:29:10.61
  train_samples            =       60407
  train_samples_per_second =      14.439
  train_steps_per_second   =       1.203
02/26/2025 02:46:57 - INFO - __main__ - *** Evaluate ***
[INFO|trainer.py:930] 2025-02-26 02:46:57,471 >> The following columns in the evaluation set don't have a corresponding argument in `T5ForConditionalGeneration.forward` and have been ignored: example_id, offset_mapping. If example_id, offset_mapping are not expected by `T5ForConditionalGeneration.forward`,  you can safely ignore this message.
[INFO|trainer.py:4264] 2025-02-26 02:46:57,473 >>
***** Running Evaluation *****
[INFO|trainer.py:4266] 2025-02-26 02:46:57,473 >>   Num examples = 6799
[INFO|trainer.py:4269] 2025-02-26 02:46:57,473 >>   Batch size = 8
100%|█████████████████████████████████████████████████████████████████████████████████████████████████████████████████████████████████████████████████████████████████████████████████████████████████████████████████████████████████████████████████████████████████████████| 850/850 [06:42<00:00,  2.51it/s]02/26/2025 02:53:47 - INFO - __main__ - Saved evaluation predictions to output/korquad/train_qa_seq2seq-by-pkot5-large/eval_predictions.json
100%|█████████████████████████████████████████████████████████████████████████████████████████████████████████████████████████████████████████████████████████████████████████████████████████████████████████████████████████████████████████████████████████████████████████| 850/850 [06:49<00:00,  2.08it/s]
***** eval metrics *****
  epoch                   =        3.0
  eval_exact_match        =    74.7316
  eval_f1                 =    79.0712
  eval_loss               =     0.8112
  eval_runtime            = 0:06:42.91
  eval_samples            =       6799
  eval_samples_per_second =     16.875
  eval_steps_per_second   =       2.11
{"exact_match": 74.78351229650156, "f1": 81.67965558409172}
(DeepKNLP-25) [dlt@dl026 DeepKNLP-25]$ python task3-qa/evaluate-KorQuAD-v1.py \
       data/korquad/KorQuAD_v1.0_dev.json \
       output/korquad/train_qa_seq2seq-by-pkot5-large/eval_predictions.json
{"exact_match": 74.78351229650156, "f1": 81.67965558409172}
