[02.04 07:43:43] ┇ INFO    ┇           chrisbase.data ┇ =========================================================================================================================================
[02.04 07:43:43] ┇ INFO    ┇           chrisbase.data ┇ [INIT] python task2-nerG-trainer.py --local_rank=0 --pretrained google/flan-t5-large --run_version FLAN-T5-Large-Baseline --train_file data/gner/each/crossner_music-train.jsonl --eval_file data/gner/each-sampled/crossner_music-dev=100.jsonl --num_train_epochs 12 --eval_epochs 0.5 --per_device_train_batch_size 1 --output_file train-metrics-crossner_music-12ep.csv --logging_file train-loggings-crossner_music-12ep.out --trainer_deepspeed configs/deepspeed/ds2_llama.json
[02.04 07:43:43] ┇ INFO    ┇           chrisbase.data ┇ =========================================================================================================================================
[02.04 07:43:43] ┇ INFO    ┇           chrisbase.data ┇ -----------------------------------------------------------------------------------------------------------------------------------------
[02.04 07:43:43] ┇ INFO    ┇           chrisbase.data ┇   #	TrainingArgumentsForAccelerator              	value
[02.04 07:43:43] ┇ INFO    ┇           chrisbase.data ┇ -----------------------------------------------------------------------------------------------------------------------------------------
[02.04 07:43:43] ┇ INFO    ┇           chrisbase.data ┇   1	env.hostname                                 	dgx-a100
[02.04 07:43:43] ┇ INFO    ┇           chrisbase.data ┇   2	env.hostaddr                                 	129.254.23.12
[02.04 07:43:43] ┇ INFO    ┇           chrisbase.data ┇   3	env.global_rank                              	-1
[02.04 07:43:43] ┇ INFO    ┇           chrisbase.data ┇   4	env.local_rank                               	0
[02.04 07:43:43] ┇ INFO    ┇           chrisbase.data ┇   5	env.node_rank                                	-1
[02.04 07:43:43] ┇ INFO    ┇           chrisbase.data ┇   6	env.world_size                               	4
[02.04 07:43:43] ┇ INFO    ┇           chrisbase.data ┇   7	env.time_stamp                               	0204-074338
[02.04 07:43:43] ┇ INFO    ┇           chrisbase.data ┇   8	env.python_path                              	/raid/chrisjihee/miniforge3/envs/DeepKNLP/bin/python
[02.04 07:43:43] ┇ INFO    ┇           chrisbase.data ┇   9	env.current_dir                              	/raid/chrisjihee/proj/DeepKNLP
[02.04 07:43:43] ┇ INFO    ┇           chrisbase.data ┇  10	env.current_file                             	task2-nerG-trainer.py
[02.04 07:43:43] ┇ INFO    ┇           chrisbase.data ┇  11	env.command_args                             	['--local_rank=0', '--pretrained', 'google/flan-t5-large', '--run_version', 'FLAN-T5-Large-Baseline', '--train_file', 'data/gner/each/crossner_music-train.jsonl', '--eval_file', 'data/gner/each-sampled/crossner_music-dev=100.jsonl', '--num_train_epochs', '12', '--eval_epochs', '0.5', '--per_device_train_batch_size', '1', '--output_file', 'train-metrics-crossner_music-12ep.csv', '--logging_file', 'train-loggings-crossner_music-12ep.out', '--trainer_deepspeed', 'configs/deepspeed/ds2_llama.json']
[02.04 07:43:43] ┇ INFO    ┇           chrisbase.data ┇  12	env.output_home                              	output
[02.04 07:43:43] ┇ INFO    ┇           chrisbase.data ┇  13	env.output_name                              	GNER
[02.04 07:43:43] ┇ INFO    ┇           chrisbase.data ┇  14	env.run_version                              	FLAN-T5-Large-Baseline
[02.04 07:43:43] ┇ INFO    ┇           chrisbase.data ┇  15	env.output_file                              	train-metrics-crossner_music-12ep-0204-074338.csv
[02.04 07:43:43] ┇ INFO    ┇           chrisbase.data ┇  16	env.logging_file                             	train-loggings-crossner_music-12ep-0204-074338.out
[02.04 07:43:43] ┇ INFO    ┇           chrisbase.data ┇  17	env.logging_level                            	30
[02.04 07:43:43] ┇ INFO    ┇           chrisbase.data ┇  18	env.logging_format                           	%(asctime)s ┇ %(levelname)-7s ┇ %(name)24s ┇ %(message)s
[02.04 07:43:43] ┇ INFO    ┇           chrisbase.data ┇  19	env.datetime_format                          	[%m.%d %H:%M:%S]
[02.04 07:43:43] ┇ INFO    ┇           chrisbase.data ┇  20	env.argument_file                            	train-arguments-0204-074338.json
[02.04 07:43:43] ┇ INFO    ┇           chrisbase.data ┇  21	env.random_seed                              	7
[02.04 07:43:43] ┇ INFO    ┇           chrisbase.data ┇  22	env.max_workers                              	4
[02.04 07:43:43] ┇ INFO    ┇           chrisbase.data ┇  23	env.debugging                                	False
[02.04 07:43:43] ┇ INFO    ┇           chrisbase.data ┇  24	env.output_dir                               	output/GNER/FLAN-T5-Large-Baseline
[02.04 07:43:43] ┇ INFO    ┇           chrisbase.data ┇  25	time.t1                                      	2025-02-04 07:43:43.916244
[02.04 07:43:43] ┇ INFO    ┇           chrisbase.data ┇  26	time.t2                                      	2025-02-04 07:43:37.601169
[02.04 07:43:43] ┇ INFO    ┇           chrisbase.data ┇  27	time.started                                 	[02.04 07:43:43]
[02.04 07:43:43] ┇ INFO    ┇           chrisbase.data ┇  28	time.settled
[02.04 07:43:43] ┇ INFO    ┇           chrisbase.data ┇  29	time.elapsed
[02.04 07:43:43] ┇ INFO    ┇           chrisbase.data ┇  30	data.train_file                              	data/gner/each/crossner_music-train.jsonl
[02.04 07:43:43] ┇ INFO    ┇           chrisbase.data ┇  31	data.study_file
[02.04 07:43:43] ┇ INFO    ┇           chrisbase.data ┇  32	data.eval_file                               	data/gner/each-sampled/crossner_music-dev=100.jsonl
[02.04 07:43:43] ┇ INFO    ┇           chrisbase.data ┇  33	data.pred_file
[02.04 07:43:43] ┇ INFO    ┇           chrisbase.data ┇  34	data.pretrained                              	google/flan-t5-large
[02.04 07:43:43] ┇ INFO    ┇           chrisbase.data ┇  35	data.max_train_samples                       	-1
[02.04 07:43:43] ┇ INFO    ┇           chrisbase.data ┇  36	data.max_study_samples                       	-1
[02.04 07:43:43] ┇ INFO    ┇           chrisbase.data ┇  37	data.max_eval_samples                        	-1
[02.04 07:43:43] ┇ INFO    ┇           chrisbase.data ┇  38	data.max_pred_samples                        	-1
[02.04 07:43:43] ┇ INFO    ┇           chrisbase.data ┇  39	data.use_cache_data                          	False
[02.04 07:43:43] ┇ INFO    ┇           chrisbase.data ┇  40	data.progress_seconds                        	10.0
[02.04 07:43:43] ┇ INFO    ┇           chrisbase.data ┇  41	data.max_source_length                       	640
[02.04 07:43:43] ┇ INFO    ┇           chrisbase.data ┇  42	data.max_target_length                       	640
[02.04 07:43:43] ┇ INFO    ┇           chrisbase.data ┇  43	data.write_predictions                       	False
[02.04 07:43:43] ┇ INFO    ┇           chrisbase.data ┇  44	data.ignore_pad_token_for_loss               	True
[02.04 07:43:43] ┇ INFO    ┇           chrisbase.data ┇  45	train._n_gpu                                 	1
[02.04 07:43:43] ┇ INFO    ┇           chrisbase.data ┇  46	train.accelerator_config                     	{'split_batches': False, 'dispatch_batches': None, 'even_batches': True, 'use_seedable_sampler': True, 'non_blocking': False, 'gradient_accumulation_kwargs': None, 'use_configured_state': False}
[02.04 07:43:43] ┇ INFO    ┇           chrisbase.data ┇  47	train.adafactor                              	False
[02.04 07:43:43] ┇ INFO    ┇           chrisbase.data ┇  48	train.adam_beta1                             	0.9
[02.04 07:43:43] ┇ INFO    ┇           chrisbase.data ┇  49	train.adam_beta2                             	0.999
[02.04 07:43:43] ┇ INFO    ┇           chrisbase.data ┇  50	train.adam_epsilon                           	1e-08
[02.04 07:43:43] ┇ INFO    ┇           chrisbase.data ┇  51	train.auto_find_batch_size                   	False
[02.04 07:43:43] ┇ INFO    ┇           chrisbase.data ┇  52	train.average_tokens_across_devices          	False
[02.04 07:43:43] ┇ INFO    ┇           chrisbase.data ┇  53	train.batch_eval_metrics                     	False
[02.04 07:43:43] ┇ INFO    ┇           chrisbase.data ┇  54	train.bf16                                   	True
[02.04 07:43:43] ┇ INFO    ┇           chrisbase.data ┇  55	train.bf16_full_eval                         	True
[02.04 07:43:43] ┇ INFO    ┇           chrisbase.data ┇  56	train.data_seed
[02.04 07:43:43] ┇ INFO    ┇           chrisbase.data ┇  57	train.dataloader_drop_last                   	False
[02.04 07:43:43] ┇ INFO    ┇           chrisbase.data ┇  58	train.dataloader_num_workers                 	0
[02.04 07:43:43] ┇ INFO    ┇           chrisbase.data ┇  59	train.dataloader_persistent_workers          	False
[02.04 07:43:43] ┇ INFO    ┇           chrisbase.data ┇  60	train.dataloader_pin_memory                  	True
[02.04 07:43:43] ┇ INFO    ┇           chrisbase.data ┇  61	train.dataloader_prefetch_factor
[02.04 07:43:43] ┇ INFO    ┇           chrisbase.data ┇  62	train.ddp_backend
[02.04 07:43:43] ┇ INFO    ┇           chrisbase.data ┇  63	train.ddp_broadcast_buffers
[02.04 07:43:43] ┇ INFO    ┇           chrisbase.data ┇  64	train.ddp_bucket_cap_mb
[02.04 07:43:43] ┇ INFO    ┇           chrisbase.data ┇  65	train.ddp_find_unused_parameters
[02.04 07:43:43] ┇ INFO    ┇           chrisbase.data ┇  66	train.ddp_timeout                            	1800
[02.04 07:43:43] ┇ INFO    ┇           chrisbase.data ┇  67	train.debug                                  	[]
[02.04 07:43:43] ┇ INFO    ┇           chrisbase.data ┇  68	train.deepspeed                              	configs/deepspeed/ds2_llama.json
[02.04 07:43:43] ┇ INFO    ┇           chrisbase.data ┇  69	train.disable_tqdm                           	True
[02.04 07:43:43] ┇ INFO    ┇           chrisbase.data ┇  70	train.dispatch_batches
[02.04 07:43:43] ┇ INFO    ┇           chrisbase.data ┇  71	train.do_eval                                	True
[02.04 07:43:43] ┇ INFO    ┇           chrisbase.data ┇  72	train.do_predict                             	False
[02.04 07:43:43] ┇ INFO    ┇           chrisbase.data ┇  73	train.do_train                               	True
[02.04 07:43:43] ┇ INFO    ┇           chrisbase.data ┇  74	train.eval_accumulation_steps                	1
[02.04 07:43:43] ┇ INFO    ┇           chrisbase.data ┇  75	train.eval_delay                             	0.0
[02.04 07:43:43] ┇ INFO    ┇           chrisbase.data ┇  76	train.eval_do_concat_batches                 	True
[02.04 07:43:43] ┇ INFO    ┇           chrisbase.data ┇  77	train.eval_epochs                            	0.5
[02.04 07:43:43] ┇ INFO    ┇           chrisbase.data ┇  78	train.eval_on_start                          	False
[02.04 07:43:43] ┇ INFO    ┇           chrisbase.data ┇  79	train.eval_steps                             	9223372036854775807
[02.04 07:43:43] ┇ INFO    ┇           chrisbase.data ┇  80	train.eval_strategy                          	IntervalStrategy.NO
[02.04 07:43:43] ┇ INFO    ┇           chrisbase.data ┇  81	train.eval_use_gather_object                 	False
[02.04 07:43:43] ┇ INFO    ┇           chrisbase.data ┇  82	train.evaluation_strategy
[02.04 07:43:43] ┇ INFO    ┇           chrisbase.data ┇  83	train.fp16                                   	False
[02.04 07:43:43] ┇ INFO    ┇           chrisbase.data ┇  84	train.fp16_backend                           	auto
[02.04 07:43:43] ┇ INFO    ┇           chrisbase.data ┇  85	train.fp16_full_eval                         	False
[02.04 07:43:43] ┇ INFO    ┇           chrisbase.data ┇  86	train.fp16_opt_level                         	O1
[02.04 07:43:43] ┇ INFO    ┇           chrisbase.data ┇  87	train.fsdp                                   	[]
[02.04 07:43:43] ┇ INFO    ┇           chrisbase.data ┇  88	train.fsdp_config                            	{'min_num_params': 0, 'xla': False, 'xla_fsdp_v2': False, 'xla_fsdp_grad_ckpt': False}
[02.04 07:43:43] ┇ INFO    ┇           chrisbase.data ┇  89	train.fsdp_min_num_params                    	0
[02.04 07:43:43] ┇ INFO    ┇           chrisbase.data ┇  90	train.fsdp_transformer_layer_cls_to_wrap
[02.04 07:43:43] ┇ INFO    ┇           chrisbase.data ┇  91	train.full_determinism                       	False
[02.04 07:43:43] ┇ INFO    ┇           chrisbase.data ┇  92	train.generation_config
[02.04 07:43:43] ┇ INFO    ┇           chrisbase.data ┇  93	train.generation_max_length                  	640
[02.04 07:43:43] ┇ INFO    ┇           chrisbase.data ┇  94	train.generation_num_beams
[02.04 07:43:43] ┇ INFO    ┇           chrisbase.data ┇  95	train.gradient_accumulation_steps            	1
[02.04 07:43:43] ┇ INFO    ┇           chrisbase.data ┇  96	train.gradient_checkpointing                 	True
[02.04 07:43:43] ┇ INFO    ┇           chrisbase.data ┇  97	train.gradient_checkpointing_kwargs
[02.04 07:43:43] ┇ INFO    ┇           chrisbase.data ┇  98	train.greater_is_better
[02.04 07:43:43] ┇ INFO    ┇           chrisbase.data ┇  99	train.group_by_length                        	False
[02.04 07:43:43] ┇ INFO    ┇           chrisbase.data ┇ 100	train.half_precision_backend                 	auto
[02.04 07:43:43] ┇ INFO    ┇           chrisbase.data ┇ 101	train.hub_always_push                        	False
[02.04 07:43:43] ┇ INFO    ┇           chrisbase.data ┇ 102	train.hub_model_id
[02.04 07:43:43] ┇ INFO    ┇           chrisbase.data ┇ 103	train.hub_private_repo
[02.04 07:43:43] ┇ INFO    ┇           chrisbase.data ┇ 104	train.hub_strategy                           	HubStrategy.EVERY_SAVE
[02.04 07:43:43] ┇ INFO    ┇           chrisbase.data ┇ 105	train.hub_token
[02.04 07:43:43] ┇ INFO    ┇           chrisbase.data ┇ 106	train.ignore_data_skip                       	False
[02.04 07:43:43] ┇ INFO    ┇           chrisbase.data ┇ 107	train.include_for_metrics                    	[]
[02.04 07:43:43] ┇ INFO    ┇           chrisbase.data ┇ 108	train.include_inputs_for_metrics             	False
[02.04 07:43:43] ┇ INFO    ┇           chrisbase.data ┇ 109	train.include_num_input_tokens_seen          	False
[02.04 07:43:43] ┇ INFO    ┇           chrisbase.data ┇ 110	train.include_tokens_per_second              	False
[02.04 07:43:43] ┇ INFO    ┇           chrisbase.data ┇ 111	train.jit_mode_eval                          	False
[02.04 07:43:43] ┇ INFO    ┇           chrisbase.data ┇ 112	train.label_names
[02.04 07:43:43] ┇ INFO    ┇           chrisbase.data ┇ 113	train.label_smoothing_factor                 	0.0
[02.04 07:43:43] ┇ INFO    ┇           chrisbase.data ┇ 114	train.learning_rate                          	2e-05
[02.04 07:43:43] ┇ INFO    ┇           chrisbase.data ┇ 115	train.length_column_name                     	length
[02.04 07:43:43] ┇ INFO    ┇           chrisbase.data ┇ 116	train.load_best_model_at_end                 	False
[02.04 07:43:43] ┇ INFO    ┇           chrisbase.data ┇ 117	train.local_rank                             	0
[02.04 07:43:43] ┇ INFO    ┇           chrisbase.data ┇ 118	train.log_level                              	warning
[02.04 07:43:43] ┇ INFO    ┇           chrisbase.data ┇ 119	train.log_level_replica                      	error
[02.04 07:43:43] ┇ INFO    ┇           chrisbase.data ┇ 120	train.log_on_each_node                       	True
[02.04 07:43:43] ┇ INFO    ┇           chrisbase.data ┇ 121	train.logging_dir                            	output/GNER/FLAN-T5-Large-Baseline/runs/Feb04_07-43-42_dgx-a100
[02.04 07:43:43] ┇ INFO    ┇           chrisbase.data ┇ 122	train.logging_epochs                         	-1.0
[02.04 07:43:43] ┇ INFO    ┇           chrisbase.data ┇ 123	train.logging_first_step                     	False
[02.04 07:43:43] ┇ INFO    ┇           chrisbase.data ┇ 124	train.logging_nan_inf_filter                 	True
[02.04 07:43:43] ┇ INFO    ┇           chrisbase.data ┇ 125	train.logging_steps                          	1
[02.04 07:43:43] ┇ INFO    ┇           chrisbase.data ┇ 126	train.logging_strategy                       	IntervalStrategy.STEPS
[02.04 07:43:43] ┇ INFO    ┇           chrisbase.data ┇ 127	train.lr_scheduler_kwargs                    	{}
[02.04 07:43:43] ┇ INFO    ┇           chrisbase.data ┇ 128	train.lr_scheduler_type                      	SchedulerType.COSINE
[02.04 07:43:43] ┇ INFO    ┇           chrisbase.data ┇ 129	train.max_grad_norm                          	1.0
[02.04 07:43:43] ┇ INFO    ┇           chrisbase.data ┇ 130	train.max_steps                              	-1
[02.04 07:43:43] ┇ INFO    ┇           chrisbase.data ┇ 131	train.metric_for_best_model
[02.04 07:43:43] ┇ INFO    ┇           chrisbase.data ┇ 132	train.mp_parameters
[02.04 07:43:43] ┇ INFO    ┇           chrisbase.data ┇ 133	train.neftune_noise_alpha
[02.04 07:43:43] ┇ INFO    ┇           chrisbase.data ┇ 134	train.no_cuda                                	False
[02.04 07:43:43] ┇ INFO    ┇           chrisbase.data ┇ 135	train.num_train_epochs                       	12.0
[02.04 07:43:43] ┇ INFO    ┇           chrisbase.data ┇ 136	train.optim                                  	OptimizerNames.ADAMW_TORCH
[02.04 07:43:43] ┇ INFO    ┇           chrisbase.data ┇ 137	train.optim_args
[02.04 07:43:43] ┇ INFO    ┇           chrisbase.data ┇ 138	train.optim_target_modules
[02.04 07:43:43] ┇ INFO    ┇           chrisbase.data ┇ 139	train.output_dir                             	output/GNER/FLAN-T5-Large-Baseline
[02.04 07:43:43] ┇ INFO    ┇           chrisbase.data ┇ 140	train.overwrite_output_dir                   	True
[02.04 07:43:43] ┇ INFO    ┇           chrisbase.data ┇ 141	train.past_index                             	-1
[02.04 07:43:43] ┇ INFO    ┇           chrisbase.data ┇ 142	train.per_device_eval_batch_size             	25
[02.04 07:43:43] ┇ INFO    ┇           chrisbase.data ┇ 143	train.per_device_train_batch_size            	1
[02.04 07:43:43] ┇ INFO    ┇           chrisbase.data ┇ 144	train.per_gpu_eval_batch_size
[02.04 07:43:43] ┇ INFO    ┇           chrisbase.data ┇ 145	train.per_gpu_train_batch_size
[02.04 07:43:43] ┇ INFO    ┇           chrisbase.data ┇ 146	train.predict_with_generate                  	True
[02.04 07:43:43] ┇ INFO    ┇           chrisbase.data ┇ 147	train.prediction_loss_only                   	False
[02.04 07:43:43] ┇ INFO    ┇           chrisbase.data ┇ 148	train.push_to_hub                            	False
[02.04 07:43:43] ┇ INFO    ┇           chrisbase.data ┇ 149	train.push_to_hub_model_id
[02.04 07:43:43] ┇ INFO    ┇           chrisbase.data ┇ 150	train.push_to_hub_organization
[02.04 07:43:43] ┇ INFO    ┇           chrisbase.data ┇ 151	train.push_to_hub_token
[02.04 07:43:43] ┇ INFO    ┇           chrisbase.data ┇ 152	train.ray_scope                              	last
[02.04 07:43:43] ┇ INFO    ┇           chrisbase.data ┇ 153	train.remove_unused_columns                  	False
[02.04 07:43:43] ┇ INFO    ┇           chrisbase.data ┇ 154	train.report_to                              	[]
[02.04 07:43:43] ┇ INFO    ┇           chrisbase.data ┇ 155	train.restore_callback_states_from_checkpoint	False
[02.04 07:43:43] ┇ INFO    ┇           chrisbase.data ┇ 156	train.resume_from_checkpoint
[02.04 07:43:43] ┇ INFO    ┇           chrisbase.data ┇ 157	train.run_name                               	output/GNER/FLAN-T5-Large-Baseline
[02.04 07:43:43] ┇ INFO    ┇           chrisbase.data ┇ 158	train.save_epochs                            	-1.0
[02.04 07:43:43] ┇ INFO    ┇           chrisbase.data ┇ 159	train.save_on_each_node                      	False
[02.04 07:43:43] ┇ INFO    ┇           chrisbase.data ┇ 160	train.save_only_model                        	False
[02.04 07:43:43] ┇ INFO    ┇           chrisbase.data ┇ 161	train.save_safetensors                       	True
[02.04 07:43:43] ┇ INFO    ┇           chrisbase.data ┇ 162	train.save_steps                             	9223372036854775807
[02.04 07:43:43] ┇ INFO    ┇           chrisbase.data ┇ 163	train.save_strategy                          	SaveStrategy.NO
[02.04 07:43:43] ┇ INFO    ┇           chrisbase.data ┇ 164	train.save_total_limit
[02.04 07:43:43] ┇ INFO    ┇           chrisbase.data ┇ 165	train.seed                                   	7
[02.04 07:43:43] ┇ INFO    ┇           chrisbase.data ┇ 166	train.skip_memory_metrics                    	True
[02.04 07:43:43] ┇ INFO    ┇           chrisbase.data ┇ 167	train.sortish_sampler                        	False
[02.04 07:43:43] ┇ INFO    ┇           chrisbase.data ┇ 168	train.split_batches
[02.04 07:43:43] ┇ INFO    ┇           chrisbase.data ┇ 169	train.tf32                                   	True
[02.04 07:43:43] ┇ INFO    ┇           chrisbase.data ┇ 170	train.torch_compile                          	False
[02.04 07:43:43] ┇ INFO    ┇           chrisbase.data ┇ 171	train.torch_compile_backend
[02.04 07:43:43] ┇ INFO    ┇           chrisbase.data ┇ 172	train.torch_compile_mode
[02.04 07:43:43] ┇ INFO    ┇           chrisbase.data ┇ 173	train.torch_empty_cache_steps
[02.04 07:43:43] ┇ INFO    ┇           chrisbase.data ┇ 174	train.torchdynamo
[02.04 07:43:43] ┇ INFO    ┇           chrisbase.data ┇ 175	train.tpu_metrics_debug                      	False
[02.04 07:43:43] ┇ INFO    ┇           chrisbase.data ┇ 176	train.tpu_num_cores
[02.04 07:43:43] ┇ INFO    ┇           chrisbase.data ┇ 177	train.use_cpu                                	False
[02.04 07:43:43] ┇ INFO    ┇           chrisbase.data ┇ 178	train.use_ipex                               	False
[02.04 07:43:43] ┇ INFO    ┇           chrisbase.data ┇ 179	train.use_legacy_prediction_loop             	False
[02.04 07:43:43] ┇ INFO    ┇           chrisbase.data ┇ 180	train.use_liger_kernel                       	False
[02.04 07:43:43] ┇ INFO    ┇           chrisbase.data ┇ 181	train.use_mps_device                         	False
[02.04 07:43:43] ┇ INFO    ┇           chrisbase.data ┇ 182	train.warmup_ratio                           	0.04
[02.04 07:43:43] ┇ INFO    ┇           chrisbase.data ┇ 183	train.warmup_steps                           	0
[02.04 07:43:43] ┇ INFO    ┇           chrisbase.data ┇ 184	train.weight_decay                           	0.0
[02.04 07:43:43] ┇ INFO    ┇           chrisbase.data ┇ -----------------------------------------------------------------------------------------------------------------------------------------
[02.04 07:43:45] ┇ INFO    ┇                 DeepKNLP ┇ type(model)=<class 'transformers.models.t5.modeling_t5.T5ForConditionalGeneration'>
[02.04 07:43:45] ┇ INFO    ┇                 DeepKNLP ┇ model.generation_config.pad_token_id=0
[02.04 07:43:46] ┇ INFO    ┇                 DeepKNLP ┇ Loaded raw train_dataset (#=100): data/gner/each/crossner_music-train.jsonl
[02.04 07:43:46] ┇ INFO    ┇                 DeepKNLP ┇ Preprocess train_dataset:   4%|▊                   |   4/100 [0:00:00<0:00:04, 21.04Hz]
[02.04 07:43:46] ┇ INFO    ┇                 DeepKNLP ┇ Preprocess train_dataset: 100%|████████████████████| 100/100 [0:00:00<0:00:00, 467.43Hz]
[02.04 07:43:46] ┇ INFO    ┇                 DeepKNLP ┇ Completed preprocessing for train_dataset by google/flan-t5-large at [02.04 07:43:46]
[02.04 07:43:46] ┇ INFO    ┇                 DeepKNLP ┇ Loaded raw eval_dataset (#=100): data/gner/each-sampled/crossner_music-dev=100.jsonl
[02.04 07:43:46] ┇ INFO    ┇                 DeepKNLP ┇ Preprocess eval_dataset:   4%|▊                   |   4/100 [0:00:00<0:00:04, 20.36Hz]
[02.04 07:43:46] ┇ INFO    ┇                 DeepKNLP ┇ Preprocess eval_dataset: 100%|████████████████████| 100/100 [0:00:00<0:00:00, 466.46Hz]
[02.04 07:43:47] ┇ INFO    ┇                 DeepKNLP ┇ Completed preprocessing for eval_dataset by google/flan-t5-large at [02.04 07:43:46]
[02.04 07:44:09] ┇ WARNING ┇                DeepSpeed ┇ Attempting to get learning rate from scheduler before it has started
[02.04 07:44:09] ┇ INFO    ┇    DeepKNLP.gner.trainer ┇ -----------------------------------------------------------------------------------------------------------------------------------------
[02.04 07:44:09] ┇ INFO    ┇    DeepKNLP.gner.trainer ┇ ***** Beginning Training *****
[02.04 07:44:09] ┇ INFO    ┇    DeepKNLP.gner.trainer ┇ >> Train Epochs       = 12.0
[02.04 07:44:09] ┇ INFO    ┇    DeepKNLP.gner.trainer ┇ >> Train Examples     = 100
[02.04 07:44:09] ┇ INFO    ┇    DeepKNLP.gner.trainer ┇ >> Train Batch Size   = 4 = 1 * 1 * 4
[02.04 07:44:09] ┇ INFO    ┇    DeepKNLP.gner.trainer ┇ >> Train Optim Steps  = 300 = 25 * 12.0
[02.04 07:44:09] ┇ INFO    ┇    DeepKNLP.gner.trainer ┇ >> Train Model Params = 783,150,080
[02.04 07:44:09] ┇ INFO    ┇    DeepKNLP.gner.trainer ┇ >> Trainer Callbacks  = DefaultFlowCallback, CustomProgressCallback
[02.04 07:44:09] ┇ INFO    ┇    DeepKNLP.gner.trainer ┇ >> Zero Optim Stage   = 2
[02.04 07:44:09] ┇ INFO    ┇    DeepKNLP.gner.trainer ┇ >> Eval Examples      = 100
[02.04 07:44:09] ┇ INFO    ┇    DeepKNLP.gner.trainer ┇ >> Eval Batch Size    = 100 = 25 * 4
[02.04 07:44:10] ┇ INFO    ┇    DeepKNLP.gner.trainer ┇ [training]   0%|                    |   1/300 [0:00:00<0:03:02, 1.64Hz] | epoch=0.04, loss=0.934600
[02.04 07:44:10] ┇ INFO    ┇    DeepKNLP.gner.trainer ┇ [training]   1%|▏                   |   2/300 [0:00:00<0:02:17, 2.17Hz] | epoch=0.08, loss=0.922900
[02.04 07:44:11] ┇ INFO    ┇    DeepKNLP.gner.trainer ┇ [training]   1%|▏                   |   3/300 [0:00:01<0:02:02, 2.43Hz] | epoch=0.12, loss=0.921900
[02.04 07:44:11] ┇ INFO    ┇    DeepKNLP.gner.trainer ┇ [training]   1%|▎                   |   4/300 [0:00:01<0:01:56, 2.55Hz] | epoch=0.16, loss=0.838900
[02.04 07:44:11] ┇ INFO    ┇    DeepKNLP.gner.trainer ┇ [training]   2%|▎                   |   5/300 [0:00:01<0:01:51, 2.66Hz] | epoch=0.20, loss=0.915000
[02.04 07:44:12] ┇ INFO    ┇    DeepKNLP.gner.trainer ┇ [training]   2%|▍                   |   6/300 [0:00:02<0:01:47, 2.74Hz] | epoch=0.24, loss=0.840800
[02.04 07:44:12] ┇ INFO    ┇    DeepKNLP.gner.trainer ┇ [training]   2%|▍                   |   7/300 [0:00:02<0:01:44, 2.80Hz] | epoch=0.28, loss=0.833000
[02.04 07:44:12] ┇ INFO    ┇    DeepKNLP.gner.trainer ┇ [training]   3%|▌                   |   8/300 [0:00:02<0:01:42, 2.84Hz] | epoch=0.32, loss=0.936500
[02.04 07:44:13] ┇ INFO    ┇    DeepKNLP.gner.trainer ┇ [training]   3%|▌                   |   9/300 [0:00:03<0:01:41, 2.87Hz] | epoch=0.36, loss=0.668900
[02.04 07:44:13] ┇ INFO    ┇    DeepKNLP.gner.trainer ┇ [training]   3%|▋                   |  10/300 [0:00:03<0:01:39, 2.91Hz] | epoch=0.40, loss=0.533700
[02.04 07:44:13] ┇ INFO    ┇    DeepKNLP.gner.trainer ┇ [training]   4%|▋                   |  11/300 [0:00:03<0:01:38, 2.94Hz] | epoch=0.44, loss=0.602500
[02.04 07:44:13] ┇ INFO    ┇    DeepKNLP.gner.trainer ┇ [training]   4%|▊                   |  12/300 [0:00:04<0:01:37, 2.96Hz] | epoch=0.48, loss=0.637700
[02.04 07:44:33] ┇ INFO    ┇    DeepKNLP.gner.trainer ┇ [checking] 100%|████████████████████| 1/1 [0:00:00<0:00:00, 24373.31Hz]
[02.04 07:44:33] ┇ INFO    ┇    DeepKNLP.gner.trainer ┇ [training]   4%|▊                   |  12/300 [0:00:04<0:01:37, 2.96Hz] | epoch=0.48, eval_average=0.0000
[02.04 07:44:33] ┇ INFO    ┇    DeepKNLP.gner.trainer ┇ [training]   4%|▊                   |  13/300 [0:00:23<0:08:47, 0.54Hz] | epoch=0.52, loss=0.482900
[02.04 07:44:34] ┇ INFO    ┇    DeepKNLP.gner.trainer ┇ [training]   5%|▉                   |  14/300 [0:00:24<0:08:14, 0.58Hz] | epoch=0.56, loss=0.451200
[02.04 07:44:34] ┇ INFO    ┇    DeepKNLP.gner.trainer ┇ [training]   5%|█                   |  15/300 [0:00:24<0:07:45, 0.61Hz] | epoch=0.60, loss=0.465800
[02.04 07:44:34] ┇ INFO    ┇    DeepKNLP.gner.trainer ┇ [training]   5%|█                   |  16/300 [0:00:24<0:07:20, 0.64Hz] | epoch=0.64, loss=0.349100
[02.04 07:44:35] ┇ INFO    ┇    DeepKNLP.gner.trainer ┇ [training]   6%|█▏                  |  17/300 [0:00:25<0:06:58, 0.68Hz] | epoch=0.68, loss=0.337900
[02.04 07:44:35] ┇ INFO    ┇    DeepKNLP.gner.trainer ┇ [training]   6%|█▏                  |  18/300 [0:00:25<0:06:38, 0.71Hz] | epoch=0.72, loss=0.363800
[02.04 07:44:35] ┇ INFO    ┇    DeepKNLP.gner.trainer ┇ [training]   6%|█▎                  |  19/300 [0:00:25<0:06:20, 0.74Hz] | epoch=0.76, loss=0.305200
[02.04 07:44:35] ┇ INFO    ┇    DeepKNLP.gner.trainer ┇ [training]   7%|█▎                  |  20/300 [0:00:26<0:06:04, 0.77Hz] | epoch=0.80, loss=0.331500
[02.04 07:44:36] ┇ INFO    ┇    DeepKNLP.gner.trainer ┇ [training]   7%|█▍                  |  21/300 [0:00:26<0:05:50, 0.80Hz] | epoch=0.84, loss=0.248300
[02.04 07:44:36] ┇ INFO    ┇    DeepKNLP.gner.trainer ┇ [training]   7%|█▍                  |  22/300 [0:00:26<0:05:37, 0.82Hz] | epoch=0.88, loss=0.283700
[02.04 07:44:36] ┇ INFO    ┇    DeepKNLP.gner.trainer ┇ [training]   8%|█▌                  |  23/300 [0:00:26<0:05:24, 0.85Hz] | epoch=0.92, loss=0.204600
[02.04 07:44:37] ┇ INFO    ┇    DeepKNLP.gner.trainer ┇ [training]   8%|█▌                  |  24/300 [0:00:27<0:05:13, 0.88Hz] | epoch=0.96, loss=0.266800
[02.04 07:44:37] ┇ INFO    ┇    DeepKNLP.gner.trainer ┇ [training]   8%|█▋                  |  25/300 [0:00:27<0:05:03, 0.91Hz] | epoch=1.00, loss=0.227300
[02.04 07:44:56] ┇ INFO    ┇    DeepKNLP.gner.trainer ┇ [checking] 100%|████████████████████| 1/1 [0:00:00<0:00:00, 26990.64Hz]
[02.04 07:44:56] ┇ INFO    ┇    DeepKNLP.gner.trainer ┇ [training]   8%|█▋                  |  25/300 [0:00:27<0:05:03, 0.91Hz] | epoch=1.00, eval_average=0.1126
[02.04 07:44:57] ┇ INFO    ┇    DeepKNLP.gner.trainer ┇ [training]   9%|█▋                  |  26/300 [0:00:47<0:08:17, 0.55Hz] | epoch=1.04, loss=0.223100
[02.04 07:44:57] ┇ INFO    ┇    DeepKNLP.gner.trainer ┇ [training]   9%|█▊                  |  27/300 [0:00:47<0:08:00, 0.57Hz] | epoch=1.08, loss=0.207300
[02.04 07:44:57] ┇ INFO    ┇    DeepKNLP.gner.trainer ┇ [training]   9%|█▊                  |  28/300 [0:00:47<0:07:44, 0.59Hz] | epoch=1.12, loss=0.134500
[02.04 07:44:58] ┇ INFO    ┇    DeepKNLP.gner.trainer ┇ [training]  10%|█▉                  |  29/300 [0:00:48<0:07:29, 0.60Hz] | epoch=1.16, loss=0.212400
[02.04 07:44:58] ┇ INFO    ┇    DeepKNLP.gner.trainer ┇ [training]  10%|██                  |  30/300 [0:00:48<0:07:16, 0.62Hz] | epoch=1.20, loss=0.272700
[02.04 07:44:58] ┇ INFO    ┇    DeepKNLP.gner.trainer ┇ [training]  10%|██                  |  31/300 [0:00:48<0:07:03, 0.64Hz] | epoch=1.24, loss=0.200800
[02.04 07:44:58] ┇ INFO    ┇    DeepKNLP.gner.trainer ┇ [training]  11%|██▏                 |  32/300 [0:00:49<0:06:51, 0.65Hz] | epoch=1.28, loss=0.149000
[02.04 07:44:59] ┇ INFO    ┇    DeepKNLP.gner.trainer ┇ [training]  11%|██▏                 |  33/300 [0:00:49<0:06:39, 0.67Hz] | epoch=1.32, loss=0.143800
[02.04 07:44:59] ┇ INFO    ┇    DeepKNLP.gner.trainer ┇ [training]  11%|██▎                 |  34/300 [0:00:49<0:06:28, 0.68Hz] | epoch=1.36, loss=0.134900
[02.04 07:44:59] ┇ INFO    ┇    DeepKNLP.gner.trainer ┇ [training]  12%|██▎                 |  35/300 [0:00:50<0:06:18, 0.70Hz] | epoch=1.40, loss=0.159400
[02.04 07:45:00] ┇ INFO    ┇    DeepKNLP.gner.trainer ┇ [training]  12%|██▍                 |  36/300 [0:00:50<0:06:09, 0.72Hz] | epoch=1.44, loss=0.131600
[02.04 07:45:00] ┇ INFO    ┇    DeepKNLP.gner.trainer ┇ [training]  12%|██▍                 |  37/300 [0:00:50<0:05:59, 0.73Hz] | epoch=1.48, loss=0.160900
[02.04 07:45:00] ┇ INFO    ┇    DeepKNLP.gner.trainer ┇ [training]  13%|██▌                 |  38/300 [0:00:50<0:05:51, 0.75Hz] | epoch=1.52, loss=0.145900
[02.04 07:45:19] ┇ INFO    ┇    DeepKNLP.gner.trainer ┇ [checking] 100%|████████████████████| 1/1 [0:00:00<0:00:00, 19807.81Hz]
[02.04 07:45:20] ┇ INFO    ┇    DeepKNLP.gner.trainer ┇ [training]  13%|██▌                 |  38/300 [0:00:50<0:05:51, 0.75Hz] | epoch=1.52, eval_average=0.3234
[02.04 07:45:20] ┇ INFO    ┇    DeepKNLP.gner.trainer ┇ [training]  13%|██▌                 |  39/300 [0:01:10<0:07:52, 0.55Hz] | epoch=1.56, loss=0.126500
[02.04 07:45:20] ┇ INFO    ┇    DeepKNLP.gner.trainer ┇ [training]  13%|██▋                 |  40/300 [0:01:10<0:07:40, 0.56Hz] | epoch=1.60, loss=0.102500
[02.04 07:45:21] ┇ INFO    ┇    DeepKNLP.gner.trainer ┇ [training]  14%|██▋                 |  41/300 [0:01:11<0:07:29, 0.58Hz] | epoch=1.64, loss=0.121300
[02.04 07:45:21] ┇ INFO    ┇    DeepKNLP.gner.trainer ┇ [training]  14%|██▊                 |  42/300 [0:01:11<0:07:19, 0.59Hz] | epoch=1.68, loss=0.116000
[02.04 07:45:21] ┇ INFO    ┇    DeepKNLP.gner.trainer ┇ [training]  14%|██▊                 |  43/300 [0:01:11<0:07:09, 0.60Hz] | epoch=1.72, loss=0.134500
[02.04 07:45:22] ┇ INFO    ┇    DeepKNLP.gner.trainer ┇ [training]  15%|██▉                 |  44/300 [0:01:12<0:06:59, 0.61Hz] | epoch=1.76, loss=0.136600
[02.04 07:45:22] ┇ INFO    ┇    DeepKNLP.gner.trainer ┇ [training]  15%|███                 |  45/300 [0:01:12<0:06:50, 0.62Hz] | epoch=1.80, loss=0.136700
[02.04 07:45:22] ┇ INFO    ┇    DeepKNLP.gner.trainer ┇ [training]  15%|███                 |  46/300 [0:01:12<0:06:41, 0.63Hz] | epoch=1.84, loss=0.130300
[02.04 07:45:22] ┇ INFO    ┇    DeepKNLP.gner.trainer ┇ [training]  16%|███▏                |  47/300 [0:01:13<0:06:33, 0.64Hz] | epoch=1.88, loss=0.138100
[02.04 07:45:23] ┇ INFO    ┇    DeepKNLP.gner.trainer ┇ [training]  16%|███▏                |  48/300 [0:01:13<0:06:25, 0.65Hz] | epoch=1.92, loss=0.148600
[02.04 07:45:23] ┇ INFO    ┇    DeepKNLP.gner.trainer ┇ [training]  16%|███▎                |  49/300 [0:01:13<0:06:17, 0.67Hz] | epoch=1.96, loss=0.139800
[02.04 07:45:23] ┇ INFO    ┇    DeepKNLP.gner.trainer ┇ [training]  17%|███▎                |  50/300 [0:01:13<0:06:09, 0.68Hz] | epoch=2.00, loss=0.085200
[02.04 07:45:42] ┇ INFO    ┇    DeepKNLP.gner.trainer ┇ [checking] 100%|████████████████████| 1/1 [0:00:00<0:00:00, 21822.25Hz]
[02.04 07:45:43] ┇ INFO    ┇    DeepKNLP.gner.trainer ┇ [training]  17%|███▎                |  50/300 [0:01:13<0:06:09, 0.68Hz] | epoch=2.00, eval_average=0.4913
[02.04 07:45:43] ┇ INFO    ┇    DeepKNLP.gner.trainer ┇ [training]  17%|███▍                |  51/300 [0:01:33<0:07:36, 0.55Hz] | epoch=2.04, loss=0.117600
[02.04 07:45:43] ┇ INFO    ┇    DeepKNLP.gner.trainer ┇ [training]  17%|███▍                |  52/300 [0:01:33<0:07:27, 0.55Hz] | epoch=2.08, loss=0.097800
[02.04 07:45:44] ┇ INFO    ┇    DeepKNLP.gner.trainer ┇ [training]  18%|███▌                |  53/300 [0:01:34<0:07:18, 0.56Hz] | epoch=2.12, loss=0.086400
[02.04 07:45:44] ┇ INFO    ┇    DeepKNLP.gner.trainer ┇ [training]  18%|███▌                |  54/300 [0:01:34<0:07:10, 0.57Hz] | epoch=2.16, loss=0.122900
[02.04 07:45:44] ┇ INFO    ┇    DeepKNLP.gner.trainer ┇ [training]  18%|███▋                |  55/300 [0:01:34<0:07:02, 0.58Hz] | epoch=2.20, loss=0.137800
[02.04 07:45:45] ┇ INFO    ┇    DeepKNLP.gner.trainer ┇ [training]  19%|███▋                |  56/300 [0:01:35<0:06:54, 0.59Hz] | epoch=2.24, loss=0.097700
[02.04 07:45:45] ┇ INFO    ┇    DeepKNLP.gner.trainer ┇ [training]  19%|███▊                |  57/300 [0:01:35<0:06:46, 0.60Hz] | epoch=2.28, loss=0.107900
[02.04 07:45:45] ┇ INFO    ┇    DeepKNLP.gner.trainer ┇ [training]  19%|███▊                |  58/300 [0:01:35<0:06:39, 0.61Hz] | epoch=2.32, loss=0.085300
[02.04 07:45:45] ┇ INFO    ┇    DeepKNLP.gner.trainer ┇ [training]  20%|███▉                |  59/300 [0:01:36<0:06:32, 0.61Hz] | epoch=2.36, loss=0.133000
[02.04 07:45:46] ┇ INFO    ┇    DeepKNLP.gner.trainer ┇ [training]  20%|████                |  60/300 [0:01:36<0:06:25, 0.62Hz] | epoch=2.40, loss=0.121300
[02.04 07:45:46] ┇ INFO    ┇    DeepKNLP.gner.trainer ┇ [training]  20%|████                |  61/300 [0:01:36<0:06:18, 0.63Hz] | epoch=2.44, loss=0.074000
[02.04 07:45:46] ┇ INFO    ┇    DeepKNLP.gner.trainer ┇ [training]  21%|████▏               |  62/300 [0:01:36<0:06:12, 0.64Hz] | epoch=2.48, loss=0.109600
[02.04 07:46:01] ┇ INFO    ┇    DeepKNLP.gner.trainer ┇ [checking] 100%|████████████████████| 1/1 [0:00:00<0:00:00, 29705.69Hz]
[02.04 07:46:01] ┇ INFO    ┇    DeepKNLP.gner.trainer ┇ [training]  21%|████▏               |  62/300 [0:01:36<0:06:12, 0.64Hz] | epoch=2.48, eval_average=0.5669
[02.04 07:46:02] ┇ INFO    ┇    DeepKNLP.gner.trainer ┇ [training]  21%|████▏               |  63/300 [0:01:52<0:07:02, 0.56Hz] | epoch=2.52, loss=0.051900
[02.04 07:46:02] ┇ INFO    ┇    DeepKNLP.gner.trainer ┇ [training]  21%|████▎               |  64/300 [0:01:52<0:06:59, 0.56Hz] | epoch=2.56, loss=0.095300
[02.04 07:46:02] ┇ INFO    ┇    DeepKNLP.gner.trainer ┇ [training]  22%|████▎               |  65/300 [0:01:52<0:06:57, 0.56Hz] | epoch=2.60, loss=0.141000
[02.04 07:46:03] ┇ INFO    ┇    DeepKNLP.gner.trainer ┇ [training]  22%|████▍               |  66/300 [0:01:53<0:06:55, 0.56Hz] | epoch=2.64, loss=0.069200
[02.04 07:46:03] ┇ INFO    ┇    DeepKNLP.gner.trainer ┇ [training]  22%|████▍               |  67/300 [0:01:53<0:06:54, 0.56Hz] | epoch=2.68, loss=0.072700
[02.04 07:46:03] ┇ INFO    ┇    DeepKNLP.gner.trainer ┇ [training]  23%|████▌               |  68/300 [0:01:53<0:06:52, 0.56Hz] | epoch=2.72, loss=0.074500
[02.04 07:46:04] ┇ INFO    ┇    DeepKNLP.gner.trainer ┇ [training]  23%|████▌               |  69/300 [0:01:54<0:06:50, 0.56Hz] | epoch=2.76, loss=0.088900
[02.04 07:46:04] ┇ INFO    ┇    DeepKNLP.gner.trainer ┇ [training]  23%|████▋               |  70/300 [0:01:54<0:06:48, 0.56Hz] | epoch=2.80, loss=0.096700
[02.04 07:46:04] ┇ INFO    ┇    DeepKNLP.gner.trainer ┇ [training]  24%|████▋               |  71/300 [0:01:54<0:06:46, 0.56Hz] | epoch=2.84, loss=0.080100
[02.04 07:46:04] ┇ INFO    ┇    DeepKNLP.gner.trainer ┇ [training]  24%|████▊               |  72/300 [0:01:55<0:06:45, 0.56Hz] | epoch=2.88, loss=0.072600
[02.04 07:46:05] ┇ INFO    ┇    DeepKNLP.gner.trainer ┇ [training]  24%|████▊               |  73/300 [0:01:55<0:06:43, 0.56Hz] | epoch=2.92, loss=0.078100
[02.04 07:46:05] ┇ INFO    ┇    DeepKNLP.gner.trainer ┇ [training]  25%|████▉               |  74/300 [0:01:55<0:06:41, 0.56Hz] | epoch=2.96, loss=0.054100
[02.04 07:46:05] ┇ INFO    ┇    DeepKNLP.gner.trainer ┇ [training]  25%|█████               |  75/300 [0:01:55<0:06:39, 0.56Hz] | epoch=3.00, loss=0.081400
[02.04 07:46:18] ┇ INFO    ┇    DeepKNLP.gner.trainer ┇ [checking] 100%|████████████████████| 1/1 [0:00:00<0:00:00, 30488.44Hz]
[02.04 07:46:19] ┇ INFO    ┇    DeepKNLP.gner.trainer ┇ [training]  25%|█████               |  75/300 [0:01:55<0:06:39, 0.56Hz] | epoch=3.00, eval_average=0.6066
[02.04 07:46:19] ┇ INFO    ┇    DeepKNLP.gner.trainer ┇ [training]  25%|█████               |  76/300 [0:02:09<0:06:15, 0.60Hz] | epoch=3.04, loss=0.065100
[02.04 07:46:19] ┇ INFO    ┇    DeepKNLP.gner.trainer ┇ [training]  26%|█████▏              |  77/300 [0:02:09<0:06:13, 0.60Hz] | epoch=3.08, loss=0.059000
[02.04 07:46:19] ┇ INFO    ┇    DeepKNLP.gner.trainer ┇ [training]  26%|█████▏              |  78/300 [0:02:10<0:06:11, 0.60Hz] | epoch=3.12, loss=0.051300
[02.04 07:46:20] ┇ INFO    ┇    DeepKNLP.gner.trainer ┇ [training]  26%|█████▎              |  79/300 [0:02:10<0:06:10, 0.60Hz] | epoch=3.16, loss=0.076800
[02.04 07:46:20] ┇ INFO    ┇    DeepKNLP.gner.trainer ┇ [training]  27%|█████▎              |  80/300 [0:02:10<0:06:08, 0.60Hz] | epoch=3.20, loss=0.055000
[02.04 07:46:20] ┇ INFO    ┇    DeepKNLP.gner.trainer ┇ [training]  27%|█████▍              |  81/300 [0:02:10<0:06:06, 0.60Hz] | epoch=3.24, loss=0.054100
[02.04 07:46:21] ┇ INFO    ┇    DeepKNLP.gner.trainer ┇ [training]  27%|█████▍              |  82/300 [0:02:11<0:06:05, 0.60Hz] | epoch=3.28, loss=0.103100
[02.04 07:46:21] ┇ INFO    ┇    DeepKNLP.gner.trainer ┇ [training]  28%|█████▌              |  83/300 [0:02:11<0:06:03, 0.60Hz] | epoch=3.32, loss=0.085900
[02.04 07:46:21] ┇ INFO    ┇    DeepKNLP.gner.trainer ┇ [training]  28%|█████▌              |  84/300 [0:02:11<0:06:01, 0.60Hz] | epoch=3.36, loss=0.046700
[02.04 07:46:22] ┇ INFO    ┇    DeepKNLP.gner.trainer ┇ [training]  28%|█████▋              |  85/300 [0:02:12<0:06:00, 0.60Hz] | epoch=3.40, loss=0.114300
[02.04 07:46:22] ┇ INFO    ┇    DeepKNLP.gner.trainer ┇ [training]  29%|█████▋              |  86/300 [0:02:12<0:05:58, 0.60Hz] | epoch=3.44, loss=0.070100
[02.04 07:46:22] ┇ INFO    ┇    DeepKNLP.gner.trainer ┇ [training]  29%|█████▊              |  87/300 [0:02:12<0:05:56, 0.60Hz] | epoch=3.48, loss=0.065200
[02.04 07:46:23] ┇ INFO    ┇    DeepKNLP.gner.trainer ┇ [training]  29%|█████▊              |  88/300 [0:02:13<0:05:55, 0.60Hz] | epoch=3.52, loss=0.080900
[02.04 07:46:36] ┇ INFO    ┇    DeepKNLP.gner.trainer ┇ [checking] 100%|████████████████████| 1/1 [0:00:00<0:00:00, 17352.00Hz]
[02.04 07:46:36] ┇ INFO    ┇    DeepKNLP.gner.trainer ┇ [training]  29%|█████▊              |  88/300 [0:02:13<0:05:55, 0.60Hz] | epoch=3.52, eval_average=0.6323
[02.04 07:46:36] ┇ INFO    ┇    DeepKNLP.gner.trainer ┇ [training]  30%|█████▉              |  89/300 [0:02:26<0:05:32, 0.63Hz] | epoch=3.56, loss=0.087400
[02.04 07:46:36] ┇ INFO    ┇    DeepKNLP.gner.trainer ┇ [training]  30%|██████              |  90/300 [0:02:26<0:05:31, 0.63Hz] | epoch=3.60, loss=0.085700
[02.04 07:46:37] ┇ INFO    ┇    DeepKNLP.gner.trainer ┇ [training]  30%|██████              |  91/300 [0:02:27<0:05:29, 0.63Hz] | epoch=3.64, loss=0.054300
[02.04 07:46:37] ┇ INFO    ┇    DeepKNLP.gner.trainer ┇ [training]  31%|██████▏             |  92/300 [0:02:27<0:05:28, 0.63Hz] | epoch=3.68, loss=0.058600
[02.04 07:46:37] ┇ INFO    ┇    DeepKNLP.gner.trainer ┇ [training]  31%|██████▏             |  93/300 [0:02:27<0:05:26, 0.63Hz] | epoch=3.72, loss=0.044000
[02.04 07:46:38] ┇ INFO    ┇    DeepKNLP.gner.trainer ┇ [training]  31%|██████▎             |  94/300 [0:02:28<0:05:24, 0.63Hz] | epoch=3.76, loss=0.053400
[02.04 07:46:38] ┇ INFO    ┇    DeepKNLP.gner.trainer ┇ [training]  32%|██████▎             |  95/300 [0:02:28<0:05:23, 0.63Hz] | epoch=3.80, loss=0.049400
[02.04 07:46:38] ┇ INFO    ┇    DeepKNLP.gner.trainer ┇ [training]  32%|██████▍             |  96/300 [0:02:28<0:05:21, 0.63Hz] | epoch=3.84, loss=0.074500
[02.04 07:46:38] ┇ INFO    ┇    DeepKNLP.gner.trainer ┇ [training]  32%|██████▍             |  97/300 [0:02:29<0:05:20, 0.63Hz] | epoch=3.88, loss=0.049900
[02.04 07:46:39] ┇ INFO    ┇    DeepKNLP.gner.trainer ┇ [training]  33%|██████▌             |  98/300 [0:02:29<0:05:18, 0.63Hz] | epoch=3.92, loss=0.084100
[02.04 07:46:39] ┇ INFO    ┇    DeepKNLP.gner.trainer ┇ [training]  33%|██████▌             |  99/300 [0:02:29<0:05:16, 0.63Hz] | epoch=3.96, loss=0.045100
[02.04 07:46:39] ┇ INFO    ┇    DeepKNLP.gner.trainer ┇ [training]  33%|██████▋             | 100/300 [0:02:29<0:05:15, 0.63Hz] | epoch=4.00, loss=0.047600
[02.04 07:46:55] ┇ INFO    ┇    DeepKNLP.gner.trainer ┇ [checking] 100%|████████████████████| 1/1 [0:00:00<0:00:00, 39688.84Hz]
[02.04 07:46:55] ┇ INFO    ┇    DeepKNLP.gner.trainer ┇ [training]  33%|██████▋             | 100/300 [0:02:29<0:05:15, 0.63Hz] | epoch=4.00, eval_average=0.6708
[02.04 07:46:55] ┇ INFO    ┇    DeepKNLP.gner.trainer ┇ [training]  34%|██████▋             | 101/300 [0:02:45<0:06:03, 0.55Hz] | epoch=4.04, loss=0.050800
[02.04 07:46:56] ┇ INFO    ┇    DeepKNLP.gner.trainer ┇ [training]  34%|██████▊             | 102/300 [0:02:46<0:05:00, 0.66Hz] | epoch=4.08, loss=0.120800
[02.04 07:46:56] ┇ INFO    ┇    DeepKNLP.gner.trainer ┇ [training]  34%|██████▊             | 103/300 [0:02:46<0:04:59, 0.66Hz] | epoch=4.12, loss=0.051600
[02.04 07:46:56] ┇ INFO    ┇    DeepKNLP.gner.trainer ┇ [training]  35%|██████▉             | 104/300 [0:02:46<0:04:57, 0.66Hz] | epoch=4.16, loss=0.049100
[02.04 07:46:57] ┇ INFO    ┇    DeepKNLP.gner.trainer ┇ [training]  35%|███████             | 105/300 [0:02:47<0:04:56, 0.66Hz] | epoch=4.20, loss=0.075000
[02.04 07:46:57] ┇ INFO    ┇    DeepKNLP.gner.trainer ┇ [training]  35%|███████             | 106/300 [0:02:47<0:04:54, 0.66Hz] | epoch=4.24, loss=0.050100
[02.04 07:46:57] ┇ INFO    ┇    DeepKNLP.gner.trainer ┇ [training]  36%|███████▏            | 107/300 [0:02:47<0:04:53, 0.66Hz] | epoch=4.28, loss=0.053300
[02.04 07:46:58] ┇ INFO    ┇    DeepKNLP.gner.trainer ┇ [training]  36%|███████▏            | 108/300 [0:02:48<0:04:51, 0.66Hz] | epoch=4.32, loss=0.072100
[02.04 07:46:58] ┇ INFO    ┇    DeepKNLP.gner.trainer ┇ [training]  36%|███████▎            | 109/300 [0:02:48<0:04:50, 0.66Hz] | epoch=4.36, loss=0.058600
[02.04 07:46:58] ┇ INFO    ┇    DeepKNLP.gner.trainer ┇ [training]  37%|███████▎            | 110/300 [0:02:48<0:04:48, 0.66Hz] | epoch=4.40, loss=0.063000
[02.04 07:46:58] ┇ INFO    ┇    DeepKNLP.gner.trainer ┇ [training]  37%|███████▍            | 111/300 [0:02:49<0:04:47, 0.66Hz] | epoch=4.44, loss=0.072200
[02.04 07:46:59] ┇ INFO    ┇    DeepKNLP.gner.trainer ┇ [training]  37%|███████▍            | 112/300 [0:02:49<0:04:45, 0.66Hz] | epoch=4.48, loss=0.078900
[02.04 07:47:12] ┇ INFO    ┇    DeepKNLP.gner.trainer ┇ [checking] 100%|████████████████████| 1/1 [0:00:00<0:00:00, 29391.82Hz]
[02.04 07:47:12] ┇ INFO    ┇    DeepKNLP.gner.trainer ┇ [training]  37%|███████▍            | 112/300 [0:02:49<0:04:45, 0.66Hz] | epoch=4.48, eval_average=0.6860
[02.04 07:47:12] ┇ INFO    ┇    DeepKNLP.gner.trainer ┇ [training]  38%|███████▌            | 113/300 [0:03:02<0:05:23, 0.58Hz] | epoch=4.52, loss=0.075700
[02.04 07:47:13] ┇ INFO    ┇    DeepKNLP.gner.trainer ┇ [training]  38%|███████▌            | 114/300 [0:03:03<0:04:24, 0.70Hz] | epoch=4.56, loss=0.057700
[02.04 07:47:13] ┇ INFO    ┇    DeepKNLP.gner.trainer ┇ [training]  38%|███████▋            | 115/300 [0:03:03<0:04:22, 0.70Hz] | epoch=4.60, loss=0.049600
[02.04 07:47:13] ┇ INFO    ┇    DeepKNLP.gner.trainer ┇ [training]  39%|███████▋            | 116/300 [0:03:03<0:04:21, 0.70Hz] | epoch=4.64, loss=0.069200
[02.04 07:47:13] ┇ INFO    ┇    DeepKNLP.gner.trainer ┇ [training]  39%|███████▊            | 117/300 [0:03:04<0:04:20, 0.70Hz] | epoch=4.68, loss=0.032800
[02.04 07:47:14] ┇ INFO    ┇    DeepKNLP.gner.trainer ┇ [training]  39%|███████▊            | 118/300 [0:03:04<0:04:18, 0.70Hz] | epoch=4.72, loss=0.052400
[02.04 07:47:14] ┇ INFO    ┇    DeepKNLP.gner.trainer ┇ [training]  40%|███████▉            | 119/300 [0:03:04<0:04:17, 0.70Hz] | epoch=4.76, loss=0.050800
[02.04 07:47:14] ┇ INFO    ┇    DeepKNLP.gner.trainer ┇ [training]  40%|████████            | 120/300 [0:03:04<0:04:15, 0.70Hz] | epoch=4.80, loss=0.067500
[02.04 07:47:15] ┇ INFO    ┇    DeepKNLP.gner.trainer ┇ [training]  40%|████████            | 121/300 [0:03:05<0:04:14, 0.70Hz] | epoch=4.84, loss=0.043900
[02.04 07:47:15] ┇ INFO    ┇    DeepKNLP.gner.trainer ┇ [training]  41%|████████▏           | 122/300 [0:03:05<0:04:12, 0.70Hz] | epoch=4.88, loss=0.039100
[02.04 07:47:15] ┇ INFO    ┇    DeepKNLP.gner.trainer ┇ [training]  41%|████████▏           | 123/300 [0:03:05<0:04:11, 0.70Hz] | epoch=4.92, loss=0.044700
[02.04 07:47:16] ┇ INFO    ┇    DeepKNLP.gner.trainer ┇ [training]  41%|████████▎           | 124/300 [0:03:06<0:04:10, 0.70Hz] | epoch=4.96, loss=0.056800
[02.04 07:47:16] ┇ INFO    ┇    DeepKNLP.gner.trainer ┇ [training]  42%|████████▎           | 125/300 [0:03:06<0:04:08, 0.70Hz] | epoch=5.00, loss=0.088600
[02.04 07:47:29] ┇ INFO    ┇    DeepKNLP.gner.trainer ┇ [checking] 100%|████████████████████| 1/1 [0:00:00<0:00:00, 32788.01Hz]
[02.04 07:47:29] ┇ INFO    ┇    DeepKNLP.gner.trainer ┇ [training]  42%|████████▎           | 125/300 [0:03:06<0:04:08, 0.70Hz] | epoch=5.00, eval_average=0.6788
[02.04 07:47:29] ┇ INFO    ┇    DeepKNLP.gner.trainer ┇ [training]  42%|████████▍           | 126/300 [0:03:19<0:04:02, 0.72Hz] | epoch=5.04, loss=0.044400
[02.04 07:47:30] ┇ INFO    ┇    DeepKNLP.gner.trainer ┇ [training]  42%|████████▍           | 127/300 [0:03:20<0:04:00, 0.72Hz] | epoch=5.08, loss=0.063800
[02.04 07:47:30] ┇ INFO    ┇    DeepKNLP.gner.trainer ┇ [training]  43%|████████▌           | 128/300 [0:03:20<0:03:59, 0.72Hz] | epoch=5.12, loss=0.049200
[02.04 07:47:30] ┇ INFO    ┇    DeepKNLP.gner.trainer ┇ [training]  43%|████████▌           | 129/300 [0:03:20<0:03:58, 0.72Hz] | epoch=5.16, loss=0.044900
[02.04 07:47:31] ┇ INFO    ┇    DeepKNLP.gner.trainer ┇ [training]  43%|████████▋           | 130/300 [0:03:21<0:03:56, 0.72Hz] | epoch=5.20, loss=0.045000
[02.04 07:47:31] ┇ INFO    ┇    DeepKNLP.gner.trainer ┇ [training]  44%|████████▋           | 131/300 [0:03:21<0:03:55, 0.72Hz] | epoch=5.24, loss=0.040000
[02.04 07:47:31] ┇ INFO    ┇    DeepKNLP.gner.trainer ┇ [training]  44%|████████▊           | 132/300 [0:03:21<0:03:53, 0.72Hz] | epoch=5.28, loss=0.028600
[02.04 07:47:32] ┇ INFO    ┇    DeepKNLP.gner.trainer ┇ [training]  44%|████████▊           | 133/300 [0:03:22<0:03:52, 0.72Hz] | epoch=5.32, loss=0.041000
[02.04 07:47:32] ┇ INFO    ┇    DeepKNLP.gner.trainer ┇ [training]  45%|████████▉           | 134/300 [0:03:22<0:03:51, 0.72Hz] | epoch=5.36, loss=0.061800
[02.04 07:47:32] ┇ INFO    ┇    DeepKNLP.gner.trainer ┇ [training]  45%|█████████           | 135/300 [0:03:22<0:03:49, 0.72Hz] | epoch=5.40, loss=0.083800
[02.04 07:47:33] ┇ INFO    ┇    DeepKNLP.gner.trainer ┇ [training]  45%|█████████           | 136/300 [0:03:23<0:03:48, 0.72Hz] | epoch=5.44, loss=0.062100
[02.04 07:47:33] ┇ INFO    ┇    DeepKNLP.gner.trainer ┇ [training]  46%|█████████▏          | 137/300 [0:03:23<0:03:46, 0.72Hz] | epoch=5.48, loss=0.054700
[02.04 07:47:33] ┇ INFO    ┇    DeepKNLP.gner.trainer ┇ [training]  46%|█████████▏          | 138/300 [0:03:23<0:03:45, 0.72Hz] | epoch=5.52, loss=0.024600
[02.04 07:47:46] ┇ INFO    ┇    DeepKNLP.gner.trainer ┇ [checking] 100%|████████████████████| 1/1 [0:00:00<0:00:00, 23124.04Hz]
[02.04 07:47:46] ┇ INFO    ┇    DeepKNLP.gner.trainer ┇ [training]  46%|█████████▏          | 138/300 [0:03:23<0:03:45, 0.72Hz] | epoch=5.52, eval_average=0.6783
[02.04 07:47:46] ┇ INFO    ┇    DeepKNLP.gner.trainer ┇ [training]  46%|█████████▎          | 139/300 [0:03:37<0:03:43, 0.72Hz] | epoch=5.56, loss=0.057900
[02.04 07:47:47] ┇ INFO    ┇    DeepKNLP.gner.trainer ┇ [training]  47%|█████████▎          | 140/300 [0:03:37<0:03:42, 0.72Hz] | epoch=5.60, loss=0.079100
[02.04 07:47:47] ┇ INFO    ┇    DeepKNLP.gner.trainer ┇ [training]  47%|█████████▍          | 141/300 [0:03:37<0:03:41, 0.72Hz] | epoch=5.64, loss=0.026000
[02.04 07:47:47] ┇ INFO    ┇    DeepKNLP.gner.trainer ┇ [training]  47%|█████████▍          | 142/300 [0:03:37<0:03:39, 0.72Hz] | epoch=5.68, loss=0.052700
[02.04 07:47:48] ┇ INFO    ┇    DeepKNLP.gner.trainer ┇ [training]  48%|█████████▌          | 143/300 [0:03:38<0:03:38, 0.72Hz] | epoch=5.72, loss=0.026700
[02.04 07:47:48] ┇ INFO    ┇    DeepKNLP.gner.trainer ┇ [training]  48%|█████████▌          | 144/300 [0:03:38<0:03:36, 0.72Hz] | epoch=5.76, loss=0.057600
[02.04 07:47:48] ┇ INFO    ┇    DeepKNLP.gner.trainer ┇ [training]  48%|█████████▋          | 145/300 [0:03:38<0:03:35, 0.72Hz] | epoch=5.80, loss=0.039500
[02.04 07:47:49] ┇ INFO    ┇    DeepKNLP.gner.trainer ┇ [training]  49%|█████████▋          | 146/300 [0:03:39<0:03:34, 0.72Hz] | epoch=5.84, loss=0.041600
[02.04 07:47:49] ┇ INFO    ┇    DeepKNLP.gner.trainer ┇ [training]  49%|█████████▊          | 147/300 [0:03:39<0:03:32, 0.72Hz] | epoch=5.88, loss=0.058500
[02.04 07:47:49] ┇ INFO    ┇    DeepKNLP.gner.trainer ┇ [training]  49%|█████████▊          | 148/300 [0:03:39<0:03:31, 0.72Hz] | epoch=5.92, loss=0.071300
[02.04 07:47:50] ┇ INFO    ┇    DeepKNLP.gner.trainer ┇ [training]  50%|█████████▉          | 149/300 [0:03:40<0:03:30, 0.72Hz] | epoch=5.96, loss=0.081300
[02.04 07:47:50] ┇ INFO    ┇    DeepKNLP.gner.trainer ┇ [training]  50%|██████████          | 150/300 [0:03:40<0:03:28, 0.72Hz] | epoch=6.00, loss=0.062200
[02.04 07:48:09] ┇ INFO    ┇    DeepKNLP.gner.trainer ┇ [checking] 100%|████████████████████| 1/1 [0:00:00<0:00:00, 38687.82Hz]
[02.04 07:48:09] ┇ INFO    ┇    DeepKNLP.gner.trainer ┇ [training]  50%|██████████          | 150/300 [0:03:40<0:03:28, 0.72Hz] | epoch=6.00, eval_average=0.6851
[02.04 07:48:09] ┇ INFO    ┇    DeepKNLP.gner.trainer ┇ [training]  50%|██████████          | 151/300 [0:03:59<0:04:12, 0.59Hz] | epoch=6.04, loss=0.025200
[02.04 07:48:09] ┇ INFO    ┇    DeepKNLP.gner.trainer ┇ [training]  51%|██████████▏         | 152/300 [0:04:00<0:03:39, 0.67Hz] | epoch=6.08, loss=0.097400
[02.04 07:48:10] ┇ INFO    ┇    DeepKNLP.gner.trainer ┇ [training]  51%|██████████▏         | 153/300 [0:04:00<0:03:38, 0.67Hz] | epoch=6.12, loss=0.042400
[02.04 07:48:10] ┇ INFO    ┇    DeepKNLP.gner.trainer ┇ [training]  51%|██████████▎         | 154/300 [0:04:00<0:03:36, 0.67Hz] | epoch=6.16, loss=0.025100
[02.04 07:48:10] ┇ INFO    ┇    DeepKNLP.gner.trainer ┇ [training]  52%|██████████▎         | 155/300 [0:04:00<0:03:35, 0.67Hz] | epoch=6.20, loss=0.029600
[02.04 07:48:11] ┇ INFO    ┇    DeepKNLP.gner.trainer ┇ [training]  52%|██████████▍         | 156/300 [0:04:01<0:03:33, 0.67Hz] | epoch=6.24, loss=0.027100
[02.04 07:48:11] ┇ INFO    ┇    DeepKNLP.gner.trainer ┇ [training]  52%|██████████▍         | 157/300 [0:04:01<0:03:32, 0.67Hz] | epoch=6.28, loss=0.043500
[02.04 07:48:11] ┇ INFO    ┇    DeepKNLP.gner.trainer ┇ [training]  53%|██████████▌         | 158/300 [0:04:01<0:03:30, 0.67Hz] | epoch=6.32, loss=0.049300
[02.04 07:48:12] ┇ INFO    ┇    DeepKNLP.gner.trainer ┇ [training]  53%|██████████▌         | 159/300 [0:04:02<0:03:29, 0.67Hz] | epoch=6.36, loss=0.057100
[02.04 07:48:12] ┇ INFO    ┇    DeepKNLP.gner.trainer ┇ [training]  53%|██████████▋         | 160/300 [0:04:02<0:03:27, 0.67Hz] | epoch=6.40, loss=0.052800
[02.04 07:48:12] ┇ INFO    ┇    DeepKNLP.gner.trainer ┇ [training]  54%|██████████▋         | 161/300 [0:04:02<0:03:26, 0.67Hz] | epoch=6.44, loss=0.061100
[02.04 07:48:13] ┇ INFO    ┇    DeepKNLP.gner.trainer ┇ [training]  54%|██████████▊         | 162/300 [0:04:03<0:03:24, 0.67Hz] | epoch=6.48, loss=0.051400
[02.04 07:48:31] ┇ INFO    ┇    DeepKNLP.gner.trainer ┇ [checking] 100%|████████████████████| 1/1 [0:00:00<0:00:00, 37807.81Hz]
[02.04 07:48:32] ┇ INFO    ┇    DeepKNLP.gner.trainer ┇ [training]  54%|██████████▊         | 162/300 [0:04:03<0:03:24, 0.67Hz] | epoch=6.48, eval_average=0.6828
[02.04 07:48:32] ┇ INFO    ┇    DeepKNLP.gner.trainer ┇ [training]  54%|██████████▊         | 163/300 [0:04:22<0:04:04, 0.56Hz] | epoch=6.52, loss=0.049300
[02.04 07:48:32] ┇ INFO    ┇    DeepKNLP.gner.trainer ┇ [training]  55%|██████████▉         | 164/300 [0:04:22<0:03:28, 0.65Hz] | epoch=6.56, loss=0.036200
[02.04 07:48:32] ┇ INFO    ┇    DeepKNLP.gner.trainer ┇ [training]  55%|███████████         | 165/300 [0:04:23<0:03:27, 0.65Hz] | epoch=6.60, loss=0.032900
[02.04 07:48:33] ┇ INFO    ┇    DeepKNLP.gner.trainer ┇ [training]  55%|███████████         | 166/300 [0:04:23<0:03:25, 0.65Hz] | epoch=6.64, loss=0.072300
[02.04 07:48:33] ┇ INFO    ┇    DeepKNLP.gner.trainer ┇ [training]  56%|███████████▏        | 167/300 [0:04:23<0:03:24, 0.65Hz] | epoch=6.68, loss=0.047200
[02.04 07:48:33] ┇ INFO    ┇    DeepKNLP.gner.trainer ┇ [training]  56%|███████████▏        | 168/300 [0:04:23<0:03:22, 0.65Hz] | epoch=6.72, loss=0.065900
[02.04 07:48:34] ┇ INFO    ┇    DeepKNLP.gner.trainer ┇ [training]  56%|███████████▎        | 169/300 [0:04:24<0:03:21, 0.65Hz] | epoch=6.76, loss=0.049100
[02.04 07:48:34] ┇ INFO    ┇    DeepKNLP.gner.trainer ┇ [training]  57%|███████████▎        | 170/300 [0:04:24<0:03:19, 0.65Hz] | epoch=6.80, loss=0.053300
[02.04 07:48:34] ┇ INFO    ┇    DeepKNLP.gner.trainer ┇ [training]  57%|███████████▍        | 171/300 [0:04:24<0:03:18, 0.65Hz] | epoch=6.84, loss=0.077000
[02.04 07:48:35] ┇ INFO    ┇    DeepKNLP.gner.trainer ┇ [training]  57%|███████████▍        | 172/300 [0:04:25<0:03:16, 0.65Hz] | epoch=6.88, loss=0.054400
[02.04 07:48:35] ┇ INFO    ┇    DeepKNLP.gner.trainer ┇ [training]  58%|███████████▌        | 173/300 [0:04:25<0:03:15, 0.65Hz] | epoch=6.92, loss=0.041100
[02.04 07:48:35] ┇ INFO    ┇    DeepKNLP.gner.trainer ┇ [training]  58%|███████████▌        | 174/300 [0:04:25<0:03:13, 0.65Hz] | epoch=6.96, loss=0.029400
[02.04 07:48:36] ┇ INFO    ┇    DeepKNLP.gner.trainer ┇ [training]  58%|███████████▋        | 175/300 [0:04:26<0:03:12, 0.65Hz] | epoch=7.00, loss=0.035200
[02.04 07:48:54] ┇ INFO    ┇    DeepKNLP.gner.trainer ┇ [checking] 100%|████████████████████| 1/1 [0:00:00<0:00:00, 34798.48Hz]
[02.04 07:48:55] ┇ INFO    ┇    DeepKNLP.gner.trainer ┇ [training]  58%|███████████▋        | 175/300 [0:04:26<0:03:12, 0.65Hz] | epoch=7.00, eval_average=0.6919
[02.04 07:48:55] ┇ INFO    ┇    DeepKNLP.gner.trainer ┇ [training]  59%|███████████▋        | 176/300 [0:04:45<0:03:22, 0.61Hz] | epoch=7.04, loss=0.042100
[02.04 07:48:55] ┇ INFO    ┇    DeepKNLP.gner.trainer ┇ [training]  59%|███████████▊        | 177/300 [0:04:45<0:03:20, 0.61Hz] | epoch=7.08, loss=0.046400
[02.04 07:48:56] ┇ INFO    ┇    DeepKNLP.gner.trainer ┇ [training]  59%|███████████▊        | 178/300 [0:04:46<0:03:18, 0.61Hz] | epoch=7.12, loss=0.046100
[02.04 07:48:56] ┇ INFO    ┇    DeepKNLP.gner.trainer ┇ [training]  60%|███████████▉        | 179/300 [0:04:46<0:03:17, 0.61Hz] | epoch=7.16, loss=0.036200
[02.04 07:48:56] ┇ INFO    ┇    DeepKNLP.gner.trainer ┇ [training]  60%|████████████        | 180/300 [0:04:46<0:03:15, 0.61Hz] | epoch=7.20, loss=0.075100
[02.04 07:48:56] ┇ INFO    ┇    DeepKNLP.gner.trainer ┇ [training]  60%|████████████        | 181/300 [0:04:47<0:03:14, 0.61Hz] | epoch=7.24, loss=0.047800
[02.04 07:48:57] ┇ INFO    ┇    DeepKNLP.gner.trainer ┇ [training]  61%|████████████▏       | 182/300 [0:04:47<0:03:12, 0.61Hz] | epoch=7.28, loss=0.022600
[02.04 07:48:57] ┇ INFO    ┇    DeepKNLP.gner.trainer ┇ [training]  61%|████████████▏       | 183/300 [0:04:47<0:03:10, 0.61Hz] | epoch=7.32, loss=0.024900
[02.04 07:48:57] ┇ INFO    ┇    DeepKNLP.gner.trainer ┇ [training]  61%|████████████▎       | 184/300 [0:04:47<0:03:09, 0.61Hz] | epoch=7.36, loss=0.031700
[02.04 07:48:58] ┇ INFO    ┇    DeepKNLP.gner.trainer ┇ [training]  62%|████████████▎       | 185/300 [0:04:48<0:03:07, 0.61Hz] | epoch=7.40, loss=0.030600
[02.04 07:48:58] ┇ INFO    ┇    DeepKNLP.gner.trainer ┇ [training]  62%|████████████▍       | 186/300 [0:04:48<0:03:05, 0.61Hz] | epoch=7.44, loss=0.025700
[02.04 07:48:58] ┇ INFO    ┇    DeepKNLP.gner.trainer ┇ [training]  62%|████████████▍       | 187/300 [0:04:48<0:03:04, 0.61Hz] | epoch=7.48, loss=0.037900
[02.04 07:48:59] ┇ INFO    ┇    DeepKNLP.gner.trainer ┇ [training]  63%|████████████▌       | 188/300 [0:04:49<0:03:02, 0.61Hz] | epoch=7.52, loss=0.049400
[02.04 07:49:11] ┇ INFO    ┇    DeepKNLP.gner.trainer ┇ [checking] 100%|████████████████████| 1/1 [0:00:00<0:00:00, 15355.84Hz]
[02.04 07:49:12] ┇ INFO    ┇    DeepKNLP.gner.trainer ┇ [training]  63%|████████████▌       | 188/300 [0:04:49<0:03:02, 0.61Hz] | epoch=7.52, eval_average=0.7017
[02.04 07:49:12] ┇ INFO    ┇    DeepKNLP.gner.trainer ┇ [training]  63%|████████████▌       | 189/300 [0:05:02<0:03:00, 0.61Hz] | epoch=7.56, loss=0.042200
[02.04 07:49:12] ┇ INFO    ┇    DeepKNLP.gner.trainer ┇ [training]  63%|████████████▋       | 190/300 [0:05:02<0:02:59, 0.61Hz] | epoch=7.60, loss=0.063000
[02.04 07:49:13] ┇ INFO    ┇    DeepKNLP.gner.trainer ┇ [training]  64%|████████████▋       | 191/300 [0:05:03<0:02:57, 0.61Hz] | epoch=7.64, loss=0.037800
[02.04 07:49:13] ┇ INFO    ┇    DeepKNLP.gner.trainer ┇ [training]  64%|████████████▊       | 192/300 [0:05:03<0:02:55, 0.61Hz] | epoch=7.68, loss=0.037800
[02.04 07:49:13] ┇ INFO    ┇    DeepKNLP.gner.trainer ┇ [training]  64%|████████████▊       | 193/300 [0:05:03<0:02:54, 0.61Hz] | epoch=7.72, loss=0.031300
[02.04 07:49:14] ┇ INFO    ┇    DeepKNLP.gner.trainer ┇ [training]  65%|████████████▉       | 194/300 [0:05:04<0:02:52, 0.61Hz] | epoch=7.76, loss=0.087200
[02.04 07:49:14] ┇ INFO    ┇    DeepKNLP.gner.trainer ┇ [training]  65%|█████████████       | 195/300 [0:05:04<0:02:50, 0.61Hz] | epoch=7.80, loss=0.043300
[02.04 07:49:14] ┇ INFO    ┇    DeepKNLP.gner.trainer ┇ [training]  65%|█████████████       | 196/300 [0:05:04<0:02:49, 0.61Hz] | epoch=7.84, loss=0.036200
[02.04 07:49:14] ┇ INFO    ┇    DeepKNLP.gner.trainer ┇ [training]  66%|█████████████▏      | 197/300 [0:05:05<0:02:47, 0.61Hz] | epoch=7.88, loss=0.024900
[02.04 07:49:15] ┇ INFO    ┇    DeepKNLP.gner.trainer ┇ [training]  66%|█████████████▏      | 198/300 [0:05:05<0:02:45, 0.61Hz] | epoch=7.92, loss=0.038600
[02.04 07:49:15] ┇ INFO    ┇    DeepKNLP.gner.trainer ┇ [training]  66%|█████████████▎      | 199/300 [0:05:05<0:02:44, 0.61Hz] | epoch=7.96, loss=0.040900
[02.04 07:49:15] ┇ INFO    ┇    DeepKNLP.gner.trainer ┇ [training]  67%|█████████████▎      | 200/300 [0:05:05<0:02:42, 0.61Hz] | epoch=8.00, loss=0.036500
[02.04 07:49:28] ┇ INFO    ┇    DeepKNLP.gner.trainer ┇ [checking] 100%|████████████████████| 1/1 [0:00:00<0:00:00, 38435.78Hz]
[02.04 07:49:28] ┇ INFO    ┇    DeepKNLP.gner.trainer ┇ [training]  67%|█████████████▎      | 200/300 [0:05:05<0:02:42, 0.61Hz] | epoch=8.00, eval_average=0.7047
[02.04 07:49:29] ┇ INFO    ┇    DeepKNLP.gner.trainer ┇ [training]  67%|█████████████▍      | 201/300 [0:05:19<0:03:01, 0.55Hz] | epoch=8.04, loss=0.037200
[02.04 07:49:29] ┇ INFO    ┇    DeepKNLP.gner.trainer ┇ [training]  67%|█████████████▍      | 202/300 [0:05:19<0:02:39, 0.61Hz] | epoch=8.08, loss=0.055900
[02.04 07:49:29] ┇ INFO    ┇    DeepKNLP.gner.trainer ┇ [training]  68%|█████████████▌      | 203/300 [0:05:19<0:02:37, 0.61Hz] | epoch=8.12, loss=0.032100
[02.04 07:49:30] ┇ INFO    ┇    DeepKNLP.gner.trainer ┇ [training]  68%|█████████████▌      | 204/300 [0:05:20<0:02:36, 0.61Hz] | epoch=8.16, loss=0.059600
[02.04 07:49:30] ┇ INFO    ┇    DeepKNLP.gner.trainer ┇ [training]  68%|█████████████▋      | 205/300 [0:05:20<0:02:34, 0.61Hz] | epoch=8.20, loss=0.021000
[02.04 07:49:30] ┇ INFO    ┇    DeepKNLP.gner.trainer ┇ [training]  69%|█████████████▋      | 206/300 [0:05:20<0:02:32, 0.61Hz] | epoch=8.24, loss=0.041000
[02.04 07:49:30] ┇ INFO    ┇    DeepKNLP.gner.trainer ┇ [training]  69%|█████████████▊      | 207/300 [0:05:21<0:02:31, 0.61Hz] | epoch=8.28, loss=0.046700
[02.04 07:49:31] ┇ INFO    ┇    DeepKNLP.gner.trainer ┇ [training]  69%|█████████████▊      | 208/300 [0:05:21<0:02:29, 0.61Hz] | epoch=8.32, loss=0.026500
[02.04 07:49:31] ┇ INFO    ┇    DeepKNLP.gner.trainer ┇ [training]  70%|█████████████▉      | 209/300 [0:05:21<0:02:28, 0.61Hz] | epoch=8.36, loss=0.073000
[02.04 07:49:31] ┇ INFO    ┇    DeepKNLP.gner.trainer ┇ [training]  70%|██████████████      | 210/300 [0:05:21<0:02:26, 0.61Hz] | epoch=8.40, loss=0.011700
[02.04 07:49:32] ┇ INFO    ┇    DeepKNLP.gner.trainer ┇ [training]  70%|██████████████      | 211/300 [0:05:22<0:02:24, 0.61Hz] | epoch=8.44, loss=0.027000
[02.04 07:49:32] ┇ INFO    ┇    DeepKNLP.gner.trainer ┇ [training]  71%|██████████████▏     | 212/300 [0:05:22<0:02:23, 0.61Hz] | epoch=8.48, loss=0.044300
[02.04 07:49:45] ┇ INFO    ┇    DeepKNLP.gner.trainer ┇ [checking] 100%|████████████████████| 1/1 [0:00:00<0:00:00, 37117.73Hz]
[02.04 07:49:45] ┇ INFO    ┇    DeepKNLP.gner.trainer ┇ [training]  71%|██████████████▏     | 212/300 [0:05:22<0:02:23, 0.61Hz] | epoch=8.48, eval_average=0.7089
[02.04 07:49:45] ┇ INFO    ┇    DeepKNLP.gner.trainer ┇ [training]  71%|██████████████▏     | 213/300 [0:05:35<0:02:39, 0.55Hz] | epoch=8.52, loss=0.052100
[02.04 07:49:46] ┇ INFO    ┇    DeepKNLP.gner.trainer ┇ [training]  71%|██████████████▎     | 214/300 [0:05:36<0:02:11, 0.65Hz] | epoch=8.56, loss=0.048100
[02.04 07:49:46] ┇ INFO    ┇    DeepKNLP.gner.trainer ┇ [training]  72%|██████████████▎     | 215/300 [0:05:36<0:02:10, 0.65Hz] | epoch=8.60, loss=0.038500
[02.04 07:49:46] ┇ INFO    ┇    DeepKNLP.gner.trainer ┇ [training]  72%|██████████████▍     | 216/300 [0:05:36<0:02:08, 0.65Hz] | epoch=8.64, loss=0.042000
[02.04 07:49:47] ┇ INFO    ┇    DeepKNLP.gner.trainer ┇ [training]  72%|██████████████▍     | 217/300 [0:05:37<0:02:07, 0.65Hz] | epoch=8.68, loss=0.066200
[02.04 07:49:47] ┇ INFO    ┇    DeepKNLP.gner.trainer ┇ [training]  73%|██████████████▌     | 218/300 [0:05:37<0:02:05, 0.65Hz] | epoch=8.72, loss=0.040900
[02.04 07:49:47] ┇ INFO    ┇    DeepKNLP.gner.trainer ┇ [training]  73%|██████████████▌     | 219/300 [0:05:37<0:02:04, 0.65Hz] | epoch=8.76, loss=0.035900
[02.04 07:49:47] ┇ INFO    ┇    DeepKNLP.gner.trainer ┇ [training]  73%|██████████████▋     | 220/300 [0:05:38<0:02:02, 0.65Hz] | epoch=8.80, loss=0.022700
[02.04 07:49:48] ┇ INFO    ┇    DeepKNLP.gner.trainer ┇ [training]  74%|██████████████▋     | 221/300 [0:05:38<0:02:00, 0.65Hz] | epoch=8.84, loss=0.027100
[02.04 07:49:48] ┇ INFO    ┇    DeepKNLP.gner.trainer ┇ [training]  74%|██████████████▊     | 222/300 [0:05:38<0:01:59, 0.65Hz] | epoch=8.88, loss=0.061600
[02.04 07:49:48] ┇ INFO    ┇    DeepKNLP.gner.trainer ┇ [training]  74%|██████████████▊     | 223/300 [0:05:38<0:01:57, 0.65Hz] | epoch=8.92, loss=0.040200
[02.04 07:49:49] ┇ INFO    ┇    DeepKNLP.gner.trainer ┇ [training]  75%|██████████████▉     | 224/300 [0:05:39<0:01:56, 0.65Hz] | epoch=8.96, loss=0.031300
[02.04 07:49:49] ┇ INFO    ┇    DeepKNLP.gner.trainer ┇ [training]  75%|███████████████     | 225/300 [0:05:39<0:01:54, 0.65Hz] | epoch=9.00, loss=0.045000
[02.04 07:50:02] ┇ INFO    ┇    DeepKNLP.gner.trainer ┇ [checking] 100%|████████████████████| 1/1 [0:00:00<0:00:00, 38521.27Hz]
[02.04 07:50:02] ┇ INFO    ┇    DeepKNLP.gner.trainer ┇ [training]  75%|███████████████     | 225/300 [0:05:39<0:01:54, 0.65Hz] | epoch=9.00, eval_average=0.6978
[02.04 07:50:02] ┇ INFO    ┇    DeepKNLP.gner.trainer ┇ [training]  75%|███████████████     | 226/300 [0:05:52<0:01:46, 0.70Hz] | epoch=9.04, loss=0.032400
[02.04 07:50:03] ┇ INFO    ┇    DeepKNLP.gner.trainer ┇ [training]  76%|███████████████▏    | 227/300 [0:05:53<0:01:44, 0.70Hz] | epoch=9.08, loss=0.039400
[02.04 07:50:03] ┇ INFO    ┇    DeepKNLP.gner.trainer ┇ [training]  76%|███████████████▏    | 228/300 [0:05:53<0:01:43, 0.70Hz] | epoch=9.12, loss=0.026800
[02.04 07:50:03] ┇ INFO    ┇    DeepKNLP.gner.trainer ┇ [training]  76%|███████████████▎    | 229/300 [0:05:53<0:01:41, 0.70Hz] | epoch=9.16, loss=0.014500
[02.04 07:50:03] ┇ INFO    ┇    DeepKNLP.gner.trainer ┇ [training]  77%|███████████████▎    | 230/300 [0:05:54<0:01:40, 0.70Hz] | epoch=9.20, loss=0.053500
[02.04 07:50:04] ┇ INFO    ┇    DeepKNLP.gner.trainer ┇ [training]  77%|███████████████▍    | 231/300 [0:05:54<0:01:38, 0.70Hz] | epoch=9.24, loss=0.059400
[02.04 07:50:04] ┇ INFO    ┇    DeepKNLP.gner.trainer ┇ [training]  77%|███████████████▍    | 232/300 [0:05:54<0:01:37, 0.70Hz] | epoch=9.28, loss=0.029000
[02.04 07:50:04] ┇ INFO    ┇    DeepKNLP.gner.trainer ┇ [training]  78%|███████████████▌    | 233/300 [0:05:54<0:01:36, 0.70Hz] | epoch=9.32, loss=0.037600
[02.04 07:50:05] ┇ INFO    ┇    DeepKNLP.gner.trainer ┇ [training]  78%|███████████████▌    | 234/300 [0:05:55<0:01:34, 0.70Hz] | epoch=9.36, loss=0.051200
[02.04 07:50:05] ┇ INFO    ┇    DeepKNLP.gner.trainer ┇ [training]  78%|███████████████▋    | 235/300 [0:05:55<0:01:33, 0.70Hz] | epoch=9.40, loss=0.060200
[02.04 07:50:05] ┇ INFO    ┇    DeepKNLP.gner.trainer ┇ [training]  79%|███████████████▋    | 236/300 [0:05:55<0:01:31, 0.70Hz] | epoch=9.44, loss=0.034100
[02.04 07:50:06] ┇ INFO    ┇    DeepKNLP.gner.trainer ┇ [training]  79%|███████████████▊    | 237/300 [0:05:56<0:01:30, 0.70Hz] | epoch=9.48, loss=0.028400
[02.04 07:50:06] ┇ INFO    ┇    DeepKNLP.gner.trainer ┇ [training]  79%|███████████████▊    | 238/300 [0:05:56<0:01:28, 0.70Hz] | epoch=9.52, loss=0.070200
[02.04 07:50:19] ┇ INFO    ┇    DeepKNLP.gner.trainer ┇ [checking] 100%|████████████████████| 1/1 [0:00:00<0:00:00, 24191.00Hz]
[02.04 07:50:19] ┇ INFO    ┇    DeepKNLP.gner.trainer ┇ [training]  79%|███████████████▊    | 238/300 [0:05:56<0:01:28, 0.70Hz] | epoch=9.52, eval_average=0.7024
[02.04 07:50:19] ┇ INFO    ┇    DeepKNLP.gner.trainer ┇ [training]  80%|███████████████▉    | 239/300 [0:06:09<0:01:21, 0.75Hz] | epoch=9.56, loss=0.049400
[02.04 07:50:20] ┇ INFO    ┇    DeepKNLP.gner.trainer ┇ [training]  80%|████████████████    | 240/300 [0:06:10<0:01:20, 0.75Hz] | epoch=9.60, loss=0.035900
[02.04 07:50:20] ┇ INFO    ┇    DeepKNLP.gner.trainer ┇ [training]  80%|████████████████    | 241/300 [0:06:10<0:01:18, 0.75Hz] | epoch=9.64, loss=0.056200
[02.04 07:50:20] ┇ INFO    ┇    DeepKNLP.gner.trainer ┇ [training]  81%|████████████████▏   | 242/300 [0:06:10<0:01:17, 0.75Hz] | epoch=9.68, loss=0.042400
[02.04 07:50:20] ┇ INFO    ┇    DeepKNLP.gner.trainer ┇ [training]  81%|████████████████▏   | 243/300 [0:06:11<0:01:16, 0.75Hz] | epoch=9.72, loss=0.036300
[02.04 07:50:21] ┇ INFO    ┇    DeepKNLP.gner.trainer ┇ [training]  81%|████████████████▎   | 244/300 [0:06:11<0:01:14, 0.75Hz] | epoch=9.76, loss=0.045500
[02.04 07:50:21] ┇ INFO    ┇    DeepKNLP.gner.trainer ┇ [training]  82%|████████████████▎   | 245/300 [0:06:11<0:01:13, 0.75Hz] | epoch=9.80, loss=0.040800
[02.04 07:50:21] ┇ INFO    ┇    DeepKNLP.gner.trainer ┇ [training]  82%|████████████████▍   | 246/300 [0:06:11<0:01:12, 0.75Hz] | epoch=9.84, loss=0.050000
[02.04 07:50:22] ┇ INFO    ┇    DeepKNLP.gner.trainer ┇ [training]  82%|████████████████▍   | 247/300 [0:06:12<0:01:10, 0.75Hz] | epoch=9.88, loss=0.054700
[02.04 07:50:22] ┇ INFO    ┇    DeepKNLP.gner.trainer ┇ [training]  83%|████████████████▌   | 248/300 [0:06:12<0:01:09, 0.75Hz] | epoch=9.92, loss=0.030800
[02.04 07:50:22] ┇ INFO    ┇    DeepKNLP.gner.trainer ┇ [training]  83%|████████████████▌   | 249/300 [0:06:12<0:01:08, 0.75Hz] | epoch=9.96, loss=0.029200
[02.04 07:50:23] ┇ INFO    ┇    DeepKNLP.gner.trainer ┇ [training]  83%|████████████████▋   | 250/300 [0:06:13<0:01:06, 0.75Hz] | epoch=10.00, loss=0.032300
[02.04 07:50:35] ┇ INFO    ┇    DeepKNLP.gner.trainer ┇ [checking] 100%|████████████████████| 1/1 [0:00:00<0:00:00, 27143.48Hz]
[02.04 07:50:36] ┇ INFO    ┇    DeepKNLP.gner.trainer ┇ [training]  83%|████████████████▋   | 250/300 [0:06:13<0:01:06, 0.75Hz] | epoch=10.00, eval_average=0.7105
[02.04 07:50:36] ┇ INFO    ┇    DeepKNLP.gner.trainer ┇ [training]  84%|████████████████▋   | 251/300 [0:06:26<0:01:15, 0.65Hz] | epoch=10.04, loss=0.049000
[02.04 07:50:36] ┇ INFO    ┇    DeepKNLP.gner.trainer ┇ [training]  84%|████████████████▊   | 252/300 [0:06:26<0:01:04, 0.75Hz] | epoch=10.08, loss=0.047600
[02.04 07:50:37] ┇ INFO    ┇    DeepKNLP.gner.trainer ┇ [training]  84%|████████████████▊   | 253/300 [0:06:27<0:01:02, 0.75Hz] | epoch=10.12, loss=0.023700
[02.04 07:50:37] ┇ INFO    ┇    DeepKNLP.gner.trainer ┇ [training]  85%|████████████████▉   | 254/300 [0:06:27<0:01:01, 0.75Hz] | epoch=10.16, loss=0.081300
[02.04 07:50:37] ┇ INFO    ┇    DeepKNLP.gner.trainer ┇ [training]  85%|█████████████████   | 255/300 [0:06:27<0:01:00, 0.75Hz] | epoch=10.20, loss=0.051300
[02.04 07:50:37] ┇ INFO    ┇    DeepKNLP.gner.trainer ┇ [training]  85%|█████████████████   | 256/300 [0:06:28<0:00:58, 0.75Hz] | epoch=10.24, loss=0.042200
[02.04 07:50:38] ┇ INFO    ┇    DeepKNLP.gner.trainer ┇ [training]  86%|█████████████████▏  | 257/300 [0:06:28<0:00:57, 0.75Hz] | epoch=10.28, loss=0.031600
[02.04 07:50:38] ┇ INFO    ┇    DeepKNLP.gner.trainer ┇ [training]  86%|█████████████████▏  | 258/300 [0:06:28<0:00:56, 0.75Hz] | epoch=10.32, loss=0.062500
[02.04 07:50:38] ┇ INFO    ┇    DeepKNLP.gner.trainer ┇ [training]  86%|█████████████████▎  | 259/300 [0:06:28<0:00:54, 0.75Hz] | epoch=10.36, loss=0.021400
[02.04 07:50:39] ┇ INFO    ┇    DeepKNLP.gner.trainer ┇ [training]  87%|█████████████████▎  | 260/300 [0:06:29<0:00:53, 0.75Hz] | epoch=10.40, loss=0.053100
[02.04 07:50:39] ┇ INFO    ┇    DeepKNLP.gner.trainer ┇ [training]  87%|█████████████████▍  | 261/300 [0:06:29<0:00:52, 0.75Hz] | epoch=10.44, loss=0.023500
[02.04 07:50:39] ┇ INFO    ┇    DeepKNLP.gner.trainer ┇ [training]  87%|█████████████████▍  | 262/300 [0:06:29<0:00:50, 0.75Hz] | epoch=10.48, loss=0.029500
[02.04 07:50:52] ┇ INFO    ┇    DeepKNLP.gner.trainer ┇ [checking] 100%|████████████████████| 1/1 [0:00:00<0:00:00, 46794.29Hz]
[02.04 07:50:52] ┇ INFO    ┇    DeepKNLP.gner.trainer ┇ [training]  87%|█████████████████▍  | 262/300 [0:06:29<0:00:50, 0.75Hz] | epoch=10.48, eval_average=0.7059
[02.04 07:50:53] ┇ INFO    ┇    DeepKNLP.gner.trainer ┇ [training]  88%|█████████████████▌  | 263/300 [0:06:43<0:00:57, 0.65Hz] | epoch=10.52, loss=0.027600
[02.04 07:50:53] ┇ INFO    ┇    DeepKNLP.gner.trainer ┇ [training]  88%|█████████████████▌  | 264/300 [0:06:43<0:00:48, 0.75Hz] | epoch=10.56, loss=0.036900
[02.04 07:50:53] ┇ INFO    ┇    DeepKNLP.gner.trainer ┇ [training]  88%|█████████████████▋  | 265/300 [0:06:43<0:00:46, 0.75Hz] | epoch=10.60, loss=0.039800
[02.04 07:50:53] ┇ INFO    ┇    DeepKNLP.gner.trainer ┇ [training]  89%|█████████████████▋  | 266/300 [0:06:44<0:00:45, 0.75Hz] | epoch=10.64, loss=0.065000
[02.04 07:50:54] ┇ INFO    ┇    DeepKNLP.gner.trainer ┇ [training]  89%|█████████████████▊  | 267/300 [0:06:44<0:00:44, 0.75Hz] | epoch=10.68, loss=0.028100
[02.04 07:50:54] ┇ INFO    ┇    DeepKNLP.gner.trainer ┇ [training]  89%|█████████████████▊  | 268/300 [0:06:44<0:00:42, 0.75Hz] | epoch=10.72, loss=0.037800
[02.04 07:50:54] ┇ INFO    ┇    DeepKNLP.gner.trainer ┇ [training]  90%|█████████████████▉  | 269/300 [0:06:44<0:00:41, 0.75Hz] | epoch=10.76, loss=0.026200
[02.04 07:50:55] ┇ INFO    ┇    DeepKNLP.gner.trainer ┇ [training]  90%|██████████████████  | 270/300 [0:06:45<0:00:40, 0.75Hz] | epoch=10.80, loss=0.013400
[02.04 07:50:55] ┇ INFO    ┇    DeepKNLP.gner.trainer ┇ [training]  90%|██████████████████  | 271/300 [0:06:45<0:00:38, 0.75Hz] | epoch=10.84, loss=0.025900
[02.04 07:50:55] ┇ INFO    ┇    DeepKNLP.gner.trainer ┇ [training]  91%|██████████████████▏ | 272/300 [0:06:45<0:00:37, 0.75Hz] | epoch=10.88, loss=0.027600
[02.04 07:50:56] ┇ INFO    ┇    DeepKNLP.gner.trainer ┇ [training]  91%|██████████████████▏ | 273/300 [0:06:46<0:00:36, 0.75Hz] | epoch=10.92, loss=0.031600
[02.04 07:50:56] ┇ INFO    ┇    DeepKNLP.gner.trainer ┇ [training]  91%|██████████████████▎ | 274/300 [0:06:46<0:00:34, 0.75Hz] | epoch=10.96, loss=0.062800
[02.04 07:50:56] ┇ INFO    ┇    DeepKNLP.gner.trainer ┇ [training]  92%|██████████████████▎ | 275/300 [0:06:46<0:00:33, 0.75Hz] | epoch=11.00, loss=0.032300
[02.04 07:51:09] ┇ INFO    ┇    DeepKNLP.gner.trainer ┇ [checking] 100%|████████████████████| 1/1 [0:00:00<0:00:00, 44701.99Hz]
[02.04 07:51:09] ┇ INFO    ┇    DeepKNLP.gner.trainer ┇ [training]  92%|██████████████████▎ | 275/300 [0:06:46<0:00:33, 0.75Hz] | epoch=11.00, eval_average=0.7149
[02.04 07:51:10] ┇ INFO    ┇    DeepKNLP.gner.trainer ┇ [training]  92%|██████████████████▍ | 276/300 [0:07:00<0:00:32, 0.75Hz] | epoch=11.04, loss=0.029900
[02.04 07:51:10] ┇ INFO    ┇    DeepKNLP.gner.trainer ┇ [training]  92%|██████████████████▍ | 277/300 [0:07:00<0:00:30, 0.75Hz] | epoch=11.08, loss=0.041700
[02.04 07:51:10] ┇ INFO    ┇    DeepKNLP.gner.trainer ┇ [training]  93%|██████████████████▌ | 278/300 [0:07:00<0:00:29, 0.75Hz] | epoch=11.12, loss=0.030800
[02.04 07:51:10] ┇ INFO    ┇    DeepKNLP.gner.trainer ┇ [training]  93%|██████████████████▌ | 279/300 [0:07:01<0:00:28, 0.75Hz] | epoch=11.16, loss=0.033900
[02.04 07:51:11] ┇ INFO    ┇    DeepKNLP.gner.trainer ┇ [training]  93%|██████████████████▋ | 280/300 [0:07:01<0:00:26, 0.75Hz] | epoch=11.20, loss=0.029000
[02.04 07:51:11] ┇ INFO    ┇    DeepKNLP.gner.trainer ┇ [training]  94%|██████████████████▋ | 281/300 [0:07:01<0:00:25, 0.75Hz] | epoch=11.24, loss=0.049400
[02.04 07:51:11] ┇ INFO    ┇    DeepKNLP.gner.trainer ┇ [training]  94%|██████████████████▊ | 282/300 [0:07:01<0:00:24, 0.75Hz] | epoch=11.28, loss=0.028800
[02.04 07:51:12] ┇ INFO    ┇    DeepKNLP.gner.trainer ┇ [training]  94%|██████████████████▊ | 283/300 [0:07:02<0:00:22, 0.75Hz] | epoch=11.32, loss=0.039500
[02.04 07:51:12] ┇ INFO    ┇    DeepKNLP.gner.trainer ┇ [training]  95%|██████████████████▉ | 284/300 [0:07:02<0:00:21, 0.75Hz] | epoch=11.36, loss=0.012100
[02.04 07:51:12] ┇ INFO    ┇    DeepKNLP.gner.trainer ┇ [training]  95%|███████████████████ | 285/300 [0:07:02<0:00:20, 0.75Hz] | epoch=11.40, loss=0.023800
[02.04 07:51:13] ┇ INFO    ┇    DeepKNLP.gner.trainer ┇ [training]  95%|███████████████████ | 286/300 [0:07:03<0:00:18, 0.75Hz] | epoch=11.44, loss=0.054600
[02.04 07:51:13] ┇ INFO    ┇    DeepKNLP.gner.trainer ┇ [training]  96%|███████████████████▏| 287/300 [0:07:03<0:00:17, 0.75Hz] | epoch=11.48, loss=0.024000
[02.04 07:51:13] ┇ INFO    ┇    DeepKNLP.gner.trainer ┇ [training]  96%|███████████████████▏| 288/300 [0:07:03<0:00:16, 0.75Hz] | epoch=11.52, loss=0.033400
[02.04 07:51:26] ┇ INFO    ┇    DeepKNLP.gner.trainer ┇ [checking] 100%|████████████████████| 1/1 [0:00:00<0:00:00, 39513.57Hz]
[02.04 07:51:26] ┇ INFO    ┇    DeepKNLP.gner.trainer ┇ [training]  96%|███████████████████▏| 288/300 [0:07:03<0:00:16, 0.75Hz] | epoch=11.52, eval_average=0.7165
[02.04 07:51:27] ┇ INFO    ┇    DeepKNLP.gner.trainer ┇ [training]  96%|███████████████████▎| 289/300 [0:07:17<0:00:14, 0.75Hz] | epoch=11.56, loss=0.026000
[02.04 07:51:27] ┇ INFO    ┇    DeepKNLP.gner.trainer ┇ [training]  97%|███████████████████▎| 290/300 [0:07:17<0:00:13, 0.75Hz] | epoch=11.60, loss=0.070900
[02.04 07:51:27] ┇ INFO    ┇    DeepKNLP.gner.trainer ┇ [training]  97%|███████████████████▍| 291/300 [0:07:17<0:00:12, 0.75Hz] | epoch=11.64, loss=0.039500
[02.04 07:51:27] ┇ INFO    ┇    DeepKNLP.gner.trainer ┇ [training]  97%|███████████████████▍| 292/300 [0:07:18<0:00:10, 0.75Hz] | epoch=11.68, loss=0.038000
[02.04 07:51:28] ┇ INFO    ┇    DeepKNLP.gner.trainer ┇ [training]  98%|███████████████████▌| 293/300 [0:07:18<0:00:09, 0.75Hz] | epoch=11.72, loss=0.035800
[02.04 07:51:28] ┇ INFO    ┇    DeepKNLP.gner.trainer ┇ [training]  98%|███████████████████▌| 294/300 [0:07:18<0:00:08, 0.75Hz] | epoch=11.76, loss=0.025400
[02.04 07:51:28] ┇ INFO    ┇    DeepKNLP.gner.trainer ┇ [training]  98%|███████████████████▋| 295/300 [0:07:18<0:00:06, 0.75Hz] | epoch=11.80, loss=0.042500
[02.04 07:51:29] ┇ INFO    ┇    DeepKNLP.gner.trainer ┇ [training]  99%|███████████████████▋| 296/300 [0:07:19<0:00:05, 0.75Hz] | epoch=11.84, loss=0.043300
[02.04 07:51:29] ┇ INFO    ┇    DeepKNLP.gner.trainer ┇ [training]  99%|███████████████████▊| 297/300 [0:07:19<0:00:04, 0.75Hz] | epoch=11.88, loss=0.018800
[02.04 07:51:29] ┇ INFO    ┇    DeepKNLP.gner.trainer ┇ [training]  99%|███████████████████▊| 298/300 [0:07:19<0:00:02, 0.75Hz] | epoch=11.92, loss=0.038900
[02.04 07:51:30] ┇ INFO    ┇    DeepKNLP.gner.trainer ┇ [training] 100%|███████████████████▉| 299/300 [0:07:20<0:00:01, 0.75Hz] | epoch=11.96, loss=0.048200
[02.04 07:51:30] ┇ INFO    ┇    DeepKNLP.gner.trainer ┇ [training] 100%|████████████████████| 300/300 [0:07:20<0:00:00, 0.75Hz] | epoch=12.00, loss=0.025200
[02.04 07:51:43] ┇ INFO    ┇    DeepKNLP.gner.trainer ┇ [checking] 100%|████████████████████| 1/1 [0:00:00<0:00:00, 24056.59Hz]
[02.04 07:51:43] ┇ INFO    ┇    DeepKNLP.gner.trainer ┇ [training] 100%|████████████████████| 300/300 [0:07:20<0:00:00, 0.75Hz] | epoch=12.00, eval_average=0.7123
[02.04 07:51:43] ┇ INFO    ┇    DeepKNLP.gner.trainer ┇ [training] 100%|████████████████████| 300/300 [0:07:20<0:00:00, 0.75Hz] | epoch=12.00, train_loss=0.1023, total_pflos=1.202
[02.04 07:51:43] ┇ INFO    ┇    DeepKNLP.gner.trainer ┇ -----------------------------------------------------------------------------------------------------------------------------------------
[02.04 07:51:43] ┇ INFO    ┇                 DeepKNLP ┇ Train output metrics: {'train_runtime': 453.5567, 'train_samples_per_second': 2.646, 'train_steps_per_second': 0.661, 'total_flos': 1201630381867008.0, 'train_loss': 0.10231156667073568, 'epoch': 12.0}
[02.04 07:51:43] ┇ INFO    ┇           chrisbase.data ┇ =========================================================================================================================================
[02.04 07:51:43] ┇ INFO    ┇           chrisbase.data ┇ [EXIT] python task2-nerG-trainer.py --local_rank=0 --pretrained google/flan-t5-large --run_version FLAN-T5-Large-Baseline --train_file data/gner/each/crossner_music-train.jsonl --eval_file data/gner/each-sampled/crossner_music-dev=100.jsonl --num_train_epochs 12 --eval_epochs 0.5 --per_device_train_batch_size 1 --output_file train-metrics-crossner_music-12ep.csv --logging_file train-loggings-crossner_music-12ep.out --trainer_deepspeed configs/deepspeed/ds2_llama.json ($=00:07:59.527)
[02.04 07:51:43] ┇ INFO    ┇           chrisbase.data ┇ =========================================================================================================================================
