[02.12 03:58:20] ┇ INFO    ┇           chrisbase.data ┇ =========================================================================================================================================
[02.12 03:58:20] ┇ INFO    ┇           chrisbase.data ┇ [INIT] python task2-nerG-trainer.py --local_rank=0 --trainer_deepspeed configs/deepspeed/ds2_t5.json --run_version FlanT5-1B-BL --pretrained google/flan-t5-large --eval_epochs 0.5 --logging_steps 5 --num_train_epochs 12 --per_device_eval_batch_size 50 --per_device_train_batch_size 8 --gradient_accumulation_steps 4 --generation_max_length 640 --eval_file data/gner/each-sampled-BL/mit-movie-dev=100.jsonl --train_file data/gner/each-BL/mit-movie-train.jsonl --output_file train-metrics-mit-movie-12ep.csv --logging_file train-loggings-mit-movie-12ep.out --no_use_flash_attention --no_debugging
[02.12 03:58:20] ┇ INFO    ┇           chrisbase.data ┇ =========================================================================================================================================
[02.12 03:58:21] ┇ INFO    ┇           chrisbase.data ┇ -----------------------------------------------------------------------------------------------------------------------------------------
[02.12 03:58:21] ┇ INFO    ┇           chrisbase.data ┇   #	TrainingArgumentsForAccelerator              	value
[02.12 03:58:21] ┇ INFO    ┇           chrisbase.data ┇ -----------------------------------------------------------------------------------------------------------------------------------------
[02.12 03:58:21] ┇ INFO    ┇           chrisbase.data ┇   1	env.hostname                                 	dgx-a100
[02.12 03:58:21] ┇ INFO    ┇           chrisbase.data ┇   2	env.hostaddr                                 	129.254.23.12
[02.12 03:58:21] ┇ INFO    ┇           chrisbase.data ┇   3	env.global_rank                              	-1
[02.12 03:58:21] ┇ INFO    ┇           chrisbase.data ┇   4	env.local_rank                               	0
[02.12 03:58:21] ┇ INFO    ┇           chrisbase.data ┇   5	env.node_rank                                	-1
[02.12 03:58:21] ┇ INFO    ┇           chrisbase.data ┇   6	env.world_size                               	4
[02.12 03:58:21] ┇ INFO    ┇           chrisbase.data ┇   7	env.time_stamp                               	0212-035810
[02.12 03:58:21] ┇ INFO    ┇           chrisbase.data ┇   8	env.python_path                              	/raid/chrisjihee/miniforge3/envs/DeepKNLP/bin/python
[02.12 03:58:21] ┇ INFO    ┇           chrisbase.data ┇   9	env.current_dir                              	/raid/chrisjihee/proj/DeepKNLP
[02.12 03:58:21] ┇ INFO    ┇           chrisbase.data ┇  10	env.current_file                             	task2-nerG-trainer.py
[02.12 03:58:21] ┇ INFO    ┇           chrisbase.data ┇  11	env.command_args                             	['--local_rank=0', '--trainer_deepspeed', 'configs/deepspeed/ds2_t5.json', '--run_version', 'FlanT5-1B-BL', '--pretrained', 'google/flan-t5-large', '--eval_epochs', '0.5', '--logging_steps', '5', '--num_train_epochs', '12', '--per_device_eval_batch_size', '50', '--per_device_train_batch_size', '8', '--gradient_accumulation_steps', '4', '--generation_max_length', '640', '--eval_file', 'data/gner/each-sampled-BL/mit-movie-dev=100.jsonl', '--train_file', 'data/gner/each-BL/mit-movie-train.jsonl', '--output_file', 'train-metrics-mit-movie-12ep.csv', '--logging_file', 'train-loggings-mit-movie-12ep.out', '--no_use_flash_attention', '--no_debugging']
[02.12 03:58:21] ┇ INFO    ┇           chrisbase.data ┇  12	env.output_home                              	output
[02.12 03:58:21] ┇ INFO    ┇           chrisbase.data ┇  13	env.output_name                              	GNER
[02.12 03:58:21] ┇ INFO    ┇           chrisbase.data ┇  14	env.run_version                              	FlanT5-1B-BL
[02.12 03:58:21] ┇ INFO    ┇           chrisbase.data ┇  15	env.output_file                              	train-metrics-mit-movie-12ep-0212-035810.csv
[02.12 03:58:21] ┇ INFO    ┇           chrisbase.data ┇  16	env.logging_file                             	train-loggings-mit-movie-12ep-0212-035810.out
[02.12 03:58:21] ┇ INFO    ┇           chrisbase.data ┇  17	env.logging_level                            	30
[02.12 03:58:21] ┇ INFO    ┇           chrisbase.data ┇  18	env.logging_format                           	%(asctime)s ┇ %(levelname)-7s ┇ %(name)24s ┇ %(message)s
[02.12 03:58:21] ┇ INFO    ┇           chrisbase.data ┇  19	env.datetime_format                          	[%m.%d %H:%M:%S]
[02.12 03:58:21] ┇ INFO    ┇           chrisbase.data ┇  20	env.argument_file                            	train-arguments-0212-035810.json
[02.12 03:58:21] ┇ INFO    ┇           chrisbase.data ┇  21	env.random_seed                              	7
[02.12 03:58:21] ┇ INFO    ┇           chrisbase.data ┇  22	env.max_workers                              	4
[02.12 03:58:21] ┇ INFO    ┇           chrisbase.data ┇  23	env.debugging                                	False
[02.12 03:58:21] ┇ INFO    ┇           chrisbase.data ┇  24	env.output_dir                               	output/GNER/FlanT5-1B-BL
[02.12 03:58:21] ┇ INFO    ┇           chrisbase.data ┇  25	time.t1                                      	2025-02-12 03:58:21.126666
[02.12 03:58:21] ┇ INFO    ┇           chrisbase.data ┇  26	time.t2                                      	2025-02-12 03:58:08.299018
[02.12 03:58:21] ┇ INFO    ┇           chrisbase.data ┇  27	time.started                                 	[02.12 03:58:21]
[02.12 03:58:21] ┇ INFO    ┇           chrisbase.data ┇  28	time.settled
[02.12 03:58:21] ┇ INFO    ┇           chrisbase.data ┇  29	time.elapsed
[02.12 03:58:21] ┇ INFO    ┇           chrisbase.data ┇  30	data.train_file                              	data/gner/each-BL/mit-movie-train.jsonl
[02.12 03:58:21] ┇ INFO    ┇           chrisbase.data ┇  31	data.study_file
[02.12 03:58:21] ┇ INFO    ┇           chrisbase.data ┇  32	data.eval_file                               	data/gner/each-sampled-BL/mit-movie-dev=100.jsonl
[02.12 03:58:21] ┇ INFO    ┇           chrisbase.data ┇  33	data.pred_file
[02.12 03:58:21] ┇ INFO    ┇           chrisbase.data ┇  34	data.pretrained                              	google/flan-t5-large
[02.12 03:58:21] ┇ INFO    ┇           chrisbase.data ┇  35	data.max_train_samples                       	-1
[02.12 03:58:21] ┇ INFO    ┇           chrisbase.data ┇  36	data.max_study_samples                       	-1
[02.12 03:58:21] ┇ INFO    ┇           chrisbase.data ┇  37	data.max_eval_samples                        	-1
[02.12 03:58:21] ┇ INFO    ┇           chrisbase.data ┇  38	data.max_pred_samples                        	-1
[02.12 03:58:21] ┇ INFO    ┇           chrisbase.data ┇  39	data.use_cache_data                          	False
[02.12 03:58:21] ┇ INFO    ┇           chrisbase.data ┇  40	data.progress_seconds                        	10.0
[02.12 03:58:21] ┇ INFO    ┇           chrisbase.data ┇  41	data.max_source_length                       	640
[02.12 03:58:21] ┇ INFO    ┇           chrisbase.data ┇  42	data.max_target_length                       	640
[02.12 03:58:21] ┇ INFO    ┇           chrisbase.data ┇  43	data.write_predictions                       	False
[02.12 03:58:21] ┇ INFO    ┇           chrisbase.data ┇  44	data.ignore_pad_token_for_loss               	True
[02.12 03:58:21] ┇ INFO    ┇           chrisbase.data ┇  45	train._n_gpu                                 	1
[02.12 03:58:21] ┇ INFO    ┇           chrisbase.data ┇  46	train.accelerator_config                     	{'split_batches': False, 'dispatch_batches': None, 'even_batches': True, 'use_seedable_sampler': True, 'non_blocking': False, 'gradient_accumulation_kwargs': None, 'use_configured_state': False}
[02.12 03:58:21] ┇ INFO    ┇           chrisbase.data ┇  47	train.adafactor                              	False
[02.12 03:58:21] ┇ INFO    ┇           chrisbase.data ┇  48	train.adam_beta1                             	0.9
[02.12 03:58:21] ┇ INFO    ┇           chrisbase.data ┇  49	train.adam_beta2                             	0.999
[02.12 03:58:21] ┇ INFO    ┇           chrisbase.data ┇  50	train.adam_epsilon                           	1e-08
[02.12 03:58:21] ┇ INFO    ┇           chrisbase.data ┇  51	train.auto_find_batch_size                   	False
[02.12 03:58:21] ┇ INFO    ┇           chrisbase.data ┇  52	train.average_tokens_across_devices          	False
[02.12 03:58:21] ┇ INFO    ┇           chrisbase.data ┇  53	train.batch_eval_metrics                     	False
[02.12 03:58:21] ┇ INFO    ┇           chrisbase.data ┇  54	train.bf16                                   	True
[02.12 03:58:21] ┇ INFO    ┇           chrisbase.data ┇  55	train.bf16_full_eval                         	True
[02.12 03:58:21] ┇ INFO    ┇           chrisbase.data ┇  56	train.data_seed
[02.12 03:58:21] ┇ INFO    ┇           chrisbase.data ┇  57	train.dataloader_drop_last                   	False
[02.12 03:58:21] ┇ INFO    ┇           chrisbase.data ┇  58	train.dataloader_num_workers                 	0
[02.12 03:58:21] ┇ INFO    ┇           chrisbase.data ┇  59	train.dataloader_persistent_workers          	False
[02.12 03:58:21] ┇ INFO    ┇           chrisbase.data ┇  60	train.dataloader_pin_memory                  	True
[02.12 03:58:21] ┇ INFO    ┇           chrisbase.data ┇  61	train.dataloader_prefetch_factor
[02.12 03:58:21] ┇ INFO    ┇           chrisbase.data ┇  62	train.ddp_backend
[02.12 03:58:21] ┇ INFO    ┇           chrisbase.data ┇  63	train.ddp_broadcast_buffers
[02.12 03:58:21] ┇ INFO    ┇           chrisbase.data ┇  64	train.ddp_bucket_cap_mb
[02.12 03:58:21] ┇ INFO    ┇           chrisbase.data ┇  65	train.ddp_find_unused_parameters
[02.12 03:58:21] ┇ INFO    ┇           chrisbase.data ┇  66	train.ddp_timeout                            	1800
[02.12 03:58:21] ┇ INFO    ┇           chrisbase.data ┇  67	train.debug                                  	[]
[02.12 03:58:21] ┇ INFO    ┇           chrisbase.data ┇  68	train.deepspeed                              	configs/deepspeed/ds2_t5.json
[02.12 03:58:21] ┇ INFO    ┇           chrisbase.data ┇  69	train.disable_tqdm                           	True
[02.12 03:58:21] ┇ INFO    ┇           chrisbase.data ┇  70	train.dispatch_batches
[02.12 03:58:21] ┇ INFO    ┇           chrisbase.data ┇  71	train.do_eval                                	True
[02.12 03:58:21] ┇ INFO    ┇           chrisbase.data ┇  72	train.do_predict                             	False
[02.12 03:58:21] ┇ INFO    ┇           chrisbase.data ┇  73	train.do_train                               	True
[02.12 03:58:21] ┇ INFO    ┇           chrisbase.data ┇  74	train.eval_accumulation_steps                	1
[02.12 03:58:21] ┇ INFO    ┇           chrisbase.data ┇  75	train.eval_delay                             	0.0
[02.12 03:58:21] ┇ INFO    ┇           chrisbase.data ┇  76	train.eval_do_concat_batches                 	True
[02.12 03:58:21] ┇ INFO    ┇           chrisbase.data ┇  77	train.eval_epochs                            	0.5
[02.12 03:58:21] ┇ INFO    ┇           chrisbase.data ┇  78	train.eval_on_start                          	False
[02.12 03:58:21] ┇ INFO    ┇           chrisbase.data ┇  79	train.eval_steps                             	9223372036854775807
[02.12 03:58:21] ┇ INFO    ┇           chrisbase.data ┇  80	train.eval_strategy                          	IntervalStrategy.NO
[02.12 03:58:21] ┇ INFO    ┇           chrisbase.data ┇  81	train.eval_use_gather_object                 	False
[02.12 03:58:21] ┇ INFO    ┇           chrisbase.data ┇  82	train.evaluation_strategy
[02.12 03:58:21] ┇ INFO    ┇           chrisbase.data ┇  83	train.fp16                                   	False
[02.12 03:58:21] ┇ INFO    ┇           chrisbase.data ┇  84	train.fp16_backend                           	auto
[02.12 03:58:21] ┇ INFO    ┇           chrisbase.data ┇  85	train.fp16_full_eval                         	False
[02.12 03:58:21] ┇ INFO    ┇           chrisbase.data ┇  86	train.fp16_opt_level                         	O1
[02.12 03:58:21] ┇ INFO    ┇           chrisbase.data ┇  87	train.fsdp                                   	[]
[02.12 03:58:21] ┇ INFO    ┇           chrisbase.data ┇  88	train.fsdp_config                            	{'min_num_params': 0, 'xla': False, 'xla_fsdp_v2': False, 'xla_fsdp_grad_ckpt': False}
[02.12 03:58:21] ┇ INFO    ┇           chrisbase.data ┇  89	train.fsdp_min_num_params                    	0
[02.12 03:58:21] ┇ INFO    ┇           chrisbase.data ┇  90	train.fsdp_transformer_layer_cls_to_wrap
[02.12 03:58:21] ┇ INFO    ┇           chrisbase.data ┇  91	train.full_determinism                       	False
[02.12 03:58:21] ┇ INFO    ┇           chrisbase.data ┇  92	train.generation_config
[02.12 03:58:21] ┇ INFO    ┇           chrisbase.data ┇  93	train.generation_max_length                  	640
[02.12 03:58:21] ┇ INFO    ┇           chrisbase.data ┇  94	train.generation_num_beams
[02.12 03:58:21] ┇ INFO    ┇           chrisbase.data ┇  95	train.gradient_accumulation_steps            	4
[02.12 03:58:21] ┇ INFO    ┇           chrisbase.data ┇  96	train.gradient_checkpointing                 	True
[02.12 03:58:21] ┇ INFO    ┇           chrisbase.data ┇  97	train.gradient_checkpointing_kwargs
[02.12 03:58:21] ┇ INFO    ┇           chrisbase.data ┇  98	train.greater_is_better
[02.12 03:58:21] ┇ INFO    ┇           chrisbase.data ┇  99	train.group_by_length                        	False
[02.12 03:58:21] ┇ INFO    ┇           chrisbase.data ┇ 100	train.half_precision_backend                 	auto
[02.12 03:58:21] ┇ INFO    ┇           chrisbase.data ┇ 101	train.hub_always_push                        	False
[02.12 03:58:21] ┇ INFO    ┇           chrisbase.data ┇ 102	train.hub_model_id
[02.12 03:58:21] ┇ INFO    ┇           chrisbase.data ┇ 103	train.hub_private_repo
[02.12 03:58:21] ┇ INFO    ┇           chrisbase.data ┇ 104	train.hub_strategy                           	HubStrategy.EVERY_SAVE
[02.12 03:58:21] ┇ INFO    ┇           chrisbase.data ┇ 105	train.hub_token
[02.12 03:58:21] ┇ INFO    ┇           chrisbase.data ┇ 106	train.ignore_data_skip                       	False
[02.12 03:58:21] ┇ INFO    ┇           chrisbase.data ┇ 107	train.include_for_metrics                    	[]
[02.12 03:58:21] ┇ INFO    ┇           chrisbase.data ┇ 108	train.include_inputs_for_metrics             	False
[02.12 03:58:21] ┇ INFO    ┇           chrisbase.data ┇ 109	train.include_num_input_tokens_seen          	False
[02.12 03:58:21] ┇ INFO    ┇           chrisbase.data ┇ 110	train.include_tokens_per_second              	False
[02.12 03:58:21] ┇ INFO    ┇           chrisbase.data ┇ 111	train.jit_mode_eval                          	False
[02.12 03:58:21] ┇ INFO    ┇           chrisbase.data ┇ 112	train.label_names
[02.12 03:58:21] ┇ INFO    ┇           chrisbase.data ┇ 113	train.label_smoothing_factor                 	0.0
[02.12 03:58:21] ┇ INFO    ┇           chrisbase.data ┇ 114	train.learning_rate                          	2e-05
[02.12 03:58:21] ┇ INFO    ┇           chrisbase.data ┇ 115	train.length_column_name                     	length
[02.12 03:58:21] ┇ INFO    ┇           chrisbase.data ┇ 116	train.load_best_model_at_end                 	False
[02.12 03:58:21] ┇ INFO    ┇           chrisbase.data ┇ 117	train.local_rank                             	0
[02.12 03:58:21] ┇ INFO    ┇           chrisbase.data ┇ 118	train.log_level                              	warning
[02.12 03:58:21] ┇ INFO    ┇           chrisbase.data ┇ 119	train.log_level_replica                      	error
[02.12 03:58:21] ┇ INFO    ┇           chrisbase.data ┇ 120	train.log_on_each_node                       	True
[02.12 03:58:21] ┇ INFO    ┇           chrisbase.data ┇ 121	train.logging_dir                            	output/GNER/FlanT5-1B-BL/runs/Feb12_03-58-18_dgx-a100
[02.12 03:58:21] ┇ INFO    ┇           chrisbase.data ┇ 122	train.logging_epochs                         	-1.0
[02.12 03:58:21] ┇ INFO    ┇           chrisbase.data ┇ 123	train.logging_first_step                     	False
[02.12 03:58:21] ┇ INFO    ┇           chrisbase.data ┇ 124	train.logging_nan_inf_filter                 	True
[02.12 03:58:21] ┇ INFO    ┇           chrisbase.data ┇ 125	train.logging_steps                          	5
[02.12 03:58:21] ┇ INFO    ┇           chrisbase.data ┇ 126	train.logging_strategy                       	IntervalStrategy.STEPS
[02.12 03:58:21] ┇ INFO    ┇           chrisbase.data ┇ 127	train.lr_scheduler_kwargs                    	{}
[02.12 03:58:21] ┇ INFO    ┇           chrisbase.data ┇ 128	train.lr_scheduler_type                      	SchedulerType.COSINE
[02.12 03:58:21] ┇ INFO    ┇           chrisbase.data ┇ 129	train.max_grad_norm                          	1.0
[02.12 03:58:21] ┇ INFO    ┇           chrisbase.data ┇ 130	train.max_steps                              	-1
[02.12 03:58:21] ┇ INFO    ┇           chrisbase.data ┇ 131	train.metric_for_best_model
[02.12 03:58:21] ┇ INFO    ┇           chrisbase.data ┇ 132	train.mp_parameters
[02.12 03:58:21] ┇ INFO    ┇           chrisbase.data ┇ 133	train.neftune_noise_alpha
[02.12 03:58:21] ┇ INFO    ┇           chrisbase.data ┇ 134	train.no_cuda                                	False
[02.12 03:58:21] ┇ INFO    ┇           chrisbase.data ┇ 135	train.num_train_epochs                       	12.0
[02.12 03:58:21] ┇ INFO    ┇           chrisbase.data ┇ 136	train.optim                                  	OptimizerNames.ADAMW_TORCH
[02.12 03:58:21] ┇ INFO    ┇           chrisbase.data ┇ 137	train.optim_args
[02.12 03:58:21] ┇ INFO    ┇           chrisbase.data ┇ 138	train.optim_target_modules
[02.12 03:58:21] ┇ INFO    ┇           chrisbase.data ┇ 139	train.output_dir                             	output/GNER/FlanT5-1B-BL
[02.12 03:58:21] ┇ INFO    ┇           chrisbase.data ┇ 140	train.overwrite_output_dir                   	True
[02.12 03:58:21] ┇ INFO    ┇           chrisbase.data ┇ 141	train.past_index                             	-1
[02.12 03:58:21] ┇ INFO    ┇           chrisbase.data ┇ 142	train.per_device_eval_batch_size             	50
[02.12 03:58:21] ┇ INFO    ┇           chrisbase.data ┇ 143	train.per_device_train_batch_size            	8
[02.12 03:58:21] ┇ INFO    ┇           chrisbase.data ┇ 144	train.per_gpu_eval_batch_size
[02.12 03:58:21] ┇ INFO    ┇           chrisbase.data ┇ 145	train.per_gpu_train_batch_size
[02.12 03:58:21] ┇ INFO    ┇           chrisbase.data ┇ 146	train.predict_with_generate                  	True
[02.12 03:58:21] ┇ INFO    ┇           chrisbase.data ┇ 147	train.prediction_loss_only                   	False
[02.12 03:58:21] ┇ INFO    ┇           chrisbase.data ┇ 148	train.push_to_hub                            	False
[02.12 03:58:21] ┇ INFO    ┇           chrisbase.data ┇ 149	train.push_to_hub_model_id
[02.12 03:58:21] ┇ INFO    ┇           chrisbase.data ┇ 150	train.push_to_hub_organization
[02.12 03:58:21] ┇ INFO    ┇           chrisbase.data ┇ 151	train.push_to_hub_token
[02.12 03:58:21] ┇ INFO    ┇           chrisbase.data ┇ 152	train.ray_scope                              	last
[02.12 03:58:21] ┇ INFO    ┇           chrisbase.data ┇ 153	train.remove_unused_columns                  	False
[02.12 03:58:21] ┇ INFO    ┇           chrisbase.data ┇ 154	train.report_to                              	[]
[02.12 03:58:21] ┇ INFO    ┇           chrisbase.data ┇ 155	train.restore_callback_states_from_checkpoint	False
[02.12 03:58:21] ┇ INFO    ┇           chrisbase.data ┇ 156	train.resume_from_checkpoint
[02.12 03:58:21] ┇ INFO    ┇           chrisbase.data ┇ 157	train.run_name                               	output/GNER/FlanT5-1B-BL
[02.12 03:58:21] ┇ INFO    ┇           chrisbase.data ┇ 158	train.save_epochs                            	-1.0
[02.12 03:58:21] ┇ INFO    ┇           chrisbase.data ┇ 159	train.save_on_each_node                      	False
[02.12 03:58:21] ┇ INFO    ┇           chrisbase.data ┇ 160	train.save_only_model                        	False
[02.12 03:58:21] ┇ INFO    ┇           chrisbase.data ┇ 161	train.save_safetensors                       	True
[02.12 03:58:21] ┇ INFO    ┇           chrisbase.data ┇ 162	train.save_steps                             	9223372036854775807
[02.12 03:58:21] ┇ INFO    ┇           chrisbase.data ┇ 163	train.save_strategy                          	SaveStrategy.NO
[02.12 03:58:21] ┇ INFO    ┇           chrisbase.data ┇ 164	train.save_total_limit
[02.12 03:58:21] ┇ INFO    ┇           chrisbase.data ┇ 165	train.seed                                   	7
[02.12 03:58:21] ┇ INFO    ┇           chrisbase.data ┇ 166	train.skip_memory_metrics                    	True
[02.12 03:58:21] ┇ INFO    ┇           chrisbase.data ┇ 167	train.sortish_sampler                        	False
[02.12 03:58:21] ┇ INFO    ┇           chrisbase.data ┇ 168	train.split_batches
[02.12 03:58:21] ┇ INFO    ┇           chrisbase.data ┇ 169	train.tf32                                   	True
[02.12 03:58:21] ┇ INFO    ┇           chrisbase.data ┇ 170	train.torch_compile                          	False
[02.12 03:58:21] ┇ INFO    ┇           chrisbase.data ┇ 171	train.torch_compile_backend
[02.12 03:58:21] ┇ INFO    ┇           chrisbase.data ┇ 172	train.torch_compile_mode
[02.12 03:58:21] ┇ INFO    ┇           chrisbase.data ┇ 173	train.torch_empty_cache_steps
[02.12 03:58:21] ┇ INFO    ┇           chrisbase.data ┇ 174	train.torchdynamo
[02.12 03:58:21] ┇ INFO    ┇           chrisbase.data ┇ 175	train.tpu_metrics_debug                      	False
[02.12 03:58:21] ┇ INFO    ┇           chrisbase.data ┇ 176	train.tpu_num_cores
[02.12 03:58:21] ┇ INFO    ┇           chrisbase.data ┇ 177	train.use_cpu                                	False
[02.12 03:58:21] ┇ INFO    ┇           chrisbase.data ┇ 178	train.use_flash_attention                    	False
[02.12 03:58:21] ┇ INFO    ┇           chrisbase.data ┇ 179	train.use_ipex                               	False
[02.12 03:58:21] ┇ INFO    ┇           chrisbase.data ┇ 180	train.use_legacy_prediction_loop             	False
[02.12 03:58:21] ┇ INFO    ┇           chrisbase.data ┇ 181	train.use_liger_kernel                       	False
[02.12 03:58:21] ┇ INFO    ┇           chrisbase.data ┇ 182	train.use_mps_device                         	False
[02.12 03:58:21] ┇ INFO    ┇           chrisbase.data ┇ 183	train.warmup_ratio                           	0.04
[02.12 03:58:21] ┇ INFO    ┇           chrisbase.data ┇ 184	train.warmup_steps                           	0
[02.12 03:58:21] ┇ INFO    ┇           chrisbase.data ┇ 185	train.weight_decay                           	0.0
[02.12 03:58:21] ┇ INFO    ┇           chrisbase.data ┇ -----------------------------------------------------------------------------------------------------------------------------------------
[02.12 03:58:23] ┇ INFO    ┇                 DeepKNLP ┇ model type: <class 'transformers.models.t5.modeling_t5.T5ForConditionalGeneration'>
[02.12 03:58:23] ┇ INFO    ┇                 DeepKNLP ┇ model pad_token_id: 0
[02.12 03:58:23] ┇ INFO    ┇                 DeepKNLP ┇ Loaded raw train_dataset (#=9775): data/gner/each-BL/mit-movie-train.jsonl
[02.12 03:58:24] ┇ INFO    ┇                 DeepKNLP ┇ Preprocess train_dataset:   0%|                    |    4/9775 [0:00:00<0:07:12, 22.58Hz]
[02.12 03:58:25] ┇ INFO    ┇                 DeepKNLP ┇ Preprocess train_dataset: 100%|████████████████████| 9775/9775 [0:00:01<0:00:00, 7709.70Hz]
[02.12 03:58:25] ┇ INFO    ┇                 DeepKNLP ┇ Completed preprocessing for train_dataset by google/flan-t5-large at [02.12 03:58:25]
[02.12 03:58:25] ┇ INFO    ┇                 DeepKNLP ┇ Loaded raw eval_dataset (#=100): data/gner/each-sampled-BL/mit-movie-dev=100.jsonl
[02.12 03:58:26] ┇ INFO    ┇                 DeepKNLP ┇ Preprocess eval_dataset:   4%|▊                   |   4/100 [0:00:00<0:00:04, 22.75Hz]
[02.12 03:58:26] ┇ INFO    ┇                 DeepKNLP ┇ Preprocess eval_dataset: 100%|████████████████████| 100/100 [0:00:00<0:00:00, 530.33Hz]
[02.12 03:58:26] ┇ INFO    ┇                 DeepKNLP ┇ Completed preprocessing for eval_dataset by google/flan-t5-large at [02.12 03:58:26]
[02.12 03:58:37] ┇ INFO    ┇ torch.distributed.distributed_c10d ┇ Using backend config: {'cuda': 'nccl'}
[02.12 03:58:38] ┇ INFO    ┇ torch.distributed.distributed_c10d ┇ Using backend config: {'cuda': 'nccl'}
[02.12 03:58:39] ┇ INFO    ┇ torch.distributed.distributed_c10d ┇ Using backend config: {'cuda': 'nccl'}
[02.12 03:58:40] ┇ INFO    ┇ torch.distributed.distributed_c10d ┇ Using backend config: {'cuda': 'nccl'}
[02.12 03:58:55] ┇ WARNING ┇                DeepSpeed ┇ Attempting to get learning rate from scheduler before it has started
[02.12 03:58:55] ┇ INFO    ┇    DeepKNLP.gner.trainer ┇ -----------------------------------------------------------------------------------------------------------------------------------------
[02.12 03:58:55] ┇ INFO    ┇    DeepKNLP.gner.trainer ┇ ***** Beginning Training *****
[02.12 03:58:55] ┇ INFO    ┇    DeepKNLP.gner.trainer ┇ >> Train Epochs       = 12.0
[02.12 03:58:55] ┇ INFO    ┇    DeepKNLP.gner.trainer ┇ >> Train Examples     = 9,775
[02.12 03:58:55] ┇ INFO    ┇    DeepKNLP.gner.trainer ┇ >> Train Batch Size   = 128 = 8 * 4 * 4
[02.12 03:58:55] ┇ INFO    ┇    DeepKNLP.gner.trainer ┇ >> Train Optim Steps  = 912 = 76 * 12.0
[02.12 03:58:55] ┇ INFO    ┇    DeepKNLP.gner.trainer ┇ >> Train Model Params = 783,150,080
[02.12 03:58:55] ┇ INFO    ┇    DeepKNLP.gner.trainer ┇ >> Trainer Callbacks  = DefaultFlowCallback, CustomProgressCallback
[02.12 03:58:55] ┇ INFO    ┇    DeepKNLP.gner.trainer ┇ >> Zero Optim Stage   = 2
[02.12 03:58:55] ┇ INFO    ┇    DeepKNLP.gner.trainer ┇ >> Eval Examples      = 100
[02.12 03:58:55] ┇ INFO    ┇    DeepKNLP.gner.trainer ┇ >> Eval Batch Size    = 200 = 50 * 4
[02.12 03:59:08] ┇ INFO    ┇    DeepKNLP.gner.trainer ┇ [training]   1%|                    |   5/912 [0:00:13<0:39:23, 0.38Hz] | epoch=0.07, loss=1.700800
[02.12 03:59:15] ┇ INFO    ┇    DeepKNLP.gner.trainer ┇ [training]   1%|▏                   |  10/912 [0:00:20<0:30:35, 0.49Hz] | epoch=0.13, loss=1.495800
[02.12 03:59:21] ┇ INFO    ┇    DeepKNLP.gner.trainer ┇ [training]   2%|▎                   |  15/912 [0:00:26<0:26:11, 0.57Hz] | epoch=0.20, loss=0.869300
[02.12 03:59:27] ┇ INFO    ┇    DeepKNLP.gner.trainer ┇ [training]   2%|▍                   |  20/912 [0:00:32<0:23:54, 0.62Hz] | epoch=0.26, loss=0.508200
[02.12 03:59:33] ┇ INFO    ┇    DeepKNLP.gner.trainer ┇ [training]   3%|▌                   |  25/912 [0:00:38<0:22:31, 0.66Hz] | epoch=0.33, loss=0.333900
[02.12 03:59:39] ┇ INFO    ┇    DeepKNLP.gner.trainer ┇ [training]   3%|▋                   |  30/912 [0:00:43<0:21:33, 0.68Hz] | epoch=0.40, loss=0.233300
[02.12 03:59:45] ┇ INFO    ┇    DeepKNLP.gner.trainer ┇ [training]   4%|▊                   |  35/912 [0:00:49<0:20:50, 0.70Hz] | epoch=0.46, loss=0.177600
[02.12 03:59:53] ┇ INFO    ┇    DeepKNLP.gner.trainer ┇ [checking] 100%|████████████████████| 1/1 [0:00:00<0:00:00, 24220.47Hz]
[02.12 03:59:53] ┇ INFO    ┇    DeepKNLP.gner.trainer ┇ [training]   4%|▊                   |  38/912 [0:00:58<0:22:22, 0.65Hz] | epoch=0.50, eval_average=0.6462
[02.12 03:59:56] ┇ INFO    ┇    DeepKNLP.gner.trainer ┇ [training]   4%|▉                   |  40/912 [0:01:00<0:22:04, 0.66Hz] | epoch=0.53, loss=0.145700
[02.12 04:00:01] ┇ INFO    ┇    DeepKNLP.gner.trainer ┇ [training]   5%|▉                   |  45/912 [0:01:06<0:21:24, 0.68Hz] | epoch=0.59, loss=0.113800
[02.12 04:00:07] ┇ INFO    ┇    DeepKNLP.gner.trainer ┇ [training]   5%|█                   |  50/912 [0:01:12<0:20:50, 0.69Hz] | epoch=0.66, loss=0.097200
[02.12 04:00:13] ┇ INFO    ┇    DeepKNLP.gner.trainer ┇ [training]   6%|█▏                  |  55/912 [0:01:18<0:20:22, 0.70Hz] | epoch=0.72, loss=0.093700
[02.12 04:00:19] ┇ INFO    ┇    DeepKNLP.gner.trainer ┇ [training]   7%|█▎                  |  60/912 [0:01:24<0:19:57, 0.71Hz] | epoch=0.79, loss=0.082600
[02.12 04:00:25] ┇ INFO    ┇    DeepKNLP.gner.trainer ┇ [training]   7%|█▍                  |  65/912 [0:01:30<0:19:35, 0.72Hz] | epoch=0.85, loss=0.075500
[02.12 04:00:31] ┇ INFO    ┇    DeepKNLP.gner.trainer ┇ [training]   8%|█▌                  |  70/912 [0:01:36<0:19:16, 0.73Hz] | epoch=0.92, loss=0.070600
[02.12 04:00:37] ┇ INFO    ┇    DeepKNLP.gner.trainer ┇ [training]   8%|█▋                  |  75/912 [0:01:42<0:18:58, 0.74Hz] | epoch=0.99, loss=0.074300
[02.12 04:00:42] ┇ INFO    ┇    DeepKNLP.gner.trainer ┇ [checking] 100%|████████████████████| 1/1 [0:00:00<0:00:00, 58165.86Hz]
[02.12 04:00:42] ┇ INFO    ┇    DeepKNLP.gner.trainer ┇ [training]   8%|█▋                  |  76/912 [0:01:46<0:19:36, 0.71Hz] | epoch=1.00, eval_average=0.8540
[02.12 04:00:46] ┇ INFO    ┇    DeepKNLP.gner.trainer ┇ [training]   9%|█▊                  |  80/912 [0:01:51<0:19:15, 0.72Hz] | epoch=1.05, loss=0.063100
[02.12 04:00:52] ┇ INFO    ┇    DeepKNLP.gner.trainer ┇ [training]   9%|█▊                  |  85/912 [0:01:56<0:18:58, 0.73Hz] | epoch=1.12, loss=0.071100
[02.12 04:00:58] ┇ INFO    ┇    DeepKNLP.gner.trainer ┇ [training]  10%|█▉                  |  90/912 [0:02:02<0:18:42, 0.73Hz] | epoch=1.18, loss=0.059800
[02.12 04:01:04] ┇ INFO    ┇    DeepKNLP.gner.trainer ┇ [training]  10%|██                  |  95/912 [0:02:08<0:18:27, 0.74Hz] | epoch=1.25, loss=0.062800
[02.12 04:01:09] ┇ INFO    ┇    DeepKNLP.gner.trainer ┇ [training]  11%|██▏                 | 100/912 [0:02:14<0:18:13, 0.74Hz] | epoch=1.32, loss=0.059800
[02.12 04:01:15] ┇ INFO    ┇    DeepKNLP.gner.trainer ┇ [training]  12%|██▎                 | 105/912 [0:02:20<0:18:00, 0.75Hz] | epoch=1.38, loss=0.054400
[02.12 04:01:21] ┇ INFO    ┇    DeepKNLP.gner.trainer ┇ [training]  12%|██▍                 | 110/912 [0:02:26<0:17:47, 0.75Hz] | epoch=1.45, loss=0.051800
[02.12 04:01:30] ┇ INFO    ┇    DeepKNLP.gner.trainer ┇ [checking] 100%|████████████████████| 1/1 [0:00:00<0:00:00, 40059.01Hz]
[02.12 04:01:30] ┇ INFO    ┇    DeepKNLP.gner.trainer ┇ [training]  12%|██▌                 | 114/912 [0:02:34<0:18:04, 0.74Hz] | epoch=1.50, eval_average=0.8596
[02.12 04:01:31] ┇ INFO    ┇    DeepKNLP.gner.trainer ┇ [training]  13%|██▌                 | 115/912 [0:02:36<0:18:01, 0.74Hz] | epoch=1.51, loss=0.052500
[02.12 04:01:37] ┇ INFO    ┇    DeepKNLP.gner.trainer ┇ [training]  13%|██▋                 | 120/912 [0:02:41<0:17:49, 0.74Hz] | epoch=1.58, loss=0.048900
[02.12 04:01:43] ┇ INFO    ┇    DeepKNLP.gner.trainer ┇ [training]  14%|██▋                 | 125/912 [0:02:47<0:17:36, 0.74Hz] | epoch=1.65, loss=0.057000
[02.12 04:01:49] ┇ INFO    ┇    DeepKNLP.gner.trainer ┇ [training]  14%|██▊                 | 130/912 [0:02:53<0:17:25, 0.75Hz] | epoch=1.71, loss=0.052200
[02.12 04:01:54] ┇ INFO    ┇    DeepKNLP.gner.trainer ┇ [training]  15%|██▉                 | 135/912 [0:02:59<0:17:13, 0.75Hz] | epoch=1.78, loss=0.048400
[02.12 04:02:00] ┇ INFO    ┇    DeepKNLP.gner.trainer ┇ [training]  15%|███                 | 140/912 [0:03:05<0:17:03, 0.75Hz] | epoch=1.84, loss=0.046700
[02.12 04:02:06] ┇ INFO    ┇    DeepKNLP.gner.trainer ┇ [training]  16%|███▏                | 145/912 [0:03:11<0:16:52, 0.76Hz] | epoch=1.91, loss=0.044400
[02.12 04:02:12] ┇ INFO    ┇    DeepKNLP.gner.trainer ┇ [training]  16%|███▎                | 150/912 [0:03:17<0:16:42, 0.76Hz] | epoch=1.97, loss=0.046300
[02.12 04:02:18] ┇ INFO    ┇    DeepKNLP.gner.trainer ┇ [checking] 100%|████████████████████| 1/1 [0:00:00<0:00:00, 54416.27Hz]
[02.12 04:02:18] ┇ INFO    ┇    DeepKNLP.gner.trainer ┇ [training]  17%|███▎                | 152/912 [0:03:23<0:16:57, 0.75Hz] | epoch=2.00, eval_average=0.8826
[02.12 04:02:21] ┇ INFO    ┇    DeepKNLP.gner.trainer ┇ [training]  17%|███▍                | 155/912 [0:03:26<0:16:48, 0.75Hz] | epoch=2.04, loss=0.041000
[02.12 04:02:27] ┇ INFO    ┇    DeepKNLP.gner.trainer ┇ [training]  18%|███▌                | 160/912 [0:03:32<0:16:37, 0.75Hz] | epoch=2.10, loss=0.039400
[02.12 04:02:33] ┇ INFO    ┇    DeepKNLP.gner.trainer ┇ [training]  18%|███▌                | 165/912 [0:03:38<0:16:27, 0.76Hz] | epoch=2.17, loss=0.045800
[02.12 04:02:39] ┇ INFO    ┇    DeepKNLP.gner.trainer ┇ [training]  19%|███▋                | 170/912 [0:03:44<0:16:18, 0.76Hz] | epoch=2.24, loss=0.042100
[02.12 04:02:45] ┇ INFO    ┇    DeepKNLP.gner.trainer ┇ [training]  19%|███▊                | 175/912 [0:03:50<0:16:08, 0.76Hz] | epoch=2.30, loss=0.042500
[02.12 04:02:51] ┇ INFO    ┇    DeepKNLP.gner.trainer ┇ [training]  20%|███▉                | 180/912 [0:03:55<0:15:59, 0.76Hz] | epoch=2.37, loss=0.041400
[02.12 04:02:57] ┇ INFO    ┇    DeepKNLP.gner.trainer ┇ [training]  20%|████                | 185/912 [0:04:01<0:15:50, 0.77Hz] | epoch=2.43, loss=0.043200
[02.12 04:03:02] ┇ INFO    ┇    DeepKNLP.gner.trainer ┇ [training]  21%|████▏               | 190/912 [0:04:07<0:15:41, 0.77Hz] | epoch=2.50, loss=0.042200
[02.12 04:03:06] ┇ INFO    ┇    DeepKNLP.gner.trainer ┇ [checking] 100%|████████████████████| 1/1 [0:00:00<0:00:00, 61300.63Hz]
[02.12 04:03:06] ┇ INFO    ┇    DeepKNLP.gner.trainer ┇ [training]  21%|████▏               | 190/912 [0:04:07<0:15:41, 0.77Hz] | epoch=2.50, eval_average=0.8826
[02.12 04:03:12] ┇ INFO    ┇    DeepKNLP.gner.trainer ┇ [training]  21%|████▎               | 195/912 [0:04:17<0:15:46, 0.76Hz] | epoch=2.57, loss=0.040700
[02.12 04:03:18] ┇ INFO    ┇    DeepKNLP.gner.trainer ┇ [training]  22%|████▍               | 200/912 [0:04:23<0:15:37, 0.76Hz] | epoch=2.63, loss=0.039300
[02.12 04:03:24] ┇ INFO    ┇    DeepKNLP.gner.trainer ┇ [training]  22%|████▍               | 205/912 [0:04:29<0:15:28, 0.76Hz] | epoch=2.70, loss=0.043600
[02.12 04:03:30] ┇ INFO    ┇    DeepKNLP.gner.trainer ┇ [training]  23%|████▌               | 210/912 [0:04:35<0:15:19, 0.76Hz] | epoch=2.76, loss=0.039400
[02.12 04:03:36] ┇ INFO    ┇    DeepKNLP.gner.trainer ┇ [training]  24%|████▋               | 215/912 [0:04:40<0:15:10, 0.77Hz] | epoch=2.83, loss=0.037700
[02.12 04:03:42] ┇ INFO    ┇    DeepKNLP.gner.trainer ┇ [training]  24%|████▊               | 220/912 [0:04:46<0:15:02, 0.77Hz] | epoch=2.90, loss=0.037700
[02.12 04:03:47] ┇ INFO    ┇    DeepKNLP.gner.trainer ┇ [training]  25%|████▉               | 225/912 [0:04:52<0:14:53, 0.77Hz] | epoch=2.96, loss=0.039500
[02.12 04:03:55] ┇ INFO    ┇    DeepKNLP.gner.trainer ┇ [checking] 100%|████████████████████| 1/1 [0:00:00<0:00:00, 60133.39Hz]
[02.12 04:03:55] ┇ INFO    ┇    DeepKNLP.gner.trainer ┇ [training]  25%|█████               | 228/912 [0:04:59<0:14:59, 0.76Hz] | epoch=3.00, eval_average=0.8865
[02.12 04:03:57] ┇ INFO    ┇    DeepKNLP.gner.trainer ┇ [training]  25%|█████               | 230/912 [0:05:02<0:14:56, 0.76Hz] | epoch=3.03, loss=0.038300
[02.12 04:04:02] ┇ INFO    ┇    DeepKNLP.gner.trainer ┇ [training]  26%|█████▏              | 235/912 [0:05:07<0:14:46, 0.76Hz] | epoch=3.09, loss=0.029900
[02.12 04:04:08] ┇ INFO    ┇    DeepKNLP.gner.trainer ┇ [training]  26%|█████▎              | 240/912 [0:05:13<0:14:37, 0.77Hz] | epoch=3.16, loss=0.037800
[02.12 04:04:14] ┇ INFO    ┇    DeepKNLP.gner.trainer ┇ [training]  27%|█████▎              | 245/912 [0:05:19<0:14:29, 0.77Hz] | epoch=3.22, loss=0.034700
[02.12 04:04:20] ┇ INFO    ┇    DeepKNLP.gner.trainer ┇ [training]  27%|█████▍              | 250/912 [0:05:25<0:14:21, 0.77Hz] | epoch=3.29, loss=0.035700
[02.12 04:04:26] ┇ INFO    ┇    DeepKNLP.gner.trainer ┇ [training]  28%|█████▌              | 255/912 [0:05:31<0:14:13, 0.77Hz] | epoch=3.35, loss=0.038400
[02.12 04:04:32] ┇ INFO    ┇    DeepKNLP.gner.trainer ┇ [training]  29%|█████▋              | 260/912 [0:05:37<0:14:05, 0.77Hz] | epoch=3.42, loss=0.037800
[02.12 04:04:38] ┇ INFO    ┇    DeepKNLP.gner.trainer ┇ [training]  29%|█████▊              | 265/912 [0:05:42<0:13:57, 0.77Hz] | epoch=3.49, loss=0.031200
[02.12 04:04:43] ┇ INFO    ┇    DeepKNLP.gner.trainer ┇ [checking] 100%|████████████████████| 1/1 [0:00:00<0:00:00, 58469.93Hz]
[02.12 04:04:43] ┇ INFO    ┇    DeepKNLP.gner.trainer ┇ [training]  29%|█████▊              | 266/912 [0:05:47<0:14:04, 0.76Hz] | epoch=3.50, eval_average=0.8922
[02.12 04:04:47] ┇ INFO    ┇    DeepKNLP.gner.trainer ┇ [training]  30%|█████▉              | 270/912 [0:05:52<0:13:58, 0.77Hz] | epoch=3.55, loss=0.031800
[02.12 04:04:53] ┇ INFO    ┇    DeepKNLP.gner.trainer ┇ [training]  30%|██████              | 275/912 [0:05:58<0:13:50, 0.77Hz] | epoch=3.62, loss=0.034500
[02.12 04:04:59] ┇ INFO    ┇    DeepKNLP.gner.trainer ┇ [training]  31%|██████▏             | 280/912 [0:06:04<0:13:42, 0.77Hz] | epoch=3.68, loss=0.037100
[02.12 04:05:05] ┇ INFO    ┇    DeepKNLP.gner.trainer ┇ [training]  31%|██████▎             | 285/912 [0:06:10<0:13:34, 0.77Hz] | epoch=3.75, loss=0.034200
[02.12 04:05:11] ┇ INFO    ┇    DeepKNLP.gner.trainer ┇ [training]  32%|██████▎             | 290/912 [0:06:16<0:13:12, 0.78Hz] | epoch=3.82, loss=0.030800
[02.12 04:05:17] ┇ INFO    ┇    DeepKNLP.gner.trainer ┇ [training]  32%|██████▍             | 295/912 [0:06:22<0:13:03, 0.79Hz] | epoch=3.88, loss=0.037300
[02.12 04:05:23] ┇ INFO    ┇    DeepKNLP.gner.trainer ┇ [training]  33%|██████▌             | 300/912 [0:06:27<0:12:56, 0.79Hz] | epoch=3.95, loss=0.038200
[02.12 04:05:31] ┇ INFO    ┇    DeepKNLP.gner.trainer ┇ [checking] 100%|████████████████████| 1/1 [0:00:00<0:00:00, 60787.01Hz]
[02.12 04:05:31] ┇ INFO    ┇    DeepKNLP.gner.trainer ┇ [training]  33%|██████▋             | 304/912 [0:06:36<0:13:00, 0.78Hz] | epoch=4.00, eval_average=0.8826
[02.12 04:05:33] ┇ INFO    ┇    DeepKNLP.gner.trainer ┇ [training]  33%|██████▋             | 305/912 [0:06:37<0:12:59, 0.78Hz] | epoch=4.01, loss=0.032900
[02.12 04:05:38] ┇ INFO    ┇    DeepKNLP.gner.trainer ┇ [training]  34%|██████▊             | 310/912 [0:06:43<0:12:52, 0.78Hz] | epoch=4.08, loss=0.030100
[02.12 04:05:44] ┇ INFO    ┇    DeepKNLP.gner.trainer ┇ [training]  35%|██████▉             | 315/912 [0:06:49<0:12:45, 0.78Hz] | epoch=4.14, loss=0.031800
[02.12 04:05:50] ┇ INFO    ┇    DeepKNLP.gner.trainer ┇ [training]  35%|███████             | 320/912 [0:06:54<0:12:28, 0.79Hz] | epoch=4.21, loss=0.035600
[02.12 04:05:56] ┇ INFO    ┇    DeepKNLP.gner.trainer ┇ [training]  36%|███████▏            | 325/912 [0:07:00<0:12:21, 0.79Hz] | epoch=4.28, loss=0.033800
[02.12 04:06:02] ┇ INFO    ┇    DeepKNLP.gner.trainer ┇ [training]  36%|███████▏            | 330/912 [0:07:06<0:12:15, 0.79Hz] | epoch=4.34, loss=0.031000
[02.12 04:06:07] ┇ INFO    ┇    DeepKNLP.gner.trainer ┇ [training]  37%|███████▎            | 335/912 [0:07:12<0:12:09, 0.79Hz] | epoch=4.41, loss=0.030800
[02.12 04:06:13] ┇ INFO    ┇    DeepKNLP.gner.trainer ┇ [training]  37%|███████▍            | 340/912 [0:07:18<0:12:02, 0.79Hz] | epoch=4.47, loss=0.030700
[02.12 04:06:19] ┇ INFO    ┇    DeepKNLP.gner.trainer ┇ [checking] 100%|████████████████████| 1/1 [0:00:00<0:00:00, 53356.28Hz]
[02.12 04:06:19] ┇ INFO    ┇    DeepKNLP.gner.trainer ┇ [training]  38%|███████▌            | 342/912 [0:07:24<0:12:08, 0.78Hz] | epoch=4.50, eval_average=0.8989
[02.12 04:06:23] ┇ INFO    ┇    DeepKNLP.gner.trainer ┇ [training]  38%|███████▌            | 345/912 [0:07:28<0:12:04, 0.78Hz] | epoch=4.54, loss=0.032100
[02.12 04:06:29] ┇ INFO    ┇    DeepKNLP.gner.trainer ┇ [training]  38%|███████▋            | 350/912 [0:07:34<0:11:58, 0.78Hz] | epoch=4.61, loss=0.029000
[02.12 04:06:35] ┇ INFO    ┇    DeepKNLP.gner.trainer ┇ [training]  39%|███████▊            | 355/912 [0:07:40<0:11:52, 0.78Hz] | epoch=4.67, loss=0.031500
[02.12 04:06:41] ┇ INFO    ┇    DeepKNLP.gner.trainer ┇ [training]  39%|███████▉            | 360/912 [0:07:45<0:11:37, 0.79Hz] | epoch=4.74, loss=0.030200
[02.12 04:06:47] ┇ INFO    ┇    DeepKNLP.gner.trainer ┇ [training]  40%|████████            | 365/912 [0:07:51<0:11:32, 0.79Hz] | epoch=4.80, loss=0.029200
[02.12 04:06:53] ┇ INFO    ┇    DeepKNLP.gner.trainer ┇ [training]  41%|████████            | 370/912 [0:07:57<0:11:26, 0.79Hz] | epoch=4.87, loss=0.030500
[02.12 04:06:58] ┇ INFO    ┇    DeepKNLP.gner.trainer ┇ [training]  41%|████████▏           | 375/912 [0:08:03<0:11:19, 0.79Hz] | epoch=4.93, loss=0.028700
[02.12 04:07:04] ┇ INFO    ┇    DeepKNLP.gner.trainer ┇ [training]  42%|████████▎           | 380/912 [0:08:09<0:11:13, 0.79Hz] | epoch=5.00, loss=0.031200
[02.12 04:07:09] ┇ INFO    ┇    DeepKNLP.gner.trainer ┇ [checking] 100%|████████████████████| 1/1 [0:00:00<0:00:00, 25773.93Hz]
[02.12 04:07:09] ┇ INFO    ┇    DeepKNLP.gner.trainer ┇ [training]  42%|████████▎           | 380/912 [0:08:09<0:11:13, 0.79Hz] | epoch=5.00, eval_average=0.8946
[02.12 04:07:14] ┇ INFO    ┇    DeepKNLP.gner.trainer ┇ [training]  42%|████████▍           | 385/912 [0:08:19<0:11:14, 0.78Hz] | epoch=5.07, loss=0.026500
[02.12 04:07:20] ┇ INFO    ┇    DeepKNLP.gner.trainer ┇ [training]  43%|████████▌           | 390/912 [0:08:25<0:11:07, 0.78Hz] | epoch=5.13, loss=0.026200
[02.12 04:07:26] ┇ INFO    ┇    DeepKNLP.gner.trainer ┇ [training]  43%|████████▋           | 395/912 [0:08:31<0:11:01, 0.78Hz] | epoch=5.20, loss=0.030300
[02.12 04:07:32] ┇ INFO    ┇    DeepKNLP.gner.trainer ┇ [training]  44%|████████▊           | 400/912 [0:08:37<0:10:48, 0.79Hz] | epoch=5.26, loss=0.028900
[02.12 04:07:38] ┇ INFO    ┇    DeepKNLP.gner.trainer ┇ [training]  44%|████████▉           | 405/912 [0:08:42<0:10:41, 0.79Hz] | epoch=5.33, loss=0.030900
[02.12 04:07:44] ┇ INFO    ┇    DeepKNLP.gner.trainer ┇ [training]  45%|████████▉           | 410/912 [0:08:48<0:10:35, 0.79Hz] | epoch=5.39, loss=0.030400
[02.12 04:07:50] ┇ INFO    ┇    DeepKNLP.gner.trainer ┇ [training]  46%|█████████           | 415/912 [0:08:54<0:10:28, 0.79Hz] | epoch=5.46, loss=0.030900
[02.12 04:07:57] ┇ INFO    ┇    DeepKNLP.gner.trainer ┇ [checking] 100%|████████████████████| 1/1 [0:00:00<0:00:00, 47909.24Hz]
[02.12 04:07:57] ┇ INFO    ┇    DeepKNLP.gner.trainer ┇ [training]  46%|█████████▏          | 418/912 [0:09:02<0:10:31, 0.78Hz] | epoch=5.50, eval_average=0.9009
[02.12 04:07:59] ┇ INFO    ┇    DeepKNLP.gner.trainer ┇ [training]  46%|█████████▏          | 420/912 [0:09:04<0:10:29, 0.78Hz] | epoch=5.53, loss=0.029300
[02.12 04:08:05] ┇ INFO    ┇    DeepKNLP.gner.trainer ┇ [training]  47%|█████████▎          | 425/912 [0:09:10<0:10:23, 0.78Hz] | epoch=5.59, loss=0.029700
[02.12 04:08:11] ┇ INFO    ┇    DeepKNLP.gner.trainer ┇ [training]  47%|█████████▍          | 430/912 [0:09:16<0:10:17, 0.78Hz] | epoch=5.66, loss=0.032700
[02.12 04:08:17] ┇ INFO    ┇    DeepKNLP.gner.trainer ┇ [training]  48%|█████████▌          | 435/912 [0:09:22<0:10:10, 0.78Hz] | epoch=5.72, loss=0.030200
[02.12 04:08:23] ┇ INFO    ┇    DeepKNLP.gner.trainer ┇ [training]  48%|█████████▋          | 440/912 [0:09:28<0:09:57, 0.79Hz] | epoch=5.79, loss=0.026500
[02.12 04:08:29] ┇ INFO    ┇    DeepKNLP.gner.trainer ┇ [training]  49%|█████████▊          | 445/912 [0:09:34<0:09:52, 0.79Hz] | epoch=5.86, loss=0.027600
[02.12 04:08:35] ┇ INFO    ┇    DeepKNLP.gner.trainer ┇ [training]  49%|█████████▊          | 450/912 [0:09:40<0:09:46, 0.79Hz] | epoch=5.92, loss=0.028000
[02.12 04:08:41] ┇ INFO    ┇    DeepKNLP.gner.trainer ┇ [training]  50%|█████████▉          | 455/912 [0:09:46<0:09:39, 0.79Hz] | epoch=5.99, loss=0.026700
[02.12 04:08:46] ┇ INFO    ┇    DeepKNLP.gner.trainer ┇ [checking] 100%|████████████████████| 1/1 [0:00:00<0:00:00, 52062.73Hz]
[02.12 04:08:46] ┇ INFO    ┇    DeepKNLP.gner.trainer ┇ [training]  50%|██████████          | 456/912 [0:09:51<0:09:45, 0.78Hz] | epoch=6.00, eval_average=0.9013
[02.12 04:08:51] ┇ INFO    ┇    DeepKNLP.gner.trainer ┇ [training]  50%|██████████          | 460/912 [0:09:55<0:09:40, 0.78Hz] | epoch=6.05, loss=0.028300
[02.12 04:08:56] ┇ INFO    ┇    DeepKNLP.gner.trainer ┇ [training]  51%|██████████▏         | 465/912 [0:10:01<0:09:33, 0.78Hz] | epoch=6.12, loss=0.024500
[02.12 04:09:02] ┇ INFO    ┇    DeepKNLP.gner.trainer ┇ [training]  52%|██████████▎         | 470/912 [0:10:07<0:09:26, 0.78Hz] | epoch=6.18, loss=0.029100
[02.12 04:09:08] ┇ INFO    ┇    DeepKNLP.gner.trainer ┇ [training]  52%|██████████▍         | 475/912 [0:10:13<0:09:20, 0.78Hz] | epoch=6.25, loss=0.026700
[02.12 04:09:14] ┇ INFO    ┇    DeepKNLP.gner.trainer ┇ [training]  53%|██████████▌         | 480/912 [0:10:19<0:09:08, 0.79Hz] | epoch=6.32, loss=0.029500
[02.12 04:09:20] ┇ INFO    ┇    DeepKNLP.gner.trainer ┇ [training]  53%|██████████▋         | 485/912 [0:10:24<0:09:01, 0.79Hz] | epoch=6.38, loss=0.025800
[02.12 04:09:26] ┇ INFO    ┇    DeepKNLP.gner.trainer ┇ [training]  54%|██████████▋         | 490/912 [0:10:30<0:08:55, 0.79Hz] | epoch=6.45, loss=0.026800
[02.12 04:09:34] ┇ INFO    ┇    DeepKNLP.gner.trainer ┇ [checking] 100%|████████████████████| 1/1 [0:00:00<0:00:00, 51375.21Hz]
[02.12 04:09:34] ┇ INFO    ┇    DeepKNLP.gner.trainer ┇ [training]  54%|██████████▊         | 494/912 [0:10:39<0:08:56, 0.78Hz] | epoch=6.50, eval_average=0.9017
[02.12 04:09:35] ┇ INFO    ┇    DeepKNLP.gner.trainer ┇ [training]  54%|██████████▊         | 495/912 [0:10:40<0:08:55, 0.78Hz] | epoch=6.51, loss=0.023800
[02.12 04:09:41] ┇ INFO    ┇    DeepKNLP.gner.trainer ┇ [training]  55%|██████████▉         | 500/912 [0:10:46<0:08:49, 0.78Hz] | epoch=6.58, loss=0.023800
[02.12 04:09:47] ┇ INFO    ┇    DeepKNLP.gner.trainer ┇ [training]  55%|███████████         | 505/912 [0:10:52<0:08:42, 0.78Hz] | epoch=6.64, loss=0.027100
[02.12 04:09:53] ┇ INFO    ┇    DeepKNLP.gner.trainer ┇ [training]  56%|███████████▏        | 510/912 [0:10:58<0:08:30, 0.79Hz] | epoch=6.71, loss=0.027700
[02.12 04:09:59] ┇ INFO    ┇    DeepKNLP.gner.trainer ┇ [training]  56%|███████████▎        | 515/912 [0:11:04<0:08:24, 0.79Hz] | epoch=6.78, loss=0.029100
[02.12 04:10:05] ┇ INFO    ┇    DeepKNLP.gner.trainer ┇ [training]  57%|███████████▍        | 520/912 [0:11:10<0:08:18, 0.79Hz] | epoch=6.84, loss=0.027100
[02.12 04:10:11] ┇ INFO    ┇    DeepKNLP.gner.trainer ┇ [training]  58%|███████████▌        | 525/912 [0:11:16<0:08:12, 0.79Hz] | epoch=6.91, loss=0.027000
[02.12 04:10:17] ┇ INFO    ┇    DeepKNLP.gner.trainer ┇ [training]  58%|███████████▌        | 530/912 [0:11:22<0:08:06, 0.79Hz] | epoch=6.97, loss=0.024700
[02.12 04:10:23] ┇ INFO    ┇    DeepKNLP.gner.trainer ┇ [checking] 100%|████████████████████| 1/1 [0:00:00<0:00:00, 50081.24Hz]
[02.12 04:10:23] ┇ INFO    ┇    DeepKNLP.gner.trainer ┇ [training]  58%|███████████▋        | 532/912 [0:11:28<0:08:09, 0.78Hz] | epoch=7.00, eval_average=0.8966
[02.12 04:10:27] ┇ INFO    ┇    DeepKNLP.gner.trainer ┇ [training]  59%|███████████▋        | 535/912 [0:11:32<0:08:05, 0.78Hz] | epoch=7.04, loss=0.025000
[02.12 04:10:32] ┇ INFO    ┇    DeepKNLP.gner.trainer ┇ [training]  59%|███████████▊        | 540/912 [0:11:37<0:07:58, 0.78Hz] | epoch=7.11, loss=0.021000
[02.12 04:10:38] ┇ INFO    ┇    DeepKNLP.gner.trainer ┇ [training]  60%|███████████▉        | 545/912 [0:11:43<0:07:52, 0.78Hz] | epoch=7.17, loss=0.026700
[02.12 04:10:44] ┇ INFO    ┇    DeepKNLP.gner.trainer ┇ [training]  60%|████████████        | 550/912 [0:11:49<0:07:41, 0.79Hz] | epoch=7.24, loss=0.024200
[02.12 04:10:51] ┇ INFO    ┇    DeepKNLP.gner.trainer ┇ [training]  61%|████████████▏       | 555/912 [0:11:55<0:07:34, 0.78Hz] | epoch=7.30, loss=0.025300
[02.12 04:10:56] ┇ INFO    ┇    DeepKNLP.gner.trainer ┇ [training]  61%|████████████▎       | 560/912 [0:12:01<0:07:28, 0.78Hz] | epoch=7.37, loss=0.021800
[02.12 04:11:02] ┇ INFO    ┇    DeepKNLP.gner.trainer ┇ [training]  62%|████████████▍       | 565/912 [0:12:07<0:07:22, 0.78Hz] | epoch=7.43, loss=0.028000
[02.12 04:11:08] ┇ INFO    ┇    DeepKNLP.gner.trainer ┇ [training]  62%|████████████▌       | 570/912 [0:12:13<0:07:15, 0.78Hz] | epoch=7.50, loss=0.027800
[02.12 04:11:12] ┇ INFO    ┇    DeepKNLP.gner.trainer ┇ [checking] 100%|████████████████████| 1/1 [0:00:00<0:00:00, 53924.36Hz]
[02.12 04:11:12] ┇ INFO    ┇    DeepKNLP.gner.trainer ┇ [training]  62%|████████████▌       | 570/912 [0:12:13<0:07:15, 0.78Hz] | epoch=7.50, eval_average=0.9056
[02.12 04:11:18] ┇ INFO    ┇    DeepKNLP.gner.trainer ┇ [training]  63%|████████████▌       | 575/912 [0:12:23<0:07:13, 0.78Hz] | epoch=7.57, loss=0.024000
[02.12 04:11:24] ┇ INFO    ┇    DeepKNLP.gner.trainer ┇ [training]  64%|████████████▋       | 580/912 [0:12:29<0:07:07, 0.78Hz] | epoch=7.63, loss=0.023600
[02.12 04:11:30] ┇ INFO    ┇    DeepKNLP.gner.trainer ┇ [training]  64%|████████████▊       | 585/912 [0:12:35<0:07:01, 0.78Hz] | epoch=7.70, loss=0.023900
[02.12 04:11:36] ┇ INFO    ┇    DeepKNLP.gner.trainer ┇ [training]  65%|████████████▉       | 590/912 [0:12:40<0:06:50, 0.78Hz] | epoch=7.76, loss=0.023600
[02.12 04:11:42] ┇ INFO    ┇    DeepKNLP.gner.trainer ┇ [training]  65%|█████████████       | 595/912 [0:12:47<0:06:43, 0.79Hz] | epoch=7.83, loss=0.024800
[02.12 04:11:48] ┇ INFO    ┇    DeepKNLP.gner.trainer ┇ [training]  66%|█████████████▏      | 600/912 [0:12:52<0:06:37, 0.78Hz] | epoch=7.89, loss=0.023700
[02.12 04:11:54] ┇ INFO    ┇    DeepKNLP.gner.trainer ┇ [training]  66%|█████████████▎      | 605/912 [0:12:58<0:06:31, 0.78Hz] | epoch=7.96, loss=0.024100
[02.12 04:12:01] ┇ INFO    ┇    DeepKNLP.gner.trainer ┇ [checking] 100%|████████████████████| 1/1 [0:00:00<0:00:00, 69868.68Hz]
[02.12 04:12:01] ┇ INFO    ┇    DeepKNLP.gner.trainer ┇ [training]  67%|█████████████▎      | 608/912 [0:13:06<0:06:31, 0.78Hz] | epoch=8.00, eval_average=0.9013
[02.12 04:12:03] ┇ INFO    ┇    DeepKNLP.gner.trainer ┇ [training]  67%|█████████████▍      | 610/912 [0:13:08<0:06:29, 0.78Hz] | epoch=8.03, loss=0.026500
[02.12 04:12:09] ┇ INFO    ┇    DeepKNLP.gner.trainer ┇ [training]  67%|█████████████▍      | 615/912 [0:13:14<0:06:23, 0.78Hz] | epoch=8.09, loss=0.024500
[02.12 04:12:14] ┇ INFO    ┇    DeepKNLP.gner.trainer ┇ [training]  68%|█████████████▌      | 620/912 [0:13:19<0:06:16, 0.78Hz] | epoch=8.16, loss=0.023100
[02.12 04:12:20] ┇ INFO    ┇    DeepKNLP.gner.trainer ┇ [training]  69%|█████████████▋      | 625/912 [0:13:25<0:06:09, 0.78Hz] | epoch=8.22, loss=0.024100
[02.12 04:12:26] ┇ INFO    ┇    DeepKNLP.gner.trainer ┇ [training]  69%|█████████████▊      | 630/912 [0:13:31<0:05:59, 0.79Hz] | epoch=8.29, loss=0.025800
[02.12 04:12:32] ┇ INFO    ┇    DeepKNLP.gner.trainer ┇ [training]  70%|█████████████▉      | 635/912 [0:13:37<0:05:52, 0.79Hz] | epoch=8.36, loss=0.022500
[02.12 04:12:38] ┇ INFO    ┇    DeepKNLP.gner.trainer ┇ [training]  70%|██████████████      | 640/912 [0:13:43<0:05:46, 0.79Hz] | epoch=8.42, loss=0.023300
[02.12 04:12:44] ┇ INFO    ┇    DeepKNLP.gner.trainer ┇ [training]  71%|██████████████▏     | 645/912 [0:13:49<0:05:39, 0.79Hz] | epoch=8.49, loss=0.023900
[02.12 04:12:49] ┇ INFO    ┇    DeepKNLP.gner.trainer ┇ [checking] 100%|████████████████████| 1/1 [0:00:00<0:00:00, 67752.51Hz]
[02.12 04:12:49] ┇ INFO    ┇    DeepKNLP.gner.trainer ┇ [training]  71%|██████████████▏     | 646/912 [0:13:54<0:05:42, 0.78Hz] | epoch=8.50, eval_average=0.9056
[02.12 04:12:54] ┇ INFO    ┇    DeepKNLP.gner.trainer ┇ [training]  71%|██████████████▎     | 650/912 [0:13:58<0:05:37, 0.78Hz] | epoch=8.55, loss=0.024300
[02.12 04:12:59] ┇ INFO    ┇    DeepKNLP.gner.trainer ┇ [training]  72%|██████████████▎     | 655/912 [0:14:04<0:05:30, 0.78Hz] | epoch=8.62, loss=0.023500
[02.12 04:13:05] ┇ INFO    ┇    DeepKNLP.gner.trainer ┇ [training]  72%|██████████████▍     | 660/912 [0:14:10<0:05:24, 0.78Hz] | epoch=8.68, loss=0.023500
[02.12 04:13:11] ┇ INFO    ┇    DeepKNLP.gner.trainer ┇ [training]  73%|██████████████▌     | 665/912 [0:14:16<0:05:18, 0.78Hz] | epoch=8.75, loss=0.024500
[02.12 04:13:17] ┇ INFO    ┇    DeepKNLP.gner.trainer ┇ [training]  73%|██████████████▋     | 670/912 [0:14:22<0:05:08, 0.78Hz] | epoch=8.82, loss=0.023800
[02.12 04:13:23] ┇ INFO    ┇    DeepKNLP.gner.trainer ┇ [training]  74%|██████████████▊     | 675/912 [0:14:28<0:05:02, 0.78Hz] | epoch=8.88, loss=0.023300
[02.12 04:13:29] ┇ INFO    ┇    DeepKNLP.gner.trainer ┇ [training]  75%|██████████████▉     | 680/912 [0:14:34<0:04:55, 0.78Hz] | epoch=8.95, loss=0.021000
[02.12 04:13:38] ┇ INFO    ┇    DeepKNLP.gner.trainer ┇ [checking] 100%|████████████████████| 1/1 [0:00:00<0:00:00, 44568.40Hz]
[02.12 04:13:38] ┇ INFO    ┇    DeepKNLP.gner.trainer ┇ [training]  75%|███████████████     | 684/912 [0:14:42<0:04:53, 0.78Hz] | epoch=9.00, eval_average=0.9060
[02.12 04:13:39] ┇ INFO    ┇    DeepKNLP.gner.trainer ┇ [training]  75%|███████████████     | 685/912 [0:14:44<0:04:52, 0.78Hz] | epoch=9.01, loss=0.025300
[02.12 04:13:45] ┇ INFO    ┇    DeepKNLP.gner.trainer ┇ [training]  76%|███████████████▏    | 690/912 [0:14:49<0:04:46, 0.78Hz] | epoch=9.08, loss=0.021600
[02.12 04:13:50] ┇ INFO    ┇    DeepKNLP.gner.trainer ┇ [training]  76%|███████████████▏    | 695/912 [0:14:55<0:04:39, 0.78Hz] | epoch=9.14, loss=0.021500
[02.12 04:13:56] ┇ INFO    ┇    DeepKNLP.gner.trainer ┇ [training]  77%|███████████████▎    | 700/912 [0:15:01<0:04:29, 0.79Hz] | epoch=9.21, loss=0.022900
[02.12 04:14:02] ┇ INFO    ┇    DeepKNLP.gner.trainer ┇ [training]  77%|███████████████▍    | 705/912 [0:15:06<0:04:23, 0.79Hz] | epoch=9.28, loss=0.022700
[02.12 04:14:08] ┇ INFO    ┇    DeepKNLP.gner.trainer ┇ [training]  78%|███████████████▌    | 710/912 [0:15:12<0:04:16, 0.79Hz] | epoch=9.34, loss=0.021800
[02.12 04:14:14] ┇ INFO    ┇    DeepKNLP.gner.trainer ┇ [training]  78%|███████████████▋    | 715/912 [0:15:18<0:04:10, 0.79Hz] | epoch=9.41, loss=0.020300
[02.12 04:14:19] ┇ INFO    ┇    DeepKNLP.gner.trainer ┇ [training]  79%|███████████████▊    | 720/912 [0:15:24<0:04:04, 0.79Hz] | epoch=9.47, loss=0.020700
[02.12 04:14:26] ┇ INFO    ┇    DeepKNLP.gner.trainer ┇ [checking] 100%|████████████████████| 1/1 [0:00:00<0:00:00, 62777.23Hz]
[02.12 04:14:26] ┇ INFO    ┇    DeepKNLP.gner.trainer ┇ [training]  79%|███████████████▊    | 722/912 [0:15:30<0:04:04, 0.78Hz] | epoch=9.50, eval_average=0.9185
[02.12 04:14:29] ┇ INFO    ┇    DeepKNLP.gner.trainer ┇ [training]  79%|███████████████▉    | 725/912 [0:15:34<0:04:00, 0.78Hz] | epoch=9.54, loss=0.021700
[02.12 04:14:35] ┇ INFO    ┇    DeepKNLP.gner.trainer ┇ [training]  80%|████████████████    | 730/912 [0:15:40<0:03:54, 0.78Hz] | epoch=9.61, loss=0.023500
[02.12 04:14:41] ┇ INFO    ┇    DeepKNLP.gner.trainer ┇ [training]  81%|████████████████    | 735/912 [0:15:46<0:03:47, 0.78Hz] | epoch=9.67, loss=0.022400
[02.12 04:14:47] ┇ INFO    ┇    DeepKNLP.gner.trainer ┇ [training]  81%|████████████████▏   | 740/912 [0:15:52<0:03:38, 0.79Hz] | epoch=9.74, loss=0.022300
[02.12 04:14:53] ┇ INFO    ┇    DeepKNLP.gner.trainer ┇ [training]  82%|████████████████▎   | 745/912 [0:15:58<0:03:32, 0.79Hz] | epoch=9.80, loss=0.022300
[02.12 04:14:59] ┇ INFO    ┇    DeepKNLP.gner.trainer ┇ [training]  82%|████████████████▍   | 750/912 [0:16:04<0:03:26, 0.79Hz] | epoch=9.87, loss=0.022600
[02.12 04:15:05] ┇ INFO    ┇    DeepKNLP.gner.trainer ┇ [training]  83%|████████████████▌   | 755/912 [0:16:09<0:03:19, 0.79Hz] | epoch=9.93, loss=0.022400
[02.12 04:15:11] ┇ INFO    ┇    DeepKNLP.gner.trainer ┇ [training]  83%|████████████████▋   | 760/912 [0:16:15<0:03:13, 0.79Hz] | epoch=10.00, loss=0.022600
[02.12 04:15:14] ┇ INFO    ┇    DeepKNLP.gner.trainer ┇ [checking] 100%|████████████████████| 1/1 [0:00:00<0:00:00, 39262.17Hz]
[02.12 04:15:14] ┇ INFO    ┇    DeepKNLP.gner.trainer ┇ [training]  83%|████████████████▋   | 760/912 [0:16:15<0:03:13, 0.79Hz] | epoch=10.00, eval_average=0.9106
[02.12 04:15:20] ┇ INFO    ┇    DeepKNLP.gner.trainer ┇ [training]  84%|████████████████▊   | 765/912 [0:16:25<0:03:09, 0.78Hz] | epoch=10.07, loss=0.023700
[02.12 04:15:26] ┇ INFO    ┇    DeepKNLP.gner.trainer ┇ [training]  84%|████████████████▉   | 770/912 [0:16:30<0:03:02, 0.78Hz] | epoch=10.13, loss=0.021100
[02.12 04:15:31] ┇ INFO    ┇    DeepKNLP.gner.trainer ┇ [training]  85%|████████████████▉   | 775/912 [0:16:36<0:02:55, 0.78Hz] | epoch=10.20, loss=0.023000
[02.12 04:15:37] ┇ INFO    ┇    DeepKNLP.gner.trainer ┇ [training]  86%|█████████████████   | 780/912 [0:16:42<0:02:47, 0.79Hz] | epoch=10.26, loss=0.020300
[02.12 04:15:43] ┇ INFO    ┇    DeepKNLP.gner.trainer ┇ [training]  86%|█████████████████▏  | 785/912 [0:16:48<0:02:41, 0.79Hz] | epoch=10.33, loss=0.023800
[02.12 04:15:49] ┇ INFO    ┇    DeepKNLP.gner.trainer ┇ [training]  87%|█████████████████▎  | 790/912 [0:16:54<0:02:34, 0.79Hz] | epoch=10.39, loss=0.022500
[02.12 04:15:55] ┇ INFO    ┇    DeepKNLP.gner.trainer ┇ [training]  87%|█████████████████▍  | 795/912 [0:17:00<0:02:28, 0.79Hz] | epoch=10.46, loss=0.022100
[02.12 04:16:02] ┇ INFO    ┇    DeepKNLP.gner.trainer ┇ [checking] 100%|████████████████████| 1/1 [0:00:00<0:00:00, 29717.20Hz]
[02.12 04:16:02] ┇ INFO    ┇    DeepKNLP.gner.trainer ┇ [training]  88%|█████████████████▌  | 798/912 [0:17:07<0:02:26, 0.78Hz] | epoch=10.50, eval_average=0.9149
[02.12 04:16:05] ┇ INFO    ┇    DeepKNLP.gner.trainer ┇ [training]  88%|█████████████████▌  | 800/912 [0:17:10<0:02:23, 0.78Hz] | epoch=10.53, loss=0.022200
[02.12 04:16:11] ┇ INFO    ┇    DeepKNLP.gner.trainer ┇ [training]  88%|█████████████████▋  | 805/912 [0:17:16<0:02:17, 0.78Hz] | epoch=10.59, loss=0.021100
[02.12 04:16:17] ┇ INFO    ┇    DeepKNLP.gner.trainer ┇ [training]  89%|█████████████████▊  | 810/912 [0:17:21<0:02:10, 0.78Hz] | epoch=10.66, loss=0.017800
[02.12 04:16:23] ┇ INFO    ┇    DeepKNLP.gner.trainer ┇ [training]  89%|█████████████████▊  | 815/912 [0:17:27<0:02:04, 0.78Hz] | epoch=10.72, loss=0.020700
[02.12 04:16:28] ┇ INFO    ┇    DeepKNLP.gner.trainer ┇ [training]  90%|█████████████████▉  | 820/912 [0:17:33<0:01:56, 0.79Hz] | epoch=10.79, loss=0.022500
[02.12 04:16:34] ┇ INFO    ┇    DeepKNLP.gner.trainer ┇ [training]  90%|██████████████████  | 825/912 [0:17:39<0:01:50, 0.79Hz] | epoch=10.86, loss=0.022500
[02.12 04:16:40] ┇ INFO    ┇    DeepKNLP.gner.trainer ┇ [training]  91%|██████████████████▏ | 830/912 [0:17:45<0:01:44, 0.79Hz] | epoch=10.92, loss=0.021600
[02.12 04:16:46] ┇ INFO    ┇    DeepKNLP.gner.trainer ┇ [training]  92%|██████████████████▎ | 835/912 [0:17:51<0:01:37, 0.79Hz] | epoch=10.99, loss=0.021800
[02.12 04:16:51] ┇ INFO    ┇    DeepKNLP.gner.trainer ┇ [checking] 100%|████████████████████| 1/1 [0:00:00<0:00:00, 36437.55Hz]
[02.12 04:16:51] ┇ INFO    ┇    DeepKNLP.gner.trainer ┇ [training]  92%|██████████████████▎ | 836/912 [0:17:56<0:01:37, 0.78Hz] | epoch=11.00, eval_average=0.9068
[02.12 04:16:56] ┇ INFO    ┇    DeepKNLP.gner.trainer ┇ [training]  92%|██████████████████▍ | 840/912 [0:18:01<0:01:32, 0.78Hz] | epoch=11.05, loss=0.020000
[02.12 04:17:02] ┇ INFO    ┇    DeepKNLP.gner.trainer ┇ [training]  93%|██████████████████▌ | 845/912 [0:18:06<0:01:25, 0.78Hz] | epoch=11.12, loss=0.023700
[02.12 04:17:07] ┇ INFO    ┇    DeepKNLP.gner.trainer ┇ [training]  93%|██████████████████▋ | 850/912 [0:18:12<0:01:19, 0.78Hz] | epoch=11.18, loss=0.020100
[02.12 04:17:13] ┇ INFO    ┇    DeepKNLP.gner.trainer ┇ [training]  94%|██████████████████▊ | 855/912 [0:18:18<0:01:12, 0.78Hz] | epoch=11.25, loss=0.022400
[02.12 04:17:19] ┇ INFO    ┇    DeepKNLP.gner.trainer ┇ [training]  94%|██████████████████▊ | 860/912 [0:18:24<0:01:05, 0.79Hz] | epoch=11.32, loss=0.020300
[02.12 04:17:25] ┇ INFO    ┇    DeepKNLP.gner.trainer ┇ [training]  95%|██████████████████▉ | 865/912 [0:18:29<0:00:59, 0.79Hz] | epoch=11.38, loss=0.019200
[02.12 04:17:31] ┇ INFO    ┇    DeepKNLP.gner.trainer ┇ [training]  95%|███████████████████ | 870/912 [0:18:35<0:00:53, 0.79Hz] | epoch=11.45, loss=0.020900
[02.12 04:17:39] ┇ INFO    ┇    DeepKNLP.gner.trainer ┇ [checking] 100%|████████████████████| 1/1 [0:00:00<0:00:00, 49774.79Hz]
[02.12 04:17:39] ┇ INFO    ┇    DeepKNLP.gner.trainer ┇ [training]  96%|███████████████████▏| 874/912 [0:18:44<0:00:48, 0.78Hz] | epoch=11.50, eval_average=0.9006
[02.12 04:17:40] ┇ INFO    ┇    DeepKNLP.gner.trainer ┇ [training]  96%|███████████████████▏| 875/912 [0:18:45<0:00:47, 0.78Hz] | epoch=11.51, loss=0.020100
[02.12 04:17:46] ┇ INFO    ┇    DeepKNLP.gner.trainer ┇ [training]  96%|███████████████████▎| 880/912 [0:18:51<0:00:40, 0.78Hz] | epoch=11.58, loss=0.019800
[02.12 04:17:52] ┇ INFO    ┇    DeepKNLP.gner.trainer ┇ [training]  97%|███████████████████▍| 885/912 [0:18:57<0:00:34, 0.78Hz] | epoch=11.64, loss=0.020700
[02.12 04:17:58] ┇ INFO    ┇    DeepKNLP.gner.trainer ┇ [training]  98%|███████████████████▌| 890/912 [0:19:03<0:00:27, 0.79Hz] | epoch=11.71, loss=0.020800
[02.12 04:18:04] ┇ INFO    ┇    DeepKNLP.gner.trainer ┇ [training]  98%|███████████████████▋| 895/912 [0:19:09<0:00:21, 0.79Hz] | epoch=11.78, loss=0.019000
[02.12 04:18:10] ┇ INFO    ┇    DeepKNLP.gner.trainer ┇ [training]  99%|███████████████████▋| 900/912 [0:19:15<0:00:15, 0.79Hz] | epoch=11.84, loss=0.020200
[02.12 04:18:16] ┇ INFO    ┇    DeepKNLP.gner.trainer ┇ [training]  99%|███████████████████▊| 905/912 [0:19:21<0:00:08, 0.79Hz] | epoch=11.91, loss=0.022300
[02.12 04:18:22] ┇ INFO    ┇    DeepKNLP.gner.trainer ┇ [training] 100%|███████████████████▉| 910/912 [0:19:27<0:00:02, 0.79Hz] | epoch=11.97, loss=0.021800
[02.12 04:18:28] ┇ INFO    ┇    DeepKNLP.gner.trainer ┇ [checking] 100%|████████████████████| 1/1 [0:00:00<0:00:00, 30531.79Hz]
[02.12 04:18:28] ┇ INFO    ┇    DeepKNLP.gner.trainer ┇ [training] 100%|████████████████████| 912/912 [0:19:33<0:00:00, 0.78Hz] | epoch=12.00, eval_average=0.9231
[02.12 04:18:28] ┇ INFO    ┇    DeepKNLP.gner.trainer ┇ [training] 100%|████████████████████| 912/912 [0:19:33<0:00:00, 0.78Hz] | epoch=12.00, train_loss=0.0608, total_pflos=98.262
[02.12 04:18:28] ┇ INFO    ┇    DeepKNLP.gner.trainer ┇ -----------------------------------------------------------------------------------------------------------------------------------------
[02.12 04:18:28] ┇ INFO    ┇                 DeepKNLP ┇ Train output metrics: {'train_runtime': 1173.2951, 'train_samples_per_second': 99.975, 'train_steps_per_second': 0.777, 'total_flos': 9.826180083902054e+16, 'train_loss': 0.06084403552507099, 'epoch': 12.0}
[02.12 04:18:28] ┇ INFO    ┇           chrisbase.data ┇ =========================================================================================================================================
[02.12 04:18:28] ┇ INFO    ┇           chrisbase.data ┇ [EXIT] python task2-nerG-trainer.py --local_rank=0 --trainer_deepspeed configs/deepspeed/ds2_t5.json --run_version FlanT5-1B-BL --pretrained google/flan-t5-large --eval_epochs 0.5 --logging_steps 5 --num_train_epochs 12 --per_device_eval_batch_size 50 --per_device_train_batch_size 8 --gradient_accumulation_steps 4 --generation_max_length 640 --eval_file data/gner/each-sampled-BL/mit-movie-dev=100.jsonl --train_file data/gner/each-BL/mit-movie-train.jsonl --output_file train-metrics-mit-movie-12ep.csv --logging_file train-loggings-mit-movie-12ep.out --no_use_flash_attention --no_debugging ($=00:20:07.411)
[02.12 04:18:28] ┇ INFO    ┇           chrisbase.data ┇ =========================================================================================================================================
[02.12 04:18:29] ┇ INFO    ┇ torch._inductor.remote_cache ┇ Cache Metrics: None

[02.12 04:18:29] ┇ INFO    ┇ torch._dynamo.eval_frame ┇ TorchDynamo attempted to trace the following frames: [

]
[02.12 04:18:29] ┇ INFO    ┇      torch._dynamo.utils ┇ TorchDynamo compilation metrics:
Function    Runtimes (s)
----------  --------------
[02.12 04:18:29] ┇ INFO    ┇ torch._subclasses.fake_tensor ┇ FakeTensor cache stats:
[02.12 04:18:29] ┇ INFO    ┇ torch._subclasses.fake_tensor ┇   cache_hits: 0
[02.12 04:18:29] ┇ INFO    ┇ torch._subclasses.fake_tensor ┇   cache_misses: 0
[02.12 04:18:29] ┇ INFO    ┇ torch._inductor.remote_cache ┇ Cache Metrics: None

[02.12 04:18:29] ┇ INFO    ┇ torch._dynamo.eval_frame ┇ TorchDynamo attempted to trace the following frames: [

]
[02.12 04:18:29] ┇ INFO    ┇      torch._dynamo.utils ┇ TorchDynamo compilation metrics:
Function    Runtimes (s)
----------  --------------
[02.12 04:18:29] ┇ INFO    ┇ torch._inductor.remote_cache ┇ Cache Metrics: None

[02.12 04:18:29] ┇ INFO    ┇ torch._dynamo.eval_frame ┇ TorchDynamo attempted to trace the following frames: [

]
[02.12 04:18:29] ┇ INFO    ┇      torch._dynamo.utils ┇ TorchDynamo compilation metrics:
Function    Runtimes (s)
----------  --------------
[02.12 04:18:29] ┇ INFO    ┇ torch._subclasses.fake_tensor ┇ FakeTensor cache stats:
[02.12 04:18:29] ┇ INFO    ┇ torch._subclasses.fake_tensor ┇   cache_hits: 0
[02.12 04:18:29] ┇ INFO    ┇ torch._subclasses.fake_tensor ┇   cache_misses: 0
[02.12 04:18:29] ┇ INFO    ┇ torch._subclasses.fake_tensor ┇ FakeTensor cache stats:
[02.12 04:18:29] ┇ INFO    ┇ torch._subclasses.fake_tensor ┇   cache_hits: 0
[02.12 04:18:29] ┇ INFO    ┇ torch._subclasses.fake_tensor ┇   cache_misses: 0
[02.12 04:18:29] ┇ INFO    ┇ torch._inductor.remote_cache ┇ Cache Metrics: None

[02.12 04:18:29] ┇ INFO    ┇ torch._dynamo.eval_frame ┇ TorchDynamo attempted to trace the following frames: [

]
[02.12 04:18:29] ┇ INFO    ┇      torch._dynamo.utils ┇ TorchDynamo compilation metrics:
Function    Runtimes (s)
----------  --------------
[02.12 04:18:29] ┇ INFO    ┇ torch._subclasses.fake_tensor ┇ FakeTensor cache stats:
[02.12 04:18:29] ┇ INFO    ┇ torch._subclasses.fake_tensor ┇   cache_hits: 0
[02.12 04:18:29] ┇ INFO    ┇ torch._subclasses.fake_tensor ┇   cache_misses: 0
