[03.18 03:21:27] ┇ INFO     ┇                           chrisbase.data ┇ =========================================================================================================================================
[03.18 03:21:27] ┇ INFO     ┇                           chrisbase.data ┇ [INIT] python /home/chris/proj/DeepKNLP-24.03/1-doc-cls-train.py 
[03.18 03:21:27] ┇ INFO     ┇                           chrisbase.data ┇ =========================================================================================================================================
[03.18 03:21:27] ┇ INFO     ┇                           chrisbase.data ┇ -----+---------------------------------+-------------------------------------------------------------------------------------
[03.18 03:21:27] ┇ INFO     ┇                           chrisbase.data ┇    # | TrainerArguments                | value
[03.18 03:21:27] ┇ INFO     ┇                           chrisbase.data ┇ -----+---------------------------------+-------------------------------------------------------------------------------------
[03.18 03:21:27] ┇ INFO     ┇                           chrisbase.data ┇    1 | tag                             | train
[03.18 03:21:27] ┇ INFO     ┇                           chrisbase.data ┇    2 | env.project                     | DeepKNLP
[03.18 03:21:27] ┇ INFO     ┇                           chrisbase.data ┇    3 | env.job_name                    | KPF-BERT
[03.18 03:21:27] ┇ INFO     ┇                           chrisbase.data ┇    4 | env.job_version                 | 0
[03.18 03:21:27] ┇ INFO     ┇                           chrisbase.data ┇    5 | env.hostname                    | chris137
[03.18 03:21:27] ┇ INFO     ┇                           chrisbase.data ┇    6 | env.hostaddr                    | 129.254.164.137
[03.18 03:21:27] ┇ INFO     ┇                           chrisbase.data ┇    7 | env.time_stamp                  | 0318.032122
[03.18 03:21:27] ┇ INFO     ┇                           chrisbase.data ┇    8 | env.python_path                 | /home/chris/miniforge3/envs/DeepKNLP-24.03/bin/python
[03.18 03:21:27] ┇ INFO     ┇                           chrisbase.data ┇    9 | env.current_dir                 | /dat/proj/DeepKNLP-24.03
[03.18 03:21:27] ┇ INFO     ┇                           chrisbase.data ┇   10 | env.current_file                | /home/chris/proj/DeepKNLP-24.03/1-doc-cls-train.py
[03.18 03:21:27] ┇ INFO     ┇                           chrisbase.data ┇   11 | env.working_dir                 | /dat/proj/DeepKNLP-24.03
[03.18 03:21:27] ┇ INFO     ┇                           chrisbase.data ┇   12 | env.command_args                | []
[03.18 03:21:27] ┇ INFO     ┇                           chrisbase.data ┇   13 | env.num_ip_addrs                | 1
[03.18 03:21:27] ┇ INFO     ┇                           chrisbase.data ┇   14 | env.max_workers                 | 1
[03.18 03:21:27] ┇ INFO     ┇                           chrisbase.data ┇   15 | env.debugging                   | False
[03.18 03:21:27] ┇ INFO     ┇                           chrisbase.data ┇   16 | env.msg_level                   | 20
[03.18 03:21:27] ┇ INFO     ┇                           chrisbase.data ┇   17 | env.msg_format                  | %(asctime)s ┇ %(levelname)-8s ┇ %(name)40s ┇ %(message)s
[03.18 03:21:27] ┇ INFO     ┇                           chrisbase.data ┇   18 | env.date_format                 | [%m.%d %H:%M:%S]
[03.18 03:21:27] ┇ INFO     ┇                           chrisbase.data ┇   19 | env.output_home                 | finetuning/nsmc/train=KPF-BERT=chris137/version_0
[03.18 03:21:27] ┇ INFO     ┇                           chrisbase.data ┇   20 | env.logging_file                | logging.out
[03.18 03:21:27] ┇ INFO     ┇                           chrisbase.data ┇   21 | env.argument_file               | arguments.json
[03.18 03:21:27] ┇ INFO     ┇                           chrisbase.data ┇   22 | time.started                    | [03.18 03:21:27]
[03.18 03:21:27] ┇ INFO     ┇                           chrisbase.data ┇   23 | time.settled                    |
[03.18 03:21:27] ┇ INFO     ┇                           chrisbase.data ┇   24 | time.elapsed                    |
[03.18 03:21:27] ┇ INFO     ┇                           chrisbase.data ┇   25 | prog.result                     | {}
[03.18 03:21:27] ┇ INFO     ┇                           chrisbase.data ┇   26 | prog.tb_logger                  | <lightning.fabric.loggers.tensorboard.TensorBoardLogger object at 0x7f0843e8f550>
[03.18 03:21:27] ┇ INFO     ┇                           chrisbase.data ┇   27 | prog.csv_logger                 | <lightning.fabric.loggers.csv_logs.CSVLogger object at 0x7f07e01c7f90>
[03.18 03:21:27] ┇ INFO     ┇                           chrisbase.data ┇   28 | prog.world_size                 | 2
[03.18 03:21:27] ┇ INFO     ┇                           chrisbase.data ┇   29 | prog.node_rank                  | 0
[03.18 03:21:27] ┇ INFO     ┇                           chrisbase.data ┇   30 | prog.local_rank                 | 0
[03.18 03:21:27] ┇ INFO     ┇                           chrisbase.data ┇   31 | prog.global_rank                | 0
[03.18 03:21:27] ┇ INFO     ┇                           chrisbase.data ┇   32 | prog.global_step                | 0
[03.18 03:21:27] ┇ INFO     ┇                           chrisbase.data ┇   33 | prog.global_epoch               | 0.0
[03.18 03:21:27] ┇ INFO     ┇                           chrisbase.data ┇   34 | data.name                       | nsmc
[03.18 03:21:27] ┇ INFO     ┇                           chrisbase.data ┇   35 | data.home                       | /dat/proj/DeepKNLP-24.03/data
[03.18 03:21:27] ┇ INFO     ┇                           chrisbase.data ┇   36 | data.files                      | {'train': 'ratings_train.txt', 'valid': 'ratings_test.txt', 'test': None}
[03.18 03:21:27] ┇ INFO     ┇                           chrisbase.data ┇   37 | data.caching                    | False
[03.18 03:21:27] ┇ INFO     ┇                           chrisbase.data ┇   38 | data.redownload                 | False
[03.18 03:21:27] ┇ INFO     ┇                           chrisbase.data ┇   39 | data.num_check                  | 0
[03.18 03:21:27] ┇ INFO     ┇                           chrisbase.data ┇   40 | model.pretrained                | pretrained/KPF-BERT
[03.18 03:21:27] ┇ INFO     ┇                           chrisbase.data ┇   41 | model.finetuning                | /dat/proj/DeepKNLP-24.03/finetuning
[03.18 03:21:27] ┇ INFO     ┇                           chrisbase.data ┇   42 | model.seq_len                   | 64
[03.18 03:21:27] ┇ INFO     ┇                           chrisbase.data ┇   43 | model.config                    |
[03.18 03:21:27] ┇ INFO     ┇                           chrisbase.data ┇   44 | model.name                      |
[03.18 03:21:27] ┇ INFO     ┇                           chrisbase.data ┇   45 | hardware.cpu_workers            | 32
[03.18 03:21:27] ┇ INFO     ┇                           chrisbase.data ┇   46 | hardware.train_batch            | 50
[03.18 03:21:27] ┇ INFO     ┇                           chrisbase.data ┇   47 | hardware.infer_batch            | 50
[03.18 03:21:27] ┇ INFO     ┇                           chrisbase.data ┇   48 | hardware.accelerator            | cuda
[03.18 03:21:27] ┇ INFO     ┇                           chrisbase.data ┇   49 | hardware.precision              | 32-true
[03.18 03:21:27] ┇ INFO     ┇                           chrisbase.data ┇   50 | hardware.strategy               | ddp
[03.18 03:21:27] ┇ INFO     ┇                           chrisbase.data ┇   51 | hardware.devices                | [0, 1]
[03.18 03:21:27] ┇ INFO     ┇                           chrisbase.data ┇   52 | learning.random_seed            | 7
[03.18 03:21:27] ┇ INFO     ┇                           chrisbase.data ┇   53 | learning.optimizer_cls          | Adam
[03.18 03:21:27] ┇ INFO     ┇                           chrisbase.data ┇   54 | learning.learning_rate          | 5e-05
[03.18 03:21:27] ┇ INFO     ┇                           chrisbase.data ┇   55 | learning.saving_mode            | max val_acc
[03.18 03:21:27] ┇ INFO     ┇                           chrisbase.data ┇   56 | learning.num_saving             | 2
[03.18 03:21:27] ┇ INFO     ┇                           chrisbase.data ┇   57 | learning.num_epochs             | 3
[03.18 03:21:27] ┇ INFO     ┇                           chrisbase.data ┇   58 | learning.log_text               | False
[03.18 03:21:27] ┇ INFO     ┇                           chrisbase.data ┇   59 | learning.check_rate_on_training | 0.2
[03.18 03:21:27] ┇ INFO     ┇                           chrisbase.data ┇   60 | learning.print_rate_on_training | 0.05
[03.18 03:21:27] ┇ INFO     ┇                           chrisbase.data ┇   61 | learning.print_rate_on_validate | 0.3333333333333333
[03.18 03:21:27] ┇ INFO     ┇                           chrisbase.data ┇   62 | learning.print_rate_on_evaluate | 0.3333333333333333
[03.18 03:21:27] ┇ INFO     ┇                           chrisbase.data ┇   63 | learning.print_step_on_training | -1
[03.18 03:21:27] ┇ INFO     ┇                           chrisbase.data ┇   64 | learning.print_step_on_validate | -1
[03.18 03:21:27] ┇ INFO     ┇                           chrisbase.data ┇   65 | learning.print_step_on_evaluate | -1
[03.18 03:21:27] ┇ INFO     ┇                           chrisbase.data ┇   66 | learning.tag_format_on_training | st={step:d}, ep={epoch:.2f}, loss={loss:06.4f}, acc={acc:06.4f}
[03.18 03:21:27] ┇ INFO     ┇                           chrisbase.data ┇   67 | learning.tag_format_on_validate | st={step:d}, ep={epoch:.2f}, val_loss={val_loss:06.4f}, val_acc={val_acc:06.4f}
[03.18 03:21:27] ┇ INFO     ┇                           chrisbase.data ┇   68 | learning.tag_format_on_evaluate | st={step:d}, ep={epoch:.2f}, test_loss={test_loss:06.4f}, test_acc={test_acc:06.4f}
[03.18 03:21:27] ┇ INFO     ┇                           chrisbase.data ┇   69 | learning.name_format_on_saving  | ep={epoch:.1f}, loss={val_loss:06.4f}, acc={val_acc:06.4f}
[03.18 03:21:27] ┇ INFO     ┇                           chrisbase.data ┇ -----+---------------------------------+-------------------------------------------------------------------------------------
[03.18 03:21:28] ┇ WARNING  ┇              transformers.modeling_utils ┇ Some weights of BertForSequenceClassification were not initialized from the model checkpoint at pretrained/KPF-BERT and are newly initialized: ['bert.pooler.dense.bias', 'bert.pooler.dense.weight', 'classifier.bias', 'classifier.weight']
You should probably TRAIN this model on a down-stream task to be able to use it for predictions and inference.
[03.18 03:21:28] ┇ WARNING  ┇              transformers.modeling_utils ┇ Some weights of BertForSequenceClassification were not initialized from the model checkpoint at pretrained/KPF-BERT and are newly initialized: ['bert.pooler.dense.bias', 'bert.pooler.dense.weight', 'classifier.bias', 'classifier.weight']
You should probably TRAIN this model on a down-stream task to be able to use it for predictions and inference.
[03.18 03:21:29] ┇ INFO     ┇                                 __main__ ┇ === [after-model] =======================================================================================================================
[03.18 03:21:29] ┇ INFO     ┇                             DeepKNLP.cls ┇ Creating features from /dat/proj/DeepKNLP-24.03/data/nsmc/ratings_train.txt
[03.18 03:21:30] ┇ INFO     ┇                             DeepKNLP.cls ┇ Loaded 150000 examples from /dat/proj/DeepKNLP-24.03/data/nsmc/ratings_train.txt
[03.18 03:21:41] ┇ INFO     ┇                             DeepKNLP.cls ┇ Converted 150000 raw examples to 150000 encoded examples
[03.18 03:21:42] ┇ INFO     ┇                                 __main__ ┇ Created train_dataset providing 150000 examples
[03.18 03:21:42] ┇ INFO     ┇                                 __main__ ┇ Created train_dataloader providing 3000 batches
[03.18 03:21:42] ┇ INFO     ┇                                 __main__ ┇ === [after-train_dataloader] ============================================================================================================
[03.18 03:21:42] ┇ INFO     ┇                             DeepKNLP.cls ┇ Creating features from /dat/proj/DeepKNLP-24.03/data/nsmc/ratings_test.txt
[03.18 03:21:43] ┇ INFO     ┇                             DeepKNLP.cls ┇ Loaded 50000 examples from /dat/proj/DeepKNLP-24.03/data/nsmc/ratings_test.txt
[03.18 03:21:46] ┇ INFO     ┇                             DeepKNLP.cls ┇ Converted 50000 raw examples to 50000 encoded examples
[03.18 03:21:47] ┇ INFO     ┇                                 __main__ ┇ Created val_dataset providing 50000 examples
[03.18 03:21:47] ┇ INFO     ┇                                 __main__ ┇ Created val_dataloader providing 1000 batches
[03.18 03:21:47] ┇ INFO     ┇                                 __main__ ┇ === [after-val_dataloader] ==============================================================================================================
[03.18 03:22:05] ┇ INFO     ┇                                 __main__ ┇ (Ep 0.05) training:   5%|█▌                            | 75/1500 [00:17<05:05,  4.67x50b/s] | st=75, ep=0.05, loss=0.5189, acc=0.7800
[03.18 03:22:22] ┇ INFO     ┇                                 __main__ ┇ (Ep 0.10) training:  10%|███                           | 150/1500 [00:34<05:09,  4.36x50b/s] | st=150, ep=0.10, loss=0.3515, acc=0.8600
[03.18 03:22:39] ┇ INFO     ┇                                 __main__ ┇ (Ep 0.15) training:  15%|████▌                         | 225/1500 [00:52<04:59,  4.26x50b/s] | st=225, ep=0.15, loss=0.3405, acc=0.8700
[03.18 03:22:57] ┇ INFO     ┇                                 __main__ ┇ (Ep 0.20) training:  20%|██████                        | 300/1500 [01:10<04:43,  4.24x50b/s] | st=300, ep=0.20, loss=0.2532, acc=0.9100
[03.18 03:23:08] ┇ INFO     ┇                                 __main__ ┇ (Ep 0.20) checking:  33%|██████▋             | 167/500 [00:10<00:18, 18.38x50b/s]
[03.18 03:23:17] ┇ INFO     ┇                                 __main__ ┇ (Ep 0.20) checking:  67%|█████████████▎      | 334/500 [00:19<00:09, 18.29x50b/s]
[03.18 03:23:38] ┇ INFO     ┇                                 __main__ ┇ (Ep 0.20) checking: 100%|████████████████████| 500/500 [00:40<00:00, 18.27x50b/s] | st=300, ep=0.20, val_loss=0.2759, val_acc=0.8868
[03.18 03:23:38] ┇ INFO     ┇                                 __main__ ┇ --- [after-check] -----------------------------------------------------------------------------------------------------------------------
[03.18 03:23:59] ┇ INFO     ┇                                 __main__ ┇ (Ep 0.25) training:  25%|███████▌                      | 375/1500 [02:12<04:49,  3.89x50b/s] | st=375, ep=0.25, loss=0.3066, acc=0.8800
[03.18 03:24:18] ┇ INFO     ┇                                 __main__ ┇ (Ep 0.30) training:  30%|█████████                     | 450/1500 [02:31<04:28,  3.90x50b/s] | st=450, ep=0.30, loss=0.2680, acc=0.8600
[03.18 03:24:38] ┇ INFO     ┇                                 __main__ ┇ (Ep 0.35) training:  35%|██████████▌                   | 525/1500 [02:51<04:09,  3.90x50b/s] | st=525, ep=0.35, loss=0.2837, acc=0.8700
[03.18 03:24:59] ┇ INFO     ┇                                 __main__ ┇ (Ep 0.40) training:  40%|████████████                  | 600/1500 [03:12<04:13,  3.54x50b/s] | st=600, ep=0.40, loss=0.2691, acc=0.9000
[03.18 03:25:11] ┇ INFO     ┇                                 __main__ ┇ (Ep 0.40) checking:  33%|██████▋             | 167/500 [00:12<00:18, 17.83x50b/s]
[03.18 03:25:21] ┇ INFO     ┇                                 __main__ ┇ (Ep 0.40) checking:  67%|█████████████▎      | 334/500 [00:21<00:09, 17.93x50b/s]
[03.18 03:25:42] ┇ INFO     ┇                                 __main__ ┇ (Ep 0.40) checking: 100%|████████████████████| 500/500 [00:42<00:00, 17.93x50b/s] | st=600, ep=0.40, val_loss=0.2590, val_acc=0.8957
[03.18 03:25:42] ┇ INFO     ┇                                 __main__ ┇ --- [after-check] -----------------------------------------------------------------------------------------------------------------------
[03.18 03:26:04] ┇ INFO     ┇                                 __main__ ┇ (Ep 0.45) training:  45%|█████████████▌                | 675/1500 [04:17<03:43,  3.69x50b/s] | st=675, ep=0.45, loss=0.3447, acc=0.8700
[03.18 03:26:25] ┇ INFO     ┇                                 __main__ ┇ (Ep 0.50) training:  50%|███████████████               | 750/1500 [04:38<03:23,  3.69x50b/s] | st=750, ep=0.50, loss=0.2654, acc=0.8800
[03.18 03:26:46] ┇ INFO     ┇                                 __main__ ┇ (Ep 0.55) training:  55%|████████████████▌             | 825/1500 [04:59<03:06,  3.61x50b/s] | st=825, ep=0.55, loss=0.2467, acc=0.9000
[03.18 03:27:08] ┇ INFO     ┇                                 __main__ ┇ (Ep 0.60) training:  60%|██████████████████            | 900/1500 [05:21<03:06,  3.22x50b/s] | st=900, ep=0.60, loss=0.2495, acc=0.8700
[03.18 03:27:19] ┇ INFO     ┇                                 __main__ ┇ (Ep 0.60) checking:  33%|██████▋             | 167/500 [00:10<00:18, 17.74x50b/s]
[03.18 03:27:28] ┇ INFO     ┇                                 __main__ ┇ (Ep 0.60) checking:  67%|█████████████▎      | 334/500 [00:20<00:09, 17.68x50b/s]
[03.18 03:27:53] ┇ INFO     ┇                                 __main__ ┇ (Ep 0.60) checking: 100%|████████████████████| 500/500 [00:45<00:00, 17.74x50b/s] | st=900, ep=0.60, val_loss=0.2532, val_acc=0.9004
[03.18 03:27:53] ┇ INFO     ┇                                 __main__ ┇ --- [after-check] -----------------------------------------------------------------------------------------------------------------------
[03.18 03:28:17] ┇ INFO     ┇                                 __main__ ┇ (Ep 0.65) training:  65%|███████████████████▌          | 975/1500 [06:29<02:27,  3.55x50b/s] | st=975, ep=0.65, loss=0.3877, acc=0.8600
[03.18 03:28:38] ┇ INFO     ┇                                 __main__ ┇ (Ep 0.70) training:  70%|█████████████████████         | 1050/1500 [06:50<02:03,  3.64x50b/s] | st=1050, ep=0.70, loss=0.1747, acc=0.9200
[03.18 03:28:59] ┇ INFO     ┇                                 __main__ ┇ (Ep 0.75) training:  75%|██████████████████████▌       | 1125/1500 [07:12<01:45,  3.54x50b/s] | st=1125, ep=0.75, loss=0.1950, acc=0.9000
[03.18 03:29:20] ┇ INFO     ┇                                 __main__ ┇ (Ep 0.80) training:  80%|████████████████████████      | 1200/1500 [07:33<01:23,  3.60x50b/s] | st=1200, ep=0.80, loss=0.1450, acc=0.9400
[03.18 03:29:31] ┇ INFO     ┇                                 __main__ ┇ (Ep 0.80) checking:  33%|██████▋             | 167/500 [00:10<00:18, 17.61x50b/s]
[03.18 03:29:41] ┇ INFO     ┇                                 __main__ ┇ (Ep 0.80) checking:  67%|█████████████▎      | 334/500 [00:20<00:09, 17.67x50b/s]
[03.18 03:30:07] ┇ INFO     ┇                                 __main__ ┇ (Ep 0.80) checking: 100%|████████████████████| 500/500 [00:46<00:00, 17.67x50b/s] | st=1200, ep=0.80, val_loss=0.2535, val_acc=0.8998
[03.18 03:30:07] ┇ INFO     ┇                                 __main__ ┇ --- [after-check] -----------------------------------------------------------------------------------------------------------------------
[03.18 03:30:31] ┇ INFO     ┇                                 __main__ ┇ (Ep 0.85) training:  85%|█████████████████████████▌    | 1275/1500 [08:44<01:03,  3.57x50b/s] | st=1275, ep=0.85, loss=0.2374, acc=0.9200
[03.18 03:30:53] ┇ INFO     ┇                                 __main__ ┇ (Ep 0.90) training:  90%|███████████████████████████   | 1350/1500 [09:05<00:44,  3.39x50b/s] | st=1350, ep=0.90, loss=0.2285, acc=0.9200
[03.18 03:31:14] ┇ INFO     ┇                                 __main__ ┇ (Ep 0.95) training:  95%|████████████████████████████▌ | 1425/1500 [09:27<00:21,  3.54x50b/s] | st=1425, ep=0.95, loss=0.2121, acc=0.9000
[03.18 03:31:36] ┇ INFO     ┇                                 __main__ ┇ (Ep 1.00) training: 100%|██████████████████████████████| 1500/1500 [09:49<00:00,  3.41x50b/s] | st=1500, ep=1.00, loss=0.2377, acc=0.9100
[03.18 03:31:47] ┇ INFO     ┇                                 __main__ ┇ (Ep 1.00) checking:  33%|██████▋             | 167/500 [00:10<00:18, 17.64x50b/s]
[03.18 03:31:56] ┇ INFO     ┇                                 __main__ ┇ (Ep 1.00) checking:  67%|█████████████▎      | 334/500 [00:20<00:09, 17.62x50b/s]
[03.18 03:32:24] ┇ INFO     ┇                                 __main__ ┇ (Ep 1.00) checking: 100%|████████████████████| 500/500 [00:47<00:00, 17.59x50b/s] | st=1500, ep=1.00, val_loss=0.2458, val_acc=0.9033
[03.18 03:32:24] ┇ INFO     ┇                                 __main__ ┇ --- [after-check] -----------------------------------------------------------------------------------------------------------------------
[03.18 03:32:26] ┇ INFO     ┇                                 __main__ ┇ === [after-epoch] =======================================================================================================================
[03.18 03:32:48] ┇ INFO     ┇                                 __main__ ┇ (Ep 1.05) training:   5%|█▌                            | 75/1500 [00:22<06:41,  3.55x50b/s] | st=1575, ep=1.05, loss=0.1912, acc=0.9200
[03.18 03:33:10] ┇ INFO     ┇                                 __main__ ┇ (Ep 1.10) training:  10%|███                           | 150/1500 [00:44<06:17,  3.58x50b/s] | st=1650, ep=1.10, loss=0.1147, acc=0.9400
[03.18 03:33:32] ┇ INFO     ┇                                 __main__ ┇ (Ep 1.15) training:  15%|████▌                         | 225/1500 [01:06<05:54,  3.59x50b/s] | st=1725, ep=1.15, loss=0.2498, acc=0.9300
[03.18 03:33:54] ┇ INFO     ┇                                 __main__ ┇ (Ep 1.20) training:  20%|██████                        | 300/1500 [01:28<05:42,  3.50x50b/s] | st=1800, ep=1.20, loss=0.2661, acc=0.9000
[03.18 03:34:05] ┇ INFO     ┇                                 __main__ ┇ (Ep 1.20) checking:  33%|██████▋             | 167/500 [00:10<00:18, 17.53x50b/s]
[03.18 03:34:14] ┇ INFO     ┇                                 __main__ ┇ (Ep 1.20) checking:  67%|█████████████▎      | 334/500 [00:20<00:09, 17.61x50b/s]
[03.18 03:34:41] ┇ INFO     ┇                                 __main__ ┇ (Ep 1.20) checking: 100%|████████████████████| 500/500 [00:47<00:00, 17.58x50b/s] | st=1800, ep=1.20, val_loss=0.2618, val_acc=0.9049
[03.18 03:34:41] ┇ INFO     ┇                                 __main__ ┇ --- [after-check] -----------------------------------------------------------------------------------------------------------------------
[03.18 03:35:06] ┇ INFO     ┇                                 __main__ ┇ (Ep 1.25) training:  25%|███████▌                      | 375/1500 [02:40<07:23,  2.54x50b/s] | st=1875, ep=1.25, loss=0.1976, acc=0.9400
[03.18 03:35:27] ┇ INFO     ┇                                 __main__ ┇ (Ep 1.30) training:  30%|█████████                     | 450/1500 [03:01<05:00,  3.50x50b/s] | st=1950, ep=1.30, loss=0.3135, acc=0.8700
[03.18 03:35:49] ┇ INFO     ┇                                 __main__ ┇ (Ep 1.35) training:  35%|██████████▌                   | 525/1500 [03:23<04:38,  3.50x50b/s] | st=2025, ep=1.35, loss=0.2160, acc=0.9200
[03.18 03:36:11] ┇ INFO     ┇                                 __main__ ┇ (Ep 1.40) training:  40%|████████████                  | 600/1500 [03:45<04:12,  3.57x50b/s] | st=2100, ep=1.40, loss=0.2099, acc=0.9300
[03.18 03:36:22] ┇ INFO     ┇                                 __main__ ┇ (Ep 1.40) checking:  33%|██████▋             | 167/500 [00:10<00:18, 17.65x50b/s]
[03.18 03:36:31] ┇ INFO     ┇                                 __main__ ┇ (Ep 1.40) checking:  67%|█████████████▎      | 334/500 [00:20<00:09, 17.62x50b/s]
[03.18 03:36:59] ┇ INFO     ┇                                 __main__ ┇ (Ep 1.40) checking: 100%|████████████████████| 500/500 [00:47<00:00, 17.59x50b/s] | st=2100, ep=1.40, val_loss=0.2677, val_acc=0.9051
[03.18 03:36:59] ┇ INFO     ┇                                 __main__ ┇ --- [after-check] -----------------------------------------------------------------------------------------------------------------------
[03.18 03:37:22] ┇ INFO     ┇                                 __main__ ┇ (Ep 1.45) training:  45%|█████████████▌                | 675/1500 [04:56<04:19,  3.18x50b/s] | st=2175, ep=1.45, loss=0.1655, acc=0.9400
[03.18 03:37:44] ┇ INFO     ┇                                 __main__ ┇ (Ep 1.50) training:  50%|███████████████               | 750/1500 [05:18<03:29,  3.57x50b/s] | st=2250, ep=1.50, loss=0.0899, acc=0.9700
[03.18 03:38:06] ┇ INFO     ┇                                 __main__ ┇ (Ep 1.55) training:  55%|████████████████▌             | 825/1500 [05:40<03:18,  3.40x50b/s] | st=2325, ep=1.55, loss=0.1399, acc=0.9500
[03.18 03:38:28] ┇ INFO     ┇                                 __main__ ┇ (Ep 1.60) training:  60%|██████████████████            | 900/1500 [06:02<02:52,  3.48x50b/s] | st=2400, ep=1.60, loss=0.1714, acc=0.9300
[03.18 03:38:39] ┇ INFO     ┇                                 __main__ ┇ (Ep 1.60) checking:  33%|██████▋             | 167/500 [00:10<00:18, 17.65x50b/s]
[03.18 03:38:48] ┇ INFO     ┇                                 __main__ ┇ (Ep 1.60) checking:  67%|█████████████▎      | 334/500 [00:20<00:09, 17.55x50b/s]
[03.18 03:39:16] ┇ INFO     ┇                                 __main__ ┇ (Ep 1.60) checking: 100%|████████████████████| 500/500 [00:47<00:00, 17.59x50b/s] | st=2400, ep=1.60, val_loss=0.2427, val_acc=0.9062
[03.18 03:39:16] ┇ INFO     ┇                                 __main__ ┇ --- [after-check] -----------------------------------------------------------------------------------------------------------------------
[03.18 03:39:40] ┇ INFO     ┇                                 __main__ ┇ (Ep 1.65) training:  65%|███████████████████▌          | 975/1500 [07:14<02:24,  3.63x50b/s] | st=2475, ep=1.65, loss=0.2068, acc=0.9200
[03.18 03:40:02] ┇ INFO     ┇                                 __main__ ┇ (Ep 1.70) training:  70%|█████████████████████         | 1050/1500 [07:36<02:10,  3.45x50b/s] | st=2550, ep=1.70, loss=0.2112, acc=0.9400
[03.18 03:40:24] ┇ INFO     ┇                                 __main__ ┇ (Ep 1.75) training:  75%|██████████████████████▌       | 1125/1500 [07:58<01:46,  3.53x50b/s] | st=2625, ep=1.75, loss=0.2527, acc=0.9200
[03.18 03:40:47] ┇ INFO     ┇                                 __main__ ┇ (Ep 1.80) training:  80%|████████████████████████      | 1200/1500 [08:21<01:46,  2.83x50b/s] | st=2700, ep=1.80, loss=0.2075, acc=0.9300
[03.18 03:40:58] ┇ INFO     ┇                                 __main__ ┇ (Ep 1.80) checking:  33%|██████▋             | 167/500 [00:10<00:19, 17.45x50b/s]
[03.18 03:41:07] ┇ INFO     ┇                                 __main__ ┇ (Ep 1.80) checking:  67%|█████████████▎      | 334/500 [00:20<00:09, 17.37x50b/s]
[03.18 03:41:34] ┇ INFO     ┇                                 __main__ ┇ (Ep 1.80) checking: 100%|████████████████████| 500/500 [00:47<00:00, 17.57x50b/s] | st=2700, ep=1.80, val_loss=0.2444, val_acc=0.9068
[03.18 03:41:34] ┇ INFO     ┇                                 __main__ ┇ --- [after-check] -----------------------------------------------------------------------------------------------------------------------
[03.18 03:41:58] ┇ INFO     ┇                                 __main__ ┇ (Ep 1.85) training:  85%|█████████████████████████▌    | 1275/1500 [09:32<01:03,  3.55x50b/s] | st=2775, ep=1.85, loss=0.2057, acc=0.9000
[03.18 03:42:20] ┇ INFO     ┇                                 __main__ ┇ (Ep 1.90) training:  90%|███████████████████████████   | 1350/1500 [09:54<00:43,  3.43x50b/s] | st=2850, ep=1.90, loss=0.1619, acc=0.9300
[03.18 03:42:42] ┇ INFO     ┇                                 __main__ ┇ (Ep 1.95) training:  95%|████████████████████████████▌ | 1425/1500 [10:15<00:20,  3.67x50b/s] | st=2925, ep=1.95, loss=0.0987, acc=0.9400
[03.18 03:43:04] ┇ INFO     ┇                                 __main__ ┇ (Ep 2.00) training: 100%|██████████████████████████████| 1500/1500 [10:38<00:00,  3.29x50b/s] | st=3000, ep=2.00, loss=0.2772, acc=0.8700
[03.18 03:43:15] ┇ INFO     ┇                                 __main__ ┇ (Ep 2.00) checking:  33%|██████▋             | 167/500 [00:10<00:18, 17.56x50b/s]
[03.18 03:43:25] ┇ INFO     ┇                                 __main__ ┇ (Ep 2.00) checking:  67%|█████████████▎      | 334/500 [00:20<00:09, 17.49x50b/s]
[03.18 03:43:52] ┇ INFO     ┇                                 __main__ ┇ (Ep 2.00) checking: 100%|████████████████████| 500/500 [00:47<00:00, 17.60x50b/s] | st=3000, ep=2.00, val_loss=0.2437, val_acc=0.9024
[03.18 03:43:52] ┇ INFO     ┇                                 __main__ ┇ --- [after-check] -----------------------------------------------------------------------------------------------------------------------
[03.18 03:43:53] ┇ INFO     ┇                                 __main__ ┇ === [after-epoch] =======================================================================================================================
[03.18 03:44:16] ┇ INFO     ┇                                 __main__ ┇ (Ep 2.05) training:   5%|█▌                            | 75/1500 [00:23<06:51,  3.46x50b/s] | st=3075, ep=2.05, loss=0.1577, acc=0.9500
[03.18 03:44:39] ┇ INFO     ┇                                 __main__ ┇ (Ep 2.10) training:  10%|███                           | 150/1500 [00:46<07:57,  2.83x50b/s] | st=3150, ep=2.10, loss=0.0653, acc=0.9700
[03.18 03:45:01] ┇ INFO     ┇                                 __main__ ┇ (Ep 2.15) training:  15%|████▌                         | 225/1500 [01:08<06:00,  3.54x50b/s] | st=3225, ep=2.15, loss=0.1030, acc=0.9600
[03.18 03:45:23] ┇ INFO     ┇                                 __main__ ┇ (Ep 2.20) training:  20%|██████                        | 300/1500 [01:30<06:09,  3.25x50b/s] | st=3300, ep=2.20, loss=0.1057, acc=0.9600
[03.18 03:45:34] ┇ INFO     ┇                                 __main__ ┇ (Ep 2.20) checking:  33%|██████▋             | 167/500 [00:10<00:18, 17.54x50b/s]
[03.18 03:45:43] ┇ INFO     ┇                                 __main__ ┇ (Ep 2.20) checking:  67%|█████████████▎      | 334/500 [00:20<00:09, 17.35x50b/s]
[03.18 03:46:11] ┇ INFO     ┇                                 __main__ ┇ (Ep 2.20) checking: 100%|████████████████████| 500/500 [00:47<00:00, 17.60x50b/s] | st=3300, ep=2.20, val_loss=0.2736, val_acc=0.9077
[03.18 03:46:11] ┇ INFO     ┇                                 __main__ ┇ --- [after-check] -----------------------------------------------------------------------------------------------------------------------
[03.18 03:46:35] ┇ INFO     ┇                                 __main__ ┇ (Ep 2.25) training:  25%|███████▌                      | 375/1500 [02:42<06:14,  3.00x50b/s] | st=3375, ep=2.25, loss=0.1482, acc=0.9300
[03.18 03:46:57] ┇ INFO     ┇                                 __main__ ┇ (Ep 2.30) training:  30%|█████████                     | 450/1500 [03:04<04:55,  3.55x50b/s] | st=3450, ep=2.30, loss=0.0910, acc=0.9600
[03.18 03:47:19] ┇ INFO     ┇                                 __main__ ┇ (Ep 2.35) training:  35%|██████████▌                   | 525/1500 [03:25<04:37,  3.51x50b/s] | st=3525, ep=2.35, loss=0.1215, acc=0.9600
[03.18 03:47:40] ┇ INFO     ┇                                 __main__ ┇ (Ep 2.40) training:  40%|████████████                  | 600/1500 [03:47<04:15,  3.52x50b/s] | st=3600, ep=2.40, loss=0.1213, acc=0.9500
[03.18 03:47:51] ┇ INFO     ┇                                 __main__ ┇ (Ep 2.40) checking:  33%|██████▋             | 167/500 [00:10<00:18, 17.64x50b/s]
[03.18 03:48:01] ┇ INFO     ┇                                 __main__ ┇ (Ep 2.40) checking:  67%|█████████████▎      | 334/500 [00:20<00:09, 17.58x50b/s]
[03.18 03:48:29] ┇ INFO     ┇                                 __main__ ┇ (Ep 2.40) checking: 100%|████████████████████| 500/500 [00:48<00:00, 17.58x50b/s] | st=3600, ep=2.40, val_loss=0.2762, val_acc=0.9049
[03.18 03:48:29] ┇ INFO     ┇                                 __main__ ┇ --- [after-check] -----------------------------------------------------------------------------------------------------------------------
[03.18 03:48:52] ┇ INFO     ┇                                 __main__ ┇ (Ep 2.45) training:  45%|█████████████▌                | 675/1500 [04:59<04:08,  3.31x50b/s] | st=3675, ep=2.45, loss=0.1474, acc=0.9600
[03.18 03:49:14] ┇ INFO     ┇                                 __main__ ┇ (Ep 2.50) training:  50%|███████████████               | 750/1500 [05:21<03:42,  3.38x50b/s] | st=3750, ep=2.50, loss=0.0988, acc=0.9600
[03.18 03:49:36] ┇ INFO     ┇                                 __main__ ┇ (Ep 2.55) training:  55%|████████████████▌             | 825/1500 [05:43<03:12,  3.51x50b/s] | st=3825, ep=2.55, loss=0.2153, acc=0.9300
[03.18 03:49:57] ┇ INFO     ┇                                 __main__ ┇ (Ep 2.60) training:  60%|██████████████████            | 900/1500 [06:04<02:53,  3.46x50b/s] | st=3900, ep=2.60, loss=0.0490, acc=0.9800
[03.18 03:50:08] ┇ INFO     ┇                                 __main__ ┇ (Ep 2.60) checking:  33%|██████▋             | 167/500 [00:11<00:19, 17.47x50b/s]
[03.18 03:50:18] ┇ INFO     ┇                                 __main__ ┇ (Ep 2.60) checking:  67%|█████████████▎      | 334/500 [00:20<00:09, 17.42x50b/s]
[03.18 03:50:45] ┇ INFO     ┇                                 __main__ ┇ (Ep 2.60) checking: 100%|████████████████████| 500/500 [00:47<00:00, 17.59x50b/s] | st=3900, ep=2.60, val_loss=0.2795, val_acc=0.9089
[03.18 03:50:45] ┇ INFO     ┇                                 __main__ ┇ --- [after-check] -----------------------------------------------------------------------------------------------------------------------
[03.18 03:51:08] ┇ INFO     ┇                                 __main__ ┇ (Ep 2.65) training:  65%|███████████████████▌          | 975/1500 [07:15<02:29,  3.51x50b/s] | st=3975, ep=2.65, loss=0.1047, acc=0.9700
[03.18 03:51:30] ┇ INFO     ┇                                 __main__ ┇ (Ep 2.70) training:  70%|█████████████████████         | 1050/1500 [07:37<02:08,  3.51x50b/s] | st=4050, ep=2.70, loss=0.0780, acc=0.9800
[03.18 03:51:53] ┇ INFO     ┇                                 __main__ ┇ (Ep 2.75) training:  75%|██████████████████████▌       | 1125/1500 [08:00<01:43,  3.62x50b/s] | st=4125, ep=2.75, loss=0.2153, acc=0.8900
[03.18 03:52:15] ┇ INFO     ┇                                 __main__ ┇ (Ep 2.80) training:  80%|████████████████████████      | 1200/1500 [08:22<01:35,  3.15x50b/s] | st=4200, ep=2.80, loss=0.1895, acc=0.9300
[03.18 03:52:26] ┇ INFO     ┇                                 __main__ ┇ (Ep 2.80) checking:  33%|██████▋             | 167/500 [00:10<00:18, 17.65x50b/s]
[03.18 03:52:36] ┇ INFO     ┇                                 __main__ ┇ (Ep 2.80) checking:  67%|█████████████▎      | 334/500 [00:20<00:09, 17.63x50b/s]
[03.18 03:53:04] ┇ INFO     ┇                                 __main__ ┇ (Ep 2.80) checking: 100%|████████████████████| 500/500 [00:48<00:00, 17.60x50b/s] | st=4200, ep=2.80, val_loss=0.2703, val_acc=0.9074
[03.18 03:53:04] ┇ INFO     ┇                                 __main__ ┇ --- [after-check] -----------------------------------------------------------------------------------------------------------------------
[03.18 03:53:26] ┇ INFO     ┇                                 __main__ ┇ (Ep 2.85) training:  85%|█████████████████████████▌    | 1275/1500 [09:33<01:04,  3.51x50b/s] | st=4275, ep=2.85, loss=0.1164, acc=0.9600
[03.18 03:53:48] ┇ INFO     ┇                                 __main__ ┇ (Ep 2.90) training:  90%|███████████████████████████   | 1350/1500 [09:55<00:43,  3.48x50b/s] | st=4350, ep=2.90, loss=0.1332, acc=0.9600
[03.18 03:54:10] ┇ INFO     ┇                                 __main__ ┇ (Ep 2.95) training:  95%|████████████████████████████▌ | 1425/1500 [10:17<00:20,  3.67x50b/s] | st=4425, ep=2.95, loss=0.1406, acc=0.9500
[03.18 03:54:32] ┇ INFO     ┇                                 __main__ ┇ (Ep 3.00) training: 100%|██████████████████████████████| 1500/1500 [10:39<00:00,  3.41x50b/s] | st=4500, ep=3.00, loss=0.2266, acc=0.9300
[03.18 03:54:43] ┇ INFO     ┇                                 __main__ ┇ (Ep 3.00) checking:  33%|██████▋             | 167/500 [00:10<00:18, 17.64x50b/s]
[03.18 03:54:53] ┇ INFO     ┇                                 __main__ ┇ (Ep 3.00) checking:  67%|█████████████▎      | 334/500 [00:20<00:09, 17.41x50b/s]
[03.18 03:55:20] ┇ INFO     ┇                                 __main__ ┇ (Ep 3.00) checking: 100%|████████████████████| 500/500 [00:47<00:00, 17.59x50b/s] | st=4500, ep=3.00, val_loss=0.2489, val_acc=0.9090
[03.18 03:55:20] ┇ INFO     ┇                                 __main__ ┇ --- [after-check] -----------------------------------------------------------------------------------------------------------------------
[03.18 03:55:22] ┇ INFO     ┇                                 __main__ ┇ === [after-epoch] =======================================================================================================================
[03.18 03:55:22] ┇ INFO     ┇                                 __main__ ┇ --- [after-train] -----------------------------------------------------------------------------------------------------------------------
[03.18 03:55:23] ┇ INFO     ┇                                 __main__ ┇ Loading best model from finetuning/nsmc/train=KPF-BERT=chris137/version_0/ep=3.0, loss=0.2489, acc=0.9090.ckpt
[03.18 03:55:33] ┇ INFO     ┇                                 __main__ ┇ (Ep 3.00)  testing:  33%|██████▋             | 167/500 [00:11<00:18, 17.68x50b/s]
[03.18 03:55:43] ┇ INFO     ┇                                 __main__ ┇ (Ep 3.00)  testing:  67%|█████████████▎      | 334/500 [00:20<00:09, 17.68x50b/s]
[03.18 03:56:10] ┇ INFO     ┇                                 __main__ ┇ (Ep 3.00)  testing: 100%|████████████████████| 500/500 [00:48<00:00, 17.67x50b/s] | st=4500, ep=3.00, test_loss=0.2489, test_acc=0.9090
[03.18 03:56:11] ┇ INFO     ┇                                 __main__ ┇ --- [after-test] ------------------------------------------------------------------------------------------------------------------------
[03.18 03:56:11] ┇ INFO     ┇                           chrisbase.data ┇ =========================================================================================================================================
[03.18 03:56:11] ┇ INFO     ┇                           chrisbase.data ┇ [EXIT] python /home/chris/proj/DeepKNLP-24.03/1-doc-cls-train.py  ($=00:34:43.190)
[03.18 03:56:11] ┇ INFO     ┇                           chrisbase.data ┇ =========================================================================================================================================
