[02.12 01:51:14] ┇ INFO    ┇           chrisbase.data ┇ =========================================================================================================================================
[02.12 01:51:14] ┇ INFO    ┇           chrisbase.data ┇ [INIT] python task2-nerG-trainer.py --local_rank=0 --trainer_deepspeed configs/deepspeed/ds2_llama.json --run_version EAGLE-1B-BL --pretrained etri-lirs/egpt-1.3b-preview --eval_epochs 0.5 --logging_steps 5 --num_train_epochs 12 --per_device_eval_batch_size 50 --per_device_train_batch_size 8 --gradient_accumulation_steps 4 --generation_max_length 640 --eval_file data/gner/each-sampled-BL/mit-movie-dev=100.jsonl --train_file data/gner/each-BL/mit-movie-train.jsonl --output_file train-metrics-mit-movie-12ep.csv --logging_file train-loggings-mit-movie-12ep.out --no_use_flash_attention --no_debugging
[02.12 01:51:14] ┇ INFO    ┇           chrisbase.data ┇ =========================================================================================================================================
[02.12 01:51:15] ┇ INFO    ┇           chrisbase.data ┇ -----------------------------------------------------------------------------------------------------------------------------------------
[02.12 01:51:15] ┇ INFO    ┇           chrisbase.data ┇   #	TrainingArgumentsForAccelerator              	value
[02.12 01:51:15] ┇ INFO    ┇           chrisbase.data ┇ -----------------------------------------------------------------------------------------------------------------------------------------
[02.12 01:51:15] ┇ INFO    ┇           chrisbase.data ┇   1	env.hostname                                 	dgx-a100
[02.12 01:51:15] ┇ INFO    ┇           chrisbase.data ┇   2	env.hostaddr                                 	129.254.23.12
[02.12 01:51:15] ┇ INFO    ┇           chrisbase.data ┇   3	env.global_rank                              	-1
[02.12 01:51:15] ┇ INFO    ┇           chrisbase.data ┇   4	env.local_rank                               	0
[02.12 01:51:15] ┇ INFO    ┇           chrisbase.data ┇   5	env.node_rank                                	-1
[02.12 01:51:15] ┇ INFO    ┇           chrisbase.data ┇   6	env.world_size                               	4
[02.12 01:51:15] ┇ INFO    ┇           chrisbase.data ┇   7	env.time_stamp                               	0212-015102
[02.12 01:51:15] ┇ INFO    ┇           chrisbase.data ┇   8	env.python_path                              	/raid/chrisjihee/miniforge3/envs/DeepKNLP/bin/python
[02.12 01:51:15] ┇ INFO    ┇           chrisbase.data ┇   9	env.current_dir                              	/raid/chrisjihee/proj/DeepKNLP
[02.12 01:51:15] ┇ INFO    ┇           chrisbase.data ┇  10	env.current_file                             	task2-nerG-trainer.py
[02.12 01:51:15] ┇ INFO    ┇           chrisbase.data ┇  11	env.command_args                             	['--local_rank=0', '--trainer_deepspeed', 'configs/deepspeed/ds2_llama.json', '--run_version', 'EAGLE-1B-BL', '--pretrained', 'etri-lirs/egpt-1.3b-preview', '--eval_epochs', '0.5', '--logging_steps', '5', '--num_train_epochs', '12', '--per_device_eval_batch_size', '50', '--per_device_train_batch_size', '8', '--gradient_accumulation_steps', '4', '--generation_max_length', '640', '--eval_file', 'data/gner/each-sampled-BL/mit-movie-dev=100.jsonl', '--train_file', 'data/gner/each-BL/mit-movie-train.jsonl', '--output_file', 'train-metrics-mit-movie-12ep.csv', '--logging_file', 'train-loggings-mit-movie-12ep.out', '--no_use_flash_attention', '--no_debugging']
[02.12 01:51:15] ┇ INFO    ┇           chrisbase.data ┇  12	env.output_home                              	output
[02.12 01:51:15] ┇ INFO    ┇           chrisbase.data ┇  13	env.output_name                              	GNER
[02.12 01:51:15] ┇ INFO    ┇           chrisbase.data ┇  14	env.run_version                              	EAGLE-1B-BL
[02.12 01:51:15] ┇ INFO    ┇           chrisbase.data ┇  15	env.output_file                              	train-metrics-mit-movie-12ep-0212-015102.csv
[02.12 01:51:15] ┇ INFO    ┇           chrisbase.data ┇  16	env.logging_file                             	train-loggings-mit-movie-12ep-0212-015102.out
[02.12 01:51:15] ┇ INFO    ┇           chrisbase.data ┇  17	env.logging_level                            	30
[02.12 01:51:15] ┇ INFO    ┇           chrisbase.data ┇  18	env.logging_format                           	%(asctime)s ┇ %(levelname)-7s ┇ %(name)24s ┇ %(message)s
[02.12 01:51:15] ┇ INFO    ┇           chrisbase.data ┇  19	env.datetime_format                          	[%m.%d %H:%M:%S]
[02.12 01:51:15] ┇ INFO    ┇           chrisbase.data ┇  20	env.argument_file                            	train-arguments-0212-015102.json
[02.12 01:51:15] ┇ INFO    ┇           chrisbase.data ┇  21	env.random_seed                              	7
[02.12 01:51:15] ┇ INFO    ┇           chrisbase.data ┇  22	env.max_workers                              	4
[02.12 01:51:15] ┇ INFO    ┇           chrisbase.data ┇  23	env.debugging                                	False
[02.12 01:51:15] ┇ INFO    ┇           chrisbase.data ┇  24	env.output_dir                               	output/GNER/EAGLE-1B-BL
[02.12 01:51:15] ┇ INFO    ┇           chrisbase.data ┇  25	time.t1                                      	2025-02-12 01:51:15.021051
[02.12 01:51:15] ┇ INFO    ┇           chrisbase.data ┇  26	time.t2                                      	2025-02-12 01:50:59.848618
[02.12 01:51:15] ┇ INFO    ┇           chrisbase.data ┇  27	time.started                                 	[02.12 01:51:15]
[02.12 01:51:15] ┇ INFO    ┇           chrisbase.data ┇  28	time.settled
[02.12 01:51:15] ┇ INFO    ┇           chrisbase.data ┇  29	time.elapsed
[02.12 01:51:15] ┇ INFO    ┇           chrisbase.data ┇  30	data.train_file                              	data/gner/each-BL/mit-movie-train.jsonl
[02.12 01:51:15] ┇ INFO    ┇           chrisbase.data ┇  31	data.study_file
[02.12 01:51:15] ┇ INFO    ┇           chrisbase.data ┇  32	data.eval_file                               	data/gner/each-sampled-BL/mit-movie-dev=100.jsonl
[02.12 01:51:15] ┇ INFO    ┇           chrisbase.data ┇  33	data.pred_file
[02.12 01:51:15] ┇ INFO    ┇           chrisbase.data ┇  34	data.pretrained                              	etri-lirs/egpt-1.3b-preview
[02.12 01:51:15] ┇ INFO    ┇           chrisbase.data ┇  35	data.max_train_samples                       	-1
[02.12 01:51:15] ┇ INFO    ┇           chrisbase.data ┇  36	data.max_study_samples                       	-1
[02.12 01:51:15] ┇ INFO    ┇           chrisbase.data ┇  37	data.max_eval_samples                        	-1
[02.12 01:51:15] ┇ INFO    ┇           chrisbase.data ┇  38	data.max_pred_samples                        	-1
[02.12 01:51:15] ┇ INFO    ┇           chrisbase.data ┇  39	data.use_cache_data                          	False
[02.12 01:51:15] ┇ INFO    ┇           chrisbase.data ┇  40	data.progress_seconds                        	10.0
[02.12 01:51:15] ┇ INFO    ┇           chrisbase.data ┇  41	data.max_source_length                       	640
[02.12 01:51:15] ┇ INFO    ┇           chrisbase.data ┇  42	data.max_target_length                       	640
[02.12 01:51:15] ┇ INFO    ┇           chrisbase.data ┇  43	data.write_predictions                       	False
[02.12 01:51:15] ┇ INFO    ┇           chrisbase.data ┇  44	data.ignore_pad_token_for_loss               	True
[02.12 01:51:15] ┇ INFO    ┇           chrisbase.data ┇  45	train._n_gpu                                 	1
[02.12 01:51:15] ┇ INFO    ┇           chrisbase.data ┇  46	train.accelerator_config                     	{'split_batches': False, 'dispatch_batches': None, 'even_batches': True, 'use_seedable_sampler': True, 'non_blocking': False, 'gradient_accumulation_kwargs': None, 'use_configured_state': False}
[02.12 01:51:15] ┇ INFO    ┇           chrisbase.data ┇  47	train.adafactor                              	False
[02.12 01:51:15] ┇ INFO    ┇           chrisbase.data ┇  48	train.adam_beta1                             	0.9
[02.12 01:51:15] ┇ INFO    ┇           chrisbase.data ┇  49	train.adam_beta2                             	0.999
[02.12 01:51:15] ┇ INFO    ┇           chrisbase.data ┇  50	train.adam_epsilon                           	1e-08
[02.12 01:51:15] ┇ INFO    ┇           chrisbase.data ┇  51	train.auto_find_batch_size                   	False
[02.12 01:51:15] ┇ INFO    ┇           chrisbase.data ┇  52	train.average_tokens_across_devices          	False
[02.12 01:51:15] ┇ INFO    ┇           chrisbase.data ┇  53	train.batch_eval_metrics                     	False
[02.12 01:51:15] ┇ INFO    ┇           chrisbase.data ┇  54	train.bf16                                   	True
[02.12 01:51:15] ┇ INFO    ┇           chrisbase.data ┇  55	train.bf16_full_eval                         	True
[02.12 01:51:15] ┇ INFO    ┇           chrisbase.data ┇  56	train.data_seed
[02.12 01:51:15] ┇ INFO    ┇           chrisbase.data ┇  57	train.dataloader_drop_last                   	False
[02.12 01:51:15] ┇ INFO    ┇           chrisbase.data ┇  58	train.dataloader_num_workers                 	0
[02.12 01:51:15] ┇ INFO    ┇           chrisbase.data ┇  59	train.dataloader_persistent_workers          	False
[02.12 01:51:15] ┇ INFO    ┇           chrisbase.data ┇  60	train.dataloader_pin_memory                  	True
[02.12 01:51:15] ┇ INFO    ┇           chrisbase.data ┇  61	train.dataloader_prefetch_factor
[02.12 01:51:15] ┇ INFO    ┇           chrisbase.data ┇  62	train.ddp_backend
[02.12 01:51:15] ┇ INFO    ┇           chrisbase.data ┇  63	train.ddp_broadcast_buffers
[02.12 01:51:15] ┇ INFO    ┇           chrisbase.data ┇  64	train.ddp_bucket_cap_mb
[02.12 01:51:15] ┇ INFO    ┇           chrisbase.data ┇  65	train.ddp_find_unused_parameters
[02.12 01:51:15] ┇ INFO    ┇           chrisbase.data ┇  66	train.ddp_timeout                            	1800
[02.12 01:51:15] ┇ INFO    ┇           chrisbase.data ┇  67	train.debug                                  	[]
[02.12 01:51:15] ┇ INFO    ┇           chrisbase.data ┇  68	train.deepspeed                              	configs/deepspeed/ds2_llama.json
[02.12 01:51:15] ┇ INFO    ┇           chrisbase.data ┇  69	train.disable_tqdm                           	True
[02.12 01:51:15] ┇ INFO    ┇           chrisbase.data ┇  70	train.dispatch_batches
[02.12 01:51:15] ┇ INFO    ┇           chrisbase.data ┇  71	train.do_eval                                	True
[02.12 01:51:15] ┇ INFO    ┇           chrisbase.data ┇  72	train.do_predict                             	False
[02.12 01:51:15] ┇ INFO    ┇           chrisbase.data ┇  73	train.do_train                               	True
[02.12 01:51:15] ┇ INFO    ┇           chrisbase.data ┇  74	train.eval_accumulation_steps                	1
[02.12 01:51:15] ┇ INFO    ┇           chrisbase.data ┇  75	train.eval_delay                             	0.0
[02.12 01:51:15] ┇ INFO    ┇           chrisbase.data ┇  76	train.eval_do_concat_batches                 	True
[02.12 01:51:15] ┇ INFO    ┇           chrisbase.data ┇  77	train.eval_epochs                            	0.5
[02.12 01:51:15] ┇ INFO    ┇           chrisbase.data ┇  78	train.eval_on_start                          	False
[02.12 01:51:15] ┇ INFO    ┇           chrisbase.data ┇  79	train.eval_steps                             	9223372036854775807
[02.12 01:51:15] ┇ INFO    ┇           chrisbase.data ┇  80	train.eval_strategy                          	IntervalStrategy.NO
[02.12 01:51:15] ┇ INFO    ┇           chrisbase.data ┇  81	train.eval_use_gather_object                 	False
[02.12 01:51:15] ┇ INFO    ┇           chrisbase.data ┇  82	train.evaluation_strategy
[02.12 01:51:15] ┇ INFO    ┇           chrisbase.data ┇  83	train.fp16                                   	False
[02.12 01:51:15] ┇ INFO    ┇           chrisbase.data ┇  84	train.fp16_backend                           	auto
[02.12 01:51:15] ┇ INFO    ┇           chrisbase.data ┇  85	train.fp16_full_eval                         	False
[02.12 01:51:15] ┇ INFO    ┇           chrisbase.data ┇  86	train.fp16_opt_level                         	O1
[02.12 01:51:15] ┇ INFO    ┇           chrisbase.data ┇  87	train.fsdp                                   	[]
[02.12 01:51:15] ┇ INFO    ┇           chrisbase.data ┇  88	train.fsdp_config                            	{'min_num_params': 0, 'xla': False, 'xla_fsdp_v2': False, 'xla_fsdp_grad_ckpt': False}
[02.12 01:51:15] ┇ INFO    ┇           chrisbase.data ┇  89	train.fsdp_min_num_params                    	0
[02.12 01:51:15] ┇ INFO    ┇           chrisbase.data ┇  90	train.fsdp_transformer_layer_cls_to_wrap
[02.12 01:51:15] ┇ INFO    ┇           chrisbase.data ┇  91	train.full_determinism                       	False
[02.12 01:51:15] ┇ INFO    ┇           chrisbase.data ┇  92	train.generation_config
[02.12 01:51:15] ┇ INFO    ┇           chrisbase.data ┇  93	train.generation_max_length                  	640
[02.12 01:51:15] ┇ INFO    ┇           chrisbase.data ┇  94	train.generation_num_beams
[02.12 01:51:15] ┇ INFO    ┇           chrisbase.data ┇  95	train.gradient_accumulation_steps            	4
[02.12 01:51:15] ┇ INFO    ┇           chrisbase.data ┇  96	train.gradient_checkpointing                 	True
[02.12 01:51:15] ┇ INFO    ┇           chrisbase.data ┇  97	train.gradient_checkpointing_kwargs
[02.12 01:51:15] ┇ INFO    ┇           chrisbase.data ┇  98	train.greater_is_better
[02.12 01:51:15] ┇ INFO    ┇           chrisbase.data ┇  99	train.group_by_length                        	False
[02.12 01:51:15] ┇ INFO    ┇           chrisbase.data ┇ 100	train.half_precision_backend                 	auto
[02.12 01:51:15] ┇ INFO    ┇           chrisbase.data ┇ 101	train.hub_always_push                        	False
[02.12 01:51:15] ┇ INFO    ┇           chrisbase.data ┇ 102	train.hub_model_id
[02.12 01:51:15] ┇ INFO    ┇           chrisbase.data ┇ 103	train.hub_private_repo
[02.12 01:51:15] ┇ INFO    ┇           chrisbase.data ┇ 104	train.hub_strategy                           	HubStrategy.EVERY_SAVE
[02.12 01:51:15] ┇ INFO    ┇           chrisbase.data ┇ 105	train.hub_token
[02.12 01:51:15] ┇ INFO    ┇           chrisbase.data ┇ 106	train.ignore_data_skip                       	False
[02.12 01:51:15] ┇ INFO    ┇           chrisbase.data ┇ 107	train.include_for_metrics                    	[]
[02.12 01:51:15] ┇ INFO    ┇           chrisbase.data ┇ 108	train.include_inputs_for_metrics             	False
[02.12 01:51:15] ┇ INFO    ┇           chrisbase.data ┇ 109	train.include_num_input_tokens_seen          	False
[02.12 01:51:15] ┇ INFO    ┇           chrisbase.data ┇ 110	train.include_tokens_per_second              	False
[02.12 01:51:15] ┇ INFO    ┇           chrisbase.data ┇ 111	train.jit_mode_eval                          	False
[02.12 01:51:15] ┇ INFO    ┇           chrisbase.data ┇ 112	train.label_names
[02.12 01:51:15] ┇ INFO    ┇           chrisbase.data ┇ 113	train.label_smoothing_factor                 	0.0
[02.12 01:51:15] ┇ INFO    ┇           chrisbase.data ┇ 114	train.learning_rate                          	2e-05
[02.12 01:51:15] ┇ INFO    ┇           chrisbase.data ┇ 115	train.length_column_name                     	length
[02.12 01:51:15] ┇ INFO    ┇           chrisbase.data ┇ 116	train.load_best_model_at_end                 	False
[02.12 01:51:15] ┇ INFO    ┇           chrisbase.data ┇ 117	train.local_rank                             	0
[02.12 01:51:15] ┇ INFO    ┇           chrisbase.data ┇ 118	train.log_level                              	warning
[02.12 01:51:15] ┇ INFO    ┇           chrisbase.data ┇ 119	train.log_level_replica                      	error
[02.12 01:51:15] ┇ INFO    ┇           chrisbase.data ┇ 120	train.log_on_each_node                       	True
[02.12 01:51:15] ┇ INFO    ┇           chrisbase.data ┇ 121	train.logging_dir                            	output/GNER/EAGLE-1B-BL/runs/Feb12_01-51-13_dgx-a100
[02.12 01:51:15] ┇ INFO    ┇           chrisbase.data ┇ 122	train.logging_epochs                         	-1.0
[02.12 01:51:15] ┇ INFO    ┇           chrisbase.data ┇ 123	train.logging_first_step                     	False
[02.12 01:51:15] ┇ INFO    ┇           chrisbase.data ┇ 124	train.logging_nan_inf_filter                 	True
[02.12 01:51:15] ┇ INFO    ┇           chrisbase.data ┇ 125	train.logging_steps                          	5
[02.12 01:51:15] ┇ INFO    ┇           chrisbase.data ┇ 126	train.logging_strategy                       	IntervalStrategy.STEPS
[02.12 01:51:15] ┇ INFO    ┇           chrisbase.data ┇ 127	train.lr_scheduler_kwargs                    	{}
[02.12 01:51:15] ┇ INFO    ┇           chrisbase.data ┇ 128	train.lr_scheduler_type                      	SchedulerType.COSINE
[02.12 01:51:15] ┇ INFO    ┇           chrisbase.data ┇ 129	train.max_grad_norm                          	1.0
[02.12 01:51:15] ┇ INFO    ┇           chrisbase.data ┇ 130	train.max_steps                              	-1
[02.12 01:51:15] ┇ INFO    ┇           chrisbase.data ┇ 131	train.metric_for_best_model
[02.12 01:51:15] ┇ INFO    ┇           chrisbase.data ┇ 132	train.mp_parameters
[02.12 01:51:15] ┇ INFO    ┇           chrisbase.data ┇ 133	train.neftune_noise_alpha
[02.12 01:51:15] ┇ INFO    ┇           chrisbase.data ┇ 134	train.no_cuda                                	False
[02.12 01:51:15] ┇ INFO    ┇           chrisbase.data ┇ 135	train.num_train_epochs                       	12.0
[02.12 01:51:15] ┇ INFO    ┇           chrisbase.data ┇ 136	train.optim                                  	OptimizerNames.ADAMW_TORCH
[02.12 01:51:15] ┇ INFO    ┇           chrisbase.data ┇ 137	train.optim_args
[02.12 01:51:15] ┇ INFO    ┇           chrisbase.data ┇ 138	train.optim_target_modules
[02.12 01:51:15] ┇ INFO    ┇           chrisbase.data ┇ 139	train.output_dir                             	output/GNER/EAGLE-1B-BL
[02.12 01:51:15] ┇ INFO    ┇           chrisbase.data ┇ 140	train.overwrite_output_dir                   	True
[02.12 01:51:15] ┇ INFO    ┇           chrisbase.data ┇ 141	train.past_index                             	-1
[02.12 01:51:15] ┇ INFO    ┇           chrisbase.data ┇ 142	train.per_device_eval_batch_size             	50
[02.12 01:51:15] ┇ INFO    ┇           chrisbase.data ┇ 143	train.per_device_train_batch_size            	8
[02.12 01:51:15] ┇ INFO    ┇           chrisbase.data ┇ 144	train.per_gpu_eval_batch_size
[02.12 01:51:15] ┇ INFO    ┇           chrisbase.data ┇ 145	train.per_gpu_train_batch_size
[02.12 01:51:15] ┇ INFO    ┇           chrisbase.data ┇ 146	train.predict_with_generate                  	True
[02.12 01:51:15] ┇ INFO    ┇           chrisbase.data ┇ 147	train.prediction_loss_only                   	False
[02.12 01:51:15] ┇ INFO    ┇           chrisbase.data ┇ 148	train.push_to_hub                            	False
[02.12 01:51:15] ┇ INFO    ┇           chrisbase.data ┇ 149	train.push_to_hub_model_id
[02.12 01:51:15] ┇ INFO    ┇           chrisbase.data ┇ 150	train.push_to_hub_organization
[02.12 01:51:15] ┇ INFO    ┇           chrisbase.data ┇ 151	train.push_to_hub_token
[02.12 01:51:15] ┇ INFO    ┇           chrisbase.data ┇ 152	train.ray_scope                              	last
[02.12 01:51:15] ┇ INFO    ┇           chrisbase.data ┇ 153	train.remove_unused_columns                  	False
[02.12 01:51:15] ┇ INFO    ┇           chrisbase.data ┇ 154	train.report_to                              	[]
[02.12 01:51:15] ┇ INFO    ┇           chrisbase.data ┇ 155	train.restore_callback_states_from_checkpoint	False
[02.12 01:51:15] ┇ INFO    ┇           chrisbase.data ┇ 156	train.resume_from_checkpoint
[02.12 01:51:15] ┇ INFO    ┇           chrisbase.data ┇ 157	train.run_name                               	output/GNER/EAGLE-1B-BL
[02.12 01:51:15] ┇ INFO    ┇           chrisbase.data ┇ 158	train.save_epochs                            	-1.0
[02.12 01:51:15] ┇ INFO    ┇           chrisbase.data ┇ 159	train.save_on_each_node                      	False
[02.12 01:51:15] ┇ INFO    ┇           chrisbase.data ┇ 160	train.save_only_model                        	False
[02.12 01:51:15] ┇ INFO    ┇           chrisbase.data ┇ 161	train.save_safetensors                       	True
[02.12 01:51:15] ┇ INFO    ┇           chrisbase.data ┇ 162	train.save_steps                             	9223372036854775807
[02.12 01:51:15] ┇ INFO    ┇           chrisbase.data ┇ 163	train.save_strategy                          	SaveStrategy.NO
[02.12 01:51:15] ┇ INFO    ┇           chrisbase.data ┇ 164	train.save_total_limit
[02.12 01:51:15] ┇ INFO    ┇           chrisbase.data ┇ 165	train.seed                                   	7
[02.12 01:51:15] ┇ INFO    ┇           chrisbase.data ┇ 166	train.skip_memory_metrics                    	True
[02.12 01:51:15] ┇ INFO    ┇           chrisbase.data ┇ 167	train.sortish_sampler                        	False
[02.12 01:51:15] ┇ INFO    ┇           chrisbase.data ┇ 168	train.split_batches
[02.12 01:51:15] ┇ INFO    ┇           chrisbase.data ┇ 169	train.tf32                                   	True
[02.12 01:51:15] ┇ INFO    ┇           chrisbase.data ┇ 170	train.torch_compile                          	False
[02.12 01:51:15] ┇ INFO    ┇           chrisbase.data ┇ 171	train.torch_compile_backend
[02.12 01:51:15] ┇ INFO    ┇           chrisbase.data ┇ 172	train.torch_compile_mode
[02.12 01:51:15] ┇ INFO    ┇           chrisbase.data ┇ 173	train.torch_empty_cache_steps
[02.12 01:51:15] ┇ INFO    ┇           chrisbase.data ┇ 174	train.torchdynamo
[02.12 01:51:15] ┇ INFO    ┇           chrisbase.data ┇ 175	train.tpu_metrics_debug                      	False
[02.12 01:51:15] ┇ INFO    ┇           chrisbase.data ┇ 176	train.tpu_num_cores
[02.12 01:51:15] ┇ INFO    ┇           chrisbase.data ┇ 177	train.use_cpu                                	False
[02.12 01:51:15] ┇ INFO    ┇           chrisbase.data ┇ 178	train.use_flash_attention                    	False
[02.12 01:51:15] ┇ INFO    ┇           chrisbase.data ┇ 179	train.use_ipex                               	False
[02.12 01:51:15] ┇ INFO    ┇           chrisbase.data ┇ 180	train.use_legacy_prediction_loop             	False
[02.12 01:51:15] ┇ INFO    ┇           chrisbase.data ┇ 181	train.use_liger_kernel                       	False
[02.12 01:51:15] ┇ INFO    ┇           chrisbase.data ┇ 182	train.use_mps_device                         	False
[02.12 01:51:15] ┇ INFO    ┇           chrisbase.data ┇ 183	train.warmup_ratio                           	0.04
[02.12 01:51:15] ┇ INFO    ┇           chrisbase.data ┇ 184	train.warmup_steps                           	0
[02.12 01:51:15] ┇ INFO    ┇           chrisbase.data ┇ 185	train.weight_decay                           	0.0
[02.12 01:51:15] ┇ INFO    ┇           chrisbase.data ┇ -----------------------------------------------------------------------------------------------------------------------------------------
[02.12 01:51:19] ┇ INFO    ┇                 DeepKNLP ┇ model type: <class 'transformers.models.gpt_neox.modeling_gpt_neox.GPTNeoXForCausalLM'>
[02.12 01:51:19] ┇ INFO    ┇                 DeepKNLP ┇ model pad_token_id: 0
[02.12 01:51:20] ┇ INFO    ┇                 DeepKNLP ┇ Loaded raw train_dataset (#=9775): data/gner/each-BL/mit-movie-train.jsonl
[02.12 01:51:21] ┇ INFO    ┇                 DeepKNLP ┇ Preprocess train_dataset:   0%|                    |    4/9775 [0:00:00<0:32:11, 5.06Hz]
[02.12 01:51:23] ┇ INFO    ┇                 DeepKNLP ┇ Preprocess train_dataset:  83%|████████████████▌   | 8080/9775 [0:00:02<0:00:01, 1376.78Hz]
[02.12 01:51:23] ┇ INFO    ┇                 DeepKNLP ┇ Preprocess train_dataset: 100%|████████████████████| 9775/9775 [0:00:03<0:00:00, 4577.66Hz]
[02.12 01:51:24] ┇ INFO    ┇                 DeepKNLP ┇ Completed preprocessing for train_dataset by etri-lirs/egpt-1.3b-preview at [02.12 01:51:23]
[02.12 01:51:24] ┇ INFO    ┇                 DeepKNLP ┇ Loaded raw eval_dataset (#=100): data/gner/each-sampled-BL/mit-movie-dev=100.jsonl
[02.12 01:51:25] ┇ INFO    ┇                 DeepKNLP ┇ Preprocess eval_dataset:   4%|▊                   |   4/100 [0:00:00<0:00:20, 4.62Hz]
[02.12 01:51:25] ┇ INFO    ┇                 DeepKNLP ┇ Preprocess eval_dataset: 100%|████████████████████| 100/100 [0:00:00<0:00:00, 113.53Hz]
[02.12 01:51:25] ┇ INFO    ┇                 DeepKNLP ┇ Completed preprocessing for eval_dataset by etri-lirs/egpt-1.3b-preview at [02.12 01:51:25]
[02.12 01:51:32] ┇ INFO    ┇ torch.distributed.distributed_c10d ┇ Using backend config: {'cuda': 'nccl'}
[02.12 01:51:32] ┇ INFO    ┇ torch.distributed.distributed_c10d ┇ Using backend config: {'cuda': 'nccl'}
[02.12 01:51:32] ┇ INFO    ┇ torch.distributed.distributed_c10d ┇ Using backend config: {'cuda': 'nccl'}
[02.12 01:51:34] ┇ INFO    ┇ torch.distributed.distributed_c10d ┇ Using backend config: {'cuda': 'nccl'}
[02.12 01:51:44] ┇ WARNING ┇                DeepSpeed ┇ Attempting to get learning rate from scheduler before it has started
[02.12 01:51:44] ┇ INFO    ┇    DeepKNLP.gner.trainer ┇ -----------------------------------------------------------------------------------------------------------------------------------------
[02.12 01:51:44] ┇ INFO    ┇    DeepKNLP.gner.trainer ┇ ***** Beginning Training *****
[02.12 01:51:44] ┇ INFO    ┇    DeepKNLP.gner.trainer ┇ >> Train Epochs       = 12.0
[02.12 01:51:44] ┇ INFO    ┇    DeepKNLP.gner.trainer ┇ >> Train Examples     = 9,775
[02.12 01:51:44] ┇ INFO    ┇    DeepKNLP.gner.trainer ┇ >> Train Batch Size   = 128 = 8 * 4 * 4
[02.12 01:51:44] ┇ INFO    ┇    DeepKNLP.gner.trainer ┇ >> Train Optim Steps  = 912 = 76 * 12.0
[02.12 01:51:44] ┇ INFO    ┇    DeepKNLP.gner.trainer ┇ >> Train Model Params = 1,341,247,488
[02.12 01:51:44] ┇ INFO    ┇    DeepKNLP.gner.trainer ┇ >> Trainer Callbacks  = DefaultFlowCallback, CustomProgressCallback
[02.12 01:51:44] ┇ INFO    ┇    DeepKNLP.gner.trainer ┇ >> Zero Optim Stage   = 2
[02.12 01:51:44] ┇ INFO    ┇    DeepKNLP.gner.trainer ┇ >> Eval Examples      = 100
[02.12 01:51:44] ┇ INFO    ┇    DeepKNLP.gner.trainer ┇ >> Eval Batch Size    = 200 = 50 * 4
[02.12 01:51:53] ┇ INFO    ┇    DeepKNLP.gner.trainer ┇ [training]   1%|                    |   5/912 [0:00:08<0:26:06, 0.58Hz] | epoch=0.07, loss=1.677500
[02.12 01:51:57] ┇ INFO    ┇    DeepKNLP.gner.trainer ┇ [training]   1%|▏                   |  10/912 [0:00:13<0:20:12, 0.74Hz] | epoch=0.13, loss=0.476600
[02.12 01:52:02] ┇ INFO    ┇    DeepKNLP.gner.trainer ┇ [training]   2%|▎                   |  15/912 [0:00:18<0:18:17, 0.82Hz] | epoch=0.20, loss=0.160000
[02.12 01:52:07] ┇ INFO    ┇    DeepKNLP.gner.trainer ┇ [training]   2%|▍                   |  20/912 [0:00:23<0:17:11, 0.86Hz] | epoch=0.26, loss=0.082300
[02.12 01:52:12] ┇ INFO    ┇    DeepKNLP.gner.trainer ┇ [training]   3%|▌                   |  25/912 [0:00:27<0:16:30, 0.90Hz] | epoch=0.33, loss=0.055500
[02.12 01:52:17] ┇ INFO    ┇    DeepKNLP.gner.trainer ┇ [training]   3%|▋                   |  30/912 [0:00:32<0:16:03, 0.92Hz] | epoch=0.40, loss=0.044200
[02.12 01:52:22] ┇ INFO    ┇    DeepKNLP.gner.trainer ┇ [training]   4%|▊                   |  35/912 [0:00:37<0:15:44, 0.93Hz] | epoch=0.46, loss=0.040700
[02.12 01:52:50] ┇ INFO    ┇    DeepKNLP.gner.trainer ┇ [checking] 100%|████████████████████| 1/1 [0:00:00<0:00:00, 38685.03Hz]
[02.12 01:52:50] ┇ INFO    ┇    DeepKNLP.gner.trainer ┇ [training]   4%|▊                   |  38/912 [0:01:05<0:25:11, 0.58Hz] | epoch=0.50, eval_average=0.8477
[02.12 01:52:52] ┇ INFO    ┇    DeepKNLP.gner.trainer ┇ [training]   4%|▉                   |  40/912 [0:01:07<0:24:36, 0.59Hz] | epoch=0.53, loss=0.038000
[02.12 01:52:56] ┇ INFO    ┇    DeepKNLP.gner.trainer ┇ [training]   5%|▉                   |  45/912 [0:01:12<0:23:18, 0.62Hz] | epoch=0.59, loss=0.031400
[02.12 01:53:02] ┇ INFO    ┇    DeepKNLP.gner.trainer ┇ [training]   5%|█                   |  50/912 [0:01:18<0:22:26, 0.64Hz] | epoch=0.66, loss=0.031700
[02.12 01:53:07] ┇ INFO    ┇    DeepKNLP.gner.trainer ┇ [training]   6%|█▏                  |  55/912 [0:01:23<0:21:35, 0.66Hz] | epoch=0.72, loss=0.032700
[02.12 01:53:12] ┇ INFO    ┇    DeepKNLP.gner.trainer ┇ [training]   7%|█▎                  |  60/912 [0:01:28<0:20:51, 0.68Hz] | epoch=0.79, loss=0.027400
[02.12 01:53:17] ┇ INFO    ┇    DeepKNLP.gner.trainer ┇ [training]   7%|█▍                  |  65/912 [0:01:33<0:20:12, 0.70Hz] | epoch=0.85, loss=0.025600
[02.12 01:53:22] ┇ INFO    ┇    DeepKNLP.gner.trainer ┇ [training]   8%|█▌                  |  70/912 [0:01:37<0:19:38, 0.71Hz] | epoch=0.92, loss=0.023600
[02.12 01:53:27] ┇ INFO    ┇    DeepKNLP.gner.trainer ┇ [training]   8%|█▋                  |  75/912 [0:01:42<0:19:06, 0.73Hz] | epoch=0.99, loss=0.027500
[02.12 01:53:31] ┇ INFO    ┇    DeepKNLP.gner.trainer ┇ [checking] 100%|████████████████████| 1/1 [0:00:00<0:00:00, 41221.66Hz]
[02.12 01:53:31] ┇ INFO    ┇    DeepKNLP.gner.trainer ┇ [training]   8%|█▋                  |  76/912 [0:01:47<0:19:37, 0.71Hz] | epoch=1.00, eval_average=0.8705
[02.12 01:53:34] ┇ INFO    ┇    DeepKNLP.gner.trainer ┇ [training]   9%|█▊                  |  80/912 [0:01:50<0:19:08, 0.72Hz] | epoch=1.05, loss=0.025700
[02.12 01:53:39] ┇ INFO    ┇    DeepKNLP.gner.trainer ┇ [training]   9%|█▊                  |  85/912 [0:01:55<0:18:42, 0.74Hz] | epoch=1.12, loss=0.018800
[02.12 01:53:44] ┇ INFO    ┇    DeepKNLP.gner.trainer ┇ [training]  10%|█▉                  |  90/912 [0:02:00<0:18:19, 0.75Hz] | epoch=1.18, loss=0.020300
[02.12 01:53:49] ┇ INFO    ┇    DeepKNLP.gner.trainer ┇ [training]  10%|██                  |  95/912 [0:02:05<0:17:57, 0.76Hz] | epoch=1.25, loss=0.021700
[02.12 01:53:54] ┇ INFO    ┇    DeepKNLP.gner.trainer ┇ [training]  11%|██▏                 | 100/912 [0:02:10<0:17:36, 0.77Hz] | epoch=1.32, loss=0.018600
[02.12 01:53:59] ┇ INFO    ┇    DeepKNLP.gner.trainer ┇ [training]  12%|██▎                 | 105/912 [0:02:14<0:17:17, 0.78Hz] | epoch=1.38, loss=0.018800
[02.12 01:54:04] ┇ INFO    ┇    DeepKNLP.gner.trainer ┇ [training]  12%|██▍                 | 110/912 [0:02:19<0:16:59, 0.79Hz] | epoch=1.45, loss=0.018400
[02.12 01:54:10] ┇ INFO    ┇    DeepKNLP.gner.trainer ┇ [checking] 100%|████████████████████| 1/1 [0:00:00<0:00:00, 40826.69Hz]
[02.12 01:54:11] ┇ INFO    ┇    DeepKNLP.gner.trainer ┇ [training]  12%|██▌                 | 114/912 [0:02:26<0:17:06, 0.78Hz] | epoch=1.50, eval_average=0.9165
[02.12 01:54:12] ┇ INFO    ┇    DeepKNLP.gner.trainer ┇ [training]  13%|██▌                 | 115/912 [0:02:27<0:17:03, 0.78Hz] | epoch=1.51, loss=0.017200
[02.12 01:54:16] ┇ INFO    ┇    DeepKNLP.gner.trainer ┇ [training]  13%|██▋                 | 120/912 [0:02:32<0:16:47, 0.79Hz] | epoch=1.58, loss=0.016500
[02.12 01:54:21] ┇ INFO    ┇    DeepKNLP.gner.trainer ┇ [training]  14%|██▋                 | 125/912 [0:02:37<0:16:31, 0.79Hz] | epoch=1.65, loss=0.020700
[02.12 01:54:26] ┇ INFO    ┇    DeepKNLP.gner.trainer ┇ [training]  14%|██▊                 | 130/912 [0:02:42<0:16:16, 0.80Hz] | epoch=1.71, loss=0.017300
[02.12 01:54:31] ┇ INFO    ┇    DeepKNLP.gner.trainer ┇ [training]  15%|██▉                 | 135/912 [0:02:47<0:16:02, 0.81Hz] | epoch=1.78, loss=0.016600
[02.12 01:54:36] ┇ INFO    ┇    DeepKNLP.gner.trainer ┇ [training]  15%|███                 | 140/912 [0:02:52<0:15:49, 0.81Hz] | epoch=1.84, loss=0.018400
[02.12 01:54:41] ┇ INFO    ┇    DeepKNLP.gner.trainer ┇ [training]  16%|███▏                | 145/912 [0:02:57<0:15:36, 0.82Hz] | epoch=1.91, loss=0.017600
[02.12 01:54:46] ┇ INFO    ┇    DeepKNLP.gner.trainer ┇ [training]  16%|███▎                | 150/912 [0:03:01<0:15:24, 0.82Hz] | epoch=1.97, loss=0.019700
[02.12 01:54:50] ┇ INFO    ┇    DeepKNLP.gner.trainer ┇ [checking] 100%|████████████████████| 1/1 [0:00:00<0:00:00, 54749.23Hz]
[02.12 01:54:50] ┇ INFO    ┇    DeepKNLP.gner.trainer ┇ [training]  17%|███▎                | 152/912 [0:03:06<0:15:33, 0.81Hz] | epoch=2.00, eval_average=0.9191
[02.12 01:54:53] ┇ INFO    ┇    DeepKNLP.gner.trainer ┇ [training]  17%|███▍                | 155/912 [0:03:09<0:15:23, 0.82Hz] | epoch=2.04, loss=0.015400
[02.12 01:54:58] ┇ INFO    ┇    DeepKNLP.gner.trainer ┇ [training]  18%|███▌                | 160/912 [0:03:13<0:15:11, 0.83Hz] | epoch=2.10, loss=0.011600
[02.12 01:55:03] ┇ INFO    ┇    DeepKNLP.gner.trainer ┇ [training]  18%|███▌                | 165/912 [0:03:18<0:15:00, 0.83Hz] | epoch=2.17, loss=0.011100
[02.12 01:55:08] ┇ INFO    ┇    DeepKNLP.gner.trainer ┇ [training]  19%|███▋                | 170/912 [0:03:23<0:14:49, 0.83Hz] | epoch=2.24, loss=0.011300
[02.12 01:55:12] ┇ INFO    ┇    DeepKNLP.gner.trainer ┇ [training]  19%|███▊                | 175/912 [0:03:28<0:14:38, 0.84Hz] | epoch=2.30, loss=0.010500
[02.12 01:55:17] ┇ INFO    ┇    DeepKNLP.gner.trainer ┇ [training]  20%|███▉                | 180/912 [0:03:33<0:14:28, 0.84Hz] | epoch=2.37, loss=0.010300
[02.12 01:55:22] ┇ INFO    ┇    DeepKNLP.gner.trainer ┇ [training]  20%|████                | 185/912 [0:03:38<0:14:18, 0.85Hz] | epoch=2.43, loss=0.011400
[02.12 01:55:27] ┇ INFO    ┇    DeepKNLP.gner.trainer ┇ [training]  21%|████▏               | 190/912 [0:03:43<0:14:08, 0.85Hz] | epoch=2.50, loss=0.011300
[02.12 01:55:30] ┇ INFO    ┇    DeepKNLP.gner.trainer ┇ [checking] 100%|████████████████████| 1/1 [0:00:00<0:00:00, 58027.55Hz]
[02.12 01:55:30] ┇ INFO    ┇    DeepKNLP.gner.trainer ┇ [training]  21%|████▏               | 190/912 [0:03:43<0:14:08, 0.85Hz] | epoch=2.50, eval_average=0.9110
[02.12 01:55:35] ┇ INFO    ┇    DeepKNLP.gner.trainer ┇ [training]  21%|████▎               | 195/912 [0:03:50<0:14:09, 0.84Hz] | epoch=2.57, loss=0.012300
[02.12 01:55:40] ┇ INFO    ┇    DeepKNLP.gner.trainer ┇ [training]  22%|████▍               | 200/912 [0:03:55<0:13:59, 0.85Hz] | epoch=2.63, loss=0.012700
[02.12 01:55:45] ┇ INFO    ┇    DeepKNLP.gner.trainer ┇ [training]  22%|████▍               | 205/912 [0:04:00<0:13:50, 0.85Hz] | epoch=2.70, loss=0.014800
[02.12 01:55:50] ┇ INFO    ┇    DeepKNLP.gner.trainer ┇ [training]  23%|████▌               | 210/912 [0:04:05<0:13:41, 0.85Hz] | epoch=2.76, loss=0.012800
[02.12 01:55:55] ┇ INFO    ┇    DeepKNLP.gner.trainer ┇ [training]  24%|████▋               | 215/912 [0:04:10<0:13:32, 0.86Hz] | epoch=2.83, loss=0.012400
[02.12 01:55:59] ┇ INFO    ┇    DeepKNLP.gner.trainer ┇ [training]  24%|████▊               | 220/912 [0:04:15<0:13:23, 0.86Hz] | epoch=2.90, loss=0.012700
[02.12 01:56:04] ┇ INFO    ┇    DeepKNLP.gner.trainer ┇ [training]  25%|████▉               | 225/912 [0:04:20<0:13:14, 0.86Hz] | epoch=2.96, loss=0.010800
[02.12 01:56:10] ┇ INFO    ┇    DeepKNLP.gner.trainer ┇ [checking] 100%|████████████████████| 1/1 [0:00:00<0:00:00, 82090.35Hz]
[02.12 01:56:10] ┇ INFO    ┇    DeepKNLP.gner.trainer ┇ [training]  25%|█████               | 228/912 [0:04:25<0:13:17, 0.86Hz] | epoch=3.00, eval_average=0.8960
[02.12 01:56:12] ┇ INFO    ┇    DeepKNLP.gner.trainer ┇ [training]  25%|█████               | 230/912 [0:04:27<0:13:14, 0.86Hz] | epoch=3.03, loss=0.012300
[02.12 01:56:16] ┇ INFO    ┇    DeepKNLP.gner.trainer ┇ [training]  26%|█████▏              | 235/912 [0:04:32<0:13:04, 0.86Hz] | epoch=3.09, loss=0.007300
[02.12 01:56:21] ┇ INFO    ┇    DeepKNLP.gner.trainer ┇ [training]  26%|█████▎              | 240/912 [0:04:37<0:12:55, 0.87Hz] | epoch=3.16, loss=0.007100
[02.12 01:56:26] ┇ INFO    ┇    DeepKNLP.gner.trainer ┇ [training]  27%|█████▎              | 245/912 [0:04:42<0:12:47, 0.87Hz] | epoch=3.22, loss=0.006000
[02.12 01:56:31] ┇ INFO    ┇    DeepKNLP.gner.trainer ┇ [training]  27%|█████▍              | 250/912 [0:04:46<0:12:39, 0.87Hz] | epoch=3.29, loss=0.005600
[02.12 01:56:36] ┇ INFO    ┇    DeepKNLP.gner.trainer ┇ [training]  28%|█████▌              | 255/912 [0:04:51<0:12:31, 0.87Hz] | epoch=3.35, loss=0.008000
[02.12 01:56:41] ┇ INFO    ┇    DeepKNLP.gner.trainer ┇ [training]  29%|█████▋              | 260/912 [0:04:56<0:12:23, 0.88Hz] | epoch=3.42, loss=0.008300
[02.12 01:56:45] ┇ INFO    ┇    DeepKNLP.gner.trainer ┇ [training]  29%|█████▊              | 265/912 [0:05:01<0:12:16, 0.88Hz] | epoch=3.49, loss=0.006500
[02.12 01:56:49] ┇ INFO    ┇    DeepKNLP.gner.trainer ┇ [checking] 100%|████████████████████| 1/1 [0:00:00<0:00:00, 58996.80Hz]
[02.12 01:56:49] ┇ INFO    ┇    DeepKNLP.gner.trainer ┇ [training]  29%|█████▊              | 266/912 [0:05:05<0:12:20, 0.87Hz] | epoch=3.50, eval_average=0.9045
[02.12 01:56:53] ┇ INFO    ┇    DeepKNLP.gner.trainer ┇ [training]  30%|█████▉              | 270/912 [0:05:08<0:12:14, 0.87Hz] | epoch=3.55, loss=0.006300
[02.12 01:56:58] ┇ INFO    ┇    DeepKNLP.gner.trainer ┇ [training]  30%|██████              | 275/912 [0:05:14<0:12:07, 0.88Hz] | epoch=3.62, loss=0.005700
[02.12 01:57:03] ┇ INFO    ┇    DeepKNLP.gner.trainer ┇ [training]  31%|██████▏             | 280/912 [0:05:18<0:11:59, 0.88Hz] | epoch=3.68, loss=0.006500
[02.12 01:57:08] ┇ INFO    ┇    DeepKNLP.gner.trainer ┇ [training]  31%|██████▎             | 285/912 [0:05:23<0:11:52, 0.88Hz] | epoch=3.75, loss=0.005800
[02.12 01:57:13] ┇ INFO    ┇    DeepKNLP.gner.trainer ┇ [training]  32%|██████▎             | 290/912 [0:05:28<0:11:38, 0.89Hz] | epoch=3.82, loss=0.007600
[02.12 01:57:18] ┇ INFO    ┇    DeepKNLP.gner.trainer ┇ [training]  32%|██████▍             | 295/912 [0:05:33<0:11:33, 0.89Hz] | epoch=3.88, loss=0.008400
[02.12 01:57:22] ┇ INFO    ┇    DeepKNLP.gner.trainer ┇ [training]  33%|██████▌             | 300/912 [0:05:38<0:11:27, 0.89Hz] | epoch=3.95, loss=0.009000
[02.12 01:57:29] ┇ INFO    ┇    DeepKNLP.gner.trainer ┇ [checking] 100%|████████████████████| 1/1 [0:00:00<0:00:00, 57827.54Hz]
[02.12 01:57:29] ┇ INFO    ┇    DeepKNLP.gner.trainer ┇ [training]  33%|██████▋             | 304/912 [0:05:45<0:11:29, 0.88Hz] | epoch=4.00, eval_average=0.8936
[02.12 01:57:30] ┇ INFO    ┇    DeepKNLP.gner.trainer ┇ [training]  33%|██████▋             | 305/912 [0:05:46<0:11:29, 0.88Hz] | epoch=4.01, loss=0.007600
[02.12 01:57:34] ┇ INFO    ┇    DeepKNLP.gner.trainer ┇ [training]  34%|██████▊             | 310/912 [0:05:50<0:11:23, 0.88Hz] | epoch=4.08, loss=0.007300
[02.12 01:57:39] ┇ INFO    ┇    DeepKNLP.gner.trainer ┇ [training]  35%|██████▉             | 315/912 [0:05:55<0:11:17, 0.88Hz] | epoch=4.14, loss=0.006600
[02.12 01:57:44] ┇ INFO    ┇    DeepKNLP.gner.trainer ┇ [training]  35%|███████             | 320/912 [0:06:00<0:10:18, 0.96Hz] | epoch=4.21, loss=0.003400
[02.12 01:57:49] ┇ INFO    ┇    DeepKNLP.gner.trainer ┇ [training]  36%|███████▏            | 325/912 [0:06:05<0:10:12, 0.96Hz] | epoch=4.28, loss=0.004900
[02.12 01:57:54] ┇ INFO    ┇    DeepKNLP.gner.trainer ┇ [training]  36%|███████▏            | 330/912 [0:06:10<0:10:07, 0.96Hz] | epoch=4.34, loss=0.004500
[02.12 01:57:59] ┇ INFO    ┇    DeepKNLP.gner.trainer ┇ [training]  37%|███████▎            | 335/912 [0:06:15<0:10:01, 0.96Hz] | epoch=4.41, loss=0.004700
[02.12 01:58:04] ┇ INFO    ┇    DeepKNLP.gner.trainer ┇ [training]  37%|███████▍            | 340/912 [0:06:20<0:09:55, 0.96Hz] | epoch=4.47, loss=0.003400
[02.12 01:58:09] ┇ INFO    ┇    DeepKNLP.gner.trainer ┇ [checking] 100%|████████████████████| 1/1 [0:00:00<0:00:00, 73242.96Hz]
[02.12 01:58:09] ┇ INFO    ┇    DeepKNLP.gner.trainer ┇ [training]  38%|███████▌            | 342/912 [0:06:24<0:09:59, 0.95Hz] | epoch=4.50, eval_average=0.9041
[02.12 01:58:12] ┇ INFO    ┇    DeepKNLP.gner.trainer ┇ [training]  38%|███████▌            | 345/912 [0:06:27<0:09:56, 0.95Hz] | epoch=4.54, loss=0.003800
[02.12 01:58:17] ┇ INFO    ┇    DeepKNLP.gner.trainer ┇ [training]  38%|███████▋            | 350/912 [0:06:32<0:09:51, 0.95Hz] | epoch=4.61, loss=0.003800
[02.12 01:58:21] ┇ INFO    ┇    DeepKNLP.gner.trainer ┇ [training]  39%|███████▊            | 355/912 [0:06:37<0:09:46, 0.95Hz] | epoch=4.67, loss=0.005300
[02.12 01:58:26] ┇ INFO    ┇    DeepKNLP.gner.trainer ┇ [training]  39%|███████▉            | 360/912 [0:06:42<0:09:33, 0.96Hz] | epoch=4.74, loss=0.004700
[02.12 01:58:31] ┇ INFO    ┇    DeepKNLP.gner.trainer ┇ [training]  40%|████████            | 365/912 [0:06:47<0:09:29, 0.96Hz] | epoch=4.80, loss=0.005500
[02.12 01:58:36] ┇ INFO    ┇    DeepKNLP.gner.trainer ┇ [training]  41%|████████            | 370/912 [0:06:52<0:09:24, 0.96Hz] | epoch=4.87, loss=0.003500
[02.12 01:58:41] ┇ INFO    ┇    DeepKNLP.gner.trainer ┇ [training]  41%|████████▏           | 375/912 [0:06:57<0:09:18, 0.96Hz] | epoch=4.93, loss=0.005400
[02.12 01:58:46] ┇ INFO    ┇    DeepKNLP.gner.trainer ┇ [training]  42%|████████▎           | 380/912 [0:07:01<0:09:13, 0.96Hz] | epoch=5.00, loss=0.005600
[02.12 01:58:48] ┇ INFO    ┇    DeepKNLP.gner.trainer ┇ [checking] 100%|████████████████████| 1/1 [0:00:00<0:00:00, 59388.38Hz]
[02.12 01:58:48] ┇ INFO    ┇    DeepKNLP.gner.trainer ┇ [training]  42%|████████▎           | 380/912 [0:07:01<0:09:13, 0.96Hz] | epoch=5.00, eval_average=0.9025
[02.12 01:58:53] ┇ INFO    ┇    DeepKNLP.gner.trainer ┇ [training]  42%|████████▍           | 385/912 [0:07:09<0:09:12, 0.95Hz] | epoch=5.07, loss=0.003500
[02.12 01:58:58] ┇ INFO    ┇    DeepKNLP.gner.trainer ┇ [training]  43%|████████▌           | 390/912 [0:07:14<0:09:07, 0.95Hz] | epoch=5.13, loss=0.002500
[02.12 01:59:03] ┇ INFO    ┇    DeepKNLP.gner.trainer ┇ [training]  43%|████████▋           | 395/912 [0:07:18<0:09:02, 0.95Hz] | epoch=5.20, loss=0.002400
[02.12 01:59:08] ┇ INFO    ┇    DeepKNLP.gner.trainer ┇ [training]  44%|████████▊           | 400/912 [0:07:23<0:08:51, 0.96Hz] | epoch=5.26, loss=0.002400
[02.12 01:59:13] ┇ INFO    ┇    DeepKNLP.gner.trainer ┇ [training]  44%|████████▉           | 405/912 [0:07:28<0:08:46, 0.96Hz] | epoch=5.33, loss=0.002700
[02.12 01:59:17] ┇ INFO    ┇    DeepKNLP.gner.trainer ┇ [training]  45%|████████▉           | 410/912 [0:07:33<0:08:40, 0.96Hz] | epoch=5.39, loss=0.003100
[02.12 01:59:22] ┇ INFO    ┇    DeepKNLP.gner.trainer ┇ [training]  46%|█████████           | 415/912 [0:07:38<0:08:35, 0.96Hz] | epoch=5.46, loss=0.002600
[02.12 01:59:28] ┇ INFO    ┇    DeepKNLP.gner.trainer ┇ [checking] 100%|████████████████████| 1/1 [0:00:00<0:00:00, 48993.51Hz]
[02.12 01:59:28] ┇ INFO    ┇    DeepKNLP.gner.trainer ┇ [training]  46%|█████████▏          | 418/912 [0:07:43<0:08:37, 0.95Hz] | epoch=5.50, eval_average=0.8932
[02.12 01:59:30] ┇ INFO    ┇    DeepKNLP.gner.trainer ┇ [training]  46%|█████████▏          | 420/912 [0:07:45<0:08:35, 0.95Hz] | epoch=5.53, loss=0.002500
[02.12 01:59:35] ┇ INFO    ┇    DeepKNLP.gner.trainer ┇ [training]  47%|█████████▎          | 425/912 [0:07:50<0:08:30, 0.95Hz] | epoch=5.59, loss=0.002900
[02.12 01:59:39] ┇ INFO    ┇    DeepKNLP.gner.trainer ┇ [training]  47%|█████████▍          | 430/912 [0:07:55<0:08:24, 0.95Hz] | epoch=5.66, loss=0.002400
[02.12 01:59:44] ┇ INFO    ┇    DeepKNLP.gner.trainer ┇ [training]  48%|█████████▌          | 435/912 [0:08:00<0:08:19, 0.95Hz] | epoch=5.72, loss=0.003000
[02.12 01:59:49] ┇ INFO    ┇    DeepKNLP.gner.trainer ┇ [training]  48%|█████████▋          | 440/912 [0:08:05<0:08:09, 0.96Hz] | epoch=5.79, loss=0.002000
[02.12 01:59:54] ┇ INFO    ┇    DeepKNLP.gner.trainer ┇ [training]  49%|█████████▊          | 445/912 [0:08:10<0:08:05, 0.96Hz] | epoch=5.86, loss=0.002100
[02.12 01:59:59] ┇ INFO    ┇    DeepKNLP.gner.trainer ┇ [training]  49%|█████████▊          | 450/912 [0:08:15<0:08:00, 0.96Hz] | epoch=5.92, loss=0.003200
[02.12 02:00:04] ┇ INFO    ┇    DeepKNLP.gner.trainer ┇ [training]  50%|█████████▉          | 455/912 [0:08:20<0:07:54, 0.96Hz] | epoch=5.99, loss=0.002200
[02.12 02:00:08] ┇ INFO    ┇    DeepKNLP.gner.trainer ┇ [checking] 100%|████████████████████| 1/1 [0:00:00<0:00:00, 47687.95Hz]
[02.12 02:00:08] ┇ INFO    ┇    DeepKNLP.gner.trainer ┇ [training]  50%|██████████          | 456/912 [0:08:23<0:07:58, 0.95Hz] | epoch=6.00, eval_average=0.9091
[02.12 02:00:12] ┇ INFO    ┇    DeepKNLP.gner.trainer ┇ [training]  50%|██████████          | 460/912 [0:08:27<0:07:54, 0.95Hz] | epoch=6.05, loss=0.002300
[02.12 02:00:16] ┇ INFO    ┇    DeepKNLP.gner.trainer ┇ [training]  51%|██████████▏         | 465/912 [0:08:32<0:07:48, 0.95Hz] | epoch=6.12, loss=0.001400
[02.12 02:00:21] ┇ INFO    ┇    DeepKNLP.gner.trainer ┇ [training]  52%|██████████▎         | 470/912 [0:08:37<0:07:43, 0.95Hz] | epoch=6.18, loss=0.000800
[02.12 02:00:26] ┇ INFO    ┇    DeepKNLP.gner.trainer ┇ [training]  52%|██████████▍         | 475/912 [0:08:41<0:07:37, 0.96Hz] | epoch=6.25, loss=0.001100
[02.12 02:00:31] ┇ INFO    ┇    DeepKNLP.gner.trainer ┇ [training]  53%|██████████▌         | 480/912 [0:08:46<0:07:28, 0.96Hz] | epoch=6.32, loss=0.001900
[02.12 02:00:35] ┇ INFO    ┇    DeepKNLP.gner.trainer ┇ [training]  53%|██████████▋         | 485/912 [0:08:51<0:07:23, 0.96Hz] | epoch=6.38, loss=0.001300
[02.12 02:00:40] ┇ INFO    ┇    DeepKNLP.gner.trainer ┇ [training]  54%|██████████▋         | 490/912 [0:08:56<0:07:17, 0.96Hz] | epoch=6.45, loss=0.001200
[02.12 02:00:47] ┇ INFO    ┇    DeepKNLP.gner.trainer ┇ [checking] 100%|████████████████████| 1/1 [0:00:00<0:00:00, 40752.31Hz]
[02.12 02:00:47] ┇ INFO    ┇    DeepKNLP.gner.trainer ┇ [training]  54%|██████████▊         | 494/912 [0:09:03<0:07:17, 0.96Hz] | epoch=6.50, eval_average=0.8998
[02.12 02:00:48] ┇ INFO    ┇    DeepKNLP.gner.trainer ┇ [training]  54%|██████████▊         | 495/912 [0:09:04<0:07:16, 0.95Hz] | epoch=6.51, loss=0.001300
[02.12 02:00:53] ┇ INFO    ┇    DeepKNLP.gner.trainer ┇ [training]  55%|██████████▉         | 500/912 [0:09:08<0:07:11, 0.95Hz] | epoch=6.58, loss=0.001300
[02.12 02:00:57] ┇ INFO    ┇    DeepKNLP.gner.trainer ┇ [training]  55%|███████████         | 505/912 [0:09:13<0:07:06, 0.95Hz] | epoch=6.64, loss=0.001200
[02.12 02:01:02] ┇ INFO    ┇    DeepKNLP.gner.trainer ┇ [training]  56%|███████████▏        | 510/912 [0:09:18<0:06:57, 0.96Hz] | epoch=6.71, loss=0.001700
[02.12 02:01:07] ┇ INFO    ┇    DeepKNLP.gner.trainer ┇ [training]  56%|███████████▎        | 515/912 [0:09:23<0:06:52, 0.96Hz] | epoch=6.78, loss=0.001500
[02.12 02:01:12] ┇ INFO    ┇    DeepKNLP.gner.trainer ┇ [training]  57%|███████████▍        | 520/912 [0:09:28<0:06:47, 0.96Hz] | epoch=6.84, loss=0.001100
[02.12 02:01:17] ┇ INFO    ┇    DeepKNLP.gner.trainer ┇ [training]  58%|███████████▌        | 525/912 [0:09:33<0:06:42, 0.96Hz] | epoch=6.91, loss=0.001200
[02.12 02:01:22] ┇ INFO    ┇    DeepKNLP.gner.trainer ┇ [training]  58%|███████████▌        | 530/912 [0:09:38<0:06:37, 0.96Hz] | epoch=6.97, loss=0.000900
[02.12 02:01:27] ┇ INFO    ┇    DeepKNLP.gner.trainer ┇ [checking] 100%|████████████████████| 1/1 [0:00:00<0:00:00, 56146.30Hz]
[02.12 02:01:27] ┇ INFO    ┇    DeepKNLP.gner.trainer ┇ [training]  58%|███████████▋        | 532/912 [0:09:43<0:06:39, 0.95Hz] | epoch=7.00, eval_average=0.9036
[02.12 02:01:30] ┇ INFO    ┇    DeepKNLP.gner.trainer ┇ [training]  59%|███████████▋        | 535/912 [0:09:46<0:06:36, 0.95Hz] | epoch=7.04, loss=0.001400
[02.12 02:01:34] ┇ INFO    ┇    DeepKNLP.gner.trainer ┇ [training]  59%|███████████▊        | 540/912 [0:09:50<0:06:30, 0.95Hz] | epoch=7.11, loss=0.000800
[02.12 02:01:39] ┇ INFO    ┇    DeepKNLP.gner.trainer ┇ [training]  60%|███████████▉        | 545/912 [0:09:55<0:06:25, 0.95Hz] | epoch=7.17, loss=0.000400
[02.12 02:01:44] ┇ INFO    ┇    DeepKNLP.gner.trainer ┇ [training]  60%|████████████        | 550/912 [0:10:00<0:06:16, 0.96Hz] | epoch=7.24, loss=0.000300
[02.12 02:01:49] ┇ INFO    ┇    DeepKNLP.gner.trainer ┇ [training]  61%|████████████▏       | 555/912 [0:10:05<0:06:11, 0.96Hz] | epoch=7.30, loss=0.000500
[02.12 02:01:54] ┇ INFO    ┇    DeepKNLP.gner.trainer ┇ [training]  61%|████████████▎       | 560/912 [0:10:10<0:06:05, 0.96Hz] | epoch=7.37, loss=0.000700
[02.12 02:01:59] ┇ INFO    ┇    DeepKNLP.gner.trainer ┇ [training]  62%|████████████▍       | 565/912 [0:10:14<0:06:00, 0.96Hz] | epoch=7.43, loss=0.000900
[02.12 02:02:04] ┇ INFO    ┇    DeepKNLP.gner.trainer ┇ [training]  62%|████████████▌       | 570/912 [0:10:19<0:05:55, 0.96Hz] | epoch=7.50, loss=0.001100
[02.12 02:02:06] ┇ INFO    ┇    DeepKNLP.gner.trainer ┇ [checking] 100%|████████████████████| 1/1 [0:00:00<0:00:00, 49932.19Hz]
[02.12 02:02:06] ┇ INFO    ┇    DeepKNLP.gner.trainer ┇ [training]  62%|████████████▌       | 570/912 [0:10:19<0:05:55, 0.96Hz] | epoch=7.50, eval_average=0.8936
[02.12 02:02:11] ┇ INFO    ┇    DeepKNLP.gner.trainer ┇ [training]  63%|████████████▌       | 575/912 [0:10:27<0:05:52, 0.96Hz] | epoch=7.57, loss=0.000800
[02.12 02:02:16] ┇ INFO    ┇    DeepKNLP.gner.trainer ┇ [training]  64%|████████████▋       | 580/912 [0:10:32<0:05:47, 0.96Hz] | epoch=7.63, loss=0.000300
[02.12 02:02:21] ┇ INFO    ┇    DeepKNLP.gner.trainer ┇ [training]  64%|████████████▊       | 585/912 [0:10:37<0:05:42, 0.96Hz] | epoch=7.70, loss=0.000500
[02.12 02:02:26] ┇ INFO    ┇    DeepKNLP.gner.trainer ┇ [training]  65%|████████████▉       | 590/912 [0:10:42<0:05:34, 0.96Hz] | epoch=7.76, loss=0.000500
[02.12 02:02:31] ┇ INFO    ┇    DeepKNLP.gner.trainer ┇ [training]  65%|█████████████       | 595/912 [0:10:46<0:05:28, 0.96Hz] | epoch=7.83, loss=0.000400
[02.12 02:02:36] ┇ INFO    ┇    DeepKNLP.gner.trainer ┇ [training]  66%|█████████████▏      | 600/912 [0:10:51<0:05:24, 0.96Hz] | epoch=7.89, loss=0.000500
[02.12 02:02:41] ┇ INFO    ┇    DeepKNLP.gner.trainer ┇ [training]  66%|█████████████▎      | 605/912 [0:10:56<0:05:19, 0.96Hz] | epoch=7.96, loss=0.000400
[02.12 02:02:46] ┇ INFO    ┇    DeepKNLP.gner.trainer ┇ [checking] 100%|████████████████████| 1/1 [0:00:00<0:00:00, 51453.99Hz]
[02.12 02:02:46] ┇ INFO    ┇    DeepKNLP.gner.trainer ┇ [training]  67%|█████████████▎      | 608/912 [0:11:02<0:05:19, 0.95Hz] | epoch=8.00, eval_average=0.9110
[02.12 02:02:48] ┇ INFO    ┇    DeepKNLP.gner.trainer ┇ [training]  67%|█████████████▍      | 610/912 [0:11:04<0:05:17, 0.95Hz] | epoch=8.03, loss=0.000700
[02.12 02:02:53] ┇ INFO    ┇    DeepKNLP.gner.trainer ┇ [training]  67%|█████████████▍      | 615/912 [0:11:09<0:05:11, 0.95Hz] | epoch=8.09, loss=0.000700
[02.12 02:02:58] ┇ INFO    ┇    DeepKNLP.gner.trainer ┇ [training]  68%|█████████████▌      | 620/912 [0:11:13<0:05:05, 0.95Hz] | epoch=8.16, loss=0.000500
[02.12 02:03:02] ┇ INFO    ┇    DeepKNLP.gner.trainer ┇ [training]  69%|█████████████▋      | 625/912 [0:11:18<0:05:00, 0.95Hz] | epoch=8.22, loss=0.000500
[02.12 02:03:07] ┇ INFO    ┇    DeepKNLP.gner.trainer ┇ [training]  69%|█████████████▊      | 630/912 [0:11:23<0:04:52, 0.96Hz] | epoch=8.29, loss=0.000200
[02.12 02:03:12] ┇ INFO    ┇    DeepKNLP.gner.trainer ┇ [training]  70%|█████████████▉      | 635/912 [0:11:28<0:04:47, 0.97Hz] | epoch=8.36, loss=0.000200
[02.12 02:03:17] ┇ INFO    ┇    DeepKNLP.gner.trainer ┇ [training]  70%|██████████████      | 640/912 [0:11:33<0:04:41, 0.96Hz] | epoch=8.42, loss=0.000200
[02.12 02:03:22] ┇ INFO    ┇    DeepKNLP.gner.trainer ┇ [training]  71%|██████████████▏     | 645/912 [0:11:38<0:04:36, 0.96Hz] | epoch=8.49, loss=0.000300
[02.12 02:03:26] ┇ INFO    ┇    DeepKNLP.gner.trainer ┇ [checking] 100%|████████████████████| 1/1 [0:00:00<0:00:00, 56111.09Hz]
[02.12 02:03:26] ┇ INFO    ┇    DeepKNLP.gner.trainer ┇ [training]  71%|██████████████▏     | 646/912 [0:11:41<0:04:38, 0.96Hz] | epoch=8.50, eval_average=0.9036
[02.12 02:03:30] ┇ INFO    ┇    DeepKNLP.gner.trainer ┇ [training]  71%|██████████████▎     | 650/912 [0:11:45<0:04:34, 0.95Hz] | epoch=8.55, loss=0.000200
[02.12 02:03:34] ┇ INFO    ┇    DeepKNLP.gner.trainer ┇ [training]  72%|██████████████▎     | 655/912 [0:11:50<0:04:29, 0.95Hz] | epoch=8.62, loss=0.000500
[02.12 02:03:39] ┇ INFO    ┇    DeepKNLP.gner.trainer ┇ [training]  72%|██████████████▍     | 660/912 [0:11:55<0:04:23, 0.95Hz] | epoch=8.68, loss=0.000300
[02.12 02:03:44] ┇ INFO    ┇    DeepKNLP.gner.trainer ┇ [training]  73%|██████████████▌     | 665/912 [0:12:00<0:04:18, 0.95Hz] | epoch=8.75, loss=0.000400
[02.12 02:03:49] ┇ INFO    ┇    DeepKNLP.gner.trainer ┇ [training]  73%|██████████████▋     | 670/912 [0:12:05<0:04:11, 0.96Hz] | epoch=8.82, loss=0.000200
[02.12 02:03:54] ┇ INFO    ┇    DeepKNLP.gner.trainer ┇ [training]  74%|██████████████▊     | 675/912 [0:12:10<0:04:06, 0.96Hz] | epoch=8.88, loss=0.000200
[02.12 02:03:59] ┇ INFO    ┇    DeepKNLP.gner.trainer ┇ [training]  75%|██████████████▉     | 680/912 [0:12:15<0:04:01, 0.96Hz] | epoch=8.95, loss=0.000300
[02.12 02:04:06] ┇ INFO    ┇    DeepKNLP.gner.trainer ┇ [checking] 100%|████████████████████| 1/1 [0:00:00<0:00:00, 60268.40Hz]
[02.12 02:04:06] ┇ INFO    ┇    DeepKNLP.gner.trainer ┇ [training]  75%|███████████████     | 684/912 [0:12:21<0:03:59, 0.95Hz] | epoch=9.00, eval_average=0.8974
[02.12 02:04:07] ┇ INFO    ┇    DeepKNLP.gner.trainer ┇ [training]  75%|███████████████     | 685/912 [0:12:22<0:03:58, 0.95Hz] | epoch=9.01, loss=0.000200
[02.12 02:04:12] ┇ INFO    ┇    DeepKNLP.gner.trainer ┇ [training]  76%|███████████████▏    | 690/912 [0:12:27<0:03:53, 0.95Hz] | epoch=9.08, loss=0.000100
[02.12 02:04:16] ┇ INFO    ┇    DeepKNLP.gner.trainer ┇ [training]  76%|███████████████▏    | 695/912 [0:12:32<0:03:47, 0.95Hz] | epoch=9.14, loss=0.000200
[02.12 02:04:21] ┇ INFO    ┇    DeepKNLP.gner.trainer ┇ [training]  77%|███████████████▎    | 700/912 [0:12:37<0:03:40, 0.96Hz] | epoch=9.21, loss=0.000100
[02.12 02:04:26] ┇ INFO    ┇    DeepKNLP.gner.trainer ┇ [training]  77%|███████████████▍    | 705/912 [0:12:41<0:03:35, 0.96Hz] | epoch=9.28, loss=0.000100
[02.12 02:04:31] ┇ INFO    ┇    DeepKNLP.gner.trainer ┇ [training]  78%|███████████████▌    | 710/912 [0:12:46<0:03:29, 0.96Hz] | epoch=9.34, loss=0.000300
[02.12 02:04:35] ┇ INFO    ┇    DeepKNLP.gner.trainer ┇ [training]  78%|███████████████▋    | 715/912 [0:12:51<0:03:24, 0.96Hz] | epoch=9.41, loss=0.000000
[02.12 02:04:40] ┇ INFO    ┇    DeepKNLP.gner.trainer ┇ [training]  79%|███████████████▊    | 720/912 [0:12:56<0:03:19, 0.96Hz] | epoch=9.47, loss=0.000200
[02.12 02:04:45] ┇ INFO    ┇    DeepKNLP.gner.trainer ┇ [checking] 100%|████████████████████| 1/1 [0:00:00<0:00:00, 49263.25Hz]
[02.12 02:04:45] ┇ INFO    ┇    DeepKNLP.gner.trainer ┇ [training]  79%|███████████████▊    | 722/912 [0:13:01<0:03:19, 0.95Hz] | epoch=9.50, eval_average=0.9060
[02.12 02:04:48] ┇ INFO    ┇    DeepKNLP.gner.trainer ┇ [training]  79%|███████████████▉    | 725/912 [0:13:04<0:03:16, 0.95Hz] | epoch=9.54, loss=0.000100
[02.12 02:04:53] ┇ INFO    ┇    DeepKNLP.gner.trainer ┇ [training]  80%|████████████████    | 730/912 [0:13:09<0:03:10, 0.95Hz] | epoch=9.61, loss=0.000100
[02.12 02:04:58] ┇ INFO    ┇    DeepKNLP.gner.trainer ┇ [training]  81%|████████████████    | 735/912 [0:13:14<0:03:05, 0.95Hz] | epoch=9.67, loss=0.000200
[02.12 02:05:03] ┇ INFO    ┇    DeepKNLP.gner.trainer ┇ [training]  81%|████████████████▏   | 740/912 [0:13:19<0:02:58, 0.96Hz] | epoch=9.74, loss=0.000000
[02.12 02:05:08] ┇ INFO    ┇    DeepKNLP.gner.trainer ┇ [training]  82%|████████████████▎   | 745/912 [0:13:23<0:02:53, 0.96Hz] | epoch=9.80, loss=0.000100
[02.12 02:05:13] ┇ INFO    ┇    DeepKNLP.gner.trainer ┇ [training]  82%|████████████████▍   | 750/912 [0:13:28<0:02:48, 0.96Hz] | epoch=9.87, loss=0.000100
[02.12 02:05:18] ┇ INFO    ┇    DeepKNLP.gner.trainer ┇ [training]  83%|████████████████▌   | 755/912 [0:13:33<0:02:43, 0.96Hz] | epoch=9.93, loss=0.000100
[02.12 02:05:22] ┇ INFO    ┇    DeepKNLP.gner.trainer ┇ [training]  83%|████████████████▋   | 760/912 [0:13:38<0:02:38, 0.96Hz] | epoch=10.00, loss=0.000100
[02.12 02:05:25] ┇ INFO    ┇    DeepKNLP.gner.trainer ┇ [checking] 100%|████████████████████| 1/1 [0:00:00<0:00:00, 92341.06Hz]
[02.12 02:05:25] ┇ INFO    ┇    DeepKNLP.gner.trainer ┇ [training]  83%|████████████████▋   | 760/912 [0:13:38<0:02:38, 0.96Hz] | epoch=10.00, eval_average=0.9060
[02.12 02:05:30] ┇ INFO    ┇    DeepKNLP.gner.trainer ┇ [training]  84%|████████████████▊   | 765/912 [0:13:46<0:02:34, 0.95Hz] | epoch=10.07, loss=0.000100
[02.12 02:05:34] ┇ INFO    ┇    DeepKNLP.gner.trainer ┇ [training]  84%|████████████████▉   | 770/912 [0:13:50<0:02:28, 0.95Hz] | epoch=10.13, loss=0.000100
[02.12 02:05:39] ┇ INFO    ┇    DeepKNLP.gner.trainer ┇ [training]  85%|████████████████▉   | 775/912 [0:13:55<0:02:23, 0.95Hz] | epoch=10.20, loss=0.000100
[02.12 02:05:44] ┇ INFO    ┇    DeepKNLP.gner.trainer ┇ [training]  86%|█████████████████   | 780/912 [0:14:00<0:02:17, 0.96Hz] | epoch=10.26, loss=0.000100
[02.12 02:05:49] ┇ INFO    ┇    DeepKNLP.gner.trainer ┇ [training]  86%|█████████████████▏  | 785/912 [0:14:05<0:02:11, 0.96Hz] | epoch=10.33, loss=0.000100
[02.12 02:05:54] ┇ INFO    ┇    DeepKNLP.gner.trainer ┇ [training]  87%|█████████████████▎  | 790/912 [0:14:10<0:02:06, 0.96Hz] | epoch=10.39, loss=0.000000
[02.12 02:05:59] ┇ INFO    ┇    DeepKNLP.gner.trainer ┇ [training]  87%|█████████████████▍  | 795/912 [0:14:15<0:02:01, 0.96Hz] | epoch=10.46, loss=0.000000
[02.12 02:06:05] ┇ INFO    ┇    DeepKNLP.gner.trainer ┇ [checking] 100%|████████████████████| 1/1 [0:00:00<0:00:00, 54032.90Hz]
[02.12 02:06:05] ┇ INFO    ┇    DeepKNLP.gner.trainer ┇ [training]  88%|█████████████████▌  | 798/912 [0:14:20<0:01:59, 0.95Hz] | epoch=10.50, eval_average=0.9060
[02.12 02:06:06] ┇ INFO    ┇    DeepKNLP.gner.trainer ┇ [training]  88%|█████████████████▌  | 800/912 [0:14:22<0:01:57, 0.95Hz] | epoch=10.53, loss=0.000000
[02.12 02:06:12] ┇ INFO    ┇    DeepKNLP.gner.trainer ┇ [training]  88%|█████████████████▋  | 805/912 [0:14:27<0:01:52, 0.95Hz] | epoch=10.59, loss=0.000100
[02.12 02:06:16] ┇ INFO    ┇    DeepKNLP.gner.trainer ┇ [training]  89%|█████████████████▊  | 810/912 [0:14:32<0:01:47, 0.95Hz] | epoch=10.66, loss=0.000000
[02.12 02:06:21] ┇ INFO    ┇    DeepKNLP.gner.trainer ┇ [training]  89%|█████████████████▊  | 815/912 [0:14:37<0:01:41, 0.95Hz] | epoch=10.72, loss=0.000000
[02.12 02:06:26] ┇ INFO    ┇    DeepKNLP.gner.trainer ┇ [training]  90%|█████████████████▉  | 820/912 [0:14:42<0:01:35, 0.96Hz] | epoch=10.79, loss=0.000000
[02.12 02:06:31] ┇ INFO    ┇    DeepKNLP.gner.trainer ┇ [training]  90%|██████████████████  | 825/912 [0:14:47<0:01:30, 0.96Hz] | epoch=10.86, loss=0.000100
[02.12 02:06:36] ┇ INFO    ┇    DeepKNLP.gner.trainer ┇ [training]  91%|██████████████████▏ | 830/912 [0:14:51<0:01:25, 0.96Hz] | epoch=10.92, loss=0.000100
[02.12 02:06:41] ┇ INFO    ┇    DeepKNLP.gner.trainer ┇ [training]  92%|██████████████████▎ | 835/912 [0:14:56<0:01:20, 0.96Hz] | epoch=10.99, loss=0.000000
[02.12 02:06:44] ┇ INFO    ┇    DeepKNLP.gner.trainer ┇ [checking] 100%|████████████████████| 1/1 [0:00:00<0:00:00, 52449.29Hz]
[02.12 02:06:44] ┇ INFO    ┇    DeepKNLP.gner.trainer ┇ [training]  92%|██████████████████▎ | 836/912 [0:15:00<0:01:19, 0.95Hz] | epoch=11.00, eval_average=0.9041
[02.12 02:06:48] ┇ INFO    ┇    DeepKNLP.gner.trainer ┇ [training]  92%|██████████████████▍ | 840/912 [0:15:04<0:01:15, 0.95Hz] | epoch=11.05, loss=0.000100
[02.12 02:06:53] ┇ INFO    ┇    DeepKNLP.gner.trainer ┇ [training]  93%|██████████████████▌ | 845/912 [0:15:09<0:01:10, 0.95Hz] | epoch=11.12, loss=0.000000
[02.12 02:06:57] ┇ INFO    ┇    DeepKNLP.gner.trainer ┇ [training]  93%|██████████████████▋ | 850/912 [0:15:13<0:01:04, 0.95Hz] | epoch=11.18, loss=0.000000
[02.12 02:07:02] ┇ INFO    ┇    DeepKNLP.gner.trainer ┇ [training]  94%|██████████████████▊ | 855/912 [0:15:18<0:00:59, 0.95Hz] | epoch=11.25, loss=0.000000
[02.12 02:07:07] ┇ INFO    ┇    DeepKNLP.gner.trainer ┇ [training]  94%|██████████████████▊ | 860/912 [0:15:23<0:00:54, 0.96Hz] | epoch=11.32, loss=0.000000
[02.12 02:07:12] ┇ INFO    ┇    DeepKNLP.gner.trainer ┇ [training]  95%|██████████████████▉ | 865/912 [0:15:28<0:00:48, 0.96Hz] | epoch=11.38, loss=0.000000
[02.12 02:07:17] ┇ INFO    ┇    DeepKNLP.gner.trainer ┇ [training]  95%|███████████████████ | 870/912 [0:15:33<0:00:43, 0.96Hz] | epoch=11.45, loss=0.000100
[02.12 02:07:24] ┇ INFO    ┇    DeepKNLP.gner.trainer ┇ [checking] 100%|████████████████████| 1/1 [0:00:00<0:00:00, 62195.43Hz]
[02.12 02:07:24] ┇ INFO    ┇    DeepKNLP.gner.trainer ┇ [training]  96%|███████████████████▏| 874/912 [0:15:39<0:00:39, 0.95Hz] | epoch=11.50, eval_average=0.9060
[02.12 02:07:25] ┇ INFO    ┇    DeepKNLP.gner.trainer ┇ [training]  96%|███████████████████▏| 875/912 [0:15:40<0:00:38, 0.95Hz] | epoch=11.51, loss=0.000000
[02.12 02:07:30] ┇ INFO    ┇    DeepKNLP.gner.trainer ┇ [training]  96%|███████████████████▎| 880/912 [0:15:45<0:00:33, 0.95Hz] | epoch=11.58, loss=0.000000
[02.12 02:07:35] ┇ INFO    ┇    DeepKNLP.gner.trainer ┇ [training]  97%|███████████████████▍| 885/912 [0:15:50<0:00:28, 0.95Hz] | epoch=11.64, loss=0.000000
[02.12 02:07:39] ┇ INFO    ┇    DeepKNLP.gner.trainer ┇ [training]  98%|███████████████████▌| 890/912 [0:15:55<0:00:22, 0.96Hz] | epoch=11.71, loss=0.000000
[02.12 02:07:44] ┇ INFO    ┇    DeepKNLP.gner.trainer ┇ [training]  98%|███████████████████▋| 895/912 [0:16:00<0:00:17, 0.96Hz] | epoch=11.78, loss=0.000000
[02.12 02:07:49] ┇ INFO    ┇    DeepKNLP.gner.trainer ┇ [training]  99%|███████████████████▋| 900/912 [0:16:05<0:00:12, 0.96Hz] | epoch=11.84, loss=0.000000
[02.12 02:07:54] ┇ INFO    ┇    DeepKNLP.gner.trainer ┇ [training]  99%|███████████████████▊| 905/912 [0:16:09<0:00:07, 0.96Hz] | epoch=11.91, loss=0.000000
[02.12 02:07:59] ┇ INFO    ┇    DeepKNLP.gner.trainer ┇ [training] 100%|███████████████████▉| 910/912 [0:16:14<0:00:02, 0.96Hz] | epoch=11.97, loss=0.000000
[02.12 02:08:03] ┇ INFO    ┇    DeepKNLP.gner.trainer ┇ [checking] 100%|████████████████████| 1/1 [0:00:00<0:00:00, 83676.89Hz]
[02.12 02:08:03] ┇ INFO    ┇    DeepKNLP.gner.trainer ┇ [training] 100%|████████████████████| 912/912 [0:16:19<0:00:00, 0.95Hz] | epoch=12.00, eval_average=0.9041
[02.12 02:08:03] ┇ INFO    ┇    DeepKNLP.gner.trainer ┇ [training] 100%|████████████████████| 912/912 [0:16:19<0:00:00, 0.95Hz] | epoch=12.00, train_loss=0.0192, total_pflos=254.368
[02.12 02:08:03] ┇ INFO    ┇    DeepKNLP.gner.trainer ┇ -----------------------------------------------------------------------------------------------------------------------------------------
[02.12 02:08:03] ┇ INFO    ┇                 DeepKNLP ┇ Train output metrics: {'train_runtime': 979.4268, 'train_samples_per_second': 119.764, 'train_steps_per_second': 0.931, 'total_flos': 2.5436829477188403e+17, 'train_loss': 0.01924553833384635, 'epoch': 12.0}
[02.12 02:08:04] ┇ INFO    ┇           chrisbase.data ┇ =========================================================================================================================================
[02.12 02:08:04] ┇ INFO    ┇           chrisbase.data ┇ [EXIT] python task2-nerG-trainer.py --local_rank=0 --trainer_deepspeed configs/deepspeed/ds2_llama.json --run_version EAGLE-1B-BL --pretrained etri-lirs/egpt-1.3b-preview --eval_epochs 0.5 --logging_steps 5 --num_train_epochs 12 --per_device_eval_batch_size 50 --per_device_train_batch_size 8 --gradient_accumulation_steps 4 --generation_max_length 640 --eval_file data/gner/each-sampled-BL/mit-movie-dev=100.jsonl --train_file data/gner/each-BL/mit-movie-train.jsonl --output_file train-metrics-mit-movie-12ep.csv --logging_file train-loggings-mit-movie-12ep.out --no_use_flash_attention --no_debugging ($=00:16:48.748)
[02.12 02:08:04] ┇ INFO    ┇           chrisbase.data ┇ =========================================================================================================================================
[02.12 02:08:05] ┇ INFO    ┇ torch._inductor.remote_cache ┇ Cache Metrics: None

[02.12 02:08:05] ┇ INFO    ┇ torch._dynamo.eval_frame ┇ TorchDynamo attempted to trace the following frames: [

]
[02.12 02:08:05] ┇ INFO    ┇      torch._dynamo.utils ┇ TorchDynamo compilation metrics:
Function    Runtimes (s)
----------  --------------
[02.12 02:08:05] ┇ INFO    ┇ torch._subclasses.fake_tensor ┇ FakeTensor cache stats:
[02.12 02:08:05] ┇ INFO    ┇ torch._subclasses.fake_tensor ┇   cache_hits: 0
[02.12 02:08:05] ┇ INFO    ┇ torch._subclasses.fake_tensor ┇   cache_misses: 0
[02.12 02:08:08] ┇ INFO    ┇ torch._inductor.remote_cache ┇ Cache Metrics: None

[02.12 02:08:08] ┇ INFO    ┇ torch._dynamo.eval_frame ┇ TorchDynamo attempted to trace the following frames: [

]
[02.12 02:08:08] ┇ INFO    ┇      torch._dynamo.utils ┇ TorchDynamo compilation metrics:
Function    Runtimes (s)
----------  --------------
[02.12 02:08:08] ┇ INFO    ┇ torch._inductor.remote_cache ┇ Cache Metrics: None

[02.12 02:08:08] ┇ INFO    ┇ torch._dynamo.eval_frame ┇ TorchDynamo attempted to trace the following frames: [

]
[02.12 02:08:08] ┇ INFO    ┇      torch._dynamo.utils ┇ TorchDynamo compilation metrics:
Function    Runtimes (s)
----------  --------------
[02.12 02:08:08] ┇ INFO    ┇ torch._subclasses.fake_tensor ┇ FakeTensor cache stats:
[02.12 02:08:08] ┇ INFO    ┇ torch._subclasses.fake_tensor ┇   cache_hits: 0
[02.12 02:08:08] ┇ INFO    ┇ torch._subclasses.fake_tensor ┇   cache_misses: 0
[02.12 02:08:08] ┇ INFO    ┇ torch._subclasses.fake_tensor ┇ FakeTensor cache stats:
[02.12 02:08:08] ┇ INFO    ┇ torch._subclasses.fake_tensor ┇   cache_hits: 0
[02.12 02:08:08] ┇ INFO    ┇ torch._subclasses.fake_tensor ┇   cache_misses: 0
[02.12 02:08:08] ┇ INFO    ┇ torch._inductor.remote_cache ┇ Cache Metrics: None

[02.12 02:08:08] ┇ INFO    ┇ torch._dynamo.eval_frame ┇ TorchDynamo attempted to trace the following frames: [

]
[02.12 02:08:08] ┇ INFO    ┇      torch._dynamo.utils ┇ TorchDynamo compilation metrics:
Function    Runtimes (s)
----------  --------------
[02.12 02:08:08] ┇ INFO    ┇ torch._subclasses.fake_tensor ┇ FakeTensor cache stats:
[02.12 02:08:08] ┇ INFO    ┇ torch._subclasses.fake_tensor ┇   cache_hits: 0
[02.12 02:08:08] ┇ INFO    ┇ torch._subclasses.fake_tensor ┇   cache_misses: 0
