[02.11 23:34:11] ┇ INFO    ┇           chrisbase.data ┇ =========================================================================================================================================
[02.11 23:34:11] ┇ INFO    ┇           chrisbase.data ┇ [INIT] python task2-nerG-trainer.py --local_rank=0 --trainer_deepspeed configs/deepspeed/ds2_t5.json --run_version FlanT5-Base-WQ=1 --pretrained google/flan-t5-base --eval_epochs 0.5 --logging_steps 5 --num_train_epochs 12 --per_device_eval_batch_size 50 --per_device_train_batch_size 8 --gradient_accumulation_steps 1 --generation_max_length 640 --eval_file data/gner/each-sampled-WQ=1/crossner_ai-dev=100-WQ=1.jsonl --train_file data/gner/each-WQ=1/crossner_ai-train-WQ=1.jsonl --output_file train-metrics-crossner_ai-12ep.csv --logging_file train-loggings-crossner_ai-12ep.out --no_use_flash_attention --no_debugging
[02.11 23:34:11] ┇ INFO    ┇           chrisbase.data ┇ =========================================================================================================================================
[02.11 23:34:11] ┇ INFO    ┇           chrisbase.data ┇ -----------------------------------------------------------------------------------------------------------------------------------------
[02.11 23:34:11] ┇ INFO    ┇           chrisbase.data ┇   #	TrainingArgumentsForAccelerator              	value
[02.11 23:34:11] ┇ INFO    ┇           chrisbase.data ┇ -----------------------------------------------------------------------------------------------------------------------------------------
[02.11 23:34:11] ┇ INFO    ┇           chrisbase.data ┇   1	env.hostname                                 	ptlm3
[02.11 23:34:11] ┇ INFO    ┇           chrisbase.data ┇   2	env.hostaddr                                 	129.254.121.74
[02.11 23:34:11] ┇ INFO    ┇           chrisbase.data ┇   3	env.global_rank                              	-1
[02.11 23:34:11] ┇ INFO    ┇           chrisbase.data ┇   4	env.local_rank                               	0
[02.11 23:34:11] ┇ INFO    ┇           chrisbase.data ┇   5	env.node_rank                                	-1
[02.11 23:34:11] ┇ INFO    ┇           chrisbase.data ┇   6	env.world_size                               	4
[02.11 23:34:11] ┇ INFO    ┇           chrisbase.data ┇   7	env.time_stamp                               	0211-233408
[02.11 23:34:11] ┇ INFO    ┇           chrisbase.data ┇   8	env.python_path                              	/home/chrisjihee/miniforge3/envs/DeepKNLP/bin/python
[02.11 23:34:11] ┇ INFO    ┇           chrisbase.data ┇   9	env.current_dir                              	/home/chrisjihee/proj/DeepKNLP
[02.11 23:34:11] ┇ INFO    ┇           chrisbase.data ┇  10	env.current_file                             	task2-nerG-trainer.py
[02.11 23:34:11] ┇ INFO    ┇           chrisbase.data ┇  11	env.command_args                             	['--local_rank=0', '--trainer_deepspeed', 'configs/deepspeed/ds2_t5.json', '--run_version', 'FlanT5-Base-WQ=1', '--pretrained', 'google/flan-t5-base', '--eval_epochs', '0.5', '--logging_steps', '5', '--num_train_epochs', '12', '--per_device_eval_batch_size', '50', '--per_device_train_batch_size', '8', '--gradient_accumulation_steps', '1', '--generation_max_length', '640', '--eval_file', 'data/gner/each-sampled-WQ=1/crossner_ai-dev=100-WQ=1.jsonl', '--train_file', 'data/gner/each-WQ=1/crossner_ai-train-WQ=1.jsonl', '--output_file', 'train-metrics-crossner_ai-12ep.csv', '--logging_file', 'train-loggings-crossner_ai-12ep.out', '--no_use_flash_attention', '--no_debugging']
[02.11 23:34:11] ┇ INFO    ┇           chrisbase.data ┇  12	env.output_home                              	output
[02.11 23:34:11] ┇ INFO    ┇           chrisbase.data ┇  13	env.output_name                              	GNER
[02.11 23:34:11] ┇ INFO    ┇           chrisbase.data ┇  14	env.run_version                              	FlanT5-Base-WQ=1
[02.11 23:34:11] ┇ INFO    ┇           chrisbase.data ┇  15	env.output_file                              	train-metrics-crossner_ai-12ep-0211-233408.csv
[02.11 23:34:11] ┇ INFO    ┇           chrisbase.data ┇  16	env.logging_file                             	train-loggings-crossner_ai-12ep-0211-233408.out
[02.11 23:34:11] ┇ INFO    ┇           chrisbase.data ┇  17	env.logging_level                            	30
[02.11 23:34:11] ┇ INFO    ┇           chrisbase.data ┇  18	env.logging_format                           	%(asctime)s ┇ %(levelname)-7s ┇ %(name)24s ┇ %(message)s
[02.11 23:34:11] ┇ INFO    ┇           chrisbase.data ┇  19	env.datetime_format                          	[%m.%d %H:%M:%S]
[02.11 23:34:11] ┇ INFO    ┇           chrisbase.data ┇  20	env.argument_file                            	train-arguments-0211-233408.json
[02.11 23:34:11] ┇ INFO    ┇           chrisbase.data ┇  21	env.random_seed                              	7
[02.11 23:34:11] ┇ INFO    ┇           chrisbase.data ┇  22	env.max_workers                              	4
[02.11 23:34:11] ┇ INFO    ┇           chrisbase.data ┇  23	env.debugging                                	False
[02.11 23:34:11] ┇ INFO    ┇           chrisbase.data ┇  24	env.output_dir                               	output/GNER/FlanT5-Base-WQ=1
[02.11 23:34:11] ┇ INFO    ┇           chrisbase.data ┇  25	time.t1                                      	2025-02-11 23:34:11.787023
[02.11 23:34:11] ┇ INFO    ┇           chrisbase.data ┇  26	time.t2                                      	2025-02-11 23:34:05.207280
[02.11 23:34:11] ┇ INFO    ┇           chrisbase.data ┇  27	time.started                                 	[02.11 23:34:11]
[02.11 23:34:11] ┇ INFO    ┇           chrisbase.data ┇  28	time.settled
[02.11 23:34:11] ┇ INFO    ┇           chrisbase.data ┇  29	time.elapsed
[02.11 23:34:11] ┇ INFO    ┇           chrisbase.data ┇  30	data.train_file                              	data/gner/each-WQ=1/crossner_ai-train-WQ=1.jsonl
[02.11 23:34:11] ┇ INFO    ┇           chrisbase.data ┇  31	data.study_file
[02.11 23:34:11] ┇ INFO    ┇           chrisbase.data ┇  32	data.eval_file                               	data/gner/each-sampled-WQ=1/crossner_ai-dev=100-WQ=1.jsonl
[02.11 23:34:11] ┇ INFO    ┇           chrisbase.data ┇  33	data.pred_file
[02.11 23:34:11] ┇ INFO    ┇           chrisbase.data ┇  34	data.pretrained                              	google/flan-t5-base
[02.11 23:34:11] ┇ INFO    ┇           chrisbase.data ┇  35	data.max_train_samples                       	-1
[02.11 23:34:11] ┇ INFO    ┇           chrisbase.data ┇  36	data.max_study_samples                       	-1
[02.11 23:34:11] ┇ INFO    ┇           chrisbase.data ┇  37	data.max_eval_samples                        	-1
[02.11 23:34:11] ┇ INFO    ┇           chrisbase.data ┇  38	data.max_pred_samples                        	-1
[02.11 23:34:11] ┇ INFO    ┇           chrisbase.data ┇  39	data.use_cache_data                          	False
[02.11 23:34:11] ┇ INFO    ┇           chrisbase.data ┇  40	data.progress_seconds                        	10.0
[02.11 23:34:11] ┇ INFO    ┇           chrisbase.data ┇  41	data.max_source_length                       	640
[02.11 23:34:11] ┇ INFO    ┇           chrisbase.data ┇  42	data.max_target_length                       	640
[02.11 23:34:11] ┇ INFO    ┇           chrisbase.data ┇  43	data.write_predictions                       	False
[02.11 23:34:11] ┇ INFO    ┇           chrisbase.data ┇  44	data.ignore_pad_token_for_loss               	True
[02.11 23:34:11] ┇ INFO    ┇           chrisbase.data ┇  45	train._n_gpu                                 	1
[02.11 23:34:11] ┇ INFO    ┇           chrisbase.data ┇  46	train.accelerator_config                     	{'split_batches': False, 'dispatch_batches': None, 'even_batches': True, 'use_seedable_sampler': True, 'non_blocking': False, 'gradient_accumulation_kwargs': None, 'use_configured_state': False}
[02.11 23:34:11] ┇ INFO    ┇           chrisbase.data ┇  47	train.adafactor                              	False
[02.11 23:34:11] ┇ INFO    ┇           chrisbase.data ┇  48	train.adam_beta1                             	0.9
[02.11 23:34:11] ┇ INFO    ┇           chrisbase.data ┇  49	train.adam_beta2                             	0.999
[02.11 23:34:11] ┇ INFO    ┇           chrisbase.data ┇  50	train.adam_epsilon                           	1e-08
[02.11 23:34:11] ┇ INFO    ┇           chrisbase.data ┇  51	train.auto_find_batch_size                   	False
[02.11 23:34:11] ┇ INFO    ┇           chrisbase.data ┇  52	train.average_tokens_across_devices          	False
[02.11 23:34:11] ┇ INFO    ┇           chrisbase.data ┇  53	train.batch_eval_metrics                     	False
[02.11 23:34:11] ┇ INFO    ┇           chrisbase.data ┇  54	train.bf16                                   	True
[02.11 23:34:11] ┇ INFO    ┇           chrisbase.data ┇  55	train.bf16_full_eval                         	True
[02.11 23:34:11] ┇ INFO    ┇           chrisbase.data ┇  56	train.data_seed
[02.11 23:34:11] ┇ INFO    ┇           chrisbase.data ┇  57	train.dataloader_drop_last                   	False
[02.11 23:34:11] ┇ INFO    ┇           chrisbase.data ┇  58	train.dataloader_num_workers                 	0
[02.11 23:34:11] ┇ INFO    ┇           chrisbase.data ┇  59	train.dataloader_persistent_workers          	False
[02.11 23:34:11] ┇ INFO    ┇           chrisbase.data ┇  60	train.dataloader_pin_memory                  	True
[02.11 23:34:11] ┇ INFO    ┇           chrisbase.data ┇  61	train.dataloader_prefetch_factor
[02.11 23:34:11] ┇ INFO    ┇           chrisbase.data ┇  62	train.ddp_backend
[02.11 23:34:11] ┇ INFO    ┇           chrisbase.data ┇  63	train.ddp_broadcast_buffers
[02.11 23:34:11] ┇ INFO    ┇           chrisbase.data ┇  64	train.ddp_bucket_cap_mb
[02.11 23:34:11] ┇ INFO    ┇           chrisbase.data ┇  65	train.ddp_find_unused_parameters
[02.11 23:34:11] ┇ INFO    ┇           chrisbase.data ┇  66	train.ddp_timeout                            	1800
[02.11 23:34:11] ┇ INFO    ┇           chrisbase.data ┇  67	train.debug                                  	[]
[02.11 23:34:11] ┇ INFO    ┇           chrisbase.data ┇  68	train.deepspeed                              	configs/deepspeed/ds2_t5.json
[02.11 23:34:11] ┇ INFO    ┇           chrisbase.data ┇  69	train.disable_tqdm                           	True
[02.11 23:34:11] ┇ INFO    ┇           chrisbase.data ┇  70	train.dispatch_batches
[02.11 23:34:11] ┇ INFO    ┇           chrisbase.data ┇  71	train.do_eval                                	True
[02.11 23:34:11] ┇ INFO    ┇           chrisbase.data ┇  72	train.do_predict                             	False
[02.11 23:34:11] ┇ INFO    ┇           chrisbase.data ┇  73	train.do_train                               	True
[02.11 23:34:11] ┇ INFO    ┇           chrisbase.data ┇  74	train.eval_accumulation_steps                	1
[02.11 23:34:11] ┇ INFO    ┇           chrisbase.data ┇  75	train.eval_delay                             	0.0
[02.11 23:34:11] ┇ INFO    ┇           chrisbase.data ┇  76	train.eval_do_concat_batches                 	True
[02.11 23:34:11] ┇ INFO    ┇           chrisbase.data ┇  77	train.eval_epochs                            	0.5
[02.11 23:34:11] ┇ INFO    ┇           chrisbase.data ┇  78	train.eval_on_start                          	False
[02.11 23:34:11] ┇ INFO    ┇           chrisbase.data ┇  79	train.eval_steps                             	9223372036854775807
[02.11 23:34:11] ┇ INFO    ┇           chrisbase.data ┇  80	train.eval_strategy                          	IntervalStrategy.NO
[02.11 23:34:11] ┇ INFO    ┇           chrisbase.data ┇  81	train.eval_use_gather_object                 	False
[02.11 23:34:11] ┇ INFO    ┇           chrisbase.data ┇  82	train.evaluation_strategy
[02.11 23:34:11] ┇ INFO    ┇           chrisbase.data ┇  83	train.fp16                                   	False
[02.11 23:34:11] ┇ INFO    ┇           chrisbase.data ┇  84	train.fp16_backend                           	auto
[02.11 23:34:11] ┇ INFO    ┇           chrisbase.data ┇  85	train.fp16_full_eval                         	False
[02.11 23:34:11] ┇ INFO    ┇           chrisbase.data ┇  86	train.fp16_opt_level                         	O1
[02.11 23:34:11] ┇ INFO    ┇           chrisbase.data ┇  87	train.fsdp                                   	[]
[02.11 23:34:11] ┇ INFO    ┇           chrisbase.data ┇  88	train.fsdp_config                            	{'min_num_params': 0, 'xla': False, 'xla_fsdp_v2': False, 'xla_fsdp_grad_ckpt': False}
[02.11 23:34:11] ┇ INFO    ┇           chrisbase.data ┇  89	train.fsdp_min_num_params                    	0
[02.11 23:34:11] ┇ INFO    ┇           chrisbase.data ┇  90	train.fsdp_transformer_layer_cls_to_wrap
[02.11 23:34:11] ┇ INFO    ┇           chrisbase.data ┇  91	train.full_determinism                       	False
[02.11 23:34:11] ┇ INFO    ┇           chrisbase.data ┇  92	train.generation_config
[02.11 23:34:11] ┇ INFO    ┇           chrisbase.data ┇  93	train.generation_max_length                  	640
[02.11 23:34:11] ┇ INFO    ┇           chrisbase.data ┇  94	train.generation_num_beams
[02.11 23:34:11] ┇ INFO    ┇           chrisbase.data ┇  95	train.gradient_accumulation_steps            	1
[02.11 23:34:11] ┇ INFO    ┇           chrisbase.data ┇  96	train.gradient_checkpointing                 	True
[02.11 23:34:11] ┇ INFO    ┇           chrisbase.data ┇  97	train.gradient_checkpointing_kwargs
[02.11 23:34:11] ┇ INFO    ┇           chrisbase.data ┇  98	train.greater_is_better
[02.11 23:34:11] ┇ INFO    ┇           chrisbase.data ┇  99	train.group_by_length                        	False
[02.11 23:34:11] ┇ INFO    ┇           chrisbase.data ┇ 100	train.half_precision_backend                 	auto
[02.11 23:34:11] ┇ INFO    ┇           chrisbase.data ┇ 101	train.hub_always_push                        	False
[02.11 23:34:11] ┇ INFO    ┇           chrisbase.data ┇ 102	train.hub_model_id
[02.11 23:34:11] ┇ INFO    ┇           chrisbase.data ┇ 103	train.hub_private_repo
[02.11 23:34:11] ┇ INFO    ┇           chrisbase.data ┇ 104	train.hub_strategy                           	HubStrategy.EVERY_SAVE
[02.11 23:34:11] ┇ INFO    ┇           chrisbase.data ┇ 105	train.hub_token
[02.11 23:34:11] ┇ INFO    ┇           chrisbase.data ┇ 106	train.ignore_data_skip                       	False
[02.11 23:34:11] ┇ INFO    ┇           chrisbase.data ┇ 107	train.include_for_metrics                    	[]
[02.11 23:34:11] ┇ INFO    ┇           chrisbase.data ┇ 108	train.include_inputs_for_metrics             	False
[02.11 23:34:11] ┇ INFO    ┇           chrisbase.data ┇ 109	train.include_num_input_tokens_seen          	False
[02.11 23:34:11] ┇ INFO    ┇           chrisbase.data ┇ 110	train.include_tokens_per_second              	False
[02.11 23:34:11] ┇ INFO    ┇           chrisbase.data ┇ 111	train.jit_mode_eval                          	False
[02.11 23:34:11] ┇ INFO    ┇           chrisbase.data ┇ 112	train.label_names
[02.11 23:34:11] ┇ INFO    ┇           chrisbase.data ┇ 113	train.label_smoothing_factor                 	0.0
[02.11 23:34:11] ┇ INFO    ┇           chrisbase.data ┇ 114	train.learning_rate                          	2e-05
[02.11 23:34:11] ┇ INFO    ┇           chrisbase.data ┇ 115	train.length_column_name                     	length
[02.11 23:34:11] ┇ INFO    ┇           chrisbase.data ┇ 116	train.load_best_model_at_end                 	False
[02.11 23:34:11] ┇ INFO    ┇           chrisbase.data ┇ 117	train.local_rank                             	0
[02.11 23:34:11] ┇ INFO    ┇           chrisbase.data ┇ 118	train.log_level                              	warning
[02.11 23:34:11] ┇ INFO    ┇           chrisbase.data ┇ 119	train.log_level_replica                      	error
[02.11 23:34:11] ┇ INFO    ┇           chrisbase.data ┇ 120	train.log_on_each_node                       	True
[02.11 23:34:11] ┇ INFO    ┇           chrisbase.data ┇ 121	train.logging_dir                            	output/GNER/FlanT5-Base-WQ=1/runs/Feb11_23-34-10_ptlm3
[02.11 23:34:11] ┇ INFO    ┇           chrisbase.data ┇ 122	train.logging_epochs                         	-1.0
[02.11 23:34:11] ┇ INFO    ┇           chrisbase.data ┇ 123	train.logging_first_step                     	False
[02.11 23:34:11] ┇ INFO    ┇           chrisbase.data ┇ 124	train.logging_nan_inf_filter                 	True
[02.11 23:34:11] ┇ INFO    ┇           chrisbase.data ┇ 125	train.logging_steps                          	5
[02.11 23:34:11] ┇ INFO    ┇           chrisbase.data ┇ 126	train.logging_strategy                       	IntervalStrategy.STEPS
[02.11 23:34:11] ┇ INFO    ┇           chrisbase.data ┇ 127	train.lr_scheduler_kwargs                    	{}
[02.11 23:34:11] ┇ INFO    ┇           chrisbase.data ┇ 128	train.lr_scheduler_type                      	SchedulerType.COSINE
[02.11 23:34:11] ┇ INFO    ┇           chrisbase.data ┇ 129	train.max_grad_norm                          	1.0
[02.11 23:34:11] ┇ INFO    ┇           chrisbase.data ┇ 130	train.max_steps                              	-1
[02.11 23:34:11] ┇ INFO    ┇           chrisbase.data ┇ 131	train.metric_for_best_model
[02.11 23:34:11] ┇ INFO    ┇           chrisbase.data ┇ 132	train.mp_parameters
[02.11 23:34:11] ┇ INFO    ┇           chrisbase.data ┇ 133	train.neftune_noise_alpha
[02.11 23:34:11] ┇ INFO    ┇           chrisbase.data ┇ 134	train.no_cuda                                	False
[02.11 23:34:11] ┇ INFO    ┇           chrisbase.data ┇ 135	train.num_train_epochs                       	12.0
[02.11 23:34:11] ┇ INFO    ┇           chrisbase.data ┇ 136	train.optim                                  	OptimizerNames.ADAMW_TORCH
[02.11 23:34:11] ┇ INFO    ┇           chrisbase.data ┇ 137	train.optim_args
[02.11 23:34:11] ┇ INFO    ┇           chrisbase.data ┇ 138	train.optim_target_modules
[02.11 23:34:11] ┇ INFO    ┇           chrisbase.data ┇ 139	train.output_dir                             	output/GNER/FlanT5-Base-WQ=1
[02.11 23:34:11] ┇ INFO    ┇           chrisbase.data ┇ 140	train.overwrite_output_dir                   	True
[02.11 23:34:11] ┇ INFO    ┇           chrisbase.data ┇ 141	train.past_index                             	-1
[02.11 23:34:11] ┇ INFO    ┇           chrisbase.data ┇ 142	train.per_device_eval_batch_size             	50
[02.11 23:34:11] ┇ INFO    ┇           chrisbase.data ┇ 143	train.per_device_train_batch_size            	8
[02.11 23:34:11] ┇ INFO    ┇           chrisbase.data ┇ 144	train.per_gpu_eval_batch_size
[02.11 23:34:11] ┇ INFO    ┇           chrisbase.data ┇ 145	train.per_gpu_train_batch_size
[02.11 23:34:11] ┇ INFO    ┇           chrisbase.data ┇ 146	train.predict_with_generate                  	True
[02.11 23:34:11] ┇ INFO    ┇           chrisbase.data ┇ 147	train.prediction_loss_only                   	False
[02.11 23:34:11] ┇ INFO    ┇           chrisbase.data ┇ 148	train.push_to_hub                            	False
[02.11 23:34:11] ┇ INFO    ┇           chrisbase.data ┇ 149	train.push_to_hub_model_id
[02.11 23:34:11] ┇ INFO    ┇           chrisbase.data ┇ 150	train.push_to_hub_organization
[02.11 23:34:11] ┇ INFO    ┇           chrisbase.data ┇ 151	train.push_to_hub_token
[02.11 23:34:11] ┇ INFO    ┇           chrisbase.data ┇ 152	train.ray_scope                              	last
[02.11 23:34:11] ┇ INFO    ┇           chrisbase.data ┇ 153	train.remove_unused_columns                  	False
[02.11 23:34:11] ┇ INFO    ┇           chrisbase.data ┇ 154	train.report_to                              	[]
[02.11 23:34:11] ┇ INFO    ┇           chrisbase.data ┇ 155	train.restore_callback_states_from_checkpoint	False
[02.11 23:34:11] ┇ INFO    ┇           chrisbase.data ┇ 156	train.resume_from_checkpoint
[02.11 23:34:11] ┇ INFO    ┇           chrisbase.data ┇ 157	train.run_name                               	output/GNER/FlanT5-Base-WQ=1
[02.11 23:34:11] ┇ INFO    ┇           chrisbase.data ┇ 158	train.save_epochs                            	-1.0
[02.11 23:34:11] ┇ INFO    ┇           chrisbase.data ┇ 159	train.save_on_each_node                      	False
[02.11 23:34:11] ┇ INFO    ┇           chrisbase.data ┇ 160	train.save_only_model                        	False
[02.11 23:34:11] ┇ INFO    ┇           chrisbase.data ┇ 161	train.save_safetensors                       	True
[02.11 23:34:11] ┇ INFO    ┇           chrisbase.data ┇ 162	train.save_steps                             	9223372036854775807
[02.11 23:34:11] ┇ INFO    ┇           chrisbase.data ┇ 163	train.save_strategy                          	SaveStrategy.NO
[02.11 23:34:11] ┇ INFO    ┇           chrisbase.data ┇ 164	train.save_total_limit
[02.11 23:34:11] ┇ INFO    ┇           chrisbase.data ┇ 165	train.seed                                   	7
[02.11 23:34:11] ┇ INFO    ┇           chrisbase.data ┇ 166	train.skip_memory_metrics                    	True
[02.11 23:34:11] ┇ INFO    ┇           chrisbase.data ┇ 167	train.sortish_sampler                        	False
[02.11 23:34:11] ┇ INFO    ┇           chrisbase.data ┇ 168	train.split_batches
[02.11 23:34:11] ┇ INFO    ┇           chrisbase.data ┇ 169	train.tf32                                   	True
[02.11 23:34:11] ┇ INFO    ┇           chrisbase.data ┇ 170	train.torch_compile                          	False
[02.11 23:34:11] ┇ INFO    ┇           chrisbase.data ┇ 171	train.torch_compile_backend
[02.11 23:34:11] ┇ INFO    ┇           chrisbase.data ┇ 172	train.torch_compile_mode
[02.11 23:34:11] ┇ INFO    ┇           chrisbase.data ┇ 173	train.torch_empty_cache_steps
[02.11 23:34:11] ┇ INFO    ┇           chrisbase.data ┇ 174	train.torchdynamo
[02.11 23:34:11] ┇ INFO    ┇           chrisbase.data ┇ 175	train.tpu_metrics_debug                      	False
[02.11 23:34:11] ┇ INFO    ┇           chrisbase.data ┇ 176	train.tpu_num_cores
[02.11 23:34:11] ┇ INFO    ┇           chrisbase.data ┇ 177	train.use_cpu                                	False
[02.11 23:34:11] ┇ INFO    ┇           chrisbase.data ┇ 178	train.use_flash_attention                    	False
[02.11 23:34:11] ┇ INFO    ┇           chrisbase.data ┇ 179	train.use_ipex                               	False
[02.11 23:34:11] ┇ INFO    ┇           chrisbase.data ┇ 180	train.use_legacy_prediction_loop             	False
[02.11 23:34:11] ┇ INFO    ┇           chrisbase.data ┇ 181	train.use_liger_kernel                       	False
[02.11 23:34:11] ┇ INFO    ┇           chrisbase.data ┇ 182	train.use_mps_device                         	False
[02.11 23:34:11] ┇ INFO    ┇           chrisbase.data ┇ 183	train.warmup_ratio                           	0.04
[02.11 23:34:11] ┇ INFO    ┇           chrisbase.data ┇ 184	train.warmup_steps                           	0
[02.11 23:34:11] ┇ INFO    ┇           chrisbase.data ┇ 185	train.weight_decay                           	0.0
[02.11 23:34:11] ┇ INFO    ┇           chrisbase.data ┇ -----------------------------------------------------------------------------------------------------------------------------------------
[02.11 23:34:13] ┇ INFO    ┇                 DeepKNLP ┇ model type: <class 'transformers.models.t5.modeling_t5.T5ForConditionalGeneration'>
[02.11 23:34:13] ┇ INFO    ┇                 DeepKNLP ┇ model pad_token_id: 0
[02.11 23:34:13] ┇ INFO    ┇                 DeepKNLP ┇ Loaded raw train_dataset (#=3782): data/gner/each-WQ=1/crossner_ai-train-WQ=1.jsonl
[02.11 23:34:13] ┇ INFO    ┇                 DeepKNLP ┇ Preprocess train_dataset:   0%|                    |    4/3782 [0:00:00<0:03:31, 17.90Hz]
[02.11 23:34:14] ┇ INFO    ┇                 DeepKNLP ┇ Preprocess train_dataset: 100%|████████████████████| 3782/3782 [0:00:01<0:00:00, 5044.56Hz]
[02.11 23:34:15] ┇ INFO    ┇                 DeepKNLP ┇ Completed preprocessing for train_dataset by google/flan-t5-base at [02.11 23:34:14]
[02.11 23:34:15] ┇ INFO    ┇                 DeepKNLP ┇ Loaded raw eval_dataset (#=3242): data/gner/each-sampled-WQ=1/crossner_ai-dev=100-WQ=1.jsonl
[02.11 23:34:15] ┇ INFO    ┇                 DeepKNLP ┇ Preprocess eval_dataset:   0%|                    |    4/3242 [0:00:00<0:03:18, 16.35Hz]
[02.11 23:34:15] ┇ INFO    ┇                 DeepKNLP ┇ Preprocess eval_dataset: 100%|████████████████████| 3242/3242 [0:00:00<0:00:00, 5742.23Hz]
[02.11 23:34:16] ┇ INFO    ┇                 DeepKNLP ┇ Completed preprocessing for eval_dataset by google/flan-t5-base at [02.11 23:34:16]
[02.11 23:34:20] ┇ INFO    ┇ torch.distributed.distributed_c10d ┇ Using backend config: {'cuda': 'nccl'}
[02.11 23:34:20] ┇ INFO    ┇ torch.distributed.distributed_c10d ┇ Using backend config: {'cuda': 'nccl'}
[02.11 23:34:20] ┇ INFO    ┇ torch.distributed.distributed_c10d ┇ Using backend config: {'cuda': 'nccl'}
[02.11 23:34:20] ┇ INFO    ┇ torch.distributed.distributed_c10d ┇ Using backend config: {'cuda': 'nccl'}
[02.11 23:34:24] ┇ WARNING ┇                DeepSpeed ┇ Attempting to get learning rate from scheduler before it has started
[02.11 23:34:24] ┇ INFO    ┇    DeepKNLP.gner.trainer ┇ -----------------------------------------------------------------------------------------------------------------------------------------
[02.11 23:34:24] ┇ INFO    ┇    DeepKNLP.gner.trainer ┇ ***** Beginning Training *****
[02.11 23:34:24] ┇ INFO    ┇    DeepKNLP.gner.trainer ┇ >> Train Epochs       = 12.0
[02.11 23:34:24] ┇ INFO    ┇    DeepKNLP.gner.trainer ┇ >> Train Examples     = 3,782
[02.11 23:34:24] ┇ INFO    ┇    DeepKNLP.gner.trainer ┇ >> Train Batch Size   = 32 = 8 * 1 * 4
[02.11 23:34:24] ┇ INFO    ┇    DeepKNLP.gner.trainer ┇ >> Train Optim Steps  = 1,428 = 119 * 12.0
[02.11 23:34:24] ┇ INFO    ┇    DeepKNLP.gner.trainer ┇ >> Train Model Params = 247,577,856
[02.11 23:34:24] ┇ INFO    ┇    DeepKNLP.gner.trainer ┇ >> Trainer Callbacks  = DefaultFlowCallback, CustomProgressCallback
[02.11 23:34:24] ┇ INFO    ┇    DeepKNLP.gner.trainer ┇ >> Zero Optim Stage   = 2
[02.11 23:34:24] ┇ INFO    ┇    DeepKNLP.gner.trainer ┇ >> Eval Examples      = 3,242
[02.11 23:34:24] ┇ INFO    ┇    DeepKNLP.gner.trainer ┇ >> Eval Batch Size    = 200 = 50 * 4
[02.11 23:34:26] ┇ INFO    ┇    DeepKNLP.gner.trainer ┇ [training]   0%|                    |    5/1428 [0:00:01<0:09:20, 2.54Hz] | epoch=0.04, loss=3.292600
[02.11 23:34:28] ┇ INFO    ┇    DeepKNLP.gner.trainer ┇ [training]   1%|▏                   |   10/1428 [0:00:03<0:08:38, 2.74Hz] | epoch=0.08, loss=3.246100
[02.11 23:34:29] ┇ INFO    ┇    DeepKNLP.gner.trainer ┇ [training]   1%|▏                   |   15/1428 [0:00:05<0:07:56, 2.97Hz] | epoch=0.13, loss=2.242800
[02.11 23:34:30] ┇ INFO    ┇    DeepKNLP.gner.trainer ┇ [training]   1%|▎                   |   20/1428 [0:00:06<0:07:16, 3.23Hz] | epoch=0.17, loss=1.902200
[02.11 23:34:31] ┇ INFO    ┇    DeepKNLP.gner.trainer ┇ [training]   2%|▎                   |   25/1428 [0:00:07<0:06:52, 3.41Hz] | epoch=0.21, loss=1.457000
[02.11 23:34:33] ┇ INFO    ┇    DeepKNLP.gner.trainer ┇ [training]   2%|▍                   |   30/1428 [0:00:08<0:06:34, 3.54Hz] | epoch=0.25, loss=1.427700
[02.11 23:34:34] ┇ INFO    ┇    DeepKNLP.gner.trainer ┇ [training]   2%|▍                   |   35/1428 [0:00:09<0:06:24, 3.62Hz] | epoch=0.29, loss=1.146900
[02.11 23:34:35] ┇ INFO    ┇    DeepKNLP.gner.trainer ┇ [training]   3%|▌                   |   40/1428 [0:00:10<0:06:14, 3.71Hz] | epoch=0.34, loss=1.042700
[02.11 23:34:36] ┇ INFO    ┇    DeepKNLP.gner.trainer ┇ [training]   3%|▋                   |   45/1428 [0:00:11<0:06:06, 3.78Hz] | epoch=0.38, loss=0.929700
[02.11 23:34:37] ┇ INFO    ┇    DeepKNLP.gner.trainer ┇ [training]   4%|▋                   |   50/1428 [0:00:13<0:05:59, 3.83Hz] | epoch=0.42, loss=0.675200
[02.11 23:34:38] ┇ INFO    ┇    DeepKNLP.gner.trainer ┇ [training]   4%|▊                   |   55/1428 [0:00:14<0:05:53, 3.88Hz] | epoch=0.46, loss=0.683000
[02.11 23:34:39] ┇ INFO    ┇    DeepKNLP.gner.trainer ┇ [training]   4%|▊                   |   60/1428 [0:00:15<0:05:48, 3.92Hz] | epoch=0.50, loss=0.770000
[02.11 23:34:40] ┇ INFO    ┇    DeepKNLP.gner.trainer ┇ [checking]   6%|█▏                  |  1/17 [0:00:00<0:00:00, 88323.84Hz]
[02.11 23:34:43] ┇ INFO    ┇    DeepKNLP.gner.trainer ┇ [checking] 100%|████████████████████| 17/17 [0:00:02<0:00:00, 8.17Hz]
[02.11 23:34:43] ┇ INFO    ┇    DeepKNLP.gner.trainer ┇ [training]   4%|▊                   |   60/1428 [0:00:15<0:05:48, 3.92Hz] | epoch=0.50, eval_average=0.0000
[02.11 23:34:44] ┇ INFO    ┇    DeepKNLP.gner.trainer ┇ [training]   5%|▉                   |   65/1428 [0:00:20<0:07:02, 3.22Hz] | epoch=0.55, loss=0.708800
[02.11 23:34:45] ┇ INFO    ┇    DeepKNLP.gner.trainer ┇ [training]   5%|▉                   |   70/1428 [0:00:21<0:06:53, 3.28Hz] | epoch=0.59, loss=0.692300
[02.11 23:34:47] ┇ INFO    ┇    DeepKNLP.gner.trainer ┇ [training]   5%|█                   |   75/1428 [0:00:22<0:06:45, 3.34Hz] | epoch=0.63, loss=0.631400
[02.11 23:34:48] ┇ INFO    ┇    DeepKNLP.gner.trainer ┇ [training]   6%|█                   |   80/1428 [0:00:23<0:06:37, 3.39Hz] | epoch=0.67, loss=0.613400
[02.11 23:34:49] ┇ INFO    ┇    DeepKNLP.gner.trainer ┇ [training]   6%|█▏                  |   85/1428 [0:00:24<0:06:30, 3.44Hz] | epoch=0.71, loss=0.542200
[02.11 23:34:50] ┇ INFO    ┇    DeepKNLP.gner.trainer ┇ [training]   6%|█▎                  |   90/1428 [0:00:25<0:06:24, 3.48Hz] | epoch=0.76, loss=0.595900
[02.11 23:34:51] ┇ INFO    ┇    DeepKNLP.gner.trainer ┇ [training]   7%|█▎                  |   95/1428 [0:00:27<0:06:18, 3.52Hz] | epoch=0.80, loss=0.651300
[02.11 23:34:52] ┇ INFO    ┇    DeepKNLP.gner.trainer ┇ [training]   7%|█▍                  |  100/1428 [0:00:28<0:06:13, 3.55Hz] | epoch=0.84, loss=0.588500
[02.11 23:34:53] ┇ INFO    ┇    DeepKNLP.gner.trainer ┇ [training]   7%|█▍                  |  105/1428 [0:00:29<0:06:08, 3.59Hz] | epoch=0.88, loss=0.550600
[02.11 23:34:55] ┇ INFO    ┇    DeepKNLP.gner.trainer ┇ [training]   8%|█▌                  |  110/1428 [0:00:30<0:06:04, 3.62Hz] | epoch=0.92, loss=0.541100
[02.11 23:34:56] ┇ INFO    ┇    DeepKNLP.gner.trainer ┇ [training]   8%|█▌                  |  115/1428 [0:00:31<0:05:59, 3.65Hz] | epoch=0.97, loss=0.508200
[02.11 23:34:57] ┇ INFO    ┇    DeepKNLP.gner.trainer ┇ [checking]   6%|█▏                  |  1/17 [0:00:00<0:00:00, 83312.49Hz]
[02.11 23:35:02] ┇ INFO    ┇    DeepKNLP.gner.trainer ┇ [checking] 100%|████████████████████| 17/17 [0:00:03<0:00:00, 4.58Hz]
[02.11 23:35:02] ┇ INFO    ┇    DeepKNLP.gner.trainer ┇ [training]   8%|█▋                  |  119/1428 [0:00:37<0:06:55, 3.15Hz] | epoch=1.00, eval_average=0.1156
[02.11 23:35:02] ┇ INFO    ┇    DeepKNLP.gner.trainer ┇ [training]   8%|█▋                  |  120/1428 [0:00:38<0:06:54, 3.16Hz] | epoch=1.01, loss=0.456900
[02.11 23:35:03] ┇ INFO    ┇    DeepKNLP.gner.trainer ┇ [training]   9%|█▊                  |  125/1428 [0:00:39<0:06:48, 3.19Hz] | epoch=1.05, loss=0.551900
[02.11 23:35:04] ┇ INFO    ┇    DeepKNLP.gner.trainer ┇ [training]   9%|█▊                  |  130/1428 [0:00:40<0:06:42, 3.23Hz] | epoch=1.09, loss=0.430800
[02.11 23:35:06] ┇ INFO    ┇    DeepKNLP.gner.trainer ┇ [training]   9%|█▉                  |  135/1428 [0:00:41<0:06:36, 3.26Hz] | epoch=1.13, loss=0.418300
[02.11 23:35:07] ┇ INFO    ┇    DeepKNLP.gner.trainer ┇ [training]  10%|█▉                  |  140/1428 [0:00:42<0:06:31, 3.29Hz] | epoch=1.18, loss=0.469400
[02.11 23:35:08] ┇ INFO    ┇    DeepKNLP.gner.trainer ┇ [training]  10%|██                  |  145/1428 [0:00:43<0:06:26, 3.32Hz] | epoch=1.22, loss=0.416500
[02.11 23:35:09] ┇ INFO    ┇    DeepKNLP.gner.trainer ┇ [training]  11%|██                  |  150/1428 [0:00:44<0:06:21, 3.35Hz] | epoch=1.26, loss=0.343300
[02.11 23:35:10] ┇ INFO    ┇    DeepKNLP.gner.trainer ┇ [training]  11%|██▏                 |  155/1428 [0:00:45<0:06:17, 3.37Hz] | epoch=1.30, loss=0.422900
[02.11 23:35:11] ┇ INFO    ┇    DeepKNLP.gner.trainer ┇ [training]  11%|██▏                 |  160/1428 [0:00:47<0:06:13, 3.40Hz] | epoch=1.34, loss=0.312800
[02.11 23:35:12] ┇ INFO    ┇    DeepKNLP.gner.trainer ┇ [training]  12%|██▎                 |  165/1428 [0:00:48<0:06:09, 3.42Hz] | epoch=1.39, loss=0.395500
[02.11 23:35:13] ┇ INFO    ┇    DeepKNLP.gner.trainer ┇ [training]  12%|██▍                 |  170/1428 [0:00:49<0:06:05, 3.44Hz] | epoch=1.43, loss=0.501900
[02.11 23:35:15] ┇ INFO    ┇    DeepKNLP.gner.trainer ┇ [training]  12%|██▍                 |  175/1428 [0:00:50<0:06:01, 3.47Hz] | epoch=1.47, loss=0.436100
[02.11 23:35:15] ┇ INFO    ┇    DeepKNLP.gner.trainer ┇ [checking]   6%|█▏                  |  1/17 [0:00:00<0:00:00, 90983.50Hz]
[02.11 23:35:20] ┇ INFO    ┇    DeepKNLP.gner.trainer ┇ [checking] 100%|████████████████████| 17/17 [0:00:03<0:00:00, 5.19Hz]
[02.11 23:35:20] ┇ INFO    ┇    DeepKNLP.gner.trainer ┇ [training]  12%|██▍                 |  178/1428 [0:00:56<0:06:33, 3.17Hz] | epoch=1.50, eval_average=0.2678
[02.11 23:35:21] ┇ INFO    ┇    DeepKNLP.gner.trainer ┇ [training]  13%|██▌                 |  180/1428 [0:00:56<0:06:31, 3.18Hz] | epoch=1.51, loss=0.483300
[02.11 23:35:22] ┇ INFO    ┇    DeepKNLP.gner.trainer ┇ [training]  13%|██▌                 |  185/1428 [0:00:57<0:06:27, 3.21Hz] | epoch=1.55, loss=0.394400
[02.11 23:35:23] ┇ INFO    ┇    DeepKNLP.gner.trainer ┇ [training]  13%|██▋                 |  190/1428 [0:00:58<0:06:23, 3.23Hz] | epoch=1.60, loss=0.313800
[02.11 23:35:24] ┇ INFO    ┇    DeepKNLP.gner.trainer ┇ [training]  14%|██▋                 |  195/1428 [0:00:59<0:06:18, 3.25Hz] | epoch=1.64, loss=0.339500
[02.11 23:35:25] ┇ INFO    ┇    DeepKNLP.gner.trainer ┇ [training]  14%|██▊                 |  200/1428 [0:01:01<0:06:14, 3.28Hz] | epoch=1.68, loss=0.336600
[02.11 23:35:26] ┇ INFO    ┇    DeepKNLP.gner.trainer ┇ [training]  14%|██▊                 |  205/1428 [0:01:02<0:06:11, 3.30Hz] | epoch=1.72, loss=0.357000
[02.11 23:35:27] ┇ INFO    ┇    DeepKNLP.gner.trainer ┇ [training]  15%|██▉                 |  210/1428 [0:01:03<0:06:07, 3.32Hz] | epoch=1.76, loss=0.375000
[02.11 23:35:29] ┇ INFO    ┇    DeepKNLP.gner.trainer ┇ [training]  15%|███                 |  215/1428 [0:01:04<0:06:03, 3.34Hz] | epoch=1.81, loss=0.321800
[02.11 23:35:30] ┇ INFO    ┇    DeepKNLP.gner.trainer ┇ [training]  15%|███                 |  220/1428 [0:01:05<0:05:59, 3.36Hz] | epoch=1.85, loss=0.351000
[02.11 23:35:31] ┇ INFO    ┇    DeepKNLP.gner.trainer ┇ [training]  16%|███▏                |  225/1428 [0:01:06<0:05:56, 3.37Hz] | epoch=1.89, loss=0.325500
[02.11 23:35:32] ┇ INFO    ┇    DeepKNLP.gner.trainer ┇ [training]  16%|███▏                |  230/1428 [0:01:07<0:05:53, 3.39Hz] | epoch=1.93, loss=0.370100
[02.11 23:35:33] ┇ INFO    ┇    DeepKNLP.gner.trainer ┇ [training]  16%|███▎                |  235/1428 [0:01:08<0:05:50, 3.41Hz] | epoch=1.98, loss=0.363000
[02.11 23:35:34] ┇ INFO    ┇    DeepKNLP.gner.trainer ┇ [checking]   6%|█▏                  |  1/17 [0:00:00<0:00:00, 108131.10Hz]
[02.11 23:35:39] ┇ INFO    ┇    DeepKNLP.gner.trainer ┇ [checking] 100%|████████████████████| 17/17 [0:00:03<0:00:00, 5.08Hz]
[02.11 23:35:39] ┇ INFO    ┇    DeepKNLP.gner.trainer ┇ [training]  17%|███▎                |  238/1428 [0:01:14<0:06:13, 3.19Hz] | epoch=2.00, eval_average=0.2447
[02.11 23:35:39] ┇ INFO    ┇    DeepKNLP.gner.trainer ┇ [training]  17%|███▎                |  240/1428 [0:01:15<0:06:11, 3.20Hz] | epoch=2.02, loss=0.328200
[02.11 23:35:40] ┇ INFO    ┇    DeepKNLP.gner.trainer ┇ [training]  17%|███▍                |  245/1428 [0:01:16<0:06:08, 3.21Hz] | epoch=2.06, loss=0.353300
[02.11 23:35:41] ┇ INFO    ┇    DeepKNLP.gner.trainer ┇ [training]  18%|███▌                |  250/1428 [0:01:17<0:06:04, 3.23Hz] | epoch=2.10, loss=0.363300
[02.11 23:35:43] ┇ INFO    ┇    DeepKNLP.gner.trainer ┇ [training]  18%|███▌                |  255/1428 [0:01:18<0:06:01, 3.25Hz] | epoch=2.14, loss=0.348200
[02.11 23:35:44] ┇ INFO    ┇    DeepKNLP.gner.trainer ┇ [training]  18%|███▋                |  260/1428 [0:01:19<0:05:57, 3.27Hz] | epoch=2.19, loss=0.341600
[02.11 23:35:45] ┇ INFO    ┇    DeepKNLP.gner.trainer ┇ [training]  19%|███▋                |  265/1428 [0:01:20<0:05:54, 3.28Hz] | epoch=2.23, loss=0.309500
[02.11 23:35:46] ┇ INFO    ┇    DeepKNLP.gner.trainer ┇ [training]  19%|███▊                |  270/1428 [0:01:21<0:05:51, 3.30Hz] | epoch=2.27, loss=0.252300
[02.11 23:35:47] ┇ INFO    ┇    DeepKNLP.gner.trainer ┇ [training]  19%|███▊                |  275/1428 [0:01:23<0:05:48, 3.31Hz] | epoch=2.31, loss=0.326400
[02.11 23:35:48] ┇ INFO    ┇    DeepKNLP.gner.trainer ┇ [training]  20%|███▉                |  280/1428 [0:01:24<0:05:45, 3.33Hz] | epoch=2.35, loss=0.276900
[02.11 23:35:49] ┇ INFO    ┇    DeepKNLP.gner.trainer ┇ [training]  20%|███▉                |  285/1428 [0:01:25<0:05:42, 3.34Hz] | epoch=2.40, loss=0.308400
[02.11 23:35:51] ┇ INFO    ┇    DeepKNLP.gner.trainer ┇ [training]  20%|████                |  290/1428 [0:01:26<0:05:39, 3.36Hz] | epoch=2.44, loss=0.243400
[02.11 23:35:52] ┇ INFO    ┇    DeepKNLP.gner.trainer ┇ [training]  21%|████▏               |  295/1428 [0:01:27<0:05:36, 3.37Hz] | epoch=2.48, loss=0.320600
[02.11 23:35:53] ┇ INFO    ┇    DeepKNLP.gner.trainer ┇ [checking]   6%|█▏                  |  1/17 [0:00:00<0:00:00, 106292.65Hz]
[02.11 23:35:57] ┇ INFO    ┇    DeepKNLP.gner.trainer ┇ [checking] 100%|████████████████████| 17/17 [0:00:03<0:00:00, 5.07Hz]
[02.11 23:35:57] ┇ INFO    ┇    DeepKNLP.gner.trainer ┇ [training]  21%|████▏               |  298/1428 [0:01:33<0:05:53, 3.20Hz] | epoch=2.50, eval_average=0.3529
[02.11 23:35:58] ┇ INFO    ┇    DeepKNLP.gner.trainer ┇ [training]  21%|████▏               |  300/1428 [0:01:33<0:05:50, 3.22Hz] | epoch=2.52, loss=0.310800
[02.11 23:35:59] ┇ INFO    ┇    DeepKNLP.gner.trainer ┇ [training]  21%|████▎               |  305/1428 [0:01:34<0:05:47, 3.23Hz] | epoch=2.56, loss=0.297000
[02.11 23:36:00] ┇ INFO    ┇    DeepKNLP.gner.trainer ┇ [training]  22%|████▎               |  310/1428 [0:01:35<0:05:44, 3.24Hz] | epoch=2.60, loss=0.318300
[02.11 23:36:01] ┇ INFO    ┇    DeepKNLP.gner.trainer ┇ [training]  22%|████▍               |  315/1428 [0:01:37<0:05:43, 3.24Hz] | epoch=2.65, loss=0.259700
[02.11 23:36:02] ┇ INFO    ┇    DeepKNLP.gner.trainer ┇ [training]  22%|████▍               |  320/1428 [0:01:38<0:05:41, 3.25Hz] | epoch=2.69, loss=0.219400
[02.11 23:36:03] ┇ INFO    ┇    DeepKNLP.gner.trainer ┇ [training]  23%|████▌               |  325/1428 [0:01:39<0:05:39, 3.25Hz] | epoch=2.73, loss=0.299000
[02.11 23:36:05] ┇ INFO    ┇    DeepKNLP.gner.trainer ┇ [training]  23%|████▌               |  330/1428 [0:01:40<0:05:38, 3.25Hz] | epoch=2.77, loss=0.279300
[02.11 23:36:06] ┇ INFO    ┇    DeepKNLP.gner.trainer ┇ [training]  23%|████▋               |  335/1428 [0:01:41<0:05:36, 3.25Hz] | epoch=2.81, loss=0.334500
[02.11 23:36:07] ┇ INFO    ┇    DeepKNLP.gner.trainer ┇ [training]  24%|████▊               |  340/1428 [0:01:42<0:05:35, 3.24Hz] | epoch=2.86, loss=0.269900
[02.11 23:36:08] ┇ INFO    ┇    DeepKNLP.gner.trainer ┇ [training]  24%|████▊               |  345/1428 [0:01:43<0:05:33, 3.24Hz] | epoch=2.90, loss=0.310600
[02.11 23:36:09] ┇ INFO    ┇    DeepKNLP.gner.trainer ┇ [training]  25%|████▉               |  350/1428 [0:01:45<0:05:32, 3.24Hz] | epoch=2.94, loss=0.366700
[02.11 23:36:10] ┇ INFO    ┇    DeepKNLP.gner.trainer ┇ [training]  25%|████▉               |  355/1428 [0:01:46<0:05:30, 3.24Hz] | epoch=2.98, loss=0.305400
[02.11 23:36:11] ┇ INFO    ┇    DeepKNLP.gner.trainer ┇ [checking]   6%|█▏                  |  1/17 [0:00:00<0:00:00, 103755.70Hz]
[02.11 23:36:16] ┇ INFO    ┇    DeepKNLP.gner.trainer ┇ [checking] 100%|████████████████████| 17/17 [0:00:03<0:00:00, 5.05Hz]
[02.11 23:36:16] ┇ INFO    ┇    DeepKNLP.gner.trainer ┇ [training]  25%|█████               |  357/1428 [0:01:51<0:05:36, 3.18Hz] | epoch=3.00, eval_average=0.2963
[02.11 23:36:17] ┇ INFO    ┇    DeepKNLP.gner.trainer ┇ [training]  25%|█████               |  360/1428 [0:01:52<0:05:36, 3.17Hz] | epoch=3.02, loss=0.266500
[02.11 23:36:18] ┇ INFO    ┇    DeepKNLP.gner.trainer ┇ [training]  26%|█████               |  365/1428 [0:01:53<0:05:34, 3.17Hz] | epoch=3.07, loss=0.288500
[02.11 23:36:19] ┇ INFO    ┇    DeepKNLP.gner.trainer ┇ [training]  26%|█████▏              |  370/1428 [0:01:54<0:05:33, 3.17Hz] | epoch=3.11, loss=0.296400
[02.11 23:36:20] ┇ INFO    ┇    DeepKNLP.gner.trainer ┇ [training]  26%|█████▎              |  375/1428 [0:01:56<0:05:31, 3.17Hz] | epoch=3.15, loss=0.264900
[02.11 23:36:21] ┇ INFO    ┇    DeepKNLP.gner.trainer ┇ [training]  27%|█████▎              |  380/1428 [0:01:57<0:05:30, 3.17Hz] | epoch=3.19, loss=0.212700
[02.11 23:36:23] ┇ INFO    ┇    DeepKNLP.gner.trainer ┇ [training]  27%|█████▍              |  385/1428 [0:01:58<0:05:28, 3.17Hz] | epoch=3.23, loss=0.301800
[02.11 23:36:24] ┇ INFO    ┇    DeepKNLP.gner.trainer ┇ [training]  27%|█████▍              |  390/1428 [0:01:59<0:05:27, 3.17Hz] | epoch=3.28, loss=0.291600
[02.11 23:36:25] ┇ INFO    ┇    DeepKNLP.gner.trainer ┇ [training]  28%|█████▌              |  395/1428 [0:02:00<0:05:25, 3.17Hz] | epoch=3.32, loss=0.175000
[02.11 23:36:26] ┇ INFO    ┇    DeepKNLP.gner.trainer ┇ [training]  28%|█████▌              |  400/1428 [0:02:01<0:05:24, 3.17Hz] | epoch=3.36, loss=0.317800
[02.11 23:36:27] ┇ INFO    ┇    DeepKNLP.gner.trainer ┇ [training]  28%|█████▋              |  405/1428 [0:02:02<0:05:22, 3.17Hz] | epoch=3.40, loss=0.301500
[02.11 23:36:28] ┇ INFO    ┇    DeepKNLP.gner.trainer ┇ [training]  29%|█████▋              |  410/1428 [0:02:04<0:05:01, 3.37Hz] | epoch=3.44, loss=0.291600
[02.11 23:36:29] ┇ INFO    ┇    DeepKNLP.gner.trainer ┇ [training]  29%|█████▊              |  415/1428 [0:02:05<0:04:59, 3.38Hz] | epoch=3.49, loss=0.213800
[02.11 23:36:30] ┇ INFO    ┇    DeepKNLP.gner.trainer ┇ [checking]   6%|█▏                  |  1/17 [0:00:00<0:00:00, 112777.64Hz]
[02.11 23:36:35] ┇ INFO    ┇    DeepKNLP.gner.trainer ┇ [checking] 100%|████████████████████| 17/17 [0:00:03<0:00:00, 5.06Hz]
[02.11 23:36:35] ┇ INFO    ┇    DeepKNLP.gner.trainer ┇ [training]  29%|█████▊              |  416/1428 [0:02:10<0:05:17, 3.19Hz] | epoch=3.50, eval_average=0.3372
[02.11 23:36:36] ┇ INFO    ┇    DeepKNLP.gner.trainer ┇ [training]  29%|█████▉              |  420/1428 [0:02:11<0:05:16, 3.18Hz] | epoch=3.53, loss=0.287100
[02.11 23:36:37] ┇ INFO    ┇    DeepKNLP.gner.trainer ┇ [training]  30%|█████▉              |  425/1428 [0:02:12<0:05:15, 3.18Hz] | epoch=3.57, loss=0.233000
[02.11 23:36:38] ┇ INFO    ┇    DeepKNLP.gner.trainer ┇ [training]  30%|██████              |  430/1428 [0:02:13<0:05:13, 3.18Hz] | epoch=3.61, loss=0.248800
[02.11 23:36:39] ┇ INFO    ┇    DeepKNLP.gner.trainer ┇ [training]  30%|██████              |  435/1428 [0:02:14<0:05:11, 3.18Hz] | epoch=3.65, loss=0.268200
[02.11 23:36:40] ┇ INFO    ┇    DeepKNLP.gner.trainer ┇ [training]  31%|██████▏             |  440/1428 [0:02:15<0:05:10, 3.18Hz] | epoch=3.70, loss=0.232800
[02.11 23:36:41] ┇ INFO    ┇    DeepKNLP.gner.trainer ┇ [training]  31%|██████▏             |  445/1428 [0:02:17<0:05:08, 3.18Hz] | epoch=3.74, loss=0.215100
[02.11 23:36:42] ┇ INFO    ┇    DeepKNLP.gner.trainer ┇ [training]  32%|██████▎             |  450/1428 [0:02:18<0:05:07, 3.18Hz] | epoch=3.78, loss=0.173000
[02.11 23:36:43] ┇ INFO    ┇    DeepKNLP.gner.trainer ┇ [training]  32%|██████▎             |  455/1428 [0:02:19<0:05:05, 3.18Hz] | epoch=3.82, loss=0.273500
[02.11 23:36:45] ┇ INFO    ┇    DeepKNLP.gner.trainer ┇ [training]  32%|██████▍             |  460/1428 [0:02:20<0:05:04, 3.18Hz] | epoch=3.87, loss=0.243000
[02.11 23:36:46] ┇ INFO    ┇    DeepKNLP.gner.trainer ┇ [training]  33%|██████▌             |  465/1428 [0:02:21<0:05:02, 3.18Hz] | epoch=3.91, loss=0.275700
[02.11 23:36:47] ┇ INFO    ┇    DeepKNLP.gner.trainer ┇ [training]  33%|██████▌             |  470/1428 [0:02:22<0:04:44, 3.37Hz] | epoch=3.95, loss=0.300200
[02.11 23:36:48] ┇ INFO    ┇    DeepKNLP.gner.trainer ┇ [training]  33%|██████▋             |  475/1428 [0:02:23<0:04:42, 3.38Hz] | epoch=3.99, loss=0.234600
[02.11 23:36:48] ┇ INFO    ┇    DeepKNLP.gner.trainer ┇ [checking]   6%|█▏                  |  1/17 [0:00:00<0:00:00, 112031.91Hz]
[02.11 23:36:53] ┇ INFO    ┇    DeepKNLP.gner.trainer ┇ [checking] 100%|████████████████████| 17/17 [0:00:03<0:00:00, 5.01Hz]
[02.11 23:36:53] ┇ INFO    ┇    DeepKNLP.gner.trainer ┇ [training]  33%|██████▋             |  476/1428 [0:02:29<0:04:59, 3.18Hz] | epoch=4.00, eval_average=0.2971
[02.11 23:36:54] ┇ INFO    ┇    DeepKNLP.gner.trainer ┇ [training]  34%|██████▋             |  480/1428 [0:02:30<0:04:58, 3.18Hz] | epoch=4.03, loss=0.269800
[02.11 23:36:55] ┇ INFO    ┇    DeepKNLP.gner.trainer ┇ [training]  34%|██████▊             |  485/1428 [0:02:31<0:04:56, 3.18Hz] | epoch=4.08, loss=0.217300
[02.11 23:36:56] ┇ INFO    ┇    DeepKNLP.gner.trainer ┇ [training]  34%|██████▊             |  490/1428 [0:02:32<0:04:55, 3.18Hz] | epoch=4.12, loss=0.212700
[02.11 23:36:58] ┇ INFO    ┇    DeepKNLP.gner.trainer ┇ [training]  35%|██████▉             |  495/1428 [0:02:33<0:04:53, 3.18Hz] | epoch=4.16, loss=0.221800
[02.11 23:36:59] ┇ INFO    ┇    DeepKNLP.gner.trainer ┇ [training]  35%|███████             |  500/1428 [0:02:34<0:04:52, 3.18Hz] | epoch=4.20, loss=0.283700
[02.11 23:37:00] ┇ INFO    ┇    DeepKNLP.gner.trainer ┇ [training]  35%|███████             |  505/1428 [0:02:35<0:04:50, 3.17Hz] | epoch=4.24, loss=0.254000
[02.11 23:37:01] ┇ INFO    ┇    DeepKNLP.gner.trainer ┇ [training]  36%|███████▏            |  510/1428 [0:02:36<0:04:49, 3.17Hz] | epoch=4.29, loss=0.206800
[02.11 23:37:02] ┇ INFO    ┇    DeepKNLP.gner.trainer ┇ [training]  36%|███████▏            |  515/1428 [0:02:38<0:04:47, 3.17Hz] | epoch=4.33, loss=0.289100
[02.11 23:37:03] ┇ INFO    ┇    DeepKNLP.gner.trainer ┇ [training]  36%|███████▎            |  520/1428 [0:02:39<0:04:46, 3.17Hz] | epoch=4.37, loss=0.235500
[02.11 23:37:05] ┇ INFO    ┇    DeepKNLP.gner.trainer ┇ [training]  37%|███████▎            |  525/1428 [0:02:40<0:04:44, 3.17Hz] | epoch=4.41, loss=0.199000
[02.11 23:37:06] ┇ INFO    ┇    DeepKNLP.gner.trainer ┇ [training]  37%|███████▍            |  530/1428 [0:02:41<0:04:27, 3.36Hz] | epoch=4.45, loss=0.247400
[02.11 23:37:07] ┇ INFO    ┇    DeepKNLP.gner.trainer ┇ [training]  37%|███████▍            |  535/1428 [0:02:42<0:04:25, 3.37Hz] | epoch=4.50, loss=0.212400
[02.11 23:37:07] ┇ INFO    ┇    DeepKNLP.gner.trainer ┇ [checking]   6%|█▏                  |  1/17 [0:00:00<0:00:00, 105174.72Hz]
[02.11 23:37:12] ┇ INFO    ┇    DeepKNLP.gner.trainer ┇ [checking] 100%|████████████████████| 17/17 [0:00:03<0:00:00, 5.15Hz]
[02.11 23:37:12] ┇ INFO    ┇    DeepKNLP.gner.trainer ┇ [training]  38%|███████▌            |  536/1428 [0:02:47<0:04:40, 3.18Hz] | epoch=4.50, eval_average=0.2679
[02.11 23:37:13] ┇ INFO    ┇    DeepKNLP.gner.trainer ┇ [training]  38%|███████▌            |  540/1428 [0:02:48<0:04:39, 3.17Hz] | epoch=4.54, loss=0.194300
[02.11 23:37:14] ┇ INFO    ┇    DeepKNLP.gner.trainer ┇ [training]  38%|███████▋            |  545/1428 [0:02:49<0:04:38, 3.17Hz] | epoch=4.58, loss=0.201100
[02.11 23:37:15] ┇ INFO    ┇    DeepKNLP.gner.trainer ┇ [training]  39%|███████▋            |  550/1428 [0:02:51<0:04:36, 3.17Hz] | epoch=4.62, loss=0.183800
[02.11 23:37:16] ┇ INFO    ┇    DeepKNLP.gner.trainer ┇ [training]  39%|███████▊            |  555/1428 [0:02:52<0:04:35, 3.17Hz] | epoch=4.66, loss=0.213200
[02.11 23:37:17] ┇ INFO    ┇    DeepKNLP.gner.trainer ┇ [training]  39%|███████▊            |  560/1428 [0:02:53<0:04:33, 3.17Hz] | epoch=4.71, loss=0.234900
[02.11 23:37:19] ┇ INFO    ┇    DeepKNLP.gner.trainer ┇ [training]  40%|███████▉            |  565/1428 [0:02:54<0:04:32, 3.17Hz] | epoch=4.75, loss=0.184100
[02.11 23:37:20] ┇ INFO    ┇    DeepKNLP.gner.trainer ┇ [training]  40%|███████▉            |  570/1428 [0:02:55<0:04:30, 3.17Hz] | epoch=4.79, loss=0.229600
[02.11 23:37:21] ┇ INFO    ┇    DeepKNLP.gner.trainer ┇ [training]  40%|████████            |  575/1428 [0:02:56<0:04:29, 3.17Hz] | epoch=4.83, loss=0.179700
[02.11 23:37:22] ┇ INFO    ┇    DeepKNLP.gner.trainer ┇ [training]  41%|████████            |  580/1428 [0:02:57<0:04:27, 3.17Hz] | epoch=4.87, loss=0.220900
[02.11 23:37:23] ┇ INFO    ┇    DeepKNLP.gner.trainer ┇ [training]  41%|████████▏           |  585/1428 [0:02:59<0:04:25, 3.17Hz] | epoch=4.92, loss=0.207300
[02.11 23:37:24] ┇ INFO    ┇    DeepKNLP.gner.trainer ┇ [training]  41%|████████▎           |  590/1428 [0:03:00<0:04:09, 3.36Hz] | epoch=4.96, loss=0.245600
[02.11 23:37:25] ┇ INFO    ┇    DeepKNLP.gner.trainer ┇ [training]  42%|████████▎           |  595/1428 [0:03:01<0:04:07, 3.37Hz] | epoch=5.00, loss=0.160000
[02.11 23:37:26] ┇ INFO    ┇    DeepKNLP.gner.trainer ┇ [checking]   6%|█▏                  |  1/17 [0:00:00<0:00:00, 110900.83Hz]
[02.11 23:37:30] ┇ INFO    ┇    DeepKNLP.gner.trainer ┇ [checking] 100%|████████████████████| 17/17 [0:00:03<0:00:00, 5.08Hz]
[02.11 23:37:30] ┇ INFO    ┇    DeepKNLP.gner.trainer ┇ [training]  42%|████████▎           |  595/1428 [0:03:01<0:04:07, 3.37Hz] | epoch=5.00, eval_average=0.4534
[02.11 23:37:32] ┇ INFO    ┇    DeepKNLP.gner.trainer ┇ [training]  42%|████████▍           |  600/1428 [0:03:07<0:04:19, 3.19Hz] | epoch=5.04, loss=0.216700
[02.11 23:37:33] ┇ INFO    ┇    DeepKNLP.gner.trainer ┇ [training]  42%|████████▍           |  605/1428 [0:03:08<0:04:18, 3.19Hz] | epoch=5.08, loss=0.189300
[02.11 23:37:34] ┇ INFO    ┇    DeepKNLP.gner.trainer ┇ [training]  43%|████████▌           |  610/1428 [0:03:09<0:04:16, 3.19Hz] | epoch=5.13, loss=0.276500
[02.11 23:37:35] ┇ INFO    ┇    DeepKNLP.gner.trainer ┇ [training]  43%|████████▌           |  615/1428 [0:03:10<0:04:15, 3.18Hz] | epoch=5.17, loss=0.230700
[02.11 23:37:36] ┇ INFO    ┇    DeepKNLP.gner.trainer ┇ [training]  43%|████████▋           |  620/1428 [0:03:11<0:04:13, 3.18Hz] | epoch=5.21, loss=0.226700
[02.11 23:37:37] ┇ INFO    ┇    DeepKNLP.gner.trainer ┇ [training]  44%|████████▊           |  625/1428 [0:03:13<0:04:12, 3.19Hz] | epoch=5.25, loss=0.276500
[02.11 23:37:38] ┇ INFO    ┇    DeepKNLP.gner.trainer ┇ [training]  44%|████████▊           |  630/1428 [0:03:14<0:04:10, 3.19Hz] | epoch=5.29, loss=0.179400
[02.11 23:37:40] ┇ INFO    ┇    DeepKNLP.gner.trainer ┇ [training]  44%|████████▉           |  635/1428 [0:03:15<0:04:08, 3.19Hz] | epoch=5.34, loss=0.211700
[02.11 23:37:41] ┇ INFO    ┇    DeepKNLP.gner.trainer ┇ [training]  45%|████████▉           |  640/1428 [0:03:16<0:04:07, 3.19Hz] | epoch=5.38, loss=0.240400
[02.11 23:37:42] ┇ INFO    ┇    DeepKNLP.gner.trainer ┇ [training]  45%|█████████           |  645/1428 [0:03:17<0:04:05, 3.19Hz] | epoch=5.42, loss=0.196900
[02.11 23:37:43] ┇ INFO    ┇    DeepKNLP.gner.trainer ┇ [training]  46%|█████████           |  650/1428 [0:03:18<0:04:04, 3.19Hz] | epoch=5.46, loss=0.196200
[02.11 23:37:44] ┇ INFO    ┇    DeepKNLP.gner.trainer ┇ [checking]   6%|█▏                  |  1/17 [0:00:00<0:00:00, 110289.97Hz]
[02.11 23:37:49] ┇ INFO    ┇    DeepKNLP.gner.trainer ┇ [checking] 100%|████████████████████| 17/17 [0:00:03<0:00:00, 5.11Hz]
[02.11 23:37:49] ┇ INFO    ┇    DeepKNLP.gner.trainer ┇ [training]  46%|█████████▏          |  654/1428 [0:03:24<0:04:01, 3.20Hz] | epoch=5.50, eval_average=0.5011
[02.11 23:37:49] ┇ INFO    ┇    DeepKNLP.gner.trainer ┇ [training]  46%|█████████▏          |  655/1428 [0:03:24<0:04:01, 3.20Hz] | epoch=5.50, loss=0.202100
[02.11 23:37:50] ┇ INFO    ┇    DeepKNLP.gner.trainer ┇ [training]  46%|█████████▏          |  660/1428 [0:03:26<0:04:00, 3.20Hz] | epoch=5.55, loss=0.149800
[02.11 23:37:51] ┇ INFO    ┇    DeepKNLP.gner.trainer ┇ [training]  47%|█████████▎          |  665/1428 [0:03:27<0:03:58, 3.20Hz] | epoch=5.59, loss=0.149600
[02.11 23:37:53] ┇ INFO    ┇    DeepKNLP.gner.trainer ┇ [training]  47%|█████████▍          |  670/1428 [0:03:28<0:03:57, 3.20Hz] | epoch=5.63, loss=0.169500
[02.11 23:37:54] ┇ INFO    ┇    DeepKNLP.gner.trainer ┇ [training]  47%|█████████▍          |  675/1428 [0:03:29<0:03:55, 3.20Hz] | epoch=5.67, loss=0.239300
[02.11 23:37:55] ┇ INFO    ┇    DeepKNLP.gner.trainer ┇ [training]  48%|█████████▌          |  680/1428 [0:03:30<0:03:54, 3.20Hz] | epoch=5.71, loss=0.219600
[02.11 23:37:56] ┇ INFO    ┇    DeepKNLP.gner.trainer ┇ [training]  48%|█████████▌          |  685/1428 [0:03:31<0:03:52, 3.20Hz] | epoch=5.76, loss=0.236800
[02.11 23:37:57] ┇ INFO    ┇    DeepKNLP.gner.trainer ┇ [training]  48%|█████████▋          |  690/1428 [0:03:32<0:03:50, 3.20Hz] | epoch=5.80, loss=0.186000
[02.11 23:37:58] ┇ INFO    ┇    DeepKNLP.gner.trainer ┇ [training]  49%|█████████▋          |  695/1428 [0:03:34<0:03:49, 3.20Hz] | epoch=5.84, loss=0.198500
[02.11 23:37:59] ┇ INFO    ┇    DeepKNLP.gner.trainer ┇ [training]  49%|█████████▊          |  700/1428 [0:03:35<0:03:47, 3.20Hz] | epoch=5.88, loss=0.192600
[02.11 23:38:00] ┇ INFO    ┇    DeepKNLP.gner.trainer ┇ [training]  49%|█████████▊          |  705/1428 [0:03:36<0:03:46, 3.20Hz] | epoch=5.92, loss=0.201100
[02.11 23:38:02] ┇ INFO    ┇    DeepKNLP.gner.trainer ┇ [training]  50%|█████████▉          |  710/1428 [0:03:37<0:03:44, 3.20Hz] | epoch=5.97, loss=0.196100
[02.11 23:38:03] ┇ INFO    ┇    DeepKNLP.gner.trainer ┇ [checking]   6%|█▏                  |  1/17 [0:00:00<0:00:00, 106643.67Hz]
[02.11 23:38:08] ┇ INFO    ┇    DeepKNLP.gner.trainer ┇ [checking] 100%|████████████████████| 17/17 [0:00:03<0:00:00, 5.09Hz]
[02.11 23:38:08] ┇ INFO    ┇    DeepKNLP.gner.trainer ┇ [training]  50%|██████████          |  714/1428 [0:03:43<0:03:42, 3.20Hz] | epoch=6.00, eval_average=0.3664
[02.11 23:38:08] ┇ INFO    ┇    DeepKNLP.gner.trainer ┇ [training]  50%|██████████          |  715/1428 [0:03:43<0:03:43, 3.19Hz] | epoch=6.01, loss=0.185200
[02.11 23:38:09] ┇ INFO    ┇    DeepKNLP.gner.trainer ┇ [training]  50%|██████████          |  720/1428 [0:03:45<0:03:42, 3.19Hz] | epoch=6.05, loss=0.181700
[02.11 23:38:10] ┇ INFO    ┇    DeepKNLP.gner.trainer ┇ [training]  51%|██████████▏         |  725/1428 [0:03:46<0:03:40, 3.19Hz] | epoch=6.09, loss=0.210100
[02.11 23:38:11] ┇ INFO    ┇    DeepKNLP.gner.trainer ┇ [training]  51%|██████████▏         |  730/1428 [0:03:47<0:03:39, 3.19Hz] | epoch=6.13, loss=0.163500
[02.11 23:38:13] ┇ INFO    ┇    DeepKNLP.gner.trainer ┇ [training]  51%|██████████▎         |  735/1428 [0:03:48<0:03:37, 3.19Hz] | epoch=6.18, loss=0.177500
[02.11 23:38:14] ┇ INFO    ┇    DeepKNLP.gner.trainer ┇ [training]  52%|██████████▎         |  740/1428 [0:03:49<0:03:35, 3.19Hz] | epoch=6.22, loss=0.169700
[02.11 23:38:15] ┇ INFO    ┇    DeepKNLP.gner.trainer ┇ [training]  52%|██████████▍         |  745/1428 [0:03:50<0:03:34, 3.19Hz] | epoch=6.26, loss=0.187600
[02.11 23:38:16] ┇ INFO    ┇    DeepKNLP.gner.trainer ┇ [training]  53%|██████████▌         |  750/1428 [0:03:51<0:03:32, 3.19Hz] | epoch=6.30, loss=0.158200
[02.11 23:38:17] ┇ INFO    ┇    DeepKNLP.gner.trainer ┇ [training]  53%|██████████▌         |  755/1428 [0:03:53<0:03:31, 3.19Hz] | epoch=6.34, loss=0.194300
[02.11 23:38:18] ┇ INFO    ┇    DeepKNLP.gner.trainer ┇ [training]  53%|██████████▋         |  760/1428 [0:03:54<0:03:29, 3.19Hz] | epoch=6.39, loss=0.149100
[02.11 23:38:19] ┇ INFO    ┇    DeepKNLP.gner.trainer ┇ [training]  54%|██████████▋         |  765/1428 [0:03:55<0:03:27, 3.19Hz] | epoch=6.43, loss=0.175400
[02.11 23:38:21] ┇ INFO    ┇    DeepKNLP.gner.trainer ┇ [training]  54%|██████████▊         |  770/1428 [0:03:56<0:03:26, 3.19Hz] | epoch=6.47, loss=0.196800
[02.11 23:38:22] ┇ INFO    ┇    DeepKNLP.gner.trainer ┇ [checking]   6%|█▏                  |  1/17 [0:00:00<0:00:00, 117979.02Hz]
[02.11 23:38:26] ┇ INFO    ┇    DeepKNLP.gner.trainer ┇ [checking] 100%|████████████████████| 17/17 [0:00:03<0:00:00, 5.06Hz]
[02.11 23:38:26] ┇ INFO    ┇    DeepKNLP.gner.trainer ┇ [training]  54%|██████████▊         |  774/1428 [0:04:02<0:03:24, 3.20Hz] | epoch=6.50, eval_average=0.3947
[02.11 23:38:27] ┇ INFO    ┇    DeepKNLP.gner.trainer ┇ [training]  54%|██████████▊         |  775/1428 [0:04:02<0:03:24, 3.19Hz] | epoch=6.51, loss=0.131300
[02.11 23:38:28] ┇ INFO    ┇    DeepKNLP.gner.trainer ┇ [training]  55%|██████████▉         |  780/1428 [0:04:03<0:03:23, 3.19Hz] | epoch=6.55, loss=0.125400
[02.11 23:38:29] ┇ INFO    ┇    DeepKNLP.gner.trainer ┇ [training]  55%|██████████▉         |  785/1428 [0:04:04<0:03:21, 3.19Hz] | epoch=6.60, loss=0.188200
[02.11 23:38:30] ┇ INFO    ┇    DeepKNLP.gner.trainer ┇ [training]  55%|███████████         |  790/1428 [0:04:05<0:03:19, 3.19Hz] | epoch=6.64, loss=0.217800
[02.11 23:38:31] ┇ INFO    ┇    DeepKNLP.gner.trainer ┇ [training]  56%|███████████▏        |  795/1428 [0:04:07<0:03:18, 3.19Hz] | epoch=6.68, loss=0.182100
[02.11 23:38:32] ┇ INFO    ┇    DeepKNLP.gner.trainer ┇ [training]  56%|███████████▏        |  800/1428 [0:04:08<0:03:16, 3.19Hz] | epoch=6.72, loss=0.182800
[02.11 23:38:33] ┇ INFO    ┇    DeepKNLP.gner.trainer ┇ [training]  56%|███████████▎        |  805/1428 [0:04:09<0:03:15, 3.19Hz] | epoch=6.76, loss=0.205700
[02.11 23:38:35] ┇ INFO    ┇    DeepKNLP.gner.trainer ┇ [training]  57%|███████████▎        |  810/1428 [0:04:10<0:03:13, 3.19Hz] | epoch=6.81, loss=0.184100
[02.11 23:38:36] ┇ INFO    ┇    DeepKNLP.gner.trainer ┇ [training]  57%|███████████▍        |  815/1428 [0:04:11<0:03:11, 3.19Hz] | epoch=6.85, loss=0.178000
[02.11 23:38:37] ┇ INFO    ┇    DeepKNLP.gner.trainer ┇ [training]  57%|███████████▍        |  820/1428 [0:04:12<0:03:10, 3.19Hz] | epoch=6.89, loss=0.174500
[02.11 23:38:38] ┇ INFO    ┇    DeepKNLP.gner.trainer ┇ [training]  58%|███████████▌        |  825/1428 [0:04:13<0:03:08, 3.19Hz] | epoch=6.93, loss=0.168000
[02.11 23:38:39] ┇ INFO    ┇    DeepKNLP.gner.trainer ┇ [training]  58%|███████████▌        |  830/1428 [0:04:15<0:03:07, 3.20Hz] | epoch=6.97, loss=0.129600
[02.11 23:38:40] ┇ INFO    ┇    DeepKNLP.gner.trainer ┇ [checking]   6%|█▏                  |  1/17 [0:00:00<0:00:00, 110168.33Hz]
[02.11 23:38:45] ┇ INFO    ┇    DeepKNLP.gner.trainer ┇ [checking] 100%|████████████████████| 17/17 [0:00:03<0:00:00, 5.10Hz]
[02.11 23:38:45] ┇ INFO    ┇    DeepKNLP.gner.trainer ┇ [training]  58%|███████████▋        |  833/1428 [0:04:20<0:03:05, 3.20Hz] | epoch=7.00, eval_average=0.4857
[02.11 23:38:45] ┇ INFO    ┇    DeepKNLP.gner.trainer ┇ [training]  58%|███████████▋        |  835/1428 [0:04:21<0:03:05, 3.19Hz] | epoch=7.02, loss=0.230300
[02.11 23:38:46] ┇ INFO    ┇    DeepKNLP.gner.trainer ┇ [training]  59%|███████████▊        |  840/1428 [0:04:22<0:03:04, 3.20Hz] | epoch=7.06, loss=0.123500
[02.11 23:38:48] ┇ INFO    ┇    DeepKNLP.gner.trainer ┇ [training]  59%|███████████▊        |  845/1428 [0:04:23<0:03:02, 3.20Hz] | epoch=7.10, loss=0.146200
[02.11 23:38:49] ┇ INFO    ┇    DeepKNLP.gner.trainer ┇ [training]  60%|███████████▉        |  850/1428 [0:04:24<0:03:00, 3.19Hz] | epoch=7.14, loss=0.126600
[02.11 23:38:50] ┇ INFO    ┇    DeepKNLP.gner.trainer ┇ [training]  60%|███████████▉        |  855/1428 [0:04:25<0:02:59, 3.19Hz] | epoch=7.18, loss=0.213600
[02.11 23:38:51] ┇ INFO    ┇    DeepKNLP.gner.trainer ┇ [training]  60%|████████████        |  860/1428 [0:04:26<0:02:57, 3.19Hz] | epoch=7.23, loss=0.163200
[02.11 23:38:52] ┇ INFO    ┇    DeepKNLP.gner.trainer ┇ [training]  61%|████████████        |  865/1428 [0:04:28<0:02:56, 3.19Hz] | epoch=7.27, loss=0.171500
[02.11 23:38:53] ┇ INFO    ┇    DeepKNLP.gner.trainer ┇ [training]  61%|████████████▏       |  870/1428 [0:04:29<0:02:54, 3.19Hz] | epoch=7.31, loss=0.170500
[02.11 23:38:54] ┇ INFO    ┇    DeepKNLP.gner.trainer ┇ [training]  61%|████████████▎       |  875/1428 [0:04:30<0:02:53, 3.19Hz] | epoch=7.35, loss=0.141300
[02.11 23:38:56] ┇ INFO    ┇    DeepKNLP.gner.trainer ┇ [training]  62%|████████████▎       |  880/1428 [0:04:31<0:02:51, 3.19Hz] | epoch=7.39, loss=0.158700
[02.11 23:38:57] ┇ INFO    ┇    DeepKNLP.gner.trainer ┇ [training]  62%|████████████▍       |  885/1428 [0:04:32<0:02:50, 3.19Hz] | epoch=7.44, loss=0.162200
[02.11 23:38:58] ┇ INFO    ┇    DeepKNLP.gner.trainer ┇ [training]  62%|████████████▍       |  890/1428 [0:04:33<0:02:48, 3.19Hz] | epoch=7.48, loss=0.164700
[02.11 23:38:59] ┇ INFO    ┇    DeepKNLP.gner.trainer ┇ [checking]   6%|█▏                  |  1/17 [0:00:00<0:00:00, 102269.65Hz]
[02.11 23:39:03] ┇ INFO    ┇    DeepKNLP.gner.trainer ┇ [checking] 100%|████████████████████| 17/17 [0:00:03<0:00:00, 5.06Hz]
[02.11 23:39:03] ┇ INFO    ┇    DeepKNLP.gner.trainer ┇ [training]  62%|████████████▍       |  892/1428 [0:04:39<0:02:48, 3.18Hz] | epoch=7.50, eval_average=0.5253
[02.11 23:39:04] ┇ INFO    ┇    DeepKNLP.gner.trainer ┇ [training]  63%|████████████▌       |  895/1428 [0:04:39<0:02:47, 3.18Hz] | epoch=7.52, loss=0.185200
[02.11 23:39:05] ┇ INFO    ┇    DeepKNLP.gner.trainer ┇ [training]  63%|████████████▌       |  900/1428 [0:04:41<0:02:46, 3.18Hz] | epoch=7.56, loss=0.141400
[02.11 23:39:06] ┇ INFO    ┇    DeepKNLP.gner.trainer ┇ [training]  63%|████████████▋       |  905/1428 [0:04:42<0:02:44, 3.18Hz] | epoch=7.61, loss=0.185400
[02.11 23:39:07] ┇ INFO    ┇    DeepKNLP.gner.trainer ┇ [training]  64%|████████████▋       |  910/1428 [0:04:43<0:02:43, 3.18Hz] | epoch=7.65, loss=0.148800
[02.11 23:39:09] ┇ INFO    ┇    DeepKNLP.gner.trainer ┇ [training]  64%|████████████▊       |  915/1428 [0:04:44<0:02:41, 3.18Hz] | epoch=7.69, loss=0.112200
[02.11 23:39:10] ┇ INFO    ┇    DeepKNLP.gner.trainer ┇ [training]  64%|████████████▉       |  920/1428 [0:04:45<0:02:39, 3.18Hz] | epoch=7.73, loss=0.166400
[02.11 23:39:11] ┇ INFO    ┇    DeepKNLP.gner.trainer ┇ [training]  65%|████████████▉       |  925/1428 [0:04:46<0:02:38, 3.18Hz] | epoch=7.77, loss=0.132200
[02.11 23:39:12] ┇ INFO    ┇    DeepKNLP.gner.trainer ┇ [training]  65%|█████████████       |  930/1428 [0:04:47<0:02:36, 3.18Hz] | epoch=7.82, loss=0.187300
[02.11 23:39:13] ┇ INFO    ┇    DeepKNLP.gner.trainer ┇ [training]  65%|█████████████       |  935/1428 [0:04:48<0:02:35, 3.18Hz] | epoch=7.86, loss=0.184200
[02.11 23:39:14] ┇ INFO    ┇    DeepKNLP.gner.trainer ┇ [training]  66%|█████████████▏      |  940/1428 [0:04:50<0:02:33, 3.18Hz] | epoch=7.90, loss=0.191000
[02.11 23:39:15] ┇ INFO    ┇    DeepKNLP.gner.trainer ┇ [training]  66%|█████████████▏      |  945/1428 [0:04:51<0:02:23, 3.37Hz] | epoch=7.94, loss=0.139900
[02.11 23:39:16] ┇ INFO    ┇    DeepKNLP.gner.trainer ┇ [training]  67%|█████████████▎      |  950/1428 [0:04:52<0:02:21, 3.38Hz] | epoch=7.98, loss=0.199300
[02.11 23:39:17] ┇ INFO    ┇    DeepKNLP.gner.trainer ┇ [checking]   6%|█▏                  |  1/17 [0:00:00<0:00:00, 107216.04Hz]
[02.11 23:39:22] ┇ INFO    ┇    DeepKNLP.gner.trainer ┇ [checking] 100%|████████████████████| 17/17 [0:00:03<0:00:00, 5.09Hz]
[02.11 23:39:22] ┇ INFO    ┇    DeepKNLP.gner.trainer ┇ [training]  67%|█████████████▎      |  952/1428 [0:04:57<0:02:29, 3.19Hz] | epoch=8.00, eval_average=0.4471
[02.11 23:39:23] ┇ INFO    ┇    DeepKNLP.gner.trainer ┇ [training]  67%|█████████████▍      |  955/1428 [0:04:58<0:02:28, 3.18Hz] | epoch=8.03, loss=0.182600
[02.11 23:39:24] ┇ INFO    ┇    DeepKNLP.gner.trainer ┇ [training]  67%|█████████████▍      |  960/1428 [0:04:59<0:02:27, 3.18Hz] | epoch=8.07, loss=0.163500
[02.11 23:39:25] ┇ INFO    ┇    DeepKNLP.gner.trainer ┇ [training]  68%|█████████████▌      |  965/1428 [0:05:00<0:02:25, 3.18Hz] | epoch=8.11, loss=0.128200
[02.11 23:39:26] ┇ INFO    ┇    DeepKNLP.gner.trainer ┇ [training]  68%|█████████████▌      |  970/1428 [0:05:01<0:02:23, 3.18Hz] | epoch=8.15, loss=0.147900
[02.11 23:39:27] ┇ INFO    ┇    DeepKNLP.gner.trainer ┇ [training]  68%|█████████████▋      |  975/1428 [0:05:02<0:02:22, 3.18Hz] | epoch=8.19, loss=0.151900
[02.11 23:39:28] ┇ INFO    ┇    DeepKNLP.gner.trainer ┇ [training]  69%|█████████████▋      |  980/1428 [0:05:04<0:02:20, 3.18Hz] | epoch=8.23, loss=0.173000
[02.11 23:39:29] ┇ INFO    ┇    DeepKNLP.gner.trainer ┇ [training]  69%|█████████████▊      |  985/1428 [0:05:05<0:02:19, 3.18Hz] | epoch=8.28, loss=0.173000
[02.11 23:39:31] ┇ INFO    ┇    DeepKNLP.gner.trainer ┇ [training]  69%|█████████████▊      |  990/1428 [0:05:06<0:02:17, 3.18Hz] | epoch=8.32, loss=0.150800
[02.11 23:39:32] ┇ INFO    ┇    DeepKNLP.gner.trainer ┇ [training]  70%|█████████████▉      |  995/1428 [0:05:07<0:02:16, 3.18Hz] | epoch=8.36, loss=0.132800
[02.11 23:39:33] ┇ INFO    ┇    DeepKNLP.gner.trainer ┇ [training]  70%|██████████████      | 1000/1428 [0:05:08<0:02:14, 3.18Hz] | epoch=8.40, loss=0.131400
[02.11 23:39:34] ┇ INFO    ┇    DeepKNLP.gner.trainer ┇ [training]  70%|██████████████      | 1005/1428 [0:05:09<0:02:05, 3.37Hz] | epoch=8.45, loss=0.163800
[02.11 23:39:35] ┇ INFO    ┇    DeepKNLP.gner.trainer ┇ [training]  71%|██████████████▏     | 1010/1428 [0:05:10<0:02:03, 3.39Hz] | epoch=8.49, loss=0.110700
[02.11 23:39:36] ┇ INFO    ┇    DeepKNLP.gner.trainer ┇ [checking]   6%|█▏                  |  1/17 [0:00:00<0:00:00, 102156.54Hz]
[02.11 23:39:41] ┇ INFO    ┇    DeepKNLP.gner.trainer ┇ [checking] 100%|████████████████████| 17/17 [0:00:03<0:00:00, 5.07Hz]
[02.11 23:39:41] ┇ INFO    ┇    DeepKNLP.gner.trainer ┇ [training]  71%|██████████████▏     | 1012/1428 [0:05:16<0:02:10, 3.19Hz] | epoch=8.50, eval_average=0.5685
[02.11 23:39:41] ┇ INFO    ┇    DeepKNLP.gner.trainer ┇ [training]  71%|██████████████▏     | 1015/1428 [0:05:17<0:02:09, 3.18Hz] | epoch=8.53, loss=0.129300
[02.11 23:39:43] ┇ INFO    ┇    DeepKNLP.gner.trainer ┇ [training]  71%|██████████████▎     | 1020/1428 [0:05:18<0:02:08, 3.18Hz] | epoch=8.57, loss=0.159600
[02.11 23:39:44] ┇ INFO    ┇    DeepKNLP.gner.trainer ┇ [training]  72%|██████████████▎     | 1025/1428 [0:05:19<0:02:06, 3.18Hz] | epoch=8.61, loss=0.158700
[02.11 23:39:45] ┇ INFO    ┇    DeepKNLP.gner.trainer ┇ [training]  72%|██████████████▍     | 1030/1428 [0:05:20<0:02:05, 3.18Hz] | epoch=8.65, loss=0.105800
[02.11 23:39:46] ┇ INFO    ┇    DeepKNLP.gner.trainer ┇ [training]  72%|██████████████▍     | 1035/1428 [0:05:21<0:02:03, 3.18Hz] | epoch=8.70, loss=0.169600
[02.11 23:39:47] ┇ INFO    ┇    DeepKNLP.gner.trainer ┇ [training]  73%|██████████████▌     | 1040/1428 [0:05:23<0:02:01, 3.18Hz] | epoch=8.74, loss=0.169400
[02.11 23:39:48] ┇ INFO    ┇    DeepKNLP.gner.trainer ┇ [training]  73%|██████████████▋     | 1045/1428 [0:05:24<0:02:00, 3.18Hz] | epoch=8.78, loss=0.128600
[02.11 23:39:49] ┇ INFO    ┇    DeepKNLP.gner.trainer ┇ [training]  74%|██████████████▋     | 1050/1428 [0:05:25<0:01:58, 3.18Hz] | epoch=8.82, loss=0.153700
[02.11 23:39:51] ┇ INFO    ┇    DeepKNLP.gner.trainer ┇ [training]  74%|██████████████▊     | 1055/1428 [0:05:26<0:01:57, 3.18Hz] | epoch=8.87, loss=0.100700
[02.11 23:39:52] ┇ INFO    ┇    DeepKNLP.gner.trainer ┇ [training]  74%|██████████████▊     | 1060/1428 [0:05:27<0:01:55, 3.18Hz] | epoch=8.91, loss=0.120000
[02.11 23:39:53] ┇ INFO    ┇    DeepKNLP.gner.trainer ┇ [training]  75%|██████████████▉     | 1065/1428 [0:05:28<0:01:47, 3.37Hz] | epoch=8.95, loss=0.126900
[02.11 23:39:54] ┇ INFO    ┇    DeepKNLP.gner.trainer ┇ [training]  75%|██████████████▉     | 1070/1428 [0:05:29<0:01:45, 3.38Hz] | epoch=8.99, loss=0.111700
[02.11 23:39:54] ┇ INFO    ┇    DeepKNLP.gner.trainer ┇ [checking]   6%|█▏                  |  1/17 [0:00:00<0:00:00, 99910.84Hz]
[02.11 23:39:59] ┇ INFO    ┇    DeepKNLP.gner.trainer ┇ [checking] 100%|████████████████████| 17/17 [0:00:03<0:00:00, 5.07Hz]
[02.11 23:39:59] ┇ INFO    ┇    DeepKNLP.gner.trainer ┇ [training]  75%|███████████████     | 1071/1428 [0:05:35<0:01:52, 3.18Hz] | epoch=9.00, eval_average=0.5115
[02.11 23:40:00] ┇ INFO    ┇    DeepKNLP.gner.trainer ┇ [training]  75%|███████████████     | 1075/1428 [0:05:36<0:01:51, 3.17Hz] | epoch=9.03, loss=0.142300
[02.11 23:40:01] ┇ INFO    ┇    DeepKNLP.gner.trainer ┇ [training]  76%|███████████████▏    | 1080/1428 [0:05:37<0:01:49, 3.17Hz] | epoch=9.08, loss=0.121900
[02.11 23:40:03] ┇ INFO    ┇    DeepKNLP.gner.trainer ┇ [training]  76%|███████████████▏    | 1085/1428 [0:05:38<0:01:48, 3.17Hz] | epoch=9.12, loss=0.130700
[02.11 23:40:04] ┇ INFO    ┇    DeepKNLP.gner.trainer ┇ [training]  76%|███████████████▎    | 1090/1428 [0:05:39<0:01:46, 3.17Hz] | epoch=9.16, loss=0.120900
[02.11 23:40:05] ┇ INFO    ┇    DeepKNLP.gner.trainer ┇ [training]  77%|███████████████▎    | 1095/1428 [0:05:40<0:01:44, 3.17Hz] | epoch=9.20, loss=0.081600
[02.11 23:40:06] ┇ INFO    ┇    DeepKNLP.gner.trainer ┇ [training]  77%|███████████████▍    | 1100/1428 [0:05:41<0:01:43, 3.17Hz] | epoch=9.24, loss=0.132000
[02.11 23:40:07] ┇ INFO    ┇    DeepKNLP.gner.trainer ┇ [training]  77%|███████████████▍    | 1105/1428 [0:05:43<0:01:41, 3.17Hz] | epoch=9.29, loss=0.117200
[02.11 23:40:08] ┇ INFO    ┇    DeepKNLP.gner.trainer ┇ [training]  78%|███████████████▌    | 1110/1428 [0:05:44<0:01:40, 3.17Hz] | epoch=9.33, loss=0.098400
[02.11 23:40:09] ┇ INFO    ┇    DeepKNLP.gner.trainer ┇ [training]  78%|███████████████▌    | 1115/1428 [0:05:45<0:01:38, 3.17Hz] | epoch=9.37, loss=0.108400
[02.11 23:40:11] ┇ INFO    ┇    DeepKNLP.gner.trainer ┇ [training]  78%|███████████████▋    | 1120/1428 [0:05:46<0:01:37, 3.17Hz] | epoch=9.41, loss=0.148300
[02.11 23:40:12] ┇ INFO    ┇    DeepKNLP.gner.trainer ┇ [training]  79%|███████████████▊    | 1125/1428 [0:05:47<0:01:30, 3.36Hz] | epoch=9.45, loss=0.133700
[02.11 23:40:13] ┇ INFO    ┇    DeepKNLP.gner.trainer ┇ [training]  79%|███████████████▊    | 1130/1428 [0:05:48<0:01:28, 3.37Hz] | epoch=9.50, loss=0.106900
[02.11 23:40:13] ┇ INFO    ┇    DeepKNLP.gner.trainer ┇ [checking]   6%|█▏                  |  1/17 [0:00:00<0:00:00, 104297.41Hz]
[02.11 23:40:18] ┇ INFO    ┇    DeepKNLP.gner.trainer ┇ [checking] 100%|████████████████████| 17/17 [0:00:03<0:00:00, 5.09Hz]
[02.11 23:40:18] ┇ INFO    ┇    DeepKNLP.gner.trainer ┇ [training]  79%|███████████████▊    | 1130/1428 [0:05:48<0:01:28, 3.37Hz] | epoch=9.50, eval_average=0.5916
[02.11 23:40:19] ┇ INFO    ┇    DeepKNLP.gner.trainer ┇ [training]  79%|███████████████▉    | 1135/1428 [0:05:54<0:01:32, 3.18Hz] | epoch=9.54, loss=0.084400
[02.11 23:40:20] ┇ INFO    ┇    DeepKNLP.gner.trainer ┇ [training]  80%|███████████████▉    | 1140/1428 [0:05:56<0:01:30, 3.18Hz] | epoch=9.58, loss=0.080600
[02.11 23:40:21] ┇ INFO    ┇    DeepKNLP.gner.trainer ┇ [training]  80%|████████████████    | 1145/1428 [0:05:57<0:01:28, 3.18Hz] | epoch=9.62, loss=0.141900
[02.11 23:40:22] ┇ INFO    ┇    DeepKNLP.gner.trainer ┇ [training]  81%|████████████████    | 1150/1428 [0:05:58<0:01:27, 3.19Hz] | epoch=9.66, loss=0.117700
[02.11 23:40:24] ┇ INFO    ┇    DeepKNLP.gner.trainer ┇ [training]  81%|████████████████▏   | 1155/1428 [0:05:59<0:01:25, 3.19Hz] | epoch=9.71, loss=0.183400
[02.11 23:40:25] ┇ INFO    ┇    DeepKNLP.gner.trainer ┇ [training]  81%|████████████████▏   | 1160/1428 [0:06:00<0:01:24, 3.19Hz] | epoch=9.75, loss=0.105100
[02.11 23:40:26] ┇ INFO    ┇    DeepKNLP.gner.trainer ┇ [training]  82%|████████████████▎   | 1165/1428 [0:06:01<0:01:22, 3.19Hz] | epoch=9.79, loss=0.152000
[02.11 23:40:27] ┇ INFO    ┇    DeepKNLP.gner.trainer ┇ [training]  82%|████████████████▍   | 1170/1428 [0:06:02<0:01:20, 3.19Hz] | epoch=9.83, loss=0.116000
[02.11 23:40:28] ┇ INFO    ┇    DeepKNLP.gner.trainer ┇ [training]  82%|████████████████▍   | 1175/1428 [0:06:03<0:01:19, 3.19Hz] | epoch=9.87, loss=0.143600
[02.11 23:40:29] ┇ INFO    ┇    DeepKNLP.gner.trainer ┇ [training]  83%|████████████████▌   | 1180/1428 [0:06:05<0:01:17, 3.19Hz] | epoch=9.92, loss=0.127700
[02.11 23:40:30] ┇ INFO    ┇    DeepKNLP.gner.trainer ┇ [training]  83%|████████████████▌   | 1185/1428 [0:06:06<0:01:16, 3.19Hz] | epoch=9.96, loss=0.137900
[02.11 23:40:32] ┇ INFO    ┇    DeepKNLP.gner.trainer ┇ [training]  83%|████████████████▋   | 1190/1428 [0:06:07<0:01:10, 3.38Hz] | epoch=10.00, loss=0.173900
[02.11 23:40:32] ┇ INFO    ┇    DeepKNLP.gner.trainer ┇ [checking]   6%|█▏                  |  1/17 [0:00:00<0:00:00, 99811.00Hz]
[02.11 23:40:37] ┇ INFO    ┇    DeepKNLP.gner.trainer ┇ [checking] 100%|████████████████████| 17/17 [0:00:03<0:00:00, 5.05Hz]
[02.11 23:40:37] ┇ INFO    ┇    DeepKNLP.gner.trainer ┇ [training]  83%|████████████████▋   | 1190/1428 [0:06:07<0:01:10, 3.38Hz] | epoch=10.00, eval_average=0.5612
[02.11 23:40:38] ┇ INFO    ┇    DeepKNLP.gner.trainer ┇ [training]  84%|████████████████▋   | 1195/1428 [0:06:13<0:01:12, 3.20Hz] | epoch=10.04, loss=0.124200
[02.11 23:40:39] ┇ INFO    ┇    DeepKNLP.gner.trainer ┇ [training]  84%|████████████████▊   | 1200/1428 [0:06:14<0:01:11, 3.20Hz] | epoch=10.08, loss=0.080800
[02.11 23:40:40] ┇ INFO    ┇    DeepKNLP.gner.trainer ┇ [training]  84%|████████████████▉   | 1205/1428 [0:06:15<0:01:09, 3.20Hz] | epoch=10.13, loss=0.100000
[02.11 23:40:41] ┇ INFO    ┇    DeepKNLP.gner.trainer ┇ [training]  85%|████████████████▉   | 1210/1428 [0:06:16<0:01:08, 3.20Hz] | epoch=10.17, loss=0.128500
[02.11 23:40:42] ┇ INFO    ┇    DeepKNLP.gner.trainer ┇ [training]  85%|█████████████████   | 1215/1428 [0:06:18<0:01:06, 3.20Hz] | epoch=10.21, loss=0.132500
[02.11 23:40:43] ┇ INFO    ┇    DeepKNLP.gner.trainer ┇ [training]  85%|█████████████████   | 1220/1428 [0:06:19<0:01:04, 3.20Hz] | epoch=10.25, loss=0.148300
[02.11 23:40:44] ┇ INFO    ┇    DeepKNLP.gner.trainer ┇ [training]  86%|█████████████████▏  | 1225/1428 [0:06:20<0:01:03, 3.20Hz] | epoch=10.29, loss=0.138100
[02.11 23:40:46] ┇ INFO    ┇    DeepKNLP.gner.trainer ┇ [training]  86%|█████████████████▏  | 1230/1428 [0:06:21<0:01:01, 3.20Hz] | epoch=10.34, loss=0.161600
[02.11 23:40:47] ┇ INFO    ┇    DeepKNLP.gner.trainer ┇ [training]  86%|█████████████████▎  | 1235/1428 [0:06:22<0:01:00, 3.20Hz] | epoch=10.38, loss=0.129400
[02.11 23:40:48] ┇ INFO    ┇    DeepKNLP.gner.trainer ┇ [training]  87%|█████████████████▎  | 1240/1428 [0:06:23<0:00:58, 3.20Hz] | epoch=10.42, loss=0.115100
[02.11 23:40:49] ┇ INFO    ┇    DeepKNLP.gner.trainer ┇ [training]  87%|█████████████████▍  | 1245/1428 [0:06:24<0:00:57, 3.20Hz] | epoch=10.46, loss=0.104900
[02.11 23:40:50] ┇ INFO    ┇    DeepKNLP.gner.trainer ┇ [training]  88%|█████████████████▌  | 1250/1428 [0:06:25<0:00:55, 3.20Hz] | epoch=10.50, loss=0.080400
[02.11 23:40:50] ┇ INFO    ┇    DeepKNLP.gner.trainer ┇ [checking]   6%|█▏                  |  1/17 [0:00:00<0:00:00, 109685.81Hz]
[02.11 23:40:55] ┇ INFO    ┇    DeepKNLP.gner.trainer ┇ [checking] 100%|████████████████████| 17/17 [0:00:03<0:00:00, 5.08Hz]
[02.11 23:40:55] ┇ INFO    ┇    DeepKNLP.gner.trainer ┇ [training]  88%|█████████████████▌  | 1250/1428 [0:06:25<0:00:55, 3.20Hz] | epoch=10.50, eval_average=0.5315
[02.11 23:40:56] ┇ INFO    ┇    DeepKNLP.gner.trainer ┇ [training]  88%|█████████████████▌  | 1255/1428 [0:06:32<0:00:53, 3.21Hz] | epoch=10.55, loss=0.117000
[02.11 23:40:57] ┇ INFO    ┇    DeepKNLP.gner.trainer ┇ [training]  88%|█████████████████▋  | 1260/1428 [0:06:33<0:00:52, 3.22Hz] | epoch=10.59, loss=0.128800
[02.11 23:40:58] ┇ INFO    ┇    DeepKNLP.gner.trainer ┇ [training]  89%|█████████████████▋  | 1265/1428 [0:06:34<0:00:50, 3.22Hz] | epoch=10.63, loss=0.081100
[02.11 23:41:00] ┇ INFO    ┇    DeepKNLP.gner.trainer ┇ [training]  89%|█████████████████▊  | 1270/1428 [0:06:35<0:00:49, 3.22Hz] | epoch=10.67, loss=0.121300
[02.11 23:41:01] ┇ INFO    ┇    DeepKNLP.gner.trainer ┇ [training]  89%|█████████████████▊  | 1275/1428 [0:06:36<0:00:47, 3.22Hz] | epoch=10.71, loss=0.098300
[02.11 23:41:02] ┇ INFO    ┇    DeepKNLP.gner.trainer ┇ [training]  90%|█████████████████▉  | 1280/1428 [0:06:37<0:00:45, 3.22Hz] | epoch=10.76, loss=0.098300
[02.11 23:41:03] ┇ INFO    ┇    DeepKNLP.gner.trainer ┇ [training]  90%|█████████████████▉  | 1285/1428 [0:06:38<0:00:44, 3.22Hz] | epoch=10.80, loss=0.152100
[02.11 23:41:04] ┇ INFO    ┇    DeepKNLP.gner.trainer ┇ [training]  90%|██████████████████  | 1290/1428 [0:06:39<0:00:42, 3.22Hz] | epoch=10.84, loss=0.080800
[02.11 23:41:05] ┇ INFO    ┇    DeepKNLP.gner.trainer ┇ [training]  91%|██████████████████▏ | 1295/1428 [0:06:41<0:00:41, 3.22Hz] | epoch=10.88, loss=0.124500
[02.11 23:41:06] ┇ INFO    ┇    DeepKNLP.gner.trainer ┇ [training]  91%|██████████████████▏ | 1300/1428 [0:06:42<0:00:39, 3.22Hz] | epoch=10.92, loss=0.058600
[02.11 23:41:08] ┇ INFO    ┇    DeepKNLP.gner.trainer ┇ [training]  91%|██████████████████▎ | 1305/1428 [0:06:43<0:00:38, 3.22Hz] | epoch=10.97, loss=0.108500
[02.11 23:41:09] ┇ INFO    ┇    DeepKNLP.gner.trainer ┇ [checking]   6%|█▏                  |  1/17 [0:00:00<0:00:00, 119961.10Hz]
[02.11 23:41:13] ┇ INFO    ┇    DeepKNLP.gner.trainer ┇ [checking] 100%|████████████████████| 17/17 [0:00:03<0:00:00, 5.11Hz]
[02.11 23:41:13] ┇ INFO    ┇    DeepKNLP.gner.trainer ┇ [training]  92%|██████████████████▎ | 1309/1428 [0:06:49<0:00:38, 3.06Hz] | epoch=11.00, eval_average=0.5756
[02.11 23:41:14] ┇ INFO    ┇    DeepKNLP.gner.trainer ┇ [training]  92%|██████████████████▎ | 1310/1428 [0:06:49<0:00:38, 3.04Hz] | epoch=11.01, loss=0.116000
[02.11 23:41:15] ┇ INFO    ┇    DeepKNLP.gner.trainer ┇ [training]  92%|██████████████████▍ | 1315/1428 [0:06:50<0:00:35, 3.22Hz] | epoch=11.05, loss=0.091100
[02.11 23:41:16] ┇ INFO    ┇    DeepKNLP.gner.trainer ┇ [training]  92%|██████████████████▍ | 1320/1428 [0:06:51<0:00:33, 3.23Hz] | epoch=11.09, loss=0.099900
[02.11 23:41:17] ┇ INFO    ┇    DeepKNLP.gner.trainer ┇ [training]  93%|██████████████████▌ | 1325/1428 [0:06:52<0:00:31, 3.23Hz] | epoch=11.13, loss=0.087400
[02.11 23:41:18] ┇ INFO    ┇    DeepKNLP.gner.trainer ┇ [training]  93%|██████████████████▋ | 1330/1428 [0:06:54<0:00:30, 3.23Hz] | epoch=11.18, loss=0.100100
[02.11 23:41:19] ┇ INFO    ┇    DeepKNLP.gner.trainer ┇ [training]  93%|██████████████████▋ | 1335/1428 [0:06:55<0:00:28, 3.23Hz] | epoch=11.22, loss=0.120900
[02.11 23:41:20] ┇ INFO    ┇    DeepKNLP.gner.trainer ┇ [training]  94%|██████████████████▊ | 1340/1428 [0:06:56<0:00:27, 3.23Hz] | epoch=11.26, loss=0.152800
[02.11 23:41:22] ┇ INFO    ┇    DeepKNLP.gner.trainer ┇ [training]  94%|██████████████████▊ | 1345/1428 [0:06:57<0:00:25, 3.23Hz] | epoch=11.30, loss=0.095700
[02.11 23:41:23] ┇ INFO    ┇    DeepKNLP.gner.trainer ┇ [training]  95%|██████████████████▉ | 1350/1428 [0:06:58<0:00:24, 3.23Hz] | epoch=11.35, loss=0.114800
[02.11 23:41:24] ┇ INFO    ┇    DeepKNLP.gner.trainer ┇ [training]  95%|██████████████████▉ | 1355/1428 [0:06:59<0:00:22, 3.23Hz] | epoch=11.39, loss=0.097100
[02.11 23:41:25] ┇ INFO    ┇    DeepKNLP.gner.trainer ┇ [training]  95%|███████████████████ | 1360/1428 [0:07:00<0:00:21, 3.23Hz] | epoch=11.43, loss=0.094600
[02.11 23:41:26] ┇ INFO    ┇    DeepKNLP.gner.trainer ┇ [training]  96%|███████████████████ | 1365/1428 [0:07:01<0:00:19, 3.23Hz] | epoch=11.47, loss=0.094800
[02.11 23:41:27] ┇ INFO    ┇    DeepKNLP.gner.trainer ┇ [checking]   6%|█▏                  |  1/17 [0:00:00<0:00:00, 107666.23Hz]
[02.11 23:41:32] ┇ INFO    ┇    DeepKNLP.gner.trainer ┇ [checking] 100%|████████████████████| 17/17 [0:00:03<0:00:00, 5.07Hz]
[02.11 23:41:32] ┇ INFO    ┇    DeepKNLP.gner.trainer ┇ [training]  96%|███████████████████▏| 1368/1428 [0:07:07<0:00:19, 3.06Hz] | epoch=11.50, eval_average=0.5948
[02.11 23:41:32] ┇ INFO    ┇    DeepKNLP.gner.trainer ┇ [training]  96%|███████████████████▏| 1370/1428 [0:07:08<0:00:19, 3.05Hz] | epoch=11.51, loss=0.050700
[02.11 23:41:34] ┇ INFO    ┇    DeepKNLP.gner.trainer ┇ [training]  96%|███████████████████▎| 1375/1428 [0:07:09<0:00:16, 3.22Hz] | epoch=11.55, loss=0.088900
[02.11 23:41:35] ┇ INFO    ┇    DeepKNLP.gner.trainer ┇ [training]  97%|███████████████████▎| 1380/1428 [0:07:10<0:00:14, 3.23Hz] | epoch=11.60, loss=0.121500
[02.11 23:41:36] ┇ INFO    ┇    DeepKNLP.gner.trainer ┇ [training]  97%|███████████████████▍| 1385/1428 [0:07:11<0:00:13, 3.23Hz] | epoch=11.64, loss=0.097500
[02.11 23:41:37] ┇ INFO    ┇    DeepKNLP.gner.trainer ┇ [training]  97%|███████████████████▍| 1390/1428 [0:07:12<0:00:11, 3.23Hz] | epoch=11.68, loss=0.124300
[02.11 23:41:38] ┇ INFO    ┇    DeepKNLP.gner.trainer ┇ [training]  98%|███████████████████▌| 1395/1428 [0:07:13<0:00:10, 3.23Hz] | epoch=11.72, loss=0.129000
[02.11 23:41:39] ┇ INFO    ┇    DeepKNLP.gner.trainer ┇ [training]  98%|███████████████████▌| 1400/1428 [0:07:15<0:00:08, 3.23Hz] | epoch=11.77, loss=0.130400
[02.11 23:41:40] ┇ INFO    ┇    DeepKNLP.gner.trainer ┇ [training]  98%|███████████████████▋| 1405/1428 [0:07:16<0:00:07, 3.23Hz] | epoch=11.81, loss=0.100000
[02.11 23:41:42] ┇ INFO    ┇    DeepKNLP.gner.trainer ┇ [training]  99%|███████████████████▋| 1410/1428 [0:07:17<0:00:05, 3.23Hz] | epoch=11.85, loss=0.124500
[02.11 23:41:43] ┇ INFO    ┇    DeepKNLP.gner.trainer ┇ [training]  99%|███████████████████▊| 1415/1428 [0:07:18<0:00:04, 3.23Hz] | epoch=11.89, loss=0.107000
[02.11 23:41:44] ┇ INFO    ┇    DeepKNLP.gner.trainer ┇ [training]  99%|███████████████████▉| 1420/1428 [0:07:19<0:00:02, 3.23Hz] | epoch=11.93, loss=0.123100
[02.11 23:41:45] ┇ INFO    ┇    DeepKNLP.gner.trainer ┇ [training] 100%|███████████████████▉| 1425/1428 [0:07:20<0:00:00, 3.23Hz] | epoch=11.97, loss=0.070800
[02.11 23:41:46] ┇ INFO    ┇    DeepKNLP.gner.trainer ┇ [checking]   6%|█▏                  |  1/17 [0:00:00<0:00:00, 105396.68Hz]
[02.11 23:41:51] ┇ INFO    ┇    DeepKNLP.gner.trainer ┇ [checking] 100%|████████████████████| 17/17 [0:00:03<0:00:00, 5.07Hz]
[02.11 23:41:51] ┇ INFO    ┇    DeepKNLP.gner.trainer ┇ [training] 100%|████████████████████| 1428/1428 [0:07:26<0:00:00, 3.07Hz] | epoch=12.00, eval_average=0.6009
[02.11 23:41:51] ┇ INFO    ┇    DeepKNLP.gner.trainer ┇ [training] 100%|████████████████████| 1428/1428 [0:07:26<0:00:00, 3.07Hz] | epoch=12.00, train_loss=0.2745, total_pflos=16.164
[02.11 23:41:51] ┇ INFO    ┇    DeepKNLP.gner.trainer ┇ -----------------------------------------------------------------------------------------------------------------------------------------
[02.11 23:41:51] ┇ INFO    ┇                 DeepKNLP ┇ Train output metrics: {'train_runtime': 446.4692, 'train_samples_per_second': 101.651, 'train_steps_per_second': 3.198, 'total_flos': 1.6163740139388928e+16, 'train_loss': 0.27452396344737845, 'epoch': 12.0}
[02.11 23:41:51] ┇ INFO    ┇           chrisbase.data ┇ =========================================================================================================================================
[02.11 23:41:51] ┇ INFO    ┇           chrisbase.data ┇ [EXIT] python task2-nerG-trainer.py --local_rank=0 --trainer_deepspeed configs/deepspeed/ds2_t5.json --run_version FlanT5-Base-WQ=1 --pretrained google/flan-t5-base --eval_epochs 0.5 --logging_steps 5 --num_train_epochs 12 --per_device_eval_batch_size 50 --per_device_train_batch_size 8 --gradient_accumulation_steps 1 --generation_max_length 640 --eval_file data/gner/each-sampled-WQ=1/crossner_ai-dev=100-WQ=1.jsonl --train_file data/gner/each-WQ=1/crossner_ai-train-WQ=1.jsonl --output_file train-metrics-crossner_ai-12ep.csv --logging_file train-loggings-crossner_ai-12ep.out --no_use_flash_attention --no_debugging ($=00:07:39.444)
[02.11 23:41:51] ┇ INFO    ┇           chrisbase.data ┇ =========================================================================================================================================
[02.11 23:41:53] ┇ INFO    ┇ torch._inductor.remote_cache ┇ Cache Metrics: None

[02.11 23:41:53] ┇ INFO    ┇ torch._dynamo.eval_frame ┇ TorchDynamo attempted to trace the following frames: [

]
[02.11 23:41:53] ┇ INFO    ┇      torch._dynamo.utils ┇ TorchDynamo compilation metrics:
Function    Runtimes (s)
----------  --------------
[02.11 23:41:53] ┇ INFO    ┇ torch._subclasses.fake_tensor ┇ FakeTensor cache stats:
[02.11 23:41:53] ┇ INFO    ┇ torch._subclasses.fake_tensor ┇   cache_hits: 0
[02.11 23:41:53] ┇ INFO    ┇ torch._subclasses.fake_tensor ┇   cache_misses: 0
[02.11 23:41:53] ┇ INFO    ┇ torch._inductor.remote_cache ┇ Cache Metrics: None

[02.11 23:41:53] ┇ INFO    ┇ torch._dynamo.eval_frame ┇ TorchDynamo attempted to trace the following frames: [

]
[02.11 23:41:53] ┇ INFO    ┇      torch._dynamo.utils ┇ TorchDynamo compilation metrics:
Function    Runtimes (s)
----------  --------------
[02.11 23:41:53] ┇ INFO    ┇ torch._subclasses.fake_tensor ┇ FakeTensor cache stats:
[02.11 23:41:53] ┇ INFO    ┇ torch._subclasses.fake_tensor ┇   cache_hits: 0
[02.11 23:41:53] ┇ INFO    ┇ torch._subclasses.fake_tensor ┇   cache_misses: 0
[02.11 23:41:53] ┇ INFO    ┇ torch._inductor.remote_cache ┇ Cache Metrics: None

[02.11 23:41:53] ┇ INFO    ┇ torch._dynamo.eval_frame ┇ TorchDynamo attempted to trace the following frames: [

]
[02.11 23:41:53] ┇ INFO    ┇      torch._dynamo.utils ┇ TorchDynamo compilation metrics:
Function    Runtimes (s)
----------  --------------
[02.11 23:41:53] ┇ INFO    ┇ torch._subclasses.fake_tensor ┇ FakeTensor cache stats:
[02.11 23:41:53] ┇ INFO    ┇ torch._subclasses.fake_tensor ┇   cache_hits: 0
[02.11 23:41:53] ┇ INFO    ┇ torch._subclasses.fake_tensor ┇   cache_misses: 0
[02.11 23:41:53] ┇ INFO    ┇ torch._inductor.remote_cache ┇ Cache Metrics: None

[02.11 23:41:53] ┇ INFO    ┇ torch._dynamo.eval_frame ┇ TorchDynamo attempted to trace the following frames: [

]
[02.11 23:41:53] ┇ INFO    ┇      torch._dynamo.utils ┇ TorchDynamo compilation metrics:
Function    Runtimes (s)
----------  --------------
[02.11 23:41:53] ┇ INFO    ┇ torch._subclasses.fake_tensor ┇ FakeTensor cache stats:
[02.11 23:41:53] ┇ INFO    ┇ torch._subclasses.fake_tensor ┇   cache_hits: 0
[02.11 23:41:53] ┇ INFO    ┇ torch._subclasses.fake_tensor ┇   cache_misses: 0
