[02.12 02:48:24] ┇ INFO    ┇           chrisbase.data ┇ =========================================================================================================================================
[02.12 02:48:24] ┇ INFO    ┇           chrisbase.data ┇ [INIT] python task2-nerG-trainer.py --local_rank=0 --trainer_deepspeed configs/deepspeed/ds2_t5.json --run_version FlanT5-Base-BL --pretrained google/flan-t5-base --eval_epochs 0.5 --logging_steps 5 --num_train_epochs 12 --per_device_eval_batch_size 50 --per_device_train_batch_size 8 --gradient_accumulation_steps 4 --generation_max_length 640 --eval_file data/gner/each-sampled-BL/mit-movie-dev=100.jsonl --train_file data/gner/each-BL/mit-movie-train.jsonl --output_file train-metrics-mit-movie-12ep.csv --logging_file train-loggings-mit-movie-12ep.out --no_use_flash_attention --no_debugging
[02.12 02:48:24] ┇ INFO    ┇           chrisbase.data ┇ =========================================================================================================================================
[02.12 02:48:24] ┇ INFO    ┇           chrisbase.data ┇ -----------------------------------------------------------------------------------------------------------------------------------------
[02.12 02:48:24] ┇ INFO    ┇           chrisbase.data ┇   #	TrainingArgumentsForAccelerator              	value
[02.12 02:48:24] ┇ INFO    ┇           chrisbase.data ┇ -----------------------------------------------------------------------------------------------------------------------------------------
[02.12 02:48:24] ┇ INFO    ┇           chrisbase.data ┇   1	env.hostname                                 	dgx-a100
[02.12 02:48:24] ┇ INFO    ┇           chrisbase.data ┇   2	env.hostaddr                                 	129.254.23.12
[02.12 02:48:24] ┇ INFO    ┇           chrisbase.data ┇   3	env.global_rank                              	-1
[02.12 02:48:24] ┇ INFO    ┇           chrisbase.data ┇   4	env.local_rank                               	0
[02.12 02:48:24] ┇ INFO    ┇           chrisbase.data ┇   5	env.node_rank                                	-1
[02.12 02:48:24] ┇ INFO    ┇           chrisbase.data ┇   6	env.world_size                               	4
[02.12 02:48:24] ┇ INFO    ┇           chrisbase.data ┇   7	env.time_stamp                               	0212-024813
[02.12 02:48:24] ┇ INFO    ┇           chrisbase.data ┇   8	env.python_path                              	/raid/chrisjihee/miniforge3/envs/DeepKNLP/bin/python
[02.12 02:48:24] ┇ INFO    ┇           chrisbase.data ┇   9	env.current_dir                              	/raid/chrisjihee/proj/DeepKNLP
[02.12 02:48:24] ┇ INFO    ┇           chrisbase.data ┇  10	env.current_file                             	task2-nerG-trainer.py
[02.12 02:48:24] ┇ INFO    ┇           chrisbase.data ┇  11	env.command_args                             	['--local_rank=0', '--trainer_deepspeed', 'configs/deepspeed/ds2_t5.json', '--run_version', 'FlanT5-Base-BL', '--pretrained', 'google/flan-t5-base', '--eval_epochs', '0.5', '--logging_steps', '5', '--num_train_epochs', '12', '--per_device_eval_batch_size', '50', '--per_device_train_batch_size', '8', '--gradient_accumulation_steps', '4', '--generation_max_length', '640', '--eval_file', 'data/gner/each-sampled-BL/mit-movie-dev=100.jsonl', '--train_file', 'data/gner/each-BL/mit-movie-train.jsonl', '--output_file', 'train-metrics-mit-movie-12ep.csv', '--logging_file', 'train-loggings-mit-movie-12ep.out', '--no_use_flash_attention', '--no_debugging']
[02.12 02:48:24] ┇ INFO    ┇           chrisbase.data ┇  12	env.output_home                              	output
[02.12 02:48:24] ┇ INFO    ┇           chrisbase.data ┇  13	env.output_name                              	GNER
[02.12 02:48:24] ┇ INFO    ┇           chrisbase.data ┇  14	env.run_version                              	FlanT5-Base-BL
[02.12 02:48:24] ┇ INFO    ┇           chrisbase.data ┇  15	env.output_file                              	train-metrics-mit-movie-12ep-0212-024813.csv
[02.12 02:48:24] ┇ INFO    ┇           chrisbase.data ┇  16	env.logging_file                             	train-loggings-mit-movie-12ep-0212-024813.out
[02.12 02:48:24] ┇ INFO    ┇           chrisbase.data ┇  17	env.logging_level                            	30
[02.12 02:48:24] ┇ INFO    ┇           chrisbase.data ┇  18	env.logging_format                           	%(asctime)s ┇ %(levelname)-7s ┇ %(name)24s ┇ %(message)s
[02.12 02:48:24] ┇ INFO    ┇           chrisbase.data ┇  19	env.datetime_format                          	[%m.%d %H:%M:%S]
[02.12 02:48:24] ┇ INFO    ┇           chrisbase.data ┇  20	env.argument_file                            	train-arguments-0212-024813.json
[02.12 02:48:24] ┇ INFO    ┇           chrisbase.data ┇  21	env.random_seed                              	7
[02.12 02:48:24] ┇ INFO    ┇           chrisbase.data ┇  22	env.max_workers                              	4
[02.12 02:48:24] ┇ INFO    ┇           chrisbase.data ┇  23	env.debugging                                	False
[02.12 02:48:24] ┇ INFO    ┇           chrisbase.data ┇  24	env.output_dir                               	output/GNER/FlanT5-Base-BL
[02.12 02:48:24] ┇ INFO    ┇           chrisbase.data ┇  25	time.t1                                      	2025-02-12 02:48:24.536286
[02.12 02:48:24] ┇ INFO    ┇           chrisbase.data ┇  26	time.t2                                      	2025-02-12 02:48:11.820802
[02.12 02:48:24] ┇ INFO    ┇           chrisbase.data ┇  27	time.started                                 	[02.12 02:48:24]
[02.12 02:48:24] ┇ INFO    ┇           chrisbase.data ┇  28	time.settled
[02.12 02:48:24] ┇ INFO    ┇           chrisbase.data ┇  29	time.elapsed
[02.12 02:48:24] ┇ INFO    ┇           chrisbase.data ┇  30	data.train_file                              	data/gner/each-BL/mit-movie-train.jsonl
[02.12 02:48:24] ┇ INFO    ┇           chrisbase.data ┇  31	data.study_file
[02.12 02:48:24] ┇ INFO    ┇           chrisbase.data ┇  32	data.eval_file                               	data/gner/each-sampled-BL/mit-movie-dev=100.jsonl
[02.12 02:48:24] ┇ INFO    ┇           chrisbase.data ┇  33	data.pred_file
[02.12 02:48:24] ┇ INFO    ┇           chrisbase.data ┇  34	data.pretrained                              	google/flan-t5-base
[02.12 02:48:24] ┇ INFO    ┇           chrisbase.data ┇  35	data.max_train_samples                       	-1
[02.12 02:48:24] ┇ INFO    ┇           chrisbase.data ┇  36	data.max_study_samples                       	-1
[02.12 02:48:24] ┇ INFO    ┇           chrisbase.data ┇  37	data.max_eval_samples                        	-1
[02.12 02:48:24] ┇ INFO    ┇           chrisbase.data ┇  38	data.max_pred_samples                        	-1
[02.12 02:48:24] ┇ INFO    ┇           chrisbase.data ┇  39	data.use_cache_data                          	False
[02.12 02:48:24] ┇ INFO    ┇           chrisbase.data ┇  40	data.progress_seconds                        	10.0
[02.12 02:48:24] ┇ INFO    ┇           chrisbase.data ┇  41	data.max_source_length                       	640
[02.12 02:48:24] ┇ INFO    ┇           chrisbase.data ┇  42	data.max_target_length                       	640
[02.12 02:48:24] ┇ INFO    ┇           chrisbase.data ┇  43	data.write_predictions                       	False
[02.12 02:48:24] ┇ INFO    ┇           chrisbase.data ┇  44	data.ignore_pad_token_for_loss               	True
[02.12 02:48:24] ┇ INFO    ┇           chrisbase.data ┇  45	train._n_gpu                                 	1
[02.12 02:48:24] ┇ INFO    ┇           chrisbase.data ┇  46	train.accelerator_config                     	{'split_batches': False, 'dispatch_batches': None, 'even_batches': True, 'use_seedable_sampler': True, 'non_blocking': False, 'gradient_accumulation_kwargs': None, 'use_configured_state': False}
[02.12 02:48:24] ┇ INFO    ┇           chrisbase.data ┇  47	train.adafactor                              	False
[02.12 02:48:24] ┇ INFO    ┇           chrisbase.data ┇  48	train.adam_beta1                             	0.9
[02.12 02:48:24] ┇ INFO    ┇           chrisbase.data ┇  49	train.adam_beta2                             	0.999
[02.12 02:48:24] ┇ INFO    ┇           chrisbase.data ┇  50	train.adam_epsilon                           	1e-08
[02.12 02:48:24] ┇ INFO    ┇           chrisbase.data ┇  51	train.auto_find_batch_size                   	False
[02.12 02:48:24] ┇ INFO    ┇           chrisbase.data ┇  52	train.average_tokens_across_devices          	False
[02.12 02:48:24] ┇ INFO    ┇           chrisbase.data ┇  53	train.batch_eval_metrics                     	False
[02.12 02:48:24] ┇ INFO    ┇           chrisbase.data ┇  54	train.bf16                                   	True
[02.12 02:48:24] ┇ INFO    ┇           chrisbase.data ┇  55	train.bf16_full_eval                         	True
[02.12 02:48:24] ┇ INFO    ┇           chrisbase.data ┇  56	train.data_seed
[02.12 02:48:24] ┇ INFO    ┇           chrisbase.data ┇  57	train.dataloader_drop_last                   	False
[02.12 02:48:24] ┇ INFO    ┇           chrisbase.data ┇  58	train.dataloader_num_workers                 	0
[02.12 02:48:24] ┇ INFO    ┇           chrisbase.data ┇  59	train.dataloader_persistent_workers          	False
[02.12 02:48:24] ┇ INFO    ┇           chrisbase.data ┇  60	train.dataloader_pin_memory                  	True
[02.12 02:48:24] ┇ INFO    ┇           chrisbase.data ┇  61	train.dataloader_prefetch_factor
[02.12 02:48:24] ┇ INFO    ┇           chrisbase.data ┇  62	train.ddp_backend
[02.12 02:48:24] ┇ INFO    ┇           chrisbase.data ┇  63	train.ddp_broadcast_buffers
[02.12 02:48:24] ┇ INFO    ┇           chrisbase.data ┇  64	train.ddp_bucket_cap_mb
[02.12 02:48:24] ┇ INFO    ┇           chrisbase.data ┇  65	train.ddp_find_unused_parameters
[02.12 02:48:24] ┇ INFO    ┇           chrisbase.data ┇  66	train.ddp_timeout                            	1800
[02.12 02:48:24] ┇ INFO    ┇           chrisbase.data ┇  67	train.debug                                  	[]
[02.12 02:48:24] ┇ INFO    ┇           chrisbase.data ┇  68	train.deepspeed                              	configs/deepspeed/ds2_t5.json
[02.12 02:48:24] ┇ INFO    ┇           chrisbase.data ┇  69	train.disable_tqdm                           	True
[02.12 02:48:24] ┇ INFO    ┇           chrisbase.data ┇  70	train.dispatch_batches
[02.12 02:48:24] ┇ INFO    ┇           chrisbase.data ┇  71	train.do_eval                                	True
[02.12 02:48:24] ┇ INFO    ┇           chrisbase.data ┇  72	train.do_predict                             	False
[02.12 02:48:24] ┇ INFO    ┇           chrisbase.data ┇  73	train.do_train                               	True
[02.12 02:48:24] ┇ INFO    ┇           chrisbase.data ┇  74	train.eval_accumulation_steps                	1
[02.12 02:48:24] ┇ INFO    ┇           chrisbase.data ┇  75	train.eval_delay                             	0.0
[02.12 02:48:24] ┇ INFO    ┇           chrisbase.data ┇  76	train.eval_do_concat_batches                 	True
[02.12 02:48:24] ┇ INFO    ┇           chrisbase.data ┇  77	train.eval_epochs                            	0.5
[02.12 02:48:24] ┇ INFO    ┇           chrisbase.data ┇  78	train.eval_on_start                          	False
[02.12 02:48:24] ┇ INFO    ┇           chrisbase.data ┇  79	train.eval_steps                             	9223372036854775807
[02.12 02:48:24] ┇ INFO    ┇           chrisbase.data ┇  80	train.eval_strategy                          	IntervalStrategy.NO
[02.12 02:48:24] ┇ INFO    ┇           chrisbase.data ┇  81	train.eval_use_gather_object                 	False
[02.12 02:48:24] ┇ INFO    ┇           chrisbase.data ┇  82	train.evaluation_strategy
[02.12 02:48:24] ┇ INFO    ┇           chrisbase.data ┇  83	train.fp16                                   	False
[02.12 02:48:24] ┇ INFO    ┇           chrisbase.data ┇  84	train.fp16_backend                           	auto
[02.12 02:48:24] ┇ INFO    ┇           chrisbase.data ┇  85	train.fp16_full_eval                         	False
[02.12 02:48:24] ┇ INFO    ┇           chrisbase.data ┇  86	train.fp16_opt_level                         	O1
[02.12 02:48:24] ┇ INFO    ┇           chrisbase.data ┇  87	train.fsdp                                   	[]
[02.12 02:48:24] ┇ INFO    ┇           chrisbase.data ┇  88	train.fsdp_config                            	{'min_num_params': 0, 'xla': False, 'xla_fsdp_v2': False, 'xla_fsdp_grad_ckpt': False}
[02.12 02:48:24] ┇ INFO    ┇           chrisbase.data ┇  89	train.fsdp_min_num_params                    	0
[02.12 02:48:24] ┇ INFO    ┇           chrisbase.data ┇  90	train.fsdp_transformer_layer_cls_to_wrap
[02.12 02:48:24] ┇ INFO    ┇           chrisbase.data ┇  91	train.full_determinism                       	False
[02.12 02:48:24] ┇ INFO    ┇           chrisbase.data ┇  92	train.generation_config
[02.12 02:48:24] ┇ INFO    ┇           chrisbase.data ┇  93	train.generation_max_length                  	640
[02.12 02:48:24] ┇ INFO    ┇           chrisbase.data ┇  94	train.generation_num_beams
[02.12 02:48:24] ┇ INFO    ┇           chrisbase.data ┇  95	train.gradient_accumulation_steps            	4
[02.12 02:48:24] ┇ INFO    ┇           chrisbase.data ┇  96	train.gradient_checkpointing                 	True
[02.12 02:48:24] ┇ INFO    ┇           chrisbase.data ┇  97	train.gradient_checkpointing_kwargs
[02.12 02:48:24] ┇ INFO    ┇           chrisbase.data ┇  98	train.greater_is_better
[02.12 02:48:24] ┇ INFO    ┇           chrisbase.data ┇  99	train.group_by_length                        	False
[02.12 02:48:24] ┇ INFO    ┇           chrisbase.data ┇ 100	train.half_precision_backend                 	auto
[02.12 02:48:24] ┇ INFO    ┇           chrisbase.data ┇ 101	train.hub_always_push                        	False
[02.12 02:48:24] ┇ INFO    ┇           chrisbase.data ┇ 102	train.hub_model_id
[02.12 02:48:24] ┇ INFO    ┇           chrisbase.data ┇ 103	train.hub_private_repo
[02.12 02:48:24] ┇ INFO    ┇           chrisbase.data ┇ 104	train.hub_strategy                           	HubStrategy.EVERY_SAVE
[02.12 02:48:24] ┇ INFO    ┇           chrisbase.data ┇ 105	train.hub_token
[02.12 02:48:24] ┇ INFO    ┇           chrisbase.data ┇ 106	train.ignore_data_skip                       	False
[02.12 02:48:24] ┇ INFO    ┇           chrisbase.data ┇ 107	train.include_for_metrics                    	[]
[02.12 02:48:24] ┇ INFO    ┇           chrisbase.data ┇ 108	train.include_inputs_for_metrics             	False
[02.12 02:48:24] ┇ INFO    ┇           chrisbase.data ┇ 109	train.include_num_input_tokens_seen          	False
[02.12 02:48:24] ┇ INFO    ┇           chrisbase.data ┇ 110	train.include_tokens_per_second              	False
[02.12 02:48:24] ┇ INFO    ┇           chrisbase.data ┇ 111	train.jit_mode_eval                          	False
[02.12 02:48:24] ┇ INFO    ┇           chrisbase.data ┇ 112	train.label_names
[02.12 02:48:24] ┇ INFO    ┇           chrisbase.data ┇ 113	train.label_smoothing_factor                 	0.0
[02.12 02:48:24] ┇ INFO    ┇           chrisbase.data ┇ 114	train.learning_rate                          	2e-05
[02.12 02:48:24] ┇ INFO    ┇           chrisbase.data ┇ 115	train.length_column_name                     	length
[02.12 02:48:24] ┇ INFO    ┇           chrisbase.data ┇ 116	train.load_best_model_at_end                 	False
[02.12 02:48:24] ┇ INFO    ┇           chrisbase.data ┇ 117	train.local_rank                             	0
[02.12 02:48:24] ┇ INFO    ┇           chrisbase.data ┇ 118	train.log_level                              	warning
[02.12 02:48:24] ┇ INFO    ┇           chrisbase.data ┇ 119	train.log_level_replica                      	error
[02.12 02:48:24] ┇ INFO    ┇           chrisbase.data ┇ 120	train.log_on_each_node                       	True
[02.12 02:48:24] ┇ INFO    ┇           chrisbase.data ┇ 121	train.logging_dir                            	output/GNER/FlanT5-Base-BL/runs/Feb12_02-48-21_dgx-a100
[02.12 02:48:24] ┇ INFO    ┇           chrisbase.data ┇ 122	train.logging_epochs                         	-1.0
[02.12 02:48:24] ┇ INFO    ┇           chrisbase.data ┇ 123	train.logging_first_step                     	False
[02.12 02:48:24] ┇ INFO    ┇           chrisbase.data ┇ 124	train.logging_nan_inf_filter                 	True
[02.12 02:48:24] ┇ INFO    ┇           chrisbase.data ┇ 125	train.logging_steps                          	5
[02.12 02:48:24] ┇ INFO    ┇           chrisbase.data ┇ 126	train.logging_strategy                       	IntervalStrategy.STEPS
[02.12 02:48:24] ┇ INFO    ┇           chrisbase.data ┇ 127	train.lr_scheduler_kwargs                    	{}
[02.12 02:48:24] ┇ INFO    ┇           chrisbase.data ┇ 128	train.lr_scheduler_type                      	SchedulerType.COSINE
[02.12 02:48:24] ┇ INFO    ┇           chrisbase.data ┇ 129	train.max_grad_norm                          	1.0
[02.12 02:48:24] ┇ INFO    ┇           chrisbase.data ┇ 130	train.max_steps                              	-1
[02.12 02:48:24] ┇ INFO    ┇           chrisbase.data ┇ 131	train.metric_for_best_model
[02.12 02:48:24] ┇ INFO    ┇           chrisbase.data ┇ 132	train.mp_parameters
[02.12 02:48:24] ┇ INFO    ┇           chrisbase.data ┇ 133	train.neftune_noise_alpha
[02.12 02:48:24] ┇ INFO    ┇           chrisbase.data ┇ 134	train.no_cuda                                	False
[02.12 02:48:24] ┇ INFO    ┇           chrisbase.data ┇ 135	train.num_train_epochs                       	12.0
[02.12 02:48:24] ┇ INFO    ┇           chrisbase.data ┇ 136	train.optim                                  	OptimizerNames.ADAMW_TORCH
[02.12 02:48:24] ┇ INFO    ┇           chrisbase.data ┇ 137	train.optim_args
[02.12 02:48:24] ┇ INFO    ┇           chrisbase.data ┇ 138	train.optim_target_modules
[02.12 02:48:24] ┇ INFO    ┇           chrisbase.data ┇ 139	train.output_dir                             	output/GNER/FlanT5-Base-BL
[02.12 02:48:24] ┇ INFO    ┇           chrisbase.data ┇ 140	train.overwrite_output_dir                   	True
[02.12 02:48:24] ┇ INFO    ┇           chrisbase.data ┇ 141	train.past_index                             	-1
[02.12 02:48:24] ┇ INFO    ┇           chrisbase.data ┇ 142	train.per_device_eval_batch_size             	50
[02.12 02:48:24] ┇ INFO    ┇           chrisbase.data ┇ 143	train.per_device_train_batch_size            	8
[02.12 02:48:24] ┇ INFO    ┇           chrisbase.data ┇ 144	train.per_gpu_eval_batch_size
[02.12 02:48:24] ┇ INFO    ┇           chrisbase.data ┇ 145	train.per_gpu_train_batch_size
[02.12 02:48:24] ┇ INFO    ┇           chrisbase.data ┇ 146	train.predict_with_generate                  	True
[02.12 02:48:24] ┇ INFO    ┇           chrisbase.data ┇ 147	train.prediction_loss_only                   	False
[02.12 02:48:24] ┇ INFO    ┇           chrisbase.data ┇ 148	train.push_to_hub                            	False
[02.12 02:48:24] ┇ INFO    ┇           chrisbase.data ┇ 149	train.push_to_hub_model_id
[02.12 02:48:24] ┇ INFO    ┇           chrisbase.data ┇ 150	train.push_to_hub_organization
[02.12 02:48:24] ┇ INFO    ┇           chrisbase.data ┇ 151	train.push_to_hub_token
[02.12 02:48:24] ┇ INFO    ┇           chrisbase.data ┇ 152	train.ray_scope                              	last
[02.12 02:48:24] ┇ INFO    ┇           chrisbase.data ┇ 153	train.remove_unused_columns                  	False
[02.12 02:48:24] ┇ INFO    ┇           chrisbase.data ┇ 154	train.report_to                              	[]
[02.12 02:48:24] ┇ INFO    ┇           chrisbase.data ┇ 155	train.restore_callback_states_from_checkpoint	False
[02.12 02:48:24] ┇ INFO    ┇           chrisbase.data ┇ 156	train.resume_from_checkpoint
[02.12 02:48:24] ┇ INFO    ┇           chrisbase.data ┇ 157	train.run_name                               	output/GNER/FlanT5-Base-BL
[02.12 02:48:24] ┇ INFO    ┇           chrisbase.data ┇ 158	train.save_epochs                            	-1.0
[02.12 02:48:24] ┇ INFO    ┇           chrisbase.data ┇ 159	train.save_on_each_node                      	False
[02.12 02:48:24] ┇ INFO    ┇           chrisbase.data ┇ 160	train.save_only_model                        	False
[02.12 02:48:24] ┇ INFO    ┇           chrisbase.data ┇ 161	train.save_safetensors                       	True
[02.12 02:48:24] ┇ INFO    ┇           chrisbase.data ┇ 162	train.save_steps                             	9223372036854775807
[02.12 02:48:24] ┇ INFO    ┇           chrisbase.data ┇ 163	train.save_strategy                          	SaveStrategy.NO
[02.12 02:48:24] ┇ INFO    ┇           chrisbase.data ┇ 164	train.save_total_limit
[02.12 02:48:24] ┇ INFO    ┇           chrisbase.data ┇ 165	train.seed                                   	7
[02.12 02:48:24] ┇ INFO    ┇           chrisbase.data ┇ 166	train.skip_memory_metrics                    	True
[02.12 02:48:24] ┇ INFO    ┇           chrisbase.data ┇ 167	train.sortish_sampler                        	False
[02.12 02:48:24] ┇ INFO    ┇           chrisbase.data ┇ 168	train.split_batches
[02.12 02:48:24] ┇ INFO    ┇           chrisbase.data ┇ 169	train.tf32                                   	True
[02.12 02:48:24] ┇ INFO    ┇           chrisbase.data ┇ 170	train.torch_compile                          	False
[02.12 02:48:24] ┇ INFO    ┇           chrisbase.data ┇ 171	train.torch_compile_backend
[02.12 02:48:24] ┇ INFO    ┇           chrisbase.data ┇ 172	train.torch_compile_mode
[02.12 02:48:24] ┇ INFO    ┇           chrisbase.data ┇ 173	train.torch_empty_cache_steps
[02.12 02:48:24] ┇ INFO    ┇           chrisbase.data ┇ 174	train.torchdynamo
[02.12 02:48:24] ┇ INFO    ┇           chrisbase.data ┇ 175	train.tpu_metrics_debug                      	False
[02.12 02:48:24] ┇ INFO    ┇           chrisbase.data ┇ 176	train.tpu_num_cores
[02.12 02:48:24] ┇ INFO    ┇           chrisbase.data ┇ 177	train.use_cpu                                	False
[02.12 02:48:24] ┇ INFO    ┇           chrisbase.data ┇ 178	train.use_flash_attention                    	False
[02.12 02:48:24] ┇ INFO    ┇           chrisbase.data ┇ 179	train.use_ipex                               	False
[02.12 02:48:24] ┇ INFO    ┇           chrisbase.data ┇ 180	train.use_legacy_prediction_loop             	False
[02.12 02:48:24] ┇ INFO    ┇           chrisbase.data ┇ 181	train.use_liger_kernel                       	False
[02.12 02:48:24] ┇ INFO    ┇           chrisbase.data ┇ 182	train.use_mps_device                         	False
[02.12 02:48:24] ┇ INFO    ┇           chrisbase.data ┇ 183	train.warmup_ratio                           	0.04
[02.12 02:48:24] ┇ INFO    ┇           chrisbase.data ┇ 184	train.warmup_steps                           	0
[02.12 02:48:24] ┇ INFO    ┇           chrisbase.data ┇ 185	train.weight_decay                           	0.0
[02.12 02:48:24] ┇ INFO    ┇           chrisbase.data ┇ -----------------------------------------------------------------------------------------------------------------------------------------
[02.12 02:48:26] ┇ INFO    ┇                 DeepKNLP ┇ model type: <class 'transformers.models.t5.modeling_t5.T5ForConditionalGeneration'>
[02.12 02:48:26] ┇ INFO    ┇                 DeepKNLP ┇ model pad_token_id: 0
[02.12 02:48:27] ┇ INFO    ┇                 DeepKNLP ┇ Loaded raw train_dataset (#=9775): data/gner/each-BL/mit-movie-train.jsonl
[02.12 02:48:27] ┇ INFO    ┇                 DeepKNLP ┇ Preprocess train_dataset:   0%|                    |    4/9775 [0:00:00<0:10:54, 14.93Hz]
[02.12 02:48:29] ┇ INFO    ┇                 DeepKNLP ┇ Preprocess train_dataset: 100%|████████████████████| 9775/9775 [0:00:01<0:00:00, 7617.01Hz]
[02.12 02:48:29] ┇ INFO    ┇                 DeepKNLP ┇ Completed preprocessing for train_dataset by google/flan-t5-base at [02.12 02:48:29]
[02.12 02:48:29] ┇ INFO    ┇                 DeepKNLP ┇ Loaded raw eval_dataset (#=100): data/gner/each-sampled-BL/mit-movie-dev=100.jsonl
[02.12 02:48:29] ┇ INFO    ┇                 DeepKNLP ┇ Preprocess eval_dataset:   4%|▊                   |   4/100 [0:00:00<0:00:05, 17.74Hz]
[02.12 02:48:29] ┇ INFO    ┇                 DeepKNLP ┇ Preprocess eval_dataset: 100%|████████████████████| 100/100 [0:00:00<0:00:00, 419.93Hz]
[02.12 02:48:30] ┇ INFO    ┇                 DeepKNLP ┇ Completed preprocessing for eval_dataset by google/flan-t5-base at [02.12 02:48:29]
[02.12 02:48:34] ┇ INFO    ┇ torch.distributed.distributed_c10d ┇ Using backend config: {'cuda': 'nccl'}
[02.12 02:48:34] ┇ INFO    ┇ torch.distributed.distributed_c10d ┇ Using backend config: {'cuda': 'nccl'}
[02.12 02:48:34] ┇ INFO    ┇ torch.distributed.distributed_c10d ┇ Using backend config: {'cuda': 'nccl'}
[02.12 02:48:36] ┇ INFO    ┇ torch.distributed.distributed_c10d ┇ Using backend config: {'cuda': 'nccl'}
[02.12 02:48:46] ┇ WARNING ┇                DeepSpeed ┇ Attempting to get learning rate from scheduler before it has started
[02.12 02:48:46] ┇ INFO    ┇    DeepKNLP.gner.trainer ┇ -----------------------------------------------------------------------------------------------------------------------------------------
[02.12 02:48:46] ┇ INFO    ┇    DeepKNLP.gner.trainer ┇ ***** Beginning Training *****
[02.12 02:48:46] ┇ INFO    ┇    DeepKNLP.gner.trainer ┇ >> Train Epochs       = 12.0
[02.12 02:48:46] ┇ INFO    ┇    DeepKNLP.gner.trainer ┇ >> Train Examples     = 9,775
[02.12 02:48:46] ┇ INFO    ┇    DeepKNLP.gner.trainer ┇ >> Train Batch Size   = 128 = 8 * 4 * 4
[02.12 02:48:46] ┇ INFO    ┇    DeepKNLP.gner.trainer ┇ >> Train Optim Steps  = 912 = 76 * 12.0
[02.12 02:48:46] ┇ INFO    ┇    DeepKNLP.gner.trainer ┇ >> Train Model Params = 247,577,856
[02.12 02:48:46] ┇ INFO    ┇    DeepKNLP.gner.trainer ┇ >> Trainer Callbacks  = DefaultFlowCallback, CustomProgressCallback
[02.12 02:48:46] ┇ INFO    ┇    DeepKNLP.gner.trainer ┇ >> Zero Optim Stage   = 2
[02.12 02:48:46] ┇ INFO    ┇    DeepKNLP.gner.trainer ┇ >> Eval Examples      = 100
[02.12 02:48:46] ┇ INFO    ┇    DeepKNLP.gner.trainer ┇ >> Eval Batch Size    = 200 = 50 * 4
[02.12 02:48:53] ┇ INFO    ┇    DeepKNLP.gner.trainer ┇ [training]   1%|                    |   5/912 [0:00:06<0:20:43, 0.73Hz] | epoch=0.07, loss=2.857200
[02.12 02:48:57] ┇ INFO    ┇    DeepKNLP.gner.trainer ┇ [training]   1%|▏                   |  10/912 [0:00:11<0:16:41, 0.90Hz] | epoch=0.13, loss=2.685000
[02.12 02:49:00] ┇ INFO    ┇    DeepKNLP.gner.trainer ┇ [training]   2%|▎                   |  15/912 [0:00:14<0:14:02, 1.07Hz] | epoch=0.20, loss=1.933600
[02.12 02:49:03] ┇ INFO    ┇    DeepKNLP.gner.trainer ┇ [training]   2%|▍                   |  20/912 [0:00:17<0:12:59, 1.14Hz] | epoch=0.26, loss=1.362800
[02.12 02:49:06] ┇ INFO    ┇    DeepKNLP.gner.trainer ┇ [training]   3%|▌                   |  25/912 [0:00:20<0:12:10, 1.21Hz] | epoch=0.33, loss=1.002800
[02.12 02:49:09] ┇ INFO    ┇    DeepKNLP.gner.trainer ┇ [training]   3%|▋                   |  30/912 [0:00:23<0:11:32, 1.27Hz] | epoch=0.40, loss=0.750700
[02.12 02:49:12] ┇ INFO    ┇    DeepKNLP.gner.trainer ┇ [training]   4%|▊                   |  35/912 [0:00:26<0:11:06, 1.32Hz] | epoch=0.46, loss=0.564600
[02.12 02:49:34] ┇ INFO    ┇    DeepKNLP.gner.trainer ┇ [checking] 100%|████████████████████| 1/1 [0:00:00<0:00:00, 38435.78Hz]
[02.12 02:49:34] ┇ INFO    ┇    DeepKNLP.gner.trainer ┇ [training]   4%|▊                   |  38/912 [0:00:47<0:18:19, 0.79Hz] | epoch=0.50, eval_average=0.1644
[02.12 02:49:35] ┇ INFO    ┇    DeepKNLP.gner.trainer ┇ [training]   4%|▉                   |  40/912 [0:00:49<0:17:48, 0.82Hz] | epoch=0.53, loss=0.442300
[02.12 02:49:38] ┇ INFO    ┇    DeepKNLP.gner.trainer ┇ [training]   5%|▉                   |  45/912 [0:00:52<0:16:46, 0.86Hz] | epoch=0.59, loss=0.344000
[02.12 02:49:42] ┇ INFO    ┇    DeepKNLP.gner.trainer ┇ [training]   5%|█                   |  50/912 [0:00:55<0:16:03, 0.89Hz] | epoch=0.66, loss=0.275600
[02.12 02:49:45] ┇ INFO    ┇    DeepKNLP.gner.trainer ┇ [training]   6%|█▏                  |  55/912 [0:00:58<0:15:17, 0.93Hz] | epoch=0.72, loss=0.240900
[02.12 02:49:48] ┇ INFO    ┇    DeepKNLP.gner.trainer ┇ [training]   7%|█▎                  |  60/912 [0:01:01<0:14:38, 0.97Hz] | epoch=0.79, loss=0.204400
[02.12 02:49:51] ┇ INFO    ┇    DeepKNLP.gner.trainer ┇ [training]   7%|█▍                  |  65/912 [0:01:04<0:14:04, 1.00Hz] | epoch=0.85, loss=0.183000
[02.12 02:49:54] ┇ INFO    ┇    DeepKNLP.gner.trainer ┇ [training]   8%|█▌                  |  70/912 [0:01:07<0:13:36, 1.03Hz] | epoch=0.92, loss=0.159000
[02.12 02:49:57] ┇ INFO    ┇    DeepKNLP.gner.trainer ┇ [training]   8%|█▋                  |  75/912 [0:01:10<0:13:10, 1.06Hz] | epoch=0.99, loss=0.152600
[02.12 02:50:07] ┇ INFO    ┇    DeepKNLP.gner.trainer ┇ [checking] 100%|████████████████████| 1/1 [0:00:00<0:00:00, 29273.22Hz]
[02.12 02:50:07] ┇ INFO    ┇    DeepKNLP.gner.trainer ┇ [training]   8%|█▋                  |  76/912 [0:01:21<0:14:53, 0.94Hz] | epoch=1.00, eval_average=0.5676
[02.12 02:50:09] ┇ INFO    ┇    DeepKNLP.gner.trainer ┇ [training]   9%|█▊                  |  80/912 [0:01:23<0:14:26, 0.96Hz] | epoch=1.05, loss=0.134500
[02.12 02:50:12] ┇ INFO    ┇    DeepKNLP.gner.trainer ┇ [training]   9%|█▊                  |  85/912 [0:01:26<0:13:59, 0.98Hz] | epoch=1.12, loss=0.137400
[02.12 02:50:15] ┇ INFO    ┇    DeepKNLP.gner.trainer ┇ [training]  10%|█▉                  |  90/912 [0:01:29<0:13:39, 1.00Hz] | epoch=1.18, loss=0.126400
[02.12 02:50:18] ┇ INFO    ┇    DeepKNLP.gner.trainer ┇ [training]  10%|██                  |  95/912 [0:01:32<0:13:17, 1.03Hz] | epoch=1.25, loss=0.129100
[02.12 02:50:21] ┇ INFO    ┇    DeepKNLP.gner.trainer ┇ [training]  11%|██▏                 | 100/912 [0:01:35<0:12:56, 1.05Hz] | epoch=1.32, loss=0.120300
[02.12 02:50:24] ┇ INFO    ┇    DeepKNLP.gner.trainer ┇ [training]  12%|██▎                 | 105/912 [0:01:38<0:12:38, 1.06Hz] | epoch=1.38, loss=0.112300
[02.12 02:50:27] ┇ INFO    ┇    DeepKNLP.gner.trainer ┇ [training]  12%|██▍                 | 110/912 [0:01:41<0:12:20, 1.08Hz] | epoch=1.45, loss=0.103500
[02.12 02:50:39] ┇ INFO    ┇    DeepKNLP.gner.trainer ┇ [checking] 100%|████████████████████| 1/1 [0:00:00<0:00:00, 41259.68Hz]
[02.12 02:50:39] ┇ INFO    ┇    DeepKNLP.gner.trainer ┇ [training]  12%|██▌                 | 114/912 [0:01:53<0:13:16, 1.00Hz] | epoch=1.50, eval_average=0.7380
[02.12 02:50:40] ┇ INFO    ┇    DeepKNLP.gner.trainer ┇ [training]  13%|██▌                 | 115/912 [0:01:54<0:13:12, 1.01Hz] | epoch=1.51, loss=0.101400
[02.12 02:50:43] ┇ INFO    ┇    DeepKNLP.gner.trainer ┇ [training]  13%|██▋                 | 120/912 [0:01:57<0:12:54, 1.02Hz] | epoch=1.58, loss=0.099000
[02.12 02:50:46] ┇ INFO    ┇    DeepKNLP.gner.trainer ┇ [training]  14%|██▋                 | 125/912 [0:02:00<0:12:38, 1.04Hz] | epoch=1.65, loss=0.100800
[02.12 02:50:49] ┇ INFO    ┇    DeepKNLP.gner.trainer ┇ [training]  14%|██▊                 | 130/912 [0:02:03<0:12:22, 1.05Hz] | epoch=1.71, loss=0.096100
[02.12 02:50:52] ┇ INFO    ┇    DeepKNLP.gner.trainer ┇ [training]  15%|██▉                 | 135/912 [0:02:06<0:12:08, 1.07Hz] | epoch=1.78, loss=0.090600
[02.12 02:50:55] ┇ INFO    ┇    DeepKNLP.gner.trainer ┇ [training]  15%|███                 | 140/912 [0:02:09<0:11:54, 1.08Hz] | epoch=1.84, loss=0.087500
[02.12 02:50:58] ┇ INFO    ┇    DeepKNLP.gner.trainer ┇ [training]  16%|███▏                | 145/912 [0:02:12<0:11:41, 1.09Hz] | epoch=1.91, loss=0.088600
[02.12 02:51:01] ┇ INFO    ┇    DeepKNLP.gner.trainer ┇ [training]  16%|███▎                | 150/912 [0:02:15<0:11:28, 1.11Hz] | epoch=1.97, loss=0.087600
[02.12 02:51:12] ┇ INFO    ┇    DeepKNLP.gner.trainer ┇ [checking] 100%|████████████████████| 1/1 [0:00:00<0:00:00, 39388.92Hz]
[02.12 02:51:12] ┇ INFO    ┇    DeepKNLP.gner.trainer ┇ [training]  17%|███▎                | 152/912 [0:02:26<0:12:12, 1.04Hz] | epoch=2.00, eval_average=0.7725
[02.12 02:51:14] ┇ INFO    ┇    DeepKNLP.gner.trainer ┇ [training]  17%|███▍                | 155/912 [0:02:27<0:12:02, 1.05Hz] | epoch=2.04, loss=0.075400
[02.12 02:51:17] ┇ INFO    ┇    DeepKNLP.gner.trainer ┇ [training]  18%|███▌                | 160/912 [0:02:31<0:11:49, 1.06Hz] | epoch=2.10, loss=0.079300
[02.12 02:51:20] ┇ INFO    ┇    DeepKNLP.gner.trainer ┇ [training]  18%|███▌                | 165/912 [0:02:34<0:11:37, 1.07Hz] | epoch=2.17, loss=0.081600
[02.12 02:51:23] ┇ INFO    ┇    DeepKNLP.gner.trainer ┇ [training]  19%|███▋                | 170/912 [0:02:37<0:11:25, 1.08Hz] | epoch=2.24, loss=0.080700
[02.12 02:51:26] ┇ INFO    ┇    DeepKNLP.gner.trainer ┇ [training]  19%|███▊                | 175/912 [0:02:40<0:11:13, 1.09Hz] | epoch=2.30, loss=0.076500
[02.12 02:51:29] ┇ INFO    ┇    DeepKNLP.gner.trainer ┇ [training]  20%|███▉                | 180/912 [0:02:43<0:11:02, 1.10Hz] | epoch=2.37, loss=0.077100
[02.12 02:51:32] ┇ INFO    ┇    DeepKNLP.gner.trainer ┇ [training]  20%|████                | 185/912 [0:02:45<0:10:52, 1.11Hz] | epoch=2.43, loss=0.075500
[02.12 02:51:35] ┇ INFO    ┇    DeepKNLP.gner.trainer ┇ [training]  21%|████▏               | 190/912 [0:02:48<0:10:42, 1.12Hz] | epoch=2.50, loss=0.074600
[02.12 02:51:44] ┇ INFO    ┇    DeepKNLP.gner.trainer ┇ [checking] 100%|████████████████████| 1/1 [0:00:00<0:00:00, 56075.93Hz]
[02.12 02:51:44] ┇ INFO    ┇    DeepKNLP.gner.trainer ┇ [training]  21%|████▏               | 190/912 [0:02:48<0:10:42, 1.12Hz] | epoch=2.50, eval_average=0.7821
[02.12 02:51:47] ┇ INFO    ┇    DeepKNLP.gner.trainer ┇ [training]  21%|████▎               | 195/912 [0:03:01<0:11:08, 1.07Hz] | epoch=2.57, loss=0.073800
[02.12 02:51:50] ┇ INFO    ┇    DeepKNLP.gner.trainer ┇ [training]  22%|████▍               | 200/912 [0:03:04<0:10:57, 1.08Hz] | epoch=2.63, loss=0.068500
[02.12 02:51:53] ┇ INFO    ┇    DeepKNLP.gner.trainer ┇ [training]  22%|████▍               | 205/912 [0:03:07<0:10:47, 1.09Hz] | epoch=2.70, loss=0.076500
[02.12 02:51:56] ┇ INFO    ┇    DeepKNLP.gner.trainer ┇ [training]  23%|████▌               | 210/912 [0:03:10<0:10:37, 1.10Hz] | epoch=2.76, loss=0.071700
[02.12 02:51:59] ┇ INFO    ┇    DeepKNLP.gner.trainer ┇ [training]  24%|████▋               | 215/912 [0:03:13<0:10:27, 1.11Hz] | epoch=2.83, loss=0.069300
[02.12 02:52:02] ┇ INFO    ┇    DeepKNLP.gner.trainer ┇ [training]  24%|████▊               | 220/912 [0:03:16<0:10:18, 1.12Hz] | epoch=2.90, loss=0.066800
[02.12 02:52:05] ┇ INFO    ┇    DeepKNLP.gner.trainer ┇ [training]  25%|████▉               | 225/912 [0:03:19<0:10:09, 1.13Hz] | epoch=2.96, loss=0.067000
[02.12 02:52:17] ┇ INFO    ┇    DeepKNLP.gner.trainer ┇ [checking] 100%|████████████████████| 1/1 [0:00:00<0:00:00, 42581.77Hz]
[02.12 02:52:17] ┇ INFO    ┇    DeepKNLP.gner.trainer ┇ [training]  25%|█████               | 228/912 [0:03:31<0:10:33, 1.08Hz] | epoch=3.00, eval_average=0.8266
[02.12 02:52:18] ┇ INFO    ┇    DeepKNLP.gner.trainer ┇ [training]  25%|█████               | 230/912 [0:03:32<0:10:29, 1.08Hz] | epoch=3.03, loss=0.067400
[02.12 02:52:21] ┇ INFO    ┇    DeepKNLP.gner.trainer ┇ [training]  26%|█████▏              | 235/912 [0:03:35<0:10:19, 1.09Hz] | epoch=3.09, loss=0.056200
[02.12 02:52:24] ┇ INFO    ┇    DeepKNLP.gner.trainer ┇ [training]  26%|█████▎              | 240/912 [0:03:37<0:10:10, 1.10Hz] | epoch=3.16, loss=0.068100
[02.12 02:52:27] ┇ INFO    ┇    DeepKNLP.gner.trainer ┇ [training]  27%|█████▎              | 245/912 [0:03:40<0:10:01, 1.11Hz] | epoch=3.22, loss=0.064500
[02.12 02:52:30] ┇ INFO    ┇    DeepKNLP.gner.trainer ┇ [training]  27%|█████▍              | 250/912 [0:03:43<0:09:53, 1.12Hz] | epoch=3.29, loss=0.060000
[02.12 02:52:33] ┇ INFO    ┇    DeepKNLP.gner.trainer ┇ [training]  28%|█████▌              | 255/912 [0:03:46<0:09:44, 1.12Hz] | epoch=3.35, loss=0.064600
[02.12 02:52:36] ┇ INFO    ┇    DeepKNLP.gner.trainer ┇ [training]  29%|█████▋              | 260/912 [0:03:49<0:09:36, 1.13Hz] | epoch=3.42, loss=0.065400
[02.12 02:52:39] ┇ INFO    ┇    DeepKNLP.gner.trainer ┇ [training]  29%|█████▊              | 265/912 [0:03:52<0:09:28, 1.14Hz] | epoch=3.49, loss=0.056300
[02.12 02:52:49] ┇ INFO    ┇    DeepKNLP.gner.trainer ┇ [checking] 100%|████████████████████| 1/1 [0:00:00<0:00:00, 55267.75Hz]
[02.12 02:52:49] ┇ INFO    ┇    DeepKNLP.gner.trainer ┇ [training]  29%|█████▊              | 266/912 [0:04:03<0:09:50, 1.09Hz] | epoch=3.50, eval_average=0.8240
[02.12 02:52:51] ┇ INFO    ┇    DeepKNLP.gner.trainer ┇ [training]  30%|█████▉              | 270/912 [0:04:05<0:09:43, 1.10Hz] | epoch=3.55, loss=0.060700
[02.12 02:52:54] ┇ INFO    ┇    DeepKNLP.gner.trainer ┇ [training]  30%|██████              | 275/912 [0:04:08<0:09:35, 1.11Hz] | epoch=3.62, loss=0.056300
[02.12 02:52:57] ┇ INFO    ┇    DeepKNLP.gner.trainer ┇ [training]  31%|██████▏             | 280/912 [0:04:11<0:09:27, 1.11Hz] | epoch=3.68, loss=0.061300
[02.12 02:53:00] ┇ INFO    ┇    DeepKNLP.gner.trainer ┇ [training]  31%|██████▎             | 285/912 [0:04:14<0:09:20, 1.12Hz] | epoch=3.75, loss=0.056300
[02.12 02:53:03] ┇ INFO    ┇    DeepKNLP.gner.trainer ┇ [training]  32%|██████▎             | 290/912 [0:04:17<0:09:07, 1.14Hz] | epoch=3.82, loss=0.052700
[02.12 02:53:06] ┇ INFO    ┇    DeepKNLP.gner.trainer ┇ [training]  32%|██████▍             | 295/912 [0:04:20<0:08:59, 1.14Hz] | epoch=3.88, loss=0.056600
[02.12 02:53:09] ┇ INFO    ┇    DeepKNLP.gner.trainer ┇ [training]  33%|██████▌             | 300/912 [0:04:23<0:08:55, 1.14Hz] | epoch=3.95, loss=0.060300
[02.12 02:53:21] ┇ INFO    ┇    DeepKNLP.gner.trainer ┇ [checking] 100%|████████████████████| 1/1 [0:00:00<0:00:00, 55416.07Hz]
[02.12 02:53:21] ┇ INFO    ┇    DeepKNLP.gner.trainer ┇ [training]  33%|██████▋             | 304/912 [0:04:35<0:09:12, 1.10Hz] | epoch=4.00, eval_average=0.8534
[02.12 02:53:22] ┇ INFO    ┇    DeepKNLP.gner.trainer ┇ [training]  33%|██████▋             | 305/912 [0:04:36<0:09:14, 1.10Hz] | epoch=4.01, loss=0.053900
[02.12 02:53:25] ┇ INFO    ┇    DeepKNLP.gner.trainer ┇ [training]  34%|██████▊             | 310/912 [0:04:38<0:09:08, 1.10Hz] | epoch=4.08, loss=0.050200
[02.12 02:53:28] ┇ INFO    ┇    DeepKNLP.gner.trainer ┇ [training]  35%|██████▉             | 315/912 [0:04:41<0:09:04, 1.10Hz] | epoch=4.14, loss=0.053200
[02.12 02:53:31] ┇ INFO    ┇    DeepKNLP.gner.trainer ┇ [training]  35%|███████             | 320/912 [0:04:44<0:08:17, 1.19Hz] | epoch=4.21, loss=0.056200
[02.12 02:53:34] ┇ INFO    ┇    DeepKNLP.gner.trainer ┇ [training]  36%|███████▏            | 325/912 [0:04:47<0:08:11, 1.19Hz] | epoch=4.28, loss=0.053800
[02.12 02:53:37] ┇ INFO    ┇    DeepKNLP.gner.trainer ┇ [training]  36%|███████▏            | 330/912 [0:04:50<0:08:07, 1.19Hz] | epoch=4.34, loss=0.052700
[02.12 02:53:40] ┇ INFO    ┇    DeepKNLP.gner.trainer ┇ [training]  37%|███████▎            | 335/912 [0:04:53<0:08:01, 1.20Hz] | epoch=4.41, loss=0.052500
[02.12 02:53:42] ┇ INFO    ┇    DeepKNLP.gner.trainer ┇ [training]  37%|███████▍            | 340/912 [0:04:56<0:07:57, 1.20Hz] | epoch=4.47, loss=0.052100
[02.12 02:53:53] ┇ INFO    ┇    DeepKNLP.gner.trainer ┇ [checking] 100%|████████████████████| 1/1 [0:00:00<0:00:00, 38358.88Hz]
[02.12 02:53:53] ┇ INFO    ┇    DeepKNLP.gner.trainer ┇ [training]  38%|███████▌            | 342/912 [0:05:07<0:08:16, 1.15Hz] | epoch=4.50, eval_average=0.8405
[02.12 02:53:55] ┇ INFO    ┇    DeepKNLP.gner.trainer ┇ [training]  38%|███████▌            | 345/912 [0:05:09<0:08:15, 1.14Hz] | epoch=4.54, loss=0.052100
[02.12 02:53:58] ┇ INFO    ┇    DeepKNLP.gner.trainer ┇ [training]  38%|███████▋            | 350/912 [0:05:12<0:08:10, 1.14Hz] | epoch=4.61, loss=0.048300
[02.12 02:54:01] ┇ INFO    ┇    DeepKNLP.gner.trainer ┇ [training]  39%|███████▊            | 355/912 [0:05:15<0:08:06, 1.15Hz] | epoch=4.67, loss=0.052800
[02.12 02:54:04] ┇ INFO    ┇    DeepKNLP.gner.trainer ┇ [training]  39%|███████▉            | 360/912 [0:05:18<0:07:40, 1.20Hz] | epoch=4.74, loss=0.049100
[02.12 02:54:07] ┇ INFO    ┇    DeepKNLP.gner.trainer ┇ [training]  40%|████████            | 365/912 [0:05:21<0:07:36, 1.20Hz] | epoch=4.80, loss=0.048000
[02.12 02:54:10] ┇ INFO    ┇    DeepKNLP.gner.trainer ┇ [training]  41%|████████            | 370/912 [0:05:24<0:07:32, 1.20Hz] | epoch=4.87, loss=0.050900
[02.12 02:54:13] ┇ INFO    ┇    DeepKNLP.gner.trainer ┇ [training]  41%|████████▏           | 375/912 [0:05:27<0:07:27, 1.20Hz] | epoch=4.93, loss=0.047600
[02.12 02:54:16] ┇ INFO    ┇    DeepKNLP.gner.trainer ┇ [training]  42%|████████▎           | 380/912 [0:05:30<0:07:23, 1.20Hz] | epoch=5.00, loss=0.050200
[02.12 02:54:26] ┇ INFO    ┇    DeepKNLP.gner.trainer ┇ [checking] 100%|████████████████████| 1/1 [0:00:00<0:00:00, 74710.68Hz]
[02.12 02:54:26] ┇ INFO    ┇    DeepKNLP.gner.trainer ┇ [training]  42%|████████▎           | 380/912 [0:05:30<0:07:23, 1.20Hz] | epoch=5.00, eval_average=0.8541
[02.12 02:54:29] ┇ INFO    ┇    DeepKNLP.gner.trainer ┇ [training]  42%|████████▍           | 385/912 [0:05:43<0:07:38, 1.15Hz] | epoch=5.07, loss=0.046900
[02.12 02:54:32] ┇ INFO    ┇    DeepKNLP.gner.trainer ┇ [training]  43%|████████▌           | 390/912 [0:05:46<0:07:33, 1.15Hz] | epoch=5.13, loss=0.042500
[02.12 02:54:35] ┇ INFO    ┇    DeepKNLP.gner.trainer ┇ [training]  43%|████████▋           | 395/912 [0:05:49<0:07:29, 1.15Hz] | epoch=5.20, loss=0.048100
[02.12 02:54:38] ┇ INFO    ┇    DeepKNLP.gner.trainer ┇ [training]  44%|████████▊           | 400/912 [0:05:52<0:07:07, 1.20Hz] | epoch=5.26, loss=0.047300
[02.12 02:54:41] ┇ INFO    ┇    DeepKNLP.gner.trainer ┇ [training]  44%|████████▉           | 405/912 [0:05:55<0:07:01, 1.20Hz] | epoch=5.33, loss=0.052000
[02.12 02:54:44] ┇ INFO    ┇    DeepKNLP.gner.trainer ┇ [training]  45%|████████▉           | 410/912 [0:05:58<0:06:57, 1.20Hz] | epoch=5.39, loss=0.050400
[02.12 02:54:47] ┇ INFO    ┇    DeepKNLP.gner.trainer ┇ [training]  46%|█████████           | 415/912 [0:06:01<0:06:52, 1.20Hz] | epoch=5.46, loss=0.046400
[02.12 02:54:51] ┇ INFO    ┇    DeepKNLP.gner.trainer ┇ [checking] 100%|████████████████████| 1/1 [0:00:00<0:00:00, 58712.92Hz]
[02.12 02:54:51] ┇ INFO    ┇    DeepKNLP.gner.trainer ┇ [training]  46%|█████████▏          | 418/912 [0:06:05<0:06:54, 1.19Hz] | epoch=5.50, eval_average=0.8584
[02.12 02:54:52] ┇ INFO    ┇    DeepKNLP.gner.trainer ┇ [training]  46%|█████████▏          | 420/912 [0:06:06<0:06:54, 1.19Hz] | epoch=5.53, loss=0.046700
[02.12 02:54:55] ┇ INFO    ┇    DeepKNLP.gner.trainer ┇ [training]  47%|█████████▎          | 425/912 [0:06:09<0:06:49, 1.19Hz] | epoch=5.59, loss=0.046800
[02.12 02:54:58] ┇ INFO    ┇    DeepKNLP.gner.trainer ┇ [training]  47%|█████████▍          | 430/912 [0:06:12<0:06:45, 1.19Hz] | epoch=5.66, loss=0.048900
[02.12 02:55:01] ┇ INFO    ┇    DeepKNLP.gner.trainer ┇ [training]  48%|█████████▌          | 435/912 [0:06:15<0:06:41, 1.19Hz] | epoch=5.72, loss=0.049200
[02.12 02:55:04] ┇ INFO    ┇    DeepKNLP.gner.trainer ┇ [training]  48%|█████████▋          | 440/912 [0:06:18<0:06:19, 1.24Hz] | epoch=5.79, loss=0.043600
[02.12 02:55:07] ┇ INFO    ┇    DeepKNLP.gner.trainer ┇ [training]  49%|█████████▊          | 445/912 [0:06:21<0:06:15, 1.24Hz] | epoch=5.86, loss=0.042600
[02.12 02:55:10] ┇ INFO    ┇    DeepKNLP.gner.trainer ┇ [training]  49%|█████████▊          | 450/912 [0:06:24<0:06:11, 1.24Hz] | epoch=5.92, loss=0.045500
[02.12 02:55:13] ┇ INFO    ┇    DeepKNLP.gner.trainer ┇ [training]  50%|█████████▉          | 455/912 [0:06:27<0:06:07, 1.24Hz] | epoch=5.99, loss=0.043400
[02.12 02:55:23] ┇ INFO    ┇    DeepKNLP.gner.trainer ┇ [checking] 100%|████████████████████| 1/1 [0:00:00<0:00:00, 80418.05Hz]
[02.12 02:55:23] ┇ INFO    ┇    DeepKNLP.gner.trainer ┇ [training]  50%|██████████          | 456/912 [0:06:37<0:06:23, 1.19Hz] | epoch=6.00, eval_average=0.8584
[02.12 02:55:26] ┇ INFO    ┇    DeepKNLP.gner.trainer ┇ [training]  50%|██████████          | 460/912 [0:06:39<0:06:20, 1.19Hz] | epoch=6.05, loss=0.047600
[02.12 02:55:28] ┇ INFO    ┇    DeepKNLP.gner.trainer ┇ [training]  51%|██████████▏         | 465/912 [0:06:42<0:06:15, 1.19Hz] | epoch=6.12, loss=0.040100
[02.12 02:55:31] ┇ INFO    ┇    DeepKNLP.gner.trainer ┇ [training]  52%|██████████▎         | 470/912 [0:06:45<0:06:11, 1.19Hz] | epoch=6.18, loss=0.046600
[02.12 02:55:34] ┇ INFO    ┇    DeepKNLP.gner.trainer ┇ [training]  52%|██████████▍         | 475/912 [0:06:48<0:06:07, 1.19Hz] | epoch=6.25, loss=0.044200
[02.12 02:55:37] ┇ INFO    ┇    DeepKNLP.gner.trainer ┇ [training]  53%|██████████▌         | 480/912 [0:06:51<0:05:48, 1.24Hz] | epoch=6.32, loss=0.046000
[02.12 02:55:40] ┇ INFO    ┇    DeepKNLP.gner.trainer ┇ [training]  53%|██████████▋         | 485/912 [0:06:54<0:05:44, 1.24Hz] | epoch=6.38, loss=0.042300
[02.12 02:55:43] ┇ INFO    ┇    DeepKNLP.gner.trainer ┇ [training]  54%|██████████▋         | 490/912 [0:06:57<0:05:40, 1.24Hz] | epoch=6.45, loss=0.043500
[02.12 02:55:55] ┇ INFO    ┇    DeepKNLP.gner.trainer ┇ [checking] 100%|████████████████████| 1/1 [0:00:00<0:00:00, 59905.26Hz]
[02.12 02:55:55] ┇ INFO    ┇    DeepKNLP.gner.trainer ┇ [training]  54%|██████████▊         | 494/912 [0:07:09<0:05:51, 1.19Hz] | epoch=6.50, eval_average=0.8627
[02.12 02:55:56] ┇ INFO    ┇    DeepKNLP.gner.trainer ┇ [training]  54%|██████████▊         | 495/912 [0:07:10<0:05:52, 1.18Hz] | epoch=6.51, loss=0.039100
[02.12 02:55:59] ┇ INFO    ┇    DeepKNLP.gner.trainer ┇ [training]  55%|██████████▉         | 500/912 [0:07:13<0:05:47, 1.18Hz] | epoch=6.58, loss=0.041300
[02.12 02:56:02] ┇ INFO    ┇    DeepKNLP.gner.trainer ┇ [training]  55%|███████████         | 505/912 [0:07:15<0:05:43, 1.18Hz] | epoch=6.64, loss=0.042400
[02.12 02:56:05] ┇ INFO    ┇    DeepKNLP.gner.trainer ┇ [training]  56%|███████████▏        | 510/912 [0:07:18<0:05:24, 1.24Hz] | epoch=6.71, loss=0.044600
[02.12 02:56:08] ┇ INFO    ┇    DeepKNLP.gner.trainer ┇ [training]  56%|███████████▎        | 515/912 [0:07:21<0:05:19, 1.24Hz] | epoch=6.78, loss=0.045200
[02.12 02:56:11] ┇ INFO    ┇    DeepKNLP.gner.trainer ┇ [training]  57%|███████████▍        | 520/912 [0:07:24<0:05:16, 1.24Hz] | epoch=6.84, loss=0.041400
[02.12 02:56:14] ┇ INFO    ┇    DeepKNLP.gner.trainer ┇ [training]  58%|███████████▌        | 525/912 [0:07:27<0:05:12, 1.24Hz] | epoch=6.91, loss=0.042900
[02.12 02:56:17] ┇ INFO    ┇    DeepKNLP.gner.trainer ┇ [training]  58%|███████████▌        | 530/912 [0:07:30<0:05:08, 1.24Hz] | epoch=6.97, loss=0.040700
[02.12 02:56:27] ┇ INFO    ┇    DeepKNLP.gner.trainer ┇ [checking] 100%|████████████████████| 1/1 [0:00:00<0:00:00, 76849.54Hz]
[02.12 02:56:27] ┇ INFO    ┇    DeepKNLP.gner.trainer ┇ [training]  58%|███████████▋        | 532/912 [0:07:41<0:05:20, 1.19Hz] | epoch=7.00, eval_average=0.8675
[02.12 02:56:29] ┇ INFO    ┇    DeepKNLP.gner.trainer ┇ [training]  59%|███████████▋        | 535/912 [0:07:43<0:05:18, 1.18Hz] | epoch=7.04, loss=0.038700
[02.12 02:56:32] ┇ INFO    ┇    DeepKNLP.gner.trainer ┇ [training]  59%|███████████▊        | 540/912 [0:07:46<0:05:13, 1.19Hz] | epoch=7.11, loss=0.034100
[02.12 02:56:35] ┇ INFO    ┇    DeepKNLP.gner.trainer ┇ [training]  60%|███████████▉        | 545/912 [0:07:49<0:05:09, 1.19Hz] | epoch=7.17, loss=0.042400
[02.12 02:56:38] ┇ INFO    ┇    DeepKNLP.gner.trainer ┇ [training]  60%|████████████        | 550/912 [0:07:52<0:04:51, 1.24Hz] | epoch=7.24, loss=0.039200
[02.12 02:56:41] ┇ INFO    ┇    DeepKNLP.gner.trainer ┇ [training]  61%|████████████▏       | 555/912 [0:07:55<0:04:47, 1.24Hz] | epoch=7.30, loss=0.040400
[02.12 02:56:44] ┇ INFO    ┇    DeepKNLP.gner.trainer ┇ [training]  61%|████████████▎       | 560/912 [0:07:58<0:04:43, 1.24Hz] | epoch=7.37, loss=0.038000
[02.12 02:56:47] ┇ INFO    ┇    DeepKNLP.gner.trainer ┇ [training]  62%|████████████▍       | 565/912 [0:08:01<0:04:39, 1.24Hz] | epoch=7.43, loss=0.041300
[02.12 02:56:50] ┇ INFO    ┇    DeepKNLP.gner.trainer ┇ [training]  62%|████████████▌       | 570/912 [0:08:04<0:04:35, 1.24Hz] | epoch=7.50, loss=0.040400
[02.12 02:56:52] ┇ INFO    ┇    DeepKNLP.gner.trainer ┇ [checking] 100%|████████████████████| 1/1 [0:00:00<0:00:00, 57567.11Hz]
[02.12 02:56:52] ┇ INFO    ┇    DeepKNLP.gner.trainer ┇ [training]  62%|████████████▌       | 570/912 [0:08:04<0:04:35, 1.24Hz] | epoch=7.50, eval_average=0.8657
[02.12 02:56:55] ┇ INFO    ┇    DeepKNLP.gner.trainer ┇ [training]  63%|████████████▌       | 575/912 [0:08:09<0:04:33, 1.23Hz] | epoch=7.57, loss=0.037500
[02.12 02:56:58] ┇ INFO    ┇    DeepKNLP.gner.trainer ┇ [training]  64%|████████████▋       | 580/912 [0:08:12<0:04:29, 1.23Hz] | epoch=7.63, loss=0.037800
[02.12 02:57:01] ┇ INFO    ┇    DeepKNLP.gner.trainer ┇ [training]  64%|████████████▊       | 585/912 [0:08:15<0:04:25, 1.23Hz] | epoch=7.70, loss=0.036500
[02.12 02:57:04] ┇ INFO    ┇    DeepKNLP.gner.trainer ┇ [training]  65%|████████████▉       | 590/912 [0:08:18<0:04:10, 1.29Hz] | epoch=7.76, loss=0.037800
[02.12 02:57:07] ┇ INFO    ┇    DeepKNLP.gner.trainer ┇ [training]  65%|█████████████       | 595/912 [0:08:20<0:04:05, 1.29Hz] | epoch=7.83, loss=0.039700
[02.12 02:57:10] ┇ INFO    ┇    DeepKNLP.gner.trainer ┇ [training]  66%|█████████████▏      | 600/912 [0:08:23<0:04:02, 1.29Hz] | epoch=7.89, loss=0.038100
[02.12 02:57:13] ┇ INFO    ┇    DeepKNLP.gner.trainer ┇ [training]  66%|█████████████▎      | 605/912 [0:08:26<0:03:58, 1.29Hz] | epoch=7.96, loss=0.036600
[02.12 02:57:16] ┇ INFO    ┇    DeepKNLP.gner.trainer ┇ [checking] 100%|████████████████████| 1/1 [0:00:00<0:00:00, 88797.70Hz]
[02.12 02:57:16] ┇ INFO    ┇    DeepKNLP.gner.trainer ┇ [training]  67%|█████████████▎      | 608/912 [0:08:30<0:03:58, 1.27Hz] | epoch=8.00, eval_average=0.8761
[02.12 02:57:18] ┇ INFO    ┇    DeepKNLP.gner.trainer ┇ [training]  67%|█████████████▍      | 610/912 [0:08:31<0:03:57, 1.27Hz] | epoch=8.03, loss=0.040800
[02.12 02:57:21] ┇ INFO    ┇    DeepKNLP.gner.trainer ┇ [training]  67%|█████████████▍      | 615/912 [0:08:34<0:03:53, 1.27Hz] | epoch=8.09, loss=0.038800
[02.12 02:57:23] ┇ INFO    ┇    DeepKNLP.gner.trainer ┇ [training]  68%|█████████████▌      | 620/912 [0:08:37<0:03:49, 1.27Hz] | epoch=8.16, loss=0.036800
[02.12 02:57:26] ┇ INFO    ┇    DeepKNLP.gner.trainer ┇ [training]  69%|█████████████▋      | 625/912 [0:08:40<0:03:45, 1.27Hz] | epoch=8.22, loss=0.039200
[02.12 02:57:29] ┇ INFO    ┇    DeepKNLP.gner.trainer ┇ [training]  69%|█████████████▊      | 630/912 [0:08:43<0:03:31, 1.33Hz] | epoch=8.29, loss=0.039900
[02.12 02:57:32] ┇ INFO    ┇    DeepKNLP.gner.trainer ┇ [training]  70%|█████████████▉      | 635/912 [0:08:46<0:03:27, 1.34Hz] | epoch=8.36, loss=0.036500
[02.12 02:57:35] ┇ INFO    ┇    DeepKNLP.gner.trainer ┇ [training]  70%|██████████████      | 640/912 [0:08:49<0:03:23, 1.34Hz] | epoch=8.42, loss=0.039700
[02.12 02:57:38] ┇ INFO    ┇    DeepKNLP.gner.trainer ┇ [training]  71%|██████████████▏     | 645/912 [0:08:52<0:03:19, 1.34Hz] | epoch=8.49, loss=0.035700
[02.12 02:57:41] ┇ INFO    ┇    DeepKNLP.gner.trainer ┇ [checking] 100%|████████████████████| 1/1 [0:00:00<0:00:00, 51286.87Hz]
[02.12 02:57:41] ┇ INFO    ┇    DeepKNLP.gner.trainer ┇ [training]  71%|██████████████▏     | 646/912 [0:08:55<0:03:21, 1.32Hz] | epoch=8.50, eval_average=0.8742
[02.12 02:57:43] ┇ INFO    ┇    DeepKNLP.gner.trainer ┇ [training]  71%|██████████████▎     | 650/912 [0:08:57<0:03:18, 1.32Hz] | epoch=8.55, loss=0.037500
[02.12 02:57:46] ┇ INFO    ┇    DeepKNLP.gner.trainer ┇ [training]  72%|██████████████▎     | 655/912 [0:09:00<0:03:14, 1.32Hz] | epoch=8.62, loss=0.034800
[02.12 02:57:49] ┇ INFO    ┇    DeepKNLP.gner.trainer ┇ [training]  72%|██████████████▍     | 660/912 [0:09:03<0:03:11, 1.32Hz] | epoch=8.68, loss=0.035300
[02.12 02:57:52] ┇ INFO    ┇    DeepKNLP.gner.trainer ┇ [training]  73%|██████████████▌     | 665/912 [0:09:06<0:03:07, 1.32Hz] | epoch=8.75, loss=0.039000
[02.12 02:57:55] ┇ INFO    ┇    DeepKNLP.gner.trainer ┇ [training]  73%|██████████████▋     | 670/912 [0:09:09<0:02:54, 1.38Hz] | epoch=8.82, loss=0.036100
[02.12 02:57:58] ┇ INFO    ┇    DeepKNLP.gner.trainer ┇ [training]  74%|██████████████▊     | 675/912 [0:09:12<0:02:51, 1.38Hz] | epoch=8.88, loss=0.035200
[02.12 02:58:01] ┇ INFO    ┇    DeepKNLP.gner.trainer ┇ [training]  75%|██████████████▉     | 680/912 [0:09:15<0:02:47, 1.38Hz] | epoch=8.95, loss=0.031700
[02.12 02:58:05] ┇ INFO    ┇    DeepKNLP.gner.trainer ┇ [checking] 100%|████████████████████| 1/1 [0:00:00<0:00:00, 85816.96Hz]
[02.12 02:58:05] ┇ INFO    ┇    DeepKNLP.gner.trainer ┇ [training]  75%|███████████████     | 684/912 [0:09:19<0:02:46, 1.37Hz] | epoch=9.00, eval_average=0.8742
[02.12 02:58:06] ┇ INFO    ┇    DeepKNLP.gner.trainer ┇ [training]  75%|███████████████     | 685/912 [0:09:20<0:02:46, 1.37Hz] | epoch=9.01, loss=0.038900
[02.12 02:58:09] ┇ INFO    ┇    DeepKNLP.gner.trainer ┇ [training]  76%|███████████████▏    | 690/912 [0:09:23<0:02:42, 1.37Hz] | epoch=9.08, loss=0.034600
[02.12 02:58:12] ┇ INFO    ┇    DeepKNLP.gner.trainer ┇ [training]  76%|███████████████▏    | 695/912 [0:09:25<0:02:38, 1.37Hz] | epoch=9.14, loss=0.031700
[02.12 02:58:15] ┇ INFO    ┇    DeepKNLP.gner.trainer ┇ [training]  77%|███████████████▎    | 700/912 [0:09:28<0:02:33, 1.38Hz] | epoch=9.21, loss=0.037000
[02.12 02:58:18] ┇ INFO    ┇    DeepKNLP.gner.trainer ┇ [training]  77%|███████████████▍    | 705/912 [0:09:31<0:02:29, 1.39Hz] | epoch=9.28, loss=0.038400
[02.12 02:58:21] ┇ INFO    ┇    DeepKNLP.gner.trainer ┇ [training]  78%|███████████████▌    | 710/912 [0:09:34<0:02:25, 1.39Hz] | epoch=9.34, loss=0.037500
[02.12 02:58:24] ┇ INFO    ┇    DeepKNLP.gner.trainer ┇ [training]  78%|███████████████▋    | 715/912 [0:09:37<0:02:22, 1.39Hz] | epoch=9.41, loss=0.035000
[02.12 02:58:27] ┇ INFO    ┇    DeepKNLP.gner.trainer ┇ [training]  79%|███████████████▊    | 720/912 [0:09:40<0:02:18, 1.39Hz] | epoch=9.47, loss=0.033600
[02.12 02:58:30] ┇ INFO    ┇    DeepKNLP.gner.trainer ┇ [checking] 100%|████████████████████| 1/1 [0:00:00<0:00:00, 85055.59Hz]
[02.12 02:58:30] ┇ INFO    ┇    DeepKNLP.gner.trainer ┇ [training]  79%|███████████████▊    | 722/912 [0:09:44<0:02:18, 1.37Hz] | epoch=9.50, eval_average=0.8742
[02.12 02:58:32] ┇ INFO    ┇    DeepKNLP.gner.trainer ┇ [training]  79%|███████████████▉    | 725/912 [0:09:45<0:02:16, 1.37Hz] | epoch=9.54, loss=0.032600
[02.12 02:58:35] ┇ INFO    ┇    DeepKNLP.gner.trainer ┇ [training]  80%|████████████████    | 730/912 [0:09:48<0:02:13, 1.37Hz] | epoch=9.61, loss=0.035500
[02.12 02:58:38] ┇ INFO    ┇    DeepKNLP.gner.trainer ┇ [training]  81%|████████████████    | 735/912 [0:09:51<0:02:09, 1.37Hz] | epoch=9.67, loss=0.036500
[02.12 02:58:41] ┇ INFO    ┇    DeepKNLP.gner.trainer ┇ [training]  81%|████████████████▏   | 740/912 [0:09:54<0:01:59, 1.44Hz] | epoch=9.74, loss=0.035400
[02.12 02:58:44] ┇ INFO    ┇    DeepKNLP.gner.trainer ┇ [training]  82%|████████████████▎   | 745/912 [0:09:57<0:01:56, 1.44Hz] | epoch=9.80, loss=0.035800
[02.12 02:58:47] ┇ INFO    ┇    DeepKNLP.gner.trainer ┇ [training]  82%|████████████████▍   | 750/912 [0:10:00<0:01:52, 1.44Hz] | epoch=9.87, loss=0.035600
[02.12 02:58:50] ┇ INFO    ┇    DeepKNLP.gner.trainer ┇ [training]  83%|████████████████▌   | 755/912 [0:10:03<0:01:49, 1.44Hz] | epoch=9.93, loss=0.037300
[02.12 02:58:52] ┇ INFO    ┇    DeepKNLP.gner.trainer ┇ [training]  83%|████████████████▋   | 760/912 [0:10:06<0:01:45, 1.44Hz] | epoch=10.00, loss=0.035400
[02.12 02:58:54] ┇ INFO    ┇    DeepKNLP.gner.trainer ┇ [checking] 100%|████████████████████| 1/1 [0:00:00<0:00:00, 83468.74Hz]
[02.12 02:58:55] ┇ INFO    ┇    DeepKNLP.gner.trainer ┇ [training]  83%|████████████████▋   | 760/912 [0:10:06<0:01:45, 1.44Hz] | epoch=10.00, eval_average=0.8785
[02.12 02:58:58] ┇ INFO    ┇    DeepKNLP.gner.trainer ┇ [training]  84%|████████████████▊   | 765/912 [0:10:11<0:01:43, 1.42Hz] | epoch=10.07, loss=0.037200
[02.12 02:59:00] ┇ INFO    ┇    DeepKNLP.gner.trainer ┇ [training]  84%|████████████████▉   | 770/912 [0:10:14<0:01:39, 1.42Hz] | epoch=10.13, loss=0.031900
[02.12 02:59:03] ┇ INFO    ┇    DeepKNLP.gner.trainer ┇ [training]  85%|████████████████▉   | 775/912 [0:10:17<0:01:36, 1.42Hz] | epoch=10.20, loss=0.035300
[02.12 02:59:06] ┇ INFO    ┇    DeepKNLP.gner.trainer ┇ [training]  86%|█████████████████   | 780/912 [0:10:20<0:01:28, 1.50Hz] | epoch=10.26, loss=0.032200
[02.12 02:59:09] ┇ INFO    ┇    DeepKNLP.gner.trainer ┇ [training]  86%|█████████████████▏  | 785/912 [0:10:23<0:01:24, 1.50Hz] | epoch=10.33, loss=0.036600
[02.12 02:59:12] ┇ INFO    ┇    DeepKNLP.gner.trainer ┇ [training]  87%|█████████████████▎  | 790/912 [0:10:26<0:01:21, 1.50Hz] | epoch=10.39, loss=0.034500
[02.12 02:59:15] ┇ INFO    ┇    DeepKNLP.gner.trainer ┇ [training]  87%|█████████████████▍  | 795/912 [0:10:29<0:01:18, 1.50Hz] | epoch=10.46, loss=0.033100
[02.12 02:59:19] ┇ INFO    ┇    DeepKNLP.gner.trainer ┇ [checking] 100%|████████████████████| 1/1 [0:00:00<0:00:00, 58241.58Hz]
[02.12 02:59:19] ┇ INFO    ┇    DeepKNLP.gner.trainer ┇ [training]  88%|█████████████████▌  | 798/912 [0:10:33<0:01:16, 1.48Hz] | epoch=10.50, eval_average=0.8785
[02.12 02:59:20] ┇ INFO    ┇    DeepKNLP.gner.trainer ┇ [training]  88%|█████████████████▌  | 800/912 [0:10:34<0:01:15, 1.48Hz] | epoch=10.53, loss=0.032100
[02.12 02:59:23] ┇ INFO    ┇    DeepKNLP.gner.trainer ┇ [training]  88%|█████████████████▋  | 805/912 [0:10:37<0:01:12, 1.48Hz] | epoch=10.59, loss=0.035000
[02.12 02:59:26] ┇ INFO    ┇    DeepKNLP.gner.trainer ┇ [training]  89%|█████████████████▊  | 810/912 [0:10:40<0:01:08, 1.48Hz] | epoch=10.66, loss=0.030100
[02.12 02:59:29] ┇ INFO    ┇    DeepKNLP.gner.trainer ┇ [training]  89%|█████████████████▊  | 815/912 [0:10:43<0:01:05, 1.48Hz] | epoch=10.72, loss=0.032700
[02.12 02:59:32] ┇ INFO    ┇    DeepKNLP.gner.trainer ┇ [training]  90%|█████████████████▉  | 820/912 [0:10:46<0:00:58, 1.56Hz] | epoch=10.79, loss=0.032100
[02.12 02:59:35] ┇ INFO    ┇    DeepKNLP.gner.trainer ┇ [training]  90%|██████████████████  | 825/912 [0:10:49<0:00:55, 1.56Hz] | epoch=10.86, loss=0.037300
[02.12 02:59:38] ┇ INFO    ┇    DeepKNLP.gner.trainer ┇ [training]  91%|██████████████████▏ | 830/912 [0:10:52<0:00:52, 1.56Hz] | epoch=10.92, loss=0.031200
[02.12 02:59:41] ┇ INFO    ┇    DeepKNLP.gner.trainer ┇ [training]  92%|██████████████████▎ | 835/912 [0:10:55<0:00:49, 1.56Hz] | epoch=10.99, loss=0.032000
[02.12 02:59:43] ┇ INFO    ┇    DeepKNLP.gner.trainer ┇ [checking] 100%|████████████████████| 1/1 [0:00:00<0:00:00, 82570.12Hz]
[02.12 02:59:44] ┇ INFO    ┇    DeepKNLP.gner.trainer ┇ [training]  92%|██████████████████▎ | 836/912 [0:10:57<0:00:49, 1.54Hz] | epoch=11.00, eval_average=0.8742
[02.12 02:59:46] ┇ INFO    ┇    DeepKNLP.gner.trainer ┇ [training]  92%|██████████████████▍ | 840/912 [0:11:00<0:00:46, 1.54Hz] | epoch=11.05, loss=0.031300
[02.12 02:59:49] ┇ INFO    ┇    DeepKNLP.gner.trainer ┇ [training]  93%|██████████████████▌ | 845/912 [0:11:03<0:00:43, 1.54Hz] | epoch=11.12, loss=0.038100
[02.12 02:59:52] ┇ INFO    ┇    DeepKNLP.gner.trainer ┇ [training]  93%|██████████████████▋ | 850/912 [0:11:05<0:00:40, 1.54Hz] | epoch=11.18, loss=0.030100
[02.12 02:59:55] ┇ INFO    ┇    DeepKNLP.gner.trainer ┇ [training]  94%|██████████████████▊ | 855/912 [0:11:08<0:00:36, 1.54Hz] | epoch=11.25, loss=0.032900
[02.12 02:59:58] ┇ INFO    ┇    DeepKNLP.gner.trainer ┇ [training]  94%|██████████████████▊ | 860/912 [0:11:11<0:00:33, 1.56Hz] | epoch=11.32, loss=0.034200
[02.12 03:00:01] ┇ INFO    ┇    DeepKNLP.gner.trainer ┇ [training]  95%|██████████████████▉ | 865/912 [0:11:14<0:00:30, 1.56Hz] | epoch=11.38, loss=0.030200
[02.12 03:00:04] ┇ INFO    ┇    DeepKNLP.gner.trainer ┇ [training]  95%|███████████████████ | 870/912 [0:11:17<0:00:26, 1.56Hz] | epoch=11.45, loss=0.031200
[02.12 03:00:08] ┇ INFO    ┇    DeepKNLP.gner.trainer ┇ [checking] 100%|████████████████████| 1/1 [0:00:00<0:00:00, 61455.00Hz]
[02.12 03:00:08] ┇ INFO    ┇    DeepKNLP.gner.trainer ┇ [training]  96%|███████████████████▏| 874/912 [0:11:22<0:00:24, 1.54Hz] | epoch=11.50, eval_average=0.8785
[02.12 03:00:09] ┇ INFO    ┇    DeepKNLP.gner.trainer ┇ [training]  96%|███████████████████▏| 875/912 [0:11:22<0:00:24, 1.54Hz] | epoch=11.51, loss=0.029000
[02.12 03:00:11] ┇ INFO    ┇    DeepKNLP.gner.trainer ┇ [training]  96%|███████████████████▎| 880/912 [0:11:25<0:00:20, 1.54Hz] | epoch=11.58, loss=0.031400
[02.12 03:00:14] ┇ INFO    ┇    DeepKNLP.gner.trainer ┇ [training]  97%|███████████████████▍| 885/912 [0:11:28<0:00:17, 1.54Hz] | epoch=11.64, loss=0.034500
[02.12 03:00:17] ┇ INFO    ┇    DeepKNLP.gner.trainer ┇ [training]  98%|███████████████████▌| 890/912 [0:11:31<0:00:14, 1.56Hz] | epoch=11.71, loss=0.032000
[02.12 03:00:20] ┇ INFO    ┇    DeepKNLP.gner.trainer ┇ [training]  98%|███████████████████▋| 895/912 [0:11:34<0:00:10, 1.56Hz] | epoch=11.78, loss=0.030400
[02.12 03:00:23] ┇ INFO    ┇    DeepKNLP.gner.trainer ┇ [training]  99%|███████████████████▋| 900/912 [0:11:37<0:00:07, 1.56Hz] | epoch=11.84, loss=0.030900
[02.12 03:00:26] ┇ INFO    ┇    DeepKNLP.gner.trainer ┇ [training]  99%|███████████████████▊| 905/912 [0:11:40<0:00:04, 1.56Hz] | epoch=11.91, loss=0.031300
[02.12 03:00:29] ┇ INFO    ┇    DeepKNLP.gner.trainer ┇ [training] 100%|███████████████████▉| 910/912 [0:11:43<0:00:01, 1.56Hz] | epoch=11.97, loss=0.032900
[02.12 03:00:33] ┇ INFO    ┇    DeepKNLP.gner.trainer ┇ [checking] 100%|████████████████████| 1/1 [0:00:00<0:00:00, 65027.97Hz]
[02.12 03:00:33] ┇ INFO    ┇    DeepKNLP.gner.trainer ┇ [training] 100%|████████████████████| 912/912 [0:11:46<0:00:00, 1.54Hz] | epoch=12.00, eval_average=0.8785
[02.12 03:00:33] ┇ INFO    ┇    DeepKNLP.gner.trainer ┇ [training] 100%|████████████████████| 912/912 [0:11:46<0:00:00, 1.54Hz] | epoch=12.00, train_loss=0.1188, total_pflos=29.194
[02.12 03:00:33] ┇ INFO    ┇    DeepKNLP.gner.trainer ┇ -----------------------------------------------------------------------------------------------------------------------------------------
[02.12 03:00:33] ┇ INFO    ┇                 DeepKNLP ┇ Train output metrics: {'train_runtime': 706.9188, 'train_samples_per_second': 165.931, 'train_steps_per_second': 1.29, 'total_flos': 2.9194041262342144e+16, 'train_loss': 0.11880551513872649, 'epoch': 12.0}
[02.12 03:00:33] ┇ INFO    ┇           chrisbase.data ┇ =========================================================================================================================================
[02.12 03:00:33] ┇ INFO    ┇           chrisbase.data ┇ [EXIT] python task2-nerG-trainer.py --local_rank=0 --trainer_deepspeed configs/deepspeed/ds2_t5.json --run_version FlanT5-Base-BL --pretrained google/flan-t5-base --eval_epochs 0.5 --logging_steps 5 --num_train_epochs 12 --per_device_eval_batch_size 50 --per_device_train_batch_size 8 --gradient_accumulation_steps 4 --generation_max_length 640 --eval_file data/gner/each-sampled-BL/mit-movie-dev=100.jsonl --train_file data/gner/each-BL/mit-movie-train.jsonl --output_file train-metrics-mit-movie-12ep.csv --logging_file train-loggings-mit-movie-12ep.out --no_use_flash_attention --no_debugging ($=00:12:08.615)
[02.12 03:00:33] ┇ INFO    ┇           chrisbase.data ┇ =========================================================================================================================================
[02.12 03:00:34] ┇ INFO    ┇ torch._inductor.remote_cache ┇ Cache Metrics: None

[02.12 03:00:34] ┇ INFO    ┇ torch._dynamo.eval_frame ┇ TorchDynamo attempted to trace the following frames: [

]
[02.12 03:00:34] ┇ INFO    ┇      torch._dynamo.utils ┇ TorchDynamo compilation metrics:
Function    Runtimes (s)
----------  --------------
[02.12 03:00:34] ┇ INFO    ┇ torch._subclasses.fake_tensor ┇ FakeTensor cache stats:
[02.12 03:00:34] ┇ INFO    ┇ torch._subclasses.fake_tensor ┇   cache_hits: 0
[02.12 03:00:34] ┇ INFO    ┇ torch._subclasses.fake_tensor ┇   cache_misses: 0
[02.12 03:00:34] ┇ INFO    ┇ torch._inductor.remote_cache ┇ Cache Metrics: None

[02.12 03:00:34] ┇ INFO    ┇ torch._dynamo.eval_frame ┇ TorchDynamo attempted to trace the following frames: [

]
[02.12 03:00:34] ┇ INFO    ┇      torch._dynamo.utils ┇ TorchDynamo compilation metrics:
Function    Runtimes (s)
----------  --------------
[02.12 03:00:34] ┇ INFO    ┇ torch._subclasses.fake_tensor ┇ FakeTensor cache stats:
[02.12 03:00:34] ┇ INFO    ┇ torch._subclasses.fake_tensor ┇   cache_hits: 0
[02.12 03:00:34] ┇ INFO    ┇ torch._subclasses.fake_tensor ┇   cache_misses: 0
[02.12 03:00:34] ┇ INFO    ┇ torch._inductor.remote_cache ┇ Cache Metrics: None

[02.12 03:00:34] ┇ INFO    ┇ torch._dynamo.eval_frame ┇ TorchDynamo attempted to trace the following frames: [

]
[02.12 03:00:34] ┇ INFO    ┇      torch._dynamo.utils ┇ TorchDynamo compilation metrics:
Function    Runtimes (s)
----------  --------------
[02.12 03:00:34] ┇ INFO    ┇ torch._subclasses.fake_tensor ┇ FakeTensor cache stats:
[02.12 03:00:34] ┇ INFO    ┇ torch._subclasses.fake_tensor ┇   cache_hits: 0
[02.12 03:00:34] ┇ INFO    ┇ torch._subclasses.fake_tensor ┇   cache_misses: 0
[02.12 03:00:34] ┇ INFO    ┇ torch._inductor.remote_cache ┇ Cache Metrics: None

[02.12 03:00:34] ┇ INFO    ┇ torch._dynamo.eval_frame ┇ TorchDynamo attempted to trace the following frames: [

]
[02.12 03:00:34] ┇ INFO    ┇      torch._dynamo.utils ┇ TorchDynamo compilation metrics:
Function    Runtimes (s)
----------  --------------
[02.12 03:00:34] ┇ INFO    ┇ torch._subclasses.fake_tensor ┇ FakeTensor cache stats:
[02.12 03:00:34] ┇ INFO    ┇ torch._subclasses.fake_tensor ┇   cache_hits: 0
[02.12 03:00:34] ┇ INFO    ┇ torch._subclasses.fake_tensor ┇   cache_misses: 0
