[03.16 07:37:36] ┇ INFO     ┇  lightning.fabric.utilities.seed ┇ Seed set to 7
[03.16 07:37:37] ┇ INFO     ┇                   chrisbase.data ┇ =========================================================================================================================================
[03.16 07:37:37] ┇ INFO     ┇                   chrisbase.data ┇ [INIT] python /home/chris/proj/DeepKNLP-24.03/1-doc-cls-train.py 
[03.16 07:37:37] ┇ INFO     ┇                   chrisbase.data ┇ =========================================================================================================================================
[03.16 07:37:37] ┇ INFO     ┇                   chrisbase.data ┇ -----+---------------------------------+-------------------------------------------------------------------------------------
[03.16 07:37:37] ┇ INFO     ┇                   chrisbase.data ┇    # | TrainerArguments                | value
[03.16 07:37:37] ┇ INFO     ┇                   chrisbase.data ┇ -----+---------------------------------+-------------------------------------------------------------------------------------
[03.16 07:37:37] ┇ INFO     ┇                   chrisbase.data ┇    1 | tag                             | train
[03.16 07:37:37] ┇ INFO     ┇                   chrisbase.data ┇    2 | env.project                     | DeepKNLP
[03.16 07:37:37] ┇ INFO     ┇                   chrisbase.data ┇    3 | env.job_name                    | KPF-BERT
[03.16 07:37:37] ┇ INFO     ┇                   chrisbase.data ┇    4 | env.hostname                    | chris137
[03.16 07:37:37] ┇ INFO     ┇                   chrisbase.data ┇    5 | env.hostaddr                    | 129.254.164.137
[03.16 07:37:37] ┇ INFO     ┇                   chrisbase.data ┇    6 | env.time_stamp                  | 0316.073736
[03.16 07:37:37] ┇ INFO     ┇                   chrisbase.data ┇    7 | env.python_path                 | /home/chris/miniforge3/envs/DeepKNLP-24.03/bin/python
[03.16 07:37:37] ┇ INFO     ┇                   chrisbase.data ┇    8 | env.current_dir                 | /dat/proj/DeepKNLP-24.03
[03.16 07:37:37] ┇ INFO     ┇                   chrisbase.data ┇    9 | env.current_file                | /home/chris/proj/DeepKNLP-24.03/1-doc-cls-train.py
[03.16 07:37:37] ┇ INFO     ┇                   chrisbase.data ┇   10 | env.working_dir                 | /dat/proj/DeepKNLP-24.03
[03.16 07:37:37] ┇ INFO     ┇                   chrisbase.data ┇   11 | env.command_args                | []
[03.16 07:37:37] ┇ INFO     ┇                   chrisbase.data ┇   12 | env.num_ip_addrs                | 1
[03.16 07:37:37] ┇ INFO     ┇                   chrisbase.data ┇   13 | env.max_workers                 | 1
[03.16 07:37:37] ┇ INFO     ┇                   chrisbase.data ┇   14 | env.debugging                   | False
[03.16 07:37:37] ┇ INFO     ┇                   chrisbase.data ┇   15 | env.msg_level                   | 20
[03.16 07:37:37] ┇ INFO     ┇                   chrisbase.data ┇   16 | env.msg_format                  | %(asctime)s ┇ %(levelname)-8s ┇ %(name)32s ┇ %(message)s
[03.16 07:37:37] ┇ INFO     ┇                   chrisbase.data ┇   17 | env.date_format                 | [%m.%d %H:%M:%S]
[03.16 07:37:37] ┇ INFO     ┇                   chrisbase.data ┇   18 | env.output_home                 | /dat/proj/DeepKNLP-24.03/finetuning/nsmc/train=KPF-BERT/0316.073736
[03.16 07:37:37] ┇ INFO     ┇                   chrisbase.data ┇   19 | env.logging_file                | arguments.json
[03.16 07:37:37] ┇ INFO     ┇                   chrisbase.data ┇   20 | env.argument_file               |
[03.16 07:37:37] ┇ INFO     ┇                   chrisbase.data ┇   21 | time.started                    | [03.16 07:37:37]
[03.16 07:37:37] ┇ INFO     ┇                   chrisbase.data ┇   22 | time.settled                    |
[03.16 07:37:37] ┇ INFO     ┇                   chrisbase.data ┇   23 | time.elapsed                    |
[03.16 07:37:37] ┇ INFO     ┇                   chrisbase.data ┇   24 | prog.result                     | {}
[03.16 07:37:37] ┇ INFO     ┇                   chrisbase.data ┇   25 | prog.tb_logger                  | <lightning.fabric.loggers.tensorboard.TensorBoardLogger object at 0x7f61d3751990>
[03.16 07:37:37] ┇ INFO     ┇                   chrisbase.data ┇   26 | prog.csv_logger                 | <lightning.fabric.loggers.csv_logs.CSVLogger object at 0x7f61d22f38d0>
[03.16 07:37:37] ┇ INFO     ┇                   chrisbase.data ┇   27 | prog.world_size                 | 1
[03.16 07:37:37] ┇ INFO     ┇                   chrisbase.data ┇   28 | prog.node_rank                  | 0
[03.16 07:37:37] ┇ INFO     ┇                   chrisbase.data ┇   29 | prog.local_rank                 | 0
[03.16 07:37:37] ┇ INFO     ┇                   chrisbase.data ┇   30 | prog.global_rank                | 0
[03.16 07:37:37] ┇ INFO     ┇                   chrisbase.data ┇   31 | prog.global_step                | 0
[03.16 07:37:37] ┇ INFO     ┇                   chrisbase.data ┇   32 | prog.global_epoch               | 0.0
[03.16 07:37:37] ┇ INFO     ┇                   chrisbase.data ┇   33 | data.name                       | nsmc
[03.16 07:37:37] ┇ INFO     ┇                   chrisbase.data ┇   34 | data.home                       | /dat/proj/DeepKNLP-24.03/data
[03.16 07:37:37] ┇ INFO     ┇                   chrisbase.data ┇   35 | data.files                      | {'train': 'ratings_train.txt', 'valid': 'ratings_test.txt', 'test': None}
[03.16 07:37:37] ┇ INFO     ┇                   chrisbase.data ┇   36 | data.caching                    | False
[03.16 07:37:37] ┇ INFO     ┇                   chrisbase.data ┇   37 | data.redownload                 | False
[03.16 07:37:37] ┇ INFO     ┇                   chrisbase.data ┇   38 | data.num_check                  | 2
[03.16 07:37:37] ┇ INFO     ┇                   chrisbase.data ┇   39 | model.pretrained                | pretrained/KPF-BERT
[03.16 07:37:37] ┇ INFO     ┇                   chrisbase.data ┇   40 | model.finetuning                | /dat/proj/DeepKNLP-24.03/finetuning
[03.16 07:37:37] ┇ INFO     ┇                   chrisbase.data ┇   41 | model.seq_len                   | 64
[03.16 07:37:37] ┇ INFO     ┇                   chrisbase.data ┇   42 | model.config                    |
[03.16 07:37:37] ┇ INFO     ┇                   chrisbase.data ┇   43 | model.name                      |
[03.16 07:37:37] ┇ INFO     ┇                   chrisbase.data ┇   44 | hardware.cpu_workers            | 32
[03.16 07:37:37] ┇ INFO     ┇                   chrisbase.data ┇   45 | hardware.train_batch            | 64
[03.16 07:37:37] ┇ INFO     ┇                   chrisbase.data ┇   46 | hardware.infer_batch            | 64
[03.16 07:37:37] ┇ INFO     ┇                   chrisbase.data ┇   47 | hardware.accelerator            | gpu
[03.16 07:37:37] ┇ INFO     ┇                   chrisbase.data ┇   48 | hardware.precision              | 32-true
[03.16 07:37:37] ┇ INFO     ┇                   chrisbase.data ┇   49 | hardware.strategy               | auto
[03.16 07:37:37] ┇ INFO     ┇                   chrisbase.data ┇   50 | hardware.devices                | [1]
[03.16 07:37:37] ┇ INFO     ┇                   chrisbase.data ┇   51 | learning.random_seed            | 7
[03.16 07:37:37] ┇ INFO     ┇                   chrisbase.data ┇   52 | learning.optimizer_cls          | Adam
[03.16 07:37:37] ┇ INFO     ┇                   chrisbase.data ┇   53 | learning.learning_rate          | 5e-05
[03.16 07:37:37] ┇ INFO     ┇                   chrisbase.data ┇   54 | learning.saving_mode            | max val_acc
[03.16 07:37:37] ┇ INFO     ┇                   chrisbase.data ┇   55 | learning.num_saving             | 3
[03.16 07:37:37] ┇ INFO     ┇                   chrisbase.data ┇   56 | learning.num_epochs             | 3
[03.16 07:37:37] ┇ INFO     ┇                   chrisbase.data ┇   57 | learning.log_text               | False
[03.16 07:37:37] ┇ INFO     ┇                   chrisbase.data ┇   58 | learning.check_rate_on_training | 0.2
[03.16 07:37:37] ┇ INFO     ┇                   chrisbase.data ┇   59 | learning.print_rate_on_training | 0.03333333333333333
[03.16 07:37:37] ┇ INFO     ┇                   chrisbase.data ┇   60 | learning.print_rate_on_validate | 0.3333333333333333
[03.16 07:37:37] ┇ INFO     ┇                   chrisbase.data ┇   61 | learning.print_rate_on_evaluate | 0.3333333333333333
[03.16 07:37:37] ┇ INFO     ┇                   chrisbase.data ┇   62 | learning.print_step_on_training | -1
[03.16 07:37:37] ┇ INFO     ┇                   chrisbase.data ┇   63 | learning.print_step_on_validate | -1
[03.16 07:37:37] ┇ INFO     ┇                   chrisbase.data ┇   64 | learning.print_step_on_evaluate | -1
[03.16 07:37:37] ┇ INFO     ┇                   chrisbase.data ┇   65 | learning.tag_format_on_training | st={step:d}, ep={epoch:.2f}, loss={loss:06.4f}, acc={acc:06.4f}
[03.16 07:37:37] ┇ INFO     ┇                   chrisbase.data ┇   66 | learning.tag_format_on_validate | st={step:d}, ep={epoch:.2f}, val_loss={val_loss:06.4f}, val_acc={val_acc:06.4f}
[03.16 07:37:37] ┇ INFO     ┇                   chrisbase.data ┇   67 | learning.tag_format_on_evaluate | st={step:d}, ep={epoch:.2f}, test_loss={test_loss:06.4f}, test_acc={test_acc:06.4f}
[03.16 07:37:37] ┇ INFO     ┇                   chrisbase.data ┇   68 | learning.name_format_on_saving  | ep={epoch:.1f}, loss={val_loss:06.4f}, acc={val_acc:06.4f}
[03.16 07:37:37] ┇ INFO     ┇                   chrisbase.data ┇ -----+---------------------------------+-------------------------------------------------------------------------------------
[03.16 07:37:38] ┇ WARNING  ┇      transformers.modeling_utils ┇ Some weights of BertForSequenceClassification were not initialized from the model checkpoint at pretrained/KPF-BERT and are newly initialized: ['bert.pooler.dense.bias', 'bert.pooler.dense.weight', 'classifier.bias', 'classifier.weight']
You should probably TRAIN this model on a down-stream task to be able to use it for predictions and inference.
[03.16 07:37:39] ┇ INFO     ┇                         __main__ ┇ === [after-model] =======================================================================================================================
[03.16 07:37:39] ┇ INFO     ┇               nlpbook.cls.corpus ┇ Creating features from /dat/proj/DeepKNLP-24.03/data/nsmc/ratings_train.txt
[03.16 07:37:39] ┇ INFO     ┇               nlpbook.cls.corpus ┇ Loaded 150000 examples from /dat/proj/DeepKNLP-24.03/data/nsmc/ratings_train.txt
[03.16 07:37:50] ┇ INFO     ┇               nlpbook.cls.corpus ┇   === [Example 1] ===
[03.16 07:37:50] ┇ INFO     ┇               nlpbook.cls.corpus ┇   = sentence : 아 더빙.. 진짜 짜증나네요 목소리
[03.16 07:37:50] ┇ INFO     ┇               nlpbook.cls.corpus ┇   = tokens   : [CLS] 아 더 ##빙 . . 진짜 짜증 ##나 ##네 ##요 목소리 [SEP] [PAD] [PAD] [PAD] [PAD] [PAD] [PAD] [PAD] [PAD] [PAD] [PAD] [PAD] [PAD] [PAD] [PAD] [PAD] [PAD] [PAD] [PAD] [PAD] [PAD] [PAD] [PAD] [PAD] [PAD] [PAD] [PAD] [PAD] [PAD] [PAD] [PAD] [PAD] [PAD] [PAD] [PAD] [PAD] [PAD] [PAD] [PAD] [PAD] [PAD] [PAD] [PAD] [PAD] [PAD] [PAD] [PAD] [PAD] [PAD] [PAD] [PAD] [PAD]
[03.16 07:37:50] ┇ INFO     ┇               nlpbook.cls.corpus ┇   = label    : 0
[03.16 07:37:50] ┇ INFO     ┇               nlpbook.cls.corpus ┇   = features : ClassificationFeatures(input_ids=[2, 3579, 2914, 5236, 518, 518, 7496, 13611, 4773, 5142, 4672, 7484, 3, 0, 0, 0, 0, 0, 0, 0, 0, 0, 0, 0, 0, 0, 0, 0, 0, 0, 0, 0, 0, 0, 0, 0, 0, 0, 0, 0, 0, 0, 0, 0, 0, 0, 0, 0, 0, 0, 0, 0, 0, 0, 0, 0, 0, 0, 0, 0, 0, 0, 0, 0], attention_mask=[1, 1, 1, 1, 1, 1, 1, 1, 1, 1, 1, 1, 1, 0, 0, 0, 0, 0, 0, 0, 0, 0, 0, 0, 0, 0, 0, 0, 0, 0, 0, 0, 0, 0, 0, 0, 0, 0, 0, 0, 0, 0, 0, 0, 0, 0, 0, 0, 0, 0, 0, 0, 0, 0, 0, 0, 0, 0, 0, 0, 0, 0, 0, 0], token_type_ids=[0, 0, 0, 0, 0, 0, 0, 0, 0, 0, 0, 0, 0, 0, 0, 0, 0, 0, 0, 0, 0, 0, 0, 0, 0, 0, 0, 0, 0, 0, 0, 0, 0, 0, 0, 0, 0, 0, 0, 0, 0, 0, 0, 0, 0, 0, 0, 0, 0, 0, 0, 0, 0, 0, 0, 0, 0, 0, 0, 0, 0, 0, 0, 0], label=0)
[03.16 07:37:50] ┇ INFO     ┇               nlpbook.cls.corpus ┇   === 
[03.16 07:37:50] ┇ INFO     ┇               nlpbook.cls.corpus ┇   === [Example 2] ===
[03.16 07:37:50] ┇ INFO     ┇               nlpbook.cls.corpus ┇   = sentence : 흠...포스터보고 초딩영화줄....오버연기조차 가볍지 않구나
[03.16 07:37:50] ┇ INFO     ┇               nlpbook.cls.corpus ┇   = tokens   : [CLS] 흠 . . . 포스터 ##보 ##고 초 ##딩 ##영화 ##줄 . . . . 오버 ##연 ##기 ##조 ##차 가볍 ##지 않 ##구나 [SEP] [PAD] [PAD] [PAD] [PAD] [PAD] [PAD] [PAD] [PAD] [PAD] [PAD] [PAD] [PAD] [PAD] [PAD] [PAD] [PAD] [PAD] [PAD] [PAD] [PAD] [PAD] [PAD] [PAD] [PAD] [PAD] [PAD] [PAD] [PAD] [PAD] [PAD] [PAD] [PAD] [PAD] [PAD] [PAD] [PAD] [PAD] [PAD]
[03.16 07:37:50] ┇ INFO     ┇               nlpbook.cls.corpus ┇   = label    : 1
[03.16 07:37:50] ┇ INFO     ┇               nlpbook.cls.corpus ┇   = features : ClassificationFeatures(input_ids=[2, 4326, 518, 518, 518, 15104, 4557, 4658, 3947, 5051, 20088, 5202, 518, 518, 518, 518, 13422, 4855, 4655, 4872, 4966, 10181, 4760, 3583, 9507, 3, 0, 0, 0, 0, 0, 0, 0, 0, 0, 0, 0, 0, 0, 0, 0, 0, 0, 0, 0, 0, 0, 0, 0, 0, 0, 0, 0, 0, 0, 0, 0, 0, 0, 0, 0, 0, 0, 0], attention_mask=[1, 1, 1, 1, 1, 1, 1, 1, 1, 1, 1, 1, 1, 1, 1, 1, 1, 1, 1, 1, 1, 1, 1, 1, 1, 1, 0, 0, 0, 0, 0, 0, 0, 0, 0, 0, 0, 0, 0, 0, 0, 0, 0, 0, 0, 0, 0, 0, 0, 0, 0, 0, 0, 0, 0, 0, 0, 0, 0, 0, 0, 0, 0, 0], token_type_ids=[0, 0, 0, 0, 0, 0, 0, 0, 0, 0, 0, 0, 0, 0, 0, 0, 0, 0, 0, 0, 0, 0, 0, 0, 0, 0, 0, 0, 0, 0, 0, 0, 0, 0, 0, 0, 0, 0, 0, 0, 0, 0, 0, 0, 0, 0, 0, 0, 0, 0, 0, 0, 0, 0, 0, 0, 0, 0, 0, 0, 0, 0, 0, 0], label=1)
[03.16 07:37:50] ┇ INFO     ┇               nlpbook.cls.corpus ┇   === 
[03.16 07:37:50] ┇ INFO     ┇               nlpbook.cls.corpus ┇ Converted 150000 raw examples to 150000 encoded examples
[03.16 07:37:51] ┇ INFO     ┇                         __main__ ┇ Created train_dataset providing 150000 examples
[03.16 07:37:51] ┇ INFO     ┇                         __main__ ┇ Created train_dataloader providing 2344 batches
[03.16 07:37:51] ┇ INFO     ┇                         __main__ ┇ === [after-train_dataloader] ============================================================================================================
[03.16 07:37:51] ┇ INFO     ┇               nlpbook.cls.corpus ┇ Creating features from /dat/proj/DeepKNLP-24.03/data/nsmc/ratings_test.txt
[03.16 07:37:51] ┇ INFO     ┇               nlpbook.cls.corpus ┇ Loaded 50000 examples from /dat/proj/DeepKNLP-24.03/data/nsmc/ratings_test.txt
[03.16 07:37:55] ┇ INFO     ┇               nlpbook.cls.corpus ┇   === [Example 1] ===
[03.16 07:37:55] ┇ INFO     ┇               nlpbook.cls.corpus ┇   = sentence : 굳 ㅋ
[03.16 07:37:55] ┇ INFO     ┇               nlpbook.cls.corpus ┇   = tokens   : [CLS] 굳 ㅋ [SEP] [PAD] [PAD] [PAD] [PAD] [PAD] [PAD] [PAD] [PAD] [PAD] [PAD] [PAD] [PAD] [PAD] [PAD] [PAD] [PAD] [PAD] [PAD] [PAD] [PAD] [PAD] [PAD] [PAD] [PAD] [PAD] [PAD] [PAD] [PAD] [PAD] [PAD] [PAD] [PAD] [PAD] [PAD] [PAD] [PAD] [PAD] [PAD] [PAD] [PAD] [PAD] [PAD] [PAD] [PAD] [PAD] [PAD] [PAD] [PAD] [PAD] [PAD] [PAD] [PAD] [PAD] [PAD] [PAD] [PAD] [PAD] [PAD] [PAD] [PAD]
[03.16 07:37:55] ┇ INFO     ┇               nlpbook.cls.corpus ┇   = label    : 1
[03.16 07:37:55] ┇ INFO     ┇               nlpbook.cls.corpus ┇   = features : ClassificationFeatures(input_ids=[2, 2653, 956, 3, 0, 0, 0, 0, 0, 0, 0, 0, 0, 0, 0, 0, 0, 0, 0, 0, 0, 0, 0, 0, 0, 0, 0, 0, 0, 0, 0, 0, 0, 0, 0, 0, 0, 0, 0, 0, 0, 0, 0, 0, 0, 0, 0, 0, 0, 0, 0, 0, 0, 0, 0, 0, 0, 0, 0, 0, 0, 0, 0, 0], attention_mask=[1, 1, 1, 1, 0, 0, 0, 0, 0, 0, 0, 0, 0, 0, 0, 0, 0, 0, 0, 0, 0, 0, 0, 0, 0, 0, 0, 0, 0, 0, 0, 0, 0, 0, 0, 0, 0, 0, 0, 0, 0, 0, 0, 0, 0, 0, 0, 0, 0, 0, 0, 0, 0, 0, 0, 0, 0, 0, 0, 0, 0, 0, 0, 0], token_type_ids=[0, 0, 0, 0, 0, 0, 0, 0, 0, 0, 0, 0, 0, 0, 0, 0, 0, 0, 0, 0, 0, 0, 0, 0, 0, 0, 0, 0, 0, 0, 0, 0, 0, 0, 0, 0, 0, 0, 0, 0, 0, 0, 0, 0, 0, 0, 0, 0, 0, 0, 0, 0, 0, 0, 0, 0, 0, 0, 0, 0, 0, 0, 0, 0], label=1)
[03.16 07:37:55] ┇ INFO     ┇               nlpbook.cls.corpus ┇   === 
[03.16 07:37:55] ┇ INFO     ┇               nlpbook.cls.corpus ┇   === [Example 2] ===
[03.16 07:37:55] ┇ INFO     ┇               nlpbook.cls.corpus ┇   = sentence : GDNTOPCLASSINTHECLUB
[03.16 07:37:55] ┇ INFO     ┇               nlpbook.cls.corpus ┇   = tokens   : [CLS] GD ##NT ##O ##P ##C ##LA ##SS ##IN ##T ##H ##EC ##L ##U ##B [SEP] [PAD] [PAD] [PAD] [PAD] [PAD] [PAD] [PAD] [PAD] [PAD] [PAD] [PAD] [PAD] [PAD] [PAD] [PAD] [PAD] [PAD] [PAD] [PAD] [PAD] [PAD] [PAD] [PAD] [PAD] [PAD] [PAD] [PAD] [PAD] [PAD] [PAD] [PAD] [PAD] [PAD] [PAD] [PAD] [PAD] [PAD] [PAD] [PAD] [PAD] [PAD] [PAD] [PAD] [PAD] [PAD] [PAD] [PAD] [PAD]
[03.16 07:37:55] ┇ INFO     ┇               nlpbook.cls.corpus ┇   = label    : 0
[03.16 07:37:55] ┇ INFO     ┇               nlpbook.cls.corpus ┇   = features : ClassificationFeatures(input_ids=[2, 35940, 29794, 4561, 4562, 4529, 21569, 33254, 15203, 4720, 4783, 10502, 4651, 4840, 4563, 3, 0, 0, 0, 0, 0, 0, 0, 0, 0, 0, 0, 0, 0, 0, 0, 0, 0, 0, 0, 0, 0, 0, 0, 0, 0, 0, 0, 0, 0, 0, 0, 0, 0, 0, 0, 0, 0, 0, 0, 0, 0, 0, 0, 0, 0, 0, 0, 0], attention_mask=[1, 1, 1, 1, 1, 1, 1, 1, 1, 1, 1, 1, 1, 1, 1, 1, 0, 0, 0, 0, 0, 0, 0, 0, 0, 0, 0, 0, 0, 0, 0, 0, 0, 0, 0, 0, 0, 0, 0, 0, 0, 0, 0, 0, 0, 0, 0, 0, 0, 0, 0, 0, 0, 0, 0, 0, 0, 0, 0, 0, 0, 0, 0, 0], token_type_ids=[0, 0, 0, 0, 0, 0, 0, 0, 0, 0, 0, 0, 0, 0, 0, 0, 0, 0, 0, 0, 0, 0, 0, 0, 0, 0, 0, 0, 0, 0, 0, 0, 0, 0, 0, 0, 0, 0, 0, 0, 0, 0, 0, 0, 0, 0, 0, 0, 0, 0, 0, 0, 0, 0, 0, 0, 0, 0, 0, 0, 0, 0, 0, 0], label=0)
[03.16 07:37:55] ┇ INFO     ┇               nlpbook.cls.corpus ┇   === 
[03.16 07:37:55] ┇ INFO     ┇               nlpbook.cls.corpus ┇ Converted 50000 raw examples to 50000 encoded examples
[03.16 07:37:55] ┇ INFO     ┇                         __main__ ┇ Created val_dataset providing 50000 examples
[03.16 07:37:55] ┇ INFO     ┇                         __main__ ┇ Created val_dataloader providing 782 batches
[03.16 07:37:55] ┇ INFO     ┇                         __main__ ┇ === [after-val_dataloader] ==============================================================================================================
[03.16 07:38:14] ┇ INFO     ┇                         __main__ ┇ (Ep 0.03) training:   3%|█                             | 79/2344 [00:18<09:05,  4.15x64b/s] | st=79, ep=0.03, loss=0.3774, acc=0.8281
[03.16 07:38:33] ┇ INFO     ┇                         __main__ ┇ (Ep 0.07) training:   7%|██                            | 157/2344 [00:38<08:56,  4.08x64b/s] | st=157, ep=0.07, loss=0.3408, acc=0.8594
[03.16 07:38:53] ┇ INFO     ┇                         __main__ ┇ (Ep 0.10) training:  10%|███                           | 235/2344 [00:57<08:42,  4.04x64b/s] | st=235, ep=0.10, loss=0.2640, acc=0.8594
[03.16 07:39:12] ┇ INFO     ┇                         __main__ ┇ (Ep 0.13) training:  13%|████                          | 313/2344 [01:16<08:37,  3.93x64b/s] | st=313, ep=0.13, loss=0.2500, acc=0.9062
[03.16 07:39:33] ┇ INFO     ┇                         __main__ ┇ (Ep 0.17) training:  17%|█████                         | 391/2344 [01:37<08:56,  3.64x64b/s] | st=391, ep=0.17, loss=0.2934, acc=0.8750
[03.16 07:39:54] ┇ INFO     ┇                         __main__ ┇ (Ep 0.20) training:  20%|██████                        | 469/2344 [01:58<08:46,  3.56x64b/s] | st=469, ep=0.20, loss=0.2861, acc=0.8594
[03.16 07:40:20] ┇ INFO     ┇                         __main__ ┇ (Ep 0.20) checking:  33%|██████▋             | 261/782 [00:25<00:50, 10.35x64b/s]
[03.16 07:40:45] ┇ INFO     ┇                         __main__ ┇ (Ep 0.20) checking:  67%|█████████████▎      | 522/782 [00:51<00:25, 10.07x64b/s]
[03.16 07:41:11] ┇ INFO     ┇                         __main__ ┇ (Ep 0.20) checking: 100%|████████████████████| 782/782 [01:17<00:00,  9.68x64b/s] | st=469, ep=0.20, val_loss=0.2776, val_acc=0.8865
[03.16 07:41:13] ┇ INFO     ┇                         __main__ ┇ --- [after-check] -----------------------------------------------------------------------------------------------------------------------
[03.16 07:41:35] ┇ INFO     ┇                         __main__ ┇ (Ep 0.23) training:  23%|███████                       | 547/2344 [03:40<08:36,  3.48x64b/s] | st=547, ep=0.23, loss=0.1655, acc=0.9531
[03.16 07:41:59] ┇ INFO     ┇                         __main__ ┇ (Ep 0.27) training:  27%|████████                      | 626/2344 [04:03<08:28,  3.38x64b/s] | st=626, ep=0.27, loss=0.2760, acc=0.8750
[03.16 07:42:22] ┇ INFO     ┇                         __main__ ┇ (Ep 0.30) training:  30%|█████████                     | 704/2344 [04:26<08:04,  3.39x64b/s] | st=704, ep=0.30, loss=0.3740, acc=0.8594
[03.16 07:42:45] ┇ INFO     ┇                         __main__ ┇ (Ep 0.33) training:  33%|██████████                    | 782/2344 [04:49<07:52,  3.30x64b/s] | st=782, ep=0.33, loss=0.1782, acc=0.9219
[03.16 07:43:08] ┇ INFO     ┇                         __main__ ┇ (Ep 0.37) training:  37%|███████████                   | 860/2344 [05:12<07:20,  3.37x64b/s] | st=860, ep=0.37, loss=0.2649, acc=0.9062
[03.16 07:43:32] ┇ INFO     ┇                         __main__ ┇ (Ep 0.40) training:  40%|████████████                  | 938/2344 [05:36<06:59,  3.35x64b/s] | st=938, ep=0.40, loss=0.4492, acc=0.8125
[03.16 07:43:59] ┇ INFO     ┇                         __main__ ┇ (Ep 0.40) checking:  33%|██████▋             | 261/782 [00:27<00:53,  9.72x64b/s]
[03.16 07:44:26] ┇ INFO     ┇                         __main__ ┇ (Ep 0.40) checking:  67%|█████████████▎      | 522/782 [00:54<00:26,  9.73x64b/s]
[03.16 07:44:52] ┇ INFO     ┇                         __main__ ┇ (Ep 0.40) checking: 100%|████████████████████| 782/782 [01:20<00:00,  9.75x64b/s] | st=938, ep=0.40, val_loss=0.3152, val_acc=0.8783
[03.16 07:44:54] ┇ INFO     ┇                         __main__ ┇ --- [after-check] -----------------------------------------------------------------------------------------------------------------------
[03.16 07:45:17] ┇ INFO     ┇                         __main__ ┇ (Ep 0.43) training:  43%|█████████████                 | 1016/2344 [07:21<06:36,  3.35x64b/s] | st=1016, ep=0.43, loss=0.3938, acc=0.8125
[03.16 07:45:40] ┇ INFO     ┇                         __main__ ┇ (Ep 0.47) training:  47%|██████████████                | 1094/2344 [07:45<06:14,  3.34x64b/s] | st=1094, ep=0.47, loss=0.1601, acc=0.9375
[03.16 07:46:04] ┇ INFO     ┇                         __main__ ┇ (Ep 0.50) training:  50%|███████████████               | 1172/2344 [08:08<05:51,  3.33x64b/s] | st=1172, ep=0.50, loss=0.2129, acc=0.9375
[03.16 07:46:27] ┇ INFO     ┇                         __main__ ┇ (Ep 0.53) training:  53%|████████████████              | 1251/2344 [08:32<05:27,  3.34x64b/s] | st=1251, ep=0.53, loss=0.2033, acc=0.9219
[03.16 07:46:51] ┇ INFO     ┇                         __main__ ┇ (Ep 0.57) training:  57%|█████████████████             | 1329/2344 [08:55<05:05,  3.33x64b/s] | st=1329, ep=0.57, loss=0.1803, acc=0.9062
[03.16 07:47:14] ┇ INFO     ┇                         __main__ ┇ (Ep 0.60) training:  60%|██████████████████            | 1407/2344 [09:18<04:40,  3.34x64b/s] | st=1407, ep=0.60, loss=0.3151, acc=0.9219
[03.16 07:47:42] ┇ INFO     ┇                         __main__ ┇ (Ep 0.60) checking:  33%|██████▋             | 261/782 [00:27<00:53,  9.73x64b/s]
[03.16 07:48:09] ┇ INFO     ┇                         __main__ ┇ (Ep 0.60) checking:  67%|█████████████▎      | 522/782 [00:54<00:26,  9.70x64b/s]
[03.16 07:48:36] ┇ INFO     ┇                         __main__ ┇ (Ep 0.60) checking: 100%|████████████████████| 782/782 [01:21<00:00,  9.73x64b/s] | st=1407, ep=0.60, val_loss=0.2601, val_acc=0.8946
[03.16 07:48:37] ┇ INFO     ┇                         __main__ ┇ --- [after-check] -----------------------------------------------------------------------------------------------------------------------
[03.16 07:49:00] ┇ INFO     ┇                         __main__ ┇ (Ep 0.63) training:  63%|███████████████████           | 1485/2344 [11:04<04:25,  3.24x64b/s] | st=1485, ep=0.63, loss=0.2621, acc=0.8906
[03.16 07:49:24] ┇ INFO     ┇                         __main__ ┇ (Ep 0.67) training:  67%|████████████████████          | 1563/2344 [11:28<03:45,  3.47x64b/s] | st=1563, ep=0.67, loss=0.1991, acc=0.9062
[03.16 07:49:47] ┇ INFO     ┇                         __main__ ┇ (Ep 0.70) training:  70%|█████████████████████         | 1641/2344 [11:51<03:29,  3.35x64b/s] | st=1641, ep=0.70, loss=0.3642, acc=0.8125
[03.16 07:50:11] ┇ INFO     ┇                         __main__ ┇ (Ep 0.73) training:  73%|██████████████████████        | 1719/2344 [12:15<03:08,  3.32x64b/s] | st=1719, ep=0.73, loss=0.1821, acc=0.9219
[03.16 07:50:35] ┇ INFO     ┇                         __main__ ┇ (Ep 0.77) training:  77%|███████████████████████       | 1798/2344 [12:39<02:40,  3.40x64b/s] | st=1798, ep=0.77, loss=0.4925, acc=0.8281
[03.16 07:50:58] ┇ INFO     ┇                         __main__ ┇ (Ep 0.80) training:  80%|████████████████████████      | 1876/2344 [13:02<02:15,  3.45x64b/s] | st=1876, ep=0.80, loss=0.3181, acc=0.9062
[03.16 07:51:25] ┇ INFO     ┇                         __main__ ┇ (Ep 0.80) checking:  33%|██████▋             | 261/782 [00:27<00:53,  9.75x64b/s]
[03.16 07:51:53] ┇ INFO     ┇                         __main__ ┇ (Ep 0.80) checking:  67%|█████████████▎      | 522/782 [00:54<00:27,  9.48x64b/s]
[03.16 07:52:19] ┇ INFO     ┇                         __main__ ┇ (Ep 0.80) checking: 100%|████████████████████| 782/782 [01:21<00:00,  9.78x64b/s] | st=1876, ep=0.80, val_loss=0.2699, val_acc=0.8885
[03.16 07:52:21] ┇ INFO     ┇                         __main__ ┇ --- [after-check] -----------------------------------------------------------------------------------------------------------------------
[03.16 07:52:44] ┇ INFO     ┇                         __main__ ┇ (Ep 0.83) training:  83%|█████████████████████████     | 1954/2344 [14:48<01:53,  3.43x64b/s] | st=1954, ep=0.83, loss=0.2629, acc=0.8906
[03.16 07:53:08] ┇ INFO     ┇                         __main__ ┇ (Ep 0.87) training:  87%|██████████████████████████    | 2032/2344 [15:12<01:33,  3.35x64b/s] | st=2032, ep=0.87, loss=0.2703, acc=0.9219
[03.16 07:53:31] ┇ INFO     ┇                         __main__ ┇ (Ep 0.90) training:  90%|███████████████████████████   | 2110/2344 [15:35<01:12,  3.22x64b/s] | st=2110, ep=0.90, loss=0.2818, acc=0.8438
[03.16 07:53:54] ┇ INFO     ┇                         __main__ ┇ (Ep 0.93) training:  93%|████████████████████████████  | 2188/2344 [15:59<00:45,  3.39x64b/s] | st=2188, ep=0.93, loss=0.1101, acc=0.9844
[03.16 07:54:18] ┇ INFO     ┇                         __main__ ┇ (Ep 0.97) training:  97%|█████████████████████████████ | 2266/2344 [16:22<00:23,  3.30x64b/s] | st=2266, ep=0.97, loss=0.2602, acc=0.8594
[03.16 07:54:41] ┇ INFO     ┇                         __main__ ┇ (Ep 1.00) training: 100%|██████████████████████████████| 2344/2344 [16:45<00:00,  4.13x64b/s] | st=2344, ep=1.00, loss=0.3127, acc=0.8333
[03.16 07:55:09] ┇ INFO     ┇                         __main__ ┇ (Ep 1.00) checking:  33%|██████▋             | 261/782 [00:27<00:53,  9.68x64b/s]
[03.16 07:55:36] ┇ INFO     ┇                         __main__ ┇ (Ep 1.00) checking:  67%|█████████████▎      | 522/782 [00:54<00:26,  9.66x64b/s]
[03.16 07:56:02] ┇ INFO     ┇                         __main__ ┇ (Ep 1.00) checking: 100%|████████████████████| 782/782 [01:21<00:00,  9.69x64b/s] | st=2344, ep=1.00, val_loss=0.2533, val_acc=0.9009
[03.16 07:56:04] ┇ INFO     ┇                         __main__ ┇ --- [after-check] -----------------------------------------------------------------------------------------------------------------------
[03.16 07:56:04] ┇ INFO     ┇                         __main__ ┇ === [after-epoch] =======================================================================================================================
[03.16 07:56:30] ┇ INFO     ┇                         __main__ ┇ (Ep 1.03) training:   3%|█                             | 79/2344 [00:25<11:01,  3.42x64b/s] | st=2423, ep=1.03, loss=0.1522, acc=0.9375
[03.16 07:56:53] ┇ INFO     ┇                         __main__ ┇ (Ep 1.07) training:   7%|██                            | 157/2344 [00:49<11:25,  3.19x64b/s] | st=2501, ep=1.07, loss=0.1826, acc=0.9062
[03.16 07:57:17] ┇ INFO     ┇                         __main__ ┇ (Ep 1.10) training:  10%|███                           | 235/2344 [01:12<10:29,  3.35x64b/s] | st=2579, ep=1.10, loss=0.1073, acc=0.9844
[03.16 07:57:40] ┇ INFO     ┇                         __main__ ┇ (Ep 1.13) training:  13%|████                          | 313/2344 [01:35<10:02,  3.37x64b/s] | st=2657, ep=1.13, loss=0.1950, acc=0.9062
[03.16 07:58:04] ┇ INFO     ┇                         __main__ ┇ (Ep 1.17) training:  17%|█████                         | 391/2344 [01:59<09:49,  3.31x64b/s] | st=2735, ep=1.17, loss=0.1365, acc=0.9531
[03.16 07:58:27] ┇ INFO     ┇                         __main__ ┇ (Ep 1.20) training:  20%|██████                        | 469/2344 [02:23<09:09,  3.41x64b/s] | st=2813, ep=1.20, loss=0.1889, acc=0.9062
[03.16 07:58:55] ┇ INFO     ┇                         __main__ ┇ (Ep 1.20) checking:  33%|██████▋             | 261/782 [00:27<00:53,  9.68x64b/s]
[03.16 07:59:22] ┇ INFO     ┇                         __main__ ┇ (Ep 1.20) checking:  67%|█████████████▎      | 522/782 [00:54<00:26,  9.66x64b/s]
[03.16 07:59:49] ┇ INFO     ┇                         __main__ ┇ (Ep 1.20) checking: 100%|████████████████████| 782/782 [01:21<00:00,  9.65x64b/s] | st=2813, ep=1.20, val_loss=0.2581, val_acc=0.9023
[03.16 07:59:50] ┇ INFO     ┇                         __main__ ┇ --- [after-check] -----------------------------------------------------------------------------------------------------------------------
[03.16 08:00:13] ┇ INFO     ┇                         __main__ ┇ (Ep 1.23) training:  23%|███████                       | 547/2344 [04:09<08:59,  3.33x64b/s] | st=2891, ep=1.23, loss=0.1975, acc=0.9219
[03.16 08:00:37] ┇ INFO     ┇                         __main__ ┇ (Ep 1.27) training:  27%|████████                      | 626/2344 [04:33<09:03,  3.16x64b/s] | st=2970, ep=1.27, loss=0.2939, acc=0.8906
[03.16 08:01:01] ┇ INFO     ┇                         __main__ ┇ (Ep 1.30) training:  30%|█████████                     | 704/2344 [04:56<08:21,  3.27x64b/s] | st=3048, ep=1.30, loss=0.1592, acc=0.9531
[03.16 08:01:24] ┇ INFO     ┇                         __main__ ┇ (Ep 1.33) training:  33%|██████████                    | 782/2344 [05:20<07:48,  3.34x64b/s] | st=3126, ep=1.33, loss=0.2334, acc=0.8906
[03.16 08:01:48] ┇ INFO     ┇                         __main__ ┇ (Ep 1.37) training:  37%|███████████                   | 860/2344 [05:43<07:28,  3.31x64b/s] | st=3204, ep=1.37, loss=0.2197, acc=0.9219
[03.16 08:02:11] ┇ INFO     ┇                         __main__ ┇ (Ep 1.40) training:  40%|████████████                  | 938/2344 [06:07<06:56,  3.38x64b/s] | st=3282, ep=1.40, loss=0.2547, acc=0.8750
[03.16 08:02:39] ┇ INFO     ┇                         __main__ ┇ (Ep 1.40) checking:  33%|██████▋             | 261/782 [00:27<00:54,  9.64x64b/s]
[03.16 08:03:06] ┇ INFO     ┇                         __main__ ┇ (Ep 1.40) checking:  67%|█████████████▎      | 522/782 [00:54<00:27,  9.62x64b/s]
[03.16 08:03:33] ┇ INFO     ┇                         __main__ ┇ (Ep 1.40) checking: 100%|████████████████████| 782/782 [01:21<00:00,  9.56x64b/s] | st=3282, ep=1.40, val_loss=0.2592, val_acc=0.9010
[03.16 08:03:35] ┇ INFO     ┇                         __main__ ┇ --- [after-check] -----------------------------------------------------------------------------------------------------------------------
[03.16 08:03:58] ┇ INFO     ┇                         __main__ ┇ (Ep 1.43) training:  43%|█████████████                 | 1016/2344 [07:53<06:39,  3.33x64b/s] | st=3360, ep=1.43, loss=0.1813, acc=0.9375
[03.16 08:04:21] ┇ INFO     ┇                         __main__ ┇ (Ep 1.47) training:  47%|██████████████                | 1094/2344 [08:16<06:14,  3.34x64b/s] | st=3438, ep=1.47, loss=0.2136, acc=0.9219
[03.16 08:04:44] ┇ INFO     ┇                         __main__ ┇ (Ep 1.50) training:  50%|███████████████               | 1172/2344 [08:40<05:52,  3.33x64b/s] | st=3516, ep=1.50, loss=0.2004, acc=0.9062
[03.16 08:05:08] ┇ INFO     ┇                         __main__ ┇ (Ep 1.53) training:  53%|████████████████              | 1251/2344 [09:04<05:36,  3.25x64b/s] | st=3595, ep=1.53, loss=0.1814, acc=0.9062
[03.16 08:05:32] ┇ INFO     ┇                         __main__ ┇ (Ep 1.57) training:  57%|█████████████████             | 1329/2344 [09:27<05:09,  3.28x64b/s] | st=3673, ep=1.57, loss=0.2250, acc=0.8906
[03.16 08:05:55] ┇ INFO     ┇                         __main__ ┇ (Ep 1.60) training:  60%|██████████████████            | 1407/2344 [09:51<04:40,  3.34x64b/s] | st=3751, ep=1.60, loss=0.2140, acc=0.9375
[03.16 08:06:23] ┇ INFO     ┇                         __main__ ┇ (Ep 1.60) checking:  33%|██████▋             | 261/782 [00:27<00:53,  9.70x64b/s]
[03.16 08:06:50] ┇ INFO     ┇                         __main__ ┇ (Ep 1.60) checking:  67%|█████████████▎      | 522/782 [00:54<00:26,  9.71x64b/s]
[03.16 08:07:17] ┇ INFO     ┇                         __main__ ┇ (Ep 1.60) checking: 100%|████████████████████| 782/782 [01:21<00:00,  9.29x64b/s] | st=3751, ep=1.60, val_loss=0.2477, val_acc=0.9045
[03.16 08:07:18] ┇ INFO     ┇                         __main__ ┇ --- [after-check] -----------------------------------------------------------------------------------------------------------------------
[03.16 08:07:41] ┇ INFO     ┇                         __main__ ┇ (Ep 1.63) training:  63%|███████████████████           | 1485/2344 [11:37<04:16,  3.35x64b/s] | st=3829, ep=1.63, loss=0.1441, acc=0.9375
[03.16 08:08:05] ┇ INFO     ┇                         __main__ ┇ (Ep 1.67) training:  67%|████████████████████          | 1563/2344 [12:00<03:53,  3.34x64b/s] | st=3907, ep=1.67, loss=0.1283, acc=0.9375
[03.16 08:08:28] ┇ INFO     ┇                         __main__ ┇ (Ep 1.70) training:  70%|█████████████████████         | 1641/2344 [12:24<03:41,  3.18x64b/s] | st=3985, ep=1.70, loss=0.2031, acc=0.9375
[03.16 08:08:52] ┇ INFO     ┇                         __main__ ┇ (Ep 1.73) training:  73%|██████████████████████        | 1719/2344 [12:47<03:03,  3.41x64b/s] | st=4063, ep=1.73, loss=0.2718, acc=0.8750
[03.16 08:09:15] ┇ INFO     ┇                         __main__ ┇ (Ep 1.77) training:  77%|███████████████████████       | 1798/2344 [13:11<02:41,  3.38x64b/s] | st=4142, ep=1.77, loss=0.2051, acc=0.9062
[03.16 08:09:39] ┇ INFO     ┇                         __main__ ┇ (Ep 1.80) training:  80%|████████████████████████      | 1876/2344 [13:34<02:20,  3.34x64b/s] | st=4220, ep=1.80, loss=0.1870, acc=0.9219
[03.16 08:10:06] ┇ INFO     ┇                         __main__ ┇ (Ep 1.80) checking:  33%|██████▋             | 261/782 [00:27<00:53,  9.71x64b/s]
[03.16 08:10:33] ┇ INFO     ┇                         __main__ ┇ (Ep 1.80) checking:  67%|█████████████▎      | 522/782 [00:54<00:26,  9.69x64b/s]
[03.16 08:11:00] ┇ INFO     ┇                         __main__ ┇ (Ep 1.80) checking: 100%|████████████████████| 782/782 [01:21<00:00,  9.69x64b/s] | st=4220, ep=1.80, val_loss=0.2638, val_acc=0.8999
[03.16 08:11:01] ┇ INFO     ┇                         __main__ ┇ --- [after-check] -----------------------------------------------------------------------------------------------------------------------
[03.16 08:11:24] ┇ INFO     ┇                         __main__ ┇ (Ep 1.83) training:  83%|█████████████████████████     | 1954/2344 [15:20<01:58,  3.30x64b/s] | st=4298, ep=1.83, loss=0.2520, acc=0.9375
[03.16 08:11:48] ┇ INFO     ┇                         __main__ ┇ (Ep 1.87) training:  87%|██████████████████████████    | 2032/2344 [15:43<01:35,  3.25x64b/s] | st=4376, ep=1.87, loss=0.1804, acc=0.9219
[03.16 08:12:11] ┇ INFO     ┇                         __main__ ┇ (Ep 1.90) training:  90%|███████████████████████████   | 2110/2344 [16:07<01:11,  3.27x64b/s] | st=4454, ep=1.90, loss=0.0896, acc=0.9688
[03.16 08:12:35] ┇ INFO     ┇                         __main__ ┇ (Ep 1.93) training:  93%|████████████████████████████  | 2188/2344 [16:30<00:46,  3.34x64b/s] | st=4532, ep=1.93, loss=0.1749, acc=0.9375
[03.16 08:12:58] ┇ INFO     ┇                         __main__ ┇ (Ep 1.97) training:  97%|█████████████████████████████ | 2266/2344 [16:54<00:23,  3.35x64b/s] | st=4610, ep=1.97, loss=0.2518, acc=0.9219
[03.16 08:13:22] ┇ INFO     ┇                         __main__ ┇ (Ep 2.00) training: 100%|██████████████████████████████| 2344/2344 [17:17<00:00,  4.08x64b/s] | st=4688, ep=2.00, loss=0.1593, acc=0.9583
[03.16 08:13:50] ┇ INFO     ┇                         __main__ ┇ (Ep 2.00) checking:  33%|██████▋             | 261/782 [00:27<00:53,  9.72x64b/s]
[03.16 08:14:16] ┇ INFO     ┇                         __main__ ┇ (Ep 2.00) checking:  67%|█████████████▎      | 522/782 [00:54<00:27,  9.62x64b/s]
[03.16 08:14:43] ┇ INFO     ┇                         __main__ ┇ (Ep 2.00) checking: 100%|████████████████████| 782/782 [01:21<00:00,  9.63x64b/s] | st=4688, ep=2.00, val_loss=0.2551, val_acc=0.8941
[03.16 08:14:44] ┇ INFO     ┇                         __main__ ┇ --- [after-check] -----------------------------------------------------------------------------------------------------------------------
[03.16 08:14:44] ┇ INFO     ┇                         __main__ ┇ === [after-epoch] =======================================================================================================================
[03.16 08:15:09] ┇ INFO     ┇                         __main__ ┇ (Ep 2.03) training:   3%|█                             | 79/2344 [00:24<11:22,  3.32x64b/s] | st=4767, ep=2.03, loss=0.0830, acc=0.9531
[03.16 08:15:32] ┇ INFO     ┇                         __main__ ┇ (Ep 2.07) training:   7%|██                            | 157/2344 [00:48<10:58,  3.32x64b/s] | st=4845, ep=2.07, loss=0.1252, acc=0.9844
[03.16 08:15:56] ┇ INFO     ┇                         __main__ ┇ (Ep 2.10) training:  10%|███                           | 235/2344 [01:11<10:38,  3.30x64b/s] | st=4923, ep=2.10, loss=0.0639, acc=0.9844
[03.16 08:16:19] ┇ INFO     ┇                         __main__ ┇ (Ep 2.13) training:  13%|████                          | 313/2344 [01:35<10:12,  3.32x64b/s] | st=5001, ep=2.13, loss=0.2628, acc=0.9219
[03.16 08:16:43] ┇ INFO     ┇                         __main__ ┇ (Ep 2.17) training:  17%|█████                         | 391/2344 [01:59<09:48,  3.32x64b/s] | st=5079, ep=2.17, loss=0.1896, acc=0.9688
[03.16 08:17:06] ┇ INFO     ┇                         __main__ ┇ (Ep 2.20) training:  20%|██████                        | 469/2344 [02:22<09:24,  3.32x64b/s] | st=5157, ep=2.20, loss=0.1546, acc=0.9219
[03.16 08:17:34] ┇ INFO     ┇                         __main__ ┇ (Ep 2.20) checking:  33%|██████▋             | 261/782 [00:27<00:54,  9.64x64b/s]
[03.16 08:18:01] ┇ INFO     ┇                         __main__ ┇ (Ep 2.20) checking:  67%|█████████████▎      | 522/782 [00:54<00:26,  9.70x64b/s]
[03.16 08:18:28] ┇ INFO     ┇                         __main__ ┇ (Ep 2.20) checking: 100%|████████████████████| 782/782 [01:21<00:00,  9.67x64b/s] | st=5157, ep=2.20, val_loss=0.2655, val_acc=0.9065
[03.16 08:18:29] ┇ INFO     ┇                         __main__ ┇ --- [after-check] -----------------------------------------------------------------------------------------------------------------------
[03.16 08:18:53] ┇ INFO     ┇                         __main__ ┇ (Ep 2.23) training:  23%|███████                       | 547/2344 [04:08<08:46,  3.41x64b/s] | st=5235, ep=2.23, loss=0.1710, acc=0.9531
[03.16 08:19:17] ┇ INFO     ┇                         __main__ ┇ (Ep 2.27) training:  27%|████████                      | 626/2344 [04:32<08:37,  3.32x64b/s] | st=5314, ep=2.27, loss=0.1659, acc=0.9531
[03.16 08:19:40] ┇ INFO     ┇                         __main__ ┇ (Ep 2.30) training:  30%|█████████                     | 704/2344 [04:56<08:15,  3.31x64b/s] | st=5392, ep=2.30, loss=0.1750, acc=0.9375
[03.16 08:20:04] ┇ INFO     ┇                         __main__ ┇ (Ep 2.33) training:  33%|██████████                    | 782/2344 [05:20<07:45,  3.36x64b/s] | st=5470, ep=2.33, loss=0.1763, acc=0.9219
[03.16 08:20:27] ┇ INFO     ┇                         __main__ ┇ (Ep 2.37) training:  37%|███████████                   | 860/2344 [05:43<07:19,  3.38x64b/s] | st=5548, ep=2.37, loss=0.1583, acc=0.9531
[03.16 08:20:51] ┇ INFO     ┇                         __main__ ┇ (Ep 2.40) training:  40%|████████████                  | 938/2344 [06:06<06:54,  3.40x64b/s] | st=5626, ep=2.40, loss=0.1185, acc=0.9688
[03.16 08:21:19] ┇ INFO     ┇                         __main__ ┇ (Ep 2.40) checking:  33%|██████▋             | 261/782 [00:28<00:54,  9.51x64b/s]
[03.16 08:21:46] ┇ INFO     ┇                         __main__ ┇ (Ep 2.40) checking:  67%|█████████████▎      | 522/782 [00:55<00:27,  9.47x64b/s]
[03.16 08:22:13] ┇ INFO     ┇                         __main__ ┇ (Ep 2.40) checking: 100%|████████████████████| 782/782 [01:22<00:00,  9.55x64b/s] | st=5626, ep=2.40, val_loss=0.2520, val_acc=0.9068
[03.16 08:22:15] ┇ INFO     ┇                         __main__ ┇ --- [after-check] -----------------------------------------------------------------------------------------------------------------------
[03.16 08:22:38] ┇ INFO     ┇                         __main__ ┇ (Ep 2.43) training:  43%|█████████████                 | 1016/2344 [07:54<06:36,  3.35x64b/s] | st=5704, ep=2.43, loss=0.1675, acc=0.9219
[03.16 08:23:02] ┇ INFO     ┇                         __main__ ┇ (Ep 2.47) training:  47%|██████████████                | 1094/2344 [08:17<06:19,  3.29x64b/s] | st=5782, ep=2.47, loss=0.1613, acc=0.9375
[03.16 08:23:25] ┇ INFO     ┇                         __main__ ┇ (Ep 2.50) training:  50%|███████████████               | 1172/2344 [08:41<05:46,  3.39x64b/s] | st=5860, ep=2.50, loss=0.1589, acc=0.9219
[03.16 08:23:49] ┇ INFO     ┇                         __main__ ┇ (Ep 2.53) training:  53%|████████████████              | 1251/2344 [09:05<05:25,  3.36x64b/s] | st=5939, ep=2.53, loss=0.1576, acc=0.9219
[03.16 08:24:13] ┇ INFO     ┇                         __main__ ┇ (Ep 2.57) training:  57%|█████████████████             | 1329/2344 [09:28<05:02,  3.35x64b/s] | st=6017, ep=2.57, loss=0.2460, acc=0.8906
[03.16 08:24:36] ┇ INFO     ┇                         __main__ ┇ (Ep 2.60) training:  60%|██████████████████            | 1407/2344 [09:52<04:42,  3.31x64b/s] | st=6095, ep=2.60, loss=0.2024, acc=0.9375
[03.16 08:25:04] ┇ INFO     ┇                         __main__ ┇ (Ep 2.60) checking:  33%|██████▋             | 261/782 [00:27<00:54,  9.65x64b/s]
[03.16 08:25:31] ┇ INFO     ┇                         __main__ ┇ (Ep 2.60) checking:  67%|█████████████▎      | 522/782 [00:54<00:27,  9.62x64b/s]
[03.16 08:25:58] ┇ INFO     ┇                         __main__ ┇ (Ep 2.60) checking: 100%|████████████████████| 782/782 [01:21<00:00,  9.63x64b/s] | st=6095, ep=2.60, val_loss=0.2502, val_acc=0.9046
[03.16 08:25:59] ┇ INFO     ┇                         __main__ ┇ --- [after-check] -----------------------------------------------------------------------------------------------------------------------
[03.16 08:26:23] ┇ INFO     ┇                         __main__ ┇ (Ep 2.63) training:  63%|███████████████████           | 1485/2344 [11:38<04:21,  3.29x64b/s] | st=6173, ep=2.63, loss=0.1801, acc=0.9062
[03.16 08:26:46] ┇ INFO     ┇                         __main__ ┇ (Ep 2.67) training:  67%|████████████████████          | 1563/2344 [12:02<03:57,  3.28x64b/s] | st=6251, ep=2.67, loss=0.1610, acc=0.9531
[03.16 08:27:10] ┇ INFO     ┇                         __main__ ┇ (Ep 2.70) training:  70%|█████████████████████         | 1641/2344 [12:26<03:33,  3.29x64b/s] | st=6329, ep=2.70, loss=0.0940, acc=0.9375
[03.16 08:27:34] ┇ INFO     ┇                         __main__ ┇ (Ep 2.73) training:  73%|██████████████████████        | 1719/2344 [12:49<03:15,  3.19x64b/s] | st=6407, ep=2.73, loss=0.0505, acc=0.9688
[03.16 08:27:57] ┇ INFO     ┇                         __main__ ┇ (Ep 2.77) training:  77%|███████████████████████       | 1798/2344 [13:13<02:40,  3.39x64b/s] | st=6486, ep=2.77, loss=0.2835, acc=0.8906
[03.16 08:28:21] ┇ INFO     ┇                         __main__ ┇ (Ep 2.80) training:  80%|████████████████████████      | 1876/2344 [13:37<02:21,  3.32x64b/s] | st=6564, ep=2.80, loss=0.0936, acc=0.9844
[03.16 08:28:48] ┇ INFO     ┇                         __main__ ┇ (Ep 2.80) checking:  33%|██████▋             | 261/782 [00:27<00:53,  9.73x64b/s]
[03.16 08:29:16] ┇ INFO     ┇                         __main__ ┇ (Ep 2.80) checking:  67%|█████████████▎      | 522/782 [00:54<00:26,  9.64x64b/s]
[03.16 08:29:43] ┇ INFO     ┇                         __main__ ┇ (Ep 2.80) checking: 100%|████████████████████| 782/782 [01:21<00:00,  9.64x64b/s] | st=6564, ep=2.80, val_loss=0.2616, val_acc=0.9062
[03.16 08:29:44] ┇ INFO     ┇                         __main__ ┇ --- [after-check] -----------------------------------------------------------------------------------------------------------------------
[03.16 08:30:07] ┇ INFO     ┇                         __main__ ┇ (Ep 2.83) training:  83%|█████████████████████████     | 1954/2344 [15:23<01:56,  3.35x64b/s] | st=6642, ep=2.83, loss=0.0704, acc=0.9531
[03.16 08:30:31] ┇ INFO     ┇                         __main__ ┇ (Ep 2.87) training:  87%|██████████████████████████    | 2032/2344 [15:47<01:33,  3.35x64b/s] | st=6720, ep=2.87, loss=0.2368, acc=0.8750
[03.16 08:30:55] ┇ INFO     ┇                         __main__ ┇ (Ep 2.90) training:  90%|███████████████████████████   | 2110/2344 [16:10<01:12,  3.22x64b/s] | st=6798, ep=2.90, loss=0.0743, acc=0.9688
[03.16 08:31:18] ┇ INFO     ┇                         __main__ ┇ (Ep 2.93) training:  93%|████████████████████████████  | 2188/2344 [16:34<00:47,  3.26x64b/s] | st=6876, ep=2.93, loss=0.1515, acc=0.9375
[03.16 08:31:42] ┇ INFO     ┇                         __main__ ┇ (Ep 2.97) training:  97%|█████████████████████████████ | 2266/2344 [16:57<00:24,  3.24x64b/s] | st=6954, ep=2.97, loss=0.2075, acc=0.9531
[03.16 08:32:05] ┇ INFO     ┇                         __main__ ┇ (Ep 3.00) training: 100%|██████████████████████████████| 2344/2344 [17:21<00:00,  4.14x64b/s] | st=7032, ep=3.00, loss=0.1115, acc=0.9375
[03.16 08:32:33] ┇ INFO     ┇                         __main__ ┇ (Ep 3.00) checking:  33%|██████▋             | 261/782 [00:28<00:54,  9.62x64b/s]
[03.16 08:33:00] ┇ INFO     ┇                         __main__ ┇ (Ep 3.00) checking:  67%|█████████████▎      | 522/782 [00:55<00:27,  9.59x64b/s]
[03.16 08:33:27] ┇ INFO     ┇                         __main__ ┇ (Ep 3.00) checking: 100%|████████████████████| 782/782 [01:22<00:00,  9.60x64b/s] | st=7032, ep=3.00, val_loss=0.2591, val_acc=0.9049
[03.16 08:33:27] ┇ INFO     ┇                         __main__ ┇ --- [after-check] -----------------------------------------------------------------------------------------------------------------------
[03.16 08:33:27] ┇ INFO     ┇                         __main__ ┇ === [after-epoch] =======================================================================================================================
[03.16 08:33:28] ┇ INFO     ┇                         __main__ ┇ Loading best model from /dat/proj/DeepKNLP-24.03/finetuning/nsmc/train=KPF-BERT/0316.073736/ep=2.4, loss=0.2520, acc=0.9068.ckpt
[03.16 08:33:56] ┇ INFO     ┇                         __main__ ┇ (Ep 2.40)  testing:  33%|██████▋             | 261/782 [00:28<00:54,  9.65x64b/s]
[03.16 08:34:23] ┇ INFO     ┇                         __main__ ┇ (Ep 2.40)  testing:  67%|█████████████▎      | 522/782 [00:55<00:26,  9.66x64b/s]
[03.16 08:34:50] ┇ INFO     ┇                         __main__ ┇ (Ep 2.40)  testing: 100%|████████████████████| 782/782 [01:22<00:00,  9.66x64b/s] | st=5626, ep=2.40, test_loss=0.2520, test_acc=0.9068
[03.16 08:34:50] ┇ INFO     ┇                         __main__ ┇ --- [after-test] ------------------------------------------------------------------------------------------------------------------------
[03.16 08:34:50] ┇ INFO     ┇                         __main__ ┇ === [after-train_loop] ==================================================================================================================
[03.16 08:34:50] ┇ INFO     ┇                   chrisbase.data ┇ =========================================================================================================================================
[03.16 08:34:50] ┇ INFO     ┇                   chrisbase.data ┇ [EXIT] python /home/chris/proj/DeepKNLP-24.03/1-doc-cls-train.py  ($=00:57:12.915)
[03.16 08:34:50] ┇ INFO     ┇                   chrisbase.data ┇ =========================================================================================================================================
