[02.12 01:25:11] ┇ INFO    ┇           chrisbase.data ┇ =========================================================================================================================================
[02.12 01:25:11] ┇ INFO    ┇           chrisbase.data ┇ [INIT] python task2-nerG-trainer.py --local_rank=0 --trainer_deepspeed configs/deepspeed/ds2_t5.json --run_version FlanT5-Base-WQ=4,3 --pretrained google/flan-t5-base --eval_epochs 0.5 --logging_steps 5 --num_train_epochs 12 --per_device_eval_batch_size 50 --per_device_train_batch_size 8 --gradient_accumulation_steps 1 --generation_max_length 640 --eval_file data/gner/each-sampled-WQ=4,3/crossner_ai-dev=100-WQ=4,3.jsonl --train_file data/gner/each-WQ=4,3/crossner_ai-train-WQ=4,3.jsonl --output_file train-metrics-crossner_ai-12ep.csv --logging_file train-loggings-crossner_ai-12ep.out --no_use_flash_attention --no_debugging
[02.12 01:25:11] ┇ INFO    ┇           chrisbase.data ┇ =========================================================================================================================================
[02.12 01:25:11] ┇ INFO    ┇           chrisbase.data ┇ -----------------------------------------------------------------------------------------------------------------------------------------
[02.12 01:25:11] ┇ INFO    ┇           chrisbase.data ┇   #	TrainingArgumentsForAccelerator              	value
[02.12 01:25:11] ┇ INFO    ┇           chrisbase.data ┇ -----------------------------------------------------------------------------------------------------------------------------------------
[02.12 01:25:11] ┇ INFO    ┇           chrisbase.data ┇   1	env.hostname                                 	ptlm3
[02.12 01:25:11] ┇ INFO    ┇           chrisbase.data ┇   2	env.hostaddr                                 	129.254.121.74
[02.12 01:25:11] ┇ INFO    ┇           chrisbase.data ┇   3	env.global_rank                              	-1
[02.12 01:25:11] ┇ INFO    ┇           chrisbase.data ┇   4	env.local_rank                               	0
[02.12 01:25:11] ┇ INFO    ┇           chrisbase.data ┇   5	env.node_rank                                	-1
[02.12 01:25:11] ┇ INFO    ┇           chrisbase.data ┇   6	env.world_size                               	4
[02.12 01:25:11] ┇ INFO    ┇           chrisbase.data ┇   7	env.time_stamp                               	0212-012507
[02.12 01:25:11] ┇ INFO    ┇           chrisbase.data ┇   8	env.python_path                              	/home/chrisjihee/miniforge3/envs/DeepKNLP/bin/python
[02.12 01:25:11] ┇ INFO    ┇           chrisbase.data ┇   9	env.current_dir                              	/home/chrisjihee/proj/DeepKNLP
[02.12 01:25:11] ┇ INFO    ┇           chrisbase.data ┇  10	env.current_file                             	task2-nerG-trainer.py
[02.12 01:25:11] ┇ INFO    ┇           chrisbase.data ┇  11	env.command_args                             	['--local_rank=0', '--trainer_deepspeed', 'configs/deepspeed/ds2_t5.json', '--run_version', 'FlanT5-Base-WQ=4,3', '--pretrained', 'google/flan-t5-base', '--eval_epochs', '0.5', '--logging_steps', '5', '--num_train_epochs', '12', '--per_device_eval_batch_size', '50', '--per_device_train_batch_size', '8', '--gradient_accumulation_steps', '1', '--generation_max_length', '640', '--eval_file', 'data/gner/each-sampled-WQ=4,3/crossner_ai-dev=100-WQ=4,3.jsonl', '--train_file', 'data/gner/each-WQ=4,3/crossner_ai-train-WQ=4,3.jsonl', '--output_file', 'train-metrics-crossner_ai-12ep.csv', '--logging_file', 'train-loggings-crossner_ai-12ep.out', '--no_use_flash_attention', '--no_debugging']
[02.12 01:25:11] ┇ INFO    ┇           chrisbase.data ┇  12	env.output_home                              	output
[02.12 01:25:11] ┇ INFO    ┇           chrisbase.data ┇  13	env.output_name                              	GNER
[02.12 01:25:11] ┇ INFO    ┇           chrisbase.data ┇  14	env.run_version                              	FlanT5-Base-WQ=4,3
[02.12 01:25:11] ┇ INFO    ┇           chrisbase.data ┇  15	env.output_file                              	train-metrics-crossner_ai-12ep-0212-012507.csv
[02.12 01:25:11] ┇ INFO    ┇           chrisbase.data ┇  16	env.logging_file                             	train-loggings-crossner_ai-12ep-0212-012507.out
[02.12 01:25:11] ┇ INFO    ┇           chrisbase.data ┇  17	env.logging_level                            	30
[02.12 01:25:11] ┇ INFO    ┇           chrisbase.data ┇  18	env.logging_format                           	%(asctime)s ┇ %(levelname)-7s ┇ %(name)24s ┇ %(message)s
[02.12 01:25:11] ┇ INFO    ┇           chrisbase.data ┇  19	env.datetime_format                          	[%m.%d %H:%M:%S]
[02.12 01:25:11] ┇ INFO    ┇           chrisbase.data ┇  20	env.argument_file                            	train-arguments-0212-012507.json
[02.12 01:25:11] ┇ INFO    ┇           chrisbase.data ┇  21	env.random_seed                              	7
[02.12 01:25:11] ┇ INFO    ┇           chrisbase.data ┇  22	env.max_workers                              	4
[02.12 01:25:11] ┇ INFO    ┇           chrisbase.data ┇  23	env.debugging                                	False
[02.12 01:25:11] ┇ INFO    ┇           chrisbase.data ┇  24	env.output_dir                               	output/GNER/FlanT5-Base-WQ=4,3
[02.12 01:25:11] ┇ INFO    ┇           chrisbase.data ┇  25	time.t1                                      	2025-02-12 01:25:11.784262
[02.12 01:25:11] ┇ INFO    ┇           chrisbase.data ┇  26	time.t2                                      	2025-02-12 01:25:05.599518
[02.12 01:25:11] ┇ INFO    ┇           chrisbase.data ┇  27	time.started                                 	[02.12 01:25:11]
[02.12 01:25:11] ┇ INFO    ┇           chrisbase.data ┇  28	time.settled
[02.12 01:25:11] ┇ INFO    ┇           chrisbase.data ┇  29	time.elapsed
[02.12 01:25:11] ┇ INFO    ┇           chrisbase.data ┇  30	data.train_file                              	data/gner/each-WQ=4,3/crossner_ai-train-WQ=4,3.jsonl
[02.12 01:25:11] ┇ INFO    ┇           chrisbase.data ┇  31	data.study_file
[02.12 01:25:11] ┇ INFO    ┇           chrisbase.data ┇  32	data.eval_file                               	data/gner/each-sampled-WQ=4,3/crossner_ai-dev=100-WQ=4,3.jsonl
[02.12 01:25:11] ┇ INFO    ┇           chrisbase.data ┇  33	data.pred_file
[02.12 01:25:11] ┇ INFO    ┇           chrisbase.data ┇  34	data.pretrained                              	google/flan-t5-base
[02.12 01:25:11] ┇ INFO    ┇           chrisbase.data ┇  35	data.max_train_samples                       	-1
[02.12 01:25:11] ┇ INFO    ┇           chrisbase.data ┇  36	data.max_study_samples                       	-1
[02.12 01:25:11] ┇ INFO    ┇           chrisbase.data ┇  37	data.max_eval_samples                        	-1
[02.12 01:25:11] ┇ INFO    ┇           chrisbase.data ┇  38	data.max_pred_samples                        	-1
[02.12 01:25:11] ┇ INFO    ┇           chrisbase.data ┇  39	data.use_cache_data                          	False
[02.12 01:25:11] ┇ INFO    ┇           chrisbase.data ┇  40	data.progress_seconds                        	10.0
[02.12 01:25:11] ┇ INFO    ┇           chrisbase.data ┇  41	data.max_source_length                       	640
[02.12 01:25:11] ┇ INFO    ┇           chrisbase.data ┇  42	data.max_target_length                       	640
[02.12 01:25:11] ┇ INFO    ┇           chrisbase.data ┇  43	data.write_predictions                       	False
[02.12 01:25:11] ┇ INFO    ┇           chrisbase.data ┇  44	data.ignore_pad_token_for_loss               	True
[02.12 01:25:11] ┇ INFO    ┇           chrisbase.data ┇  45	train._n_gpu                                 	1
[02.12 01:25:11] ┇ INFO    ┇           chrisbase.data ┇  46	train.accelerator_config                     	{'split_batches': False, 'dispatch_batches': None, 'even_batches': True, 'use_seedable_sampler': True, 'non_blocking': False, 'gradient_accumulation_kwargs': None, 'use_configured_state': False}
[02.12 01:25:11] ┇ INFO    ┇           chrisbase.data ┇  47	train.adafactor                              	False
[02.12 01:25:11] ┇ INFO    ┇           chrisbase.data ┇  48	train.adam_beta1                             	0.9
[02.12 01:25:11] ┇ INFO    ┇           chrisbase.data ┇  49	train.adam_beta2                             	0.999
[02.12 01:25:11] ┇ INFO    ┇           chrisbase.data ┇  50	train.adam_epsilon                           	1e-08
[02.12 01:25:11] ┇ INFO    ┇           chrisbase.data ┇  51	train.auto_find_batch_size                   	False
[02.12 01:25:11] ┇ INFO    ┇           chrisbase.data ┇  52	train.average_tokens_across_devices          	False
[02.12 01:25:11] ┇ INFO    ┇           chrisbase.data ┇  53	train.batch_eval_metrics                     	False
[02.12 01:25:11] ┇ INFO    ┇           chrisbase.data ┇  54	train.bf16                                   	True
[02.12 01:25:11] ┇ INFO    ┇           chrisbase.data ┇  55	train.bf16_full_eval                         	True
[02.12 01:25:11] ┇ INFO    ┇           chrisbase.data ┇  56	train.data_seed
[02.12 01:25:11] ┇ INFO    ┇           chrisbase.data ┇  57	train.dataloader_drop_last                   	False
[02.12 01:25:11] ┇ INFO    ┇           chrisbase.data ┇  58	train.dataloader_num_workers                 	0
[02.12 01:25:11] ┇ INFO    ┇           chrisbase.data ┇  59	train.dataloader_persistent_workers          	False
[02.12 01:25:11] ┇ INFO    ┇           chrisbase.data ┇  60	train.dataloader_pin_memory                  	True
[02.12 01:25:11] ┇ INFO    ┇           chrisbase.data ┇  61	train.dataloader_prefetch_factor
[02.12 01:25:11] ┇ INFO    ┇           chrisbase.data ┇  62	train.ddp_backend
[02.12 01:25:11] ┇ INFO    ┇           chrisbase.data ┇  63	train.ddp_broadcast_buffers
[02.12 01:25:11] ┇ INFO    ┇           chrisbase.data ┇  64	train.ddp_bucket_cap_mb
[02.12 01:25:11] ┇ INFO    ┇           chrisbase.data ┇  65	train.ddp_find_unused_parameters
[02.12 01:25:11] ┇ INFO    ┇           chrisbase.data ┇  66	train.ddp_timeout                            	1800
[02.12 01:25:11] ┇ INFO    ┇           chrisbase.data ┇  67	train.debug                                  	[]
[02.12 01:25:11] ┇ INFO    ┇           chrisbase.data ┇  68	train.deepspeed                              	configs/deepspeed/ds2_t5.json
[02.12 01:25:11] ┇ INFO    ┇           chrisbase.data ┇  69	train.disable_tqdm                           	True
[02.12 01:25:11] ┇ INFO    ┇           chrisbase.data ┇  70	train.dispatch_batches
[02.12 01:25:11] ┇ INFO    ┇           chrisbase.data ┇  71	train.do_eval                                	True
[02.12 01:25:11] ┇ INFO    ┇           chrisbase.data ┇  72	train.do_predict                             	False
[02.12 01:25:11] ┇ INFO    ┇           chrisbase.data ┇  73	train.do_train                               	True
[02.12 01:25:11] ┇ INFO    ┇           chrisbase.data ┇  74	train.eval_accumulation_steps                	1
[02.12 01:25:11] ┇ INFO    ┇           chrisbase.data ┇  75	train.eval_delay                             	0.0
[02.12 01:25:11] ┇ INFO    ┇           chrisbase.data ┇  76	train.eval_do_concat_batches                 	True
[02.12 01:25:11] ┇ INFO    ┇           chrisbase.data ┇  77	train.eval_epochs                            	0.5
[02.12 01:25:11] ┇ INFO    ┇           chrisbase.data ┇  78	train.eval_on_start                          	False
[02.12 01:25:11] ┇ INFO    ┇           chrisbase.data ┇  79	train.eval_steps                             	9223372036854775807
[02.12 01:25:11] ┇ INFO    ┇           chrisbase.data ┇  80	train.eval_strategy                          	IntervalStrategy.NO
[02.12 01:25:11] ┇ INFO    ┇           chrisbase.data ┇  81	train.eval_use_gather_object                 	False
[02.12 01:25:11] ┇ INFO    ┇           chrisbase.data ┇  82	train.evaluation_strategy
[02.12 01:25:11] ┇ INFO    ┇           chrisbase.data ┇  83	train.fp16                                   	False
[02.12 01:25:11] ┇ INFO    ┇           chrisbase.data ┇  84	train.fp16_backend                           	auto
[02.12 01:25:11] ┇ INFO    ┇           chrisbase.data ┇  85	train.fp16_full_eval                         	False
[02.12 01:25:11] ┇ INFO    ┇           chrisbase.data ┇  86	train.fp16_opt_level                         	O1
[02.12 01:25:11] ┇ INFO    ┇           chrisbase.data ┇  87	train.fsdp                                   	[]
[02.12 01:25:11] ┇ INFO    ┇           chrisbase.data ┇  88	train.fsdp_config                            	{'min_num_params': 0, 'xla': False, 'xla_fsdp_v2': False, 'xla_fsdp_grad_ckpt': False}
[02.12 01:25:11] ┇ INFO    ┇           chrisbase.data ┇  89	train.fsdp_min_num_params                    	0
[02.12 01:25:11] ┇ INFO    ┇           chrisbase.data ┇  90	train.fsdp_transformer_layer_cls_to_wrap
[02.12 01:25:11] ┇ INFO    ┇           chrisbase.data ┇  91	train.full_determinism                       	False
[02.12 01:25:11] ┇ INFO    ┇           chrisbase.data ┇  92	train.generation_config
[02.12 01:25:11] ┇ INFO    ┇           chrisbase.data ┇  93	train.generation_max_length                  	640
[02.12 01:25:11] ┇ INFO    ┇           chrisbase.data ┇  94	train.generation_num_beams
[02.12 01:25:11] ┇ INFO    ┇           chrisbase.data ┇  95	train.gradient_accumulation_steps            	1
[02.12 01:25:11] ┇ INFO    ┇           chrisbase.data ┇  96	train.gradient_checkpointing                 	True
[02.12 01:25:11] ┇ INFO    ┇           chrisbase.data ┇  97	train.gradient_checkpointing_kwargs
[02.12 01:25:11] ┇ INFO    ┇           chrisbase.data ┇  98	train.greater_is_better
[02.12 01:25:11] ┇ INFO    ┇           chrisbase.data ┇  99	train.group_by_length                        	False
[02.12 01:25:11] ┇ INFO    ┇           chrisbase.data ┇ 100	train.half_precision_backend                 	auto
[02.12 01:25:11] ┇ INFO    ┇           chrisbase.data ┇ 101	train.hub_always_push                        	False
[02.12 01:25:11] ┇ INFO    ┇           chrisbase.data ┇ 102	train.hub_model_id
[02.12 01:25:11] ┇ INFO    ┇           chrisbase.data ┇ 103	train.hub_private_repo
[02.12 01:25:11] ┇ INFO    ┇           chrisbase.data ┇ 104	train.hub_strategy                           	HubStrategy.EVERY_SAVE
[02.12 01:25:11] ┇ INFO    ┇           chrisbase.data ┇ 105	train.hub_token
[02.12 01:25:11] ┇ INFO    ┇           chrisbase.data ┇ 106	train.ignore_data_skip                       	False
[02.12 01:25:11] ┇ INFO    ┇           chrisbase.data ┇ 107	train.include_for_metrics                    	[]
[02.12 01:25:11] ┇ INFO    ┇           chrisbase.data ┇ 108	train.include_inputs_for_metrics             	False
[02.12 01:25:11] ┇ INFO    ┇           chrisbase.data ┇ 109	train.include_num_input_tokens_seen          	False
[02.12 01:25:11] ┇ INFO    ┇           chrisbase.data ┇ 110	train.include_tokens_per_second              	False
[02.12 01:25:11] ┇ INFO    ┇           chrisbase.data ┇ 111	train.jit_mode_eval                          	False
[02.12 01:25:11] ┇ INFO    ┇           chrisbase.data ┇ 112	train.label_names
[02.12 01:25:11] ┇ INFO    ┇           chrisbase.data ┇ 113	train.label_smoothing_factor                 	0.0
[02.12 01:25:11] ┇ INFO    ┇           chrisbase.data ┇ 114	train.learning_rate                          	2e-05
[02.12 01:25:11] ┇ INFO    ┇           chrisbase.data ┇ 115	train.length_column_name                     	length
[02.12 01:25:11] ┇ INFO    ┇           chrisbase.data ┇ 116	train.load_best_model_at_end                 	False
[02.12 01:25:11] ┇ INFO    ┇           chrisbase.data ┇ 117	train.local_rank                             	0
[02.12 01:25:11] ┇ INFO    ┇           chrisbase.data ┇ 118	train.log_level                              	warning
[02.12 01:25:11] ┇ INFO    ┇           chrisbase.data ┇ 119	train.log_level_replica                      	error
[02.12 01:25:11] ┇ INFO    ┇           chrisbase.data ┇ 120	train.log_on_each_node                       	True
[02.12 01:25:11] ┇ INFO    ┇           chrisbase.data ┇ 121	train.logging_dir                            	output/GNER/FlanT5-Base-WQ=4,3/runs/Feb12_01-25-10_ptlm3
[02.12 01:25:11] ┇ INFO    ┇           chrisbase.data ┇ 122	train.logging_epochs                         	-1.0
[02.12 01:25:11] ┇ INFO    ┇           chrisbase.data ┇ 123	train.logging_first_step                     	False
[02.12 01:25:11] ┇ INFO    ┇           chrisbase.data ┇ 124	train.logging_nan_inf_filter                 	True
[02.12 01:25:11] ┇ INFO    ┇           chrisbase.data ┇ 125	train.logging_steps                          	5
[02.12 01:25:11] ┇ INFO    ┇           chrisbase.data ┇ 126	train.logging_strategy                       	IntervalStrategy.STEPS
[02.12 01:25:11] ┇ INFO    ┇           chrisbase.data ┇ 127	train.lr_scheduler_kwargs                    	{}
[02.12 01:25:11] ┇ INFO    ┇           chrisbase.data ┇ 128	train.lr_scheduler_type                      	SchedulerType.COSINE
[02.12 01:25:11] ┇ INFO    ┇           chrisbase.data ┇ 129	train.max_grad_norm                          	1.0
[02.12 01:25:11] ┇ INFO    ┇           chrisbase.data ┇ 130	train.max_steps                              	-1
[02.12 01:25:11] ┇ INFO    ┇           chrisbase.data ┇ 131	train.metric_for_best_model
[02.12 01:25:11] ┇ INFO    ┇           chrisbase.data ┇ 132	train.mp_parameters
[02.12 01:25:11] ┇ INFO    ┇           chrisbase.data ┇ 133	train.neftune_noise_alpha
[02.12 01:25:11] ┇ INFO    ┇           chrisbase.data ┇ 134	train.no_cuda                                	False
[02.12 01:25:11] ┇ INFO    ┇           chrisbase.data ┇ 135	train.num_train_epochs                       	12.0
[02.12 01:25:11] ┇ INFO    ┇           chrisbase.data ┇ 136	train.optim                                  	OptimizerNames.ADAMW_TORCH
[02.12 01:25:11] ┇ INFO    ┇           chrisbase.data ┇ 137	train.optim_args
[02.12 01:25:11] ┇ INFO    ┇           chrisbase.data ┇ 138	train.optim_target_modules
[02.12 01:25:11] ┇ INFO    ┇           chrisbase.data ┇ 139	train.output_dir                             	output/GNER/FlanT5-Base-WQ=4,3
[02.12 01:25:11] ┇ INFO    ┇           chrisbase.data ┇ 140	train.overwrite_output_dir                   	True
[02.12 01:25:11] ┇ INFO    ┇           chrisbase.data ┇ 141	train.past_index                             	-1
[02.12 01:25:11] ┇ INFO    ┇           chrisbase.data ┇ 142	train.per_device_eval_batch_size             	50
[02.12 01:25:11] ┇ INFO    ┇           chrisbase.data ┇ 143	train.per_device_train_batch_size            	8
[02.12 01:25:11] ┇ INFO    ┇           chrisbase.data ┇ 144	train.per_gpu_eval_batch_size
[02.12 01:25:11] ┇ INFO    ┇           chrisbase.data ┇ 145	train.per_gpu_train_batch_size
[02.12 01:25:11] ┇ INFO    ┇           chrisbase.data ┇ 146	train.predict_with_generate                  	True
[02.12 01:25:11] ┇ INFO    ┇           chrisbase.data ┇ 147	train.prediction_loss_only                   	False
[02.12 01:25:11] ┇ INFO    ┇           chrisbase.data ┇ 148	train.push_to_hub                            	False
[02.12 01:25:11] ┇ INFO    ┇           chrisbase.data ┇ 149	train.push_to_hub_model_id
[02.12 01:25:11] ┇ INFO    ┇           chrisbase.data ┇ 150	train.push_to_hub_organization
[02.12 01:25:11] ┇ INFO    ┇           chrisbase.data ┇ 151	train.push_to_hub_token
[02.12 01:25:11] ┇ INFO    ┇           chrisbase.data ┇ 152	train.ray_scope                              	last
[02.12 01:25:11] ┇ INFO    ┇           chrisbase.data ┇ 153	train.remove_unused_columns                  	False
[02.12 01:25:11] ┇ INFO    ┇           chrisbase.data ┇ 154	train.report_to                              	[]
[02.12 01:25:11] ┇ INFO    ┇           chrisbase.data ┇ 155	train.restore_callback_states_from_checkpoint	False
[02.12 01:25:11] ┇ INFO    ┇           chrisbase.data ┇ 156	train.resume_from_checkpoint
[02.12 01:25:11] ┇ INFO    ┇           chrisbase.data ┇ 157	train.run_name                               	output/GNER/FlanT5-Base-WQ=4,3
[02.12 01:25:11] ┇ INFO    ┇           chrisbase.data ┇ 158	train.save_epochs                            	-1.0
[02.12 01:25:11] ┇ INFO    ┇           chrisbase.data ┇ 159	train.save_on_each_node                      	False
[02.12 01:25:11] ┇ INFO    ┇           chrisbase.data ┇ 160	train.save_only_model                        	False
[02.12 01:25:11] ┇ INFO    ┇           chrisbase.data ┇ 161	train.save_safetensors                       	True
[02.12 01:25:11] ┇ INFO    ┇           chrisbase.data ┇ 162	train.save_steps                             	9223372036854775807
[02.12 01:25:11] ┇ INFO    ┇           chrisbase.data ┇ 163	train.save_strategy                          	SaveStrategy.NO
[02.12 01:25:11] ┇ INFO    ┇           chrisbase.data ┇ 164	train.save_total_limit
[02.12 01:25:11] ┇ INFO    ┇           chrisbase.data ┇ 165	train.seed                                   	7
[02.12 01:25:11] ┇ INFO    ┇           chrisbase.data ┇ 166	train.skip_memory_metrics                    	True
[02.12 01:25:11] ┇ INFO    ┇           chrisbase.data ┇ 167	train.sortish_sampler                        	False
[02.12 01:25:11] ┇ INFO    ┇           chrisbase.data ┇ 168	train.split_batches
[02.12 01:25:11] ┇ INFO    ┇           chrisbase.data ┇ 169	train.tf32                                   	True
[02.12 01:25:11] ┇ INFO    ┇           chrisbase.data ┇ 170	train.torch_compile                          	False
[02.12 01:25:11] ┇ INFO    ┇           chrisbase.data ┇ 171	train.torch_compile_backend
[02.12 01:25:11] ┇ INFO    ┇           chrisbase.data ┇ 172	train.torch_compile_mode
[02.12 01:25:11] ┇ INFO    ┇           chrisbase.data ┇ 173	train.torch_empty_cache_steps
[02.12 01:25:11] ┇ INFO    ┇           chrisbase.data ┇ 174	train.torchdynamo
[02.12 01:25:11] ┇ INFO    ┇           chrisbase.data ┇ 175	train.tpu_metrics_debug                      	False
[02.12 01:25:11] ┇ INFO    ┇           chrisbase.data ┇ 176	train.tpu_num_cores
[02.12 01:25:11] ┇ INFO    ┇           chrisbase.data ┇ 177	train.use_cpu                                	False
[02.12 01:25:11] ┇ INFO    ┇           chrisbase.data ┇ 178	train.use_flash_attention                    	False
[02.12 01:25:11] ┇ INFO    ┇           chrisbase.data ┇ 179	train.use_ipex                               	False
[02.12 01:25:11] ┇ INFO    ┇           chrisbase.data ┇ 180	train.use_legacy_prediction_loop             	False
[02.12 01:25:11] ┇ INFO    ┇           chrisbase.data ┇ 181	train.use_liger_kernel                       	False
[02.12 01:25:11] ┇ INFO    ┇           chrisbase.data ┇ 182	train.use_mps_device                         	False
[02.12 01:25:11] ┇ INFO    ┇           chrisbase.data ┇ 183	train.warmup_ratio                           	0.04
[02.12 01:25:11] ┇ INFO    ┇           chrisbase.data ┇ 184	train.warmup_steps                           	0
[02.12 01:25:11] ┇ INFO    ┇           chrisbase.data ┇ 185	train.weight_decay                           	0.0
[02.12 01:25:11] ┇ INFO    ┇           chrisbase.data ┇ -----------------------------------------------------------------------------------------------------------------------------------------
[02.12 01:25:13] ┇ INFO    ┇                 DeepKNLP ┇ model type: <class 'transformers.models.t5.modeling_t5.T5ForConditionalGeneration'>
[02.12 01:25:13] ┇ INFO    ┇                 DeepKNLP ┇ model pad_token_id: 0
[02.12 01:25:13] ┇ INFO    ┇                 DeepKNLP ┇ Loaded raw train_dataset (#=3782): data/gner/each-WQ=4,3/crossner_ai-train-WQ=4,3.jsonl
[02.12 01:25:14] ┇ INFO    ┇                 DeepKNLP ┇ Preprocess train_dataset:   0%|                    |    4/3782 [0:00:00<0:03:55, 16.05Hz]
[02.12 01:25:14] ┇ INFO    ┇                 DeepKNLP ┇ Preprocess train_dataset: 100%|████████████████████| 3782/3782 [0:00:01<0:00:00, 4618.82Hz]
[02.12 01:25:15] ┇ INFO    ┇                 DeepKNLP ┇ Completed preprocessing for train_dataset by google/flan-t5-base at [02.12 01:25:14]
[02.12 01:25:15] ┇ INFO    ┇                 DeepKNLP ┇ Loaded raw eval_dataset (#=3242): data/gner/each-sampled-WQ=4,3/crossner_ai-dev=100-WQ=4,3.jsonl
[02.12 01:25:15] ┇ INFO    ┇                 DeepKNLP ┇ Preprocess eval_dataset:   0%|                    |    4/3242 [0:00:00<0:03:21, 16.11Hz]
[02.12 01:25:16] ┇ INFO    ┇                 DeepKNLP ┇ Preprocess eval_dataset: 100%|████████████████████| 3242/3242 [0:00:00<0:00:00, 5332.23Hz]
[02.12 01:25:16] ┇ INFO    ┇                 DeepKNLP ┇ Completed preprocessing for eval_dataset by google/flan-t5-base at [02.12 01:25:16]
[02.12 01:25:20] ┇ INFO    ┇ torch.distributed.distributed_c10d ┇ Using backend config: {'cuda': 'nccl'}
[02.12 01:25:20] ┇ INFO    ┇ torch.distributed.distributed_c10d ┇ Using backend config: {'cuda': 'nccl'}
[02.12 01:25:20] ┇ INFO    ┇ torch.distributed.distributed_c10d ┇ Using backend config: {'cuda': 'nccl'}
[02.12 01:25:20] ┇ INFO    ┇ torch.distributed.distributed_c10d ┇ Using backend config: {'cuda': 'nccl'}
[02.12 01:25:23] ┇ WARNING ┇                DeepSpeed ┇ Attempting to get learning rate from scheduler before it has started
[02.12 01:25:23] ┇ INFO    ┇    DeepKNLP.gner.trainer ┇ -----------------------------------------------------------------------------------------------------------------------------------------
[02.12 01:25:23] ┇ INFO    ┇    DeepKNLP.gner.trainer ┇ ***** Beginning Training *****
[02.12 01:25:23] ┇ INFO    ┇    DeepKNLP.gner.trainer ┇ >> Train Epochs       = 12.0
[02.12 01:25:23] ┇ INFO    ┇    DeepKNLP.gner.trainer ┇ >> Train Examples     = 3,782
[02.12 01:25:23] ┇ INFO    ┇    DeepKNLP.gner.trainer ┇ >> Train Batch Size   = 32 = 8 * 1 * 4
[02.12 01:25:23] ┇ INFO    ┇    DeepKNLP.gner.trainer ┇ >> Train Optim Steps  = 1,428 = 119 * 12.0
[02.12 01:25:23] ┇ INFO    ┇    DeepKNLP.gner.trainer ┇ >> Train Model Params = 247,577,856
[02.12 01:25:23] ┇ INFO    ┇    DeepKNLP.gner.trainer ┇ >> Trainer Callbacks  = DefaultFlowCallback, CustomProgressCallback
[02.12 01:25:23] ┇ INFO    ┇    DeepKNLP.gner.trainer ┇ >> Zero Optim Stage   = 2
[02.12 01:25:23] ┇ INFO    ┇    DeepKNLP.gner.trainer ┇ >> Eval Examples      = 3,242
[02.12 01:25:23] ┇ INFO    ┇    DeepKNLP.gner.trainer ┇ >> Eval Batch Size    = 200 = 50 * 4
[02.12 01:25:25] ┇ INFO    ┇    DeepKNLP.gner.trainer ┇ [training]   0%|                    |    5/1428 [0:00:01<0:06:53, 3.44Hz] | epoch=0.04, loss=2.685200
[02.12 01:25:26] ┇ INFO    ┇    DeepKNLP.gner.trainer ┇ [training]   1%|▏                   |   10/1428 [0:00:03<0:07:08, 3.31Hz] | epoch=0.08, loss=2.466400
[02.12 01:25:27] ┇ INFO    ┇    DeepKNLP.gner.trainer ┇ [training]   1%|▏                   |   15/1428 [0:00:04<0:06:40, 3.53Hz] | epoch=0.13, loss=2.073800
[02.12 01:25:29] ┇ INFO    ┇    DeepKNLP.gner.trainer ┇ [training]   1%|▎                   |   20/1428 [0:00:05<0:06:25, 3.65Hz] | epoch=0.17, loss=1.559000
[02.12 01:25:30] ┇ INFO    ┇    DeepKNLP.gner.trainer ┇ [training]   2%|▎                   |   25/1428 [0:00:07<0:06:41, 3.49Hz] | epoch=0.21, loss=1.179300
[02.12 01:25:32] ┇ INFO    ┇    DeepKNLP.gner.trainer ┇ [training]   2%|▍                   |   30/1428 [0:00:08<0:06:29, 3.59Hz] | epoch=0.25, loss=0.947100
[02.12 01:25:33] ┇ INFO    ┇    DeepKNLP.gner.trainer ┇ [training]   2%|▍                   |   35/1428 [0:00:09<0:06:23, 3.63Hz] | epoch=0.29, loss=0.727100
[02.12 01:25:34] ┇ INFO    ┇    DeepKNLP.gner.trainer ┇ [training]   3%|▌                   |   40/1428 [0:00:10<0:06:16, 3.69Hz] | epoch=0.34, loss=0.551500
[02.12 01:25:35] ┇ INFO    ┇    DeepKNLP.gner.trainer ┇ [training]   3%|▋                   |   45/1428 [0:00:12<0:06:10, 3.73Hz] | epoch=0.38, loss=0.439500
[02.12 01:25:37] ┇ INFO    ┇    DeepKNLP.gner.trainer ┇ [training]   4%|▋                   |   50/1428 [0:00:13<0:06:09, 3.73Hz] | epoch=0.42, loss=0.354900
[02.12 01:25:38] ┇ INFO    ┇    DeepKNLP.gner.trainer ┇ [training]   4%|▊                   |   55/1428 [0:00:14<0:06:06, 3.75Hz] | epoch=0.46, loss=0.302500
[02.12 01:25:39] ┇ INFO    ┇    DeepKNLP.gner.trainer ┇ [training]   4%|▊                   |   60/1428 [0:00:15<0:06:01, 3.78Hz] | epoch=0.50, loss=0.262800
[02.12 01:25:43] ┇ INFO    ┇    DeepKNLP.gner.trainer ┇ [checking]   6%|█▏                  |  1/17 [0:00:00<0:00:00, 92755.86Hz]
[02.12 01:25:57] ┇ INFO    ┇    DeepKNLP.gner.trainer ┇ [checking]  29%|█████▉              |  5/17 [0:00:13<0:00:32, 0.37Hz]
[02.12 01:26:10] ┇ INFO    ┇    DeepKNLP.gner.trainer ┇ [checking]  53%|██████████▌         |  9/17 [0:00:26<0:00:23, 0.34Hz]
[02.12 01:26:20] ┇ INFO    ┇    DeepKNLP.gner.trainer ┇ [checking]  71%|██████████████      | 12/17 [0:00:37<0:00:15, 0.32Hz]
[02.12 01:26:31] ┇ INFO    ┇    DeepKNLP.gner.trainer ┇ [checking]  88%|█████████████████▋  | 15/17 [0:00:47<0:00:06, 0.31Hz]
[02.12 01:26:40] ┇ INFO    ┇    DeepKNLP.gner.trainer ┇ [checking] 100%|████████████████████| 17/17 [0:00:55<0:00:00, 0.31Hz]
[02.12 01:26:40] ┇ INFO    ┇    DeepKNLP.gner.trainer ┇ [training]   4%|▊                   |   60/1428 [0:00:15<0:06:01, 3.78Hz] | epoch=0.50, eval_average=0.0000
[02.12 01:26:41] ┇ INFO    ┇    DeepKNLP.gner.trainer ┇ [training]   5%|▉                   |   65/1428 [0:01:17<0:27:13, 0.83Hz] | epoch=0.55, loss=0.237300
[02.12 01:26:42] ┇ INFO    ┇    DeepKNLP.gner.trainer ┇ [training]   5%|▉                   |   70/1428 [0:01:19<0:25:35, 0.88Hz] | epoch=0.59, loss=0.205400
[02.12 01:26:44] ┇ INFO    ┇    DeepKNLP.gner.trainer ┇ [training]   5%|█                   |   75/1428 [0:01:20<0:24:10, 0.93Hz] | epoch=0.63, loss=0.183300
[02.12 01:26:45] ┇ INFO    ┇    DeepKNLP.gner.trainer ┇ [training]   6%|█                   |   80/1428 [0:01:21<0:22:55, 0.98Hz] | epoch=0.67, loss=0.184900
[02.12 01:26:46] ┇ INFO    ┇    DeepKNLP.gner.trainer ┇ [training]   6%|█▏                  |   85/1428 [0:01:23<0:21:55, 1.02Hz] | epoch=0.71, loss=0.164000
[02.12 01:26:48] ┇ INFO    ┇    DeepKNLP.gner.trainer ┇ [training]   6%|█▎                  |   90/1428 [0:01:24<0:20:55, 1.07Hz] | epoch=0.76, loss=0.163900
[02.12 01:26:49] ┇ INFO    ┇    DeepKNLP.gner.trainer ┇ [training]   7%|█▎                  |   95/1428 [0:01:25<0:20:02, 1.11Hz] | epoch=0.80, loss=0.147100
[02.12 01:26:50] ┇ INFO    ┇    DeepKNLP.gner.trainer ┇ [training]   7%|█▍                  |  100/1428 [0:01:26<0:19:14, 1.15Hz] | epoch=0.84, loss=0.149000
[02.12 01:26:51] ┇ INFO    ┇    DeepKNLP.gner.trainer ┇ [training]   7%|█▍                  |  105/1428 [0:01:28<0:18:31, 1.19Hz] | epoch=0.88, loss=0.137500
[02.12 01:26:53] ┇ INFO    ┇    DeepKNLP.gner.trainer ┇ [training]   8%|█▌                  |  110/1428 [0:01:29<0:17:52, 1.23Hz] | epoch=0.92, loss=0.141200
[02.12 01:26:54] ┇ INFO    ┇    DeepKNLP.gner.trainer ┇ [training]   8%|█▌                  |  115/1428 [0:01:30<0:17:15, 1.27Hz] | epoch=0.97, loss=0.129500
[02.12 01:26:58] ┇ INFO    ┇    DeepKNLP.gner.trainer ┇ [checking]   6%|█▏                  |  1/17 [0:00:00<0:00:00, 94073.38Hz]
[02.12 01:27:12] ┇ INFO    ┇    DeepKNLP.gner.trainer ┇ [checking]  29%|█████▉              |  5/17 [0:00:13<0:00:32, 0.37Hz]
[02.12 01:27:25] ┇ INFO    ┇    DeepKNLP.gner.trainer ┇ [checking]  53%|██████████▌         |  9/17 [0:00:26<0:00:23, 0.34Hz]
[02.12 01:27:35] ┇ INFO    ┇    DeepKNLP.gner.trainer ┇ [checking]  71%|██████████████      | 12/17 [0:00:37<0:00:15, 0.32Hz]
[02.12 01:27:45] ┇ INFO    ┇    DeepKNLP.gner.trainer ┇ [checking]  88%|█████████████████▋  | 15/17 [0:00:47<0:00:06, 0.32Hz]
[02.12 01:27:54] ┇ INFO    ┇    DeepKNLP.gner.trainer ┇ [checking] 100%|████████████████████| 17/17 [0:00:54<0:00:00, 0.31Hz]
[02.12 01:27:54] ┇ INFO    ┇    DeepKNLP.gner.trainer ┇ [training]   8%|█▋                  |  119/1428 [0:02:31<0:27:41, 0.79Hz] | epoch=1.00, eval_average=0.0000
[02.12 01:27:54] ┇ INFO    ┇    DeepKNLP.gner.trainer ┇ [training]   8%|█▋                  |  120/1428 [0:02:31<0:27:29, 0.79Hz] | epoch=1.01, loss=0.123600
[02.12 01:27:56] ┇ INFO    ┇    DeepKNLP.gner.trainer ┇ [training]   9%|█▊                  |  125/1428 [0:02:32<0:26:30, 0.82Hz] | epoch=1.05, loss=0.127200
[02.12 01:27:57] ┇ INFO    ┇    DeepKNLP.gner.trainer ┇ [training]   9%|█▊                  |  130/1428 [0:02:33<0:25:35, 0.85Hz] | epoch=1.09, loss=0.120800
[02.12 01:27:58] ┇ INFO    ┇    DeepKNLP.gner.trainer ┇ [training]   9%|█▉                  |  135/1428 [0:02:35<0:24:45, 0.87Hz] | epoch=1.13, loss=0.120200
[02.12 01:28:00] ┇ INFO    ┇    DeepKNLP.gner.trainer ┇ [training]  10%|█▉                  |  140/1428 [0:02:36<0:23:58, 0.90Hz] | epoch=1.18, loss=0.118000
[02.12 01:28:01] ┇ INFO    ┇    DeepKNLP.gner.trainer ┇ [training]  10%|██                  |  145/1428 [0:02:37<0:23:14, 0.92Hz] | epoch=1.22, loss=0.112600
[02.12 01:28:02] ┇ INFO    ┇    DeepKNLP.gner.trainer ┇ [training]  11%|██                  |  150/1428 [0:02:38<0:22:33, 0.94Hz] | epoch=1.26, loss=0.108300
[02.12 01:28:03] ┇ INFO    ┇    DeepKNLP.gner.trainer ┇ [training]  11%|██▏                 |  155/1428 [0:02:40<0:21:54, 0.97Hz] | epoch=1.30, loss=0.111500
[02.12 01:28:04] ┇ INFO    ┇    DeepKNLP.gner.trainer ┇ [training]  11%|██▏                 |  160/1428 [0:02:41<0:21:18, 0.99Hz] | epoch=1.34, loss=0.106600
[02.12 01:28:06] ┇ INFO    ┇    DeepKNLP.gner.trainer ┇ [training]  12%|██▎                 |  165/1428 [0:02:42<0:20:44, 1.02Hz] | epoch=1.39, loss=0.109300
[02.12 01:28:07] ┇ INFO    ┇    DeepKNLP.gner.trainer ┇ [training]  12%|██▍                 |  170/1428 [0:02:43<0:20:12, 1.04Hz] | epoch=1.43, loss=0.099000
[02.12 01:28:08] ┇ INFO    ┇    DeepKNLP.gner.trainer ┇ [training]  12%|██▍                 |  175/1428 [0:02:45<0:19:41, 1.06Hz] | epoch=1.47, loss=0.104100
[02.12 01:28:13] ┇ INFO    ┇    DeepKNLP.gner.trainer ┇ [checking]   6%|█▏                  |  1/17 [0:00:00<0:00:00, 88488.52Hz]
[02.12 01:28:26] ┇ INFO    ┇    DeepKNLP.gner.trainer ┇ [checking]  29%|█████▉              |  5/17 [0:00:13<0:00:32, 0.37Hz]
[02.12 01:28:36] ┇ INFO    ┇    DeepKNLP.gner.trainer ┇ [checking]  47%|█████████▍          |  8/17 [0:00:23<0:00:26, 0.34Hz]
[02.12 01:28:47] ┇ INFO    ┇    DeepKNLP.gner.trainer ┇ [checking]  65%|████████████▉       | 11/17 [0:00:34<0:00:18, 0.32Hz]
[02.12 01:28:58] ┇ INFO    ┇    DeepKNLP.gner.trainer ┇ [checking]  82%|████████████████▍   | 14/17 [0:00:45<0:00:09, 0.31Hz]
[02.12 01:29:09] ┇ INFO    ┇    DeepKNLP.gner.trainer ┇ [checking] 100%|████████████████████| 17/17 [0:00:54<0:00:00, 0.31Hz]
[02.12 01:29:09] ┇ INFO    ┇    DeepKNLP.gner.trainer ┇ [training]  12%|██▍                 |  178/1428 [0:03:46<0:26:27, 0.79Hz] | epoch=1.50, eval_average=0.0000
[02.12 01:29:10] ┇ INFO    ┇    DeepKNLP.gner.trainer ┇ [training]  13%|██▌                 |  180/1428 [0:03:46<0:26:10, 0.79Hz] | epoch=1.51, loss=0.096500
[02.12 01:29:11] ┇ INFO    ┇    DeepKNLP.gner.trainer ┇ [training]  13%|██▌                 |  185/1428 [0:03:47<0:25:30, 0.81Hz] | epoch=1.55, loss=0.097700
[02.12 01:29:12] ┇ INFO    ┇    DeepKNLP.gner.trainer ┇ [training]  13%|██▋                 |  190/1428 [0:03:48<0:24:51, 0.83Hz] | epoch=1.60, loss=0.094600
[02.12 01:29:13] ┇ INFO    ┇    DeepKNLP.gner.trainer ┇ [training]  14%|██▋                 |  195/1428 [0:03:50<0:24:15, 0.85Hz] | epoch=1.64, loss=0.090600
[02.12 01:29:15] ┇ INFO    ┇    DeepKNLP.gner.trainer ┇ [training]  14%|██▊                 |  200/1428 [0:03:51<0:23:41, 0.86Hz] | epoch=1.68, loss=0.087100
[02.12 01:29:16] ┇ INFO    ┇    DeepKNLP.gner.trainer ┇ [training]  14%|██▊                 |  205/1428 [0:03:52<0:23:08, 0.88Hz] | epoch=1.72, loss=0.088200
[02.12 01:29:17] ┇ INFO    ┇    DeepKNLP.gner.trainer ┇ [training]  15%|██▉                 |  210/1428 [0:03:53<0:22:36, 0.90Hz] | epoch=1.76, loss=0.093200
[02.12 01:29:18] ┇ INFO    ┇    DeepKNLP.gner.trainer ┇ [training]  15%|███                 |  215/1428 [0:03:55<0:22:07, 0.91Hz] | epoch=1.81, loss=0.085600
[02.12 01:29:20] ┇ INFO    ┇    DeepKNLP.gner.trainer ┇ [training]  15%|███                 |  220/1428 [0:03:56<0:21:38, 0.93Hz] | epoch=1.85, loss=0.096700
[02.12 01:29:21] ┇ INFO    ┇    DeepKNLP.gner.trainer ┇ [training]  16%|███▏                |  225/1428 [0:03:57<0:21:10, 0.95Hz] | epoch=1.89, loss=0.081900
[02.12 01:29:22] ┇ INFO    ┇    DeepKNLP.gner.trainer ┇ [training]  16%|███▏                |  230/1428 [0:03:58<0:20:44, 0.96Hz] | epoch=1.93, loss=0.086600
[02.12 01:29:23] ┇ INFO    ┇    DeepKNLP.gner.trainer ┇ [training]  16%|███▎                |  235/1428 [0:04:00<0:20:19, 0.98Hz] | epoch=1.98, loss=0.085300
[02.12 01:29:28] ┇ INFO    ┇    DeepKNLP.gner.trainer ┇ [checking]   6%|█▏                  |  1/17 [0:00:00<0:00:00, 92327.16Hz]
[02.12 01:29:41] ┇ INFO    ┇    DeepKNLP.gner.trainer ┇ [checking]  29%|█████▉              |  5/17 [0:00:13<0:00:32, 0.36Hz]
[02.12 01:29:51] ┇ INFO    ┇    DeepKNLP.gner.trainer ┇ [checking]  47%|█████████▍          |  8/17 [0:00:23<0:00:26, 0.33Hz]
[02.12 01:30:03] ┇ INFO    ┇    DeepKNLP.gner.trainer ┇ [checking]  65%|████████████▉       | 11/17 [0:00:35<0:00:19, 0.31Hz]
[02.12 01:30:13] ┇ INFO    ┇    DeepKNLP.gner.trainer ┇ [checking]  82%|████████████████▍   | 14/17 [0:00:45<0:00:09, 0.31Hz]
[02.12 01:30:24] ┇ INFO    ┇    DeepKNLP.gner.trainer ┇ [checking] 100%|████████████████████| 17/17 [0:00:55<0:00:00, 0.31Hz]
[02.12 01:30:24] ┇ INFO    ┇    DeepKNLP.gner.trainer ┇ [training]  17%|███▎                |  238/1428 [0:05:01<0:25:06, 0.79Hz] | epoch=2.00, eval_average=0.0000
[02.12 01:30:25] ┇ INFO    ┇    DeepKNLP.gner.trainer ┇ [training]  17%|███▎                |  240/1428 [0:05:01<0:24:53, 0.80Hz] | epoch=2.02, loss=0.090800
[02.12 01:30:26] ┇ INFO    ┇    DeepKNLP.gner.trainer ┇ [training]  17%|███▍                |  245/1428 [0:05:02<0:24:22, 0.81Hz] | epoch=2.06, loss=0.085700
[02.12 01:30:27] ┇ INFO    ┇    DeepKNLP.gner.trainer ┇ [training]  18%|███▌                |  250/1428 [0:05:04<0:23:53, 0.82Hz] | epoch=2.10, loss=0.078600
[02.12 01:30:29] ┇ INFO    ┇    DeepKNLP.gner.trainer ┇ [training]  18%|███▌                |  255/1428 [0:05:05<0:23:24, 0.84Hz] | epoch=2.14, loss=0.080400
[02.12 01:30:30] ┇ INFO    ┇    DeepKNLP.gner.trainer ┇ [training]  18%|███▋                |  260/1428 [0:05:06<0:22:57, 0.85Hz] | epoch=2.19, loss=0.077800
[02.12 01:30:31] ┇ INFO    ┇    DeepKNLP.gner.trainer ┇ [training]  19%|███▋                |  265/1428 [0:05:07<0:22:31, 0.86Hz] | epoch=2.23, loss=0.080800
[02.12 01:30:32] ┇ INFO    ┇    DeepKNLP.gner.trainer ┇ [training]  19%|███▊                |  270/1428 [0:05:09<0:22:05, 0.87Hz] | epoch=2.27, loss=0.075300
[02.12 01:30:34] ┇ INFO    ┇    DeepKNLP.gner.trainer ┇ [training]  19%|███▊                |  275/1428 [0:05:10<0:21:41, 0.89Hz] | epoch=2.31, loss=0.076900
[02.12 01:30:35] ┇ INFO    ┇    DeepKNLP.gner.trainer ┇ [training]  20%|███▉                |  280/1428 [0:05:11<0:21:17, 0.90Hz] | epoch=2.35, loss=0.081000
[02.12 01:30:36] ┇ INFO    ┇    DeepKNLP.gner.trainer ┇ [training]  20%|███▉                |  285/1428 [0:05:12<0:20:54, 0.91Hz] | epoch=2.40, loss=0.079500
[02.12 01:30:37] ┇ INFO    ┇    DeepKNLP.gner.trainer ┇ [training]  20%|████                |  290/1428 [0:05:14<0:20:32, 0.92Hz] | epoch=2.44, loss=0.072600
[02.12 01:30:38] ┇ INFO    ┇    DeepKNLP.gner.trainer ┇ [training]  21%|████▏               |  295/1428 [0:05:15<0:20:10, 0.94Hz] | epoch=2.48, loss=0.071600
[02.12 01:30:43] ┇ INFO    ┇    DeepKNLP.gner.trainer ┇ [checking]   6%|█▏                  |  1/17 [0:00:00<0:00:00, 94250.92Hz]
[02.12 01:30:56] ┇ INFO    ┇    DeepKNLP.gner.trainer ┇ [checking]  29%|█████▉              |  5/17 [0:00:13<0:00:33, 0.36Hz]
[02.12 01:31:07] ┇ INFO    ┇    DeepKNLP.gner.trainer ┇ [checking]  47%|█████████▍          |  8/17 [0:00:23<0:00:26, 0.34Hz]
[02.12 01:31:17] ┇ INFO    ┇    DeepKNLP.gner.trainer ┇ [checking]  65%|████████████▉       | 11/17 [0:00:34<0:00:18, 0.32Hz]
[02.12 01:31:28] ┇ INFO    ┇    DeepKNLP.gner.trainer ┇ [checking]  82%|████████████████▍   | 14/17 [0:00:45<0:00:09, 0.31Hz]
[02.12 01:31:39] ┇ INFO    ┇    DeepKNLP.gner.trainer ┇ [checking] 100%|████████████████████| 17/17 [0:00:55<0:00:00, 0.31Hz]
[02.12 01:31:39] ┇ INFO    ┇    DeepKNLP.gner.trainer ┇ [training]  21%|████▏               |  298/1428 [0:06:16<0:23:46, 0.79Hz] | epoch=2.50, eval_average=0.0000
[02.12 01:31:40] ┇ INFO    ┇    DeepKNLP.gner.trainer ┇ [training]  21%|████▏               |  300/1428 [0:06:16<0:23:55, 0.79Hz] | epoch=2.52, loss=0.077000
[02.12 01:31:41] ┇ INFO    ┇    DeepKNLP.gner.trainer ┇ [training]  21%|████▎               |  305/1428 [0:06:18<0:23:47, 0.79Hz] | epoch=2.56, loss=0.074600
[02.12 01:31:42] ┇ INFO    ┇    DeepKNLP.gner.trainer ┇ [training]  22%|████▎               |  310/1428 [0:06:19<0:23:41, 0.79Hz] | epoch=2.60, loss=0.071500
[02.12 01:31:44] ┇ INFO    ┇    DeepKNLP.gner.trainer ┇ [training]  22%|████▍               |  315/1428 [0:06:20<0:23:35, 0.79Hz] | epoch=2.65, loss=0.073200
[02.12 01:31:45] ┇ INFO    ┇    DeepKNLP.gner.trainer ┇ [training]  22%|████▍               |  320/1428 [0:06:21<0:23:27, 0.79Hz] | epoch=2.69, loss=0.064200
[02.12 01:31:46] ┇ INFO    ┇    DeepKNLP.gner.trainer ┇ [training]  23%|████▌               |  325/1428 [0:06:23<0:23:21, 0.79Hz] | epoch=2.73, loss=0.068500
[02.12 01:31:47] ┇ INFO    ┇    DeepKNLP.gner.trainer ┇ [training]  23%|████▌               |  330/1428 [0:06:24<0:23:14, 0.79Hz] | epoch=2.77, loss=0.071300
[02.12 01:31:49] ┇ INFO    ┇    DeepKNLP.gner.trainer ┇ [training]  23%|████▋               |  335/1428 [0:06:25<0:23:08, 0.79Hz] | epoch=2.81, loss=0.069000
[02.12 01:31:50] ┇ INFO    ┇    DeepKNLP.gner.trainer ┇ [training]  24%|████▊               |  340/1428 [0:06:26<0:23:02, 0.79Hz] | epoch=2.86, loss=0.071800
[02.12 01:31:51] ┇ INFO    ┇    DeepKNLP.gner.trainer ┇ [training]  24%|████▊               |  345/1428 [0:06:28<0:22:55, 0.79Hz] | epoch=2.90, loss=0.065900
[02.12 01:31:52] ┇ INFO    ┇    DeepKNLP.gner.trainer ┇ [training]  25%|████▉               |  350/1428 [0:06:29<0:22:48, 0.79Hz] | epoch=2.94, loss=0.069400
[02.12 01:31:54] ┇ INFO    ┇    DeepKNLP.gner.trainer ┇ [training]  25%|████▉               |  355/1428 [0:06:30<0:22:42, 0.79Hz] | epoch=2.98, loss=0.066400
[02.12 01:31:58] ┇ INFO    ┇    DeepKNLP.gner.trainer ┇ [checking]   6%|█▏                  |  1/17 [0:00:00<0:00:00, 105174.72Hz]
[02.12 01:32:11] ┇ INFO    ┇    DeepKNLP.gner.trainer ┇ [checking]  29%|█████▉              |  5/17 [0:00:13<0:00:31, 0.38Hz]
[02.12 01:32:24] ┇ INFO    ┇    DeepKNLP.gner.trainer ┇ [checking]  53%|██████████▌         |  9/17 [0:00:26<0:00:23, 0.34Hz]
[02.12 01:32:35] ┇ INFO    ┇    DeepKNLP.gner.trainer ┇ [checking]  71%|██████████████      | 12/17 [0:00:36<0:00:15, 0.32Hz]
[02.12 01:32:45] ┇ INFO    ┇    DeepKNLP.gner.trainer ┇ [checking]  88%|█████████████████▋  | 15/17 [0:00:47<0:00:06, 0.32Hz]
[02.12 01:32:54] ┇ INFO    ┇    DeepKNLP.gner.trainer ┇ [checking] 100%|████████████████████| 17/17 [0:00:54<0:00:00, 0.31Hz]
[02.12 01:32:54] ┇ INFO    ┇    DeepKNLP.gner.trainer ┇ [training]  25%|█████               |  357/1428 [0:07:30<0:22:47, 0.78Hz] | epoch=3.00, eval_average=0.0000
[02.12 01:32:55] ┇ INFO    ┇    DeepKNLP.gner.trainer ┇ [training]  25%|█████               |  360/1428 [0:07:31<0:22:51, 0.78Hz] | epoch=3.02, loss=0.066600
[02.12 01:32:56] ┇ INFO    ┇    DeepKNLP.gner.trainer ┇ [training]  26%|█████               |  365/1428 [0:07:32<0:22:44, 0.78Hz] | epoch=3.07, loss=0.064400
[02.12 01:32:57] ┇ INFO    ┇    DeepKNLP.gner.trainer ┇ [training]  26%|█████▏              |  370/1428 [0:07:33<0:22:38, 0.78Hz] | epoch=3.11, loss=0.068700
[02.12 01:32:58] ┇ INFO    ┇    DeepKNLP.gner.trainer ┇ [training]  26%|█████▎              |  375/1428 [0:07:35<0:22:30, 0.78Hz] | epoch=3.15, loss=0.066500
[02.12 01:33:00] ┇ INFO    ┇    DeepKNLP.gner.trainer ┇ [training]  27%|█████▎              |  380/1428 [0:07:36<0:22:23, 0.78Hz] | epoch=3.19, loss=0.067700
[02.12 01:33:01] ┇ INFO    ┇    DeepKNLP.gner.trainer ┇ [training]  27%|█████▍              |  385/1428 [0:07:37<0:22:17, 0.78Hz] | epoch=3.23, loss=0.068000
[02.12 01:33:02] ┇ INFO    ┇    DeepKNLP.gner.trainer ┇ [training]  27%|█████▍              |  390/1428 [0:07:38<0:22:11, 0.78Hz] | epoch=3.28, loss=0.064400
[02.12 01:33:03] ┇ INFO    ┇    DeepKNLP.gner.trainer ┇ [training]  28%|█████▌              |  395/1428 [0:07:40<0:22:04, 0.78Hz] | epoch=3.32, loss=0.066800
[02.12 01:33:04] ┇ INFO    ┇    DeepKNLP.gner.trainer ┇ [training]  28%|█████▌              |  400/1428 [0:07:41<0:21:58, 0.78Hz] | epoch=3.36, loss=0.061800
[02.12 01:33:06] ┇ INFO    ┇    DeepKNLP.gner.trainer ┇ [training]  28%|█████▋              |  405/1428 [0:07:42<0:21:51, 0.78Hz] | epoch=3.40, loss=0.064000
[02.12 01:33:07] ┇ INFO    ┇    DeepKNLP.gner.trainer ┇ [training]  29%|█████▋              |  410/1428 [0:07:43<0:18:14, 0.93Hz] | epoch=3.44, loss=0.068700
[02.12 01:33:08] ┇ INFO    ┇    DeepKNLP.gner.trainer ┇ [training]  29%|█████▊              |  415/1428 [0:07:45<0:17:57, 0.94Hz] | epoch=3.49, loss=0.063700
[02.12 01:33:12] ┇ INFO    ┇    DeepKNLP.gner.trainer ┇ [checking]   6%|█▏                  |  1/17 [0:00:00<0:00:00, 104188.62Hz]
[02.12 01:33:26] ┇ INFO    ┇    DeepKNLP.gner.trainer ┇ [checking]  29%|█████▉              |  5/17 [0:00:13<0:00:32, 0.37Hz]
[02.12 01:33:36] ┇ INFO    ┇    DeepKNLP.gner.trainer ┇ [checking]  47%|█████████▍          |  8/17 [0:00:23<0:00:26, 0.34Hz]
[02.12 01:33:46] ┇ INFO    ┇    DeepKNLP.gner.trainer ┇ [checking]  65%|████████████▉       | 11/17 [0:00:34<0:00:18, 0.32Hz]
[02.12 01:33:57] ┇ INFO    ┇    DeepKNLP.gner.trainer ┇ [checking]  82%|████████████████▍   | 14/17 [0:00:44<0:00:09, 0.31Hz]
[02.12 01:34:08] ┇ INFO    ┇    DeepKNLP.gner.trainer ┇ [checking] 100%|████████████████████| 17/17 [0:00:54<0:00:00, 0.31Hz]
[02.12 01:34:08] ┇ INFO    ┇    DeepKNLP.gner.trainer ┇ [training]  29%|█████▊              |  416/1428 [0:08:45<0:21:36, 0.78Hz] | epoch=3.50, eval_average=0.0000
[02.12 01:34:09] ┇ INFO    ┇    DeepKNLP.gner.trainer ┇ [training]  29%|█████▉              |  420/1428 [0:08:46<0:21:34, 0.78Hz] | epoch=3.53, loss=0.057600
[02.12 01:34:11] ┇ INFO    ┇    DeepKNLP.gner.trainer ┇ [training]  30%|█████▉              |  425/1428 [0:08:47<0:21:28, 0.78Hz] | epoch=3.57, loss=0.062100
[02.12 01:34:12] ┇ INFO    ┇    DeepKNLP.gner.trainer ┇ [training]  30%|██████              |  430/1428 [0:08:48<0:21:21, 0.78Hz] | epoch=3.61, loss=0.057700
[02.12 01:34:13] ┇ INFO    ┇    DeepKNLP.gner.trainer ┇ [training]  30%|██████              |  435/1428 [0:08:50<0:21:15, 0.78Hz] | epoch=3.65, loss=0.062400
[02.12 01:34:14] ┇ INFO    ┇    DeepKNLP.gner.trainer ┇ [training]  31%|██████▏             |  440/1428 [0:08:51<0:21:08, 0.78Hz] | epoch=3.70, loss=0.060200
[02.12 01:34:16] ┇ INFO    ┇    DeepKNLP.gner.trainer ┇ [training]  31%|██████▏             |  445/1428 [0:08:52<0:21:02, 0.78Hz] | epoch=3.74, loss=0.064200
[02.12 01:34:17] ┇ INFO    ┇    DeepKNLP.gner.trainer ┇ [training]  32%|██████▎             |  450/1428 [0:08:53<0:20:56, 0.78Hz] | epoch=3.78, loss=0.060900
[02.12 01:34:18] ┇ INFO    ┇    DeepKNLP.gner.trainer ┇ [training]  32%|██████▎             |  455/1428 [0:08:54<0:20:49, 0.78Hz] | epoch=3.82, loss=0.057600
[02.12 01:34:19] ┇ INFO    ┇    DeepKNLP.gner.trainer ┇ [training]  32%|██████▍             |  460/1428 [0:08:56<0:20:43, 0.78Hz] | epoch=3.87, loss=0.060100
[02.12 01:34:21] ┇ INFO    ┇    DeepKNLP.gner.trainer ┇ [training]  33%|██████▌             |  465/1428 [0:08:57<0:20:36, 0.78Hz] | epoch=3.91, loss=0.058000
[02.12 01:34:22] ┇ INFO    ┇    DeepKNLP.gner.trainer ┇ [training]  33%|██████▌             |  470/1428 [0:08:58<0:17:05, 0.93Hz] | epoch=3.95, loss=0.057800
[02.12 01:34:23] ┇ INFO    ┇    DeepKNLP.gner.trainer ┇ [training]  33%|██████▋             |  475/1428 [0:08:59<0:16:52, 0.94Hz] | epoch=3.99, loss=0.059400
[02.12 01:34:27] ┇ INFO    ┇    DeepKNLP.gner.trainer ┇ [checking]   6%|█▏                  |  1/17 [0:00:00<0:00:00, 108613.74Hz]
[02.12 01:34:40] ┇ INFO    ┇    DeepKNLP.gner.trainer ┇ [checking]  29%|█████▉              |  5/17 [0:00:13<0:00:32, 0.37Hz]
[02.12 01:34:50] ┇ INFO    ┇    DeepKNLP.gner.trainer ┇ [checking]  47%|█████████▍          |  8/17 [0:00:23<0:00:26, 0.34Hz]
[02.12 01:35:01] ┇ INFO    ┇    DeepKNLP.gner.trainer ┇ [checking]  65%|████████████▉       | 11/17 [0:00:34<0:00:18, 0.32Hz]
[02.12 01:35:12] ┇ INFO    ┇    DeepKNLP.gner.trainer ┇ [checking]  82%|████████████████▍   | 14/17 [0:00:44<0:00:09, 0.31Hz]
[02.12 01:35:23] ┇ INFO    ┇    DeepKNLP.gner.trainer ┇ [checking] 100%|████████████████████| 17/17 [0:00:54<0:00:00, 0.31Hz]
[02.12 01:35:23] ┇ INFO    ┇    DeepKNLP.gner.trainer ┇ [training]  33%|██████▋             |  476/1428 [0:10:00<0:20:17, 0.78Hz] | epoch=4.00, eval_average=0.0000
[02.12 01:35:24] ┇ INFO    ┇    DeepKNLP.gner.trainer ┇ [training]  34%|██████▋             |  480/1428 [0:10:01<0:20:16, 0.78Hz] | epoch=4.03, loss=0.060500
[02.12 01:35:25] ┇ INFO    ┇    DeepKNLP.gner.trainer ┇ [training]  34%|██████▊             |  485/1428 [0:10:02<0:20:09, 0.78Hz] | epoch=4.08, loss=0.060200
[02.12 01:35:27] ┇ INFO    ┇    DeepKNLP.gner.trainer ┇ [training]  34%|██████▊             |  490/1428 [0:10:03<0:20:03, 0.78Hz] | epoch=4.12, loss=0.060000
[02.12 01:35:28] ┇ INFO    ┇    DeepKNLP.gner.trainer ┇ [training]  35%|██████▉             |  495/1428 [0:10:04<0:19:57, 0.78Hz] | epoch=4.16, loss=0.056400
[02.12 01:35:29] ┇ INFO    ┇    DeepKNLP.gner.trainer ┇ [training]  35%|███████             |  500/1428 [0:10:06<0:19:50, 0.78Hz] | epoch=4.20, loss=0.059800
[02.12 01:35:30] ┇ INFO    ┇    DeepKNLP.gner.trainer ┇ [training]  35%|███████             |  505/1428 [0:10:07<0:19:44, 0.78Hz] | epoch=4.24, loss=0.058900
[02.12 01:35:32] ┇ INFO    ┇    DeepKNLP.gner.trainer ┇ [training]  36%|███████▏            |  510/1428 [0:10:08<0:19:37, 0.78Hz] | epoch=4.29, loss=0.061400
[02.12 01:35:33] ┇ INFO    ┇    DeepKNLP.gner.trainer ┇ [training]  36%|███████▏            |  515/1428 [0:10:09<0:19:31, 0.78Hz] | epoch=4.33, loss=0.057800
[02.12 01:35:34] ┇ INFO    ┇    DeepKNLP.gner.trainer ┇ [training]  36%|███████▎            |  520/1428 [0:10:11<0:19:25, 0.78Hz] | epoch=4.37, loss=0.056300
[02.12 01:35:35] ┇ INFO    ┇    DeepKNLP.gner.trainer ┇ [training]  37%|███████▎            |  525/1428 [0:10:12<0:19:18, 0.78Hz] | epoch=4.41, loss=0.052100
[02.12 01:35:37] ┇ INFO    ┇    DeepKNLP.gner.trainer ┇ [training]  37%|███████▍            |  530/1428 [0:10:13<0:16:00, 0.94Hz] | epoch=4.45, loss=0.056400
[02.12 01:35:38] ┇ INFO    ┇    DeepKNLP.gner.trainer ┇ [training]  37%|███████▍            |  535/1428 [0:10:14<0:15:47, 0.94Hz] | epoch=4.50, loss=0.054500
[02.12 01:35:42] ┇ INFO    ┇    DeepKNLP.gner.trainer ┇ [checking]   6%|█▏                  |  1/17 [0:00:00<0:00:00, 74156.64Hz]
[02.12 01:35:55] ┇ INFO    ┇    DeepKNLP.gner.trainer ┇ [checking]  29%|█████▉              |  5/17 [0:00:13<0:00:32, 0.37Hz]
[02.12 01:36:05] ┇ INFO    ┇    DeepKNLP.gner.trainer ┇ [checking]  47%|█████████▍          |  8/17 [0:00:23<0:00:26, 0.34Hz]
[02.12 01:36:16] ┇ INFO    ┇    DeepKNLP.gner.trainer ┇ [checking]  65%|████████████▉       | 11/17 [0:00:34<0:00:18, 0.32Hz]
[02.12 01:36:27] ┇ INFO    ┇    DeepKNLP.gner.trainer ┇ [checking]  82%|████████████████▍   | 14/17 [0:00:44<0:00:09, 0.31Hz]
[02.12 01:36:38] ┇ INFO    ┇    DeepKNLP.gner.trainer ┇ [checking] 100%|████████████████████| 17/17 [0:00:54<0:00:00, 0.31Hz]
[02.12 01:36:38] ┇ INFO    ┇    DeepKNLP.gner.trainer ┇ [training]  38%|███████▌            |  536/1428 [0:11:15<0:19:00, 0.78Hz] | epoch=4.50, eval_average=0.0000
[02.12 01:36:39] ┇ INFO    ┇    DeepKNLP.gner.trainer ┇ [training]  38%|███████▌            |  540/1428 [0:11:16<0:18:58, 0.78Hz] | epoch=4.54, loss=0.055400
[02.12 01:36:40] ┇ INFO    ┇    DeepKNLP.gner.trainer ┇ [training]  38%|███████▋            |  545/1428 [0:11:17<0:18:52, 0.78Hz] | epoch=4.58, loss=0.054700
[02.12 01:36:42] ┇ INFO    ┇    DeepKNLP.gner.trainer ┇ [training]  39%|███████▋            |  550/1428 [0:11:18<0:18:46, 0.78Hz] | epoch=4.62, loss=0.053600
[02.12 01:36:43] ┇ INFO    ┇    DeepKNLP.gner.trainer ┇ [training]  39%|███████▊            |  555/1428 [0:11:19<0:18:39, 0.78Hz] | epoch=4.66, loss=0.054700
[02.12 01:36:44] ┇ INFO    ┇    DeepKNLP.gner.trainer ┇ [training]  39%|███████▊            |  560/1428 [0:11:21<0:18:33, 0.78Hz] | epoch=4.71, loss=0.048300
[02.12 01:36:45] ┇ INFO    ┇    DeepKNLP.gner.trainer ┇ [training]  40%|███████▉            |  565/1428 [0:11:22<0:18:26, 0.78Hz] | epoch=4.75, loss=0.051900
[02.12 01:36:47] ┇ INFO    ┇    DeepKNLP.gner.trainer ┇ [training]  40%|███████▉            |  570/1428 [0:11:23<0:18:20, 0.78Hz] | epoch=4.79, loss=0.056400
[02.12 01:36:48] ┇ INFO    ┇    DeepKNLP.gner.trainer ┇ [training]  40%|████████            |  575/1428 [0:11:24<0:18:13, 0.78Hz] | epoch=4.83, loss=0.053600
[02.12 01:36:49] ┇ INFO    ┇    DeepKNLP.gner.trainer ┇ [training]  41%|████████            |  580/1428 [0:11:25<0:18:07, 0.78Hz] | epoch=4.87, loss=0.055800
[02.12 01:36:50] ┇ INFO    ┇    DeepKNLP.gner.trainer ┇ [training]  41%|████████▏           |  585/1428 [0:11:27<0:18:01, 0.78Hz] | epoch=4.92, loss=0.053600
[02.12 01:36:52] ┇ INFO    ┇    DeepKNLP.gner.trainer ┇ [training]  41%|████████▎           |  590/1428 [0:11:28<0:14:55, 0.94Hz] | epoch=4.96, loss=0.055200
[02.12 01:36:53] ┇ INFO    ┇    DeepKNLP.gner.trainer ┇ [training]  42%|████████▎           |  595/1428 [0:11:29<0:14:43, 0.94Hz] | epoch=5.00, loss=0.053000
[02.12 01:36:56] ┇ INFO    ┇    DeepKNLP.gner.trainer ┇ [checking]   6%|█▏                  |  1/17 [0:00:00<0:00:00, 90244.62Hz]
[02.12 01:37:10] ┇ INFO    ┇    DeepKNLP.gner.trainer ┇ [checking]  29%|█████▉              |  5/17 [0:00:13<0:00:32, 0.37Hz]
[02.12 01:37:20] ┇ INFO    ┇    DeepKNLP.gner.trainer ┇ [checking]  47%|█████████▍          |  8/17 [0:00:23<0:00:26, 0.34Hz]
[02.12 01:37:31] ┇ INFO    ┇    DeepKNLP.gner.trainer ┇ [checking]  65%|████████████▉       | 11/17 [0:00:34<0:00:18, 0.32Hz]
[02.12 01:37:42] ┇ INFO    ┇    DeepKNLP.gner.trainer ┇ [checking]  82%|████████████████▍   | 14/17 [0:00:45<0:00:09, 0.31Hz]
[02.12 01:37:52] ┇ INFO    ┇    DeepKNLP.gner.trainer ┇ [checking] 100%|████████████████████| 17/17 [0:00:55<0:00:00, 0.31Hz]
[02.12 01:37:54] ┇ INFO    ┇    DeepKNLP.gner.trainer ┇ [training]  42%|████████▎           |  595/1428 [0:11:29<0:14:43, 0.94Hz] | epoch=5.00, eval_average=0.0000
[02.12 01:37:55] ┇ INFO    ┇    DeepKNLP.gner.trainer ┇ [training]  42%|████████▍           |  600/1428 [0:12:31<0:17:28, 0.79Hz] | epoch=5.04, loss=0.053200
[02.12 01:37:56] ┇ INFO    ┇    DeepKNLP.gner.trainer ┇ [training]  42%|████████▍           |  605/1428 [0:12:32<0:17:22, 0.79Hz] | epoch=5.08, loss=0.049200
[02.12 01:37:57] ┇ INFO    ┇    DeepKNLP.gner.trainer ┇ [training]  43%|████████▌           |  610/1428 [0:12:34<0:17:16, 0.79Hz] | epoch=5.13, loss=0.054700
[02.12 01:37:59] ┇ INFO    ┇    DeepKNLP.gner.trainer ┇ [training]  43%|████████▌           |  615/1428 [0:12:35<0:17:09, 0.79Hz] | epoch=5.17, loss=0.053900
[02.12 01:38:00] ┇ INFO    ┇    DeepKNLP.gner.trainer ┇ [training]  43%|████████▋           |  620/1428 [0:12:36<0:17:03, 0.79Hz] | epoch=5.21, loss=0.056600
[02.12 01:38:01] ┇ INFO    ┇    DeepKNLP.gner.trainer ┇ [training]  44%|████████▊           |  625/1428 [0:12:37<0:16:57, 0.79Hz] | epoch=5.25, loss=0.051000
[02.12 01:38:02] ┇ INFO    ┇    DeepKNLP.gner.trainer ┇ [training]  44%|████████▊           |  630/1428 [0:12:39<0:16:50, 0.79Hz] | epoch=5.29, loss=0.050600
[02.12 01:38:04] ┇ INFO    ┇    DeepKNLP.gner.trainer ┇ [training]  44%|████████▉           |  635/1428 [0:12:40<0:16:44, 0.79Hz] | epoch=5.34, loss=0.050000
[02.12 01:38:05] ┇ INFO    ┇    DeepKNLP.gner.trainer ┇ [training]  45%|████████▉           |  640/1428 [0:12:41<0:16:38, 0.79Hz] | epoch=5.38, loss=0.051700
[02.12 01:38:06] ┇ INFO    ┇    DeepKNLP.gner.trainer ┇ [training]  45%|█████████           |  645/1428 [0:12:43<0:16:32, 0.79Hz] | epoch=5.42, loss=0.051400
[02.12 01:38:08] ┇ INFO    ┇    DeepKNLP.gner.trainer ┇ [training]  46%|█████████           |  650/1428 [0:12:44<0:16:26, 0.79Hz] | epoch=5.46, loss=0.051400
[02.12 01:38:12] ┇ INFO    ┇    DeepKNLP.gner.trainer ┇ [checking]   6%|█▏                  |  1/17 [0:00:00<0:00:00, 90244.62Hz]
[02.12 01:38:26] ┇ INFO    ┇    DeepKNLP.gner.trainer ┇ [checking]  29%|█████▉              |  5/17 [0:00:13<0:00:32, 0.37Hz]
[02.12 01:38:36] ┇ INFO    ┇    DeepKNLP.gner.trainer ┇ [checking]  47%|█████████▍          |  8/17 [0:00:23<0:00:26, 0.34Hz]
[02.12 01:38:47] ┇ INFO    ┇    DeepKNLP.gner.trainer ┇ [checking]  65%|████████████▉       | 11/17 [0:00:34<0:00:18, 0.32Hz]
[02.12 01:38:57] ┇ INFO    ┇    DeepKNLP.gner.trainer ┇ [checking]  82%|████████████████▍   | 14/17 [0:00:44<0:00:09, 0.31Hz]
[02.12 01:39:09] ┇ INFO    ┇    DeepKNLP.gner.trainer ┇ [checking] 100%|████████████████████| 17/17 [0:00:54<0:00:00, 0.31Hz]
[02.12 01:39:09] ┇ INFO    ┇    DeepKNLP.gner.trainer ┇ [training]  46%|█████████▏          |  654/1428 [0:13:45<0:16:16, 0.79Hz] | epoch=5.50, eval_average=0.0000
[02.12 01:39:09] ┇ INFO    ┇    DeepKNLP.gner.trainer ┇ [training]  46%|█████████▏          |  655/1428 [0:13:45<0:16:20, 0.79Hz] | epoch=5.50, loss=0.050200
[02.12 01:39:10] ┇ INFO    ┇    DeepKNLP.gner.trainer ┇ [training]  46%|█████████▏          |  660/1428 [0:13:46<0:16:14, 0.79Hz] | epoch=5.55, loss=0.053400
[02.12 01:39:11] ┇ INFO    ┇    DeepKNLP.gner.trainer ┇ [training]  47%|█████████▎          |  665/1428 [0:13:48<0:16:07, 0.79Hz] | epoch=5.59, loss=0.047100
[02.12 01:39:13] ┇ INFO    ┇    DeepKNLP.gner.trainer ┇ [training]  47%|█████████▍          |  670/1428 [0:13:49<0:16:01, 0.79Hz] | epoch=5.63, loss=0.048900
[02.12 01:39:14] ┇ INFO    ┇    DeepKNLP.gner.trainer ┇ [training]  47%|█████████▍          |  675/1428 [0:13:50<0:15:55, 0.79Hz] | epoch=5.67, loss=0.050400
[02.12 01:39:15] ┇ INFO    ┇    DeepKNLP.gner.trainer ┇ [training]  48%|█████████▌          |  680/1428 [0:13:51<0:15:48, 0.79Hz] | epoch=5.71, loss=0.047600
[02.12 01:39:16] ┇ INFO    ┇    DeepKNLP.gner.trainer ┇ [training]  48%|█████████▌          |  685/1428 [0:13:53<0:15:42, 0.79Hz] | epoch=5.76, loss=0.049900
[02.12 01:39:17] ┇ INFO    ┇    DeepKNLP.gner.trainer ┇ [training]  48%|█████████▋          |  690/1428 [0:13:54<0:15:36, 0.79Hz] | epoch=5.80, loss=0.052100
[02.12 01:39:19] ┇ INFO    ┇    DeepKNLP.gner.trainer ┇ [training]  49%|█████████▋          |  695/1428 [0:13:55<0:15:29, 0.79Hz] | epoch=5.84, loss=0.047800
[02.12 01:39:20] ┇ INFO    ┇    DeepKNLP.gner.trainer ┇ [training]  49%|█████████▊          |  700/1428 [0:13:56<0:15:23, 0.79Hz] | epoch=5.88, loss=0.051300
[02.12 01:39:21] ┇ INFO    ┇    DeepKNLP.gner.trainer ┇ [training]  49%|█████████▊          |  705/1428 [0:13:58<0:15:17, 0.79Hz] | epoch=5.92, loss=0.047600
[02.12 01:39:22] ┇ INFO    ┇    DeepKNLP.gner.trainer ┇ [training]  50%|█████████▉          |  710/1428 [0:13:59<0:15:10, 0.79Hz] | epoch=5.97, loss=0.047700
[02.12 01:39:27] ┇ INFO    ┇    DeepKNLP.gner.trainer ┇ [checking]   6%|█▏                  |  1/17 [0:00:00<0:00:00, 97942.34Hz]
[02.12 01:39:40] ┇ INFO    ┇    DeepKNLP.gner.trainer ┇ [checking]  29%|█████▉              |  5/17 [0:00:13<0:00:31, 0.38Hz]
[02.12 01:39:53] ┇ INFO    ┇    DeepKNLP.gner.trainer ┇ [checking]  53%|██████████▌         |  9/17 [0:00:26<0:00:23, 0.34Hz]
[02.12 01:40:04] ┇ INFO    ┇    DeepKNLP.gner.trainer ┇ [checking]  71%|██████████████      | 12/17 [0:00:36<0:00:15, 0.33Hz]
[02.12 01:40:14] ┇ INFO    ┇    DeepKNLP.gner.trainer ┇ [checking]  88%|█████████████████▋  | 15/17 [0:00:47<0:00:06, 0.32Hz]
[02.12 01:40:23] ┇ INFO    ┇    DeepKNLP.gner.trainer ┇ [checking] 100%|████████████████████| 17/17 [0:00:54<0:00:00, 0.31Hz]
[02.12 01:40:23] ┇ INFO    ┇    DeepKNLP.gner.trainer ┇ [training]  50%|██████████          |  714/1428 [0:14:59<0:14:57, 0.80Hz] | epoch=6.00, eval_average=0.0000
[02.12 01:40:23] ┇ INFO    ┇    DeepKNLP.gner.trainer ┇ [training]  50%|██████████          |  715/1428 [0:15:00<0:15:04, 0.79Hz] | epoch=6.01, loss=0.052600
[02.12 01:40:25] ┇ INFO    ┇    DeepKNLP.gner.trainer ┇ [training]  50%|██████████          |  720/1428 [0:15:01<0:14:57, 0.79Hz] | epoch=6.05, loss=0.050800
[02.12 01:40:26] ┇ INFO    ┇    DeepKNLP.gner.trainer ┇ [training]  51%|██████████▏         |  725/1428 [0:15:02<0:14:51, 0.79Hz] | epoch=6.09, loss=0.046700
[02.12 01:40:27] ┇ INFO    ┇    DeepKNLP.gner.trainer ┇ [training]  51%|██████████▏         |  730/1428 [0:15:04<0:14:44, 0.79Hz] | epoch=6.13, loss=0.050800
[02.12 01:40:28] ┇ INFO    ┇    DeepKNLP.gner.trainer ┇ [training]  51%|██████████▎         |  735/1428 [0:15:05<0:14:38, 0.79Hz] | epoch=6.18, loss=0.048600
[02.12 01:40:30] ┇ INFO    ┇    DeepKNLP.gner.trainer ┇ [training]  52%|██████████▎         |  740/1428 [0:15:06<0:14:32, 0.79Hz] | epoch=6.22, loss=0.051800
[02.12 01:40:31] ┇ INFO    ┇    DeepKNLP.gner.trainer ┇ [training]  52%|██████████▍         |  745/1428 [0:15:07<0:14:25, 0.79Hz] | epoch=6.26, loss=0.050700
[02.12 01:40:32] ┇ INFO    ┇    DeepKNLP.gner.trainer ┇ [training]  53%|██████████▌         |  750/1428 [0:15:08<0:14:19, 0.79Hz] | epoch=6.30, loss=0.048000
[02.12 01:40:33] ┇ INFO    ┇    DeepKNLP.gner.trainer ┇ [training]  53%|██████████▌         |  755/1428 [0:15:10<0:14:13, 0.79Hz] | epoch=6.34, loss=0.046100
[02.12 01:40:35] ┇ INFO    ┇    DeepKNLP.gner.trainer ┇ [training]  53%|██████████▋         |  760/1428 [0:15:11<0:14:06, 0.79Hz] | epoch=6.39, loss=0.044100
[02.12 01:40:36] ┇ INFO    ┇    DeepKNLP.gner.trainer ┇ [training]  54%|██████████▋         |  765/1428 [0:15:12<0:14:00, 0.79Hz] | epoch=6.43, loss=0.046900
[02.12 01:40:37] ┇ INFO    ┇    DeepKNLP.gner.trainer ┇ [training]  54%|██████████▊         |  770/1428 [0:15:13<0:13:54, 0.79Hz] | epoch=6.47, loss=0.050500
[02.12 01:40:42] ┇ INFO    ┇    DeepKNLP.gner.trainer ┇ [checking]   6%|█▏                  |  1/17 [0:00:00<0:00:00, 85164.38Hz]
[02.12 01:40:55] ┇ INFO    ┇    DeepKNLP.gner.trainer ┇ [checking]  29%|█████▉              |  5/17 [0:00:13<0:00:31, 0.38Hz]
[02.12 01:41:05] ┇ INFO    ┇    DeepKNLP.gner.trainer ┇ [checking]  47%|█████████▍          |  8/17 [0:00:23<0:00:26, 0.34Hz]
[02.12 01:41:15] ┇ INFO    ┇    DeepKNLP.gner.trainer ┇ [checking]  65%|████████████▉       | 11/17 [0:00:33<0:00:18, 0.32Hz]
[02.12 01:41:26] ┇ INFO    ┇    DeepKNLP.gner.trainer ┇ [checking]  82%|████████████████▍   | 14/17 [0:00:44<0:00:09, 0.31Hz]
[02.12 01:41:37] ┇ INFO    ┇    DeepKNLP.gner.trainer ┇ [checking] 100%|████████████████████| 17/17 [0:00:54<0:00:00, 0.31Hz]
[02.12 01:41:37] ┇ INFO    ┇    DeepKNLP.gner.trainer ┇ [training]  54%|██████████▊         |  774/1428 [0:16:14<0:13:41, 0.80Hz] | epoch=6.50, eval_average=0.0000
[02.12 01:41:38] ┇ INFO    ┇    DeepKNLP.gner.trainer ┇ [training]  54%|██████████▊         |  775/1428 [0:16:14<0:13:46, 0.79Hz] | epoch=6.51, loss=0.048800
[02.12 01:41:39] ┇ INFO    ┇    DeepKNLP.gner.trainer ┇ [training]  55%|██████████▉         |  780/1428 [0:16:15<0:13:40, 0.79Hz] | epoch=6.55, loss=0.044900
[02.12 01:41:40] ┇ INFO    ┇    DeepKNLP.gner.trainer ┇ [training]  55%|██████████▉         |  785/1428 [0:16:17<0:13:34, 0.79Hz] | epoch=6.60, loss=0.046800
[02.12 01:41:41] ┇ INFO    ┇    DeepKNLP.gner.trainer ┇ [training]  55%|███████████         |  790/1428 [0:16:18<0:13:27, 0.79Hz] | epoch=6.64, loss=0.047000
[02.12 01:41:43] ┇ INFO    ┇    DeepKNLP.gner.trainer ┇ [training]  56%|███████████▏        |  795/1428 [0:16:19<0:13:21, 0.79Hz] | epoch=6.68, loss=0.044300
[02.12 01:41:44] ┇ INFO    ┇    DeepKNLP.gner.trainer ┇ [training]  56%|███████████▏        |  800/1428 [0:16:20<0:13:15, 0.79Hz] | epoch=6.72, loss=0.047400
[02.12 01:41:45] ┇ INFO    ┇    DeepKNLP.gner.trainer ┇ [training]  56%|███████████▎        |  805/1428 [0:16:22<0:13:09, 0.79Hz] | epoch=6.76, loss=0.047500
[02.12 01:41:47] ┇ INFO    ┇    DeepKNLP.gner.trainer ┇ [training]  57%|███████████▎        |  810/1428 [0:16:23<0:13:02, 0.79Hz] | epoch=6.81, loss=0.047000
[02.12 01:41:48] ┇ INFO    ┇    DeepKNLP.gner.trainer ┇ [training]  57%|███████████▍        |  815/1428 [0:16:24<0:12:56, 0.79Hz] | epoch=6.85, loss=0.045200
[02.12 01:41:49] ┇ INFO    ┇    DeepKNLP.gner.trainer ┇ [training]  57%|███████████▍        |  820/1428 [0:16:25<0:12:50, 0.79Hz] | epoch=6.89, loss=0.047600
[02.12 01:41:50] ┇ INFO    ┇    DeepKNLP.gner.trainer ┇ [training]  58%|███████████▌        |  825/1428 [0:16:27<0:12:43, 0.79Hz] | epoch=6.93, loss=0.045600
[02.12 01:41:52] ┇ INFO    ┇    DeepKNLP.gner.trainer ┇ [training]  58%|███████████▌        |  830/1428 [0:16:28<0:12:37, 0.79Hz] | epoch=6.97, loss=0.043500
[02.12 01:41:56] ┇ INFO    ┇    DeepKNLP.gner.trainer ┇ [checking]   6%|█▏                  |  1/17 [0:00:00<0:00:00, 88020.64Hz]
[02.12 01:42:09] ┇ INFO    ┇    DeepKNLP.gner.trainer ┇ [checking]  29%|█████▉              |  5/17 [0:00:13<0:00:32, 0.37Hz]
[02.12 01:42:19] ┇ INFO    ┇    DeepKNLP.gner.trainer ┇ [checking]  47%|█████████▍          |  8/17 [0:00:23<0:00:26, 0.34Hz]
[02.12 01:42:30] ┇ INFO    ┇    DeepKNLP.gner.trainer ┇ [checking]  65%|████████████▉       | 11/17 [0:00:34<0:00:18, 0.32Hz]
[02.12 01:42:41] ┇ INFO    ┇    DeepKNLP.gner.trainer ┇ [checking]  82%|████████████████▍   | 14/17 [0:00:45<0:00:09, 0.31Hz]
[02.12 01:42:53] ┇ INFO    ┇    DeepKNLP.gner.trainer ┇ [checking] 100%|████████████████████| 17/17 [0:00:55<0:00:00, 0.31Hz]
[02.12 01:42:53] ┇ INFO    ┇    DeepKNLP.gner.trainer ┇ [training]  58%|███████████▋        |  833/1428 [0:17:29<0:12:30, 0.79Hz] | epoch=7.00, eval_average=0.0000
[02.12 01:42:53] ┇ INFO    ┇    DeepKNLP.gner.trainer ┇ [training]  58%|███████████▋        |  835/1428 [0:17:30<0:12:31, 0.79Hz] | epoch=7.02, loss=0.045400
[02.12 01:42:54] ┇ INFO    ┇    DeepKNLP.gner.trainer ┇ [training]  59%|███████████▊        |  840/1428 [0:17:31<0:12:25, 0.79Hz] | epoch=7.06, loss=0.044100
[02.12 01:42:56] ┇ INFO    ┇    DeepKNLP.gner.trainer ┇ [training]  59%|███████████▊        |  845/1428 [0:17:32<0:12:19, 0.79Hz] | epoch=7.10, loss=0.043200
[02.12 01:42:57] ┇ INFO    ┇    DeepKNLP.gner.trainer ┇ [training]  60%|███████████▉        |  850/1428 [0:17:33<0:12:12, 0.79Hz] | epoch=7.14, loss=0.045100
[02.12 01:42:58] ┇ INFO    ┇    DeepKNLP.gner.trainer ┇ [training]  60%|███████████▉        |  855/1428 [0:17:34<0:12:06, 0.79Hz] | epoch=7.18, loss=0.044700
[02.12 01:42:59] ┇ INFO    ┇    DeepKNLP.gner.trainer ┇ [training]  60%|████████████        |  860/1428 [0:17:36<0:12:00, 0.79Hz] | epoch=7.23, loss=0.043900
[02.12 01:43:01] ┇ INFO    ┇    DeepKNLP.gner.trainer ┇ [training]  61%|████████████        |  865/1428 [0:17:37<0:11:53, 0.79Hz] | epoch=7.27, loss=0.043700
[02.12 01:43:02] ┇ INFO    ┇    DeepKNLP.gner.trainer ┇ [training]  61%|████████████▏       |  870/1428 [0:17:38<0:11:47, 0.79Hz] | epoch=7.31, loss=0.045100
[02.12 01:43:03] ┇ INFO    ┇    DeepKNLP.gner.trainer ┇ [training]  61%|████████████▎       |  875/1428 [0:17:39<0:11:41, 0.79Hz] | epoch=7.35, loss=0.042300
[02.12 01:43:04] ┇ INFO    ┇    DeepKNLP.gner.trainer ┇ [training]  62%|████████████▎       |  880/1428 [0:17:41<0:11:34, 0.79Hz] | epoch=7.39, loss=0.047800
[02.12 01:43:06] ┇ INFO    ┇    DeepKNLP.gner.trainer ┇ [training]  62%|████████████▍       |  885/1428 [0:17:42<0:11:28, 0.79Hz] | epoch=7.44, loss=0.043600
[02.12 01:43:07] ┇ INFO    ┇    DeepKNLP.gner.trainer ┇ [training]  62%|████████████▍       |  890/1428 [0:17:43<0:11:22, 0.79Hz] | epoch=7.48, loss=0.044500
[02.12 01:43:11] ┇ INFO    ┇    DeepKNLP.gner.trainer ┇ [checking]   6%|█▏                  |  1/17 [0:00:00<0:00:00, 87865.78Hz]
[02.12 01:43:24] ┇ INFO    ┇    DeepKNLP.gner.trainer ┇ [checking]  29%|█████▉              |  5/17 [0:00:13<0:00:32, 0.37Hz]
[02.12 01:43:38] ┇ INFO    ┇    DeepKNLP.gner.trainer ┇ [checking]  53%|██████████▌         |  9/17 [0:00:26<0:00:23, 0.34Hz]
[02.12 01:43:48] ┇ INFO    ┇    DeepKNLP.gner.trainer ┇ [checking]  71%|██████████████      | 12/17 [0:00:37<0:00:15, 0.32Hz]
[02.12 01:43:58] ┇ INFO    ┇    DeepKNLP.gner.trainer ┇ [checking]  88%|█████████████████▋  | 15/17 [0:00:47<0:00:06, 0.32Hz]
[02.12 01:44:07] ┇ INFO    ┇    DeepKNLP.gner.trainer ┇ [checking] 100%|████████████████████| 17/17 [0:00:54<0:00:00, 0.31Hz]
[02.12 01:44:07] ┇ INFO    ┇    DeepKNLP.gner.trainer ┇ [training]  62%|████████████▍       |  892/1428 [0:18:43<0:11:23, 0.78Hz] | epoch=7.50, eval_average=0.0000
[02.12 01:44:08] ┇ INFO    ┇    DeepKNLP.gner.trainer ┇ [training]  63%|████████████▌       |  895/1428 [0:18:44<0:11:23, 0.78Hz] | epoch=7.52, loss=0.043100
[02.12 01:44:09] ┇ INFO    ┇    DeepKNLP.gner.trainer ┇ [training]  63%|████████████▌       |  900/1428 [0:18:46<0:11:16, 0.78Hz] | epoch=7.56, loss=0.043400
[02.12 01:44:10] ┇ INFO    ┇    DeepKNLP.gner.trainer ┇ [training]  63%|████████████▋       |  905/1428 [0:18:47<0:11:10, 0.78Hz] | epoch=7.61, loss=0.043800
[02.12 01:44:12] ┇ INFO    ┇    DeepKNLP.gner.trainer ┇ [training]  64%|████████████▋       |  910/1428 [0:18:48<0:11:04, 0.78Hz] | epoch=7.65, loss=0.043500
[02.12 01:44:13] ┇ INFO    ┇    DeepKNLP.gner.trainer ┇ [training]  64%|████████████▊       |  915/1428 [0:18:49<0:10:57, 0.78Hz] | epoch=7.69, loss=0.042700
[02.12 01:44:14] ┇ INFO    ┇    DeepKNLP.gner.trainer ┇ [training]  64%|████████████▉       |  920/1428 [0:18:50<0:10:51, 0.78Hz] | epoch=7.73, loss=0.044500
[02.12 01:44:15] ┇ INFO    ┇    DeepKNLP.gner.trainer ┇ [training]  65%|████████████▉       |  925/1428 [0:18:52<0:10:44, 0.78Hz] | epoch=7.77, loss=0.042800
[02.12 01:44:17] ┇ INFO    ┇    DeepKNLP.gner.trainer ┇ [training]  65%|█████████████       |  930/1428 [0:18:53<0:10:37, 0.78Hz] | epoch=7.82, loss=0.045200
[02.12 01:44:18] ┇ INFO    ┇    DeepKNLP.gner.trainer ┇ [training]  65%|█████████████       |  935/1428 [0:18:54<0:10:31, 0.78Hz] | epoch=7.86, loss=0.043600
[02.12 01:44:19] ┇ INFO    ┇    DeepKNLP.gner.trainer ┇ [training]  66%|█████████████▏      |  940/1428 [0:18:55<0:10:25, 0.78Hz] | epoch=7.90, loss=0.042000
[02.12 01:44:20] ┇ INFO    ┇    DeepKNLP.gner.trainer ┇ [training]  66%|█████████████▏      |  945/1428 [0:18:57<0:08:37, 0.93Hz] | epoch=7.94, loss=0.040900
[02.12 01:44:22] ┇ INFO    ┇    DeepKNLP.gner.trainer ┇ [training]  67%|█████████████▎      |  950/1428 [0:18:58<0:08:26, 0.94Hz] | epoch=7.98, loss=0.043200
[02.12 01:44:26] ┇ INFO    ┇    DeepKNLP.gner.trainer ┇ [checking]   6%|█▏                  |  1/17 [0:00:00<0:00:00, 75959.31Hz]
[02.12 01:44:39] ┇ INFO    ┇    DeepKNLP.gner.trainer ┇ [checking]  29%|█████▉              |  5/17 [0:00:13<0:00:32, 0.37Hz]
[02.12 01:44:49] ┇ INFO    ┇    DeepKNLP.gner.trainer ┇ [checking]  47%|█████████▍          |  8/17 [0:00:23<0:00:26, 0.34Hz]
[02.12 01:45:00] ┇ INFO    ┇    DeepKNLP.gner.trainer ┇ [checking]  65%|████████████▉       | 11/17 [0:00:34<0:00:18, 0.32Hz]
[02.12 01:45:11] ┇ INFO    ┇    DeepKNLP.gner.trainer ┇ [checking]  82%|████████████████▍   | 14/17 [0:00:45<0:00:09, 0.31Hz]
[02.12 01:45:21] ┇ INFO    ┇    DeepKNLP.gner.trainer ┇ [checking] 100%|████████████████████| 17/17 [0:00:55<0:00:00, 0.31Hz]
[02.12 01:45:22] ┇ INFO    ┇    DeepKNLP.gner.trainer ┇ [training]  67%|█████████████▎      |  952/1428 [0:19:59<0:10:06, 0.78Hz] | epoch=8.00, eval_average=0.0000
[02.12 01:45:23] ┇ INFO    ┇    DeepKNLP.gner.trainer ┇ [training]  67%|█████████████▍      |  955/1428 [0:19:59<0:10:06, 0.78Hz] | epoch=8.03, loss=0.043600
[02.12 01:45:24] ┇ INFO    ┇    DeepKNLP.gner.trainer ┇ [training]  67%|█████████████▍      |  960/1428 [0:20:01<0:10:00, 0.78Hz] | epoch=8.07, loss=0.040500
[02.12 01:45:26] ┇ INFO    ┇    DeepKNLP.gner.trainer ┇ [training]  68%|█████████████▌      |  965/1428 [0:20:02<0:09:53, 0.78Hz] | epoch=8.11, loss=0.041300
[02.12 01:45:27] ┇ INFO    ┇    DeepKNLP.gner.trainer ┇ [training]  68%|█████████████▌      |  970/1428 [0:20:03<0:09:47, 0.78Hz] | epoch=8.15, loss=0.041900
[02.12 01:45:28] ┇ INFO    ┇    DeepKNLP.gner.trainer ┇ [training]  68%|█████████████▋      |  975/1428 [0:20:05<0:09:41, 0.78Hz] | epoch=8.19, loss=0.041800
[02.12 01:45:29] ┇ INFO    ┇    DeepKNLP.gner.trainer ┇ [training]  69%|█████████████▋      |  980/1428 [0:20:06<0:09:34, 0.78Hz] | epoch=8.23, loss=0.043600
[02.12 01:45:31] ┇ INFO    ┇    DeepKNLP.gner.trainer ┇ [training]  69%|█████████████▊      |  985/1428 [0:20:07<0:09:28, 0.78Hz] | epoch=8.28, loss=0.040600
[02.12 01:45:32] ┇ INFO    ┇    DeepKNLP.gner.trainer ┇ [training]  69%|█████████████▊      |  990/1428 [0:20:08<0:09:21, 0.78Hz] | epoch=8.32, loss=0.041400
[02.12 01:45:33] ┇ INFO    ┇    DeepKNLP.gner.trainer ┇ [training]  70%|█████████████▉      |  995/1428 [0:20:10<0:09:15, 0.78Hz] | epoch=8.36, loss=0.039500
[02.12 01:45:34] ┇ INFO    ┇    DeepKNLP.gner.trainer ┇ [training]  70%|██████████████      | 1000/1428 [0:20:11<0:09:09, 0.78Hz] | epoch=8.40, loss=0.042300
[02.12 01:45:36] ┇ INFO    ┇    DeepKNLP.gner.trainer ┇ [training]  70%|██████████████      | 1005/1428 [0:20:12<0:07:34, 0.93Hz] | epoch=8.45, loss=0.042500
[02.12 01:45:37] ┇ INFO    ┇    DeepKNLP.gner.trainer ┇ [training]  71%|██████████████▏     | 1010/1428 [0:20:13<0:07:24, 0.94Hz] | epoch=8.49, loss=0.038600
[02.12 01:45:41] ┇ INFO    ┇    DeepKNLP.gner.trainer ┇ [checking]   6%|█▏                  |  1/17 [0:00:00<0:00:00, 64020.38Hz]
[02.12 01:45:52] ┇ INFO    ┇    DeepKNLP.gner.trainer ┇ [checking]  24%|████▋               |  4/17 [0:00:10<0:00:33, 0.39Hz]
[02.12 01:46:03] ┇ INFO    ┇    DeepKNLP.gner.trainer ┇ [checking]  41%|████████▏           |  7/17 [0:00:21<0:00:30, 0.33Hz]
[02.12 01:46:13] ┇ INFO    ┇    DeepKNLP.gner.trainer ┇ [checking]  59%|███████████▊        | 10/17 [0:00:31<0:00:22, 0.31Hz]
[02.12 01:46:24] ┇ INFO    ┇    DeepKNLP.gner.trainer ┇ [checking]  76%|███████████████▎    | 13/17 [0:00:42<0:00:13, 0.31Hz]
[02.12 01:46:34] ┇ INFO    ┇    DeepKNLP.gner.trainer ┇ [checking]  94%|██████████████████▊ | 16/17 [0:00:53<0:00:03, 0.30Hz]
[02.12 01:46:40] ┇ INFO    ┇    DeepKNLP.gner.trainer ┇ [checking] 100%|████████████████████| 17/17 [0:00:56<0:00:00, 0.30Hz]
[02.12 01:46:40] ┇ INFO    ┇    DeepKNLP.gner.trainer ┇ [training]  71%|██████████████▏     | 1012/1428 [0:21:16<0:08:54, 0.78Hz] | epoch=8.50, eval_average=0.0000
[02.12 01:46:40] ┇ INFO    ┇    DeepKNLP.gner.trainer ┇ [training]  71%|██████████████▏     | 1015/1428 [0:21:17<0:08:53, 0.77Hz] | epoch=8.53, loss=0.041300
[02.12 01:46:42] ┇ INFO    ┇    DeepKNLP.gner.trainer ┇ [training]  71%|██████████████▎     | 1020/1428 [0:21:18<0:08:46, 0.77Hz] | epoch=8.57, loss=0.044000
[02.12 01:46:43] ┇ INFO    ┇    DeepKNLP.gner.trainer ┇ [training]  72%|██████████████▎     | 1025/1428 [0:21:19<0:08:40, 0.77Hz] | epoch=8.61, loss=0.042100
[02.12 01:46:44] ┇ INFO    ┇    DeepKNLP.gner.trainer ┇ [training]  72%|██████████████▍     | 1030/1428 [0:21:20<0:08:33, 0.77Hz] | epoch=8.65, loss=0.037300
[02.12 01:46:45] ┇ INFO    ┇    DeepKNLP.gner.trainer ┇ [training]  72%|██████████████▍     | 1035/1428 [0:21:22<0:08:27, 0.77Hz] | epoch=8.70, loss=0.040500
[02.12 01:46:47] ┇ INFO    ┇    DeepKNLP.gner.trainer ┇ [training]  73%|██████████████▌     | 1040/1428 [0:21:23<0:08:20, 0.77Hz] | epoch=8.74, loss=0.039000
[02.12 01:46:48] ┇ INFO    ┇    DeepKNLP.gner.trainer ┇ [training]  73%|██████████████▋     | 1045/1428 [0:21:24<0:08:14, 0.77Hz] | epoch=8.78, loss=0.040500
[02.12 01:46:49] ┇ INFO    ┇    DeepKNLP.gner.trainer ┇ [training]  74%|██████████████▋     | 1050/1428 [0:21:25<0:08:08, 0.77Hz] | epoch=8.82, loss=0.039800
[02.12 01:46:50] ┇ INFO    ┇    DeepKNLP.gner.trainer ┇ [training]  74%|██████████████▊     | 1055/1428 [0:21:27<0:08:01, 0.77Hz] | epoch=8.87, loss=0.039100
[02.12 01:46:51] ┇ INFO    ┇    DeepKNLP.gner.trainer ┇ [training]  74%|██████████████▊     | 1060/1428 [0:21:28<0:07:55, 0.77Hz] | epoch=8.91, loss=0.039600
[02.12 01:46:53] ┇ INFO    ┇    DeepKNLP.gner.trainer ┇ [training]  75%|██████████████▉     | 1065/1428 [0:21:29<0:06:33, 0.92Hz] | epoch=8.95, loss=0.039500
[02.12 01:46:54] ┇ INFO    ┇    DeepKNLP.gner.trainer ┇ [training]  75%|██████████████▉     | 1070/1428 [0:21:30<0:06:23, 0.93Hz] | epoch=8.99, loss=0.036400
[02.12 01:46:58] ┇ INFO    ┇    DeepKNLP.gner.trainer ┇ [checking]   6%|█▏                  |  1/17 [0:00:00<0:00:00, 93023.05Hz]
[02.12 01:47:08] ┇ INFO    ┇    DeepKNLP.gner.trainer ┇ [checking]  24%|████▋               |  4/17 [0:00:10<0:00:33, 0.39Hz]
[02.12 01:47:19] ┇ INFO    ┇    DeepKNLP.gner.trainer ┇ [checking]  41%|████████▏           |  7/17 [0:00:21<0:00:30, 0.33Hz]
[02.12 01:47:30] ┇ INFO    ┇    DeepKNLP.gner.trainer ┇ [checking]  59%|███████████▊        | 10/17 [0:00:31<0:00:22, 0.31Hz]
[02.12 01:47:41] ┇ INFO    ┇    DeepKNLP.gner.trainer ┇ [checking]  76%|███████████████▎    | 13/17 [0:00:42<0:00:13, 0.31Hz]
[02.12 01:47:51] ┇ INFO    ┇    DeepKNLP.gner.trainer ┇ [checking]  94%|██████████████████▊ | 16/17 [0:00:52<0:00:03, 0.30Hz]
[02.12 01:47:56] ┇ INFO    ┇    DeepKNLP.gner.trainer ┇ [checking] 100%|████████████████████| 17/17 [0:00:56<0:00:00, 0.30Hz]
[02.12 01:47:56] ┇ INFO    ┇    DeepKNLP.gner.trainer ┇ [training]  75%|███████████████     | 1071/1428 [0:22:33<0:07:43, 0.77Hz] | epoch=9.00, eval_average=0.0311
[02.12 01:47:57] ┇ INFO    ┇    DeepKNLP.gner.trainer ┇ [training]  75%|███████████████     | 1075/1428 [0:22:34<0:07:39, 0.77Hz] | epoch=9.03, loss=0.037000
[02.12 01:47:59] ┇ INFO    ┇    DeepKNLP.gner.trainer ┇ [training]  76%|███████████████▏    | 1080/1428 [0:22:35<0:07:32, 0.77Hz] | epoch=9.08, loss=0.036800
[02.12 01:48:00] ┇ INFO    ┇    DeepKNLP.gner.trainer ┇ [training]  76%|███████████████▏    | 1085/1428 [0:22:36<0:07:26, 0.77Hz] | epoch=9.12, loss=0.038300
[02.12 01:48:01] ┇ INFO    ┇    DeepKNLP.gner.trainer ┇ [training]  76%|███████████████▎    | 1090/1428 [0:22:38<0:07:19, 0.77Hz] | epoch=9.16, loss=0.038700
[02.12 01:48:02] ┇ INFO    ┇    DeepKNLP.gner.trainer ┇ [training]  77%|███████████████▎    | 1095/1428 [0:22:39<0:07:13, 0.77Hz] | epoch=9.20, loss=0.037800
[02.12 01:48:04] ┇ INFO    ┇    DeepKNLP.gner.trainer ┇ [training]  77%|███████████████▍    | 1100/1428 [0:22:40<0:07:06, 0.77Hz] | epoch=9.24, loss=0.038200
[02.12 01:48:05] ┇ INFO    ┇    DeepKNLP.gner.trainer ┇ [training]  77%|███████████████▍    | 1105/1428 [0:22:41<0:07:00, 0.77Hz] | epoch=9.29, loss=0.039500
[02.12 01:48:06] ┇ INFO    ┇    DeepKNLP.gner.trainer ┇ [training]  78%|███████████████▌    | 1110/1428 [0:22:43<0:06:53, 0.77Hz] | epoch=9.33, loss=0.036200
[02.12 01:48:07] ┇ INFO    ┇    DeepKNLP.gner.trainer ┇ [training]  78%|███████████████▌    | 1115/1428 [0:22:44<0:06:47, 0.77Hz] | epoch=9.37, loss=0.037500
[02.12 01:48:09] ┇ INFO    ┇    DeepKNLP.gner.trainer ┇ [training]  78%|███████████████▋    | 1120/1428 [0:22:45<0:06:40, 0.77Hz] | epoch=9.41, loss=0.035900
[02.12 01:48:10] ┇ INFO    ┇    DeepKNLP.gner.trainer ┇ [training]  79%|███████████████▊    | 1125/1428 [0:22:46<0:05:29, 0.92Hz] | epoch=9.45, loss=0.036200
[02.12 01:48:11] ┇ INFO    ┇    DeepKNLP.gner.trainer ┇ [training]  79%|███████████████▊    | 1130/1428 [0:22:48<0:05:21, 0.93Hz] | epoch=9.50, loss=0.036200
[02.12 01:48:15] ┇ INFO    ┇    DeepKNLP.gner.trainer ┇ [checking]   6%|█▏                  |  1/17 [0:00:00<0:00:00, 90000.68Hz]
[02.12 01:48:25] ┇ INFO    ┇    DeepKNLP.gner.trainer ┇ [checking]  24%|████▋               |  4/17 [0:00:10<0:00:33, 0.39Hz]
[02.12 01:48:37] ┇ INFO    ┇    DeepKNLP.gner.trainer ┇ [checking]  41%|████████▏           |  7/17 [0:00:21<0:00:30, 0.32Hz]
[02.12 01:48:48] ┇ INFO    ┇    DeepKNLP.gner.trainer ┇ [checking]  59%|███████████▊        | 10/17 [0:00:32<0:00:22, 0.31Hz]
[02.12 01:48:59] ┇ INFO    ┇    DeepKNLP.gner.trainer ┇ [checking]  76%|███████████████▎    | 13/17 [0:00:43<0:00:13, 0.30Hz]
[02.12 01:49:10] ┇ INFO    ┇    DeepKNLP.gner.trainer ┇ [checking]  94%|██████████████████▊ | 16/17 [0:00:54<0:00:03, 0.29Hz]
[02.12 01:49:15] ┇ INFO    ┇    DeepKNLP.gner.trainer ┇ [checking] 100%|████████████████████| 17/17 [0:00:58<0:00:00, 0.29Hz]
[02.12 01:49:15] ┇ INFO    ┇    DeepKNLP.gner.trainer ┇ [training]  79%|███████████████▊    | 1130/1428 [0:22:48<0:05:21, 0.93Hz] | epoch=9.50, eval_average=0.1150
[02.12 01:49:17] ┇ INFO    ┇    DeepKNLP.gner.trainer ┇ [training]  79%|███████████████▉    | 1135/1428 [0:23:53<0:06:19, 0.77Hz] | epoch=9.54, loss=0.038800
[02.12 01:49:18] ┇ INFO    ┇    DeepKNLP.gner.trainer ┇ [training]  80%|███████████████▉    | 1140/1428 [0:23:54<0:06:13, 0.77Hz] | epoch=9.58, loss=0.038000
[02.12 01:49:19] ┇ INFO    ┇    DeepKNLP.gner.trainer ┇ [training]  80%|████████████████    | 1145/1428 [0:23:56<0:06:06, 0.77Hz] | epoch=9.62, loss=0.037400
[02.12 01:49:20] ┇ INFO    ┇    DeepKNLP.gner.trainer ┇ [training]  81%|████████████████    | 1150/1428 [0:23:57<0:06:00, 0.77Hz] | epoch=9.66, loss=0.036800
[02.12 01:49:22] ┇ INFO    ┇    DeepKNLP.gner.trainer ┇ [training]  81%|████████████████▏   | 1155/1428 [0:23:58<0:05:53, 0.77Hz] | epoch=9.71, loss=0.036100
[02.12 01:49:23] ┇ INFO    ┇    DeepKNLP.gner.trainer ┇ [training]  81%|████████████████▏   | 1160/1428 [0:23:59<0:05:47, 0.77Hz] | epoch=9.75, loss=0.035400
[02.12 01:49:24] ┇ INFO    ┇    DeepKNLP.gner.trainer ┇ [training]  82%|████████████████▎   | 1165/1428 [0:24:01<0:05:40, 0.77Hz] | epoch=9.79, loss=0.034300
[02.12 01:49:25] ┇ INFO    ┇    DeepKNLP.gner.trainer ┇ [training]  82%|████████████████▍   | 1170/1428 [0:24:02<0:05:34, 0.77Hz] | epoch=9.83, loss=0.037700
[02.12 01:49:27] ┇ INFO    ┇    DeepKNLP.gner.trainer ┇ [training]  82%|████████████████▍   | 1175/1428 [0:24:03<0:05:27, 0.77Hz] | epoch=9.87, loss=0.035600
[02.12 01:49:28] ┇ INFO    ┇    DeepKNLP.gner.trainer ┇ [training]  83%|████████████████▌   | 1180/1428 [0:24:04<0:05:21, 0.77Hz] | epoch=9.92, loss=0.036600
[02.12 01:49:29] ┇ INFO    ┇    DeepKNLP.gner.trainer ┇ [training]  83%|████████████████▌   | 1185/1428 [0:24:05<0:05:14, 0.77Hz] | epoch=9.96, loss=0.038700
[02.12 01:49:30] ┇ INFO    ┇    DeepKNLP.gner.trainer ┇ [training]  83%|████████████████▋   | 1190/1428 [0:24:07<0:04:18, 0.92Hz] | epoch=10.00, loss=0.034300
[02.12 01:49:34] ┇ INFO    ┇    DeepKNLP.gner.trainer ┇ [checking]   6%|█▏                  |  1/17 [0:00:00<0:00:00, 76781.54Hz]
[02.12 01:49:45] ┇ INFO    ┇    DeepKNLP.gner.trainer ┇ [checking]  24%|████▋               |  4/17 [0:00:10<0:00:35, 0.37Hz]
[02.12 01:49:56] ┇ INFO    ┇    DeepKNLP.gner.trainer ┇ [checking]  41%|████████▏           |  7/17 [0:00:21<0:00:31, 0.32Hz]
[02.12 01:50:07] ┇ INFO    ┇    DeepKNLP.gner.trainer ┇ [checking]  59%|███████████▊        | 10/17 [0:00:32<0:00:22, 0.31Hz]
[02.12 01:50:18] ┇ INFO    ┇    DeepKNLP.gner.trainer ┇ [checking]  76%|███████████████▎    | 13/17 [0:00:43<0:00:13, 0.30Hz]
[02.12 01:50:29] ┇ INFO    ┇    DeepKNLP.gner.trainer ┇ [checking]  94%|██████████████████▊ | 16/17 [0:00:54<0:00:03, 0.29Hz]
[02.12 01:50:34] ┇ INFO    ┇    DeepKNLP.gner.trainer ┇ [checking] 100%|████████████████████| 17/17 [0:00:58<0:00:00, 0.29Hz]
[02.12 01:50:34] ┇ INFO    ┇    DeepKNLP.gner.trainer ┇ [training]  83%|████████████████▋   | 1190/1428 [0:24:07<0:04:18, 0.92Hz] | epoch=10.00, eval_average=0.2011
[02.12 01:50:35] ┇ INFO    ┇    DeepKNLP.gner.trainer ┇ [training]  84%|████████████████▋   | 1195/1428 [0:25:12<0:05:01, 0.77Hz] | epoch=10.04, loss=0.036700
[02.12 01:50:37] ┇ INFO    ┇    DeepKNLP.gner.trainer ┇ [training]  84%|████████████████▊   | 1200/1428 [0:25:13<0:04:54, 0.77Hz] | epoch=10.08, loss=0.035700
[02.12 01:50:38] ┇ INFO    ┇    DeepKNLP.gner.trainer ┇ [training]  84%|████████████████▉   | 1205/1428 [0:25:14<0:04:48, 0.77Hz] | epoch=10.13, loss=0.036100
[02.12 01:50:39] ┇ INFO    ┇    DeepKNLP.gner.trainer ┇ [training]  85%|████████████████▉   | 1210/1428 [0:25:16<0:04:41, 0.77Hz] | epoch=10.17, loss=0.034200
[02.12 01:50:40] ┇ INFO    ┇    DeepKNLP.gner.trainer ┇ [training]  85%|█████████████████   | 1215/1428 [0:25:17<0:04:35, 0.77Hz] | epoch=10.21, loss=0.034200
[02.12 01:50:42] ┇ INFO    ┇    DeepKNLP.gner.trainer ┇ [training]  85%|█████████████████   | 1220/1428 [0:25:18<0:04:28, 0.77Hz] | epoch=10.25, loss=0.035300
[02.12 01:50:43] ┇ INFO    ┇    DeepKNLP.gner.trainer ┇ [training]  86%|█████████████████▏  | 1225/1428 [0:25:19<0:04:22, 0.77Hz] | epoch=10.29, loss=0.032900
[02.12 01:50:44] ┇ INFO    ┇    DeepKNLP.gner.trainer ┇ [training]  86%|█████████████████▏  | 1230/1428 [0:25:20<0:04:15, 0.77Hz] | epoch=10.34, loss=0.034300
[02.12 01:50:45] ┇ INFO    ┇    DeepKNLP.gner.trainer ┇ [training]  86%|█████████████████▎  | 1235/1428 [0:25:22<0:04:09, 0.77Hz] | epoch=10.38, loss=0.035400
[02.12 01:50:47] ┇ INFO    ┇    DeepKNLP.gner.trainer ┇ [training]  87%|█████████████████▎  | 1240/1428 [0:25:23<0:04:02, 0.77Hz] | epoch=10.42, loss=0.035600
[02.12 01:50:48] ┇ INFO    ┇    DeepKNLP.gner.trainer ┇ [training]  87%|█████████████████▍  | 1245/1428 [0:25:24<0:03:56, 0.77Hz] | epoch=10.46, loss=0.036000
[02.12 01:50:49] ┇ INFO    ┇    DeepKNLP.gner.trainer ┇ [training]  88%|█████████████████▌  | 1250/1428 [0:25:25<0:03:49, 0.77Hz] | epoch=10.50, loss=0.036800
[02.12 01:50:53] ┇ INFO    ┇    DeepKNLP.gner.trainer ┇ [checking]   6%|█▏                  |  1/17 [0:00:00<0:00:00, 94073.38Hz]
[02.12 01:51:03] ┇ INFO    ┇    DeepKNLP.gner.trainer ┇ [checking]  24%|████▋               |  4/17 [0:00:10<0:00:34, 0.38Hz]
[02.12 01:51:14] ┇ INFO    ┇    DeepKNLP.gner.trainer ┇ [checking]  41%|████████▏           |  7/17 [0:00:21<0:00:30, 0.33Hz]
[02.12 01:51:25] ┇ INFO    ┇    DeepKNLP.gner.trainer ┇ [checking]  59%|███████████▊        | 10/17 [0:00:32<0:00:22, 0.31Hz]
[02.12 01:51:36] ┇ INFO    ┇    DeepKNLP.gner.trainer ┇ [checking]  76%|███████████████▎    | 13/17 [0:00:43<0:00:13, 0.30Hz]
[02.12 01:51:47] ┇ INFO    ┇    DeepKNLP.gner.trainer ┇ [checking]  94%|██████████████████▊ | 16/17 [0:00:53<0:00:03, 0.30Hz]
[02.12 01:51:52] ┇ INFO    ┇    DeepKNLP.gner.trainer ┇ [checking] 100%|████████████████████| 17/17 [0:00:57<0:00:00, 0.29Hz]
[02.12 01:51:52] ┇ INFO    ┇    DeepKNLP.gner.trainer ┇ [training]  88%|█████████████████▌  | 1250/1428 [0:25:25<0:03:49, 0.77Hz] | epoch=10.50, eval_average=0.1660
[02.12 01:51:53] ┇ INFO    ┇    DeepKNLP.gner.trainer ┇ [training]  88%|█████████████████▌  | 1255/1428 [0:26:30<0:03:43, 0.77Hz] | epoch=10.55, loss=0.034200
[02.12 01:51:55] ┇ INFO    ┇    DeepKNLP.gner.trainer ┇ [training]  88%|█████████████████▋  | 1260/1428 [0:26:31<0:03:35, 0.78Hz] | epoch=10.59, loss=0.032000
[02.12 01:51:56] ┇ INFO    ┇    DeepKNLP.gner.trainer ┇ [training]  89%|█████████████████▋  | 1265/1428 [0:26:32<0:03:29, 0.78Hz] | epoch=10.63, loss=0.033000
[02.12 01:51:57] ┇ INFO    ┇    DeepKNLP.gner.trainer ┇ [training]  89%|█████████████████▊  | 1270/1428 [0:26:33<0:03:22, 0.78Hz] | epoch=10.67, loss=0.035000
[02.12 01:51:58] ┇ INFO    ┇    DeepKNLP.gner.trainer ┇ [training]  89%|█████████████████▊  | 1275/1428 [0:26:35<0:03:16, 0.78Hz] | epoch=10.71, loss=0.032400
[02.12 01:52:00] ┇ INFO    ┇    DeepKNLP.gner.trainer ┇ [training]  90%|█████████████████▉  | 1280/1428 [0:26:36<0:03:09, 0.78Hz] | epoch=10.76, loss=0.033900
[02.12 01:52:01] ┇ INFO    ┇    DeepKNLP.gner.trainer ┇ [training]  90%|█████████████████▉  | 1285/1428 [0:26:37<0:03:03, 0.78Hz] | epoch=10.80, loss=0.033200
[02.12 01:52:02] ┇ INFO    ┇    DeepKNLP.gner.trainer ┇ [training]  90%|██████████████████  | 1290/1428 [0:26:38<0:02:57, 0.78Hz] | epoch=10.84, loss=0.030700
[02.12 01:52:03] ┇ INFO    ┇    DeepKNLP.gner.trainer ┇ [training]  91%|██████████████████▏ | 1295/1428 [0:26:40<0:02:50, 0.78Hz] | epoch=10.88, loss=0.036500
[02.12 01:52:05] ┇ INFO    ┇    DeepKNLP.gner.trainer ┇ [training]  91%|██████████████████▏ | 1300/1428 [0:26:41<0:02:44, 0.78Hz] | epoch=10.92, loss=0.031300
[02.12 01:52:06] ┇ INFO    ┇    DeepKNLP.gner.trainer ┇ [training]  91%|██████████████████▎ | 1305/1428 [0:26:42<0:02:37, 0.78Hz] | epoch=10.97, loss=0.034100
[02.12 01:52:11] ┇ INFO    ┇    DeepKNLP.gner.trainer ┇ [checking]   6%|█▏                  |  1/17 [0:00:00<0:00:00, 83808.33Hz]
[02.12 01:52:21] ┇ INFO    ┇    DeepKNLP.gner.trainer ┇ [checking]  24%|████▋               |  4/17 [0:00:10<0:00:35, 0.37Hz]
[02.12 01:52:34] ┇ INFO    ┇    DeepKNLP.gner.trainer ┇ [checking]  41%|████████▏           |  7/17 [0:00:22<0:00:32, 0.31Hz]
[02.12 01:52:44] ┇ INFO    ┇    DeepKNLP.gner.trainer ┇ [checking]  59%|███████████▊        | 10/17 [0:00:33<0:00:23, 0.30Hz]
[02.12 01:52:56] ┇ INFO    ┇    DeepKNLP.gner.trainer ┇ [checking]  76%|███████████████▎    | 13/17 [0:00:45<0:00:13, 0.29Hz]
[02.12 01:53:06] ┇ INFO    ┇    DeepKNLP.gner.trainer ┇ [checking]  94%|██████████████████▊ | 16/17 [0:00:55<0:00:03, 0.29Hz]
[02.12 01:53:12] ┇ INFO    ┇    DeepKNLP.gner.trainer ┇ [checking] 100%|████████████████████| 17/17 [0:00:59<0:00:00, 0.28Hz]
[02.12 01:53:12] ┇ INFO    ┇    DeepKNLP.gner.trainer ┇ [training]  92%|██████████████████▎ | 1309/1428 [0:27:48<0:02:58, 0.67Hz] | epoch=11.00, eval_average=0.3355
[02.12 01:53:12] ┇ INFO    ┇    DeepKNLP.gner.trainer ┇ [training]  92%|██████████████████▎ | 1310/1428 [0:27:49<0:02:59, 0.66Hz] | epoch=11.01, loss=0.033000
[02.12 01:53:13] ┇ INFO    ┇    DeepKNLP.gner.trainer ┇ [training]  92%|██████████████████▍ | 1315/1428 [0:27:50<0:02:26, 0.77Hz] | epoch=11.05, loss=0.032100
[02.12 01:53:15] ┇ INFO    ┇    DeepKNLP.gner.trainer ┇ [training]  92%|██████████████████▍ | 1320/1428 [0:27:51<0:02:19, 0.77Hz] | epoch=11.09, loss=0.032100
[02.12 01:53:16] ┇ INFO    ┇    DeepKNLP.gner.trainer ┇ [training]  93%|██████████████████▌ | 1325/1428 [0:27:52<0:02:13, 0.77Hz] | epoch=11.13, loss=0.032300
[02.12 01:53:17] ┇ INFO    ┇    DeepKNLP.gner.trainer ┇ [training]  93%|██████████████████▋ | 1330/1428 [0:27:54<0:02:06, 0.77Hz] | epoch=11.18, loss=0.031600
[02.12 01:53:19] ┇ INFO    ┇    DeepKNLP.gner.trainer ┇ [training]  93%|██████████████████▋ | 1335/1428 [0:27:55<0:02:00, 0.77Hz] | epoch=11.22, loss=0.034300
[02.12 01:53:20] ┇ INFO    ┇    DeepKNLP.gner.trainer ┇ [training]  94%|██████████████████▊ | 1340/1428 [0:27:56<0:01:53, 0.77Hz] | epoch=11.26, loss=0.032300
[02.12 01:53:21] ┇ INFO    ┇    DeepKNLP.gner.trainer ┇ [training]  94%|██████████████████▊ | 1345/1428 [0:27:57<0:01:47, 0.77Hz] | epoch=11.30, loss=0.036500
[02.12 01:53:22] ┇ INFO    ┇    DeepKNLP.gner.trainer ┇ [training]  95%|██████████████████▉ | 1350/1428 [0:27:59<0:01:40, 0.77Hz] | epoch=11.35, loss=0.030500
[02.12 01:53:23] ┇ INFO    ┇    DeepKNLP.gner.trainer ┇ [training]  95%|██████████████████▉ | 1355/1428 [0:28:00<0:01:34, 0.77Hz] | epoch=11.39, loss=0.032900
[02.12 01:53:25] ┇ INFO    ┇    DeepKNLP.gner.trainer ┇ [training]  95%|███████████████████ | 1360/1428 [0:28:01<0:01:27, 0.77Hz] | epoch=11.43, loss=0.030900
[02.12 01:53:26] ┇ INFO    ┇    DeepKNLP.gner.trainer ┇ [training]  96%|███████████████████ | 1365/1428 [0:28:02<0:01:21, 0.77Hz] | epoch=11.47, loss=0.030700
[02.12 01:53:31] ┇ INFO    ┇    DeepKNLP.gner.trainer ┇ [checking]   6%|█▏                  |  1/17 [0:00:00<0:00:00, 85748.43Hz]
[02.12 01:53:41] ┇ INFO    ┇    DeepKNLP.gner.trainer ┇ [checking]  24%|████▋               |  4/17 [0:00:10<0:00:34, 0.37Hz]
[02.12 01:53:53] ┇ INFO    ┇    DeepKNLP.gner.trainer ┇ [checking]  41%|████████▏           |  7/17 [0:00:22<0:00:32, 0.31Hz]
[02.12 01:54:04] ┇ INFO    ┇    DeepKNLP.gner.trainer ┇ [checking]  59%|███████████▊        | 10/17 [0:00:33<0:00:23, 0.30Hz]
[02.12 01:54:16] ┇ INFO    ┇    DeepKNLP.gner.trainer ┇ [checking]  76%|███████████████▎    | 13/17 [0:00:45<0:00:13, 0.29Hz]
[02.12 01:54:27] ┇ INFO    ┇    DeepKNLP.gner.trainer ┇ [checking]  94%|██████████████████▊ | 16/17 [0:00:56<0:00:03, 0.28Hz]
[02.12 01:54:32] ┇ INFO    ┇    DeepKNLP.gner.trainer ┇ [checking] 100%|████████████████████| 17/17 [0:01:00<0:00:00, 0.28Hz]
[02.12 01:54:32] ┇ INFO    ┇    DeepKNLP.gner.trainer ┇ [training]  96%|███████████████████▏| 1368/1428 [0:29:09<0:01:31, 0.66Hz] | epoch=11.50, eval_average=0.3995
[02.12 01:54:33] ┇ INFO    ┇    DeepKNLP.gner.trainer ┇ [training]  96%|███████████████████▏| 1370/1428 [0:29:09<0:01:28, 0.65Hz] | epoch=11.51, loss=0.032300
[02.12 01:54:34] ┇ INFO    ┇    DeepKNLP.gner.trainer ┇ [training]  96%|███████████████████▎| 1375/1428 [0:29:10<0:01:09, 0.76Hz] | epoch=11.55, loss=0.034100
[02.12 01:54:35] ┇ INFO    ┇    DeepKNLP.gner.trainer ┇ [training]  97%|███████████████████▎| 1380/1428 [0:29:12<0:01:02, 0.77Hz] | epoch=11.60, loss=0.033000
[02.12 01:54:37] ┇ INFO    ┇    DeepKNLP.gner.trainer ┇ [training]  97%|███████████████████▍| 1385/1428 [0:29:13<0:00:56, 0.77Hz] | epoch=11.64, loss=0.031600
[02.12 01:54:38] ┇ INFO    ┇    DeepKNLP.gner.trainer ┇ [training]  97%|███████████████████▍| 1390/1428 [0:29:14<0:00:49, 0.77Hz] | epoch=11.68, loss=0.031000
[02.12 01:54:39] ┇ INFO    ┇    DeepKNLP.gner.trainer ┇ [training]  98%|███████████████████▌| 1395/1428 [0:29:15<0:00:43, 0.77Hz] | epoch=11.72, loss=0.033500
[02.12 01:54:40] ┇ INFO    ┇    DeepKNLP.gner.trainer ┇ [training]  98%|███████████████████▌| 1400/1428 [0:29:17<0:00:36, 0.77Hz] | epoch=11.77, loss=0.031500
[02.12 01:54:42] ┇ INFO    ┇    DeepKNLP.gner.trainer ┇ [training]  98%|███████████████████▋| 1405/1428 [0:29:18<0:00:29, 0.77Hz] | epoch=11.81, loss=0.030000
[02.12 01:54:43] ┇ INFO    ┇    DeepKNLP.gner.trainer ┇ [training]  99%|███████████████████▋| 1410/1428 [0:29:19<0:00:23, 0.77Hz] | epoch=11.85, loss=0.032400
[02.12 01:54:44] ┇ INFO    ┇    DeepKNLP.gner.trainer ┇ [training]  99%|███████████████████▊| 1415/1428 [0:29:20<0:00:16, 0.77Hz] | epoch=11.89, loss=0.031700
[02.12 01:54:45] ┇ INFO    ┇    DeepKNLP.gner.trainer ┇ [training]  99%|███████████████████▉| 1420/1428 [0:29:22<0:00:10, 0.77Hz] | epoch=11.93, loss=0.029200
[02.12 01:54:46] ┇ INFO    ┇    DeepKNLP.gner.trainer ┇ [training] 100%|███████████████████▉| 1425/1428 [0:29:23<0:00:03, 0.77Hz] | epoch=11.97, loss=0.031500
[02.12 01:54:51] ┇ INFO    ┇    DeepKNLP.gner.trainer ┇ [checking]   6%|█▏                  |  1/17 [0:00:00<0:00:00, 74543.40Hz]
[02.12 01:55:02] ┇ INFO    ┇    DeepKNLP.gner.trainer ┇ [checking]  24%|████▋               |  4/17 [0:00:10<0:00:34, 0.38Hz]
[02.12 01:55:13] ┇ INFO    ┇    DeepKNLP.gner.trainer ┇ [checking]  41%|████████▏           |  7/17 [0:00:22<0:00:31, 0.32Hz]
[02.12 01:55:25] ┇ INFO    ┇    DeepKNLP.gner.trainer ┇ [checking]  59%|███████████▊        | 10/17 [0:00:33<0:00:23, 0.30Hz]
[02.12 01:55:36] ┇ INFO    ┇    DeepKNLP.gner.trainer ┇ [checking]  76%|███████████████▎    | 13/17 [0:00:44<0:00:13, 0.29Hz]
[02.12 01:55:46] ┇ INFO    ┇    DeepKNLP.gner.trainer ┇ [checking]  94%|██████████████████▊ | 16/17 [0:00:55<0:00:03, 0.29Hz]
[02.12 01:55:52] ┇ INFO    ┇    DeepKNLP.gner.trainer ┇ [checking] 100%|████████████████████| 17/17 [0:00:59<0:00:00, 0.29Hz]
[02.12 01:55:52] ┇ INFO    ┇    DeepKNLP.gner.trainer ┇ [training] 100%|████████████████████| 1428/1428 [0:30:29<0:00:00, 0.66Hz] | epoch=12.00, eval_average=0.4439
[02.12 01:55:52] ┇ INFO    ┇    DeepKNLP.gner.trainer ┇ [training] 100%|████████████████████| 1428/1428 [0:30:29<0:00:00, 0.66Hz] | epoch=12.00, train_loss=0.1025, total_pflos=16.164
[02.12 01:55:52] ┇ INFO    ┇    DeepKNLP.gner.trainer ┇ -----------------------------------------------------------------------------------------------------------------------------------------
[02.12 01:55:52] ┇ INFO    ┇                 DeepKNLP ┇ Train output metrics: {'train_runtime': 1829.1282, 'train_samples_per_second': 24.812, 'train_steps_per_second': 0.781, 'total_flos': 1.6163740139388928e+16, 'train_loss': 0.10254637133173582, 'epoch': 12.0}
[02.12 01:55:53] ┇ INFO    ┇           chrisbase.data ┇ =========================================================================================================================================
[02.12 01:55:53] ┇ INFO    ┇           chrisbase.data ┇ [EXIT] python task2-nerG-trainer.py --local_rank=0 --trainer_deepspeed configs/deepspeed/ds2_t5.json --run_version FlanT5-Base-WQ=4,3 --pretrained google/flan-t5-base --eval_epochs 0.5 --logging_steps 5 --num_train_epochs 12 --per_device_eval_batch_size 50 --per_device_train_batch_size 8 --gradient_accumulation_steps 1 --generation_max_length 640 --eval_file data/gner/each-sampled-WQ=4,3/crossner_ai-dev=100-WQ=4,3.jsonl --train_file data/gner/each-WQ=4,3/crossner_ai-train-WQ=4,3.jsonl --output_file train-metrics-crossner_ai-12ep.csv --logging_file train-loggings-crossner_ai-12ep.out --no_use_flash_attention --no_debugging ($=00:30:40.991)
[02.12 01:55:53] ┇ INFO    ┇           chrisbase.data ┇ =========================================================================================================================================
[02.12 01:55:53] ┇ INFO    ┇ torch._inductor.remote_cache ┇ Cache Metrics: None

[02.12 01:55:53] ┇ INFO    ┇ torch._dynamo.eval_frame ┇ TorchDynamo attempted to trace the following frames: [

]
[02.12 01:55:53] ┇ INFO    ┇      torch._dynamo.utils ┇ TorchDynamo compilation metrics:
Function    Runtimes (s)
----------  --------------
[02.12 01:55:53] ┇ INFO    ┇ torch._subclasses.fake_tensor ┇ FakeTensor cache stats:
[02.12 01:55:53] ┇ INFO    ┇ torch._subclasses.fake_tensor ┇   cache_hits: 0
[02.12 01:55:53] ┇ INFO    ┇ torch._subclasses.fake_tensor ┇   cache_misses: 0
[02.12 01:55:53] ┇ INFO    ┇ torch._inductor.remote_cache ┇ Cache Metrics: None

[02.12 01:55:53] ┇ INFO    ┇ torch._dynamo.eval_frame ┇ TorchDynamo attempted to trace the following frames: [

]
[02.12 01:55:53] ┇ INFO    ┇      torch._dynamo.utils ┇ TorchDynamo compilation metrics:
Function    Runtimes (s)
----------  --------------
[02.12 01:55:53] ┇ INFO    ┇ torch._subclasses.fake_tensor ┇ FakeTensor cache stats:
[02.12 01:55:53] ┇ INFO    ┇ torch._subclasses.fake_tensor ┇   cache_hits: 0
[02.12 01:55:53] ┇ INFO    ┇ torch._subclasses.fake_tensor ┇   cache_misses: 0
[02.12 01:55:53] ┇ INFO    ┇ torch._inductor.remote_cache ┇ Cache Metrics: None

[02.12 01:55:53] ┇ INFO    ┇ torch._dynamo.eval_frame ┇ TorchDynamo attempted to trace the following frames: [

]
[02.12 01:55:53] ┇ INFO    ┇      torch._dynamo.utils ┇ TorchDynamo compilation metrics:
Function    Runtimes (s)
----------  --------------
[02.12 01:55:53] ┇ INFO    ┇ torch._subclasses.fake_tensor ┇ FakeTensor cache stats:
[02.12 01:55:53] ┇ INFO    ┇ torch._subclasses.fake_tensor ┇   cache_hits: 0
[02.12 01:55:53] ┇ INFO    ┇ torch._subclasses.fake_tensor ┇   cache_misses: 0
[02.12 01:55:53] ┇ INFO    ┇ torch._inductor.remote_cache ┇ Cache Metrics: None

[02.12 01:55:53] ┇ INFO    ┇ torch._dynamo.eval_frame ┇ TorchDynamo attempted to trace the following frames: [

]
[02.12 01:55:53] ┇ INFO    ┇      torch._dynamo.utils ┇ TorchDynamo compilation metrics:
Function    Runtimes (s)
----------  --------------
[02.12 01:55:53] ┇ INFO    ┇ torch._subclasses.fake_tensor ┇ FakeTensor cache stats:
[02.12 01:55:53] ┇ INFO    ┇ torch._subclasses.fake_tensor ┇   cache_hits: 0
[02.12 01:55:53] ┇ INFO    ┇ torch._subclasses.fake_tensor ┇   cache_misses: 0
