[12.24 15:07:58] ┇    task2-nerG-no-trainer2.py:242  ┇ Process rank: 3, device: cuda:3, n_gpu: 1, distributed training: True, 16-bits training: True
[12.24 15:07:58] ┇    task2-nerG-no-trainer2.py:242  ┇ Process rank: 2, device: cuda:2, n_gpu: 1, distributed training: True, 16-bits training: True
[12.24 15:07:58] ┇    task2-nerG-no-trainer2.py:242  ┇ Process rank: 1, device: cuda:1, n_gpu: 1, distributed training: True, 16-bits training: True
[12.24 15:07:58] ┇    task2-nerG-no-trainer2.py:242  ┇ Process rank: 0, device: cuda:0, n_gpu: 1, distributed training: True, 16-bits training: True
[12.24 15:07:58] ┇    task2-nerG-no-trainer2.py:246  ┇ Training/evaluation parameters Seq2SeqTrainingArguments(
_n_gpu=1,
accelerator_config={'split_batches': False, 'dispatch_batches': None, 'even_batches': True, 'use_seedable_sampler': True, 'non_blocking': False, 'gradient_accumulation_kwargs': None, 'use_configured_state': False},
adafactor=False,
adam_beta1=0.9,
adam_beta2=0.999,
adam_epsilon=1e-08,
auto_find_batch_size=False,
average_tokens_across_devices=False,
batch_eval_metrics=False,
bf16=True,
bf16_full_eval=False,
data_seed=7,
dataloader_drop_last=False,
dataloader_num_workers=4,
dataloader_persistent_workers=False,
dataloader_pin_memory=True,
dataloader_prefetch_factor=None,
ddp_backend=None,
ddp_broadcast_buffers=None,
ddp_bucket_cap_mb=None,
ddp_find_unused_parameters=None,
ddp_timeout=1800,
debug=[],
deepspeed=None,
disable_tqdm=False,
dispatch_batches=None,
do_eval=False,
do_predict=False,
do_train=True,
eval_accumulation_steps=None,
eval_delay=0,
eval_do_concat_batches=True,
eval_on_start=False,
eval_steps=None,
eval_strategy=IntervalStrategy.NO,
eval_use_gather_object=False,
evaluation_strategy=None,
fp16=True,
fp16_backend=auto,
fp16_full_eval=False,
fp16_opt_level=O1,
fsdp=[],
fsdp_config={'min_num_params': 0, 'xla': False, 'xla_fsdp_v2': False, 'xla_fsdp_grad_ckpt': False},
fsdp_min_num_params=0,
fsdp_transformer_layer_cls_to_wrap=None,
full_determinism=False,
generation_config=None,
generation_max_length=None,
generation_num_beams=None,
gradient_accumulation_steps=1,
gradient_checkpointing=False,
gradient_checkpointing_kwargs=None,
greater_is_better=None,
group_by_length=False,
half_precision_backend=auto,
hub_always_push=False,
hub_model_id=None,
hub_private_repo=False,
hub_strategy=HubStrategy.EVERY_SAVE,
hub_token=<HUB_TOKEN>,
ignore_data_skip=False,
include_for_metrics=[],
include_inputs_for_metrics=False,
include_num_input_tokens_seen=False,
include_tokens_per_second=False,
jit_mode_eval=False,
label_names=None,
label_smoothing_factor=0.0,
learning_rate=2e-05,
length_column_name=length,
load_best_model_at_end=False,
local_rank=0,
log_level=info,
log_level_replica=warning,
log_on_each_node=True,
logging_dir=output/GNER/version_4/runs/Dec24_15-07-58_dgx-a100,
logging_first_step=False,
logging_nan_inf_filter=True,
logging_steps=500,
logging_strategy=IntervalStrategy.STEPS,
lr_scheduler_kwargs={},
lr_scheduler_type=SchedulerType.LINEAR,
max_grad_norm=1.0,
max_steps=-1,
metric_for_best_model=None,
mp_parameters=,
neftune_noise_alpha=None,
no_cuda=False,
num_train_epochs=1,
optim=OptimizerNames.ADAMW_TORCH,
optim_args=None,
optim_target_modules=None,
output_dir=output/GNER/version_4,
overwrite_output_dir=True,
past_index=-1,
per_device_eval_batch_size=1,
per_device_train_batch_size=1,
predict_with_generate=False,
prediction_loss_only=False,
push_to_hub=False,
push_to_hub_model_id=None,
push_to_hub_organization=None,
push_to_hub_token=<PUSH_TO_HUB_TOKEN>,
ray_scope=last,
remove_unused_columns=True,
report_to=['tensorboard'],
restore_callback_states_from_checkpoint=False,
resume_from_checkpoint=None,
run_name=output/GNER/version_4,
save_on_each_node=False,
save_only_model=False,
save_safetensors=True,
save_steps=500,
save_strategy=IntervalStrategy.STEPS,
save_total_limit=None,
seed=7,
skip_memory_metrics=True,
sortish_sampler=False,
split_batches=None,
tf32=None,
torch_compile=False,
torch_compile_backend=None,
torch_compile_mode=None,
torch_empty_cache_steps=None,
torchdynamo=None,
tpu_metrics_debug=False,
tpu_num_cores=None,
use_cpu=False,
use_ipex=False,
use_legacy_prediction_loop=False,
use_liger_kernel=False,
use_mps_device=False,
warmup_ratio=0.0,
warmup_steps=0,
weight_decay=0.0,
)
[12.24 15:07:58] ┇                      data.py:793  ┇ =========================================================================================================================================
[12.24 15:07:58] ┇                      data.py:795  ┇ [INIT] python /raid/chrisjihee/proj/DeepKNLP/chrisbase/src/chrisbase/data.py train
[12.24 15:07:58] ┇                      data.py:798  ┇ =========================================================================================================================================
[12.24 15:07:59] ┇                      seed.py:57   ┇ [rank: 3] Seed set to 7
[12.24 15:07:59] ┇                      seed.py:57   ┇ [rank: 2] Seed set to 7
[12.24 15:07:59] ┇                      seed.py:57   ┇ [rank: 1] Seed set to 7
[12.24 15:07:59] ┇                      data.py:124  ┇ -----+-----------------------------+----------------------------------------------------------------
[12.24 15:07:59] ┇                      data.py:124  ┇    # | TrainingArguments           | value
[12.24 15:07:59] ┇                      data.py:124  ┇ -----+-----------------------------+----------------------------------------------------------------
[12.24 15:07:59] ┇                      data.py:124  ┇    1 | env.hostname                | dgx-a100
[12.24 15:07:59] ┇                      data.py:124  ┇    2 | env.hostaddr                | 129.254.23.12
[12.24 15:07:59] ┇                      data.py:124  ┇    3 | env.global_rank             | 0
[12.24 15:07:59] ┇                      data.py:124  ┇    4 | env.local_rank              | 0
[12.24 15:07:59] ┇                      data.py:124  ┇    5 | env.node_rank               | 0
[12.24 15:07:59] ┇                      data.py:124  ┇    6 | env.world_size              | 4
[12.24 15:07:59] ┇                      data.py:124  ┇    7 | env.time_stamp              | 1224.150736
[12.24 15:07:59] ┇                      data.py:124  ┇    8 | env.python_path             | /raid/chrisjihee/miniforge3/envs/GNER/bin/python
[12.24 15:07:59] ┇                      data.py:124  ┇    9 | env.current_dir             | /raid/chrisjihee/proj/DeepKNLP
[12.24 15:07:59] ┇                      data.py:124  ┇   10 | env.current_file            | /raid/chrisjihee/proj/DeepKNLP/chrisbase/src/chrisbase/data.py
[12.24 15:07:59] ┇                      data.py:124  ┇   11 | env.command_args            | ['train']
[12.24 15:07:59] ┇                      data.py:124  ┇   12 | env.logging_home            | /raid/chrisjihee/proj/DeepKNLP/output/GNER/version_4
[12.24 15:07:59] ┇                      data.py:124  ┇   13 | env.logging_file            | train-messages.out
[12.24 15:07:59] ┇                      data.py:124  ┇   14 | env.logging_level           | info
[12.24 15:07:59] ┇                      data.py:124  ┇   15 | env.logging_format          | %(asctime)s ┇ %(filename)28s:%(lineno)-4d ┇ %(message)s
[12.24 15:07:59] ┇                      data.py:124  ┇   16 | env.datetime_format         | [%m.%d %H:%M:%S]
[12.24 15:07:59] ┇                      data.py:124  ┇   17 | env.argument_file           | train-arguments.json
[12.24 15:07:59] ┇                      data.py:124  ┇   18 | env.random_seed             | 7
[12.24 15:07:59] ┇                      data.py:124  ┇   19 | env.max_workers             | 4
[12.24 15:07:59] ┇                      data.py:124  ┇   20 | env.debugging               | False
[12.24 15:07:59] ┇                      data.py:124  ┇   21 | time.t1                     | 2024-12-24 15:07:59.085854
[12.24 15:07:59] ┇                      data.py:124  ┇   22 | time.t2                     | 2024-12-24 15:07:36.396710
[12.24 15:07:59] ┇                      data.py:124  ┇   23 | time.started                | [12.24 15:07:59]
[12.24 15:07:59] ┇                      data.py:124  ┇   24 | time.settled                |
[12.24 15:07:59] ┇                      data.py:124  ┇   25 | time.elapsed                |
[12.24 15:07:59] ┇                      data.py:124  ┇   26 | input.pretrained            | google/flan-t5-xl
[12.24 15:07:59] ┇                      data.py:124  ┇   27 | input.train_file            | data/gner/zero-shot-train.jsonl
[12.24 15:07:59] ┇                      data.py:124  ┇   28 | input.study_file            |
[12.24 15:07:59] ┇                      data.py:124  ┇   29 | input.eval_file             |
[12.24 15:07:59] ┇                      data.py:124  ┇   30 | input.test_file             |
[12.24 15:07:59] ┇                      data.py:124  ┇   31 | input.max_train_samples     | 100
[12.24 15:07:59] ┇                      data.py:124  ┇   32 | input.max_study_samples     | -1
[12.24 15:07:59] ┇                      data.py:124  ┇   33 | input.max_eval_samples      | -1
[12.24 15:07:59] ┇                      data.py:124  ┇   34 | input.max_test_samples      | -1
[12.24 15:07:59] ┇                      data.py:124  ┇   35 | input.max_source_length     | 640
[12.24 15:07:59] ┇                      data.py:124  ┇   36 | input.max_target_length     | 640
[12.24 15:07:59] ┇                      data.py:124  ┇   37 | input.max_generation_length | 640
[12.24 15:07:59] ┇                      data.py:124  ┇   38 | input.use_cache_data        | True
[12.24 15:07:59] ┇                      data.py:124  ┇   39 | learn.output_home           | output
[12.24 15:07:59] ┇                      data.py:124  ┇   40 | learn.output_name           | GNER
[12.24 15:07:59] ┇                      data.py:124  ┇   41 | learn.run_version           |
[12.24 15:07:59] ┇                      data.py:124  ┇   42 | learn.num_train_epochs      | 1
[12.24 15:07:59] ┇                      data.py:124  ┇   43 | learn.learning_rate         | 2e-05
[12.24 15:07:59] ┇                      data.py:124  ┇   44 | learn.weight_decay          | 0.0
[12.24 15:07:59] ┇                      data.py:124  ┇   45 | learn.train_batch           | 1
[12.24 15:07:59] ┇                      data.py:124  ┇   46 | learn.infer_batch           | 1
[12.24 15:07:59] ┇                      data.py:124  ┇   47 | learn.grad_steps            | 1
[12.24 15:07:59] ┇                      data.py:124  ┇   48 | learn.eval_steps            | 1
[12.24 15:07:59] ┇                      data.py:124  ┇   49 | learn.num_device            | 4
[12.24 15:07:59] ┇                      data.py:124  ┇   50 | learn.device_idx            | 0
[12.24 15:07:59] ┇                      data.py:124  ┇   51 | learn.device_type           | gpu
[12.24 15:07:59] ┇                      data.py:124  ┇   52 | learn.precision             | bf16-mixed
[12.24 15:07:59] ┇                      data.py:124  ┇   53 | learn.strategy              | deepspeed
[12.24 15:07:59] ┇                      data.py:124  ┇   54 | learn.ds_stage              | 1
[12.24 15:07:59] ┇                      data.py:124  ┇   55 | learn.ds_offload            | 0
[12.24 15:07:59] ┇                      data.py:124  ┇   56 | learn.fsdp_shard            | FULL_SHARD
[12.24 15:07:59] ┇                      data.py:124  ┇   57 | learn.fsdp_offload          | False
[12.24 15:07:59] ┇                      data.py:124  ┇   58 | learn.devices               | 4
[12.24 15:07:59] ┇                      data.py:124  ┇ -----+-----------------------------+----------------------------------------------------------------
[12.24 15:07:59] ┇                      seed.py:57   ┇ [rank: 0] Seed set to 7
[12.24 15:07:59] ┇       configuration_utils.py:679  ┇ loading configuration file config.json from cache at /raid/chrisjihee/.cache/huggingface/hub/models--google--flan-t5-xl/snapshots/7d6315df2c2fb742f0f5b556879d730926ca9001/config.json
[12.24 15:07:59] ┇       configuration_utils.py:746  ┇ Model config T5Config {
  "_name_or_path": "google/flan-t5-xl",
  "architectures": [
    "T5ForConditionalGeneration"
  ],
  "classifier_dropout": 0.0,
  "d_ff": 5120,
  "d_kv": 64,
  "d_model": 2048,
  "decoder_start_token_id": 0,
  "dense_act_fn": "gelu_new",
  "dropout_rate": 0.1,
  "eos_token_id": 1,
  "feed_forward_proj": "gated-gelu",
  "initializer_factor": 1.0,
  "is_encoder_decoder": true,
  "is_gated_act": true,
  "layer_norm_epsilon": 1e-06,
  "model_type": "t5",
  "n_positions": 512,
  "num_decoder_layers": 24,
  "num_heads": 32,
  "num_layers": 24,
  "output_past": true,
  "pad_token_id": 0,
  "relative_attention_max_distance": 128,
  "relative_attention_num_buckets": 32,
  "task_specific_params": {
    "summarization": {
      "early_stopping": true,
      "length_penalty": 2.0,
      "max_length": 200,
      "min_length": 30,
      "no_repeat_ngram_size": 3,
      "num_beams": 4,
      "prefix": "summarize: "
    },
    "translation_en_to_de": {
      "early_stopping": true,
      "max_length": 300,
      "num_beams": 4,
      "prefix": "translate English to German: "
    },
    "translation_en_to_fr": {
      "early_stopping": true,
      "max_length": 300,
      "num_beams": 4,
      "prefix": "translate English to French: "
    },
    "translation_en_to_ro": {
      "early_stopping": true,
      "max_length": 300,
      "num_beams": 4,
      "prefix": "translate English to Romanian: "
    }
  },
  "tie_word_embeddings": false,
  "torch_dtype": "float32",
  "transformers_version": "4.46.3",
  "use_cache": true,
  "vocab_size": 32128
}

[12.24 15:07:59] ┇   tokenization_utils_base.py:2211 ┇ loading file spiece.model from cache at /raid/chrisjihee/.cache/huggingface/hub/models--google--flan-t5-xl/snapshots/7d6315df2c2fb742f0f5b556879d730926ca9001/spiece.model
[12.24 15:07:59] ┇   tokenization_utils_base.py:2211 ┇ loading file tokenizer.json from cache at /raid/chrisjihee/.cache/huggingface/hub/models--google--flan-t5-xl/snapshots/7d6315df2c2fb742f0f5b556879d730926ca9001/tokenizer.json
[12.24 15:07:59] ┇   tokenization_utils_base.py:2211 ┇ loading file added_tokens.json from cache at None
[12.24 15:07:59] ┇   tokenization_utils_base.py:2211 ┇ loading file special_tokens_map.json from cache at /raid/chrisjihee/.cache/huggingface/hub/models--google--flan-t5-xl/snapshots/7d6315df2c2fb742f0f5b556879d730926ca9001/special_tokens_map.json
[12.24 15:07:59] ┇   tokenization_utils_base.py:2211 ┇ loading file tokenizer_config.json from cache at /raid/chrisjihee/.cache/huggingface/hub/models--google--flan-t5-xl/snapshots/7d6315df2c2fb742f0f5b556879d730926ca9001/tokenizer_config.json
[12.24 15:07:59] ┇    task2-nerG-no-trainer2.py:261  ┇ tokenizer.pad_token=<pad> (id=0)
[12.24 15:07:59] ┇    task2-nerG-no-trainer2.py:262  ┇ tokenizer.eos_token=</s> (id=1)
[12.24 15:07:59] ┇            modeling_utils.py:3937 ┇ loading weights file model.safetensors from cache at /raid/chrisjihee/.cache/huggingface/hub/models--google--flan-t5-xl/snapshots/7d6315df2c2fb742f0f5b556879d730926ca9001/model.safetensors.index.json
[12.24 15:07:59] ┇       configuration_utils.py:1096 ┇ Generate config GenerationConfig {
  "decoder_start_token_id": 0,
  "eos_token_id": 1,
  "pad_token_id": 0
}

[12.24 15:08:00] ┇            modeling_utils.py:4800 ┇ All model checkpoint weights were used when initializing T5ForConditionalGeneration.

[12.24 15:08:00] ┇            modeling_utils.py:4808 ┇ All the weights of T5ForConditionalGeneration were initialized from the model checkpoint at google/flan-t5-xl.
If your task is similar to the task the model of the checkpoint was trained on, you can already use T5ForConditionalGeneration for predictions without further training.
[12.24 15:08:00] ┇       configuration_utils.py:1051 ┇ loading configuration file generation_config.json from cache at /raid/chrisjihee/.cache/huggingface/hub/models--google--flan-t5-xl/snapshots/7d6315df2c2fb742f0f5b556879d730926ca9001/generation_config.json
[12.24 15:08:00] ┇       configuration_utils.py:1096 ┇ Generate config GenerationConfig {
  "decoder_start_token_id": 0,
  "eos_token_id": 1,
  "pad_token_id": 0
}

[12.24 15:08:01] ┇                   builder.py:609  ┇ Using custom data configuration default-bab2e02a90e2ed76
[12.24 15:08:01] ┇                   builder.py:609  ┇ Using custom data configuration default-bab2e02a90e2ed76
[12.24 15:08:01] ┇                      info.py:355  ┇ Loading Dataset Infos from /raid/chrisjihee/miniforge3/envs/GNER/lib/python3.11/site-packages/datasets/packaged_modules/json
[12.24 15:08:01] ┇                      info.py:355  ┇ Loading Dataset Infos from /raid/chrisjihee/miniforge3/envs/GNER/lib/python3.11/site-packages/datasets/packaged_modules/json
[12.24 15:08:01] ┇                   builder.py:393  ┇ Overwrite dataset info from restored data version if exists.
[12.24 15:08:01] ┇                   builder.py:393  ┇ Overwrite dataset info from restored data version if exists.
[12.24 15:08:01] ┇                      info.py:274  ┇ Loading Dataset info from data/gner/.cache/json/default-bab2e02a90e2ed76/0.0.0/f4e89e8750d5d5ffbef2c078bf0ddfedef29dc2faff52a6255cf513c05eb1092
[12.24 15:08:01] ┇                      info.py:274  ┇ Loading Dataset info from data/gner/.cache/json/default-bab2e02a90e2ed76/0.0.0/f4e89e8750d5d5ffbef2c078bf0ddfedef29dc2faff52a6255cf513c05eb1092
[12.24 15:08:01] ┇                   builder.py:863  ┇ Found cached dataset json (/raid/chrisjihee/proj/DeepKNLP/data/gner/.cache/json/default-bab2e02a90e2ed76/0.0.0/f4e89e8750d5d5ffbef2c078bf0ddfedef29dc2faff52a6255cf513c05eb1092)
[12.24 15:08:01] ┇                   builder.py:863  ┇ Found cached dataset json (/raid/chrisjihee/proj/DeepKNLP/data/gner/.cache/json/default-bab2e02a90e2ed76/0.0.0/f4e89e8750d5d5ffbef2c078bf0ddfedef29dc2faff52a6255cf513c05eb1092)
[12.24 15:08:01] ┇                      info.py:274  ┇ Loading Dataset info from /raid/chrisjihee/proj/DeepKNLP/data/gner/.cache/json/default-bab2e02a90e2ed76/0.0.0/f4e89e8750d5d5ffbef2c078bf0ddfedef29dc2faff52a6255cf513c05eb1092
[12.24 15:08:01] ┇                      info.py:274  ┇ Loading Dataset info from /raid/chrisjihee/proj/DeepKNLP/data/gner/.cache/json/default-bab2e02a90e2ed76/0.0.0/f4e89e8750d5d5ffbef2c078bf0ddfedef29dc2faff52a6255cf513c05eb1092
[12.24 15:08:01] ┇             arrow_dataset.py:3064 ┇ Loading cached processed dataset at /raid/chrisjihee/proj/DeepKNLP/data/gner/.cache/json/default-bab2e02a90e2ed76/0.0.0/f4e89e8750d5d5ffbef2c078bf0ddfedef29dc2faff52a6255cf513c05eb1092/cache-ba75849b3579ebdd.arrow
[12.24 15:08:01] ┇             arrow_dataset.py:3064 ┇ Loading cached processed dataset at /raid/chrisjihee/proj/DeepKNLP/data/gner/.cache/json/default-bab2e02a90e2ed76/0.0.0/f4e89e8750d5d5ffbef2c078bf0ddfedef29dc2faff52a6255cf513c05eb1092/cache-ba75849b3579ebdd.arrow
[12.24 15:08:01] ┇    task2-nerG-no-trainer2.py:291  ┇ Load train dataset from data/gner/zero-shot-train.jsonl => 100
[12.24 15:08:01] ┇    task2-nerG-no-trainer2.py:319  ┇ ----------------------------------------------------------------------------------------------------
[12.24 15:08:01] ┇             arrow_dataset.py:3097 ┇ Process #0 will write at data/gner/.cache/zero-shot-train=100_00000_of_00004.tmp
[12.24 15:08:01] ┇             arrow_dataset.py:3097 ┇ Process #0 will write at data/gner/.cache/zero-shot-train=100_00000_of_00004.tmp
[12.24 15:08:01] ┇             arrow_dataset.py:3097 ┇ Process #1 will write at data/gner/.cache/zero-shot-train=100_00001_of_00004.tmp
[12.24 15:08:01] ┇             arrow_dataset.py:3097 ┇ Process #1 will write at data/gner/.cache/zero-shot-train=100_00001_of_00004.tmp
[12.24 15:08:01] ┇             arrow_dataset.py:3097 ┇ Process #2 will write at data/gner/.cache/zero-shot-train=100_00002_of_00004.tmp
[12.24 15:08:01] ┇             arrow_dataset.py:3097 ┇ Process #2 will write at data/gner/.cache/zero-shot-train=100_00002_of_00004.tmp
[12.24 15:08:01] ┇             arrow_dataset.py:3097 ┇ Process #3 will write at data/gner/.cache/zero-shot-train=100_00003_of_00004.tmp
[12.24 15:08:01] ┇             arrow_dataset.py:3097 ┇ Process #3 will write at data/gner/.cache/zero-shot-train=100_00003_of_00004.tmp
[12.24 15:08:01] ┇             arrow_dataset.py:3178 ┇ Loading cached processed dataset at data/gner/.cache/zero-shot-train=100_*_of_00004.tmp
[12.24 15:08:01] ┇             arrow_dataset.py:3178 ┇ Loading cached processed dataset at data/gner/.cache/zero-shot-train=100_*_of_00004.tmp
[12.24 15:08:01] ┇             arrow_dataset.py:3182 ┇ Concatenating 4 shards
[12.24 15:08:01] ┇             arrow_dataset.py:3182 ┇ Concatenating 4 shards
[12.24 15:08:01] ┇    task2-nerG-no-trainer2.py:491  ┇ ----------------------------------------------------------------------------------------------------
[12.24 15:08:19] ┇               c10d_logger.py:94   ┇ {'func_name': 'new_group', 'args': '(range(0, 4),), {}', 'pg_name': 'None', 'backend': 'nccl', 'world_size': '4', 'group_size': '4', 'global_rank': '3', 'local_rank': '3', 'nccl_version': '2.20.5', 'time_spent': '703680ns'}
[12.24 15:08:19] ┇               c10d_logger.py:94   ┇ {'func_name': 'new_group', 'args': '(range(0, 4),), {}', 'pg_name': 'None', 'backend': 'nccl', 'world_size': '4', 'group_size': '4', 'global_rank': '2', 'local_rank': '2', 'nccl_version': '2.20.5', 'time_spent': '956208ns'}
[12.24 15:08:19] ┇               c10d_logger.py:94   ┇ {'func_name': 'new_group', 'args': '(range(0, 4),), {}', 'pg_name': 'None', 'backend': 'nccl', 'world_size': '4', 'group_size': '4', 'global_rank': '0', 'local_rank': '0', 'nccl_version': '2.20.5', 'time_spent': '731022ns'}
[12.24 15:08:22] ┇               c10d_logger.py:94   ┇ {'func_name': 'new_group', 'args': '(range(0, 4),), {}', 'pg_name': 'None', 'backend': 'nccl', 'world_size': '4', 'group_size': '4', 'global_rank': '1', 'local_rank': '1', 'nccl_version': '2.20.5', 'time_spent': '747823ns'}
[12.24 15:08:37] ┇    task2-nerG-no-trainer2.py:589  ┇ Epoch 1/1
[12.24 15:08:40] ┇                   logging.py:328  ┇ Passing a tuple of `past_key_values` is deprecated and will be removed in Transformers v4.48.0. You should pass an instance of `EncoderDecoderCache` instead, e.g. `past_key_values=EncoderDecoderCache.from_legacy_cache(past_key_values)`.
[12.24 15:08:40] ┇                   logging.py:328  ┇ Passing a tuple of `past_key_values` is deprecated and will be removed in Transformers v4.48.0. You should pass an instance of `EncoderDecoderCache` instead, e.g. `past_key_values=EncoderDecoderCache.from_legacy_cache(past_key_values)`.
[12.24 15:08:40] ┇                   logging.py:328  ┇ Passing a tuple of `past_key_values` is deprecated and will be removed in Transformers v4.48.0. You should pass an instance of `EncoderDecoderCache` instead, e.g. `past_key_values=EncoderDecoderCache.from_legacy_cache(past_key_values)`.
[12.24 15:08:40] ┇                   logging.py:328  ┇ Passing a tuple of `past_key_values` is deprecated and will be removed in Transformers v4.48.0. You should pass an instance of `EncoderDecoderCache` instead, e.g. `past_key_values=EncoderDecoderCache.from_legacy_cache(past_key_values)`.
[12.24 15:08:43] ┇    task2-nerG-no-trainer2.py:601  ┇ Step 1/25: loss=1.2344, M=24
[12.24 15:08:46] ┇    task2-nerG-no-trainer2.py:601  ┇ Step 2/25: loss=1.4766, M=25
[12.24 15:08:49] ┇    task2-nerG-no-trainer2.py:601  ┇ Step 3/25: loss=0.9453, M=25
[12.24 15:08:52] ┇    task2-nerG-no-trainer2.py:601  ┇ Step 4/25: loss=0.6055, M=25
[12.24 15:08:54] ┇    task2-nerG-no-trainer2.py:601  ┇ Step 5/25: loss=0.6523, M=25
[12.24 15:08:55] ┇    task2-nerG-no-trainer2.py:601  ┇ Step 6/25: loss=0.4844, M=25
[12.24 15:08:57] ┇    task2-nerG-no-trainer2.py:601  ┇ Step 7/25: loss=0.6406, M=25
[12.24 15:08:57] ┇    task2-nerG-no-trainer2.py:601  ┇ Step 8/25: loss=0.6367, M=25
[12.24 15:08:58] ┇    task2-nerG-no-trainer2.py:601  ┇ Step 9/25: loss=0.3867, M=25
[12.24 15:09:00] ┇    task2-nerG-no-trainer2.py:601  ┇ Step 10/25: loss=0.9883, M=25
[12.24 15:09:00] ┇    task2-nerG-no-trainer2.py:601  ┇ Step 11/25: loss=0.5391, M=25
[12.24 15:09:03] ┇    task2-nerG-no-trainer2.py:601  ┇ Step 12/25: loss=0.3164, M=25
[12.24 15:09:03] ┇    task2-nerG-no-trainer2.py:601  ┇ Step 13/25: loss=0.3574, M=25
[12.24 15:09:06] ┇    task2-nerG-no-trainer2.py:601  ┇ Step 14/25: loss=0.3398, M=25
[12.24 15:09:06] ┇    task2-nerG-no-trainer2.py:601  ┇ Step 15/25: loss=0.2451, M=25
[12.24 15:09:06] ┇    task2-nerG-no-trainer2.py:601  ┇ Step 16/25: loss=0.4668, M=25
[12.24 15:09:09] ┇    task2-nerG-no-trainer2.py:601  ┇ Step 17/25: loss=0.3887, M=25
[12.24 15:09:09] ┇    task2-nerG-no-trainer2.py:601  ┇ Step 18/25: loss=0.1836, M=25
[12.24 15:09:09] ┇    task2-nerG-no-trainer2.py:601  ┇ Step 19/25: loss=0.2090, M=25
[12.24 15:09:10] ┇    task2-nerG-no-trainer2.py:601  ┇ Step 20/25: loss=0.2041, M=25
[12.24 15:09:10] ┇    task2-nerG-no-trainer2.py:601  ┇ Step 21/25: loss=0.2021, M=25
[12.24 15:09:10] ┇    task2-nerG-no-trainer2.py:601  ┇ Step 22/25: loss=0.2539, M=25
[12.24 15:09:11] ┇    task2-nerG-no-trainer2.py:601  ┇ Step 23/25: loss=0.2949, M=25
[12.24 15:09:11] ┇    task2-nerG-no-trainer2.py:601  ┇ Step 24/25: loss=0.3516, M=25
[12.24 15:09:11] ┇    task2-nerG-no-trainer2.py:601  ┇ Step 25/25: loss=0.0586, M=25
[12.24 15:09:12] ┇                      data.py:829  ┇ =========================================================================================================================================
[12.24 15:09:12] ┇                      data.py:831  ┇ [EXIT] python /raid/chrisjihee/proj/DeepKNLP/chrisbase/src/chrisbase/data.py train ($=00:01:12.752)
[12.24 15:09:12] ┇                      data.py:834  ┇ =========================================================================================================================================
