[02.05 03:37:09] ┇ INFO    ┇           chrisbase.data ┇ =========================================================================================================================================
[02.05 03:37:09] ┇ INFO    ┇           chrisbase.data ┇ [INIT] python task2-nerG-trainer.py --local_rank=0 --trainer_deepspeed configs/deepspeed/ds2_llama.json --run_version Phi3-4B-BL --pretrained microsoft/Phi-3-mini-4k-instruct --eval_epochs 0.5 --num_train_epochs 12 --gradient_accumulation_steps 1 --eval_file data/gner/each-sampled/crossner_ai-dev=100.jsonl --train_file data/gner/each/crossner_ai-train.jsonl --output_file train-metrics-crossner_ai-12ep.csv --logging_file train-loggings-crossner_ai-12ep.out --use_flash_attention
[02.05 03:37:09] ┇ INFO    ┇           chrisbase.data ┇ =========================================================================================================================================
[02.05 03:37:09] ┇ INFO    ┇           chrisbase.data ┇ -----------------------------------------------------------------------------------------------------------------------------------------
[02.05 03:37:09] ┇ INFO    ┇           chrisbase.data ┇   #	TrainingArgumentsForAccelerator              	value
[02.05 03:37:09] ┇ INFO    ┇           chrisbase.data ┇ -----------------------------------------------------------------------------------------------------------------------------------------
[02.05 03:37:09] ┇ INFO    ┇           chrisbase.data ┇   1	env.hostname                                 	dgx-a100
[02.05 03:37:09] ┇ INFO    ┇           chrisbase.data ┇   2	env.hostaddr                                 	129.254.23.12
[02.05 03:37:09] ┇ INFO    ┇           chrisbase.data ┇   3	env.global_rank                              	-1
[02.05 03:37:09] ┇ INFO    ┇           chrisbase.data ┇   4	env.local_rank                               	0
[02.05 03:37:09] ┇ INFO    ┇           chrisbase.data ┇   5	env.node_rank                                	-1
[02.05 03:37:09] ┇ INFO    ┇           chrisbase.data ┇   6	env.world_size                               	4
[02.05 03:37:09] ┇ INFO    ┇           chrisbase.data ┇   7	env.time_stamp                               	0205-033658
[02.05 03:37:09] ┇ INFO    ┇           chrisbase.data ┇   8	env.python_path                              	/raid/chrisjihee/miniforge3/envs/DeepKNLP/bin/python
[02.05 03:37:09] ┇ INFO    ┇           chrisbase.data ┇   9	env.current_dir                              	/raid/chrisjihee/proj/DeepKNLP
[02.05 03:37:09] ┇ INFO    ┇           chrisbase.data ┇  10	env.current_file                             	task2-nerG-trainer.py
[02.05 03:37:09] ┇ INFO    ┇           chrisbase.data ┇  11	env.command_args                             	['--local_rank=0', '--trainer_deepspeed', 'configs/deepspeed/ds2_llama.json', '--run_version', 'Phi3-4B-BL', '--pretrained', 'microsoft/Phi-3-mini-4k-instruct', '--eval_epochs', '0.5', '--num_train_epochs', '12', '--gradient_accumulation_steps', '1', '--eval_file', 'data/gner/each-sampled/crossner_ai-dev=100.jsonl', '--train_file', 'data/gner/each/crossner_ai-train.jsonl', '--output_file', 'train-metrics-crossner_ai-12ep.csv', '--logging_file', 'train-loggings-crossner_ai-12ep.out', '--use_flash_attention']
[02.05 03:37:09] ┇ INFO    ┇           chrisbase.data ┇  12	env.output_home                              	output
[02.05 03:37:09] ┇ INFO    ┇           chrisbase.data ┇  13	env.output_name                              	GNER
[02.05 03:37:09] ┇ INFO    ┇           chrisbase.data ┇  14	env.run_version                              	Phi3-4B-BL
[02.05 03:37:09] ┇ INFO    ┇           chrisbase.data ┇  15	env.output_file                              	train-metrics-crossner_ai-12ep-0205-033658.csv
[02.05 03:37:09] ┇ INFO    ┇           chrisbase.data ┇  16	env.logging_file                             	train-loggings-crossner_ai-12ep-0205-033658.out
[02.05 03:37:09] ┇ INFO    ┇           chrisbase.data ┇  17	env.logging_level                            	30
[02.05 03:37:09] ┇ INFO    ┇           chrisbase.data ┇  18	env.logging_format                           	%(asctime)s ┇ %(levelname)-7s ┇ %(name)24s ┇ %(message)s
[02.05 03:37:09] ┇ INFO    ┇           chrisbase.data ┇  19	env.datetime_format                          	[%m.%d %H:%M:%S]
[02.05 03:37:09] ┇ INFO    ┇           chrisbase.data ┇  20	env.argument_file                            	train-arguments-0205-033658.json
[02.05 03:37:09] ┇ INFO    ┇           chrisbase.data ┇  21	env.random_seed                              	7
[02.05 03:37:09] ┇ INFO    ┇           chrisbase.data ┇  22	env.max_workers                              	4
[02.05 03:37:09] ┇ INFO    ┇           chrisbase.data ┇  23	env.debugging                                	False
[02.05 03:37:09] ┇ INFO    ┇           chrisbase.data ┇  24	env.output_dir                               	output/GNER/Phi3-4B-BL
[02.05 03:37:09] ┇ INFO    ┇           chrisbase.data ┇  25	time.t1                                      	2025-02-05 03:37:09.420738
[02.05 03:37:09] ┇ INFO    ┇           chrisbase.data ┇  26	time.t2                                      	2025-02-05 03:36:56.566296
[02.05 03:37:09] ┇ INFO    ┇           chrisbase.data ┇  27	time.started                                 	[02.05 03:37:09]
[02.05 03:37:09] ┇ INFO    ┇           chrisbase.data ┇  28	time.settled
[02.05 03:37:09] ┇ INFO    ┇           chrisbase.data ┇  29	time.elapsed
[02.05 03:37:09] ┇ INFO    ┇           chrisbase.data ┇  30	data.train_file                              	data/gner/each/crossner_ai-train.jsonl
[02.05 03:37:09] ┇ INFO    ┇           chrisbase.data ┇  31	data.study_file
[02.05 03:37:09] ┇ INFO    ┇           chrisbase.data ┇  32	data.eval_file                               	data/gner/each-sampled/crossner_ai-dev=100.jsonl
[02.05 03:37:09] ┇ INFO    ┇           chrisbase.data ┇  33	data.pred_file
[02.05 03:37:09] ┇ INFO    ┇           chrisbase.data ┇  34	data.pretrained                              	microsoft/Phi-3-mini-4k-instruct
[02.05 03:37:09] ┇ INFO    ┇           chrisbase.data ┇  35	data.max_train_samples                       	-1
[02.05 03:37:09] ┇ INFO    ┇           chrisbase.data ┇  36	data.max_study_samples                       	-1
[02.05 03:37:09] ┇ INFO    ┇           chrisbase.data ┇  37	data.max_eval_samples                        	-1
[02.05 03:37:09] ┇ INFO    ┇           chrisbase.data ┇  38	data.max_pred_samples                        	-1
[02.05 03:37:09] ┇ INFO    ┇           chrisbase.data ┇  39	data.use_cache_data                          	False
[02.05 03:37:09] ┇ INFO    ┇           chrisbase.data ┇  40	data.progress_seconds                        	10.0
[02.05 03:37:09] ┇ INFO    ┇           chrisbase.data ┇  41	data.max_source_length                       	640
[02.05 03:37:09] ┇ INFO    ┇           chrisbase.data ┇  42	data.max_target_length                       	640
[02.05 03:37:09] ┇ INFO    ┇           chrisbase.data ┇  43	data.write_predictions                       	False
[02.05 03:37:09] ┇ INFO    ┇           chrisbase.data ┇  44	data.ignore_pad_token_for_loss               	True
[02.05 03:37:09] ┇ INFO    ┇           chrisbase.data ┇  45	train._n_gpu                                 	1
[02.05 03:37:09] ┇ INFO    ┇           chrisbase.data ┇  46	train.accelerator_config                     	{'split_batches': False, 'dispatch_batches': None, 'even_batches': True, 'use_seedable_sampler': True, 'non_blocking': False, 'gradient_accumulation_kwargs': None, 'use_configured_state': False}
[02.05 03:37:09] ┇ INFO    ┇           chrisbase.data ┇  47	train.adafactor                              	False
[02.05 03:37:09] ┇ INFO    ┇           chrisbase.data ┇  48	train.adam_beta1                             	0.9
[02.05 03:37:09] ┇ INFO    ┇           chrisbase.data ┇  49	train.adam_beta2                             	0.999
[02.05 03:37:09] ┇ INFO    ┇           chrisbase.data ┇  50	train.adam_epsilon                           	1e-08
[02.05 03:37:09] ┇ INFO    ┇           chrisbase.data ┇  51	train.auto_find_batch_size                   	False
[02.05 03:37:09] ┇ INFO    ┇           chrisbase.data ┇  52	train.average_tokens_across_devices          	False
[02.05 03:37:09] ┇ INFO    ┇           chrisbase.data ┇  53	train.batch_eval_metrics                     	False
[02.05 03:37:09] ┇ INFO    ┇           chrisbase.data ┇  54	train.bf16                                   	True
[02.05 03:37:09] ┇ INFO    ┇           chrisbase.data ┇  55	train.bf16_full_eval                         	True
[02.05 03:37:09] ┇ INFO    ┇           chrisbase.data ┇  56	train.data_seed
[02.05 03:37:09] ┇ INFO    ┇           chrisbase.data ┇  57	train.dataloader_drop_last                   	False
[02.05 03:37:09] ┇ INFO    ┇           chrisbase.data ┇  58	train.dataloader_num_workers                 	0
[02.05 03:37:09] ┇ INFO    ┇           chrisbase.data ┇  59	train.dataloader_persistent_workers          	False
[02.05 03:37:09] ┇ INFO    ┇           chrisbase.data ┇  60	train.dataloader_pin_memory                  	True
[02.05 03:37:09] ┇ INFO    ┇           chrisbase.data ┇  61	train.dataloader_prefetch_factor
[02.05 03:37:09] ┇ INFO    ┇           chrisbase.data ┇  62	train.ddp_backend
[02.05 03:37:09] ┇ INFO    ┇           chrisbase.data ┇  63	train.ddp_broadcast_buffers
[02.05 03:37:09] ┇ INFO    ┇           chrisbase.data ┇  64	train.ddp_bucket_cap_mb
[02.05 03:37:09] ┇ INFO    ┇           chrisbase.data ┇  65	train.ddp_find_unused_parameters
[02.05 03:37:09] ┇ INFO    ┇           chrisbase.data ┇  66	train.ddp_timeout                            	1800
[02.05 03:37:09] ┇ INFO    ┇           chrisbase.data ┇  67	train.debug                                  	[]
[02.05 03:37:09] ┇ INFO    ┇           chrisbase.data ┇  68	train.deepspeed                              	configs/deepspeed/ds2_llama.json
[02.05 03:37:09] ┇ INFO    ┇           chrisbase.data ┇  69	train.disable_tqdm                           	True
[02.05 03:37:09] ┇ INFO    ┇           chrisbase.data ┇  70	train.dispatch_batches
[02.05 03:37:09] ┇ INFO    ┇           chrisbase.data ┇  71	train.do_eval                                	True
[02.05 03:37:09] ┇ INFO    ┇           chrisbase.data ┇  72	train.do_predict                             	False
[02.05 03:37:09] ┇ INFO    ┇           chrisbase.data ┇  73	train.do_train                               	True
[02.05 03:37:09] ┇ INFO    ┇           chrisbase.data ┇  74	train.eval_accumulation_steps                	1
[02.05 03:37:09] ┇ INFO    ┇           chrisbase.data ┇  75	train.eval_delay                             	0.0
[02.05 03:37:09] ┇ INFO    ┇           chrisbase.data ┇  76	train.eval_do_concat_batches                 	True
[02.05 03:37:09] ┇ INFO    ┇           chrisbase.data ┇  77	train.eval_epochs                            	0.5
[02.05 03:37:09] ┇ INFO    ┇           chrisbase.data ┇  78	train.eval_on_start                          	False
[02.05 03:37:09] ┇ INFO    ┇           chrisbase.data ┇  79	train.eval_steps                             	9223372036854775807
[02.05 03:37:09] ┇ INFO    ┇           chrisbase.data ┇  80	train.eval_strategy                          	IntervalStrategy.NO
[02.05 03:37:09] ┇ INFO    ┇           chrisbase.data ┇  81	train.eval_use_gather_object                 	False
[02.05 03:37:09] ┇ INFO    ┇           chrisbase.data ┇  82	train.evaluation_strategy
[02.05 03:37:09] ┇ INFO    ┇           chrisbase.data ┇  83	train.fp16                                   	False
[02.05 03:37:09] ┇ INFO    ┇           chrisbase.data ┇  84	train.fp16_backend                           	auto
[02.05 03:37:09] ┇ INFO    ┇           chrisbase.data ┇  85	train.fp16_full_eval                         	False
[02.05 03:37:09] ┇ INFO    ┇           chrisbase.data ┇  86	train.fp16_opt_level                         	O1
[02.05 03:37:09] ┇ INFO    ┇           chrisbase.data ┇  87	train.fsdp                                   	[]
[02.05 03:37:09] ┇ INFO    ┇           chrisbase.data ┇  88	train.fsdp_config                            	{'min_num_params': 0, 'xla': False, 'xla_fsdp_v2': False, 'xla_fsdp_grad_ckpt': False}
[02.05 03:37:09] ┇ INFO    ┇           chrisbase.data ┇  89	train.fsdp_min_num_params                    	0
[02.05 03:37:09] ┇ INFO    ┇           chrisbase.data ┇  90	train.fsdp_transformer_layer_cls_to_wrap
[02.05 03:37:09] ┇ INFO    ┇           chrisbase.data ┇  91	train.full_determinism                       	False
[02.05 03:37:09] ┇ INFO    ┇           chrisbase.data ┇  92	train.generation_config
[02.05 03:37:09] ┇ INFO    ┇           chrisbase.data ┇  93	train.generation_max_length                  	640
[02.05 03:37:09] ┇ INFO    ┇           chrisbase.data ┇  94	train.generation_num_beams
[02.05 03:37:09] ┇ INFO    ┇           chrisbase.data ┇  95	train.gradient_accumulation_steps            	1
[02.05 03:37:09] ┇ INFO    ┇           chrisbase.data ┇  96	train.gradient_checkpointing                 	True
[02.05 03:37:09] ┇ INFO    ┇           chrisbase.data ┇  97	train.gradient_checkpointing_kwargs
[02.05 03:37:09] ┇ INFO    ┇           chrisbase.data ┇  98	train.greater_is_better
[02.05 03:37:09] ┇ INFO    ┇           chrisbase.data ┇  99	train.group_by_length                        	False
[02.05 03:37:09] ┇ INFO    ┇           chrisbase.data ┇ 100	train.half_precision_backend                 	auto
[02.05 03:37:09] ┇ INFO    ┇           chrisbase.data ┇ 101	train.hub_always_push                        	False
[02.05 03:37:09] ┇ INFO    ┇           chrisbase.data ┇ 102	train.hub_model_id
[02.05 03:37:09] ┇ INFO    ┇           chrisbase.data ┇ 103	train.hub_private_repo
[02.05 03:37:09] ┇ INFO    ┇           chrisbase.data ┇ 104	train.hub_strategy                           	HubStrategy.EVERY_SAVE
[02.05 03:37:09] ┇ INFO    ┇           chrisbase.data ┇ 105	train.hub_token
[02.05 03:37:09] ┇ INFO    ┇           chrisbase.data ┇ 106	train.ignore_data_skip                       	False
[02.05 03:37:09] ┇ INFO    ┇           chrisbase.data ┇ 107	train.include_for_metrics                    	[]
[02.05 03:37:09] ┇ INFO    ┇           chrisbase.data ┇ 108	train.include_inputs_for_metrics             	False
[02.05 03:37:09] ┇ INFO    ┇           chrisbase.data ┇ 109	train.include_num_input_tokens_seen          	False
[02.05 03:37:09] ┇ INFO    ┇           chrisbase.data ┇ 110	train.include_tokens_per_second              	False
[02.05 03:37:09] ┇ INFO    ┇           chrisbase.data ┇ 111	train.jit_mode_eval                          	False
[02.05 03:37:09] ┇ INFO    ┇           chrisbase.data ┇ 112	train.label_names
[02.05 03:37:09] ┇ INFO    ┇           chrisbase.data ┇ 113	train.label_smoothing_factor                 	0.0
[02.05 03:37:09] ┇ INFO    ┇           chrisbase.data ┇ 114	train.learning_rate                          	2e-05
[02.05 03:37:09] ┇ INFO    ┇           chrisbase.data ┇ 115	train.length_column_name                     	length
[02.05 03:37:09] ┇ INFO    ┇           chrisbase.data ┇ 116	train.load_best_model_at_end                 	False
[02.05 03:37:09] ┇ INFO    ┇           chrisbase.data ┇ 117	train.local_rank                             	0
[02.05 03:37:09] ┇ INFO    ┇           chrisbase.data ┇ 118	train.log_level                              	warning
[02.05 03:37:09] ┇ INFO    ┇           chrisbase.data ┇ 119	train.log_level_replica                      	error
[02.05 03:37:09] ┇ INFO    ┇           chrisbase.data ┇ 120	train.log_on_each_node                       	True
[02.05 03:37:09] ┇ INFO    ┇           chrisbase.data ┇ 121	train.logging_dir                            	output/GNER/Phi3-4B-BL/runs/Feb05_03-37-06_dgx-a100
[02.05 03:37:09] ┇ INFO    ┇           chrisbase.data ┇ 122	train.logging_epochs                         	-1.0
[02.05 03:37:09] ┇ INFO    ┇           chrisbase.data ┇ 123	train.logging_first_step                     	False
[02.05 03:37:09] ┇ INFO    ┇           chrisbase.data ┇ 124	train.logging_nan_inf_filter                 	True
[02.05 03:37:09] ┇ INFO    ┇           chrisbase.data ┇ 125	train.logging_steps                          	1
[02.05 03:37:09] ┇ INFO    ┇           chrisbase.data ┇ 126	train.logging_strategy                       	IntervalStrategy.STEPS
[02.05 03:37:09] ┇ INFO    ┇           chrisbase.data ┇ 127	train.lr_scheduler_kwargs                    	{}
[02.05 03:37:09] ┇ INFO    ┇           chrisbase.data ┇ 128	train.lr_scheduler_type                      	SchedulerType.COSINE
[02.05 03:37:09] ┇ INFO    ┇           chrisbase.data ┇ 129	train.max_grad_norm                          	1.0
[02.05 03:37:09] ┇ INFO    ┇           chrisbase.data ┇ 130	train.max_steps                              	-1
[02.05 03:37:09] ┇ INFO    ┇           chrisbase.data ┇ 131	train.metric_for_best_model
[02.05 03:37:09] ┇ INFO    ┇           chrisbase.data ┇ 132	train.mp_parameters
[02.05 03:37:09] ┇ INFO    ┇           chrisbase.data ┇ 133	train.neftune_noise_alpha
[02.05 03:37:09] ┇ INFO    ┇           chrisbase.data ┇ 134	train.no_cuda                                	False
[02.05 03:37:09] ┇ INFO    ┇           chrisbase.data ┇ 135	train.num_train_epochs                       	12.0
[02.05 03:37:09] ┇ INFO    ┇           chrisbase.data ┇ 136	train.optim                                  	OptimizerNames.ADAMW_TORCH
[02.05 03:37:09] ┇ INFO    ┇           chrisbase.data ┇ 137	train.optim_args
[02.05 03:37:09] ┇ INFO    ┇           chrisbase.data ┇ 138	train.optim_target_modules
[02.05 03:37:09] ┇ INFO    ┇           chrisbase.data ┇ 139	train.output_dir                             	output/GNER/Phi3-4B-BL
[02.05 03:37:09] ┇ INFO    ┇           chrisbase.data ┇ 140	train.overwrite_output_dir                   	True
[02.05 03:37:09] ┇ INFO    ┇           chrisbase.data ┇ 141	train.past_index                             	-1
[02.05 03:37:09] ┇ INFO    ┇           chrisbase.data ┇ 142	train.per_device_eval_batch_size             	25
[02.05 03:37:09] ┇ INFO    ┇           chrisbase.data ┇ 143	train.per_device_train_batch_size            	1
[02.05 03:37:09] ┇ INFO    ┇           chrisbase.data ┇ 144	train.per_gpu_eval_batch_size
[02.05 03:37:09] ┇ INFO    ┇           chrisbase.data ┇ 145	train.per_gpu_train_batch_size
[02.05 03:37:09] ┇ INFO    ┇           chrisbase.data ┇ 146	train.predict_with_generate                  	True
[02.05 03:37:09] ┇ INFO    ┇           chrisbase.data ┇ 147	train.prediction_loss_only                   	False
[02.05 03:37:09] ┇ INFO    ┇           chrisbase.data ┇ 148	train.push_to_hub                            	False
[02.05 03:37:09] ┇ INFO    ┇           chrisbase.data ┇ 149	train.push_to_hub_model_id
[02.05 03:37:09] ┇ INFO    ┇           chrisbase.data ┇ 150	train.push_to_hub_organization
[02.05 03:37:09] ┇ INFO    ┇           chrisbase.data ┇ 151	train.push_to_hub_token
[02.05 03:37:09] ┇ INFO    ┇           chrisbase.data ┇ 152	train.ray_scope                              	last
[02.05 03:37:09] ┇ INFO    ┇           chrisbase.data ┇ 153	train.remove_unused_columns                  	False
[02.05 03:37:09] ┇ INFO    ┇           chrisbase.data ┇ 154	train.report_to                              	[]
[02.05 03:37:09] ┇ INFO    ┇           chrisbase.data ┇ 155	train.restore_callback_states_from_checkpoint	False
[02.05 03:37:09] ┇ INFO    ┇           chrisbase.data ┇ 156	train.resume_from_checkpoint
[02.05 03:37:09] ┇ INFO    ┇           chrisbase.data ┇ 157	train.run_name                               	output/GNER/Phi3-4B-BL
[02.05 03:37:09] ┇ INFO    ┇           chrisbase.data ┇ 158	train.save_epochs                            	-1.0
[02.05 03:37:09] ┇ INFO    ┇           chrisbase.data ┇ 159	train.save_on_each_node                      	False
[02.05 03:37:09] ┇ INFO    ┇           chrisbase.data ┇ 160	train.save_only_model                        	False
[02.05 03:37:09] ┇ INFO    ┇           chrisbase.data ┇ 161	train.save_safetensors                       	True
[02.05 03:37:09] ┇ INFO    ┇           chrisbase.data ┇ 162	train.save_steps                             	9223372036854775807
[02.05 03:37:09] ┇ INFO    ┇           chrisbase.data ┇ 163	train.save_strategy                          	SaveStrategy.NO
[02.05 03:37:09] ┇ INFO    ┇           chrisbase.data ┇ 164	train.save_total_limit
[02.05 03:37:09] ┇ INFO    ┇           chrisbase.data ┇ 165	train.seed                                   	7
[02.05 03:37:09] ┇ INFO    ┇           chrisbase.data ┇ 166	train.skip_memory_metrics                    	True
[02.05 03:37:09] ┇ INFO    ┇           chrisbase.data ┇ 167	train.sortish_sampler                        	False
[02.05 03:37:09] ┇ INFO    ┇           chrisbase.data ┇ 168	train.split_batches
[02.05 03:37:09] ┇ INFO    ┇           chrisbase.data ┇ 169	train.tf32                                   	True
[02.05 03:37:09] ┇ INFO    ┇           chrisbase.data ┇ 170	train.torch_compile                          	False
[02.05 03:37:09] ┇ INFO    ┇           chrisbase.data ┇ 171	train.torch_compile_backend
[02.05 03:37:09] ┇ INFO    ┇           chrisbase.data ┇ 172	train.torch_compile_mode
[02.05 03:37:09] ┇ INFO    ┇           chrisbase.data ┇ 173	train.torch_empty_cache_steps
[02.05 03:37:09] ┇ INFO    ┇           chrisbase.data ┇ 174	train.torchdynamo
[02.05 03:37:09] ┇ INFO    ┇           chrisbase.data ┇ 175	train.tpu_metrics_debug                      	False
[02.05 03:37:09] ┇ INFO    ┇           chrisbase.data ┇ 176	train.tpu_num_cores
[02.05 03:37:09] ┇ INFO    ┇           chrisbase.data ┇ 177	train.use_cpu                                	False
[02.05 03:37:09] ┇ INFO    ┇           chrisbase.data ┇ 178	train.use_flash_attention                    	True
[02.05 03:37:09] ┇ INFO    ┇           chrisbase.data ┇ 179	train.use_ipex                               	False
[02.05 03:37:09] ┇ INFO    ┇           chrisbase.data ┇ 180	train.use_legacy_prediction_loop             	False
[02.05 03:37:09] ┇ INFO    ┇           chrisbase.data ┇ 181	train.use_liger_kernel                       	False
[02.05 03:37:09] ┇ INFO    ┇           chrisbase.data ┇ 182	train.use_mps_device                         	False
[02.05 03:37:09] ┇ INFO    ┇           chrisbase.data ┇ 183	train.warmup_ratio                           	0.04
[02.05 03:37:09] ┇ INFO    ┇           chrisbase.data ┇ 184	train.warmup_steps                           	0
[02.05 03:37:09] ┇ INFO    ┇           chrisbase.data ┇ 185	train.weight_decay                           	0.0
[02.05 03:37:09] ┇ INFO    ┇           chrisbase.data ┇ -----------------------------------------------------------------------------------------------------------------------------------------
[02.05 03:37:16] ┇ INFO    ┇                 DeepKNLP ┇ model type: <class 'transformers_modules.microsoft.Phi-3-mini-4k-instruct.0a67737cc96d2554230f90338b163bc6380a2a85.modeling_phi3.Phi3ForCausalLM'>
[02.05 03:37:16] ┇ INFO    ┇                 DeepKNLP ┇ model pad_token_id: 32000
[02.05 03:37:16] ┇ INFO    ┇                 DeepKNLP ┇ model attn_implementation: eager -> flash_attention_2
[02.05 03:37:17] ┇ INFO    ┇                 DeepKNLP ┇ Loaded raw train_dataset (#=100): data/gner/each/crossner_ai-train.jsonl
[02.05 03:37:17] ┇ INFO    ┇                 DeepKNLP ┇ Preprocess train_dataset:   4%|▊                   |   4/100 [0:00:00<0:00:06, 14.78Hz]
[02.05 03:37:17] ┇ INFO    ┇                 DeepKNLP ┇ Preprocess train_dataset: 100%|████████████████████| 100/100 [0:00:00<0:00:00, 331.40Hz]
[02.05 03:37:17] ┇ INFO    ┇                 DeepKNLP ┇ Completed preprocessing for train_dataset by microsoft/Phi-3-mini-4k-instruct at [02.05 03:37:17]
[02.05 03:37:18] ┇ INFO    ┇                 DeepKNLP ┇ Loaded raw eval_dataset (#=100): data/gner/each-sampled/crossner_ai-dev=100.jsonl
[02.05 03:37:18] ┇ INFO    ┇                 DeepKNLP ┇ Preprocess eval_dataset:   4%|▊                   |   4/100 [0:00:00<0:00:06, 15.33Hz]
[02.05 03:37:18] ┇ INFO    ┇                 DeepKNLP ┇ Preprocess eval_dataset: 100%|████████████████████| 100/100 [0:00:00<0:00:00, 359.50Hz]
[02.05 03:37:18] ┇ INFO    ┇                 DeepKNLP ┇ Completed preprocessing for eval_dataset by microsoft/Phi-3-mini-4k-instruct at [02.05 03:37:18]
[02.05 03:37:18] ┇ INFO    ┇ torch.distributed.distributed_c10d ┇ Using backend config: {'cuda': 'nccl'}
[02.05 03:37:18] ┇ INFO    ┇ torch.distributed.distributed_c10d ┇ Using backend config: {'cuda': 'nccl'}
[02.05 03:37:18] ┇ INFO    ┇ torch.distributed.distributed_c10d ┇ Using backend config: {'cuda': 'nccl'}
[02.05 03:37:18] ┇ INFO    ┇ torch.distributed.distributed_c10d ┇ Using backend config: {'cuda': 'nccl'}
[02.05 03:37:32] ┇ WARNING ┇                DeepSpeed ┇ Attempting to get learning rate from scheduler before it has started
[02.05 03:37:32] ┇ INFO    ┇    DeepKNLP.gner.trainer ┇ -----------------------------------------------------------------------------------------------------------------------------------------
[02.05 03:37:32] ┇ INFO    ┇    DeepKNLP.gner.trainer ┇ ***** Beginning Training *****
[02.05 03:37:32] ┇ INFO    ┇    DeepKNLP.gner.trainer ┇ >> Train Epochs       = 12.0
[02.05 03:37:32] ┇ INFO    ┇    DeepKNLP.gner.trainer ┇ >> Train Examples     = 100
[02.05 03:37:32] ┇ INFO    ┇    DeepKNLP.gner.trainer ┇ >> Train Batch Size   = 4 = 1 * 1 * 4
[02.05 03:37:32] ┇ INFO    ┇    DeepKNLP.gner.trainer ┇ >> Train Optim Steps  = 300 = 25 * 12.0
[02.05 03:37:32] ┇ INFO    ┇    DeepKNLP.gner.trainer ┇ >> Train Model Params = 3,821,079,552
[02.05 03:37:32] ┇ INFO    ┇    DeepKNLP.gner.trainer ┇ >> Trainer Callbacks  = DefaultFlowCallback, CustomProgressCallback
[02.05 03:37:32] ┇ INFO    ┇    DeepKNLP.gner.trainer ┇ >> Zero Optim Stage   = 2
[02.05 03:37:32] ┇ INFO    ┇    DeepKNLP.gner.trainer ┇ >> Eval Examples      = 100
[02.05 03:37:32] ┇ INFO    ┇    DeepKNLP.gner.trainer ┇ >> Eval Batch Size    = 100 = 25 * 4
[02.05 03:37:35] ┇ INFO    ┇    DeepKNLP.gner.trainer ┇ [training]   0%|                    |   1/300 [0:00:03<0:15:17, 0.33Hz] | epoch=0.04, loss=0.276000
[02.05 03:37:36] ┇ INFO    ┇    DeepKNLP.gner.trainer ┇ [training]   1%|▏                   |   2/300 [0:00:03<0:08:20, 0.59Hz] | epoch=0.08, loss=0.326200
[02.05 03:37:36] ┇ INFO    ┇    DeepKNLP.gner.trainer ┇ [training]   1%|▏                   |   3/300 [0:00:03<0:06:02, 0.82Hz] | epoch=0.12, loss=0.284600
[02.05 03:37:36] ┇ INFO    ┇    DeepKNLP.gner.trainer ┇ [training]   1%|▎                   |   4/300 [0:00:03<0:04:52, 1.01Hz] | epoch=0.16, loss=0.193900
[02.05 03:37:36] ┇ INFO    ┇    DeepKNLP.gner.trainer ┇ [training]   2%|▎                   |   5/300 [0:00:04<0:04:11, 1.17Hz] | epoch=0.20, loss=0.168200
[02.05 03:37:37] ┇ INFO    ┇    DeepKNLP.gner.trainer ┇ [training]   2%|▍                   |   6/300 [0:00:04<0:03:43, 1.31Hz] | epoch=0.24, loss=0.221500
[02.05 03:37:37] ┇ INFO    ┇    DeepKNLP.gner.trainer ┇ [training]   2%|▍                   |   7/300 [0:00:04<0:03:22, 1.44Hz] | epoch=0.28, loss=0.105800
[02.05 03:37:37] ┇ INFO    ┇    DeepKNLP.gner.trainer ┇ [training]   3%|▌                   |   8/300 [0:00:05<0:03:08, 1.55Hz] | epoch=0.32, loss=0.099500
[02.05 03:37:38] ┇ INFO    ┇    DeepKNLP.gner.trainer ┇ [training]   3%|▌                   |   9/300 [0:00:05<0:02:56, 1.65Hz] | epoch=0.36, loss=0.045300
[02.05 03:37:38] ┇ INFO    ┇    DeepKNLP.gner.trainer ┇ [training]   3%|▋                   |  10/300 [0:00:05<0:02:46, 1.74Hz] | epoch=0.40, loss=0.136500
[02.05 03:37:38] ┇ INFO    ┇    DeepKNLP.gner.trainer ┇ [training]   4%|▋                   |  11/300 [0:00:06<0:02:39, 1.82Hz] | epoch=0.44, loss=0.057300
[02.05 03:37:39] ┇ INFO    ┇    DeepKNLP.gner.trainer ┇ [training]   4%|▊                   |  12/300 [0:00:06<0:02:32, 1.88Hz] | epoch=0.48, loss=0.082900
[02.05 03:37:39] ┇ WARNING ┇ transformers.cache_utils ┇ The `seen_tokens` attribute is deprecated and will be removed in v4.41. Use the `cache_position` model input instead.
[02.05 03:38:05] ┇ INFO    ┇    DeepKNLP.gner.trainer ┇ [checking] 100%|████████████████████| 1/1 [0:00:00<0:00:00, 15536.26Hz]
[02.05 03:38:06] ┇ INFO    ┇    DeepKNLP.gner.trainer ┇ [training]   4%|▊                   |  12/300 [0:00:06<0:02:32, 1.88Hz] | epoch=0.48, eval_average=0.3510
[02.05 03:38:06] ┇ INFO    ┇    DeepKNLP.gner.trainer ┇ [training]   4%|▊                   |  13/300 [0:00:33<0:12:22, 0.39Hz] | epoch=0.52, loss=0.088400
[02.05 03:38:06] ┇ INFO    ┇    DeepKNLP.gner.trainer ┇ [training]   5%|▉                   |  14/300 [0:00:33<0:11:33, 0.41Hz] | epoch=0.56, loss=0.073800
[02.05 03:38:06] ┇ INFO    ┇    DeepKNLP.gner.trainer ┇ [training]   5%|█                   |  15/300 [0:00:34<0:10:50, 0.44Hz] | epoch=0.60, loss=0.056400
[02.05 03:38:07] ┇ INFO    ┇    DeepKNLP.gner.trainer ┇ [training]   5%|█                   |  16/300 [0:00:34<0:10:12, 0.46Hz] | epoch=0.64, loss=0.045700
[02.05 03:38:07] ┇ INFO    ┇    DeepKNLP.gner.trainer ┇ [training]   6%|█▏                  |  17/300 [0:00:34<0:09:39, 0.49Hz] | epoch=0.68, loss=0.056800
[02.05 03:38:07] ┇ INFO    ┇    DeepKNLP.gner.trainer ┇ [training]   6%|█▏                  |  18/300 [0:00:35<0:09:10, 0.51Hz] | epoch=0.72, loss=0.067500
[02.05 03:38:08] ┇ INFO    ┇    DeepKNLP.gner.trainer ┇ [training]   6%|█▎                  |  19/300 [0:00:35<0:08:43, 0.54Hz] | epoch=0.76, loss=0.056800
[02.05 03:38:08] ┇ INFO    ┇    DeepKNLP.gner.trainer ┇ [training]   7%|█▎                  |  20/300 [0:00:35<0:08:19, 0.56Hz] | epoch=0.80, loss=0.052900
[02.05 03:38:08] ┇ INFO    ┇    DeepKNLP.gner.trainer ┇ [training]   7%|█▍                  |  21/300 [0:00:36<0:07:58, 0.58Hz] | epoch=0.84, loss=0.042100
[02.05 03:38:09] ┇ INFO    ┇    DeepKNLP.gner.trainer ┇ [training]   7%|█▍                  |  22/300 [0:00:36<0:07:38, 0.61Hz] | epoch=0.88, loss=0.046000
[02.05 03:38:09] ┇ INFO    ┇    DeepKNLP.gner.trainer ┇ [training]   8%|█▌                  |  23/300 [0:00:36<0:07:20, 0.63Hz] | epoch=0.92, loss=0.042200
[02.05 03:38:09] ┇ INFO    ┇    DeepKNLP.gner.trainer ┇ [training]   8%|█▌                  |  24/300 [0:00:36<0:07:04, 0.65Hz] | epoch=0.96, loss=0.060700
[02.05 03:38:09] ┇ INFO    ┇    DeepKNLP.gner.trainer ┇ [training]   8%|█▋                  |  25/300 [0:00:37<0:06:49, 0.67Hz] | epoch=1.00, loss=0.044600
[02.05 03:38:36] ┇ INFO    ┇    DeepKNLP.gner.trainer ┇ [checking] 100%|████████████████████| 1/1 [0:00:00<0:00:00, 23177.95Hz]
[02.05 03:38:36] ┇ INFO    ┇    DeepKNLP.gner.trainer ┇ [training]   8%|█▋                  |  25/300 [0:00:37<0:06:49, 0.67Hz] | epoch=1.00, eval_average=0.6219
[02.05 03:38:36] ┇ INFO    ┇    DeepKNLP.gner.trainer ┇ [training]   9%|█▋                  |  26/300 [0:01:04<0:11:15, 0.41Hz] | epoch=1.04, loss=0.036400
[02.05 03:38:37] ┇ INFO    ┇    DeepKNLP.gner.trainer ┇ [training]   9%|█▊                  |  27/300 [0:01:04<0:10:51, 0.42Hz] | epoch=1.08, loss=0.041500
[02.05 03:38:37] ┇ INFO    ┇    DeepKNLP.gner.trainer ┇ [training]   9%|█▊                  |  28/300 [0:01:04<0:10:28, 0.43Hz] | epoch=1.12, loss=0.014200
[02.05 03:38:37] ┇ INFO    ┇    DeepKNLP.gner.trainer ┇ [training]  10%|█▉                  |  29/300 [0:01:05<0:10:07, 0.45Hz] | epoch=1.16, loss=0.015800
[02.05 03:38:37] ┇ INFO    ┇    DeepKNLP.gner.trainer ┇ [training]  10%|██                  |  30/300 [0:01:05<0:09:47, 0.46Hz] | epoch=1.20, loss=0.015600
[02.05 03:38:38] ┇ INFO    ┇    DeepKNLP.gner.trainer ┇ [training]  10%|██                  |  31/300 [0:01:05<0:09:29, 0.47Hz] | epoch=1.24, loss=0.016200
[02.05 03:38:38] ┇ INFO    ┇    DeepKNLP.gner.trainer ┇ [training]  11%|██▏                 |  32/300 [0:01:05<0:09:11, 0.49Hz] | epoch=1.28, loss=0.001500
[02.05 03:38:38] ┇ INFO    ┇    DeepKNLP.gner.trainer ┇ [training]  11%|██▏                 |  33/300 [0:01:06<0:08:55, 0.50Hz] | epoch=1.32, loss=0.027900
[02.05 03:38:39] ┇ INFO    ┇    DeepKNLP.gner.trainer ┇ [training]  11%|██▎                 |  34/300 [0:01:06<0:08:40, 0.51Hz] | epoch=1.36, loss=0.009600
[02.05 03:38:39] ┇ INFO    ┇    DeepKNLP.gner.trainer ┇ [training]  12%|██▎                 |  35/300 [0:01:06<0:08:25, 0.52Hz] | epoch=1.40, loss=0.020800
[02.05 03:38:39] ┇ INFO    ┇    DeepKNLP.gner.trainer ┇ [training]  12%|██▍                 |  36/300 [0:01:07<0:08:12, 0.54Hz] | epoch=1.44, loss=0.018600
[02.05 03:38:40] ┇ INFO    ┇    DeepKNLP.gner.trainer ┇ [training]  12%|██▍                 |  37/300 [0:01:07<0:07:59, 0.55Hz] | epoch=1.48, loss=0.016600
[02.05 03:38:40] ┇ INFO    ┇    DeepKNLP.gner.trainer ┇ [training]  13%|██▌                 |  38/300 [0:01:07<0:07:46, 0.56Hz] | epoch=1.52, loss=0.020700
[02.05 03:39:04] ┇ INFO    ┇    DeepKNLP.gner.trainer ┇ [checking] 100%|████████████████████| 1/1 [0:00:00<0:00:00, 33799.48Hz]
[02.05 03:39:04] ┇ INFO    ┇    DeepKNLP.gner.trainer ┇ [training]  13%|██▌                 |  38/300 [0:01:07<0:07:46, 0.56Hz] | epoch=1.52, eval_average=0.6810
[02.05 03:39:04] ┇ INFO    ┇    DeepKNLP.gner.trainer ┇ [training]  13%|██▌                 |  39/300 [0:01:32<0:10:16, 0.42Hz] | epoch=1.56, loss=0.037300
[02.05 03:39:05] ┇ INFO    ┇    DeepKNLP.gner.trainer ┇ [training]  13%|██▋                 |  40/300 [0:01:32<0:10:01, 0.43Hz] | epoch=1.60, loss=0.042400
[02.05 03:39:05] ┇ INFO    ┇    DeepKNLP.gner.trainer ┇ [training]  14%|██▋                 |  41/300 [0:01:32<0:09:46, 0.44Hz] | epoch=1.64, loss=0.057900
[02.05 03:39:05] ┇ INFO    ┇    DeepKNLP.gner.trainer ┇ [training]  14%|██▊                 |  42/300 [0:01:33<0:09:31, 0.45Hz] | epoch=1.68, loss=0.030700
[02.05 03:39:06] ┇ INFO    ┇    DeepKNLP.gner.trainer ┇ [training]  14%|██▊                 |  43/300 [0:01:33<0:09:18, 0.46Hz] | epoch=1.72, loss=0.023000
[02.05 03:39:06] ┇ INFO    ┇    DeepKNLP.gner.trainer ┇ [training]  15%|██▉                 |  44/300 [0:01:33<0:09:05, 0.47Hz] | epoch=1.76, loss=0.039300
[02.05 03:39:06] ┇ INFO    ┇    DeepKNLP.gner.trainer ┇ [training]  15%|███                 |  45/300 [0:01:33<0:08:52, 0.48Hz] | epoch=1.80, loss=0.035400
[02.05 03:39:07] ┇ INFO    ┇    DeepKNLP.gner.trainer ┇ [training]  15%|███                 |  46/300 [0:01:34<0:08:40, 0.49Hz] | epoch=1.84, loss=0.031000
[02.05 03:39:07] ┇ INFO    ┇    DeepKNLP.gner.trainer ┇ [training]  16%|███▏                |  47/300 [0:01:34<0:08:29, 0.50Hz] | epoch=1.88, loss=0.023500
[02.05 03:39:07] ┇ INFO    ┇    DeepKNLP.gner.trainer ┇ [training]  16%|███▏                |  48/300 [0:01:34<0:08:18, 0.51Hz] | epoch=1.92, loss=0.017500
[02.05 03:39:07] ┇ INFO    ┇    DeepKNLP.gner.trainer ┇ [training]  16%|███▎                |  49/300 [0:01:35<0:08:07, 0.51Hz] | epoch=1.96, loss=0.020200
[02.05 03:39:08] ┇ INFO    ┇    DeepKNLP.gner.trainer ┇ [training]  17%|███▎                |  50/300 [0:01:35<0:07:57, 0.52Hz] | epoch=2.00, loss=0.020800
[02.05 03:39:32] ┇ INFO    ┇    DeepKNLP.gner.trainer ┇ [checking] 100%|████████████████████| 1/1 [0:00:00<0:00:00, 35495.60Hz]
[02.05 03:39:32] ┇ INFO    ┇    DeepKNLP.gner.trainer ┇ [training]  17%|███▎                |  50/300 [0:01:35<0:07:57, 0.52Hz] | epoch=2.00, eval_average=0.7080
[02.05 03:39:33] ┇ INFO    ┇    DeepKNLP.gner.trainer ┇ [training]  17%|███▍                |  51/300 [0:02:00<0:09:47, 0.42Hz] | epoch=2.04, loss=0.017400
[02.05 03:39:33] ┇ INFO    ┇    DeepKNLP.gner.trainer ┇ [training]  17%|███▍                |  52/300 [0:02:00<0:09:35, 0.43Hz] | epoch=2.08, loss=0.007600
[02.05 03:39:33] ┇ INFO    ┇    DeepKNLP.gner.trainer ┇ [training]  18%|███▌                |  53/300 [0:02:00<0:09:23, 0.44Hz] | epoch=2.12, loss=0.012000
[02.05 03:39:33] ┇ INFO    ┇    DeepKNLP.gner.trainer ┇ [training]  18%|███▌                |  54/300 [0:02:01<0:09:12, 0.45Hz] | epoch=2.16, loss=0.003200
[02.05 03:39:34] ┇ INFO    ┇    DeepKNLP.gner.trainer ┇ [training]  18%|███▋                |  55/300 [0:02:01<0:09:01, 0.45Hz] | epoch=2.20, loss=0.006000
[02.05 03:39:34] ┇ INFO    ┇    DeepKNLP.gner.trainer ┇ [training]  19%|███▋                |  56/300 [0:02:01<0:08:50, 0.46Hz] | epoch=2.24, loss=0.013200
[02.05 03:39:34] ┇ INFO    ┇    DeepKNLP.gner.trainer ┇ [training]  19%|███▊                |  57/300 [0:02:02<0:08:40, 0.47Hz] | epoch=2.28, loss=0.055800
[02.05 03:39:35] ┇ INFO    ┇    DeepKNLP.gner.trainer ┇ [training]  19%|███▊                |  58/300 [0:02:02<0:08:30, 0.47Hz] | epoch=2.32, loss=0.006000
[02.05 03:39:35] ┇ INFO    ┇    DeepKNLP.gner.trainer ┇ [training]  20%|███▉                |  59/300 [0:02:02<0:08:21, 0.48Hz] | epoch=2.36, loss=0.001300
[02.05 03:39:35] ┇ INFO    ┇    DeepKNLP.gner.trainer ┇ [training]  20%|████                |  60/300 [0:02:02<0:08:11, 0.49Hz] | epoch=2.40, loss=0.024100
[02.05 03:39:35] ┇ INFO    ┇    DeepKNLP.gner.trainer ┇ [training]  20%|████                |  61/300 [0:02:03<0:08:02, 0.49Hz] | epoch=2.44, loss=0.006600
[02.05 03:39:36] ┇ INFO    ┇    DeepKNLP.gner.trainer ┇ [training]  21%|████▏               |  62/300 [0:02:03<0:07:54, 0.50Hz] | epoch=2.48, loss=0.020900
[02.05 03:40:00] ┇ INFO    ┇    DeepKNLP.gner.trainer ┇ [checking] 100%|████████████████████| 1/1 [0:00:00<0:00:00, 45020.62Hz]
[02.05 03:40:00] ┇ INFO    ┇    DeepKNLP.gner.trainer ┇ [training]  21%|████▏               |  62/300 [0:02:03<0:07:54, 0.50Hz] | epoch=2.48, eval_average=0.7427
[02.05 03:40:00] ┇ INFO    ┇    DeepKNLP.gner.trainer ┇ [training]  21%|████▏               |  63/300 [0:02:28<0:09:16, 0.43Hz] | epoch=2.52, loss=0.007000
[02.05 03:40:01] ┇ INFO    ┇    DeepKNLP.gner.trainer ┇ [training]  21%|████▎               |  64/300 [0:02:28<0:09:04, 0.43Hz] | epoch=2.56, loss=0.005100
[02.05 03:40:01] ┇ INFO    ┇    DeepKNLP.gner.trainer ┇ [training]  22%|████▎               |  65/300 [0:02:28<0:09:01, 0.43Hz] | epoch=2.60, loss=0.021900
[02.05 03:40:01] ┇ INFO    ┇    DeepKNLP.gner.trainer ┇ [training]  22%|████▍               |  66/300 [0:02:28<0:08:59, 0.43Hz] | epoch=2.64, loss=0.005400
[02.05 03:40:01] ┇ INFO    ┇    DeepKNLP.gner.trainer ┇ [training]  22%|████▍               |  67/300 [0:02:29<0:08:57, 0.43Hz] | epoch=2.68, loss=0.039400
[02.05 03:40:02] ┇ INFO    ┇    DeepKNLP.gner.trainer ┇ [training]  23%|████▌               |  68/300 [0:02:29<0:08:55, 0.43Hz] | epoch=2.72, loss=0.058600
[02.05 03:40:02] ┇ INFO    ┇    DeepKNLP.gner.trainer ┇ [training]  23%|████▌               |  69/300 [0:02:29<0:08:52, 0.43Hz] | epoch=2.76, loss=0.013800
[02.05 03:40:02] ┇ INFO    ┇    DeepKNLP.gner.trainer ┇ [training]  23%|████▋               |  70/300 [0:02:30<0:08:50, 0.43Hz] | epoch=2.80, loss=0.017700
[02.05 03:40:03] ┇ INFO    ┇    DeepKNLP.gner.trainer ┇ [training]  24%|████▋               |  71/300 [0:02:30<0:08:48, 0.43Hz] | epoch=2.84, loss=0.061300
[02.05 03:40:03] ┇ INFO    ┇    DeepKNLP.gner.trainer ┇ [training]  24%|████▊               |  72/300 [0:02:30<0:08:45, 0.43Hz] | epoch=2.88, loss=0.009800
[02.05 03:40:03] ┇ INFO    ┇    DeepKNLP.gner.trainer ┇ [training]  24%|████▊               |  73/300 [0:02:31<0:08:43, 0.43Hz] | epoch=2.92, loss=0.006000
[02.05 03:40:04] ┇ INFO    ┇    DeepKNLP.gner.trainer ┇ [training]  25%|████▉               |  74/300 [0:02:31<0:08:41, 0.43Hz] | epoch=2.96, loss=0.012500
[02.05 03:40:04] ┇ INFO    ┇    DeepKNLP.gner.trainer ┇ [training]  25%|█████               |  75/300 [0:02:31<0:08:38, 0.43Hz] | epoch=3.00, loss=0.009800
[02.05 03:40:28] ┇ INFO    ┇    DeepKNLP.gner.trainer ┇ [checking] 100%|████████████████████| 1/1 [0:00:00<0:00:00, 45225.42Hz]
[02.05 03:40:28] ┇ INFO    ┇    DeepKNLP.gner.trainer ┇ [training]  25%|█████               |  75/300 [0:02:31<0:08:38, 0.43Hz] | epoch=3.00, eval_average=0.7560
[02.05 03:40:28] ┇ INFO    ┇    DeepKNLP.gner.trainer ┇ [training]  25%|█████               |  76/300 [0:02:56<0:08:26, 0.44Hz] | epoch=3.04, loss=0.002100
[02.05 03:40:29] ┇ INFO    ┇    DeepKNLP.gner.trainer ┇ [training]  26%|█████▏              |  77/300 [0:02:56<0:08:24, 0.44Hz] | epoch=3.08, loss=0.002300
[02.05 03:40:29] ┇ INFO    ┇    DeepKNLP.gner.trainer ┇ [training]  26%|█████▏              |  78/300 [0:02:56<0:08:22, 0.44Hz] | epoch=3.12, loss=0.010800
[02.05 03:40:29] ┇ INFO    ┇    DeepKNLP.gner.trainer ┇ [training]  26%|█████▎              |  79/300 [0:02:57<0:08:19, 0.44Hz] | epoch=3.16, loss=0.010700
[02.05 03:40:30] ┇ INFO    ┇    DeepKNLP.gner.trainer ┇ [training]  27%|█████▎              |  80/300 [0:02:57<0:08:17, 0.44Hz] | epoch=3.20, loss=0.006600
[02.05 03:40:30] ┇ INFO    ┇    DeepKNLP.gner.trainer ┇ [training]  27%|█████▍              |  81/300 [0:02:57<0:08:15, 0.44Hz] | epoch=3.24, loss=0.006600
[02.05 03:40:30] ┇ INFO    ┇    DeepKNLP.gner.trainer ┇ [training]  27%|█████▍              |  82/300 [0:02:57<0:08:13, 0.44Hz] | epoch=3.28, loss=0.006000
[02.05 03:40:30] ┇ INFO    ┇    DeepKNLP.gner.trainer ┇ [training]  28%|█████▌              |  83/300 [0:02:58<0:08:10, 0.44Hz] | epoch=3.32, loss=0.004700
[02.05 03:40:31] ┇ INFO    ┇    DeepKNLP.gner.trainer ┇ [training]  28%|█████▌              |  84/300 [0:02:58<0:08:08, 0.44Hz] | epoch=3.36, loss=0.032500
[02.05 03:40:31] ┇ INFO    ┇    DeepKNLP.gner.trainer ┇ [training]  28%|█████▋              |  85/300 [0:02:58<0:08:06, 0.44Hz] | epoch=3.40, loss=0.007200
[02.05 03:40:31] ┇ INFO    ┇    DeepKNLP.gner.trainer ┇ [training]  29%|█████▋              |  86/300 [0:02:59<0:08:04, 0.44Hz] | epoch=3.44, loss=0.003500
[02.05 03:40:32] ┇ INFO    ┇    DeepKNLP.gner.trainer ┇ [training]  29%|█████▊              |  87/300 [0:02:59<0:08:01, 0.44Hz] | epoch=3.48, loss=0.008300
[02.05 03:40:32] ┇ INFO    ┇    DeepKNLP.gner.trainer ┇ [training]  29%|█████▊              |  88/300 [0:02:59<0:07:59, 0.44Hz] | epoch=3.52, loss=0.001300
[02.05 03:40:56] ┇ INFO    ┇    DeepKNLP.gner.trainer ┇ [checking] 100%|████████████████████| 1/1 [0:00:00<0:00:00, 36885.67Hz]
[02.05 03:40:57] ┇ INFO    ┇    DeepKNLP.gner.trainer ┇ [training]  29%|█████▊              |  88/300 [0:02:59<0:07:59, 0.44Hz] | epoch=3.52, eval_average=0.7689
[02.05 03:40:57] ┇ INFO    ┇    DeepKNLP.gner.trainer ┇ [training]  30%|█████▉              |  89/300 [0:03:24<0:07:50, 0.45Hz] | epoch=3.56, loss=0.000400
[02.05 03:40:57] ┇ INFO    ┇    DeepKNLP.gner.trainer ┇ [training]  30%|██████              |  90/300 [0:03:24<0:07:48, 0.45Hz] | epoch=3.60, loss=0.003800
[02.05 03:40:57] ┇ INFO    ┇    DeepKNLP.gner.trainer ┇ [training]  30%|██████              |  91/300 [0:03:25<0:07:45, 0.45Hz] | epoch=3.64, loss=0.003200
[02.05 03:40:58] ┇ INFO    ┇    DeepKNLP.gner.trainer ┇ [training]  31%|██████▏             |  92/300 [0:03:25<0:07:43, 0.45Hz] | epoch=3.68, loss=0.009100
[02.05 03:40:58] ┇ INFO    ┇    DeepKNLP.gner.trainer ┇ [training]  31%|██████▏             |  93/300 [0:03:25<0:07:41, 0.45Hz] | epoch=3.72, loss=0.004100
[02.05 03:40:58] ┇ INFO    ┇    DeepKNLP.gner.trainer ┇ [training]  31%|██████▎             |  94/300 [0:03:26<0:07:39, 0.45Hz] | epoch=3.76, loss=0.002600
[02.05 03:40:59] ┇ INFO    ┇    DeepKNLP.gner.trainer ┇ [training]  32%|██████▎             |  95/300 [0:03:26<0:07:37, 0.45Hz] | epoch=3.80, loss=0.004400
[02.05 03:40:59] ┇ INFO    ┇    DeepKNLP.gner.trainer ┇ [training]  32%|██████▍             |  96/300 [0:03:26<0:07:34, 0.45Hz] | epoch=3.84, loss=0.012300
[02.05 03:40:59] ┇ INFO    ┇    DeepKNLP.gner.trainer ┇ [training]  32%|██████▍             |  97/300 [0:03:26<0:07:32, 0.45Hz] | epoch=3.88, loss=0.005100
[02.05 03:40:59] ┇ INFO    ┇    DeepKNLP.gner.trainer ┇ [training]  33%|██████▌             |  98/300 [0:03:27<0:07:30, 0.45Hz] | epoch=3.92, loss=0.008800
[02.05 03:41:00] ┇ INFO    ┇    DeepKNLP.gner.trainer ┇ [training]  33%|██████▌             |  99/300 [0:03:27<0:07:28, 0.45Hz] | epoch=3.96, loss=0.013800
[02.05 03:41:00] ┇ INFO    ┇    DeepKNLP.gner.trainer ┇ [training]  33%|██████▋             | 100/300 [0:03:27<0:07:25, 0.45Hz] | epoch=4.00, loss=0.000100
[02.05 03:41:24] ┇ INFO    ┇    DeepKNLP.gner.trainer ┇ [checking] 100%|████████████████████| 1/1 [0:00:00<0:00:00, 39481.61Hz]
[02.05 03:41:24] ┇ INFO    ┇    DeepKNLP.gner.trainer ┇ [training]  33%|██████▋             | 100/300 [0:03:27<0:07:25, 0.45Hz] | epoch=4.00, eval_average=0.7668
[02.05 03:41:25] ┇ INFO    ┇    DeepKNLP.gner.trainer ┇ [training]  34%|██████▋             | 101/300 [0:03:52<0:08:40, 0.38Hz] | epoch=4.04, loss=0.001800
[02.05 03:41:25] ┇ INFO    ┇    DeepKNLP.gner.trainer ┇ [training]  34%|██████▊             | 102/300 [0:03:52<0:07:21, 0.45Hz] | epoch=4.08, loss=0.000500
[02.05 03:41:25] ┇ INFO    ┇    DeepKNLP.gner.trainer ┇ [training]  34%|██████▊             | 103/300 [0:03:52<0:07:19, 0.45Hz] | epoch=4.12, loss=0.050000
[02.05 03:41:25] ┇ INFO    ┇    DeepKNLP.gner.trainer ┇ [training]  35%|██████▉             | 104/300 [0:03:53<0:07:16, 0.45Hz] | epoch=4.16, loss=0.001500
[02.05 03:41:26] ┇ INFO    ┇    DeepKNLP.gner.trainer ┇ [training]  35%|███████             | 105/300 [0:03:53<0:07:14, 0.45Hz] | epoch=4.20, loss=0.001400
[02.05 03:41:26] ┇ INFO    ┇    DeepKNLP.gner.trainer ┇ [training]  35%|███████             | 106/300 [0:03:53<0:07:12, 0.45Hz] | epoch=4.24, loss=0.000400
[02.05 03:41:26] ┇ INFO    ┇    DeepKNLP.gner.trainer ┇ [training]  36%|███████▏            | 107/300 [0:03:54<0:07:10, 0.45Hz] | epoch=4.28, loss=0.000500
[02.05 03:41:27] ┇ INFO    ┇    DeepKNLP.gner.trainer ┇ [training]  36%|███████▏            | 108/300 [0:03:54<0:07:07, 0.45Hz] | epoch=4.32, loss=0.000900
[02.05 03:41:27] ┇ INFO    ┇    DeepKNLP.gner.trainer ┇ [training]  36%|███████▎            | 109/300 [0:03:54<0:07:05, 0.45Hz] | epoch=4.36, loss=0.000300
[02.05 03:41:27] ┇ INFO    ┇    DeepKNLP.gner.trainer ┇ [training]  37%|███████▎            | 110/300 [0:03:55<0:07:03, 0.45Hz] | epoch=4.40, loss=0.014400
[02.05 03:41:28] ┇ INFO    ┇    DeepKNLP.gner.trainer ┇ [training]  37%|███████▍            | 111/300 [0:03:55<0:07:01, 0.45Hz] | epoch=4.44, loss=0.003800
[02.05 03:41:28] ┇ INFO    ┇    DeepKNLP.gner.trainer ┇ [training]  37%|███████▍            | 112/300 [0:03:55<0:06:59, 0.45Hz] | epoch=4.48, loss=0.001100
[02.05 03:41:52] ┇ INFO    ┇    DeepKNLP.gner.trainer ┇ [checking] 100%|████████████████████| 1/1 [0:00:00<0:00:00, 33284.00Hz]
[02.05 03:41:52] ┇ INFO    ┇    DeepKNLP.gner.trainer ┇ [training]  37%|███████▍            | 112/300 [0:03:55<0:06:59, 0.45Hz] | epoch=4.48, eval_average=0.7768
[02.05 03:41:53] ┇ INFO    ┇    DeepKNLP.gner.trainer ┇ [training]  38%|███████▌            | 113/300 [0:04:20<0:08:09, 0.38Hz] | epoch=4.52, loss=0.002500
[02.05 03:41:53] ┇ INFO    ┇    DeepKNLP.gner.trainer ┇ [training]  38%|███████▌            | 114/300 [0:04:20<0:06:54, 0.45Hz] | epoch=4.56, loss=0.000200
[02.05 03:41:53] ┇ INFO    ┇    DeepKNLP.gner.trainer ┇ [training]  38%|███████▋            | 115/300 [0:04:21<0:06:52, 0.45Hz] | epoch=4.60, loss=0.000700
[02.05 03:41:54] ┇ INFO    ┇    DeepKNLP.gner.trainer ┇ [training]  39%|███████▋            | 116/300 [0:04:21<0:06:50, 0.45Hz] | epoch=4.64, loss=0.000700
[02.05 03:41:54] ┇ INFO    ┇    DeepKNLP.gner.trainer ┇ [training]  39%|███████▊            | 117/300 [0:04:21<0:06:47, 0.45Hz] | epoch=4.68, loss=0.001000
[02.05 03:41:54] ┇ INFO    ┇    DeepKNLP.gner.trainer ┇ [training]  39%|███████▊            | 118/300 [0:04:21<0:06:45, 0.45Hz] | epoch=4.72, loss=0.000400
[02.05 03:41:54] ┇ INFO    ┇    DeepKNLP.gner.trainer ┇ [training]  40%|███████▉            | 119/300 [0:04:22<0:06:43, 0.45Hz] | epoch=4.76, loss=0.000200
[02.05 03:41:55] ┇ INFO    ┇    DeepKNLP.gner.trainer ┇ [training]  40%|████████            | 120/300 [0:04:22<0:06:41, 0.45Hz] | epoch=4.80, loss=0.000300
[02.05 03:41:55] ┇ INFO    ┇    DeepKNLP.gner.trainer ┇ [training]  40%|████████            | 121/300 [0:04:22<0:06:38, 0.45Hz] | epoch=4.84, loss=0.003400
[02.05 03:41:55] ┇ INFO    ┇    DeepKNLP.gner.trainer ┇ [training]  41%|████████▏           | 122/300 [0:04:23<0:06:36, 0.45Hz] | epoch=4.88, loss=0.000200
[02.05 03:41:56] ┇ INFO    ┇    DeepKNLP.gner.trainer ┇ [training]  41%|████████▏           | 123/300 [0:04:23<0:06:34, 0.45Hz] | epoch=4.92, loss=0.000500
[02.05 03:41:56] ┇ INFO    ┇    DeepKNLP.gner.trainer ┇ [training]  41%|████████▎           | 124/300 [0:04:23<0:06:32, 0.45Hz] | epoch=4.96, loss=0.000600
[02.05 03:41:56] ┇ INFO    ┇    DeepKNLP.gner.trainer ┇ [training]  42%|████████▎           | 125/300 [0:04:23<0:06:29, 0.45Hz] | epoch=5.00, loss=0.000600
[02.05 03:42:21] ┇ INFO    ┇    DeepKNLP.gner.trainer ┇ [checking] 100%|████████████████████| 1/1 [0:00:00<0:00:00, 34895.74Hz]
[02.05 03:42:21] ┇ INFO    ┇    DeepKNLP.gner.trainer ┇ [training]  42%|████████▎           | 125/300 [0:04:23<0:06:29, 0.45Hz] | epoch=5.00, eval_average=0.7554
[02.05 03:42:21] ┇ INFO    ┇    DeepKNLP.gner.trainer ┇ [training]  42%|████████▍           | 126/300 [0:04:48<0:06:29, 0.45Hz] | epoch=5.04, loss=0.000500
[02.05 03:42:21] ┇ INFO    ┇    DeepKNLP.gner.trainer ┇ [training]  42%|████████▍           | 127/300 [0:04:49<0:06:26, 0.45Hz] | epoch=5.08, loss=0.000400
[02.05 03:42:22] ┇ INFO    ┇    DeepKNLP.gner.trainer ┇ [training]  43%|████████▌           | 128/300 [0:04:49<0:06:24, 0.45Hz] | epoch=5.12, loss=0.001800
[02.05 03:42:22] ┇ INFO    ┇    DeepKNLP.gner.trainer ┇ [training]  43%|████████▌           | 129/300 [0:04:49<0:06:22, 0.45Hz] | epoch=5.16, loss=0.000400
[02.05 03:42:22] ┇ INFO    ┇    DeepKNLP.gner.trainer ┇ [training]  43%|████████▋           | 130/300 [0:04:50<0:06:20, 0.45Hz] | epoch=5.20, loss=0.000200
[02.05 03:42:23] ┇ INFO    ┇    DeepKNLP.gner.trainer ┇ [training]  44%|████████▋           | 131/300 [0:04:50<0:06:17, 0.45Hz] | epoch=5.24, loss=0.002600
[02.05 03:42:23] ┇ INFO    ┇    DeepKNLP.gner.trainer ┇ [training]  44%|████████▊           | 132/300 [0:04:50<0:06:15, 0.45Hz] | epoch=5.28, loss=0.000500
[02.05 03:42:23] ┇ INFO    ┇    DeepKNLP.gner.trainer ┇ [training]  44%|████████▊           | 133/300 [0:04:51<0:06:13, 0.45Hz] | epoch=5.32, loss=0.000100
[02.05 03:42:24] ┇ INFO    ┇    DeepKNLP.gner.trainer ┇ [training]  45%|████████▉           | 134/300 [0:04:51<0:06:11, 0.45Hz] | epoch=5.36, loss=0.001600
[02.05 03:42:24] ┇ INFO    ┇    DeepKNLP.gner.trainer ┇ [training]  45%|█████████           | 135/300 [0:04:51<0:06:08, 0.45Hz] | epoch=5.40, loss=0.000000
[02.05 03:42:24] ┇ INFO    ┇    DeepKNLP.gner.trainer ┇ [training]  45%|█████████           | 136/300 [0:04:51<0:06:06, 0.45Hz] | epoch=5.44, loss=0.000100
[02.05 03:42:24] ┇ INFO    ┇    DeepKNLP.gner.trainer ┇ [training]  46%|█████████▏          | 137/300 [0:04:52<0:06:04, 0.45Hz] | epoch=5.48, loss=0.001000
[02.05 03:42:25] ┇ INFO    ┇    DeepKNLP.gner.trainer ┇ [training]  46%|█████████▏          | 138/300 [0:04:52<0:06:02, 0.45Hz] | epoch=5.52, loss=0.000300
[02.05 03:42:49] ┇ INFO    ┇    DeepKNLP.gner.trainer ┇ [checking] 100%|████████████████████| 1/1 [0:00:00<0:00:00, 37396.97Hz]
[02.05 03:42:49] ┇ INFO    ┇    DeepKNLP.gner.trainer ┇ [training]  46%|█████████▏          | 138/300 [0:04:52<0:06:02, 0.45Hz] | epoch=5.52, eval_average=0.7375
[02.05 03:42:49] ┇ INFO    ┇    DeepKNLP.gner.trainer ┇ [training]  46%|█████████▎          | 139/300 [0:05:17<0:06:00, 0.45Hz] | epoch=5.56, loss=0.000700
[02.05 03:42:50] ┇ INFO    ┇    DeepKNLP.gner.trainer ┇ [training]  47%|█████████▎          | 140/300 [0:05:17<0:05:57, 0.45Hz] | epoch=5.60, loss=0.000100
[02.05 03:42:50] ┇ INFO    ┇    DeepKNLP.gner.trainer ┇ [training]  47%|█████████▍          | 141/300 [0:05:17<0:05:55, 0.45Hz] | epoch=5.64, loss=0.000100
[02.05 03:42:50] ┇ INFO    ┇    DeepKNLP.gner.trainer ┇ [training]  47%|█████████▍          | 142/300 [0:05:17<0:05:53, 0.45Hz] | epoch=5.68, loss=0.000300
[02.05 03:42:50] ┇ INFO    ┇    DeepKNLP.gner.trainer ┇ [training]  48%|█████████▌          | 143/300 [0:05:18<0:05:51, 0.45Hz] | epoch=5.72, loss=0.010900
[02.05 03:42:51] ┇ INFO    ┇    DeepKNLP.gner.trainer ┇ [training]  48%|█████████▌          | 144/300 [0:05:18<0:05:48, 0.45Hz] | epoch=5.76, loss=0.000100
[02.05 03:42:51] ┇ INFO    ┇    DeepKNLP.gner.trainer ┇ [training]  48%|█████████▋          | 145/300 [0:05:18<0:05:46, 0.45Hz] | epoch=5.80, loss=0.000800
[02.05 03:42:51] ┇ INFO    ┇    DeepKNLP.gner.trainer ┇ [training]  49%|█████████▋          | 146/300 [0:05:19<0:05:44, 0.45Hz] | epoch=5.84, loss=0.002100
[02.05 03:42:52] ┇ INFO    ┇    DeepKNLP.gner.trainer ┇ [training]  49%|█████████▊          | 147/300 [0:05:19<0:05:42, 0.45Hz] | epoch=5.88, loss=0.000000
[02.05 03:42:52] ┇ INFO    ┇    DeepKNLP.gner.trainer ┇ [training]  49%|█████████▊          | 148/300 [0:05:19<0:05:39, 0.45Hz] | epoch=5.92, loss=0.000100
[02.05 03:42:52] ┇ INFO    ┇    DeepKNLP.gner.trainer ┇ [training]  50%|█████████▉          | 149/300 [0:05:19<0:05:37, 0.45Hz] | epoch=5.96, loss=0.000100
[02.05 03:42:52] ┇ INFO    ┇    DeepKNLP.gner.trainer ┇ [training]  50%|██████████          | 150/300 [0:05:20<0:05:35, 0.45Hz] | epoch=6.00, loss=0.000100
[02.05 03:43:17] ┇ INFO    ┇    DeepKNLP.gner.trainer ┇ [checking] 100%|████████████████████| 1/1 [0:00:00<0:00:00, 30414.17Hz]
[02.05 03:43:17] ┇ INFO    ┇    DeepKNLP.gner.trainer ┇ [training]  50%|██████████          | 150/300 [0:05:20<0:05:35, 0.45Hz] | epoch=6.00, eval_average=0.7648
[02.05 03:43:17] ┇ INFO    ┇    DeepKNLP.gner.trainer ┇ [training]  50%|██████████          | 151/300 [0:05:44<0:06:30, 0.38Hz] | epoch=6.04, loss=0.001100
[02.05 03:43:17] ┇ INFO    ┇    DeepKNLP.gner.trainer ┇ [training]  51%|██████████▏         | 152/300 [0:05:45<0:05:30, 0.45Hz] | epoch=6.08, loss=0.000000
[02.05 03:43:18] ┇ INFO    ┇    DeepKNLP.gner.trainer ┇ [training]  51%|██████████▏         | 153/300 [0:05:45<0:05:27, 0.45Hz] | epoch=6.12, loss=0.000100
[02.05 03:43:18] ┇ INFO    ┇    DeepKNLP.gner.trainer ┇ [training]  51%|██████████▎         | 154/300 [0:05:45<0:05:25, 0.45Hz] | epoch=6.16, loss=0.000100
[02.05 03:43:18] ┇ INFO    ┇    DeepKNLP.gner.trainer ┇ [training]  52%|██████████▎         | 155/300 [0:05:46<0:05:23, 0.45Hz] | epoch=6.20, loss=0.000300
[02.05 03:43:19] ┇ INFO    ┇    DeepKNLP.gner.trainer ┇ [training]  52%|██████████▍         | 156/300 [0:05:46<0:05:21, 0.45Hz] | epoch=6.24, loss=0.000200
[02.05 03:43:19] ┇ INFO    ┇    DeepKNLP.gner.trainer ┇ [training]  52%|██████████▍         | 157/300 [0:05:46<0:05:19, 0.45Hz] | epoch=6.28, loss=0.000100
[02.05 03:43:19] ┇ INFO    ┇    DeepKNLP.gner.trainer ┇ [training]  53%|██████████▌         | 158/300 [0:05:46<0:05:16, 0.45Hz] | epoch=6.32, loss=0.000100
[02.05 03:43:19] ┇ INFO    ┇    DeepKNLP.gner.trainer ┇ [training]  53%|██████████▌         | 159/300 [0:05:47<0:05:14, 0.45Hz] | epoch=6.36, loss=0.000900
[02.05 03:43:20] ┇ INFO    ┇    DeepKNLP.gner.trainer ┇ [training]  53%|██████████▋         | 160/300 [0:05:47<0:05:12, 0.45Hz] | epoch=6.40, loss=0.000500
[02.05 03:43:20] ┇ INFO    ┇    DeepKNLP.gner.trainer ┇ [training]  54%|██████████▋         | 161/300 [0:05:47<0:05:10, 0.45Hz] | epoch=6.44, loss=0.000100
[02.05 03:43:20] ┇ INFO    ┇    DeepKNLP.gner.trainer ┇ [training]  54%|██████████▊         | 162/300 [0:05:48<0:05:07, 0.45Hz] | epoch=6.48, loss=0.000600
[02.05 03:43:44] ┇ INFO    ┇    DeepKNLP.gner.trainer ┇ [checking] 100%|████████████████████| 1/1 [0:00:00<0:00:00, 37978.98Hz]
[02.05 03:43:45] ┇ INFO    ┇    DeepKNLP.gner.trainer ┇ [training]  54%|██████████▊         | 162/300 [0:05:48<0:05:07, 0.45Hz] | epoch=6.48, eval_average=0.7582
[02.05 03:43:45] ┇ INFO    ┇    DeepKNLP.gner.trainer ┇ [training]  54%|██████████▊         | 163/300 [0:06:12<0:05:58, 0.38Hz] | epoch=6.52, loss=0.000000
[02.05 03:43:45] ┇ INFO    ┇    DeepKNLP.gner.trainer ┇ [training]  55%|██████████▉         | 164/300 [0:06:12<0:05:03, 0.45Hz] | epoch=6.56, loss=0.000000
[02.05 03:43:45] ┇ INFO    ┇    DeepKNLP.gner.trainer ┇ [training]  55%|███████████         | 165/300 [0:06:13<0:05:01, 0.45Hz] | epoch=6.60, loss=0.000000
[02.05 03:43:46] ┇ INFO    ┇    DeepKNLP.gner.trainer ┇ [training]  55%|███████████         | 166/300 [0:06:13<0:04:59, 0.45Hz] | epoch=6.64, loss=0.000000
[02.05 03:43:46] ┇ INFO    ┇    DeepKNLP.gner.trainer ┇ [training]  56%|███████████▏        | 167/300 [0:06:13<0:04:56, 0.45Hz] | epoch=6.68, loss=0.000200
[02.05 03:43:46] ┇ INFO    ┇    DeepKNLP.gner.trainer ┇ [training]  56%|███████████▏        | 168/300 [0:06:14<0:04:54, 0.45Hz] | epoch=6.72, loss=0.000100
[02.05 03:43:47] ┇ INFO    ┇    DeepKNLP.gner.trainer ┇ [training]  56%|███████████▎        | 169/300 [0:06:14<0:04:52, 0.45Hz] | epoch=6.76, loss=0.001200
[02.05 03:43:47] ┇ INFO    ┇    DeepKNLP.gner.trainer ┇ [training]  57%|███████████▎        | 170/300 [0:06:14<0:04:50, 0.45Hz] | epoch=6.80, loss=0.001300
[02.05 03:43:47] ┇ INFO    ┇    DeepKNLP.gner.trainer ┇ [training]  57%|███████████▍        | 171/300 [0:06:15<0:04:47, 0.45Hz] | epoch=6.84, loss=0.000100
[02.05 03:43:48] ┇ INFO    ┇    DeepKNLP.gner.trainer ┇ [training]  57%|███████████▍        | 172/300 [0:06:15<0:04:45, 0.45Hz] | epoch=6.88, loss=0.000000
[02.05 03:43:48] ┇ INFO    ┇    DeepKNLP.gner.trainer ┇ [training]  58%|███████████▌        | 173/300 [0:06:15<0:04:43, 0.45Hz] | epoch=6.92, loss=0.000000
[02.05 03:43:48] ┇ INFO    ┇    DeepKNLP.gner.trainer ┇ [training]  58%|███████████▌        | 174/300 [0:06:15<0:04:41, 0.45Hz] | epoch=6.96, loss=0.000000
[02.05 03:43:48] ┇ INFO    ┇    DeepKNLP.gner.trainer ┇ [training]  58%|███████████▋        | 175/300 [0:06:16<0:04:38, 0.45Hz] | epoch=7.00, loss=0.000100
[02.05 03:44:12] ┇ INFO    ┇    DeepKNLP.gner.trainer ┇ [checking] 100%|████████████████████| 1/1 [0:00:00<0:00:00, 36189.48Hz]
[02.05 03:44:13] ┇ INFO    ┇    DeepKNLP.gner.trainer ┇ [training]  58%|███████████▋        | 175/300 [0:06:16<0:04:38, 0.45Hz] | epoch=7.00, eval_average=0.7674
[02.05 03:44:13] ┇ INFO    ┇    DeepKNLP.gner.trainer ┇ [training]  59%|███████████▋        | 176/300 [0:06:40<0:04:36, 0.45Hz] | epoch=7.04, loss=0.000000
[02.05 03:44:13] ┇ INFO    ┇    DeepKNLP.gner.trainer ┇ [training]  59%|███████████▊        | 177/300 [0:06:40<0:04:33, 0.45Hz] | epoch=7.08, loss=0.000000
[02.05 03:44:13] ┇ INFO    ┇    DeepKNLP.gner.trainer ┇ [training]  59%|███████████▊        | 178/300 [0:06:41<0:04:31, 0.45Hz] | epoch=7.12, loss=0.000000
[02.05 03:44:14] ┇ INFO    ┇    DeepKNLP.gner.trainer ┇ [training]  60%|███████████▉        | 179/300 [0:06:41<0:04:29, 0.45Hz] | epoch=7.16, loss=0.000000
[02.05 03:44:14] ┇ INFO    ┇    DeepKNLP.gner.trainer ┇ [training]  60%|████████████        | 180/300 [0:06:41<0:04:27, 0.45Hz] | epoch=7.20, loss=0.004400
[02.05 03:44:14] ┇ INFO    ┇    DeepKNLP.gner.trainer ┇ [training]  60%|████████████        | 181/300 [0:06:42<0:04:24, 0.45Hz] | epoch=7.24, loss=0.000000
[02.05 03:44:15] ┇ INFO    ┇    DeepKNLP.gner.trainer ┇ [training]  61%|████████████▏       | 182/300 [0:06:42<0:04:22, 0.45Hz] | epoch=7.28, loss=0.000000
[02.05 03:44:15] ┇ INFO    ┇    DeepKNLP.gner.trainer ┇ [training]  61%|████████████▏       | 183/300 [0:06:42<0:04:20, 0.45Hz] | epoch=7.32, loss=0.000100
[02.05 03:44:15] ┇ INFO    ┇    DeepKNLP.gner.trainer ┇ [training]  61%|████████████▎       | 184/300 [0:06:43<0:04:18, 0.45Hz] | epoch=7.36, loss=0.000000
[02.05 03:44:16] ┇ INFO    ┇    DeepKNLP.gner.trainer ┇ [training]  62%|████████████▎       | 185/300 [0:06:43<0:04:16, 0.45Hz] | epoch=7.40, loss=0.010900
[02.05 03:44:16] ┇ INFO    ┇    DeepKNLP.gner.trainer ┇ [training]  62%|████████████▍       | 186/300 [0:06:43<0:04:13, 0.45Hz] | epoch=7.44, loss=0.000100
[02.05 03:44:16] ┇ INFO    ┇    DeepKNLP.gner.trainer ┇ [training]  62%|████████████▍       | 187/300 [0:06:44<0:04:11, 0.45Hz] | epoch=7.48, loss=0.000000
[02.05 03:44:17] ┇ INFO    ┇    DeepKNLP.gner.trainer ┇ [training]  63%|████████████▌       | 188/300 [0:06:44<0:04:09, 0.45Hz] | epoch=7.52, loss=0.000000
[02.05 03:44:41] ┇ INFO    ┇    DeepKNLP.gner.trainer ┇ [checking] 100%|████████████████████| 1/1 [0:00:00<0:00:00, 32512.02Hz]
[02.05 03:44:41] ┇ INFO    ┇    DeepKNLP.gner.trainer ┇ [training]  63%|████████████▌       | 188/300 [0:06:44<0:04:09, 0.45Hz] | epoch=7.52, eval_average=0.7676
[02.05 03:44:41] ┇ INFO    ┇    DeepKNLP.gner.trainer ┇ [training]  63%|████████████▌       | 189/300 [0:07:08<0:04:06, 0.45Hz] | epoch=7.56, loss=0.000100
[02.05 03:44:41] ┇ INFO    ┇    DeepKNLP.gner.trainer ┇ [training]  63%|████████████▋       | 190/300 [0:07:09<0:04:04, 0.45Hz] | epoch=7.60, loss=0.000000
[02.05 03:44:42] ┇ INFO    ┇    DeepKNLP.gner.trainer ┇ [training]  64%|████████████▋       | 191/300 [0:07:09<0:04:01, 0.45Hz] | epoch=7.64, loss=0.000000
[02.05 03:44:42] ┇ INFO    ┇    DeepKNLP.gner.trainer ┇ [training]  64%|████████████▊       | 192/300 [0:07:09<0:03:59, 0.45Hz] | epoch=7.68, loss=0.000000
[02.05 03:44:42] ┇ INFO    ┇    DeepKNLP.gner.trainer ┇ [training]  64%|████████████▊       | 193/300 [0:07:10<0:03:57, 0.45Hz] | epoch=7.72, loss=0.000100
[02.05 03:44:43] ┇ INFO    ┇    DeepKNLP.gner.trainer ┇ [training]  65%|████████████▉       | 194/300 [0:07:10<0:03:55, 0.45Hz] | epoch=7.76, loss=0.000000
[02.05 03:44:43] ┇ INFO    ┇    DeepKNLP.gner.trainer ┇ [training]  65%|█████████████       | 195/300 [0:07:10<0:03:53, 0.45Hz] | epoch=7.80, loss=0.000000
[02.05 03:44:43] ┇ INFO    ┇    DeepKNLP.gner.trainer ┇ [training]  65%|█████████████       | 196/300 [0:07:10<0:03:50, 0.45Hz] | epoch=7.84, loss=0.000000
[02.05 03:44:43] ┇ INFO    ┇    DeepKNLP.gner.trainer ┇ [training]  66%|█████████████▏      | 197/300 [0:07:11<0:03:48, 0.45Hz] | epoch=7.88, loss=0.000000
[02.05 03:44:44] ┇ INFO    ┇    DeepKNLP.gner.trainer ┇ [training]  66%|█████████████▏      | 198/300 [0:07:11<0:03:46, 0.45Hz] | epoch=7.92, loss=0.000100
[02.05 03:44:44] ┇ INFO    ┇    DeepKNLP.gner.trainer ┇ [training]  66%|█████████████▎      | 199/300 [0:07:11<0:03:44, 0.45Hz] | epoch=7.96, loss=0.000100
[02.05 03:44:44] ┇ INFO    ┇    DeepKNLP.gner.trainer ┇ [training]  67%|█████████████▎      | 200/300 [0:07:12<0:03:42, 0.45Hz] | epoch=8.00, loss=0.000000
[02.05 03:45:09] ┇ INFO    ┇    DeepKNLP.gner.trainer ┇ [checking] 100%|████████████████████| 1/1 [0:00:00<0:00:00, 32628.60Hz]
[02.05 03:45:09] ┇ INFO    ┇    DeepKNLP.gner.trainer ┇ [training]  67%|█████████████▎      | 200/300 [0:07:12<0:03:42, 0.45Hz] | epoch=8.00, eval_average=0.7630
[02.05 03:45:09] ┇ INFO    ┇    DeepKNLP.gner.trainer ┇ [training]  67%|█████████████▍      | 201/300 [0:07:37<0:04:18, 0.38Hz] | epoch=8.04, loss=0.000100
[02.05 03:45:10] ┇ INFO    ┇    DeepKNLP.gner.trainer ┇ [training]  67%|█████████████▍      | 202/300 [0:07:37<0:03:38, 0.45Hz] | epoch=8.08, loss=0.000000
[02.05 03:45:10] ┇ INFO    ┇    DeepKNLP.gner.trainer ┇ [training]  68%|█████████████▌      | 203/300 [0:07:37<0:03:36, 0.45Hz] | epoch=8.12, loss=0.000000
[02.05 03:45:10] ┇ INFO    ┇    DeepKNLP.gner.trainer ┇ [training]  68%|█████████████▌      | 204/300 [0:07:37<0:03:33, 0.45Hz] | epoch=8.16, loss=0.000000
[02.05 03:45:10] ┇ INFO    ┇    DeepKNLP.gner.trainer ┇ [training]  68%|█████████████▋      | 205/300 [0:07:38<0:03:31, 0.45Hz] | epoch=8.20, loss=0.000000
[02.05 03:45:11] ┇ INFO    ┇    DeepKNLP.gner.trainer ┇ [training]  69%|█████████████▋      | 206/300 [0:07:38<0:03:29, 0.45Hz] | epoch=8.24, loss=0.000100
[02.05 03:45:11] ┇ INFO    ┇    DeepKNLP.gner.trainer ┇ [training]  69%|█████████████▊      | 207/300 [0:07:38<0:03:27, 0.45Hz] | epoch=8.28, loss=0.000400
[02.05 03:45:11] ┇ INFO    ┇    DeepKNLP.gner.trainer ┇ [training]  69%|█████████████▊      | 208/300 [0:07:39<0:03:24, 0.45Hz] | epoch=8.32, loss=0.000000
[02.05 03:45:12] ┇ INFO    ┇    DeepKNLP.gner.trainer ┇ [training]  70%|█████████████▉      | 209/300 [0:07:39<0:03:22, 0.45Hz] | epoch=8.36, loss=0.000000
[02.05 03:45:12] ┇ INFO    ┇    DeepKNLP.gner.trainer ┇ [training]  70%|██████████████      | 210/300 [0:07:39<0:03:20, 0.45Hz] | epoch=8.40, loss=0.000000
[02.05 03:45:12] ┇ INFO    ┇    DeepKNLP.gner.trainer ┇ [training]  70%|██████████████      | 211/300 [0:07:40<0:03:18, 0.45Hz] | epoch=8.44, loss=0.000000
[02.05 03:45:13] ┇ INFO    ┇    DeepKNLP.gner.trainer ┇ [training]  71%|██████████████▏     | 212/300 [0:07:40<0:03:16, 0.45Hz] | epoch=8.48, loss=0.000000
[02.05 03:45:37] ┇ INFO    ┇    DeepKNLP.gner.trainer ┇ [checking] 100%|████████████████████| 1/1 [0:00:00<0:00:00, 36721.68Hz]
[02.05 03:45:37] ┇ INFO    ┇    DeepKNLP.gner.trainer ┇ [training]  71%|██████████████▏     | 212/300 [0:07:40<0:03:16, 0.45Hz] | epoch=8.48, eval_average=0.7660
[02.05 03:45:37] ┇ INFO    ┇    DeepKNLP.gner.trainer ┇ [training]  71%|██████████████▏     | 213/300 [0:08:05<0:03:47, 0.38Hz] | epoch=8.52, loss=0.000100
[02.05 03:45:38] ┇ INFO    ┇    DeepKNLP.gner.trainer ┇ [training]  71%|██████████████▎     | 214/300 [0:08:05<0:03:11, 0.45Hz] | epoch=8.56, loss=0.000000
[02.05 03:45:38] ┇ INFO    ┇    DeepKNLP.gner.trainer ┇ [training]  72%|██████████████▎     | 215/300 [0:08:05<0:03:09, 0.45Hz] | epoch=8.60, loss=0.000000
[02.05 03:45:38] ┇ INFO    ┇    DeepKNLP.gner.trainer ┇ [training]  72%|██████████████▍     | 216/300 [0:08:06<0:03:07, 0.45Hz] | epoch=8.64, loss=0.000000
[02.05 03:45:39] ┇ INFO    ┇    DeepKNLP.gner.trainer ┇ [training]  72%|██████████████▍     | 217/300 [0:08:06<0:03:05, 0.45Hz] | epoch=8.68, loss=0.000000
[02.05 03:45:39] ┇ INFO    ┇    DeepKNLP.gner.trainer ┇ [training]  73%|██████████████▌     | 218/300 [0:08:06<0:03:03, 0.45Hz] | epoch=8.72, loss=0.000000
[02.05 03:45:39] ┇ INFO    ┇    DeepKNLP.gner.trainer ┇ [training]  73%|██████████████▌     | 219/300 [0:08:06<0:03:00, 0.45Hz] | epoch=8.76, loss=0.000000
[02.05 03:45:39] ┇ INFO    ┇    DeepKNLP.gner.trainer ┇ [training]  73%|██████████████▋     | 220/300 [0:08:07<0:02:58, 0.45Hz] | epoch=8.80, loss=0.000000
[02.05 03:45:40] ┇ INFO    ┇    DeepKNLP.gner.trainer ┇ [training]  74%|██████████████▋     | 221/300 [0:08:07<0:02:56, 0.45Hz] | epoch=8.84, loss=0.000100
[02.05 03:45:40] ┇ INFO    ┇    DeepKNLP.gner.trainer ┇ [training]  74%|██████████████▊     | 222/300 [0:08:07<0:02:54, 0.45Hz] | epoch=8.88, loss=0.000000
[02.05 03:45:40] ┇ INFO    ┇    DeepKNLP.gner.trainer ┇ [training]  74%|██████████████▊     | 223/300 [0:08:08<0:02:51, 0.45Hz] | epoch=8.92, loss=0.000000
[02.05 03:45:41] ┇ INFO    ┇    DeepKNLP.gner.trainer ┇ [training]  75%|██████████████▉     | 224/300 [0:08:08<0:02:49, 0.45Hz] | epoch=8.96, loss=0.000100
[02.05 03:45:41] ┇ INFO    ┇    DeepKNLP.gner.trainer ┇ [training]  75%|███████████████     | 225/300 [0:08:08<0:02:47, 0.45Hz] | epoch=9.00, loss=0.000000
[02.05 03:46:05] ┇ INFO    ┇    DeepKNLP.gner.trainer ┇ [checking] 100%|████████████████████| 1/1 [0:00:00<0:00:00, 37464.82Hz]
[02.05 03:46:06] ┇ INFO    ┇    DeepKNLP.gner.trainer ┇ [training]  75%|███████████████     | 225/300 [0:08:08<0:02:47, 0.45Hz] | epoch=9.00, eval_average=0.7650
[02.05 03:46:06] ┇ INFO    ┇    DeepKNLP.gner.trainer ┇ [training]  75%|███████████████     | 226/300 [0:08:33<0:02:45, 0.45Hz] | epoch=9.04, loss=0.000000
[02.05 03:46:06] ┇ INFO    ┇    DeepKNLP.gner.trainer ┇ [training]  76%|███████████████▏    | 227/300 [0:08:33<0:02:43, 0.45Hz] | epoch=9.08, loss=0.000000
[02.05 03:46:06] ┇ INFO    ┇    DeepKNLP.gner.trainer ┇ [training]  76%|███████████████▏    | 228/300 [0:08:34<0:02:41, 0.45Hz] | epoch=9.12, loss=0.000000
[02.05 03:46:07] ┇ INFO    ┇    DeepKNLP.gner.trainer ┇ [training]  76%|███████████████▎    | 229/300 [0:08:34<0:02:38, 0.45Hz] | epoch=9.16, loss=0.000100
[02.05 03:46:07] ┇ INFO    ┇    DeepKNLP.gner.trainer ┇ [training]  77%|███████████████▎    | 230/300 [0:08:34<0:02:36, 0.45Hz] | epoch=9.20, loss=0.000000
[02.05 03:46:07] ┇ INFO    ┇    DeepKNLP.gner.trainer ┇ [training]  77%|███████████████▍    | 231/300 [0:08:35<0:02:34, 0.45Hz] | epoch=9.24, loss=0.000000
[02.05 03:46:08] ┇ INFO    ┇    DeepKNLP.gner.trainer ┇ [training]  77%|███████████████▍    | 232/300 [0:08:35<0:02:32, 0.45Hz] | epoch=9.28, loss=0.000000
[02.05 03:46:08] ┇ INFO    ┇    DeepKNLP.gner.trainer ┇ [training]  78%|███████████████▌    | 233/300 [0:08:35<0:02:29, 0.45Hz] | epoch=9.32, loss=0.000000
[02.05 03:46:08] ┇ INFO    ┇    DeepKNLP.gner.trainer ┇ [training]  78%|███████████████▌    | 234/300 [0:08:36<0:02:27, 0.45Hz] | epoch=9.36, loss=0.000000
[02.05 03:46:09] ┇ INFO    ┇    DeepKNLP.gner.trainer ┇ [training]  78%|███████████████▋    | 235/300 [0:08:36<0:02:25, 0.45Hz] | epoch=9.40, loss=0.000000
[02.05 03:46:09] ┇ INFO    ┇    DeepKNLP.gner.trainer ┇ [training]  79%|███████████████▋    | 236/300 [0:08:36<0:02:23, 0.45Hz] | epoch=9.44, loss=0.000000
[02.05 03:46:09] ┇ INFO    ┇    DeepKNLP.gner.trainer ┇ [training]  79%|███████████████▊    | 237/300 [0:08:36<0:02:20, 0.45Hz] | epoch=9.48, loss=0.000000
[02.05 03:46:09] ┇ INFO    ┇    DeepKNLP.gner.trainer ┇ [training]  79%|███████████████▊    | 238/300 [0:08:37<0:02:18, 0.45Hz] | epoch=9.52, loss=0.000000
[02.05 03:46:34] ┇ INFO    ┇    DeepKNLP.gner.trainer ┇ [checking] 100%|████████████████████| 1/1 [0:00:00<0:00:00, 35294.91Hz]
[02.05 03:46:34] ┇ INFO    ┇    DeepKNLP.gner.trainer ┇ [training]  79%|███████████████▊    | 238/300 [0:08:37<0:02:18, 0.45Hz] | epoch=9.52, eval_average=0.7718
[02.05 03:46:34] ┇ INFO    ┇    DeepKNLP.gner.trainer ┇ [training]  80%|███████████████▉    | 239/300 [0:09:02<0:02:16, 0.45Hz] | epoch=9.56, loss=0.000000
[02.05 03:46:35] ┇ INFO    ┇    DeepKNLP.gner.trainer ┇ [training]  80%|████████████████    | 240/300 [0:09:02<0:02:14, 0.45Hz] | epoch=9.60, loss=0.000000
[02.05 03:46:35] ┇ INFO    ┇    DeepKNLP.gner.trainer ┇ [training]  80%|████████████████    | 241/300 [0:09:02<0:02:12, 0.45Hz] | epoch=9.64, loss=0.000000
[02.05 03:46:35] ┇ INFO    ┇    DeepKNLP.gner.trainer ┇ [training]  81%|████████████████▏   | 242/300 [0:09:03<0:02:10, 0.45Hz] | epoch=9.68, loss=0.000000
[02.05 03:46:36] ┇ INFO    ┇    DeepKNLP.gner.trainer ┇ [training]  81%|████████████████▏   | 243/300 [0:09:03<0:02:07, 0.45Hz] | epoch=9.72, loss=0.000000
[02.05 03:46:36] ┇ INFO    ┇    DeepKNLP.gner.trainer ┇ [training]  81%|████████████████▎   | 244/300 [0:09:03<0:02:05, 0.45Hz] | epoch=9.76, loss=0.000000
[02.05 03:46:36] ┇ INFO    ┇    DeepKNLP.gner.trainer ┇ [training]  82%|████████████████▎   | 245/300 [0:09:03<0:02:03, 0.45Hz] | epoch=9.80, loss=0.000000
[02.05 03:46:36] ┇ INFO    ┇    DeepKNLP.gner.trainer ┇ [training]  82%|████████████████▍   | 246/300 [0:09:04<0:02:01, 0.45Hz] | epoch=9.84, loss=0.000000
[02.05 03:46:37] ┇ INFO    ┇    DeepKNLP.gner.trainer ┇ [training]  82%|████████████████▍   | 247/300 [0:09:04<0:01:58, 0.45Hz] | epoch=9.88, loss=0.000000
[02.05 03:46:37] ┇ INFO    ┇    DeepKNLP.gner.trainer ┇ [training]  83%|████████████████▌   | 248/300 [0:09:04<0:01:56, 0.45Hz] | epoch=9.92, loss=0.000000
[02.05 03:46:37] ┇ INFO    ┇    DeepKNLP.gner.trainer ┇ [training]  83%|████████████████▌   | 249/300 [0:09:05<0:01:54, 0.45Hz] | epoch=9.96, loss=0.000000
[02.05 03:46:38] ┇ INFO    ┇    DeepKNLP.gner.trainer ┇ [training]  83%|████████████████▋   | 250/300 [0:09:05<0:01:52, 0.45Hz] | epoch=10.00, loss=0.000000
[02.05 03:47:02] ┇ INFO    ┇    DeepKNLP.gner.trainer ┇ [checking] 100%|████████████████████| 1/1 [0:00:00<0:00:00, 11225.97Hz]
[02.05 03:47:02] ┇ INFO    ┇    DeepKNLP.gner.trainer ┇ [training]  83%|████████████████▋   | 250/300 [0:09:05<0:01:52, 0.45Hz] | epoch=10.00, eval_average=0.7708
[02.05 03:47:02] ┇ INFO    ┇    DeepKNLP.gner.trainer ┇ [training]  84%|████████████████▋   | 251/300 [0:09:30<0:02:09, 0.38Hz] | epoch=10.04, loss=0.000000
[02.05 03:47:03] ┇ INFO    ┇    DeepKNLP.gner.trainer ┇ [training]  84%|████████████████▊   | 252/300 [0:09:30<0:01:48, 0.44Hz] | epoch=10.08, loss=0.000000
[02.05 03:47:03] ┇ INFO    ┇    DeepKNLP.gner.trainer ┇ [training]  84%|████████████████▊   | 253/300 [0:09:30<0:01:45, 0.44Hz] | epoch=10.12, loss=0.000000
[02.05 03:47:03] ┇ INFO    ┇    DeepKNLP.gner.trainer ┇ [training]  85%|████████████████▉   | 254/300 [0:09:31<0:01:43, 0.44Hz] | epoch=10.16, loss=0.000000
[02.05 03:47:04] ┇ INFO    ┇    DeepKNLP.gner.trainer ┇ [training]  85%|█████████████████   | 255/300 [0:09:31<0:01:41, 0.44Hz] | epoch=10.20, loss=0.000000
[02.05 03:47:04] ┇ INFO    ┇    DeepKNLP.gner.trainer ┇ [training]  85%|█████████████████   | 256/300 [0:09:31<0:01:39, 0.44Hz] | epoch=10.24, loss=0.000000
[02.05 03:47:04] ┇ INFO    ┇    DeepKNLP.gner.trainer ┇ [training]  86%|█████████████████▏  | 257/300 [0:09:32<0:01:36, 0.44Hz] | epoch=10.28, loss=0.000000
[02.05 03:47:05] ┇ INFO    ┇    DeepKNLP.gner.trainer ┇ [training]  86%|█████████████████▏  | 258/300 [0:09:32<0:01:34, 0.44Hz] | epoch=10.32, loss=0.000000
[02.05 03:47:05] ┇ INFO    ┇    DeepKNLP.gner.trainer ┇ [training]  86%|█████████████████▎  | 259/300 [0:09:32<0:01:32, 0.44Hz] | epoch=10.36, loss=0.000000
[02.05 03:47:05] ┇ INFO    ┇    DeepKNLP.gner.trainer ┇ [training]  87%|█████████████████▎  | 260/300 [0:09:32<0:01:30, 0.44Hz] | epoch=10.40, loss=0.000000
[02.05 03:47:05] ┇ INFO    ┇    DeepKNLP.gner.trainer ┇ [training]  87%|█████████████████▍  | 261/300 [0:09:33<0:01:27, 0.44Hz] | epoch=10.44, loss=0.000000
[02.05 03:47:06] ┇ INFO    ┇    DeepKNLP.gner.trainer ┇ [training]  87%|█████████████████▍  | 262/300 [0:09:33<0:01:25, 0.44Hz] | epoch=10.48, loss=0.000000
[02.05 03:47:30] ┇ INFO    ┇    DeepKNLP.gner.trainer ┇ [checking] 100%|████████████████████| 1/1 [0:00:00<0:00:00, 28591.94Hz]
[02.05 03:47:30] ┇ INFO    ┇    DeepKNLP.gner.trainer ┇ [training]  87%|█████████████████▍  | 262/300 [0:09:33<0:01:25, 0.44Hz] | epoch=10.48, eval_average=0.7708
[02.05 03:47:31] ┇ INFO    ┇    DeepKNLP.gner.trainer ┇ [training]  88%|█████████████████▌  | 263/300 [0:09:58<0:01:37, 0.38Hz] | epoch=10.52, loss=0.000000
[02.05 03:47:31] ┇ INFO    ┇    DeepKNLP.gner.trainer ┇ [training]  88%|█████████████████▌  | 264/300 [0:09:58<0:01:20, 0.44Hz] | epoch=10.56, loss=0.000100
[02.05 03:47:31] ┇ INFO    ┇    DeepKNLP.gner.trainer ┇ [training]  88%|█████████████████▋  | 265/300 [0:09:59<0:01:18, 0.44Hz] | epoch=10.60, loss=0.000000
[02.05 03:47:32] ┇ INFO    ┇    DeepKNLP.gner.trainer ┇ [training]  89%|█████████████████▋  | 266/300 [0:09:59<0:01:16, 0.44Hz] | epoch=10.64, loss=0.000000
[02.05 03:47:32] ┇ INFO    ┇    DeepKNLP.gner.trainer ┇ [training]  89%|█████████████████▊  | 267/300 [0:09:59<0:01:14, 0.44Hz] | epoch=10.68, loss=0.000000
[02.05 03:47:32] ┇ INFO    ┇    DeepKNLP.gner.trainer ┇ [training]  89%|█████████████████▊  | 268/300 [0:09:59<0:01:11, 0.44Hz] | epoch=10.72, loss=0.000000
[02.05 03:47:32] ┇ INFO    ┇    DeepKNLP.gner.trainer ┇ [training]  90%|█████████████████▉  | 269/300 [0:10:00<0:01:09, 0.44Hz] | epoch=10.76, loss=0.000000
[02.05 03:47:33] ┇ INFO    ┇    DeepKNLP.gner.trainer ┇ [training]  90%|██████████████████  | 270/300 [0:10:00<0:01:07, 0.44Hz] | epoch=10.80, loss=0.000000
[02.05 03:47:33] ┇ INFO    ┇    DeepKNLP.gner.trainer ┇ [training]  90%|██████████████████  | 271/300 [0:10:00<0:01:05, 0.44Hz] | epoch=10.84, loss=0.000000
[02.05 03:47:33] ┇ INFO    ┇    DeepKNLP.gner.trainer ┇ [training]  91%|██████████████████▏ | 272/300 [0:10:01<0:01:02, 0.44Hz] | epoch=10.88, loss=0.000000
[02.05 03:47:34] ┇ INFO    ┇    DeepKNLP.gner.trainer ┇ [training]  91%|██████████████████▏ | 273/300 [0:10:01<0:01:00, 0.44Hz] | epoch=10.92, loss=0.000000
[02.05 03:47:34] ┇ INFO    ┇    DeepKNLP.gner.trainer ┇ [training]  91%|██████████████████▎ | 274/300 [0:10:01<0:00:58, 0.44Hz] | epoch=10.96, loss=0.000000
[02.05 03:47:34] ┇ INFO    ┇    DeepKNLP.gner.trainer ┇ [training]  92%|██████████████████▎ | 275/300 [0:10:02<0:00:56, 0.44Hz] | epoch=11.00, loss=0.000000
[02.05 03:47:59] ┇ INFO    ┇    DeepKNLP.gner.trainer ┇ [checking] 100%|████████████████████| 1/1 [0:00:00<0:00:00, 13915.06Hz]
[02.05 03:47:59] ┇ INFO    ┇    DeepKNLP.gner.trainer ┇ [training]  92%|██████████████████▎ | 275/300 [0:10:02<0:00:56, 0.44Hz] | epoch=11.00, eval_average=0.7708
[02.05 03:47:59] ┇ INFO    ┇    DeepKNLP.gner.trainer ┇ [training]  92%|██████████████████▍ | 276/300 [0:10:26<0:00:53, 0.44Hz] | epoch=11.04, loss=0.000000
[02.05 03:47:59] ┇ INFO    ┇    DeepKNLP.gner.trainer ┇ [training]  92%|██████████████████▍ | 277/300 [0:10:27<0:00:51, 0.44Hz] | epoch=11.08, loss=0.000000
[02.05 03:48:00] ┇ INFO    ┇    DeepKNLP.gner.trainer ┇ [training]  93%|██████████████████▌ | 278/300 [0:10:27<0:00:49, 0.44Hz] | epoch=11.12, loss=0.000000
[02.05 03:48:00] ┇ INFO    ┇    DeepKNLP.gner.trainer ┇ [training]  93%|██████████████████▌ | 279/300 [0:10:27<0:00:47, 0.44Hz] | epoch=11.16, loss=0.000000
[02.05 03:48:00] ┇ INFO    ┇    DeepKNLP.gner.trainer ┇ [training]  93%|██████████████████▋ | 280/300 [0:10:28<0:00:45, 0.44Hz] | epoch=11.20, loss=0.000000
[02.05 03:48:01] ┇ INFO    ┇    DeepKNLP.gner.trainer ┇ [training]  94%|██████████████████▋ | 281/300 [0:10:28<0:00:42, 0.44Hz] | epoch=11.24, loss=0.000000
[02.05 03:48:01] ┇ INFO    ┇    DeepKNLP.gner.trainer ┇ [training]  94%|██████████████████▊ | 282/300 [0:10:28<0:00:40, 0.44Hz] | epoch=11.28, loss=0.000000
[02.05 03:48:01] ┇ INFO    ┇    DeepKNLP.gner.trainer ┇ [training]  94%|██████████████████▊ | 283/300 [0:10:29<0:00:38, 0.44Hz] | epoch=11.32, loss=0.000000
[02.05 03:48:02] ┇ INFO    ┇    DeepKNLP.gner.trainer ┇ [training]  95%|██████████████████▉ | 284/300 [0:10:29<0:00:36, 0.44Hz] | epoch=11.36, loss=0.000000
[02.05 03:48:02] ┇ INFO    ┇    DeepKNLP.gner.trainer ┇ [training]  95%|███████████████████ | 285/300 [0:10:29<0:00:33, 0.44Hz] | epoch=11.40, loss=0.000000
[02.05 03:48:02] ┇ INFO    ┇    DeepKNLP.gner.trainer ┇ [training]  95%|███████████████████ | 286/300 [0:10:29<0:00:31, 0.44Hz] | epoch=11.44, loss=0.000000
[02.05 03:48:02] ┇ INFO    ┇    DeepKNLP.gner.trainer ┇ [training]  96%|███████████████████▏| 287/300 [0:10:30<0:00:29, 0.44Hz] | epoch=11.48, loss=0.000000
[02.05 03:48:03] ┇ INFO    ┇    DeepKNLP.gner.trainer ┇ [training]  96%|███████████████████▏| 288/300 [0:10:30<0:00:26, 0.44Hz] | epoch=11.52, loss=0.000000
[02.05 03:48:27] ┇ INFO    ┇    DeepKNLP.gner.trainer ┇ [checking] 100%|████████████████████| 1/1 [0:00:00<0:00:00, 35906.29Hz]
[02.05 03:48:27] ┇ INFO    ┇    DeepKNLP.gner.trainer ┇ [training]  96%|███████████████████▏| 288/300 [0:10:30<0:00:26, 0.44Hz] | epoch=11.52, eval_average=0.7698
[02.05 03:48:28] ┇ INFO    ┇    DeepKNLP.gner.trainer ┇ [training]  96%|███████████████████▎| 289/300 [0:10:55<0:00:24, 0.44Hz] | epoch=11.56, loss=0.000000
[02.05 03:48:28] ┇ INFO    ┇    DeepKNLP.gner.trainer ┇ [training]  97%|███████████████████▎| 290/300 [0:10:55<0:00:22, 0.44Hz] | epoch=11.60, loss=0.000000
[02.05 03:48:28] ┇ INFO    ┇    DeepKNLP.gner.trainer ┇ [training]  97%|███████████████████▍| 291/300 [0:10:55<0:00:20, 0.44Hz] | epoch=11.64, loss=0.000000
[02.05 03:48:28] ┇ INFO    ┇    DeepKNLP.gner.trainer ┇ [training]  97%|███████████████████▍| 292/300 [0:10:56<0:00:17, 0.44Hz] | epoch=11.68, loss=0.000000
[02.05 03:48:29] ┇ INFO    ┇    DeepKNLP.gner.trainer ┇ [training]  98%|███████████████████▌| 293/300 [0:10:56<0:00:15, 0.44Hz] | epoch=11.72, loss=0.000000
[02.05 03:48:29] ┇ INFO    ┇    DeepKNLP.gner.trainer ┇ [training]  98%|███████████████████▌| 294/300 [0:10:56<0:00:13, 0.44Hz] | epoch=11.76, loss=0.000000
[02.05 03:48:29] ┇ INFO    ┇    DeepKNLP.gner.trainer ┇ [training]  98%|███████████████████▋| 295/300 [0:10:57<0:00:11, 0.44Hz] | epoch=11.80, loss=0.000000
[02.05 03:48:30] ┇ INFO    ┇    DeepKNLP.gner.trainer ┇ [training]  99%|███████████████████▋| 296/300 [0:10:57<0:00:09, 0.44Hz] | epoch=11.84, loss=0.000000
[02.05 03:48:30] ┇ INFO    ┇    DeepKNLP.gner.trainer ┇ [training]  99%|███████████████████▊| 297/300 [0:10:57<0:00:06, 0.44Hz] | epoch=11.88, loss=0.000000
[02.05 03:48:30] ┇ INFO    ┇    DeepKNLP.gner.trainer ┇ [training]  99%|███████████████████▊| 298/300 [0:10:58<0:00:04, 0.44Hz] | epoch=11.92, loss=0.000000
[02.05 03:48:31] ┇ INFO    ┇    DeepKNLP.gner.trainer ┇ [training] 100%|███████████████████▉| 299/300 [0:10:58<0:00:02, 0.44Hz] | epoch=11.96, loss=0.000000
[02.05 03:48:31] ┇ INFO    ┇    DeepKNLP.gner.trainer ┇ [training] 100%|████████████████████| 300/300 [0:10:58<0:00:00, 0.44Hz] | epoch=12.00, loss=0.000000
[02.05 03:48:55] ┇ INFO    ┇    DeepKNLP.gner.trainer ┇ [checking] 100%|████████████████████| 1/1 [0:00:00<0:00:00, 30217.31Hz]
[02.05 03:48:55] ┇ INFO    ┇    DeepKNLP.gner.trainer ┇ [training] 100%|████████████████████| 300/300 [0:10:58<0:00:00, 0.44Hz] | epoch=12.00, eval_average=0.7708
[02.05 03:48:55] ┇ INFO    ┇    DeepKNLP.gner.trainer ┇ [training] 100%|████████████████████| 300/300 [0:10:58<0:00:00, 0.44Hz] | epoch=12.00, train_loss=0.0137, total_pflos=11.110
[02.05 03:48:55] ┇ INFO    ┇    DeepKNLP.gner.trainer ┇ -----------------------------------------------------------------------------------------------------------------------------------------
[02.05 03:48:55] ┇ INFO    ┇                 DeepKNLP ┇ Train output metrics: {'train_runtime': 683.2084, 'train_samples_per_second': 1.756, 'train_steps_per_second': 0.439, 'total_flos': 1.1109664636796928e+16, 'train_loss': 0.01372525290769469, 'epoch': 12.0}
[02.05 03:48:56] ┇ INFO    ┇           chrisbase.data ┇ =========================================================================================================================================
[02.05 03:48:56] ┇ INFO    ┇           chrisbase.data ┇ [EXIT] python task2-nerG-trainer.py --local_rank=0 --trainer_deepspeed configs/deepspeed/ds2_llama.json --run_version Phi3-4B-BL --pretrained microsoft/Phi-3-mini-4k-instruct --eval_epochs 0.5 --num_train_epochs 12 --gradient_accumulation_steps 1 --eval_file data/gner/each-sampled/crossner_ai-dev=100.jsonl --train_file data/gner/each/crossner_ai-train.jsonl --output_file train-metrics-crossner_ai-12ep.csv --logging_file train-loggings-crossner_ai-12ep.out --use_flash_attention ($=00:11:46.461)
[02.05 03:48:56] ┇ INFO    ┇           chrisbase.data ┇ =========================================================================================================================================
[02.05 03:48:58] ┇ INFO    ┇ torch._inductor.remote_cache ┇ Cache Metrics: None

[02.05 03:48:58] ┇ INFO    ┇ torch._dynamo.eval_frame ┇ TorchDynamo attempted to trace the following frames: [

]
[02.05 03:48:58] ┇ INFO    ┇      torch._dynamo.utils ┇ TorchDynamo compilation metrics:
Function    Runtimes (s)
----------  --------------
[02.05 03:48:58] ┇ INFO    ┇ torch._inductor.remote_cache ┇ Cache Metrics: None

[02.05 03:48:58] ┇ INFO    ┇ torch._dynamo.eval_frame ┇ TorchDynamo attempted to trace the following frames: [

]
[02.05 03:48:58] ┇ INFO    ┇      torch._dynamo.utils ┇ TorchDynamo compilation metrics:
Function    Runtimes (s)
----------  --------------
[02.05 03:48:58] ┇ INFO    ┇ torch._subclasses.fake_tensor ┇ FakeTensor cache stats:
[02.05 03:48:58] ┇ INFO    ┇ torch._subclasses.fake_tensor ┇   cache_hits: 0
[02.05 03:48:58] ┇ INFO    ┇ torch._subclasses.fake_tensor ┇   cache_misses: 0
[02.05 03:48:58] ┇ INFO    ┇ torch._subclasses.fake_tensor ┇ FakeTensor cache stats:
[02.05 03:48:58] ┇ INFO    ┇ torch._subclasses.fake_tensor ┇   cache_hits: 0
[02.05 03:48:58] ┇ INFO    ┇ torch._subclasses.fake_tensor ┇   cache_misses: 0
[02.05 03:48:58] ┇ INFO    ┇ torch._inductor.remote_cache ┇ Cache Metrics: None

[02.05 03:48:58] ┇ INFO    ┇ torch._dynamo.eval_frame ┇ TorchDynamo attempted to trace the following frames: [

]
[02.05 03:48:58] ┇ INFO    ┇      torch._dynamo.utils ┇ TorchDynamo compilation metrics:
Function    Runtimes (s)
----------  --------------
[02.05 03:48:58] ┇ INFO    ┇ torch._subclasses.fake_tensor ┇ FakeTensor cache stats:
[02.05 03:48:58] ┇ INFO    ┇ torch._subclasses.fake_tensor ┇   cache_hits: 0
[02.05 03:48:58] ┇ INFO    ┇ torch._subclasses.fake_tensor ┇   cache_misses: 0
[02.05 03:48:58] ┇ INFO    ┇ torch._inductor.remote_cache ┇ Cache Metrics: None

[02.05 03:48:58] ┇ INFO    ┇ torch._dynamo.eval_frame ┇ TorchDynamo attempted to trace the following frames: [

]
[02.05 03:48:58] ┇ INFO    ┇      torch._dynamo.utils ┇ TorchDynamo compilation metrics:
Function    Runtimes (s)
----------  --------------
[02.05 03:48:58] ┇ INFO    ┇ torch._subclasses.fake_tensor ┇ FakeTensor cache stats:
[02.05 03:48:58] ┇ INFO    ┇ torch._subclasses.fake_tensor ┇   cache_hits: 0
[02.05 03:48:58] ┇ INFO    ┇ torch._subclasses.fake_tensor ┇   cache_misses: 0
