[01.30 21:43:18] ┇ INFO    ┇           chrisbase.data ┇ =========================================================================================================================================
[01.30 21:43:18] ┇ INFO    ┇           chrisbase.data ┇ [INIT] python task2-nerG-trainer.py --local_rank=0 --trainer_deepspeed configs/deepspeed/ds1_llama.json
[01.30 21:43:18] ┇ INFO    ┇           chrisbase.data ┇ =========================================================================================================================================
[01.30 21:43:18] ┇ INFO    ┇           chrisbase.data ┇ -----------------------------------------------------------------------------------------------------------------------------------------
[01.30 21:43:18] ┇ INFO    ┇           chrisbase.data ┇   #	TrainingArgumentsForAccelerator              	value
[01.30 21:43:18] ┇ INFO    ┇           chrisbase.data ┇ -----------------------------------------------------------------------------------------------------------------------------------------
[01.30 21:43:18] ┇ INFO    ┇           chrisbase.data ┇   1	env.hostname                                 	ptlm3
[01.30 21:43:18] ┇ INFO    ┇           chrisbase.data ┇   2	env.hostaddr                                 	129.254.121.74
[01.30 21:43:18] ┇ INFO    ┇           chrisbase.data ┇   3	env.global_rank                              	-1
[01.30 21:43:18] ┇ INFO    ┇           chrisbase.data ┇   4	env.local_rank                               	0
[01.30 21:43:18] ┇ INFO    ┇           chrisbase.data ┇   5	env.node_rank                                	-1
[01.30 21:43:18] ┇ INFO    ┇           chrisbase.data ┇   6	env.world_size                               	4
[01.30 21:43:18] ┇ INFO    ┇           chrisbase.data ┇   7	env.time_stamp                               	0130-214312
[01.30 21:43:18] ┇ INFO    ┇           chrisbase.data ┇   8	env.python_path                              	/home/chrisjihee/miniforge3/envs/DeepKNLP/bin/python
[01.30 21:43:18] ┇ INFO    ┇           chrisbase.data ┇   9	env.current_dir                              	/home/chrisjihee/proj/DeepKNLP
[01.30 21:43:18] ┇ INFO    ┇           chrisbase.data ┇  10	env.current_file                             	task2-nerG-trainer.py
[01.30 21:43:18] ┇ INFO    ┇           chrisbase.data ┇  11	env.command_args                             	['--local_rank=0', '--trainer_deepspeed', 'configs/deepspeed/ds1_llama.json']
[01.30 21:43:18] ┇ INFO    ┇           chrisbase.data ┇  12	env.output_home                              	output
[01.30 21:43:18] ┇ INFO    ┇           chrisbase.data ┇  13	env.output_name                              	GNER
[01.30 21:43:18] ┇ INFO    ┇           chrisbase.data ┇  14	env.run_version                              	EAGLE-1B-supervised
[01.30 21:43:18] ┇ INFO    ┇           chrisbase.data ┇  15	env.output_file                              	train-metrics-0130-214312.csv
[01.30 21:43:18] ┇ INFO    ┇           chrisbase.data ┇  16	env.logging_file                             	train-loggings-0130-214312.out
[01.30 21:43:18] ┇ INFO    ┇           chrisbase.data ┇  17	env.logging_level                            	30
[01.30 21:43:18] ┇ INFO    ┇           chrisbase.data ┇  18	env.logging_format                           	%(asctime)s ┇ %(levelname)-7s ┇ %(name)24s ┇ %(message)s
[01.30 21:43:18] ┇ INFO    ┇           chrisbase.data ┇  19	env.datetime_format                          	[%m.%d %H:%M:%S]
[01.30 21:43:18] ┇ INFO    ┇           chrisbase.data ┇  20	env.argument_file                            	train-arguments-0130-214312.json
[01.30 21:43:18] ┇ INFO    ┇           chrisbase.data ┇  21	env.random_seed                              	7
[01.30 21:43:18] ┇ INFO    ┇           chrisbase.data ┇  22	env.max_workers                              	4
[01.30 21:43:18] ┇ INFO    ┇           chrisbase.data ┇  23	env.debugging                                	False
[01.30 21:43:18] ┇ INFO    ┇           chrisbase.data ┇  24	env.output_dir                               	output/GNER/EAGLE-1B-supervised
[01.30 21:43:18] ┇ INFO    ┇           chrisbase.data ┇  25	time.t1                                      	2025-01-30 21:43:18.228733
[01.30 21:43:18] ┇ INFO    ┇           chrisbase.data ┇  26	time.t2                                      	2025-01-30 21:43:12.694259
[01.30 21:43:18] ┇ INFO    ┇           chrisbase.data ┇  27	time.started                                 	[01.30 21:43:18]
[01.30 21:43:18] ┇ INFO    ┇           chrisbase.data ┇  28	time.settled
[01.30 21:43:18] ┇ INFO    ┇           chrisbase.data ┇  29	time.elapsed
[01.30 21:43:18] ┇ INFO    ┇           chrisbase.data ┇  30	data.pretrained                              	etri-lirs/egpt-1.3b-preview
[01.30 21:43:18] ┇ INFO    ┇           chrisbase.data ┇  31	data.train_file                              	data/gner/zero-shot-train.jsonl
[01.30 21:43:18] ┇ INFO    ┇           chrisbase.data ┇  32	data.study_file
[01.30 21:43:18] ┇ INFO    ┇           chrisbase.data ┇  33	data.eval_file                               	data/gner/zero-shot-dev-100.jsonl
[01.30 21:43:18] ┇ INFO    ┇           chrisbase.data ┇  34	data.pred_file                               	data/gner/zero-shot-test-100.jsonl
[01.30 21:43:18] ┇ INFO    ┇           chrisbase.data ┇  35	data.max_train_samples                       	-1
[01.30 21:43:18] ┇ INFO    ┇           chrisbase.data ┇  36	data.max_study_samples                       	-1
[01.30 21:43:18] ┇ INFO    ┇           chrisbase.data ┇  37	data.max_eval_samples                        	-1
[01.30 21:43:18] ┇ INFO    ┇           chrisbase.data ┇  38	data.max_pred_samples                        	-1
[01.30 21:43:18] ┇ INFO    ┇           chrisbase.data ┇  39	data.use_cache_data                          	True
[01.30 21:43:18] ┇ INFO    ┇           chrisbase.data ┇  40	data.progress_seconds                        	10.0
[01.30 21:43:18] ┇ INFO    ┇           chrisbase.data ┇  41	data.max_source_length                       	640
[01.30 21:43:18] ┇ INFO    ┇           chrisbase.data ┇  42	data.max_target_length                       	640
[01.30 21:43:18] ┇ INFO    ┇           chrisbase.data ┇  43	data.ignore_pad_token_for_loss               	True
[01.30 21:43:18] ┇ INFO    ┇           chrisbase.data ┇  44	train._n_gpu                                 	1
[01.30 21:43:18] ┇ INFO    ┇           chrisbase.data ┇  45	train.accelerator_config                     	{'split_batches': False, 'dispatch_batches': None, 'even_batches': True, 'use_seedable_sampler': True, 'non_blocking': False, 'gradient_accumulation_kwargs': None, 'use_configured_state': False}
[01.30 21:43:18] ┇ INFO    ┇           chrisbase.data ┇  46	train.adafactor                              	False
[01.30 21:43:18] ┇ INFO    ┇           chrisbase.data ┇  47	train.adam_beta1                             	0.9
[01.30 21:43:18] ┇ INFO    ┇           chrisbase.data ┇  48	train.adam_beta2                             	0.999
[01.30 21:43:18] ┇ INFO    ┇           chrisbase.data ┇  49	train.adam_epsilon                           	1e-08
[01.30 21:43:18] ┇ INFO    ┇           chrisbase.data ┇  50	train.auto_find_batch_size                   	False
[01.30 21:43:18] ┇ INFO    ┇           chrisbase.data ┇  51	train.average_tokens_across_devices          	False
[01.30 21:43:18] ┇ INFO    ┇           chrisbase.data ┇  52	train.batch_eval_metrics                     	False
[01.30 21:43:18] ┇ INFO    ┇           chrisbase.data ┇  53	train.bf16                                   	True
[01.30 21:43:18] ┇ INFO    ┇           chrisbase.data ┇  54	train.bf16_full_eval                         	True
[01.30 21:43:18] ┇ INFO    ┇           chrisbase.data ┇  55	train.data_seed
[01.30 21:43:18] ┇ INFO    ┇           chrisbase.data ┇  56	train.dataloader_drop_last                   	False
[01.30 21:43:18] ┇ INFO    ┇           chrisbase.data ┇  57	train.dataloader_num_workers                 	0
[01.30 21:43:18] ┇ INFO    ┇           chrisbase.data ┇  58	train.dataloader_persistent_workers          	False
[01.30 21:43:18] ┇ INFO    ┇           chrisbase.data ┇  59	train.dataloader_pin_memory                  	True
[01.30 21:43:18] ┇ INFO    ┇           chrisbase.data ┇  60	train.dataloader_prefetch_factor
[01.30 21:43:18] ┇ INFO    ┇           chrisbase.data ┇  61	train.ddp_backend
[01.30 21:43:18] ┇ INFO    ┇           chrisbase.data ┇  62	train.ddp_broadcast_buffers
[01.30 21:43:18] ┇ INFO    ┇           chrisbase.data ┇  63	train.ddp_bucket_cap_mb
[01.30 21:43:18] ┇ INFO    ┇           chrisbase.data ┇  64	train.ddp_find_unused_parameters
[01.30 21:43:18] ┇ INFO    ┇           chrisbase.data ┇  65	train.ddp_timeout                            	1800
[01.30 21:43:18] ┇ INFO    ┇           chrisbase.data ┇  66	train.debug                                  	[]
[01.30 21:43:18] ┇ INFO    ┇           chrisbase.data ┇  67	train.deepspeed                              	configs/deepspeed/ds1_llama.json
[01.30 21:43:18] ┇ INFO    ┇           chrisbase.data ┇  68	train.disable_tqdm                           	True
[01.30 21:43:18] ┇ INFO    ┇           chrisbase.data ┇  69	train.dispatch_batches
[01.30 21:43:18] ┇ INFO    ┇           chrisbase.data ┇  70	train.do_eval                                	True
[01.30 21:43:18] ┇ INFO    ┇           chrisbase.data ┇  71	train.do_predict                             	False
[01.30 21:43:18] ┇ INFO    ┇           chrisbase.data ┇  72	train.do_train                               	True
[01.30 21:43:18] ┇ INFO    ┇           chrisbase.data ┇  73	train.eval_accumulation_steps                	1
[01.30 21:43:18] ┇ INFO    ┇           chrisbase.data ┇  74	train.eval_delay                             	0
[01.30 21:43:18] ┇ INFO    ┇           chrisbase.data ┇  75	train.eval_do_concat_batches                 	True
[01.30 21:43:18] ┇ INFO    ┇           chrisbase.data ┇  76	train.eval_epochs                            	0.3333333333333333
[01.30 21:43:18] ┇ INFO    ┇           chrisbase.data ┇  77	train.eval_on_start                          	False
[01.30 21:43:18] ┇ INFO    ┇           chrisbase.data ┇  78	train.eval_steps                             	9223372036854775807
[01.30 21:43:18] ┇ INFO    ┇           chrisbase.data ┇  79	train.eval_strategy                          	IntervalStrategy.NO
[01.30 21:43:18] ┇ INFO    ┇           chrisbase.data ┇  80	train.eval_use_gather_object                 	False
[01.30 21:43:18] ┇ INFO    ┇           chrisbase.data ┇  81	train.evaluation_strategy
[01.30 21:43:18] ┇ INFO    ┇           chrisbase.data ┇  82	train.fp16                                   	False
[01.30 21:43:18] ┇ INFO    ┇           chrisbase.data ┇  83	train.fp16_backend                           	auto
[01.30 21:43:18] ┇ INFO    ┇           chrisbase.data ┇  84	train.fp16_full_eval                         	False
[01.30 21:43:18] ┇ INFO    ┇           chrisbase.data ┇  85	train.fp16_opt_level                         	O1
[01.30 21:43:18] ┇ INFO    ┇           chrisbase.data ┇  86	train.fsdp                                   	[]
[01.30 21:43:18] ┇ INFO    ┇           chrisbase.data ┇  87	train.fsdp_config                            	{'min_num_params': 0, 'xla': False, 'xla_fsdp_v2': False, 'xla_fsdp_grad_ckpt': False}
[01.30 21:43:18] ┇ INFO    ┇           chrisbase.data ┇  88	train.fsdp_min_num_params                    	0
[01.30 21:43:18] ┇ INFO    ┇           chrisbase.data ┇  89	train.fsdp_transformer_layer_cls_to_wrap
[01.30 21:43:18] ┇ INFO    ┇           chrisbase.data ┇  90	train.full_determinism                       	False
[01.30 21:43:18] ┇ INFO    ┇           chrisbase.data ┇  91	train.generation_config
[01.30 21:43:18] ┇ INFO    ┇           chrisbase.data ┇  92	train.generation_max_length                  	640
[01.30 21:43:18] ┇ INFO    ┇           chrisbase.data ┇  93	train.generation_num_beams
[01.30 21:43:18] ┇ INFO    ┇           chrisbase.data ┇  94	train.gradient_accumulation_steps            	4
[01.30 21:43:18] ┇ INFO    ┇           chrisbase.data ┇  95	train.gradient_checkpointing                 	True
[01.30 21:43:18] ┇ INFO    ┇           chrisbase.data ┇  96	train.gradient_checkpointing_kwargs
[01.30 21:43:18] ┇ INFO    ┇           chrisbase.data ┇  97	train.greater_is_better
[01.30 21:43:18] ┇ INFO    ┇           chrisbase.data ┇  98	train.group_by_length                        	False
[01.30 21:43:18] ┇ INFO    ┇           chrisbase.data ┇  99	train.half_precision_backend                 	auto
[01.30 21:43:18] ┇ INFO    ┇           chrisbase.data ┇ 100	train.hub_always_push                        	False
[01.30 21:43:18] ┇ INFO    ┇           chrisbase.data ┇ 101	train.hub_model_id
[01.30 21:43:18] ┇ INFO    ┇           chrisbase.data ┇ 102	train.hub_private_repo
[01.30 21:43:18] ┇ INFO    ┇           chrisbase.data ┇ 103	train.hub_strategy                           	HubStrategy.EVERY_SAVE
[01.30 21:43:18] ┇ INFO    ┇           chrisbase.data ┇ 104	train.hub_token
[01.30 21:43:18] ┇ INFO    ┇           chrisbase.data ┇ 105	train.ignore_data_skip                       	False
[01.30 21:43:18] ┇ INFO    ┇           chrisbase.data ┇ 106	train.include_for_metrics                    	[]
[01.30 21:43:18] ┇ INFO    ┇           chrisbase.data ┇ 107	train.include_inputs_for_metrics             	False
[01.30 21:43:18] ┇ INFO    ┇           chrisbase.data ┇ 108	train.include_num_input_tokens_seen          	False
[01.30 21:43:18] ┇ INFO    ┇           chrisbase.data ┇ 109	train.include_tokens_per_second              	False
[01.30 21:43:18] ┇ INFO    ┇           chrisbase.data ┇ 110	train.jit_mode_eval                          	False
[01.30 21:43:18] ┇ INFO    ┇           chrisbase.data ┇ 111	train.label_names
[01.30 21:43:18] ┇ INFO    ┇           chrisbase.data ┇ 112	train.label_smoothing_factor                 	0.0
[01.30 21:43:18] ┇ INFO    ┇           chrisbase.data ┇ 113	train.learning_rate                          	2e-05
[01.30 21:43:18] ┇ INFO    ┇           chrisbase.data ┇ 114	train.length_column_name                     	length
[01.30 21:43:18] ┇ INFO    ┇           chrisbase.data ┇ 115	train.load_best_model_at_end                 	False
[01.30 21:43:18] ┇ INFO    ┇           chrisbase.data ┇ 116	train.local_rank                             	0
[01.30 21:43:18] ┇ INFO    ┇           chrisbase.data ┇ 117	train.log_level                              	warning
[01.30 21:43:18] ┇ INFO    ┇           chrisbase.data ┇ 118	train.log_level_replica                      	error
[01.30 21:43:18] ┇ INFO    ┇           chrisbase.data ┇ 119	train.log_on_each_node                       	True
[01.30 21:43:18] ┇ INFO    ┇           chrisbase.data ┇ 120	train.logging_dir                            	output/GNER/EAGLE-1B-supervised/runs/Jan30_21-43-16_ptlm3
[01.30 21:43:18] ┇ INFO    ┇           chrisbase.data ┇ 121	train.logging_epochs                         	-1.0
[01.30 21:43:18] ┇ INFO    ┇           chrisbase.data ┇ 122	train.logging_first_step                     	False
[01.30 21:43:18] ┇ INFO    ┇           chrisbase.data ┇ 123	train.logging_nan_inf_filter                 	True
[01.30 21:43:18] ┇ INFO    ┇           chrisbase.data ┇ 124	train.logging_steps                          	5
[01.30 21:43:18] ┇ INFO    ┇           chrisbase.data ┇ 125	train.logging_strategy                       	IntervalStrategy.STEPS
[01.30 21:43:18] ┇ INFO    ┇           chrisbase.data ┇ 126	train.lr_scheduler_kwargs                    	{}
[01.30 21:43:18] ┇ INFO    ┇           chrisbase.data ┇ 127	train.lr_scheduler_type                      	SchedulerType.COSINE
[01.30 21:43:18] ┇ INFO    ┇           chrisbase.data ┇ 128	train.max_grad_norm                          	1.0
[01.30 21:43:18] ┇ INFO    ┇           chrisbase.data ┇ 129	train.max_steps                              	-1
[01.30 21:43:18] ┇ INFO    ┇           chrisbase.data ┇ 130	train.metric_for_best_model
[01.30 21:43:18] ┇ INFO    ┇           chrisbase.data ┇ 131	train.mp_parameters
[01.30 21:43:18] ┇ INFO    ┇           chrisbase.data ┇ 132	train.neftune_noise_alpha
[01.30 21:43:18] ┇ INFO    ┇           chrisbase.data ┇ 133	train.no_cuda                                	False
[01.30 21:43:18] ┇ INFO    ┇           chrisbase.data ┇ 134	train.num_train_epochs                       	6.0
[01.30 21:43:18] ┇ INFO    ┇           chrisbase.data ┇ 135	train.optim                                  	OptimizerNames.ADAMW_TORCH
[01.30 21:43:18] ┇ INFO    ┇           chrisbase.data ┇ 136	train.optim_args
[01.30 21:43:18] ┇ INFO    ┇           chrisbase.data ┇ 137	train.optim_target_modules
[01.30 21:43:18] ┇ INFO    ┇           chrisbase.data ┇ 138	train.output_dir                             	output/GNER/EAGLE-1B-supervised
[01.30 21:43:18] ┇ INFO    ┇           chrisbase.data ┇ 139	train.overwrite_output_dir                   	True
[01.30 21:43:18] ┇ INFO    ┇           chrisbase.data ┇ 140	train.past_index                             	-1
[01.30 21:43:18] ┇ INFO    ┇           chrisbase.data ┇ 141	train.per_device_eval_batch_size             	32
[01.30 21:43:18] ┇ INFO    ┇           chrisbase.data ┇ 142	train.per_device_train_batch_size            	8
[01.30 21:43:18] ┇ INFO    ┇           chrisbase.data ┇ 143	train.per_gpu_eval_batch_size
[01.30 21:43:18] ┇ INFO    ┇           chrisbase.data ┇ 144	train.per_gpu_train_batch_size
[01.30 21:43:18] ┇ INFO    ┇           chrisbase.data ┇ 145	train.predict_with_generate                  	True
[01.30 21:43:18] ┇ INFO    ┇           chrisbase.data ┇ 146	train.prediction_loss_only                   	False
[01.30 21:43:18] ┇ INFO    ┇           chrisbase.data ┇ 147	train.push_to_hub                            	False
[01.30 21:43:18] ┇ INFO    ┇           chrisbase.data ┇ 148	train.push_to_hub_model_id
[01.30 21:43:18] ┇ INFO    ┇           chrisbase.data ┇ 149	train.push_to_hub_organization
[01.30 21:43:18] ┇ INFO    ┇           chrisbase.data ┇ 150	train.push_to_hub_token
[01.30 21:43:18] ┇ INFO    ┇           chrisbase.data ┇ 151	train.ray_scope                              	last
[01.30 21:43:18] ┇ INFO    ┇           chrisbase.data ┇ 152	train.remove_unused_columns                  	False
[01.30 21:43:18] ┇ INFO    ┇           chrisbase.data ┇ 153	train.report_to                              	[]
[01.30 21:43:18] ┇ INFO    ┇           chrisbase.data ┇ 154	train.restore_callback_states_from_checkpoint	False
[01.30 21:43:18] ┇ INFO    ┇           chrisbase.data ┇ 155	train.resume_from_checkpoint
[01.30 21:43:18] ┇ INFO    ┇           chrisbase.data ┇ 156	train.run_name                               	output/GNER/EAGLE-1B-supervised
[01.30 21:43:18] ┇ INFO    ┇           chrisbase.data ┇ 157	train.save_epochs                            	-1.0
[01.30 21:43:18] ┇ INFO    ┇           chrisbase.data ┇ 158	train.save_on_each_node                      	False
[01.30 21:43:18] ┇ INFO    ┇           chrisbase.data ┇ 159	train.save_only_model                        	False
[01.30 21:43:18] ┇ INFO    ┇           chrisbase.data ┇ 160	train.save_safetensors                       	True
[01.30 21:43:18] ┇ INFO    ┇           chrisbase.data ┇ 161	train.save_steps                             	9223372036854775807
[01.30 21:43:18] ┇ INFO    ┇           chrisbase.data ┇ 162	train.save_strategy                          	SaveStrategy.NO
[01.30 21:43:18] ┇ INFO    ┇           chrisbase.data ┇ 163	train.save_total_limit
[01.30 21:43:18] ┇ INFO    ┇           chrisbase.data ┇ 164	train.seed                                   	7
[01.30 21:43:18] ┇ INFO    ┇           chrisbase.data ┇ 165	train.skip_memory_metrics                    	True
[01.30 21:43:18] ┇ INFO    ┇           chrisbase.data ┇ 166	train.sortish_sampler                        	False
[01.30 21:43:18] ┇ INFO    ┇           chrisbase.data ┇ 167	train.split_batches
[01.30 21:43:18] ┇ INFO    ┇           chrisbase.data ┇ 168	train.tf32                                   	True
[01.30 21:43:18] ┇ INFO    ┇           chrisbase.data ┇ 169	train.torch_compile                          	False
[01.30 21:43:18] ┇ INFO    ┇           chrisbase.data ┇ 170	train.torch_compile_backend
[01.30 21:43:18] ┇ INFO    ┇           chrisbase.data ┇ 171	train.torch_compile_mode
[01.30 21:43:18] ┇ INFO    ┇           chrisbase.data ┇ 172	train.torch_empty_cache_steps
[01.30 21:43:18] ┇ INFO    ┇           chrisbase.data ┇ 173	train.torchdynamo
[01.30 21:43:18] ┇ INFO    ┇           chrisbase.data ┇ 174	train.tpu_metrics_debug                      	False
[01.30 21:43:18] ┇ INFO    ┇           chrisbase.data ┇ 175	train.tpu_num_cores
[01.30 21:43:18] ┇ INFO    ┇           chrisbase.data ┇ 176	train.use_cpu                                	False
[01.30 21:43:18] ┇ INFO    ┇           chrisbase.data ┇ 177	train.use_ipex                               	False
[01.30 21:43:18] ┇ INFO    ┇           chrisbase.data ┇ 178	train.use_legacy_prediction_loop             	False
[01.30 21:43:18] ┇ INFO    ┇           chrisbase.data ┇ 179	train.use_liger_kernel                       	False
[01.30 21:43:18] ┇ INFO    ┇           chrisbase.data ┇ 180	train.use_mps_device                         	False
[01.30 21:43:18] ┇ INFO    ┇           chrisbase.data ┇ 181	train.warmup_ratio                           	0.04
[01.30 21:43:18] ┇ INFO    ┇           chrisbase.data ┇ 182	train.warmup_steps                           	0
[01.30 21:43:18] ┇ INFO    ┇           chrisbase.data ┇ 183	train.weight_decay                           	0.0
[01.30 21:43:18] ┇ INFO    ┇           chrisbase.data ┇ -----------------------------------------------------------------------------------------------------------------------------------------
[01.30 21:43:22] ┇ INFO    ┇                 DeepKNLP ┇ type(model)=<class 'transformers.models.gpt_neox.modeling_gpt_neox.GPTNeoXForCausalLM'>
[01.30 21:43:22] ┇ INFO    ┇                 DeepKNLP ┇ model.generation_config.pad_token_id=0
[01.30 21:43:23] ┇ INFO    ┇                 DeepKNLP ┇ Loaded raw train_dataset (#=18135): data/gner/zero-shot-train.jsonl
[01.30 21:43:23] ┇ INFO    ┇                 DeepKNLP ┇ Completed preprocessing for train_dataset at [01.29 17:08:17]
[01.30 21:43:23] ┇ INFO    ┇                 DeepKNLP ┇ Loaded raw eval_dataset (#=700): data/gner/zero-shot-dev-100.jsonl
[01.30 21:43:23] ┇ INFO    ┇                 DeepKNLP ┇ Completed preprocessing for eval_dataset at [01.29 17:08:21]
[01.30 21:43:23] ┇ INFO    ┇                 DeepKNLP ┇ Using deepspeed configuration:
{
  "fp16": {
    "enabled": false
  },
  "bf16": {
    "enabled": true
  },
  "optimizer": {
    "type": "AdamW",
    "params": {
      "lr": 2e-05,
      "betas": [
        0.9,
        0.999
      ],
      "eps": 1e-08,
      "weight_decay": 0.0
    }
  },
  "scheduler": {
    "type": "WarmupDecayLR",
    "params": {
      "warmup_min_lr": 0,
      "warmup_max_lr": 2e-05,
      "warmup_num_steps": "auto",
      "total_num_steps": "auto"
    }
  },
  "zero_optimization": {
    "stage": 1,
    "allgather_partitions": true,
    "allgather_bucket_size": 200000000.0,
    "overlap_comm": true,
    "reduce_scatter": true,
    "reduce_bucket_size": 200000000.0,
    "contiguous_gradients": true
  },
  "gradient_accumulation_steps": 4,
  "gradient_clipping": 1.0,
  "train_batch_size": 128,
  "train_micro_batch_size_per_gpu": 8,
  "steps_per_print": Infinity
}
[01.30 21:43:23] ┇ INFO    ┇                 DeepKNLP ┇ Using callbacks:
[01.30 21:43:23] ┇ INFO    ┇                 DeepKNLP ┇   - transformers.trainer_callback.DefaultFlowCallback()
[01.30 21:43:23] ┇ INFO    ┇                 DeepKNLP ┇   - DeepKNLP.gner.trainer.CustomProgressCallback()
[01.30 21:43:32] ┇ WARNING ┇                DeepSpeed ┇ Attempting to get learning rate from scheduler before it has started
[01.30 21:43:32] ┇ INFO    ┇    DeepKNLP.gner.trainer ┇ -----------------------------------------------------------------------------------------------------------------------------------------
[01.30 21:43:32] ┇ INFO    ┇    DeepKNLP.gner.trainer ┇ ***** Beginning Training *****
[01.30 21:43:32] ┇ INFO    ┇    DeepKNLP.gner.trainer ┇   - Train Epochs       = 6.0
[01.30 21:43:32] ┇ INFO    ┇    DeepKNLP.gner.trainer ┇   - Train Examples     = 18,135
[01.30 21:43:32] ┇ INFO    ┇    DeepKNLP.gner.trainer ┇   - Train Batch Size   = 128 = 8 * 4 * 4
[01.30 21:43:32] ┇ INFO    ┇    DeepKNLP.gner.trainer ┇   - Train Optim Steps  = 846
[01.30 21:43:32] ┇ INFO    ┇    DeepKNLP.gner.trainer ┇   - Train Model Params = 1,341,247,488
[01.30 21:43:32] ┇ INFO    ┇    DeepKNLP.gner.trainer ┇   - Eval Examples      = 700
[01.30 21:43:32] ┇ INFO    ┇    DeepKNLP.gner.trainer ┇   - Eval Batch Size    = 128 = 32 * 4
[01.30 21:43:44] ┇ INFO    ┇    DeepKNLP.gner.trainer ┇ [training]   1%|                    |   5/846 [0:00:12<0:34:43, 0.40Hz] | epoch=0.04, loss=1.6818
[01.30 21:43:55] ┇ INFO    ┇    DeepKNLP.gner.trainer ┇ [training]   1%|▏                   |  10/846 [0:00:23<0:32:09, 0.43Hz] | epoch=0.07, loss=0.5112
[01.30 21:44:04] ┇ INFO    ┇    DeepKNLP.gner.trainer ┇ [training]   2%|▎                   |  15/846 [0:00:32<0:30:13, 0.46Hz] | epoch=0.11, loss=0.2413
[01.30 21:44:14] ┇ INFO    ┇    DeepKNLP.gner.trainer ┇ [training]   2%|▍                   |  20/846 [0:00:42<0:29:11, 0.47Hz] | epoch=0.14, loss=0.1356
[01.30 21:44:24] ┇ INFO    ┇    DeepKNLP.gner.trainer ┇ [training]   3%|▌                   |  25/846 [0:00:52<0:28:44, 0.48Hz] | epoch=0.18, loss=0.0898
[01.30 21:44:35] ┇ INFO    ┇    DeepKNLP.gner.trainer ┇ [training]   4%|▋                   |  30/846 [0:01:03<0:28:42, 0.47Hz] | epoch=0.21, loss=0.0716
[01.30 21:44:45] ┇ INFO    ┇    DeepKNLP.gner.trainer ┇ [training]   4%|▊                   |  35/846 [0:01:13<0:28:16, 0.48Hz] | epoch=0.25, loss=0.0554
[01.30 21:44:55] ┇ INFO    ┇    DeepKNLP.gner.trainer ┇ [training]   5%|▉                   |  40/846 [0:01:23<0:27:57, 0.48Hz] | epoch=0.28, loss=0.0534
[01.30 21:45:06] ┇ INFO    ┇    DeepKNLP.gner.trainer ┇ [training]   5%|█                   |  45/846 [0:01:33<0:27:51, 0.48Hz] | epoch=0.32, loss=0.0498
[01.30 21:45:18] ┇ INFO    ┇    DeepKNLP.gner.trainer ┇ [checking]  17%|███▎                | 1/6 [0:00:00<0:00:00, 90983.50Hz]
[01.30 21:45:36] ┇ INFO    ┇    DeepKNLP.gner.trainer ┇ [checking]  50%|██████████          | 3/6 [0:00:17<0:00:17, 0.17Hz]
[01.30 21:45:47] ┇ INFO    ┇    DeepKNLP.gner.trainer ┇ [checking]  83%|████████████████▋   | 5/6 [0:00:28<0:00:05, 0.18Hz]
[01.30 21:45:57] ┇ INFO    ┇    DeepKNLP.gner.trainer ┇ [checking] 100%|████████████████████| 6/6 [0:00:37<0:00:00, 0.16Hz]
[01.30 21:45:57] ┇ INFO    ┇    DeepKNLP.gner.trainer ┇ [training]   6%|█                   |  47/846 [0:02:25<0:41:15, 0.32Hz] | epoch=0.33, eval_average=0.4852
[01.30 21:46:04] ┇ INFO    ┇    DeepKNLP.gner.trainer ┇ [training]   6%|█▏                  |  50/846 [0:02:32<0:40:26, 0.33Hz] | epoch=0.35, loss=0.0400
[01.30 21:46:14] ┇ INFO    ┇    DeepKNLP.gner.trainer ┇ [training]   7%|█▎                  |  55/846 [0:02:42<0:38:59, 0.34Hz] | epoch=0.39, loss=0.0355
[01.30 21:46:25] ┇ INFO    ┇    DeepKNLP.gner.trainer ┇ [training]   7%|█▍                  |  60/846 [0:02:53<0:37:54, 0.35Hz] | epoch=0.43, loss=0.0385
[01.30 21:46:35] ┇ INFO    ┇    DeepKNLP.gner.trainer ┇ [training]   8%|█▌                  |  65/846 [0:03:03<0:36:45, 0.35Hz] | epoch=0.46, loss=0.0376
[01.30 21:46:45] ┇ INFO    ┇    DeepKNLP.gner.trainer ┇ [training]   8%|█▋                  |  70/846 [0:03:13<0:35:45, 0.36Hz] | epoch=0.50, loss=0.0370
[01.30 21:46:55] ┇ INFO    ┇    DeepKNLP.gner.trainer ┇ [training]   9%|█▊                  |  75/846 [0:03:23<0:34:53, 0.37Hz] | epoch=0.53, loss=0.0360
[01.30 21:47:05] ┇ INFO    ┇    DeepKNLP.gner.trainer ┇ [training]   9%|█▉                  |  80/846 [0:03:33<0:34:03, 0.37Hz] | epoch=0.57, loss=0.0326
[01.30 21:47:16] ┇ INFO    ┇    DeepKNLP.gner.trainer ┇ [training]  10%|██                  |  85/846 [0:03:44<0:33:29, 0.38Hz] | epoch=0.60, loss=0.0328
[01.30 21:47:27] ┇ INFO    ┇    DeepKNLP.gner.trainer ┇ [training]  11%|██▏                 |  90/846 [0:03:55<0:32:59, 0.38Hz] | epoch=0.64, loss=0.0319
[01.30 21:47:45] ┇ INFO    ┇    DeepKNLP.gner.trainer ┇ [checking]  17%|███▎                | 1/6 [0:00:00<0:00:00, 89920.59Hz]
[01.30 21:48:02] ┇ INFO    ┇    DeepKNLP.gner.trainer ┇ [checking]  50%|██████████          | 3/6 [0:00:16<0:00:16, 0.18Hz]
[01.30 21:48:12] ┇ INFO    ┇    DeepKNLP.gner.trainer ┇ [checking]  83%|████████████████▋   | 5/6 [0:00:27<0:00:05, 0.18Hz]
[01.30 21:48:22] ┇ INFO    ┇    DeepKNLP.gner.trainer ┇ [checking] 100%|████████████████████| 6/6 [0:00:35<0:00:00, 0.17Hz]
[01.30 21:48:22] ┇ INFO    ┇    DeepKNLP.gner.trainer ┇ [training]  11%|██▏                 |  94/846 [0:04:49<0:38:38, 0.32Hz] | epoch=0.67, eval_average=0.6177
[01.30 21:48:24] ┇ INFO    ┇    DeepKNLP.gner.trainer ┇ [training]  11%|██▏                 |  95/846 [0:04:52<0:38:28, 0.33Hz] | epoch=0.67, loss=0.0330
[01.30 21:48:35] ┇ INFO    ┇    DeepKNLP.gner.trainer ┇ [training]  12%|██▎                 | 100/846 [0:05:02<0:37:40, 0.33Hz] | epoch=0.71, loss=0.0319
[01.30 21:48:46] ┇ INFO    ┇    DeepKNLP.gner.trainer ┇ [training]  12%|██▍                 | 105/846 [0:05:14<0:36:56, 0.33Hz] | epoch=0.74, loss=0.0304
[01.30 21:48:57] ┇ INFO    ┇    DeepKNLP.gner.trainer ┇ [training]  13%|██▌                 | 110/846 [0:05:25<0:36:17, 0.34Hz] | epoch=0.78, loss=0.0314
[01.30 21:49:08] ┇ INFO    ┇    DeepKNLP.gner.trainer ┇ [training]  14%|██▋                 | 115/846 [0:05:36<0:35:37, 0.34Hz] | epoch=0.82, loss=0.0289
[01.30 21:49:19] ┇ INFO    ┇    DeepKNLP.gner.trainer ┇ [training]  14%|██▊                 | 120/846 [0:05:47<0:35:00, 0.35Hz] | epoch=0.85, loss=0.0304
[01.30 21:49:30] ┇ INFO    ┇    DeepKNLP.gner.trainer ┇ [training]  15%|██▉                 | 125/846 [0:05:58<0:34:28, 0.35Hz] | epoch=0.89, loss=0.0334
[01.30 21:49:41] ┇ INFO    ┇    DeepKNLP.gner.trainer ┇ [training]  15%|███                 | 130/846 [0:06:09<0:33:54, 0.35Hz] | epoch=0.92, loss=0.0297
[01.30 21:49:52] ┇ INFO    ┇    DeepKNLP.gner.trainer ┇ [training]  16%|███▏                | 135/846 [0:06:20<0:33:22, 0.36Hz] | epoch=0.96, loss=0.0290
[01.30 21:50:03] ┇ INFO    ┇    DeepKNLP.gner.trainer ┇ [training]  17%|███▎                | 140/846 [0:06:31<0:32:52, 0.36Hz] | epoch=0.99, loss=0.0298
[01.30 21:50:13] ┇ INFO    ┇    DeepKNLP.gner.trainer ┇ [checking]  17%|███▎                | 1/6 [0:00:00<0:00:00, 102679.18Hz]
[01.30 21:50:30] ┇ INFO    ┇    DeepKNLP.gner.trainer ┇ [checking]  50%|██████████          | 3/6 [0:00:16<0:00:16, 0.18Hz]
[01.30 21:50:40] ┇ INFO    ┇    DeepKNLP.gner.trainer ┇ [checking]  83%|████████████████▋   | 5/6 [0:00:27<0:00:05, 0.18Hz]
[01.30 21:50:50] ┇ INFO    ┇    DeepKNLP.gner.trainer ┇ [checking] 100%|████████████████████| 6/6 [0:00:35<0:00:00, 0.17Hz]
[01.30 21:50:50] ┇ INFO    ┇    DeepKNLP.gner.trainer ┇ [training]  17%|███▎                | 141/846 [0:07:17<0:36:29, 0.32Hz] | epoch=1.00, eval_average=0.6846
[01.30 21:50:57] ┇ INFO    ┇    DeepKNLP.gner.trainer ┇ [training]  17%|███▍                | 145/846 [0:07:25<0:35:54, 0.33Hz] | epoch=1.03, loss=0.0260
[01.30 21:51:08] ┇ INFO    ┇    DeepKNLP.gner.trainer ┇ [training]  18%|███▌                | 150/846 [0:07:36<0:35:17, 0.33Hz] | epoch=1.06, loss=0.0218
[01.30 21:51:19] ┇ INFO    ┇    DeepKNLP.gner.trainer ┇ [training]  18%|███▋                | 155/846 [0:07:47<0:34:45, 0.33Hz] | epoch=1.10, loss=0.0215
[01.30 21:51:30] ┇ INFO    ┇    DeepKNLP.gner.trainer ┇ [training]  19%|███▊                | 160/846 [0:07:58<0:34:10, 0.33Hz] | epoch=1.14, loss=0.0244
[01.30 21:51:40] ┇ INFO    ┇    DeepKNLP.gner.trainer ┇ [training]  20%|███▉                | 165/846 [0:08:08<0:33:36, 0.34Hz] | epoch=1.17, loss=0.0206
[01.30 21:51:52] ┇ INFO    ┇    DeepKNLP.gner.trainer ┇ [training]  20%|████                | 170/846 [0:08:20<0:33:08, 0.34Hz] | epoch=1.21, loss=0.0232
[01.30 21:52:02] ┇ INFO    ┇    DeepKNLP.gner.trainer ┇ [training]  21%|████▏               | 175/846 [0:08:30<0:32:35, 0.34Hz] | epoch=1.24, loss=0.0218
[01.30 21:52:14] ┇ INFO    ┇    DeepKNLP.gner.trainer ┇ [training]  21%|████▎               | 180/846 [0:08:42<0:32:11, 0.34Hz] | epoch=1.28, loss=0.0238
[01.30 21:52:24] ┇ INFO    ┇    DeepKNLP.gner.trainer ┇ [training]  22%|████▎               | 185/846 [0:08:52<0:31:42, 0.35Hz] | epoch=1.31, loss=0.0246
[01.30 21:52:41] ┇ INFO    ┇    DeepKNLP.gner.trainer ┇ [checking]  17%|███▎                | 1/6 [0:00:00<0:00:00, 98629.45Hz]
[01.30 21:52:59] ┇ INFO    ┇    DeepKNLP.gner.trainer ┇ [checking]  50%|██████████          | 3/6 [0:00:17<0:00:17, 0.17Hz]
[01.30 21:53:10] ┇ INFO    ┇    DeepKNLP.gner.trainer ┇ [checking]  83%|████████████████▋   | 5/6 [0:00:28<0:00:05, 0.18Hz]
[01.30 21:53:19] ┇ INFO    ┇    DeepKNLP.gner.trainer ┇ [checking] 100%|████████████████████| 6/6 [0:00:37<0:00:00, 0.16Hz]
[01.30 21:53:19] ┇ INFO    ┇    DeepKNLP.gner.trainer ┇ [training]  22%|████▍               | 188/846 [0:09:47<0:34:16, 0.32Hz] | epoch=1.33, eval_average=0.6328
[01.30 21:53:24] ┇ INFO    ┇    DeepKNLP.gner.trainer ┇ [training]  22%|████▍               | 190/846 [0:09:51<0:34:03, 0.32Hz] | epoch=1.35, loss=0.0223
[01.30 21:53:34] ┇ INFO    ┇    DeepKNLP.gner.trainer ┇ [training]  23%|████▌               | 195/846 [0:10:02<0:33:30, 0.32Hz] | epoch=1.38, loss=0.0208
[01.30 21:53:45] ┇ INFO    ┇    DeepKNLP.gner.trainer ┇ [training]  24%|████▋               | 200/846 [0:10:12<0:32:59, 0.33Hz] | epoch=1.42, loss=0.0232
[01.30 21:53:56] ┇ INFO    ┇    DeepKNLP.gner.trainer ┇ [training]  24%|████▊               | 205/846 [0:10:23<0:32:30, 0.33Hz] | epoch=1.45, loss=0.0212
[01.30 21:54:06] ┇ INFO    ┇    DeepKNLP.gner.trainer ┇ [training]  25%|████▉               | 210/846 [0:10:34<0:32:01, 0.33Hz] | epoch=1.49, loss=0.0208
[01.30 21:54:17] ┇ INFO    ┇    DeepKNLP.gner.trainer ┇ [training]  25%|█████               | 215/846 [0:10:44<0:31:32, 0.33Hz] | epoch=1.52, loss=0.0251
[01.30 21:54:28] ┇ INFO    ┇    DeepKNLP.gner.trainer ┇ [training]  26%|█████▏              | 220/846 [0:10:55<0:31:06, 0.34Hz] | epoch=1.56, loss=0.0199
[01.30 21:54:38] ┇ INFO    ┇    DeepKNLP.gner.trainer ┇ [training]  27%|█████▎              | 225/846 [0:11:06<0:30:38, 0.34Hz] | epoch=1.60, loss=0.0235
[01.30 21:54:49] ┇ INFO    ┇    DeepKNLP.gner.trainer ┇ [training]  27%|█████▍              | 230/846 [0:11:17<0:30:14, 0.34Hz] | epoch=1.63, loss=0.0204
[01.30 21:55:00] ┇ INFO    ┇    DeepKNLP.gner.trainer ┇ [training]  28%|█████▌              | 235/846 [0:11:28<0:29:50, 0.34Hz] | epoch=1.67, loss=0.0200
[01.30 21:55:09] ┇ INFO    ┇    DeepKNLP.gner.trainer ┇ [checking]  17%|███▎                | 1/6 [0:00:00<0:00:00, 104406.43Hz]
[01.30 21:55:26] ┇ INFO    ┇    DeepKNLP.gner.trainer ┇ [checking]  50%|██████████          | 3/6 [0:00:16<0:00:16, 0.18Hz]
[01.30 21:55:36] ┇ INFO    ┇    DeepKNLP.gner.trainer ┇ [checking]  83%|████████████████▋   | 5/6 [0:00:27<0:00:05, 0.18Hz]
[01.30 21:55:46] ┇ INFO    ┇    DeepKNLP.gner.trainer ┇ [checking] 100%|████████████████████| 6/6 [0:00:35<0:00:00, 0.17Hz]
[01.30 21:55:46] ┇ INFO    ┇    DeepKNLP.gner.trainer ┇ [training]  28%|█████▌              | 235/846 [0:11:28<0:29:50, 0.34Hz] | epoch=1.67, eval_average=0.6811
[01.30 21:55:57] ┇ INFO    ┇    DeepKNLP.gner.trainer ┇ [training]  28%|█████▋              | 240/846 [0:12:24<0:31:21, 0.32Hz] | epoch=1.70, loss=0.0216
[01.30 21:56:08] ┇ INFO    ┇    DeepKNLP.gner.trainer ┇ [training]  29%|█████▊              | 245/846 [0:12:36<0:30:56, 0.32Hz] | epoch=1.74, loss=0.0207
[01.30 21:56:20] ┇ INFO    ┇    DeepKNLP.gner.trainer ┇ [training]  30%|█████▉              | 250/846 [0:12:48<0:30:31, 0.33Hz] | epoch=1.77, loss=0.0230
[01.30 21:56:31] ┇ INFO    ┇    DeepKNLP.gner.trainer ┇ [training]  30%|██████              | 255/846 [0:12:58<0:30:05, 0.33Hz] | epoch=1.81, loss=0.0201
[01.30 21:56:41] ┇ INFO    ┇    DeepKNLP.gner.trainer ┇ [training]  31%|██████▏             | 260/846 [0:13:09<0:29:38, 0.33Hz] | epoch=1.84, loss=0.0221
[01.30 21:56:52] ┇ INFO    ┇    DeepKNLP.gner.trainer ┇ [training]  31%|██████▎             | 265/846 [0:13:19<0:29:13, 0.33Hz] | epoch=1.88, loss=0.0219
[01.30 21:57:03] ┇ INFO    ┇    DeepKNLP.gner.trainer ┇ [training]  32%|██████▍             | 270/846 [0:13:30<0:28:49, 0.33Hz] | epoch=1.92, loss=0.0204
[01.30 21:57:14] ┇ INFO    ┇    DeepKNLP.gner.trainer ┇ [training]  33%|██████▌             | 275/846 [0:13:42<0:28:26, 0.33Hz] | epoch=1.95, loss=0.0212
[01.30 21:57:24] ┇ INFO    ┇    DeepKNLP.gner.trainer ┇ [training]  33%|██████▌             | 280/846 [0:13:52<0:28:02, 0.34Hz] | epoch=1.99, loss=0.0237
[01.30 21:57:37] ┇ INFO    ┇    DeepKNLP.gner.trainer ┇ [checking]  17%|███▎                | 1/6 [0:00:00<0:00:00, 103007.93Hz]
[01.30 21:57:54] ┇ INFO    ┇    DeepKNLP.gner.trainer ┇ [checking]  50%|██████████          | 3/6 [0:00:16<0:00:16, 0.18Hz]
[01.30 21:58:04] ┇ INFO    ┇    DeepKNLP.gner.trainer ┇ [checking]  83%|████████████████▋   | 5/6 [0:00:27<0:00:05, 0.18Hz]
[01.30 21:58:13] ┇ INFO    ┇    DeepKNLP.gner.trainer ┇ [checking] 100%|████████████████████| 6/6 [0:00:35<0:00:00, 0.17Hz]
[01.30 21:58:13] ┇ INFO    ┇    DeepKNLP.gner.trainer ┇ [training]  33%|██████▋             | 282/846 [0:14:41<0:29:22, 0.32Hz] | epoch=2.00, eval_average=0.6546
[01.30 21:58:19] ┇ INFO    ┇    DeepKNLP.gner.trainer ┇ [training]  34%|██████▋             | 285/846 [0:14:47<0:29:06, 0.32Hz] | epoch=2.02, loss=0.0188
[01.30 21:58:30] ┇ INFO    ┇    DeepKNLP.gner.trainer ┇ [training]  34%|██████▊             | 290/846 [0:14:58<0:28:41, 0.32Hz] | epoch=2.06, loss=0.0184
[01.30 21:58:40] ┇ INFO    ┇    DeepKNLP.gner.trainer ┇ [training]  35%|██████▉             | 295/846 [0:15:08<0:28:21, 0.32Hz] | epoch=2.09, loss=0.0185
[01.30 21:58:50] ┇ INFO    ┇    DeepKNLP.gner.trainer ┇ [training]  35%|███████             | 300/846 [0:15:18<0:28:06, 0.32Hz] | epoch=2.13, loss=0.0184
[01.30 21:59:02] ┇ INFO    ┇    DeepKNLP.gner.trainer ┇ [training]  36%|███████▏            | 305/846 [0:15:29<0:27:53, 0.32Hz] | epoch=2.16, loss=0.0214
[01.30 21:59:12] ┇ INFO    ┇    DeepKNLP.gner.trainer ┇ [training]  37%|███████▎            | 310/846 [0:15:40<0:27:39, 0.32Hz] | epoch=2.20, loss=0.0187
[01.30 21:59:23] ┇ INFO    ┇    DeepKNLP.gner.trainer ┇ [training]  37%|███████▍            | 315/846 [0:15:51<0:27:25, 0.32Hz] | epoch=2.23, loss=0.0198
[01.30 21:59:34] ┇ INFO    ┇    DeepKNLP.gner.trainer ┇ [training]  38%|███████▌            | 320/846 [0:16:02<0:27:10, 0.32Hz] | epoch=2.27, loss=0.0187
[01.30 21:59:46] ┇ INFO    ┇    DeepKNLP.gner.trainer ┇ [training]  38%|███████▋            | 325/846 [0:16:13<0:26:57, 0.32Hz] | epoch=2.31, loss=0.0199
[01.30 22:00:02] ┇ INFO    ┇    DeepKNLP.gner.trainer ┇ [checking]  17%|███▎                | 1/6 [0:00:00<0:00:00, 99118.82Hz]
[01.30 22:00:19] ┇ INFO    ┇    DeepKNLP.gner.trainer ┇ [checking]  50%|██████████          | 3/6 [0:00:16<0:00:16, 0.18Hz]
[01.30 22:00:30] ┇ INFO    ┇    DeepKNLP.gner.trainer ┇ [checking]  83%|████████████████▋   | 5/6 [0:00:27<0:00:05, 0.18Hz]
[01.30 22:00:40] ┇ INFO    ┇    DeepKNLP.gner.trainer ┇ [checking] 100%|████████████████████| 6/6 [0:00:36<0:00:00, 0.17Hz]
[01.30 22:00:40] ┇ INFO    ┇    DeepKNLP.gner.trainer ┇ [training]  39%|███████▊            | 329/846 [0:17:07<0:28:09, 0.31Hz] | epoch=2.33, eval_average=0.6995
[01.30 22:00:42] ┇ INFO    ┇    DeepKNLP.gner.trainer ┇ [training]  39%|███████▊            | 330/846 [0:17:10<0:28:15, 0.30Hz] | epoch=2.34, loss=0.0170
[01.30 22:00:53] ┇ INFO    ┇    DeepKNLP.gner.trainer ┇ [training]  40%|███████▉            | 335/846 [0:17:21<0:26:29, 0.32Hz] | epoch=2.38, loss=0.0176
[01.30 22:01:04] ┇ INFO    ┇    DeepKNLP.gner.trainer ┇ [training]  40%|████████            | 340/846 [0:17:32<0:26:09, 0.32Hz] | epoch=2.41, loss=0.0186
[01.30 22:01:15] ┇ INFO    ┇    DeepKNLP.gner.trainer ┇ [training]  41%|████████▏           | 345/846 [0:17:42<0:25:55, 0.32Hz] | epoch=2.45, loss=0.0173
[01.30 22:01:25] ┇ INFO    ┇    DeepKNLP.gner.trainer ┇ [training]  41%|████████▎           | 350/846 [0:17:53<0:25:39, 0.32Hz] | epoch=2.48, loss=0.0180
[01.30 22:01:36] ┇ INFO    ┇    DeepKNLP.gner.trainer ┇ [training]  42%|████████▍           | 355/846 [0:18:04<0:25:24, 0.32Hz] | epoch=2.52, loss=0.0181
[01.30 22:01:46] ┇ INFO    ┇    DeepKNLP.gner.trainer ┇ [training]  43%|████████▌           | 360/846 [0:18:14<0:25:10, 0.32Hz] | epoch=2.55, loss=0.0184
[01.30 22:01:59] ┇ INFO    ┇    DeepKNLP.gner.trainer ┇ [training]  43%|████████▋           | 365/846 [0:18:26<0:24:57, 0.32Hz] | epoch=2.59, loss=0.0204
[01.30 22:02:09] ┇ INFO    ┇    DeepKNLP.gner.trainer ┇ [training]  44%|████████▋           | 370/846 [0:18:37<0:24:44, 0.32Hz] | epoch=2.62, loss=0.0167
[01.30 22:02:20] ┇ INFO    ┇    DeepKNLP.gner.trainer ┇ [training]  44%|████████▊           | 375/846 [0:18:48<0:24:27, 0.32Hz] | epoch=2.66, loss=0.0204
[01.30 22:02:31] ┇ INFO    ┇    DeepKNLP.gner.trainer ┇ [checking]  17%|███▎                | 1/6 [0:00:00<0:00:00, 94517.45Hz]
[01.30 22:02:47] ┇ INFO    ┇    DeepKNLP.gner.trainer ┇ [checking]  50%|██████████          | 3/6 [0:00:16<0:00:16, 0.18Hz]
[01.30 22:02:58] ┇ INFO    ┇    DeepKNLP.gner.trainer ┇ [checking]  83%|████████████████▋   | 5/6 [0:00:27<0:00:05, 0.18Hz]
[01.30 22:03:07] ┇ INFO    ┇    DeepKNLP.gner.trainer ┇ [checking] 100%|████████████████████| 6/6 [0:00:35<0:00:00, 0.17Hz]
[01.30 22:03:07] ┇ INFO    ┇    DeepKNLP.gner.trainer ┇ [training]  44%|████████▉           | 376/846 [0:19:35<0:25:43, 0.30Hz] | epoch=2.67, eval_average=0.6838
[01.30 22:03:15] ┇ INFO    ┇    DeepKNLP.gner.trainer ┇ [training]  45%|████████▉           | 380/846 [0:19:43<0:24:16, 0.32Hz] | epoch=2.69, loss=0.0159
[01.30 22:03:26] ┇ INFO    ┇    DeepKNLP.gner.trainer ┇ [training]  46%|█████████           | 385/846 [0:19:54<0:23:54, 0.32Hz] | epoch=2.73, loss=0.0190
[01.30 22:03:36] ┇ INFO    ┇    DeepKNLP.gner.trainer ┇ [training]  46%|█████████▏          | 390/846 [0:20:04<0:23:37, 0.32Hz] | epoch=2.77, loss=0.0216
[01.30 22:03:46] ┇ INFO    ┇    DeepKNLP.gner.trainer ┇ [training]  47%|█████████▎          | 395/846 [0:20:14<0:23:20, 0.32Hz] | epoch=2.80, loss=0.0209
[01.30 22:03:59] ┇ INFO    ┇    DeepKNLP.gner.trainer ┇ [training]  47%|█████████▍          | 400/846 [0:20:27<0:23:06, 0.32Hz] | epoch=2.84, loss=0.0201
[01.30 22:04:11] ┇ INFO    ┇    DeepKNLP.gner.trainer ┇ [training]  48%|█████████▌          | 405/846 [0:20:39<0:22:53, 0.32Hz] | epoch=2.87, loss=0.0200
[01.30 22:04:21] ┇ INFO    ┇    DeepKNLP.gner.trainer ┇ [training]  48%|█████████▋          | 410/846 [0:20:49<0:22:36, 0.32Hz] | epoch=2.91, loss=0.0242
[01.30 22:04:32] ┇ INFO    ┇    DeepKNLP.gner.trainer ┇ [training]  49%|█████████▊          | 415/846 [0:21:00<0:22:20, 0.32Hz] | epoch=2.94, loss=0.0205
[01.30 22:04:43] ┇ INFO    ┇    DeepKNLP.gner.trainer ┇ [training]  50%|█████████▉          | 420/846 [0:21:10<0:22:04, 0.32Hz] | epoch=2.98, loss=0.0170
[01.30 22:04:57] ┇ INFO    ┇    DeepKNLP.gner.trainer ┇ [checking]  17%|███▎                | 1/6 [0:00:00<0:00:00, 87473.88Hz]
[01.30 22:05:14] ┇ INFO    ┇    DeepKNLP.gner.trainer ┇ [checking]  50%|██████████          | 3/6 [0:00:17<0:00:17, 0.18Hz]
[01.30 22:05:25] ┇ INFO    ┇    DeepKNLP.gner.trainer ┇ [checking]  83%|████████████████▋   | 5/6 [0:00:27<0:00:05, 0.18Hz]
[01.30 22:05:33] ┇ INFO    ┇    DeepKNLP.gner.trainer ┇ [checking] 100%|████████████████████| 6/6 [0:00:34<0:00:00, 0.17Hz]
[01.30 22:05:33] ┇ INFO    ┇    DeepKNLP.gner.trainer ┇ [training]  50%|██████████          | 423/846 [0:22:01<0:23:02, 0.31Hz] | epoch=3.00, eval_average=0.7142
[01.30 22:05:37] ┇ INFO    ┇    DeepKNLP.gner.trainer ┇ [training]  50%|██████████          | 425/846 [0:22:05<0:23:00, 0.31Hz] | epoch=3.01, loss=0.0184
[01.30 22:05:47] ┇ INFO    ┇    DeepKNLP.gner.trainer ┇ [training]  51%|██████████▏         | 430/846 [0:22:15<0:21:32, 0.32Hz] | epoch=3.05, loss=0.0125
[01.30 22:05:58] ┇ INFO    ┇    DeepKNLP.gner.trainer ┇ [training]  51%|██████████▎         | 435/846 [0:22:26<0:21:17, 0.32Hz] | epoch=3.08, loss=0.0156
[01.30 22:06:09] ┇ INFO    ┇    DeepKNLP.gner.trainer ┇ [training]  52%|██████████▍         | 440/846 [0:22:37<0:21:01, 0.32Hz] | epoch=3.12, loss=0.0154
[01.30 22:06:20] ┇ INFO    ┇    DeepKNLP.gner.trainer ┇ [training]  53%|██████████▌         | 445/846 [0:22:47<0:20:44, 0.32Hz] | epoch=3.16, loss=0.0131
[01.30 22:06:30] ┇ INFO    ┇    DeepKNLP.gner.trainer ┇ [training]  53%|██████████▋         | 450/846 [0:22:57<0:20:28, 0.32Hz] | epoch=3.19, loss=0.0143
[01.30 22:06:41] ┇ INFO    ┇    DeepKNLP.gner.trainer ┇ [training]  54%|██████████▊         | 455/846 [0:23:09<0:20:13, 0.32Hz] | epoch=3.23, loss=0.0143
[01.30 22:06:51] ┇ INFO    ┇    DeepKNLP.gner.trainer ┇ [training]  54%|██████████▊         | 460/846 [0:23:19<0:19:57, 0.32Hz] | epoch=3.26, loss=0.0152
[01.30 22:07:02] ┇ INFO    ┇    DeepKNLP.gner.trainer ┇ [training]  55%|██████████▉         | 465/846 [0:23:29<0:19:42, 0.32Hz] | epoch=3.30, loss=0.0149
[01.30 22:07:13] ┇ INFO    ┇    DeepKNLP.gner.trainer ┇ [training]  56%|███████████         | 470/846 [0:23:40<0:19:25, 0.32Hz] | epoch=3.33, loss=0.0125
[01.30 22:07:21] ┇ INFO    ┇    DeepKNLP.gner.trainer ┇ [checking]  17%|███▎                | 1/6 [0:00:00<0:00:00, 101739.11Hz]
[01.30 22:07:38] ┇ INFO    ┇    DeepKNLP.gner.trainer ┇ [checking]  50%|██████████          | 3/6 [0:00:16<0:00:16, 0.18Hz]
[01.30 22:07:48] ┇ INFO    ┇    DeepKNLP.gner.trainer ┇ [checking]  83%|████████████████▋   | 5/6 [0:00:27<0:00:05, 0.18Hz]
[01.30 22:07:57] ┇ INFO    ┇    DeepKNLP.gner.trainer ┇ [checking] 100%|████████████████████| 6/6 [0:00:35<0:00:00, 0.17Hz]
[01.30 22:07:57] ┇ INFO    ┇    DeepKNLP.gner.trainer ┇ [training]  56%|███████████         | 470/846 [0:23:40<0:19:25, 0.32Hz] | epoch=3.33, eval_average=0.7136
[01.30 22:08:08] ┇ INFO    ┇    DeepKNLP.gner.trainer ┇ [training]  56%|███████████▏        | 475/846 [0:24:36<0:20:07, 0.31Hz] | epoch=3.37, loss=0.0149
[01.30 22:08:19] ┇ INFO    ┇    DeepKNLP.gner.trainer ┇ [training]  57%|███████████▎        | 480/846 [0:24:47<0:18:48, 0.32Hz] | epoch=3.40, loss=0.0130
[01.30 22:08:31] ┇ INFO    ┇    DeepKNLP.gner.trainer ┇ [training]  57%|███████████▍        | 485/846 [0:24:58<0:18:29, 0.33Hz] | epoch=3.44, loss=0.0146
[01.30 22:08:41] ┇ INFO    ┇    DeepKNLP.gner.trainer ┇ [training]  58%|███████████▌        | 490/846 [0:25:09<0:18:14, 0.33Hz] | epoch=3.48, loss=0.0149
[01.30 22:08:51] ┇ INFO    ┇    DeepKNLP.gner.trainer ┇ [training]  59%|███████████▋        | 495/846 [0:25:19<0:17:58, 0.33Hz] | epoch=3.51, loss=0.0140
[01.30 22:09:03] ┇ INFO    ┇    DeepKNLP.gner.trainer ┇ [training]  59%|███████████▊        | 500/846 [0:25:31<0:17:44, 0.33Hz] | epoch=3.55, loss=0.0144
[01.30 22:09:13] ┇ INFO    ┇    DeepKNLP.gner.trainer ┇ [training]  60%|███████████▉        | 505/846 [0:25:41<0:17:28, 0.33Hz] | epoch=3.58, loss=0.0160
[01.30 22:09:24] ┇ INFO    ┇    DeepKNLP.gner.trainer ┇ [training]  60%|████████████        | 510/846 [0:25:52<0:17:13, 0.33Hz] | epoch=3.62, loss=0.0132
[01.30 22:09:35] ┇ INFO    ┇    DeepKNLP.gner.trainer ┇ [training]  61%|████████████▏       | 515/846 [0:26:03<0:16:58, 0.33Hz] | epoch=3.65, loss=0.0136
[01.30 22:09:48] ┇ INFO    ┇    DeepKNLP.gner.trainer ┇ [checking]  17%|███▎                | 1/6 [0:00:00<0:00:00, 105954.39Hz]
[01.30 22:10:05] ┇ INFO    ┇    DeepKNLP.gner.trainer ┇ [checking]  50%|██████████          | 3/6 [0:00:16<0:00:16, 0.18Hz]
[01.30 22:10:15] ┇ INFO    ┇    DeepKNLP.gner.trainer ┇ [checking]  83%|████████████████▋   | 5/6 [0:00:27<0:00:05, 0.18Hz]
[01.30 22:10:25] ┇ INFO    ┇    DeepKNLP.gner.trainer ┇ [checking] 100%|████████████████████| 6/6 [0:00:35<0:00:00, 0.17Hz]
[01.30 22:10:25] ┇ INFO    ┇    DeepKNLP.gner.trainer ┇ [training]  61%|████████████▏       | 517/846 [0:26:53<0:17:46, 0.31Hz] | epoch=3.67, eval_average=0.7241
[01.30 22:10:32] ┇ INFO    ┇    DeepKNLP.gner.trainer ┇ [training]  61%|████████████▎       | 520/846 [0:26:59<0:17:39, 0.31Hz] | epoch=3.69, loss=0.0126
[01.30 22:10:42] ┇ INFO    ┇    DeepKNLP.gner.trainer ┇ [training]  62%|████████████▍       | 525/846 [0:27:10<0:17:22, 0.31Hz] | epoch=3.72, loss=0.0131
[01.30 22:10:53] ┇ INFO    ┇    DeepKNLP.gner.trainer ┇ [training]  63%|████████████▌       | 530/846 [0:27:21<0:16:16, 0.32Hz] | epoch=3.76, loss=0.0139
[01.30 22:11:04] ┇ INFO    ┇    DeepKNLP.gner.trainer ┇ [training]  63%|████████████▋       | 535/846 [0:27:31<0:16:00, 0.32Hz] | epoch=3.79, loss=0.0143
[01.30 22:11:15] ┇ INFO    ┇    DeepKNLP.gner.trainer ┇ [training]  64%|████████████▊       | 540/846 [0:27:43<0:15:44, 0.32Hz] | epoch=3.83, loss=0.0134
[01.30 22:11:26] ┇ INFO    ┇    DeepKNLP.gner.trainer ┇ [training]  64%|████████████▉       | 545/846 [0:27:54<0:15:29, 0.32Hz] | epoch=3.87, loss=0.0170
[01.30 22:11:37] ┇ INFO    ┇    DeepKNLP.gner.trainer ┇ [training]  65%|█████████████       | 550/846 [0:28:05<0:15:14, 0.32Hz] | epoch=3.90, loss=0.0144
[01.30 22:11:48] ┇ INFO    ┇    DeepKNLP.gner.trainer ┇ [training]  66%|█████████████       | 555/846 [0:28:16<0:14:59, 0.32Hz] | epoch=3.94, loss=0.0142
[01.30 22:11:59] ┇ INFO    ┇    DeepKNLP.gner.trainer ┇ [training]  66%|█████████████▏      | 560/846 [0:28:27<0:14:44, 0.32Hz] | epoch=3.97, loss=0.0146
[01.30 22:12:16] ┇ INFO    ┇    DeepKNLP.gner.trainer ┇ [checking]  17%|███▎                | 1/6 [0:00:00<0:00:00, 96162.80Hz]
[01.30 22:12:32] ┇ INFO    ┇    DeepKNLP.gner.trainer ┇ [checking]  50%|██████████          | 3/6 [0:00:16<0:00:16, 0.18Hz]
[01.30 22:12:43] ┇ INFO    ┇    DeepKNLP.gner.trainer ┇ [checking]  83%|████████████████▋   | 5/6 [0:00:27<0:00:05, 0.18Hz]
[01.30 22:12:52] ┇ INFO    ┇    DeepKNLP.gner.trainer ┇ [checking] 100%|████████████████████| 6/6 [0:00:35<0:00:00, 0.17Hz]
[01.30 22:12:52] ┇ INFO    ┇    DeepKNLP.gner.trainer ┇ [training]  67%|█████████████▎      | 564/846 [0:29:20<0:15:15, 0.31Hz] | epoch=4.00, eval_average=0.7276
[01.30 22:12:54] ┇ INFO    ┇    DeepKNLP.gner.trainer ┇ [training]  67%|█████████████▎      | 565/846 [0:29:22<0:15:16, 0.31Hz] | epoch=4.01, loss=0.0177
[01.30 22:13:05] ┇ INFO    ┇    DeepKNLP.gner.trainer ┇ [training]  67%|█████████████▍      | 570/846 [0:29:32<0:14:14, 0.32Hz] | epoch=4.04, loss=0.0113
[01.30 22:13:16] ┇ INFO    ┇    DeepKNLP.gner.trainer ┇ [training]  68%|█████████████▌      | 575/846 [0:29:43<0:13:57, 0.32Hz] | epoch=4.08, loss=0.0079
[01.30 22:13:26] ┇ INFO    ┇    DeepKNLP.gner.trainer ┇ [training]  69%|█████████████▋      | 580/846 [0:29:54<0:13:42, 0.32Hz] | epoch=4.11, loss=0.0092
[01.30 22:13:38] ┇ INFO    ┇    DeepKNLP.gner.trainer ┇ [training]  69%|█████████████▊      | 585/846 [0:30:05<0:13:28, 0.32Hz] | epoch=4.15, loss=0.0080
[01.30 22:13:48] ┇ INFO    ┇    DeepKNLP.gner.trainer ┇ [training]  70%|█████████████▉      | 590/846 [0:30:16<0:13:12, 0.32Hz] | epoch=4.18, loss=0.0096
[01.30 22:14:00] ┇ INFO    ┇    DeepKNLP.gner.trainer ┇ [training]  70%|██████████████      | 595/846 [0:30:28<0:12:57, 0.32Hz] | epoch=4.22, loss=0.0091
[01.30 22:14:11] ┇ INFO    ┇    DeepKNLP.gner.trainer ┇ [training]  71%|██████████████▏     | 600/846 [0:30:38<0:12:42, 0.32Hz] | epoch=4.25, loss=0.0092
[01.30 22:14:21] ┇ INFO    ┇    DeepKNLP.gner.trainer ┇ [training]  72%|██████████████▎     | 605/846 [0:30:49<0:12:26, 0.32Hz] | epoch=4.29, loss=0.0081
[01.30 22:14:32] ┇ INFO    ┇    DeepKNLP.gner.trainer ┇ [training]  72%|██████████████▍     | 610/846 [0:30:59<0:12:10, 0.32Hz] | epoch=4.33, loss=0.0088
[01.30 22:14:42] ┇ INFO    ┇    DeepKNLP.gner.trainer ┇ [checking]  17%|███▎                | 1/6 [0:00:00<0:00:00, 103971.71Hz]
[01.30 22:14:59] ┇ INFO    ┇    DeepKNLP.gner.trainer ┇ [checking]  50%|██████████          | 3/6 [0:00:17<0:00:17, 0.18Hz]
[01.30 22:15:09] ┇ INFO    ┇    DeepKNLP.gner.trainer ┇ [checking]  83%|████████████████▋   | 5/6 [0:00:27<0:00:05, 0.18Hz]
[01.30 22:15:19] ┇ INFO    ┇    DeepKNLP.gner.trainer ┇ [checking] 100%|████████████████████| 6/6 [0:00:35<0:00:00, 0.17Hz]
[01.30 22:15:19] ┇ INFO    ┇    DeepKNLP.gner.trainer ┇ [training]  72%|██████████████▍     | 611/846 [0:31:46<0:12:46, 0.31Hz] | epoch=4.33, eval_average=0.7193
[01.30 22:15:27] ┇ INFO    ┇    DeepKNLP.gner.trainer ┇ [training]  73%|██████████████▌     | 615/846 [0:31:55<0:11:57, 0.32Hz] | epoch=4.36, loss=0.0086
[01.30 22:15:39] ┇ INFO    ┇    DeepKNLP.gner.trainer ┇ [training]  73%|██████████████▋     | 620/846 [0:32:06<0:11:38, 0.32Hz] | epoch=4.40, loss=0.0121
[01.30 22:15:51] ┇ INFO    ┇    DeepKNLP.gner.trainer ┇ [training]  74%|██████████████▊     | 625/846 [0:32:19<0:11:24, 0.32Hz] | epoch=4.43, loss=0.0086
[01.30 22:16:02] ┇ INFO    ┇    DeepKNLP.gner.trainer ┇ [training]  74%|██████████████▉     | 630/846 [0:32:30<0:11:09, 0.32Hz] | epoch=4.47, loss=0.0088
[01.30 22:16:13] ┇ INFO    ┇    DeepKNLP.gner.trainer ┇ [training]  75%|███████████████     | 635/846 [0:32:41<0:10:53, 0.32Hz] | epoch=4.50, loss=0.0096
[01.30 22:16:24] ┇ INFO    ┇    DeepKNLP.gner.trainer ┇ [training]  76%|███████████████▏    | 640/846 [0:32:51<0:10:38, 0.32Hz] | epoch=4.54, loss=0.0091
[01.30 22:16:34] ┇ INFO    ┇    DeepKNLP.gner.trainer ┇ [training]  76%|███████████████▏    | 645/846 [0:33:02<0:10:22, 0.32Hz] | epoch=4.57, loss=0.0099
[01.30 22:16:45] ┇ INFO    ┇    DeepKNLP.gner.trainer ┇ [training]  77%|███████████████▎    | 650/846 [0:33:12<0:10:06, 0.32Hz] | epoch=4.61, loss=0.0085
[01.30 22:16:55] ┇ INFO    ┇    DeepKNLP.gner.trainer ┇ [training]  77%|███████████████▍    | 655/846 [0:33:23<0:09:50, 0.32Hz] | epoch=4.64, loss=0.0075
[01.30 22:17:10] ┇ INFO    ┇    DeepKNLP.gner.trainer ┇ [checking]  17%|███▎                | 1/6 [0:00:00<0:00:00, 102680.40Hz]
[01.30 22:17:27] ┇ INFO    ┇    DeepKNLP.gner.trainer ┇ [checking]  50%|██████████          | 3/6 [0:00:17<0:00:17, 0.18Hz]
[01.30 22:17:37] ┇ INFO    ┇    DeepKNLP.gner.trainer ┇ [checking]  83%|████████████████▋   | 5/6 [0:00:27<0:00:05, 0.18Hz]
[01.30 22:17:47] ┇ INFO    ┇    DeepKNLP.gner.trainer ┇ [checking] 100%|████████████████████| 6/6 [0:00:36<0:00:00, 0.17Hz]
[01.30 22:17:47] ┇ INFO    ┇    DeepKNLP.gner.trainer ┇ [training]  78%|███████████████▌    | 658/846 [0:34:15<0:10:12, 0.31Hz] | epoch=4.67, eval_average=0.7198
[01.30 22:17:51] ┇ INFO    ┇    DeepKNLP.gner.trainer ┇ [training]  78%|███████████████▌    | 660/846 [0:34:19<0:10:07, 0.31Hz] | epoch=4.68, loss=0.0082
[01.30 22:18:02] ┇ INFO    ┇    DeepKNLP.gner.trainer ┇ [training]  79%|███████████████▋    | 665/846 [0:34:30<0:09:20, 0.32Hz] | epoch=4.72, loss=0.0073
[01.30 22:18:12] ┇ INFO    ┇    DeepKNLP.gner.trainer ┇ [training]  79%|███████████████▊    | 670/846 [0:34:40<0:09:04, 0.32Hz] | epoch=4.75, loss=0.0067
[01.30 22:18:24] ┇ INFO    ┇    DeepKNLP.gner.trainer ┇ [training]  80%|███████████████▉    | 675/846 [0:34:51<0:08:49, 0.32Hz] | epoch=4.79, loss=0.0078
[01.30 22:18:34] ┇ INFO    ┇    DeepKNLP.gner.trainer ┇ [training]  80%|████████████████    | 680/846 [0:35:02<0:08:33, 0.32Hz] | epoch=4.82, loss=0.0087
[01.30 22:18:46] ┇ INFO    ┇    DeepKNLP.gner.trainer ┇ [training]  81%|████████████████▏   | 685/846 [0:35:14<0:08:19, 0.32Hz] | epoch=4.86, loss=0.0105
[01.30 22:18:56] ┇ INFO    ┇    DeepKNLP.gner.trainer ┇ [training]  82%|████████████████▎   | 690/846 [0:35:24<0:08:02, 0.32Hz] | epoch=4.89, loss=0.0087
[01.30 22:19:07] ┇ INFO    ┇    DeepKNLP.gner.trainer ┇ [training]  82%|████████████████▍   | 695/846 [0:35:35<0:07:46, 0.32Hz] | epoch=4.93, loss=0.0081
[01.30 22:19:18] ┇ INFO    ┇    DeepKNLP.gner.trainer ┇ [training]  83%|████████████████▌   | 700/846 [0:35:46<0:07:31, 0.32Hz] | epoch=4.96, loss=0.0065
[01.30 22:19:29] ┇ INFO    ┇    DeepKNLP.gner.trainer ┇ [training]  83%|████████████████▋   | 705/846 [0:35:57<0:07:16, 0.32Hz] | epoch=5.00, loss=0.0101
[01.30 22:19:37] ┇ INFO    ┇    DeepKNLP.gner.trainer ┇ [checking]  17%|███▎                | 1/6 [0:00:00<0:00:00, 97570.76Hz]
[01.30 22:19:54] ┇ INFO    ┇    DeepKNLP.gner.trainer ┇ [checking]  50%|██████████          | 3/6 [0:00:17<0:00:17, 0.18Hz]
[01.30 22:20:05] ┇ INFO    ┇    DeepKNLP.gner.trainer ┇ [checking]  83%|████████████████▋   | 5/6 [0:00:27<0:00:05, 0.18Hz]
[01.30 22:20:14] ┇ INFO    ┇    DeepKNLP.gner.trainer ┇ [checking] 100%|████████████████████| 6/6 [0:00:35<0:00:00, 0.17Hz]
[01.30 22:20:14] ┇ INFO    ┇    DeepKNLP.gner.trainer ┇ [training]  83%|████████████████▋   | 705/846 [0:35:57<0:07:16, 0.32Hz] | epoch=5.00, eval_average=0.7324
[01.30 22:20:24] ┇ INFO    ┇    DeepKNLP.gner.trainer ┇ [training]  84%|████████████████▊   | 710/846 [0:36:52<0:07:21, 0.31Hz] | epoch=5.04, loss=0.0059
[01.30 22:20:35] ┇ INFO    ┇    DeepKNLP.gner.trainer ┇ [training]  85%|████████████████▉   | 715/846 [0:37:02<0:06:44, 0.32Hz] | epoch=5.07, loss=0.0037
[01.30 22:20:45] ┇ INFO    ┇    DeepKNLP.gner.trainer ┇ [training]  85%|█████████████████   | 720/846 [0:37:13<0:06:27, 0.32Hz] | epoch=5.11, loss=0.0041
[01.30 22:20:57] ┇ INFO    ┇    DeepKNLP.gner.trainer ┇ [training]  86%|█████████████████▏  | 725/846 [0:37:25<0:06:12, 0.32Hz] | epoch=5.14, loss=0.0033
[01.30 22:21:08] ┇ INFO    ┇    DeepKNLP.gner.trainer ┇ [training]  86%|█████████████████▎  | 730/846 [0:37:35<0:05:57, 0.32Hz] | epoch=5.18, loss=0.0041
[01.30 22:21:18] ┇ INFO    ┇    DeepKNLP.gner.trainer ┇ [training]  87%|█████████████████▍  | 735/846 [0:37:46<0:05:42, 0.32Hz] | epoch=5.21, loss=0.0031
[01.30 22:21:29] ┇ INFO    ┇    DeepKNLP.gner.trainer ┇ [training]  87%|█████████████████▍  | 740/846 [0:37:57<0:05:26, 0.32Hz] | epoch=5.25, loss=0.0035
[01.30 22:21:40] ┇ INFO    ┇    DeepKNLP.gner.trainer ┇ [training]  88%|█████████████████▌  | 745/846 [0:38:08<0:05:11, 0.32Hz] | epoch=5.28, loss=0.0031
[01.30 22:21:51] ┇ INFO    ┇    DeepKNLP.gner.trainer ┇ [training]  89%|█████████████████▋  | 750/846 [0:38:19<0:04:56, 0.32Hz] | epoch=5.32, loss=0.0040
[01.30 22:22:04] ┇ INFO    ┇    DeepKNLP.gner.trainer ┇ [checking]  17%|███▎                | 1/6 [0:00:00<0:00:00, 99314.79Hz]
[01.30 22:22:21] ┇ INFO    ┇    DeepKNLP.gner.trainer ┇ [checking]  50%|██████████          | 3/6 [0:00:16<0:00:16, 0.18Hz]
[01.30 22:22:31] ┇ INFO    ┇    DeepKNLP.gner.trainer ┇ [checking]  83%|████████████████▋   | 5/6 [0:00:27<0:00:05, 0.18Hz]
[01.30 22:22:40] ┇ INFO    ┇    DeepKNLP.gner.trainer ┇ [checking] 100%|████████████████████| 6/6 [0:00:35<0:00:00, 0.17Hz]
[01.30 22:22:40] ┇ INFO    ┇    DeepKNLP.gner.trainer ┇ [training]  89%|█████████████████▊  | 752/846 [0:39:08<0:05:05, 0.31Hz] | epoch=5.33, eval_average=0.7217
[01.30 22:22:47] ┇ INFO    ┇    DeepKNLP.gner.trainer ┇ [training]  89%|█████████████████▊  | 755/846 [0:39:15<0:04:56, 0.31Hz] | epoch=5.36, loss=0.0023
[01.30 22:22:58] ┇ INFO    ┇    DeepKNLP.gner.trainer ┇ [training]  90%|█████████████████▉  | 760/846 [0:39:25<0:04:40, 0.31Hz] | epoch=5.39, loss=0.0035
[01.30 22:23:08] ┇ INFO    ┇    DeepKNLP.gner.trainer ┇ [training]  90%|██████████████████  | 765/846 [0:39:36<0:04:11, 0.32Hz] | epoch=5.43, loss=0.0031
[01.30 22:23:20] ┇ INFO    ┇    DeepKNLP.gner.trainer ┇ [training]  91%|██████████████████▏ | 770/846 [0:39:48<0:03:56, 0.32Hz] | epoch=5.46, loss=0.0025
[01.30 22:23:31] ┇ INFO    ┇    DeepKNLP.gner.trainer ┇ [training]  92%|██████████████████▎ | 775/846 [0:39:59<0:03:40, 0.32Hz] | epoch=5.50, loss=0.0034
[01.30 22:23:42] ┇ INFO    ┇    DeepKNLP.gner.trainer ┇ [training]  92%|██████████████████▍ | 780/846 [0:40:10<0:03:24, 0.32Hz] | epoch=5.53, loss=0.0029
[01.30 22:23:52] ┇ INFO    ┇    DeepKNLP.gner.trainer ┇ [training]  93%|██████████████████▌ | 785/846 [0:40:20<0:03:09, 0.32Hz] | epoch=5.57, loss=0.0030
[01.30 22:24:03] ┇ INFO    ┇    DeepKNLP.gner.trainer ┇ [training]  93%|██████████████████▋ | 790/846 [0:40:30<0:02:53, 0.32Hz] | epoch=5.60, loss=0.0029
[01.30 22:24:14] ┇ INFO    ┇    DeepKNLP.gner.trainer ┇ [training]  94%|██████████████████▊ | 795/846 [0:40:41<0:02:38, 0.32Hz] | epoch=5.64, loss=0.0017
[01.30 22:24:31] ┇ INFO    ┇    DeepKNLP.gner.trainer ┇ [checking]  17%|███▎                | 1/6 [0:00:00<0:00:00, 95877.30Hz]
[01.30 22:24:47] ┇ INFO    ┇    DeepKNLP.gner.trainer ┇ [checking]  50%|██████████          | 3/6 [0:00:16<0:00:16, 0.18Hz]
[01.30 22:24:58] ┇ INFO    ┇    DeepKNLP.gner.trainer ┇ [checking]  83%|████████████████▋   | 5/6 [0:00:27<0:00:05, 0.18Hz]
[01.30 22:25:07] ┇ INFO    ┇    DeepKNLP.gner.trainer ┇ [checking] 100%|████████████████████| 6/6 [0:00:35<0:00:00, 0.17Hz]
[01.30 22:25:07] ┇ INFO    ┇    DeepKNLP.gner.trainer ┇ [training]  94%|██████████████████▉ | 799/846 [0:41:35<0:02:33, 0.31Hz] | epoch=5.67, eval_average=0.7243
[01.30 22:25:09] ┇ INFO    ┇    DeepKNLP.gner.trainer ┇ [training]  95%|██████████████████▉ | 800/846 [0:41:37<0:02:30, 0.31Hz] | epoch=5.67, loss=0.0029
[01.30 22:25:20] ┇ INFO    ┇    DeepKNLP.gner.trainer ┇ [training]  95%|███████████████████ | 805/846 [0:41:48<0:02:07, 0.32Hz] | epoch=5.71, loss=0.0028
[01.30 22:25:30] ┇ INFO    ┇    DeepKNLP.gner.trainer ┇ [training]  96%|███████████████████▏| 810/846 [0:41:58<0:01:51, 0.32Hz] | epoch=5.75, loss=0.0028
[01.30 22:25:41] ┇ INFO    ┇    DeepKNLP.gner.trainer ┇ [training]  96%|███████████████████▎| 815/846 [0:42:09<0:01:36, 0.32Hz] | epoch=5.78, loss=0.0022
[01.30 22:25:51] ┇ INFO    ┇    DeepKNLP.gner.trainer ┇ [training]  97%|███████████████████▍| 820/846 [0:42:19<0:01:20, 0.32Hz] | epoch=5.82, loss=0.0024
[01.30 22:26:02] ┇ INFO    ┇    DeepKNLP.gner.trainer ┇ [training]  98%|███████████████████▌| 825/846 [0:42:29<0:01:05, 0.32Hz] | epoch=5.85, loss=0.0026
[01.30 22:26:13] ┇ INFO    ┇    DeepKNLP.gner.trainer ┇ [training]  98%|███████████████████▌| 830/846 [0:42:41<0:00:49, 0.32Hz] | epoch=5.89, loss=0.0036
[01.30 22:26:24] ┇ INFO    ┇    DeepKNLP.gner.trainer ┇ [training]  99%|███████████████████▋| 835/846 [0:42:52<0:00:34, 0.32Hz] | epoch=5.92, loss=0.0023
[01.30 22:26:34] ┇ INFO    ┇    DeepKNLP.gner.trainer ┇ [training]  99%|███████████████████▊| 840/846 [0:43:02<0:00:18, 0.32Hz] | epoch=5.96, loss=0.0032
[01.30 22:26:44] ┇ INFO    ┇    DeepKNLP.gner.trainer ┇ [training] 100%|███████████████████▉| 845/846 [0:43:12<0:00:03, 0.32Hz] | epoch=5.99, loss=0.0030
[01.30 22:26:55] ┇ INFO    ┇    DeepKNLP.gner.trainer ┇ [checking]  17%|███▎                | 1/6 [0:00:00<0:00:00, 96899.36Hz]
[01.30 22:27:12] ┇ INFO    ┇    DeepKNLP.gner.trainer ┇ [checking]  50%|██████████          | 3/6 [0:00:16<0:00:16, 0.18Hz]
[01.30 22:27:22] ┇ INFO    ┇    DeepKNLP.gner.trainer ┇ [checking]  83%|████████████████▋   | 5/6 [0:00:27<0:00:05, 0.18Hz]
[01.30 22:27:31] ┇ INFO    ┇    DeepKNLP.gner.trainer ┇ [checking] 100%|████████████████████| 6/6 [0:00:35<0:00:00, 0.17Hz]
[01.30 22:27:31] ┇ INFO    ┇    DeepKNLP.gner.trainer ┇ [training] 100%|████████████████████| 846/846 [0:43:59<0:00:00, 0.31Hz] | epoch=6.00, eval_average=0.7242
[01.30 22:27:31] ┇ INFO    ┇    DeepKNLP.gner.trainer ┇ [training] 100%|████████████████████| 846/846 [0:43:59<0:00:00, 0.31Hz] | epoch=6.00, train_loss=0.0321, total_pflos=269.224
[01.30 22:27:31] ┇ INFO    ┇    DeepKNLP.gner.trainer ┇ -----------------------------------------------------------------------------------------------------------------------------------------
[01.30 22:27:31] ┇ INFO    ┇                 DeepKNLP ┇ Train output metrics: {'train_runtime': 2639.5347, 'train_samples_per_second': 41.223, 'train_steps_per_second': 0.321, 'total_flos': 2.6922414876341043e+17, 'train_loss': 0.03208196800792189, 'epoch': 6.0}
[01.30 22:27:32] ┇ INFO    ┇           chrisbase.data ┇ =========================================================================================================================================
[01.30 22:27:32] ┇ INFO    ┇           chrisbase.data ┇ [EXIT] python task2-nerG-trainer.py --local_rank=0 --trainer_deepspeed configs/deepspeed/ds1_llama.json ($=00:44:13.580)
[01.30 22:27:32] ┇ INFO    ┇           chrisbase.data ┇ =========================================================================================================================================
