[02.12 23:39:48] ┇ INFO    ┇           chrisbase.data ┇ =========================================================================================================================================
[02.12 23:39:48] ┇ INFO    ┇           chrisbase.data ┇ [INIT] python task2-nerG-trainer.py --local_rank=0 --trainer_deepspeed configs/deepspeed/ds2_t5.json --run_version FlanT5-Base-WQ=4,1 --pretrained google/flan-t5-base --eval_epochs 0.5 --logging_steps 5 --num_train_epochs 12 --per_device_eval_batch_size 50 --per_device_train_batch_size 8 --gradient_accumulation_steps 1 --generation_max_length 640 --eval_file data/gner/each-sampled-WQ=4,1/crossner_literature-dev=100-WQ=4,1.jsonl --train_file data/gner/each-WQ=4,1/crossner_literature-train-WQ=4,1.jsonl --output_file train-metrics-crossner_literature-12ep.csv --logging_file train-loggings-crossner_literature-12ep.out --no_use_flash_attention --no_debugging
[02.12 23:39:48] ┇ INFO    ┇           chrisbase.data ┇ =========================================================================================================================================
[02.12 23:39:48] ┇ INFO    ┇           chrisbase.data ┇ -----------------------------------------------------------------------------------------------------------------------------------------
[02.12 23:39:48] ┇ INFO    ┇           chrisbase.data ┇   #	TrainingArgumentsForAccelerator              	value
[02.12 23:39:48] ┇ INFO    ┇           chrisbase.data ┇ -----------------------------------------------------------------------------------------------------------------------------------------
[02.12 23:39:48] ┇ INFO    ┇           chrisbase.data ┇   1	env.hostname                                 	ptlm3
[02.12 23:39:48] ┇ INFO    ┇           chrisbase.data ┇   2	env.hostaddr                                 	129.254.121.74
[02.12 23:39:48] ┇ INFO    ┇           chrisbase.data ┇   3	env.global_rank                              	-1
[02.12 23:39:48] ┇ INFO    ┇           chrisbase.data ┇   4	env.local_rank                               	0
[02.12 23:39:48] ┇ INFO    ┇           chrisbase.data ┇   5	env.node_rank                                	-1
[02.12 23:39:48] ┇ INFO    ┇           chrisbase.data ┇   6	env.world_size                               	4
[02.12 23:39:48] ┇ INFO    ┇           chrisbase.data ┇   7	env.time_stamp                               	0212-233943
[02.12 23:39:48] ┇ INFO    ┇           chrisbase.data ┇   8	env.python_path                              	/home/chrisjihee/miniforge3/envs/DeepKNLP/bin/python
[02.12 23:39:48] ┇ INFO    ┇           chrisbase.data ┇   9	env.current_dir                              	/home/chrisjihee/proj/DeepKNLP
[02.12 23:39:48] ┇ INFO    ┇           chrisbase.data ┇  10	env.current_file                             	task2-nerG-trainer.py
[02.12 23:39:48] ┇ INFO    ┇           chrisbase.data ┇  11	env.command_args                             	['--local_rank=0', '--trainer_deepspeed', 'configs/deepspeed/ds2_t5.json', '--run_version', 'FlanT5-Base-WQ=4,1', '--pretrained', 'google/flan-t5-base', '--eval_epochs', '0.5', '--logging_steps', '5', '--num_train_epochs', '12', '--per_device_eval_batch_size', '50', '--per_device_train_batch_size', '8', '--gradient_accumulation_steps', '1', '--generation_max_length', '640', '--eval_file', 'data/gner/each-sampled-WQ=4,1/crossner_literature-dev=100-WQ=4,1.jsonl', '--train_file', 'data/gner/each-WQ=4,1/crossner_literature-train-WQ=4,1.jsonl', '--output_file', 'train-metrics-crossner_literature-12ep.csv', '--logging_file', 'train-loggings-crossner_literature-12ep.out', '--no_use_flash_attention', '--no_debugging']
[02.12 23:39:48] ┇ INFO    ┇           chrisbase.data ┇  12	env.output_home                              	output
[02.12 23:39:48] ┇ INFO    ┇           chrisbase.data ┇  13	env.output_name                              	GNER
[02.12 23:39:48] ┇ INFO    ┇           chrisbase.data ┇  14	env.run_version                              	FlanT5-Base-WQ=4,1
[02.12 23:39:48] ┇ INFO    ┇           chrisbase.data ┇  15	env.output_file                              	train-metrics-crossner_literature-12ep-0212-233943.csv
[02.12 23:39:48] ┇ INFO    ┇           chrisbase.data ┇  16	env.logging_file                             	train-loggings-crossner_literature-12ep-0212-233943.out
[02.12 23:39:48] ┇ INFO    ┇           chrisbase.data ┇  17	env.logging_level                            	30
[02.12 23:39:48] ┇ INFO    ┇           chrisbase.data ┇  18	env.logging_format                           	%(asctime)s ┇ %(levelname)-7s ┇ %(name)24s ┇ %(message)s
[02.12 23:39:48] ┇ INFO    ┇           chrisbase.data ┇  19	env.datetime_format                          	[%m.%d %H:%M:%S]
[02.12 23:39:48] ┇ INFO    ┇           chrisbase.data ┇  20	env.argument_file                            	train-arguments-0212-233943.json
[02.12 23:39:48] ┇ INFO    ┇           chrisbase.data ┇  21	env.random_seed                              	7
[02.12 23:39:48] ┇ INFO    ┇           chrisbase.data ┇  22	env.max_workers                              	4
[02.12 23:39:48] ┇ INFO    ┇           chrisbase.data ┇  23	env.debugging                                	False
[02.12 23:39:48] ┇ INFO    ┇           chrisbase.data ┇  24	env.output_dir                               	output/GNER/FlanT5-Base-WQ=4,1
[02.12 23:39:48] ┇ INFO    ┇           chrisbase.data ┇  25	time.t1                                      	2025-02-12 23:39:48.622981
[02.12 23:39:48] ┇ INFO    ┇           chrisbase.data ┇  26	time.t2                                      	2025-02-12 23:39:42.124989
[02.12 23:39:48] ┇ INFO    ┇           chrisbase.data ┇  27	time.started                                 	[02.12 23:39:48]
[02.12 23:39:48] ┇ INFO    ┇           chrisbase.data ┇  28	time.settled
[02.12 23:39:48] ┇ INFO    ┇           chrisbase.data ┇  29	time.elapsed
[02.12 23:39:48] ┇ INFO    ┇           chrisbase.data ┇  30	data.train_file                              	data/gner/each-WQ=4,1/crossner_literature-train-WQ=4,1.jsonl
[02.12 23:39:48] ┇ INFO    ┇           chrisbase.data ┇  31	data.study_file
[02.12 23:39:48] ┇ INFO    ┇           chrisbase.data ┇  32	data.eval_file                               	data/gner/each-sampled-WQ=4,1/crossner_literature-dev=100-WQ=4,1.jsonl
[02.12 23:39:48] ┇ INFO    ┇           chrisbase.data ┇  33	data.pred_file
[02.12 23:39:48] ┇ INFO    ┇           chrisbase.data ┇  34	data.pretrained                              	google/flan-t5-base
[02.12 23:39:48] ┇ INFO    ┇           chrisbase.data ┇  35	data.max_train_samples                       	-1
[02.12 23:39:48] ┇ INFO    ┇           chrisbase.data ┇  36	data.max_study_samples                       	-1
[02.12 23:39:48] ┇ INFO    ┇           chrisbase.data ┇  37	data.max_eval_samples                        	-1
[02.12 23:39:48] ┇ INFO    ┇           chrisbase.data ┇  38	data.max_pred_samples                        	-1
[02.12 23:39:48] ┇ INFO    ┇           chrisbase.data ┇  39	data.use_cache_data                          	False
[02.12 23:39:48] ┇ INFO    ┇           chrisbase.data ┇  40	data.progress_seconds                        	10.0
[02.12 23:39:48] ┇ INFO    ┇           chrisbase.data ┇  41	data.max_source_length                       	640
[02.12 23:39:48] ┇ INFO    ┇           chrisbase.data ┇  42	data.max_target_length                       	640
[02.12 23:39:48] ┇ INFO    ┇           chrisbase.data ┇  43	data.write_predictions                       	False
[02.12 23:39:48] ┇ INFO    ┇           chrisbase.data ┇  44	data.ignore_pad_token_for_loss               	True
[02.12 23:39:48] ┇ INFO    ┇           chrisbase.data ┇  45	train._n_gpu                                 	1
[02.12 23:39:48] ┇ INFO    ┇           chrisbase.data ┇  46	train.accelerator_config                     	{'split_batches': False, 'dispatch_batches': None, 'even_batches': True, 'use_seedable_sampler': True, 'non_blocking': False, 'gradient_accumulation_kwargs': None, 'use_configured_state': False}
[02.12 23:39:48] ┇ INFO    ┇           chrisbase.data ┇  47	train.adafactor                              	False
[02.12 23:39:48] ┇ INFO    ┇           chrisbase.data ┇  48	train.adam_beta1                             	0.9
[02.12 23:39:48] ┇ INFO    ┇           chrisbase.data ┇  49	train.adam_beta2                             	0.999
[02.12 23:39:48] ┇ INFO    ┇           chrisbase.data ┇  50	train.adam_epsilon                           	1e-08
[02.12 23:39:48] ┇ INFO    ┇           chrisbase.data ┇  51	train.auto_find_batch_size                   	False
[02.12 23:39:48] ┇ INFO    ┇           chrisbase.data ┇  52	train.average_tokens_across_devices          	False
[02.12 23:39:48] ┇ INFO    ┇           chrisbase.data ┇  53	train.batch_eval_metrics                     	False
[02.12 23:39:48] ┇ INFO    ┇           chrisbase.data ┇  54	train.bf16                                   	True
[02.12 23:39:48] ┇ INFO    ┇           chrisbase.data ┇  55	train.bf16_full_eval                         	True
[02.12 23:39:48] ┇ INFO    ┇           chrisbase.data ┇  56	train.data_seed
[02.12 23:39:48] ┇ INFO    ┇           chrisbase.data ┇  57	train.dataloader_drop_last                   	False
[02.12 23:39:48] ┇ INFO    ┇           chrisbase.data ┇  58	train.dataloader_num_workers                 	0
[02.12 23:39:48] ┇ INFO    ┇           chrisbase.data ┇  59	train.dataloader_persistent_workers          	False
[02.12 23:39:48] ┇ INFO    ┇           chrisbase.data ┇  60	train.dataloader_pin_memory                  	True
[02.12 23:39:48] ┇ INFO    ┇           chrisbase.data ┇  61	train.dataloader_prefetch_factor
[02.12 23:39:48] ┇ INFO    ┇           chrisbase.data ┇  62	train.ddp_backend
[02.12 23:39:48] ┇ INFO    ┇           chrisbase.data ┇  63	train.ddp_broadcast_buffers
[02.12 23:39:48] ┇ INFO    ┇           chrisbase.data ┇  64	train.ddp_bucket_cap_mb
[02.12 23:39:48] ┇ INFO    ┇           chrisbase.data ┇  65	train.ddp_find_unused_parameters
[02.12 23:39:48] ┇ INFO    ┇           chrisbase.data ┇  66	train.ddp_timeout                            	1800
[02.12 23:39:48] ┇ INFO    ┇           chrisbase.data ┇  67	train.debug                                  	[]
[02.12 23:39:48] ┇ INFO    ┇           chrisbase.data ┇  68	train.deepspeed                              	configs/deepspeed/ds2_t5.json
[02.12 23:39:48] ┇ INFO    ┇           chrisbase.data ┇  69	train.disable_tqdm                           	True
[02.12 23:39:48] ┇ INFO    ┇           chrisbase.data ┇  70	train.dispatch_batches
[02.12 23:39:48] ┇ INFO    ┇           chrisbase.data ┇  71	train.do_eval                                	True
[02.12 23:39:48] ┇ INFO    ┇           chrisbase.data ┇  72	train.do_predict                             	False
[02.12 23:39:48] ┇ INFO    ┇           chrisbase.data ┇  73	train.do_train                               	True
[02.12 23:39:48] ┇ INFO    ┇           chrisbase.data ┇  74	train.eval_accumulation_steps                	1
[02.12 23:39:48] ┇ INFO    ┇           chrisbase.data ┇  75	train.eval_delay                             	0.0
[02.12 23:39:48] ┇ INFO    ┇           chrisbase.data ┇  76	train.eval_do_concat_batches                 	True
[02.12 23:39:48] ┇ INFO    ┇           chrisbase.data ┇  77	train.eval_epochs                            	0.5
[02.12 23:39:48] ┇ INFO    ┇           chrisbase.data ┇  78	train.eval_on_start                          	False
[02.12 23:39:48] ┇ INFO    ┇           chrisbase.data ┇  79	train.eval_steps                             	9223372036854775807
[02.12 23:39:48] ┇ INFO    ┇           chrisbase.data ┇  80	train.eval_strategy                          	IntervalStrategy.NO
[02.12 23:39:48] ┇ INFO    ┇           chrisbase.data ┇  81	train.eval_use_gather_object                 	False
[02.12 23:39:48] ┇ INFO    ┇           chrisbase.data ┇  82	train.evaluation_strategy
[02.12 23:39:48] ┇ INFO    ┇           chrisbase.data ┇  83	train.fp16                                   	False
[02.12 23:39:48] ┇ INFO    ┇           chrisbase.data ┇  84	train.fp16_backend                           	auto
[02.12 23:39:48] ┇ INFO    ┇           chrisbase.data ┇  85	train.fp16_full_eval                         	False
[02.12 23:39:48] ┇ INFO    ┇           chrisbase.data ┇  86	train.fp16_opt_level                         	O1
[02.12 23:39:48] ┇ INFO    ┇           chrisbase.data ┇  87	train.fsdp                                   	[]
[02.12 23:39:48] ┇ INFO    ┇           chrisbase.data ┇  88	train.fsdp_config                            	{'min_num_params': 0, 'xla': False, 'xla_fsdp_v2': False, 'xla_fsdp_grad_ckpt': False}
[02.12 23:39:48] ┇ INFO    ┇           chrisbase.data ┇  89	train.fsdp_min_num_params                    	0
[02.12 23:39:48] ┇ INFO    ┇           chrisbase.data ┇  90	train.fsdp_transformer_layer_cls_to_wrap
[02.12 23:39:48] ┇ INFO    ┇           chrisbase.data ┇  91	train.full_determinism                       	False
[02.12 23:39:48] ┇ INFO    ┇           chrisbase.data ┇  92	train.generation_config
[02.12 23:39:48] ┇ INFO    ┇           chrisbase.data ┇  93	train.generation_max_length                  	640
[02.12 23:39:48] ┇ INFO    ┇           chrisbase.data ┇  94	train.generation_num_beams
[02.12 23:39:48] ┇ INFO    ┇           chrisbase.data ┇  95	train.gradient_accumulation_steps            	1
[02.12 23:39:48] ┇ INFO    ┇           chrisbase.data ┇  96	train.gradient_checkpointing                 	True
[02.12 23:39:48] ┇ INFO    ┇           chrisbase.data ┇  97	train.gradient_checkpointing_kwargs
[02.12 23:39:48] ┇ INFO    ┇           chrisbase.data ┇  98	train.greater_is_better
[02.12 23:39:48] ┇ INFO    ┇           chrisbase.data ┇  99	train.group_by_length                        	False
[02.12 23:39:48] ┇ INFO    ┇           chrisbase.data ┇ 100	train.half_precision_backend                 	auto
[02.12 23:39:48] ┇ INFO    ┇           chrisbase.data ┇ 101	train.hub_always_push                        	False
[02.12 23:39:48] ┇ INFO    ┇           chrisbase.data ┇ 102	train.hub_model_id
[02.12 23:39:48] ┇ INFO    ┇           chrisbase.data ┇ 103	train.hub_private_repo
[02.12 23:39:48] ┇ INFO    ┇           chrisbase.data ┇ 104	train.hub_strategy                           	HubStrategy.EVERY_SAVE
[02.12 23:39:48] ┇ INFO    ┇           chrisbase.data ┇ 105	train.hub_token
[02.12 23:39:48] ┇ INFO    ┇           chrisbase.data ┇ 106	train.ignore_data_skip                       	False
[02.12 23:39:48] ┇ INFO    ┇           chrisbase.data ┇ 107	train.include_for_metrics                    	[]
[02.12 23:39:48] ┇ INFO    ┇           chrisbase.data ┇ 108	train.include_inputs_for_metrics             	False
[02.12 23:39:48] ┇ INFO    ┇           chrisbase.data ┇ 109	train.include_num_input_tokens_seen          	False
[02.12 23:39:48] ┇ INFO    ┇           chrisbase.data ┇ 110	train.include_tokens_per_second              	False
[02.12 23:39:48] ┇ INFO    ┇           chrisbase.data ┇ 111	train.jit_mode_eval                          	False
[02.12 23:39:48] ┇ INFO    ┇           chrisbase.data ┇ 112	train.label_names
[02.12 23:39:48] ┇ INFO    ┇           chrisbase.data ┇ 113	train.label_smoothing_factor                 	0.0
[02.12 23:39:48] ┇ INFO    ┇           chrisbase.data ┇ 114	train.learning_rate                          	2e-05
[02.12 23:39:48] ┇ INFO    ┇           chrisbase.data ┇ 115	train.length_column_name                     	length
[02.12 23:39:48] ┇ INFO    ┇           chrisbase.data ┇ 116	train.load_best_model_at_end                 	False
[02.12 23:39:48] ┇ INFO    ┇           chrisbase.data ┇ 117	train.local_rank                             	0
[02.12 23:39:48] ┇ INFO    ┇           chrisbase.data ┇ 118	train.log_level                              	warning
[02.12 23:39:48] ┇ INFO    ┇           chrisbase.data ┇ 119	train.log_level_replica                      	error
[02.12 23:39:48] ┇ INFO    ┇           chrisbase.data ┇ 120	train.log_on_each_node                       	True
[02.12 23:39:48] ┇ INFO    ┇           chrisbase.data ┇ 121	train.logging_dir                            	output/GNER/FlanT5-Base-WQ=4,1/runs/Feb12_23-39-47_ptlm3
[02.12 23:39:48] ┇ INFO    ┇           chrisbase.data ┇ 122	train.logging_epochs                         	-1.0
[02.12 23:39:48] ┇ INFO    ┇           chrisbase.data ┇ 123	train.logging_first_step                     	False
[02.12 23:39:48] ┇ INFO    ┇           chrisbase.data ┇ 124	train.logging_nan_inf_filter                 	True
[02.12 23:39:48] ┇ INFO    ┇           chrisbase.data ┇ 125	train.logging_steps                          	5
[02.12 23:39:48] ┇ INFO    ┇           chrisbase.data ┇ 126	train.logging_strategy                       	IntervalStrategy.STEPS
[02.12 23:39:48] ┇ INFO    ┇           chrisbase.data ┇ 127	train.lr_scheduler_kwargs                    	{}
[02.12 23:39:48] ┇ INFO    ┇           chrisbase.data ┇ 128	train.lr_scheduler_type                      	SchedulerType.COSINE
[02.12 23:39:48] ┇ INFO    ┇           chrisbase.data ┇ 129	train.max_grad_norm                          	1.0
[02.12 23:39:48] ┇ INFO    ┇           chrisbase.data ┇ 130	train.max_steps                              	-1
[02.12 23:39:48] ┇ INFO    ┇           chrisbase.data ┇ 131	train.metric_for_best_model
[02.12 23:39:48] ┇ INFO    ┇           chrisbase.data ┇ 132	train.mp_parameters
[02.12 23:39:48] ┇ INFO    ┇           chrisbase.data ┇ 133	train.neftune_noise_alpha
[02.12 23:39:48] ┇ INFO    ┇           chrisbase.data ┇ 134	train.no_cuda                                	False
[02.12 23:39:48] ┇ INFO    ┇           chrisbase.data ┇ 135	train.num_train_epochs                       	12.0
[02.12 23:39:48] ┇ INFO    ┇           chrisbase.data ┇ 136	train.optim                                  	OptimizerNames.ADAMW_TORCH
[02.12 23:39:48] ┇ INFO    ┇           chrisbase.data ┇ 137	train.optim_args
[02.12 23:39:48] ┇ INFO    ┇           chrisbase.data ┇ 138	train.optim_target_modules
[02.12 23:39:48] ┇ INFO    ┇           chrisbase.data ┇ 139	train.output_dir                             	output/GNER/FlanT5-Base-WQ=4,1
[02.12 23:39:48] ┇ INFO    ┇           chrisbase.data ┇ 140	train.overwrite_output_dir                   	True
[02.12 23:39:48] ┇ INFO    ┇           chrisbase.data ┇ 141	train.past_index                             	-1
[02.12 23:39:48] ┇ INFO    ┇           chrisbase.data ┇ 142	train.per_device_eval_batch_size             	50
[02.12 23:39:48] ┇ INFO    ┇           chrisbase.data ┇ 143	train.per_device_train_batch_size            	8
[02.12 23:39:48] ┇ INFO    ┇           chrisbase.data ┇ 144	train.per_gpu_eval_batch_size
[02.12 23:39:48] ┇ INFO    ┇           chrisbase.data ┇ 145	train.per_gpu_train_batch_size
[02.12 23:39:48] ┇ INFO    ┇           chrisbase.data ┇ 146	train.predict_with_generate                  	True
[02.12 23:39:48] ┇ INFO    ┇           chrisbase.data ┇ 147	train.prediction_loss_only                   	False
[02.12 23:39:48] ┇ INFO    ┇           chrisbase.data ┇ 148	train.push_to_hub                            	False
[02.12 23:39:48] ┇ INFO    ┇           chrisbase.data ┇ 149	train.push_to_hub_model_id
[02.12 23:39:48] ┇ INFO    ┇           chrisbase.data ┇ 150	train.push_to_hub_organization
[02.12 23:39:48] ┇ INFO    ┇           chrisbase.data ┇ 151	train.push_to_hub_token
[02.12 23:39:48] ┇ INFO    ┇           chrisbase.data ┇ 152	train.ray_scope                              	last
[02.12 23:39:48] ┇ INFO    ┇           chrisbase.data ┇ 153	train.remove_unused_columns                  	False
[02.12 23:39:48] ┇ INFO    ┇           chrisbase.data ┇ 154	train.report_to                              	[]
[02.12 23:39:48] ┇ INFO    ┇           chrisbase.data ┇ 155	train.restore_callback_states_from_checkpoint	False
[02.12 23:39:48] ┇ INFO    ┇           chrisbase.data ┇ 156	train.resume_from_checkpoint
[02.12 23:39:48] ┇ INFO    ┇           chrisbase.data ┇ 157	train.run_name                               	output/GNER/FlanT5-Base-WQ=4,1
[02.12 23:39:48] ┇ INFO    ┇           chrisbase.data ┇ 158	train.save_epochs                            	-1.0
[02.12 23:39:48] ┇ INFO    ┇           chrisbase.data ┇ 159	train.save_on_each_node                      	False
[02.12 23:39:48] ┇ INFO    ┇           chrisbase.data ┇ 160	train.save_only_model                        	False
[02.12 23:39:48] ┇ INFO    ┇           chrisbase.data ┇ 161	train.save_safetensors                       	True
[02.12 23:39:48] ┇ INFO    ┇           chrisbase.data ┇ 162	train.save_steps                             	9223372036854775807
[02.12 23:39:48] ┇ INFO    ┇           chrisbase.data ┇ 163	train.save_strategy                          	SaveStrategy.NO
[02.12 23:39:48] ┇ INFO    ┇           chrisbase.data ┇ 164	train.save_total_limit
[02.12 23:39:48] ┇ INFO    ┇           chrisbase.data ┇ 165	train.seed                                   	7
[02.12 23:39:48] ┇ INFO    ┇           chrisbase.data ┇ 166	train.skip_memory_metrics                    	True
[02.12 23:39:48] ┇ INFO    ┇           chrisbase.data ┇ 167	train.sortish_sampler                        	False
[02.12 23:39:48] ┇ INFO    ┇           chrisbase.data ┇ 168	train.split_batches
[02.12 23:39:48] ┇ INFO    ┇           chrisbase.data ┇ 169	train.tf32                                   	True
[02.12 23:39:48] ┇ INFO    ┇           chrisbase.data ┇ 170	train.torch_compile                          	False
[02.12 23:39:48] ┇ INFO    ┇           chrisbase.data ┇ 171	train.torch_compile_backend
[02.12 23:39:48] ┇ INFO    ┇           chrisbase.data ┇ 172	train.torch_compile_mode
[02.12 23:39:48] ┇ INFO    ┇           chrisbase.data ┇ 173	train.torch_empty_cache_steps
[02.12 23:39:48] ┇ INFO    ┇           chrisbase.data ┇ 174	train.torchdynamo
[02.12 23:39:48] ┇ INFO    ┇           chrisbase.data ┇ 175	train.tpu_metrics_debug                      	False
[02.12 23:39:48] ┇ INFO    ┇           chrisbase.data ┇ 176	train.tpu_num_cores
[02.12 23:39:48] ┇ INFO    ┇           chrisbase.data ┇ 177	train.use_cpu                                	False
[02.12 23:39:48] ┇ INFO    ┇           chrisbase.data ┇ 178	train.use_flash_attention                    	False
[02.12 23:39:48] ┇ INFO    ┇           chrisbase.data ┇ 179	train.use_ipex                               	False
[02.12 23:39:48] ┇ INFO    ┇           chrisbase.data ┇ 180	train.use_legacy_prediction_loop             	False
[02.12 23:39:48] ┇ INFO    ┇           chrisbase.data ┇ 181	train.use_liger_kernel                       	False
[02.12 23:39:48] ┇ INFO    ┇           chrisbase.data ┇ 182	train.use_mps_device                         	False
[02.12 23:39:48] ┇ INFO    ┇           chrisbase.data ┇ 183	train.warmup_ratio                           	0.04
[02.12 23:39:48] ┇ INFO    ┇           chrisbase.data ┇ 184	train.warmup_steps                           	0
[02.12 23:39:48] ┇ INFO    ┇           chrisbase.data ┇ 185	train.weight_decay                           	0.0
[02.12 23:39:48] ┇ INFO    ┇           chrisbase.data ┇ -----------------------------------------------------------------------------------------------------------------------------------------
[02.12 23:39:50] ┇ INFO    ┇                 DeepKNLP ┇ model type: <class 'transformers.models.t5.modeling_t5.T5ForConditionalGeneration'>
[02.12 23:39:50] ┇ INFO    ┇                 DeepKNLP ┇ model pad_token_id: 0
[02.12 23:39:50] ┇ INFO    ┇                 DeepKNLP ┇ Loaded raw train_dataset (#=3782): data/gner/each-WQ=4,1/crossner_literature-train-WQ=4,1.jsonl
[02.12 23:39:50] ┇ INFO    ┇                 DeepKNLP ┇ Preprocess train_dataset:   0%|                    |    4/3782 [0:00:00<0:03:42, 16.99Hz]
[02.12 23:39:51] ┇ INFO    ┇                 DeepKNLP ┇ Preprocess train_dataset: 100%|████████████████████| 3782/3782 [0:00:00<0:00:00, 5444.75Hz]
[02.12 23:39:52] ┇ INFO    ┇                 DeepKNLP ┇ Completed preprocessing for train_dataset by google/flan-t5-base at [02.12 23:39:51]
[02.12 23:39:52] ┇ INFO    ┇                 DeepKNLP ┇ Loaded raw eval_dataset (#=3472): data/gner/each-sampled-WQ=4,1/crossner_literature-dev=100-WQ=4,1.jsonl
[02.12 23:39:52] ┇ INFO    ┇                 DeepKNLP ┇ Preprocess eval_dataset:   0%|                    |    4/3472 [0:00:00<0:03:22, 17.15Hz]
[02.12 23:39:53] ┇ INFO    ┇                 DeepKNLP ┇ Preprocess eval_dataset: 100%|████████████████████| 3472/3472 [0:00:00<0:00:00, 6463.04Hz]
[02.12 23:39:53] ┇ INFO    ┇                 DeepKNLP ┇ Completed preprocessing for eval_dataset by google/flan-t5-base at [02.12 23:39:53]
[02.12 23:39:56] ┇ INFO    ┇ torch.distributed.distributed_c10d ┇ Using backend config: {'cuda': 'nccl'}
[02.12 23:39:56] ┇ INFO    ┇ torch.distributed.distributed_c10d ┇ Using backend config: {'cuda': 'nccl'}
[02.12 23:39:56] ┇ INFO    ┇ torch.distributed.distributed_c10d ┇ Using backend config: {'cuda': 'nccl'}
[02.12 23:39:56] ┇ INFO    ┇ torch.distributed.distributed_c10d ┇ Using backend config: {'cuda': 'nccl'}
[02.12 23:39:58] ┇ WARNING ┇                DeepSpeed ┇ Attempting to get learning rate from scheduler before it has started
[02.12 23:39:58] ┇ INFO    ┇    DeepKNLP.gner.trainer ┇ -----------------------------------------------------------------------------------------------------------------------------------------
[02.12 23:39:58] ┇ INFO    ┇    DeepKNLP.gner.trainer ┇ ***** Beginning Training *****
[02.12 23:39:58] ┇ INFO    ┇    DeepKNLP.gner.trainer ┇ >> Train Epochs       = 12.0
[02.12 23:39:58] ┇ INFO    ┇    DeepKNLP.gner.trainer ┇ >> Train Examples     = 3,782
[02.12 23:39:58] ┇ INFO    ┇    DeepKNLP.gner.trainer ┇ >> Train Batch Size   = 32 = 8 * 1 * 4
[02.12 23:39:58] ┇ INFO    ┇    DeepKNLP.gner.trainer ┇ >> Train Optim Steps  = 1,428 = 119 * 12.0
[02.12 23:39:58] ┇ INFO    ┇    DeepKNLP.gner.trainer ┇ >> Train Model Params = 247,577,856
[02.12 23:39:58] ┇ INFO    ┇    DeepKNLP.gner.trainer ┇ >> Trainer Callbacks  = DefaultFlowCallback, CustomProgressCallback
[02.12 23:39:58] ┇ INFO    ┇    DeepKNLP.gner.trainer ┇ >> Zero Optim Stage   = 2
[02.12 23:39:58] ┇ INFO    ┇    DeepKNLP.gner.trainer ┇ >> Eval Examples      = 3,472
[02.12 23:39:58] ┇ INFO    ┇    DeepKNLP.gner.trainer ┇ >> Eval Batch Size    = 200 = 50 * 4
[02.12 23:40:00] ┇ INFO    ┇    DeepKNLP.gner.trainer ┇ [training]   0%|                    |    5/1428 [0:00:01<0:09:13, 2.57Hz] | epoch=0.04, loss=2.493000
[02.12 23:40:01] ┇ INFO    ┇    DeepKNLP.gner.trainer ┇ [training]   1%|▏                   |   10/1428 [0:00:03<0:07:20, 3.22Hz] | epoch=0.08, loss=2.332000
[02.12 23:40:02] ┇ INFO    ┇    DeepKNLP.gner.trainer ┇ [training]   1%|▏                   |   15/1428 [0:00:04<0:06:42, 3.51Hz] | epoch=0.13, loss=1.873000
[02.12 23:40:04] ┇ INFO    ┇    DeepKNLP.gner.trainer ┇ [training]   1%|▎                   |   20/1428 [0:00:05<0:06:24, 3.66Hz] | epoch=0.17, loss=1.307000
[02.12 23:40:05] ┇ INFO    ┇    DeepKNLP.gner.trainer ┇ [training]   2%|▎                   |   25/1428 [0:00:06<0:06:14, 3.75Hz] | epoch=0.21, loss=1.007800
[02.12 23:40:06] ┇ INFO    ┇    DeepKNLP.gner.trainer ┇ [training]   2%|▍                   |   30/1428 [0:00:07<0:06:05, 3.82Hz] | epoch=0.25, loss=0.689500
[02.12 23:40:07] ┇ INFO    ┇    DeepKNLP.gner.trainer ┇ [training]   2%|▍                   |   35/1428 [0:00:09<0:05:59, 3.88Hz] | epoch=0.29, loss=0.561000
[02.12 23:40:08] ┇ INFO    ┇    DeepKNLP.gner.trainer ┇ [training]   3%|▌                   |   40/1428 [0:00:10<0:05:53, 3.93Hz] | epoch=0.34, loss=0.426800
[02.12 23:40:09] ┇ INFO    ┇    DeepKNLP.gner.trainer ┇ [training]   3%|▋                   |   45/1428 [0:00:11<0:05:49, 3.96Hz] | epoch=0.38, loss=0.344400
[02.12 23:40:11] ┇ INFO    ┇    DeepKNLP.gner.trainer ┇ [training]   4%|▋                   |   50/1428 [0:00:12<0:05:45, 3.98Hz] | epoch=0.42, loss=0.282200
[02.12 23:40:12] ┇ INFO    ┇    DeepKNLP.gner.trainer ┇ [training]   4%|▊                   |   55/1428 [0:00:13<0:05:41, 4.02Hz] | epoch=0.46, loss=0.235100
[02.12 23:40:13] ┇ INFO    ┇    DeepKNLP.gner.trainer ┇ [training]   4%|▊                   |   60/1428 [0:00:14<0:05:39, 4.03Hz] | epoch=0.50, loss=0.193800
[02.12 23:40:17] ┇ INFO    ┇    DeepKNLP.gner.trainer ┇ [checking]   6%|█                   |  1/18 [0:00:00<0:00:00, 92763.87Hz]
[02.12 23:40:27] ┇ INFO    ┇    DeepKNLP.gner.trainer ┇ [checking]  22%|████▍               |  4/18 [0:00:10<0:00:35, 0.40Hz]
[02.12 23:40:39] ┇ INFO    ┇    DeepKNLP.gner.trainer ┇ [checking]  39%|███████▊            |  7/18 [0:00:22<0:00:34, 0.32Hz]
[02.12 23:40:51] ┇ INFO    ┇    DeepKNLP.gner.trainer ┇ [checking]  56%|███████████         | 10/18 [0:00:33<0:00:26, 0.30Hz]
[02.12 23:41:03] ┇ INFO    ┇    DeepKNLP.gner.trainer ┇ [checking]  78%|███████████████▌    | 14/18 [0:00:45<0:00:13, 0.31Hz]
[02.12 23:41:13] ┇ INFO    ┇    DeepKNLP.gner.trainer ┇ [checking]  94%|██████████████████▉ | 17/18 [0:00:56<0:00:03, 0.30Hz]
[02.12 23:41:19] ┇ INFO    ┇    DeepKNLP.gner.trainer ┇ [checking] 100%|████████████████████| 18/18 [0:00:59<0:00:00, 0.30Hz]
[02.12 23:41:19] ┇ INFO    ┇    DeepKNLP.gner.trainer ┇ [training]   4%|▊                   |   60/1428 [0:00:14<0:05:39, 4.03Hz] | epoch=0.50, eval_average=0.0000
[02.12 23:41:20] ┇ INFO    ┇    DeepKNLP.gner.trainer ┇ [training]   5%|▉                   |   65/1428 [0:01:21<0:28:37, 0.79Hz] | epoch=0.55, loss=0.179400
[02.12 23:41:21] ┇ INFO    ┇    DeepKNLP.gner.trainer ┇ [training]   5%|▉                   |   70/1428 [0:01:23<0:26:51, 0.84Hz] | epoch=0.59, loss=0.159500
[02.12 23:41:22] ┇ INFO    ┇    DeepKNLP.gner.trainer ┇ [training]   5%|█                   |   75/1428 [0:01:24<0:25:20, 0.89Hz] | epoch=0.63, loss=0.146700
[02.12 23:41:24] ┇ INFO    ┇    DeepKNLP.gner.trainer ┇ [training]   6%|█                   |   80/1428 [0:01:25<0:24:00, 0.94Hz] | epoch=0.67, loss=0.141900
[02.12 23:41:25] ┇ INFO    ┇    DeepKNLP.gner.trainer ┇ [training]   6%|█▏                  |   85/1428 [0:01:26<0:22:49, 0.98Hz] | epoch=0.71, loss=0.134900
[02.12 23:41:26] ┇ INFO    ┇    DeepKNLP.gner.trainer ┇ [training]   6%|█▎                  |   90/1428 [0:01:27<0:21:46, 1.02Hz] | epoch=0.76, loss=0.127800
[02.12 23:41:27] ┇ INFO    ┇    DeepKNLP.gner.trainer ┇ [training]   7%|█▎                  |   95/1428 [0:01:29<0:20:49, 1.07Hz] | epoch=0.80, loss=0.123100
[02.12 23:41:28] ┇ INFO    ┇    DeepKNLP.gner.trainer ┇ [training]   7%|█▍                  |  100/1428 [0:01:30<0:19:58, 1.11Hz] | epoch=0.84, loss=0.121600
[02.12 23:41:30] ┇ INFO    ┇    DeepKNLP.gner.trainer ┇ [training]   7%|█▍                  |  105/1428 [0:01:31<0:19:11, 1.15Hz] | epoch=0.88, loss=0.111600
[02.12 23:41:31] ┇ INFO    ┇    DeepKNLP.gner.trainer ┇ [training]   8%|█▌                  |  110/1428 [0:01:32<0:18:29, 1.19Hz] | epoch=0.92, loss=0.115300
[02.12 23:41:32] ┇ INFO    ┇    DeepKNLP.gner.trainer ┇ [training]   8%|█▌                  |  115/1428 [0:01:33<0:17:50, 1.23Hz] | epoch=0.97, loss=0.108900
[02.12 23:41:37] ┇ INFO    ┇    DeepKNLP.gner.trainer ┇ [checking]   6%|█                   |  1/18 [0:00:00<0:00:00, 85603.16Hz]
[02.12 23:41:51] ┇ INFO    ┇    DeepKNLP.gner.trainer ┇ [checking]  28%|█████▌              |  5/18 [0:00:13<0:00:35, 0.36Hz]
[02.12 23:42:03] ┇ INFO    ┇    DeepKNLP.gner.trainer ┇ [checking]  44%|████████▉           |  8/18 [0:00:25<0:00:31, 0.31Hz]
[02.12 23:42:13] ┇ INFO    ┇    DeepKNLP.gner.trainer ┇ [checking]  61%|████████████▏       | 11/18 [0:00:36<0:00:22, 0.30Hz]
[02.12 23:42:26] ┇ INFO    ┇    DeepKNLP.gner.trainer ┇ [checking]  83%|████████████████▋   | 15/18 [0:00:48<0:00:09, 0.31Hz]
[02.12 23:42:36] ┇ INFO    ┇    DeepKNLP.gner.trainer ┇ [checking] 100%|████████████████████| 18/18 [0:00:58<0:00:00, 0.31Hz]
[02.12 23:42:38] ┇ INFO    ┇    DeepKNLP.gner.trainer ┇ [training]   8%|█▋                  |  119/1428 [0:02:39<0:29:13, 0.75Hz] | epoch=1.00, eval_average=0.0000
[02.12 23:42:38] ┇ INFO    ┇    DeepKNLP.gner.trainer ┇ [training]   8%|█▋                  |  120/1428 [0:02:39<0:29:00, 0.75Hz] | epoch=1.01, loss=0.105900
[02.12 23:42:39] ┇ INFO    ┇    DeepKNLP.gner.trainer ┇ [training]   9%|█▊                  |  125/1428 [0:02:40<0:27:56, 0.78Hz] | epoch=1.05, loss=0.100500
[02.12 23:42:40] ┇ INFO    ┇    DeepKNLP.gner.trainer ┇ [training]   9%|█▊                  |  130/1428 [0:02:42<0:26:57, 0.80Hz] | epoch=1.09, loss=0.102400
[02.12 23:42:41] ┇ INFO    ┇    DeepKNLP.gner.trainer ┇ [training]   9%|█▉                  |  135/1428 [0:02:43<0:26:03, 0.83Hz] | epoch=1.13, loss=0.097400
[02.12 23:42:43] ┇ INFO    ┇    DeepKNLP.gner.trainer ┇ [training]  10%|█▉                  |  140/1428 [0:02:44<0:25:12, 0.85Hz] | epoch=1.18, loss=0.094800
[02.12 23:42:44] ┇ INFO    ┇    DeepKNLP.gner.trainer ┇ [training]  10%|██                  |  145/1428 [0:02:45<0:24:25, 0.88Hz] | epoch=1.22, loss=0.092700
[02.12 23:42:45] ┇ INFO    ┇    DeepKNLP.gner.trainer ┇ [training]  11%|██                  |  150/1428 [0:02:46<0:23:40, 0.90Hz] | epoch=1.26, loss=0.095000
[02.12 23:42:46] ┇ INFO    ┇    DeepKNLP.gner.trainer ┇ [training]  11%|██▏                 |  155/1428 [0:02:47<0:22:59, 0.92Hz] | epoch=1.30, loss=0.086000
[02.12 23:42:47] ┇ INFO    ┇    DeepKNLP.gner.trainer ┇ [training]  11%|██▏                 |  160/1428 [0:02:49<0:22:20, 0.95Hz] | epoch=1.34, loss=0.092800
[02.12 23:42:48] ┇ INFO    ┇    DeepKNLP.gner.trainer ┇ [training]  12%|██▎                 |  165/1428 [0:02:50<0:21:43, 0.97Hz] | epoch=1.39, loss=0.086400
[02.12 23:42:50] ┇ INFO    ┇    DeepKNLP.gner.trainer ┇ [training]  12%|██▍                 |  170/1428 [0:02:51<0:21:08, 0.99Hz] | epoch=1.43, loss=0.080800
[02.12 23:42:51] ┇ INFO    ┇    DeepKNLP.gner.trainer ┇ [training]  12%|██▍                 |  175/1428 [0:02:52<0:20:36, 1.01Hz] | epoch=1.47, loss=0.083300
[02.12 23:42:55] ┇ INFO    ┇    DeepKNLP.gner.trainer ┇ [checking]   6%|█                   |  1/18 [0:00:00<0:00:00, 85528.15Hz]
[02.12 23:43:09] ┇ INFO    ┇    DeepKNLP.gner.trainer ┇ [checking]  28%|█████▌              |  5/18 [0:00:13<0:00:35, 0.36Hz]
[02.12 23:43:21] ┇ INFO    ┇    DeepKNLP.gner.trainer ┇ [checking]  44%|████████▉           |  8/18 [0:00:25<0:00:31, 0.31Hz]
[02.12 23:43:31] ┇ INFO    ┇    DeepKNLP.gner.trainer ┇ [checking]  61%|████████████▏       | 11/18 [0:00:35<0:00:22, 0.31Hz]
[02.12 23:43:44] ┇ INFO    ┇    DeepKNLP.gner.trainer ┇ [checking]  83%|████████████████▋   | 15/18 [0:00:48<0:00:09, 0.31Hz]
[02.12 23:43:54] ┇ INFO    ┇    DeepKNLP.gner.trainer ┇ [checking] 100%|████████████████████| 18/18 [0:00:58<0:00:00, 0.31Hz]
[02.12 23:43:56] ┇ INFO    ┇    DeepKNLP.gner.trainer ┇ [training]  12%|██▍                 |  178/1428 [0:03:57<0:27:48, 0.75Hz] | epoch=1.50, eval_average=0.0000
[02.12 23:43:56] ┇ INFO    ┇    DeepKNLP.gner.trainer ┇ [training]  13%|██▌                 |  180/1428 [0:03:58<0:27:30, 0.76Hz] | epoch=1.51, loss=0.083400
[02.12 23:43:57] ┇ INFO    ┇    DeepKNLP.gner.trainer ┇ [training]  13%|██▌                 |  185/1428 [0:03:59<0:26:47, 0.77Hz] | epoch=1.55, loss=0.079400
[02.12 23:43:59] ┇ INFO    ┇    DeepKNLP.gner.trainer ┇ [training]  13%|██▋                 |  190/1428 [0:04:00<0:26:06, 0.79Hz] | epoch=1.60, loss=0.081400
[02.12 23:44:00] ┇ INFO    ┇    DeepKNLP.gner.trainer ┇ [training]  14%|██▋                 |  195/1428 [0:04:01<0:25:27, 0.81Hz] | epoch=1.64, loss=0.074100
[02.12 23:44:01] ┇ INFO    ┇    DeepKNLP.gner.trainer ┇ [training]  14%|██▊                 |  200/1428 [0:04:02<0:24:50, 0.82Hz] | epoch=1.68, loss=0.078600
[02.12 23:44:02] ┇ INFO    ┇    DeepKNLP.gner.trainer ┇ [training]  14%|██▊                 |  205/1428 [0:04:03<0:24:15, 0.84Hz] | epoch=1.72, loss=0.078800
[02.12 23:44:03] ┇ INFO    ┇    DeepKNLP.gner.trainer ┇ [training]  15%|██▉                 |  210/1428 [0:04:05<0:23:41, 0.86Hz] | epoch=1.76, loss=0.070700
[02.12 23:44:04] ┇ INFO    ┇    DeepKNLP.gner.trainer ┇ [training]  15%|███                 |  215/1428 [0:04:06<0:23:09, 0.87Hz] | epoch=1.81, loss=0.074200
[02.12 23:44:06] ┇ INFO    ┇    DeepKNLP.gner.trainer ┇ [training]  15%|███                 |  220/1428 [0:04:07<0:22:39, 0.89Hz] | epoch=1.85, loss=0.071000
[02.12 23:44:07] ┇ INFO    ┇    DeepKNLP.gner.trainer ┇ [training]  16%|███▏                |  225/1428 [0:04:08<0:22:09, 0.90Hz] | epoch=1.89, loss=0.068800
[02.12 23:44:08] ┇ INFO    ┇    DeepKNLP.gner.trainer ┇ [training]  16%|███▏                |  230/1428 [0:04:09<0:21:41, 0.92Hz] | epoch=1.93, loss=0.074900
[02.12 23:44:09] ┇ INFO    ┇    DeepKNLP.gner.trainer ┇ [training]  16%|███▎                |  235/1428 [0:04:11<0:21:14, 0.94Hz] | epoch=1.98, loss=0.072600
[02.12 23:44:14] ┇ INFO    ┇    DeepKNLP.gner.trainer ┇ [checking]   6%|█                   |  1/18 [0:00:00<0:00:00, 87092.51Hz]
[02.12 23:44:28] ┇ INFO    ┇    DeepKNLP.gner.trainer ┇ [checking]  28%|█████▌              |  5/18 [0:00:13<0:00:35, 0.36Hz]
[02.12 23:44:39] ┇ INFO    ┇    DeepKNLP.gner.trainer ┇ [checking]  44%|████████▉           |  8/18 [0:00:25<0:00:31, 0.31Hz]
[02.12 23:44:50] ┇ INFO    ┇    DeepKNLP.gner.trainer ┇ [checking]  61%|████████████▏       | 11/18 [0:00:35<0:00:22, 0.31Hz]
[02.12 23:45:03] ┇ INFO    ┇    DeepKNLP.gner.trainer ┇ [checking]  83%|████████████████▋   | 15/18 [0:00:48<0:00:09, 0.31Hz]
[02.12 23:45:13] ┇ INFO    ┇    DeepKNLP.gner.trainer ┇ [checking] 100%|████████████████████| 18/18 [0:00:58<0:00:00, 0.31Hz]
[02.12 23:45:14] ┇ INFO    ┇    DeepKNLP.gner.trainer ┇ [training]  17%|███▎                |  238/1428 [0:05:16<0:26:21, 0.75Hz] | epoch=2.00, eval_average=0.0000
[02.12 23:45:15] ┇ INFO    ┇    DeepKNLP.gner.trainer ┇ [training]  17%|███▎                |  240/1428 [0:05:16<0:26:07, 0.76Hz] | epoch=2.02, loss=0.068800
[02.12 23:45:16] ┇ INFO    ┇    DeepKNLP.gner.trainer ┇ [training]  17%|███▍                |  245/1428 [0:05:17<0:25:35, 0.77Hz] | epoch=2.06, loss=0.063200
[02.12 23:45:17] ┇ INFO    ┇    DeepKNLP.gner.trainer ┇ [training]  18%|███▌                |  250/1428 [0:05:19<0:25:03, 0.78Hz] | epoch=2.10, loss=0.069200
[02.12 23:45:18] ┇ INFO    ┇    DeepKNLP.gner.trainer ┇ [training]  18%|███▌                |  255/1428 [0:05:20<0:24:33, 0.80Hz] | epoch=2.14, loss=0.063500
[02.12 23:45:20] ┇ INFO    ┇    DeepKNLP.gner.trainer ┇ [training]  18%|███▋                |  260/1428 [0:05:21<0:24:03, 0.81Hz] | epoch=2.19, loss=0.066800
[02.12 23:45:21] ┇ INFO    ┇    DeepKNLP.gner.trainer ┇ [training]  19%|███▋                |  265/1428 [0:05:22<0:23:35, 0.82Hz] | epoch=2.23, loss=0.064300
[02.12 23:45:22] ┇ INFO    ┇    DeepKNLP.gner.trainer ┇ [training]  19%|███▊                |  270/1428 [0:05:23<0:23:08, 0.83Hz] | epoch=2.27, loss=0.063300
[02.12 23:45:23] ┇ INFO    ┇    DeepKNLP.gner.trainer ┇ [training]  19%|███▊                |  275/1428 [0:05:24<0:22:42, 0.85Hz] | epoch=2.31, loss=0.067500
[02.12 23:45:24] ┇ INFO    ┇    DeepKNLP.gner.trainer ┇ [training]  20%|███▉                |  280/1428 [0:05:26<0:22:17, 0.86Hz] | epoch=2.35, loss=0.067000
[02.12 23:45:26] ┇ INFO    ┇    DeepKNLP.gner.trainer ┇ [training]  20%|███▉                |  285/1428 [0:05:27<0:21:52, 0.87Hz] | epoch=2.40, loss=0.063900
[02.12 23:45:27] ┇ INFO    ┇    DeepKNLP.gner.trainer ┇ [training]  20%|████                |  290/1428 [0:05:28<0:21:29, 0.88Hz] | epoch=2.44, loss=0.061700
[02.12 23:45:28] ┇ INFO    ┇    DeepKNLP.gner.trainer ┇ [training]  21%|████▏               |  295/1428 [0:05:29<0:21:06, 0.89Hz] | epoch=2.48, loss=0.062000
[02.12 23:45:33] ┇ INFO    ┇    DeepKNLP.gner.trainer ┇ [checking]   6%|█                   |  1/18 [0:00:00<0:00:00, 77129.70Hz]
[02.12 23:45:46] ┇ INFO    ┇    DeepKNLP.gner.trainer ┇ [checking]  28%|█████▌              |  5/18 [0:00:13<0:00:35, 0.37Hz]
[02.12 23:45:58] ┇ INFO    ┇    DeepKNLP.gner.trainer ┇ [checking]  44%|████████▉           |  8/18 [0:00:25<0:00:31, 0.32Hz]
[02.12 23:46:09] ┇ INFO    ┇    DeepKNLP.gner.trainer ┇ [checking]  61%|████████████▏       | 11/18 [0:00:35<0:00:22, 0.31Hz]
[02.12 23:46:21] ┇ INFO    ┇    DeepKNLP.gner.trainer ┇ [checking]  83%|████████████████▋   | 15/18 [0:00:48<0:00:09, 0.31Hz]
[02.12 23:46:31] ┇ INFO    ┇    DeepKNLP.gner.trainer ┇ [checking] 100%|████████████████████| 18/18 [0:00:58<0:00:00, 0.31Hz]
[02.12 23:46:33] ┇ INFO    ┇    DeepKNLP.gner.trainer ┇ [training]  21%|████▏               |  298/1428 [0:06:35<0:24:58, 0.75Hz] | epoch=2.50, eval_average=0.0000
[02.12 23:46:34] ┇ INFO    ┇    DeepKNLP.gner.trainer ┇ [training]  21%|████▏               |  300/1428 [0:06:35<0:25:05, 0.75Hz] | epoch=2.52, loss=0.067300
[02.12 23:46:35] ┇ INFO    ┇    DeepKNLP.gner.trainer ┇ [training]  21%|████▎               |  305/1428 [0:06:36<0:24:58, 0.75Hz] | epoch=2.56, loss=0.062000
[02.12 23:46:36] ┇ INFO    ┇    DeepKNLP.gner.trainer ┇ [training]  22%|████▎               |  310/1428 [0:06:37<0:24:51, 0.75Hz] | epoch=2.60, loss=0.063300
[02.12 23:46:37] ┇ INFO    ┇    DeepKNLP.gner.trainer ┇ [training]  22%|████▍               |  315/1428 [0:06:39<0:24:45, 0.75Hz] | epoch=2.65, loss=0.062700
[02.12 23:46:38] ┇ INFO    ┇    DeepKNLP.gner.trainer ┇ [training]  22%|████▍               |  320/1428 [0:06:40<0:24:38, 0.75Hz] | epoch=2.69, loss=0.065100
[02.12 23:46:40] ┇ INFO    ┇    DeepKNLP.gner.trainer ┇ [training]  23%|████▌               |  325/1428 [0:06:41<0:24:31, 0.75Hz] | epoch=2.73, loss=0.058200
[02.12 23:46:41] ┇ INFO    ┇    DeepKNLP.gner.trainer ┇ [training]  23%|████▌               |  330/1428 [0:06:42<0:24:25, 0.75Hz] | epoch=2.77, loss=0.060400
[02.12 23:46:42] ┇ INFO    ┇    DeepKNLP.gner.trainer ┇ [training]  23%|████▋               |  335/1428 [0:06:43<0:24:18, 0.75Hz] | epoch=2.81, loss=0.060300
[02.12 23:46:43] ┇ INFO    ┇    DeepKNLP.gner.trainer ┇ [training]  24%|████▊               |  340/1428 [0:06:44<0:24:11, 0.75Hz] | epoch=2.86, loss=0.055500
[02.12 23:46:44] ┇ INFO    ┇    DeepKNLP.gner.trainer ┇ [training]  24%|████▊               |  345/1428 [0:06:46<0:24:04, 0.75Hz] | epoch=2.90, loss=0.057300
[02.12 23:46:45] ┇ INFO    ┇    DeepKNLP.gner.trainer ┇ [training]  25%|████▉               |  350/1428 [0:06:47<0:23:58, 0.75Hz] | epoch=2.94, loss=0.056400
[02.12 23:46:47] ┇ INFO    ┇    DeepKNLP.gner.trainer ┇ [training]  25%|████▉               |  355/1428 [0:06:48<0:23:51, 0.75Hz] | epoch=2.98, loss=0.057300
[02.12 23:46:51] ┇ INFO    ┇    DeepKNLP.gner.trainer ┇ [checking]   6%|█                   |  1/18 [0:00:00<0:00:00, 80173.36Hz]
[02.12 23:47:05] ┇ INFO    ┇    DeepKNLP.gner.trainer ┇ [checking]  28%|█████▌              |  5/18 [0:00:13<0:00:36, 0.36Hz]
[02.12 23:47:17] ┇ INFO    ┇    DeepKNLP.gner.trainer ┇ [checking]  44%|████████▉           |  8/18 [0:00:25<0:00:31, 0.31Hz]
[02.12 23:47:27] ┇ INFO    ┇    DeepKNLP.gner.trainer ┇ [checking]  61%|████████████▏       | 11/18 [0:00:35<0:00:22, 0.31Hz]
[02.12 23:47:40] ┇ INFO    ┇    DeepKNLP.gner.trainer ┇ [checking]  83%|████████████████▋   | 15/18 [0:00:48<0:00:09, 0.31Hz]
[02.12 23:47:50] ┇ INFO    ┇    DeepKNLP.gner.trainer ┇ [checking] 100%|████████████████████| 18/18 [0:00:58<0:00:00, 0.31Hz]
[02.12 23:47:52] ┇ INFO    ┇    DeepKNLP.gner.trainer ┇ [training]  25%|█████               |  357/1428 [0:07:53<0:23:56, 0.75Hz] | epoch=3.00, eval_average=0.0000
[02.12 23:47:52] ┇ INFO    ┇    DeepKNLP.gner.trainer ┇ [training]  25%|█████               |  360/1428 [0:07:54<0:24:00, 0.74Hz] | epoch=3.02, loss=0.054300
[02.12 23:47:54] ┇ INFO    ┇    DeepKNLP.gner.trainer ┇ [training]  26%|█████               |  365/1428 [0:07:55<0:23:53, 0.74Hz] | epoch=3.07, loss=0.058300
[02.12 23:47:55] ┇ INFO    ┇    DeepKNLP.gner.trainer ┇ [training]  26%|█████▏              |  370/1428 [0:07:56<0:23:47, 0.74Hz] | epoch=3.11, loss=0.053600
[02.12 23:47:56] ┇ INFO    ┇    DeepKNLP.gner.trainer ┇ [training]  26%|█████▎              |  375/1428 [0:07:57<0:23:40, 0.74Hz] | epoch=3.15, loss=0.054000
[02.12 23:47:57] ┇ INFO    ┇    DeepKNLP.gner.trainer ┇ [training]  27%|█████▎              |  380/1428 [0:07:59<0:23:33, 0.74Hz] | epoch=3.19, loss=0.053400
[02.12 23:47:58] ┇ INFO    ┇    DeepKNLP.gner.trainer ┇ [training]  27%|█████▍              |  385/1428 [0:08:00<0:23:26, 0.74Hz] | epoch=3.23, loss=0.054700
[02.12 23:48:00] ┇ INFO    ┇    DeepKNLP.gner.trainer ┇ [training]  27%|█████▍              |  390/1428 [0:08:01<0:23:20, 0.74Hz] | epoch=3.28, loss=0.054300
[02.12 23:48:01] ┇ INFO    ┇    DeepKNLP.gner.trainer ┇ [training]  28%|█████▌              |  395/1428 [0:08:02<0:23:13, 0.74Hz] | epoch=3.32, loss=0.052900
[02.12 23:48:02] ┇ INFO    ┇    DeepKNLP.gner.trainer ┇ [training]  28%|█████▌              |  400/1428 [0:08:03<0:23:06, 0.74Hz] | epoch=3.36, loss=0.053500
[02.12 23:48:03] ┇ INFO    ┇    DeepKNLP.gner.trainer ┇ [training]  28%|█████▋              |  405/1428 [0:08:04<0:23:00, 0.74Hz] | epoch=3.40, loss=0.048600
[02.12 23:48:04] ┇ INFO    ┇    DeepKNLP.gner.trainer ┇ [training]  29%|█████▋              |  410/1428 [0:08:06<0:19:02, 0.89Hz] | epoch=3.44, loss=0.047300
[02.12 23:48:05] ┇ INFO    ┇    DeepKNLP.gner.trainer ┇ [training]  29%|█████▊              |  415/1428 [0:08:07<0:18:44, 0.90Hz] | epoch=3.49, loss=0.051800
[02.12 23:48:10] ┇ INFO    ┇    DeepKNLP.gner.trainer ┇ [checking]   6%|█                   |  1/18 [0:00:00<0:00:00, 82013.54Hz]
[02.12 23:48:24] ┇ INFO    ┇    DeepKNLP.gner.trainer ┇ [checking]  28%|█████▌              |  5/18 [0:00:13<0:00:36, 0.36Hz]
[02.12 23:48:36] ┇ INFO    ┇    DeepKNLP.gner.trainer ┇ [checking]  44%|████████▉           |  8/18 [0:00:26<0:00:32, 0.31Hz]
[02.12 23:48:46] ┇ INFO    ┇    DeepKNLP.gner.trainer ┇ [checking]  61%|████████████▏       | 11/18 [0:00:36<0:00:23, 0.30Hz]
[02.12 23:48:59] ┇ INFO    ┇    DeepKNLP.gner.trainer ┇ [checking]  83%|████████████████▋   | 15/18 [0:00:49<0:00:09, 0.30Hz]
[02.12 23:49:10] ┇ INFO    ┇    DeepKNLP.gner.trainer ┇ [checking] 100%|████████████████████| 18/18 [0:01:00<0:00:00, 0.30Hz]
[02.12 23:49:12] ┇ INFO    ┇    DeepKNLP.gner.trainer ┇ [training]  29%|█████▊              |  416/1428 [0:09:13<0:22:45, 0.74Hz] | epoch=3.50, eval_average=0.0360
[02.12 23:49:13] ┇ INFO    ┇    DeepKNLP.gner.trainer ┇ [training]  29%|█████▉              |  420/1428 [0:09:14<0:22:44, 0.74Hz] | epoch=3.53, loss=0.045800
[02.12 23:49:14] ┇ INFO    ┇    DeepKNLP.gner.trainer ┇ [training]  30%|█████▉              |  425/1428 [0:09:15<0:22:37, 0.74Hz] | epoch=3.57, loss=0.053300
[02.12 23:49:15] ┇ INFO    ┇    DeepKNLP.gner.trainer ┇ [training]  30%|██████              |  430/1428 [0:09:16<0:22:30, 0.74Hz] | epoch=3.61, loss=0.051000
[02.12 23:49:16] ┇ INFO    ┇    DeepKNLP.gner.trainer ┇ [training]  30%|██████              |  435/1428 [0:09:17<0:22:23, 0.74Hz] | epoch=3.65, loss=0.047000
[02.12 23:49:17] ┇ INFO    ┇    DeepKNLP.gner.trainer ┇ [training]  31%|██████▏             |  440/1428 [0:09:19<0:22:16, 0.74Hz] | epoch=3.70, loss=0.047200
[02.12 23:49:18] ┇ INFO    ┇    DeepKNLP.gner.trainer ┇ [training]  31%|██████▏             |  445/1428 [0:09:20<0:22:10, 0.74Hz] | epoch=3.74, loss=0.043800
[02.12 23:49:20] ┇ INFO    ┇    DeepKNLP.gner.trainer ┇ [training]  32%|██████▎             |  450/1428 [0:09:21<0:22:03, 0.74Hz] | epoch=3.78, loss=0.044900
[02.12 23:49:21] ┇ INFO    ┇    DeepKNLP.gner.trainer ┇ [training]  32%|██████▎             |  455/1428 [0:09:22<0:21:56, 0.74Hz] | epoch=3.82, loss=0.046400
[02.12 23:49:22] ┇ INFO    ┇    DeepKNLP.gner.trainer ┇ [training]  32%|██████▍             |  460/1428 [0:09:23<0:21:49, 0.74Hz] | epoch=3.87, loss=0.047400
[02.12 23:49:23] ┇ INFO    ┇    DeepKNLP.gner.trainer ┇ [training]  33%|██████▌             |  465/1428 [0:09:25<0:21:43, 0.74Hz] | epoch=3.91, loss=0.043900
[02.12 23:49:24] ┇ INFO    ┇    DeepKNLP.gner.trainer ┇ [training]  33%|██████▌             |  470/1428 [0:09:26<0:17:58, 0.89Hz] | epoch=3.95, loss=0.047800
[02.12 23:49:26] ┇ INFO    ┇    DeepKNLP.gner.trainer ┇ [training]  33%|██████▋             |  475/1428 [0:09:27<0:17:44, 0.90Hz] | epoch=3.99, loss=0.044800
[02.12 23:49:30] ┇ INFO    ┇    DeepKNLP.gner.trainer ┇ [checking]   6%|█                   |  1/18 [0:00:00<0:00:00, 83732.35Hz]
[02.12 23:49:40] ┇ INFO    ┇    DeepKNLP.gner.trainer ┇ [checking]  22%|████▍               |  4/18 [0:00:10<0:00:35, 0.39Hz]
[02.12 23:49:53] ┇ INFO    ┇    DeepKNLP.gner.trainer ┇ [checking]  39%|███████▊            |  7/18 [0:00:22<0:00:36, 0.30Hz]
[02.12 23:50:05] ┇ INFO    ┇    DeepKNLP.gner.trainer ┇ [checking]  56%|███████████         | 10/18 [0:00:34<0:00:27, 0.29Hz]
[02.12 23:50:17] ┇ INFO    ┇    DeepKNLP.gner.trainer ┇ [checking]  78%|███████████████▌    | 14/18 [0:00:47<0:00:13, 0.30Hz]
[02.12 23:50:28] ┇ INFO    ┇    DeepKNLP.gner.trainer ┇ [checking]  94%|██████████████████▉ | 17/18 [0:00:57<0:00:03, 0.30Hz]
[02.12 23:50:33] ┇ INFO    ┇    DeepKNLP.gner.trainer ┇ [checking] 100%|████████████████████| 18/18 [0:01:01<0:00:00, 0.29Hz]
[02.12 23:50:33] ┇ INFO    ┇    DeepKNLP.gner.trainer ┇ [training]  33%|██████▋             |  476/1428 [0:10:35<0:21:35, 0.73Hz] | epoch=4.00, eval_average=0.2357
[02.12 23:50:34] ┇ INFO    ┇    DeepKNLP.gner.trainer ┇ [training]  34%|██████▋             |  480/1428 [0:10:36<0:21:33, 0.73Hz] | epoch=4.03, loss=0.045000
[02.12 23:50:35] ┇ INFO    ┇    DeepKNLP.gner.trainer ┇ [training]  34%|██████▊             |  485/1428 [0:10:37<0:21:26, 0.73Hz] | epoch=4.08, loss=0.040600
[02.12 23:50:37] ┇ INFO    ┇    DeepKNLP.gner.trainer ┇ [training]  34%|██████▊             |  490/1428 [0:10:38<0:21:20, 0.73Hz] | epoch=4.12, loss=0.040200
[02.12 23:50:38] ┇ INFO    ┇    DeepKNLP.gner.trainer ┇ [training]  35%|██████▉             |  495/1428 [0:10:39<0:21:13, 0.73Hz] | epoch=4.16, loss=0.043400
[02.12 23:50:39] ┇ INFO    ┇    DeepKNLP.gner.trainer ┇ [training]  35%|███████             |  500/1428 [0:10:40<0:21:06, 0.73Hz] | epoch=4.20, loss=0.038500
[02.12 23:50:40] ┇ INFO    ┇    DeepKNLP.gner.trainer ┇ [training]  35%|███████             |  505/1428 [0:10:42<0:20:59, 0.73Hz] | epoch=4.24, loss=0.039700
[02.12 23:50:41] ┇ INFO    ┇    DeepKNLP.gner.trainer ┇ [training]  36%|███████▏            |  510/1428 [0:10:43<0:20:52, 0.73Hz] | epoch=4.29, loss=0.039600
[02.12 23:50:43] ┇ INFO    ┇    DeepKNLP.gner.trainer ┇ [training]  36%|███████▏            |  515/1428 [0:10:44<0:20:46, 0.73Hz] | epoch=4.33, loss=0.040000
[02.12 23:50:44] ┇ INFO    ┇    DeepKNLP.gner.trainer ┇ [training]  36%|███████▎            |  520/1428 [0:10:45<0:20:39, 0.73Hz] | epoch=4.37, loss=0.042300
[02.12 23:50:45] ┇ INFO    ┇    DeepKNLP.gner.trainer ┇ [training]  37%|███████▎            |  525/1428 [0:10:46<0:20:32, 0.73Hz] | epoch=4.41, loss=0.041300
[02.12 23:50:46] ┇ INFO    ┇    DeepKNLP.gner.trainer ┇ [training]  37%|███████▍            |  530/1428 [0:10:48<0:17:00, 0.88Hz] | epoch=4.45, loss=0.042100
[02.12 23:50:47] ┇ INFO    ┇    DeepKNLP.gner.trainer ┇ [training]  37%|███████▍            |  535/1428 [0:10:49<0:16:46, 0.89Hz] | epoch=4.50, loss=0.041900
[02.12 23:50:52] ┇ INFO    ┇    DeepKNLP.gner.trainer ┇ [checking]   6%|█                   |  1/18 [0:00:00<0:00:00, 83807.51Hz]
[02.12 23:51:02] ┇ INFO    ┇    DeepKNLP.gner.trainer ┇ [checking]  22%|████▍               |  4/18 [0:00:10<0:00:35, 0.39Hz]
[02.12 23:51:15] ┇ INFO    ┇    DeepKNLP.gner.trainer ┇ [checking]  39%|███████▊            |  7/18 [0:00:22<0:00:35, 0.31Hz]
[02.12 23:51:26] ┇ INFO    ┇    DeepKNLP.gner.trainer ┇ [checking]  56%|███████████         | 10/18 [0:00:34<0:00:27, 0.29Hz]
[02.12 23:51:39] ┇ INFO    ┇    DeepKNLP.gner.trainer ┇ [checking]  78%|███████████████▌    | 14/18 [0:00:46<0:00:13, 0.30Hz]
[02.12 23:51:49] ┇ INFO    ┇    DeepKNLP.gner.trainer ┇ [checking]  94%|██████████████████▉ | 17/18 [0:00:57<0:00:03, 0.30Hz]
[02.12 23:51:55] ┇ INFO    ┇    DeepKNLP.gner.trainer ┇ [checking] 100%|████████████████████| 18/18 [0:01:00<0:00:00, 0.30Hz]
[02.12 23:51:55] ┇ INFO    ┇    DeepKNLP.gner.trainer ┇ [training]  38%|███████▌            |  536/1428 [0:11:56<0:20:21, 0.73Hz] | epoch=4.50, eval_average=0.2954
[02.12 23:51:56] ┇ INFO    ┇    DeepKNLP.gner.trainer ┇ [training]  38%|███████▌            |  540/1428 [0:11:57<0:20:19, 0.73Hz] | epoch=4.54, loss=0.035600
[02.12 23:51:57] ┇ INFO    ┇    DeepKNLP.gner.trainer ┇ [training]  38%|███████▋            |  545/1428 [0:11:58<0:20:13, 0.73Hz] | epoch=4.58, loss=0.039100
[02.12 23:51:58] ┇ INFO    ┇    DeepKNLP.gner.trainer ┇ [training]  39%|███████▋            |  550/1428 [0:11:59<0:20:06, 0.73Hz] | epoch=4.62, loss=0.042100
[02.12 23:51:59] ┇ INFO    ┇    DeepKNLP.gner.trainer ┇ [training]  39%|███████▊            |  555/1428 [0:12:01<0:19:59, 0.73Hz] | epoch=4.66, loss=0.036100
[02.12 23:52:00] ┇ INFO    ┇    DeepKNLP.gner.trainer ┇ [training]  39%|███████▊            |  560/1428 [0:12:02<0:19:52, 0.73Hz] | epoch=4.71, loss=0.037300
[02.12 23:52:02] ┇ INFO    ┇    DeepKNLP.gner.trainer ┇ [training]  40%|███████▉            |  565/1428 [0:12:03<0:19:45, 0.73Hz] | epoch=4.75, loss=0.035800
[02.12 23:52:03] ┇ INFO    ┇    DeepKNLP.gner.trainer ┇ [training]  40%|███████▉            |  570/1428 [0:12:04<0:19:38, 0.73Hz] | epoch=4.79, loss=0.036800
[02.12 23:52:04] ┇ INFO    ┇    DeepKNLP.gner.trainer ┇ [training]  40%|████████            |  575/1428 [0:12:05<0:19:31, 0.73Hz] | epoch=4.83, loss=0.038300
[02.12 23:52:05] ┇ INFO    ┇    DeepKNLP.gner.trainer ┇ [training]  41%|████████            |  580/1428 [0:12:06<0:19:24, 0.73Hz] | epoch=4.87, loss=0.039800
[02.12 23:52:06] ┇ INFO    ┇    DeepKNLP.gner.trainer ┇ [training]  41%|████████▏           |  585/1428 [0:12:08<0:19:18, 0.73Hz] | epoch=4.92, loss=0.034200
[02.12 23:52:07] ┇ INFO    ┇    DeepKNLP.gner.trainer ┇ [training]  41%|████████▎           |  590/1428 [0:12:09<0:15:59, 0.87Hz] | epoch=4.96, loss=0.034400
[02.12 23:52:09] ┇ INFO    ┇    DeepKNLP.gner.trainer ┇ [training]  42%|████████▎           |  595/1428 [0:12:10<0:15:45, 0.88Hz] | epoch=5.00, loss=0.039600
[02.12 23:52:13] ┇ INFO    ┇    DeepKNLP.gner.trainer ┇ [checking]   6%|█                   |  1/18 [0:00:00<0:00:00, 82150.02Hz]
[02.12 23:52:23] ┇ INFO    ┇    DeepKNLP.gner.trainer ┇ [checking]  22%|████▍               |  4/18 [0:00:10<0:00:35, 0.39Hz]
[02.12 23:52:35] ┇ INFO    ┇    DeepKNLP.gner.trainer ┇ [checking]  39%|███████▊            |  7/18 [0:00:22<0:00:35, 0.31Hz]
[02.12 23:52:47] ┇ INFO    ┇    DeepKNLP.gner.trainer ┇ [checking]  56%|███████████         | 10/18 [0:00:34<0:00:27, 0.29Hz]
[02.12 23:53:00] ┇ INFO    ┇    DeepKNLP.gner.trainer ┇ [checking]  78%|███████████████▌    | 14/18 [0:00:47<0:00:13, 0.30Hz]
[02.12 23:53:10] ┇ INFO    ┇    DeepKNLP.gner.trainer ┇ [checking]  94%|██████████████████▉ | 17/18 [0:00:57<0:00:03, 0.30Hz]
[02.12 23:53:16] ┇ INFO    ┇    DeepKNLP.gner.trainer ┇ [checking] 100%|████████████████████| 18/18 [0:01:01<0:00:00, 0.29Hz]
[02.12 23:53:16] ┇ INFO    ┇    DeepKNLP.gner.trainer ┇ [training]  42%|████████▎           |  595/1428 [0:12:10<0:15:45, 0.88Hz] | epoch=5.00, eval_average=0.3320
[02.12 23:53:17] ┇ INFO    ┇    DeepKNLP.gner.trainer ┇ [training]  42%|████████▍           |  600/1428 [0:13:18<0:18:48, 0.73Hz] | epoch=5.04, loss=0.034300
[02.12 23:53:18] ┇ INFO    ┇    DeepKNLP.gner.trainer ┇ [training]  42%|████████▍           |  605/1428 [0:13:20<0:18:41, 0.73Hz] | epoch=5.08, loss=0.033000
[02.12 23:53:19] ┇ INFO    ┇    DeepKNLP.gner.trainer ┇ [training]  43%|████████▌           |  610/1428 [0:13:21<0:18:35, 0.73Hz] | epoch=5.13, loss=0.031800
[02.12 23:53:21] ┇ INFO    ┇    DeepKNLP.gner.trainer ┇ [training]  43%|████████▌           |  615/1428 [0:13:22<0:18:28, 0.73Hz] | epoch=5.17, loss=0.032200
[02.12 23:53:22] ┇ INFO    ┇    DeepKNLP.gner.trainer ┇ [training]  43%|████████▋           |  620/1428 [0:13:23<0:18:21, 0.73Hz] | epoch=5.21, loss=0.032600
[02.12 23:53:23] ┇ INFO    ┇    DeepKNLP.gner.trainer ┇ [training]  44%|████████▊           |  625/1428 [0:13:24<0:18:14, 0.73Hz] | epoch=5.25, loss=0.038600
[02.12 23:53:24] ┇ INFO    ┇    DeepKNLP.gner.trainer ┇ [training]  44%|████████▊           |  630/1428 [0:13:26<0:18:08, 0.73Hz] | epoch=5.29, loss=0.032700
[02.12 23:53:25] ┇ INFO    ┇    DeepKNLP.gner.trainer ┇ [training]  44%|████████▉           |  635/1428 [0:13:27<0:18:01, 0.73Hz] | epoch=5.34, loss=0.032700
[02.12 23:53:27] ┇ INFO    ┇    DeepKNLP.gner.trainer ┇ [training]  45%|████████▉           |  640/1428 [0:13:28<0:17:54, 0.73Hz] | epoch=5.38, loss=0.029700
[02.12 23:53:28] ┇ INFO    ┇    DeepKNLP.gner.trainer ┇ [training]  45%|█████████           |  645/1428 [0:13:29<0:17:47, 0.73Hz] | epoch=5.42, loss=0.033000
[02.12 23:53:29] ┇ INFO    ┇    DeepKNLP.gner.trainer ┇ [training]  46%|█████████           |  650/1428 [0:13:30<0:17:40, 0.73Hz] | epoch=5.46, loss=0.032000
[02.12 23:53:34] ┇ INFO    ┇    DeepKNLP.gner.trainer ┇ [checking]   6%|█                   |  1/18 [0:00:00<0:00:00, 92422.53Hz]
[02.12 23:53:44] ┇ INFO    ┇    DeepKNLP.gner.trainer ┇ [checking]  22%|████▍               |  4/18 [0:00:10<0:00:35, 0.39Hz]
[02.12 23:53:56] ┇ INFO    ┇    DeepKNLP.gner.trainer ┇ [checking]  39%|███████▊            |  7/18 [0:00:22<0:00:35, 0.31Hz]
[02.12 23:54:08] ┇ INFO    ┇    DeepKNLP.gner.trainer ┇ [checking]  56%|███████████         | 10/18 [0:00:34<0:00:27, 0.29Hz]
[02.12 23:54:21] ┇ INFO    ┇    DeepKNLP.gner.trainer ┇ [checking]  78%|███████████████▌    | 14/18 [0:00:46<0:00:13, 0.30Hz]
[02.12 23:54:31] ┇ INFO    ┇    DeepKNLP.gner.trainer ┇ [checking]  94%|██████████████████▉ | 17/18 [0:00:57<0:00:03, 0.30Hz]
[02.12 23:54:37] ┇ INFO    ┇    DeepKNLP.gner.trainer ┇ [checking] 100%|████████████████████| 18/18 [0:01:01<0:00:00, 0.29Hz]
[02.12 23:54:37] ┇ INFO    ┇    DeepKNLP.gner.trainer ┇ [training]  46%|█████████▏          |  654/1428 [0:14:38<0:17:36, 0.73Hz] | epoch=5.50, eval_average=0.3350
[02.12 23:54:37] ┇ INFO    ┇    DeepKNLP.gner.trainer ┇ [training]  46%|█████████▏          |  655/1428 [0:14:39<0:17:41, 0.73Hz] | epoch=5.50, loss=0.031700
[02.12 23:54:38] ┇ INFO    ┇    DeepKNLP.gner.trainer ┇ [training]  46%|█████████▏          |  660/1428 [0:14:40<0:17:34, 0.73Hz] | epoch=5.55, loss=0.037100
[02.12 23:54:40] ┇ INFO    ┇    DeepKNLP.gner.trainer ┇ [training]  47%|█████████▎          |  665/1428 [0:14:41<0:17:27, 0.73Hz] | epoch=5.59, loss=0.033300
[02.12 23:54:41] ┇ INFO    ┇    DeepKNLP.gner.trainer ┇ [training]  47%|█████████▍          |  670/1428 [0:14:42<0:17:20, 0.73Hz] | epoch=5.63, loss=0.031900
[02.12 23:54:42] ┇ INFO    ┇    DeepKNLP.gner.trainer ┇ [training]  47%|█████████▍          |  675/1428 [0:14:43<0:17:13, 0.73Hz] | epoch=5.67, loss=0.032400
[02.12 23:54:43] ┇ INFO    ┇    DeepKNLP.gner.trainer ┇ [training]  48%|█████████▌          |  680/1428 [0:14:45<0:17:06, 0.73Hz] | epoch=5.71, loss=0.032500
[02.12 23:54:44] ┇ INFO    ┇    DeepKNLP.gner.trainer ┇ [training]  48%|█████████▌          |  685/1428 [0:14:46<0:16:59, 0.73Hz] | epoch=5.76, loss=0.029100
[02.12 23:54:46] ┇ INFO    ┇    DeepKNLP.gner.trainer ┇ [training]  48%|█████████▋          |  690/1428 [0:14:47<0:16:52, 0.73Hz] | epoch=5.80, loss=0.031000
[02.12 23:54:47] ┇ INFO    ┇    DeepKNLP.gner.trainer ┇ [training]  49%|█████████▋          |  695/1428 [0:14:48<0:16:46, 0.73Hz] | epoch=5.84, loss=0.029900
[02.12 23:54:48] ┇ INFO    ┇    DeepKNLP.gner.trainer ┇ [training]  49%|█████████▊          |  700/1428 [0:14:49<0:16:39, 0.73Hz] | epoch=5.88, loss=0.029200
[02.12 23:54:49] ┇ INFO    ┇    DeepKNLP.gner.trainer ┇ [training]  49%|█████████▊          |  705/1428 [0:14:51<0:16:32, 0.73Hz] | epoch=5.92, loss=0.028900
[02.12 23:54:50] ┇ INFO    ┇    DeepKNLP.gner.trainer ┇ [training]  50%|█████████▉          |  710/1428 [0:14:52<0:16:25, 0.73Hz] | epoch=5.97, loss=0.032100
[02.12 23:54:56] ┇ INFO    ┇    DeepKNLP.gner.trainer ┇ [checking]   6%|█                   |  1/18 [0:00:00<0:00:00, 80496.43Hz]
[02.12 23:55:06] ┇ INFO    ┇    DeepKNLP.gner.trainer ┇ [checking]  22%|████▍               |  4/18 [0:00:10<0:00:35, 0.39Hz]
[02.12 23:55:18] ┇ INFO    ┇    DeepKNLP.gner.trainer ┇ [checking]  39%|███████▊            |  7/18 [0:00:22<0:00:35, 0.31Hz]
[02.12 23:55:30] ┇ INFO    ┇    DeepKNLP.gner.trainer ┇ [checking]  56%|███████████         | 10/18 [0:00:34<0:00:27, 0.29Hz]
[02.12 23:55:42] ┇ INFO    ┇    DeepKNLP.gner.trainer ┇ [checking]  78%|███████████████▌    | 14/18 [0:00:46<0:00:13, 0.30Hz]
[02.12 23:55:52] ┇ INFO    ┇    DeepKNLP.gner.trainer ┇ [checking]  94%|██████████████████▉ | 17/18 [0:00:56<0:00:03, 0.30Hz]
[02.12 23:55:58] ┇ INFO    ┇    DeepKNLP.gner.trainer ┇ [checking] 100%|████████████████████| 18/18 [0:01:00<0:00:00, 0.30Hz]
[02.12 23:55:58] ┇ INFO    ┇    DeepKNLP.gner.trainer ┇ [training]  50%|██████████          |  714/1428 [0:15:59<0:16:13, 0.73Hz] | epoch=6.00, eval_average=0.3809
[02.12 23:55:58] ┇ INFO    ┇    DeepKNLP.gner.trainer ┇ [training]  50%|██████████          |  715/1428 [0:16:00<0:16:20, 0.73Hz] | epoch=6.01, loss=0.029300
[02.12 23:55:59] ┇ INFO    ┇    DeepKNLP.gner.trainer ┇ [training]  50%|██████████          |  720/1428 [0:16:01<0:16:13, 0.73Hz] | epoch=6.05, loss=0.029000
[02.12 23:56:01] ┇ INFO    ┇    DeepKNLP.gner.trainer ┇ [training]  51%|██████████▏         |  725/1428 [0:16:02<0:16:06, 0.73Hz] | epoch=6.09, loss=0.026400
[02.12 23:56:02] ┇ INFO    ┇    DeepKNLP.gner.trainer ┇ [training]  51%|██████████▏         |  730/1428 [0:16:03<0:15:59, 0.73Hz] | epoch=6.13, loss=0.028900
[02.12 23:56:03] ┇ INFO    ┇    DeepKNLP.gner.trainer ┇ [training]  51%|██████████▎         |  735/1428 [0:16:04<0:15:53, 0.73Hz] | epoch=6.18, loss=0.026800
[02.12 23:56:04] ┇ INFO    ┇    DeepKNLP.gner.trainer ┇ [training]  52%|██████████▎         |  740/1428 [0:16:06<0:15:46, 0.73Hz] | epoch=6.22, loss=0.027900
[02.12 23:56:05] ┇ INFO    ┇    DeepKNLP.gner.trainer ┇ [training]  52%|██████████▍         |  745/1428 [0:16:07<0:15:39, 0.73Hz] | epoch=6.26, loss=0.026800
[02.12 23:56:07] ┇ INFO    ┇    DeepKNLP.gner.trainer ┇ [training]  53%|██████████▌         |  750/1428 [0:16:08<0:15:32, 0.73Hz] | epoch=6.30, loss=0.029100
[02.12 23:56:08] ┇ INFO    ┇    DeepKNLP.gner.trainer ┇ [training]  53%|██████████▌         |  755/1428 [0:16:09<0:15:25, 0.73Hz] | epoch=6.34, loss=0.029800
[02.12 23:56:09] ┇ INFO    ┇    DeepKNLP.gner.trainer ┇ [training]  53%|██████████▋         |  760/1428 [0:16:10<0:15:18, 0.73Hz] | epoch=6.39, loss=0.027000
[02.12 23:56:10] ┇ INFO    ┇    DeepKNLP.gner.trainer ┇ [training]  54%|██████████▋         |  765/1428 [0:16:11<0:15:11, 0.73Hz] | epoch=6.43, loss=0.028100
[02.12 23:56:11] ┇ INFO    ┇    DeepKNLP.gner.trainer ┇ [training]  54%|██████████▊         |  770/1428 [0:16:13<0:15:04, 0.73Hz] | epoch=6.47, loss=0.027600
[02.12 23:56:17] ┇ INFO    ┇    DeepKNLP.gner.trainer ┇ [checking]   6%|█                   |  1/18 [0:00:00<0:00:00, 85237.90Hz]
[02.12 23:56:27] ┇ INFO    ┇    DeepKNLP.gner.trainer ┇ [checking]  22%|████▍               |  4/18 [0:00:10<0:00:36, 0.39Hz]
[02.12 23:56:39] ┇ INFO    ┇    DeepKNLP.gner.trainer ┇ [checking]  39%|███████▊            |  7/18 [0:00:22<0:00:35, 0.31Hz]
[02.12 23:56:51] ┇ INFO    ┇    DeepKNLP.gner.trainer ┇ [checking]  56%|███████████         | 10/18 [0:00:34<0:00:27, 0.29Hz]
[02.12 23:57:03] ┇ INFO    ┇    DeepKNLP.gner.trainer ┇ [checking]  78%|███████████████▌    | 14/18 [0:00:46<0:00:13, 0.30Hz]
[02.12 23:57:14] ┇ INFO    ┇    DeepKNLP.gner.trainer ┇ [checking]  94%|██████████████████▉ | 17/18 [0:00:57<0:00:03, 0.30Hz]
[02.12 23:57:19] ┇ INFO    ┇    DeepKNLP.gner.trainer ┇ [checking] 100%|████████████████████| 18/18 [0:01:00<0:00:00, 0.30Hz]
[02.12 23:57:19] ┇ INFO    ┇    DeepKNLP.gner.trainer ┇ [training]  54%|██████████▊         |  774/1428 [0:17:21<0:14:50, 0.73Hz] | epoch=6.50, eval_average=0.3896
[02.12 23:57:20] ┇ INFO    ┇    DeepKNLP.gner.trainer ┇ [training]  54%|██████████▊         |  775/1428 [0:17:21<0:14:57, 0.73Hz] | epoch=6.51, loss=0.026400
[02.12 23:57:21] ┇ INFO    ┇    DeepKNLP.gner.trainer ┇ [training]  55%|██████████▉         |  780/1428 [0:17:22<0:14:50, 0.73Hz] | epoch=6.55, loss=0.025100
[02.12 23:57:22] ┇ INFO    ┇    DeepKNLP.gner.trainer ┇ [training]  55%|██████████▉         |  785/1428 [0:17:23<0:14:43, 0.73Hz] | epoch=6.60, loss=0.025900
[02.12 23:57:23] ┇ INFO    ┇    DeepKNLP.gner.trainer ┇ [training]  55%|███████████         |  790/1428 [0:17:25<0:14:36, 0.73Hz] | epoch=6.64, loss=0.025300
[02.12 23:57:24] ┇ INFO    ┇    DeepKNLP.gner.trainer ┇ [training]  56%|███████████▏        |  795/1428 [0:17:26<0:14:29, 0.73Hz] | epoch=6.68, loss=0.026500
[02.12 23:57:26] ┇ INFO    ┇    DeepKNLP.gner.trainer ┇ [training]  56%|███████████▏        |  800/1428 [0:17:27<0:14:22, 0.73Hz] | epoch=6.72, loss=0.027200
[02.12 23:57:27] ┇ INFO    ┇    DeepKNLP.gner.trainer ┇ [training]  56%|███████████▎        |  805/1428 [0:17:28<0:14:16, 0.73Hz] | epoch=6.76, loss=0.024700
[02.12 23:57:28] ┇ INFO    ┇    DeepKNLP.gner.trainer ┇ [training]  57%|███████████▎        |  810/1428 [0:17:29<0:14:09, 0.73Hz] | epoch=6.81, loss=0.026100
[02.12 23:57:29] ┇ INFO    ┇    DeepKNLP.gner.trainer ┇ [training]  57%|███████████▍        |  815/1428 [0:17:31<0:14:02, 0.73Hz] | epoch=6.85, loss=0.025400
[02.12 23:57:30] ┇ INFO    ┇    DeepKNLP.gner.trainer ┇ [training]  57%|███████████▍        |  820/1428 [0:17:32<0:13:55, 0.73Hz] | epoch=6.89, loss=0.024500
[02.12 23:57:31] ┇ INFO    ┇    DeepKNLP.gner.trainer ┇ [training]  58%|███████████▌        |  825/1428 [0:17:33<0:13:48, 0.73Hz] | epoch=6.93, loss=0.026400
[02.12 23:57:33] ┇ INFO    ┇    DeepKNLP.gner.trainer ┇ [training]  58%|███████████▌        |  830/1428 [0:17:34<0:13:41, 0.73Hz] | epoch=6.97, loss=0.025300
[02.12 23:57:38] ┇ INFO    ┇    DeepKNLP.gner.trainer ┇ [checking]   6%|█                   |  1/18 [0:00:00<0:00:00, 83243.87Hz]
[02.12 23:57:48] ┇ INFO    ┇    DeepKNLP.gner.trainer ┇ [checking]  22%|████▍               |  4/18 [0:00:10<0:00:36, 0.39Hz]
[02.12 23:58:00] ┇ INFO    ┇    DeepKNLP.gner.trainer ┇ [checking]  39%|███████▊            |  7/18 [0:00:22<0:00:35, 0.31Hz]
[02.12 23:58:12] ┇ INFO    ┇    DeepKNLP.gner.trainer ┇ [checking]  56%|███████████         | 10/18 [0:00:34<0:00:27, 0.29Hz]
[02.12 23:58:24] ┇ INFO    ┇    DeepKNLP.gner.trainer ┇ [checking]  78%|███████████████▌    | 14/18 [0:00:46<0:00:13, 0.30Hz]
[02.12 23:58:35] ┇ INFO    ┇    DeepKNLP.gner.trainer ┇ [checking]  94%|██████████████████▉ | 17/18 [0:00:57<0:00:03, 0.30Hz]
[02.12 23:58:40] ┇ INFO    ┇    DeepKNLP.gner.trainer ┇ [checking] 100%|████████████████████| 18/18 [0:01:01<0:00:00, 0.29Hz]
[02.12 23:58:40] ┇ INFO    ┇    DeepKNLP.gner.trainer ┇ [training]  58%|███████████▋        |  833/1428 [0:18:42<0:13:32, 0.73Hz] | epoch=7.00, eval_average=0.3941
[02.12 23:58:41] ┇ INFO    ┇    DeepKNLP.gner.trainer ┇ [training]  58%|███████████▋        |  835/1428 [0:18:42<0:13:34, 0.73Hz] | epoch=7.02, loss=0.026900
[02.12 23:58:42] ┇ INFO    ┇    DeepKNLP.gner.trainer ┇ [training]  59%|███████████▊        |  840/1428 [0:18:43<0:13:27, 0.73Hz] | epoch=7.06, loss=0.025300
[02.12 23:58:43] ┇ INFO    ┇    DeepKNLP.gner.trainer ┇ [training]  59%|███████████▊        |  845/1428 [0:18:45<0:13:20, 0.73Hz] | epoch=7.10, loss=0.023900
[02.12 23:58:44] ┇ INFO    ┇    DeepKNLP.gner.trainer ┇ [training]  60%|███████████▉        |  850/1428 [0:18:46<0:13:14, 0.73Hz] | epoch=7.14, loss=0.021600
[02.12 23:58:46] ┇ INFO    ┇    DeepKNLP.gner.trainer ┇ [training]  60%|███████████▉        |  855/1428 [0:18:47<0:13:07, 0.73Hz] | epoch=7.18, loss=0.022900
[02.12 23:58:47] ┇ INFO    ┇    DeepKNLP.gner.trainer ┇ [training]  60%|████████████        |  860/1428 [0:18:48<0:13:00, 0.73Hz] | epoch=7.23, loss=0.025600
[02.12 23:58:48] ┇ INFO    ┇    DeepKNLP.gner.trainer ┇ [training]  61%|████████████        |  865/1428 [0:18:49<0:12:53, 0.73Hz] | epoch=7.27, loss=0.026300
[02.12 23:58:49] ┇ INFO    ┇    DeepKNLP.gner.trainer ┇ [training]  61%|████████████▏       |  870/1428 [0:18:51<0:12:46, 0.73Hz] | epoch=7.31, loss=0.028800
[02.12 23:58:50] ┇ INFO    ┇    DeepKNLP.gner.trainer ┇ [training]  61%|████████████▎       |  875/1428 [0:18:52<0:12:39, 0.73Hz] | epoch=7.35, loss=0.022600
[02.12 23:58:52] ┇ INFO    ┇    DeepKNLP.gner.trainer ┇ [training]  62%|████████████▎       |  880/1428 [0:18:53<0:12:32, 0.73Hz] | epoch=7.39, loss=0.018900
[02.12 23:58:53] ┇ INFO    ┇    DeepKNLP.gner.trainer ┇ [training]  62%|████████████▍       |  885/1428 [0:18:54<0:12:25, 0.73Hz] | epoch=7.44, loss=0.022700
[02.12 23:58:54] ┇ INFO    ┇    DeepKNLP.gner.trainer ┇ [training]  62%|████████████▍       |  890/1428 [0:18:55<0:12:19, 0.73Hz] | epoch=7.48, loss=0.024600
[02.12 23:58:59] ┇ INFO    ┇    DeepKNLP.gner.trainer ┇ [checking]   6%|█                   |  1/18 [0:00:00<0:00:00, 76540.03Hz]
[02.12 23:59:09] ┇ INFO    ┇    DeepKNLP.gner.trainer ┇ [checking]  22%|████▍               |  4/18 [0:00:10<0:00:35, 0.39Hz]
[02.12 23:59:21] ┇ INFO    ┇    DeepKNLP.gner.trainer ┇ [checking]  39%|███████▊            |  7/18 [0:00:22<0:00:35, 0.31Hz]
[02.12 23:59:33] ┇ INFO    ┇    DeepKNLP.gner.trainer ┇ [checking]  56%|███████████         | 10/18 [0:00:34<0:00:27, 0.29Hz]
[02.12 23:59:45] ┇ INFO    ┇    DeepKNLP.gner.trainer ┇ [checking]  78%|███████████████▌    | 14/18 [0:00:46<0:00:13, 0.30Hz]
[02.12 23:59:56] ┇ INFO    ┇    DeepKNLP.gner.trainer ┇ [checking]  94%|██████████████████▉ | 17/18 [0:00:57<0:00:03, 0.30Hz]
[02.13 00:00:01] ┇ INFO    ┇    DeepKNLP.gner.trainer ┇ [checking] 100%|████████████████████| 18/18 [0:01:01<0:00:00, 0.29Hz]
[02.13 00:00:01] ┇ INFO    ┇    DeepKNLP.gner.trainer ┇ [training]  62%|████████████▍       |  892/1428 [0:20:03<0:12:22, 0.72Hz] | epoch=7.50, eval_average=0.4161
[02.13 00:00:02] ┇ INFO    ┇    DeepKNLP.gner.trainer ┇ [training]  63%|████████████▌       |  895/1428 [0:20:03<0:12:22, 0.72Hz] | epoch=7.52, loss=0.025500
[02.13 00:00:03] ┇ INFO    ┇    DeepKNLP.gner.trainer ┇ [training]  63%|████████████▌       |  900/1428 [0:20:05<0:12:15, 0.72Hz] | epoch=7.56, loss=0.021900
[02.13 00:00:04] ┇ INFO    ┇    DeepKNLP.gner.trainer ┇ [training]  63%|████████████▋       |  905/1428 [0:20:06<0:12:08, 0.72Hz] | epoch=7.61, loss=0.023100
[02.13 00:00:06] ┇ INFO    ┇    DeepKNLP.gner.trainer ┇ [training]  64%|████████████▋       |  910/1428 [0:20:07<0:12:01, 0.72Hz] | epoch=7.65, loss=0.018700
[02.13 00:00:07] ┇ INFO    ┇    DeepKNLP.gner.trainer ┇ [training]  64%|████████████▊       |  915/1428 [0:20:08<0:11:54, 0.72Hz] | epoch=7.69, loss=0.024100
[02.13 00:00:08] ┇ INFO    ┇    DeepKNLP.gner.trainer ┇ [training]  64%|████████████▉       |  920/1428 [0:20:09<0:11:47, 0.72Hz] | epoch=7.73, loss=0.022000
[02.13 00:00:09] ┇ INFO    ┇    DeepKNLP.gner.trainer ┇ [training]  65%|████████████▉       |  925/1428 [0:20:11<0:11:40, 0.72Hz] | epoch=7.77, loss=0.025600
[02.13 00:00:10] ┇ INFO    ┇    DeepKNLP.gner.trainer ┇ [training]  65%|█████████████       |  930/1428 [0:20:12<0:11:33, 0.72Hz] | epoch=7.82, loss=0.022600
[02.13 00:00:12] ┇ INFO    ┇    DeepKNLP.gner.trainer ┇ [training]  65%|█████████████       |  935/1428 [0:20:13<0:11:26, 0.72Hz] | epoch=7.86, loss=0.019400
[02.13 00:00:13] ┇ INFO    ┇    DeepKNLP.gner.trainer ┇ [training]  66%|█████████████▏      |  940/1428 [0:20:14<0:11:19, 0.72Hz] | epoch=7.90, loss=0.025000
[02.13 00:00:14] ┇ INFO    ┇    DeepKNLP.gner.trainer ┇ [training]  66%|█████████████▏      |  945/1428 [0:20:15<0:09:19, 0.86Hz] | epoch=7.94, loss=0.022500
[02.13 00:00:15] ┇ INFO    ┇    DeepKNLP.gner.trainer ┇ [training]  67%|█████████████▎      |  950/1428 [0:20:17<0:09:07, 0.87Hz] | epoch=7.98, loss=0.021800
[02.13 00:00:20] ┇ INFO    ┇    DeepKNLP.gner.trainer ┇ [checking]   6%|█                   |  1/18 [0:00:00<0:00:00, 92241.90Hz]
[02.13 00:00:30] ┇ INFO    ┇    DeepKNLP.gner.trainer ┇ [checking]  22%|████▍               |  4/18 [0:00:10<0:00:35, 0.39Hz]
[02.13 00:00:42] ┇ INFO    ┇    DeepKNLP.gner.trainer ┇ [checking]  39%|███████▊            |  7/18 [0:00:22<0:00:35, 0.31Hz]
[02.13 00:00:54] ┇ INFO    ┇    DeepKNLP.gner.trainer ┇ [checking]  56%|███████████         | 10/18 [0:00:33<0:00:27, 0.29Hz]
[02.13 00:01:06] ┇ INFO    ┇    DeepKNLP.gner.trainer ┇ [checking]  78%|███████████████▌    | 14/18 [0:00:46<0:00:13, 0.30Hz]
[02.13 00:01:17] ┇ INFO    ┇    DeepKNLP.gner.trainer ┇ [checking]  94%|██████████████████▉ | 17/18 [0:00:56<0:00:03, 0.30Hz]
[02.13 00:01:22] ┇ INFO    ┇    DeepKNLP.gner.trainer ┇ [checking] 100%|████████████████████| 18/18 [0:01:00<0:00:00, 0.30Hz]
[02.13 00:01:22] ┇ INFO    ┇    DeepKNLP.gner.trainer ┇ [training]  67%|█████████████▎      |  952/1428 [0:21:24<0:10:58, 0.72Hz] | epoch=8.00, eval_average=0.4234
[02.13 00:01:23] ┇ INFO    ┇    DeepKNLP.gner.trainer ┇ [training]  67%|█████████████▍      |  955/1428 [0:21:24<0:10:57, 0.72Hz] | epoch=8.03, loss=0.022900
[02.13 00:01:24] ┇ INFO    ┇    DeepKNLP.gner.trainer ┇ [training]  67%|█████████████▍      |  960/1428 [0:21:26<0:10:50, 0.72Hz] | epoch=8.07, loss=0.022300
[02.13 00:01:25] ┇ INFO    ┇    DeepKNLP.gner.trainer ┇ [training]  68%|█████████████▌      |  965/1428 [0:21:27<0:10:43, 0.72Hz] | epoch=8.11, loss=0.022900
[02.13 00:01:27] ┇ INFO    ┇    DeepKNLP.gner.trainer ┇ [training]  68%|█████████████▌      |  970/1428 [0:21:28<0:10:36, 0.72Hz] | epoch=8.15, loss=0.019900
[02.13 00:01:28] ┇ INFO    ┇    DeepKNLP.gner.trainer ┇ [training]  68%|█████████████▋      |  975/1428 [0:21:29<0:10:29, 0.72Hz] | epoch=8.19, loss=0.022800
[02.13 00:01:29] ┇ INFO    ┇    DeepKNLP.gner.trainer ┇ [training]  69%|█████████████▋      |  980/1428 [0:21:30<0:10:22, 0.72Hz] | epoch=8.23, loss=0.019600
[02.13 00:01:30] ┇ INFO    ┇    DeepKNLP.gner.trainer ┇ [training]  69%|█████████████▊      |  985/1428 [0:21:31<0:10:16, 0.72Hz] | epoch=8.28, loss=0.023500
[02.13 00:01:31] ┇ INFO    ┇    DeepKNLP.gner.trainer ┇ [training]  69%|█████████████▊      |  990/1428 [0:21:33<0:10:09, 0.72Hz] | epoch=8.32, loss=0.018100
[02.13 00:01:32] ┇ INFO    ┇    DeepKNLP.gner.trainer ┇ [training]  70%|█████████████▉      |  995/1428 [0:21:34<0:10:02, 0.72Hz] | epoch=8.36, loss=0.022800
[02.13 00:01:34] ┇ INFO    ┇    DeepKNLP.gner.trainer ┇ [training]  70%|██████████████      | 1000/1428 [0:21:35<0:09:55, 0.72Hz] | epoch=8.40, loss=0.022100
[02.13 00:01:35] ┇ INFO    ┇    DeepKNLP.gner.trainer ┇ [training]  70%|██████████████      | 1005/1428 [0:21:36<0:08:09, 0.86Hz] | epoch=8.45, loss=0.022300
[02.13 00:01:36] ┇ INFO    ┇    DeepKNLP.gner.trainer ┇ [training]  71%|██████████████▏     | 1010/1428 [0:21:37<0:07:58, 0.87Hz] | epoch=8.49, loss=0.019700
[02.13 00:01:41] ┇ INFO    ┇    DeepKNLP.gner.trainer ┇ [checking]   6%|█                   |  1/18 [0:00:00<0:00:00, 75103.91Hz]
[02.13 00:01:51] ┇ INFO    ┇    DeepKNLP.gner.trainer ┇ [checking]  22%|████▍               |  4/18 [0:00:10<0:00:35, 0.40Hz]
[02.13 00:02:03] ┇ INFO    ┇    DeepKNLP.gner.trainer ┇ [checking]  39%|███████▊            |  7/18 [0:00:22<0:00:35, 0.31Hz]
[02.13 00:02:15] ┇ INFO    ┇    DeepKNLP.gner.trainer ┇ [checking]  56%|███████████         | 10/18 [0:00:34<0:00:27, 0.29Hz]
[02.13 00:02:28] ┇ INFO    ┇    DeepKNLP.gner.trainer ┇ [checking]  78%|███████████████▌    | 14/18 [0:00:47<0:00:13, 0.30Hz]
[02.13 00:02:38] ┇ INFO    ┇    DeepKNLP.gner.trainer ┇ [checking]  94%|██████████████████▉ | 17/18 [0:00:57<0:00:03, 0.30Hz]
[02.13 00:02:44] ┇ INFO    ┇    DeepKNLP.gner.trainer ┇ [checking] 100%|████████████████████| 18/18 [0:01:01<0:00:00, 0.29Hz]
[02.13 00:02:44] ┇ INFO    ┇    DeepKNLP.gner.trainer ┇ [training]  71%|██████████████▏     | 1012/1428 [0:22:45<0:09:35, 0.72Hz] | epoch=8.50, eval_average=0.4585
[02.13 00:02:44] ┇ INFO    ┇    DeepKNLP.gner.trainer ┇ [training]  71%|██████████████▏     | 1015/1428 [0:22:46<0:09:34, 0.72Hz] | epoch=8.53, loss=0.018900
[02.13 00:02:46] ┇ INFO    ┇    DeepKNLP.gner.trainer ┇ [training]  71%|██████████████▎     | 1020/1428 [0:22:47<0:09:28, 0.72Hz] | epoch=8.57, loss=0.020300
[02.13 00:02:47] ┇ INFO    ┇    DeepKNLP.gner.trainer ┇ [training]  72%|██████████████▎     | 1025/1428 [0:22:48<0:09:21, 0.72Hz] | epoch=8.61, loss=0.021600
[02.13 00:02:48] ┇ INFO    ┇    DeepKNLP.gner.trainer ┇ [training]  72%|██████████████▍     | 1030/1428 [0:22:49<0:09:14, 0.72Hz] | epoch=8.65, loss=0.018600
[02.13 00:02:49] ┇ INFO    ┇    DeepKNLP.gner.trainer ┇ [training]  72%|██████████████▍     | 1035/1428 [0:22:51<0:09:07, 0.72Hz] | epoch=8.70, loss=0.019000
[02.13 00:02:50] ┇ INFO    ┇    DeepKNLP.gner.trainer ┇ [training]  73%|██████████████▌     | 1040/1428 [0:22:52<0:09:00, 0.72Hz] | epoch=8.74, loss=0.021100
[02.13 00:02:52] ┇ INFO    ┇    DeepKNLP.gner.trainer ┇ [training]  73%|██████████████▋     | 1045/1428 [0:22:53<0:08:53, 0.72Hz] | epoch=8.78, loss=0.021900
[02.13 00:02:53] ┇ INFO    ┇    DeepKNLP.gner.trainer ┇ [training]  74%|██████████████▋     | 1050/1428 [0:22:54<0:08:46, 0.72Hz] | epoch=8.82, loss=0.019000
[02.13 00:02:54] ┇ INFO    ┇    DeepKNLP.gner.trainer ┇ [training]  74%|██████████████▊     | 1055/1428 [0:22:55<0:08:39, 0.72Hz] | epoch=8.87, loss=0.019000
[02.13 00:02:55] ┇ INFO    ┇    DeepKNLP.gner.trainer ┇ [training]  74%|██████████████▊     | 1060/1428 [0:22:56<0:08:32, 0.72Hz] | epoch=8.91, loss=0.020200
[02.13 00:02:56] ┇ INFO    ┇    DeepKNLP.gner.trainer ┇ [training]  75%|██████████████▉     | 1065/1428 [0:22:58<0:07:00, 0.86Hz] | epoch=8.95, loss=0.020700
[02.13 00:02:58] ┇ INFO    ┇    DeepKNLP.gner.trainer ┇ [training]  75%|██████████████▉     | 1070/1428 [0:22:59<0:06:50, 0.87Hz] | epoch=8.99, loss=0.019900
[02.13 00:03:02] ┇ INFO    ┇    DeepKNLP.gner.trainer ┇ [checking]   6%|█                   |  1/18 [0:00:00<0:00:00, 82624.13Hz]
[02.13 00:03:12] ┇ INFO    ┇    DeepKNLP.gner.trainer ┇ [checking]  22%|████▍               |  4/18 [0:00:10<0:00:36, 0.39Hz]
[02.13 00:03:25] ┇ INFO    ┇    DeepKNLP.gner.trainer ┇ [checking]  39%|███████▊            |  7/18 [0:00:22<0:00:35, 0.31Hz]
[02.13 00:03:37] ┇ INFO    ┇    DeepKNLP.gner.trainer ┇ [checking]  56%|███████████         | 10/18 [0:00:34<0:00:27, 0.29Hz]
[02.13 00:03:50] ┇ INFO    ┇    DeepKNLP.gner.trainer ┇ [checking]  78%|███████████████▌    | 14/18 [0:00:47<0:00:13, 0.29Hz]
[02.13 00:04:00] ┇ INFO    ┇    DeepKNLP.gner.trainer ┇ [checking]  94%|██████████████████▉ | 17/18 [0:00:57<0:00:03, 0.29Hz]
[02.13 00:04:06] ┇ INFO    ┇    DeepKNLP.gner.trainer ┇ [checking] 100%|████████████████████| 18/18 [0:01:01<0:00:00, 0.29Hz]
[02.13 00:04:06] ┇ INFO    ┇    DeepKNLP.gner.trainer ┇ [training]  75%|███████████████     | 1071/1428 [0:24:07<0:08:16, 0.72Hz] | epoch=9.00, eval_average=0.4458
[02.13 00:04:07] ┇ INFO    ┇    DeepKNLP.gner.trainer ┇ [training]  75%|███████████████     | 1075/1428 [0:24:08<0:08:12, 0.72Hz] | epoch=9.03, loss=0.018900
[02.13 00:04:08] ┇ INFO    ┇    DeepKNLP.gner.trainer ┇ [training]  76%|███████████████▏    | 1080/1428 [0:24:09<0:08:05, 0.72Hz] | epoch=9.08, loss=0.016100
[02.13 00:04:09] ┇ INFO    ┇    DeepKNLP.gner.trainer ┇ [training]  76%|███████████████▏    | 1085/1428 [0:24:10<0:07:58, 0.72Hz] | epoch=9.12, loss=0.018500
[02.13 00:04:10] ┇ INFO    ┇    DeepKNLP.gner.trainer ┇ [training]  76%|███████████████▎    | 1090/1428 [0:24:12<0:07:51, 0.72Hz] | epoch=9.16, loss=0.017000
[02.13 00:04:11] ┇ INFO    ┇    DeepKNLP.gner.trainer ┇ [training]  77%|███████████████▎    | 1095/1428 [0:24:13<0:07:44, 0.72Hz] | epoch=9.20, loss=0.020200
[02.13 00:04:13] ┇ INFO    ┇    DeepKNLP.gner.trainer ┇ [training]  77%|███████████████▍    | 1100/1428 [0:24:14<0:07:37, 0.72Hz] | epoch=9.24, loss=0.018400
[02.13 00:04:14] ┇ INFO    ┇    DeepKNLP.gner.trainer ┇ [training]  77%|███████████████▍    | 1105/1428 [0:24:15<0:07:30, 0.72Hz] | epoch=9.29, loss=0.019500
[02.13 00:04:15] ┇ INFO    ┇    DeepKNLP.gner.trainer ┇ [training]  78%|███████████████▌    | 1110/1428 [0:24:16<0:07:23, 0.72Hz] | epoch=9.33, loss=0.020200
[02.13 00:04:16] ┇ INFO    ┇    DeepKNLP.gner.trainer ┇ [training]  78%|███████████████▌    | 1115/1428 [0:24:18<0:07:16, 0.72Hz] | epoch=9.37, loss=0.017800
[02.13 00:04:17] ┇ INFO    ┇    DeepKNLP.gner.trainer ┇ [training]  78%|███████████████▋    | 1120/1428 [0:24:19<0:07:09, 0.72Hz] | epoch=9.41, loss=0.020500
[02.13 00:04:19] ┇ INFO    ┇    DeepKNLP.gner.trainer ┇ [training]  79%|███████████████▊    | 1125/1428 [0:24:20<0:05:50, 0.86Hz] | epoch=9.45, loss=0.017600
[02.13 00:04:20] ┇ INFO    ┇    DeepKNLP.gner.trainer ┇ [training]  79%|███████████████▊    | 1130/1428 [0:24:21<0:05:42, 0.87Hz] | epoch=9.50, loss=0.020200
[02.13 00:04:24] ┇ INFO    ┇    DeepKNLP.gner.trainer ┇ [checking]   6%|█                   |  1/18 [0:00:00<0:00:00, 89118.30Hz]
[02.13 00:04:34] ┇ INFO    ┇    DeepKNLP.gner.trainer ┇ [checking]  22%|████▍               |  4/18 [0:00:10<0:00:35, 0.39Hz]
[02.13 00:04:46] ┇ INFO    ┇    DeepKNLP.gner.trainer ┇ [checking]  39%|███████▊            |  7/18 [0:00:22<0:00:35, 0.31Hz]
[02.13 00:04:58] ┇ INFO    ┇    DeepKNLP.gner.trainer ┇ [checking]  56%|███████████         | 10/18 [0:00:34<0:00:27, 0.29Hz]
[02.13 00:05:11] ┇ INFO    ┇    DeepKNLP.gner.trainer ┇ [checking]  78%|███████████████▌    | 14/18 [0:00:46<0:00:13, 0.30Hz]
[02.13 00:05:21] ┇ INFO    ┇    DeepKNLP.gner.trainer ┇ [checking]  94%|██████████████████▉ | 17/18 [0:00:57<0:00:03, 0.30Hz]
[02.13 00:05:27] ┇ INFO    ┇    DeepKNLP.gner.trainer ┇ [checking] 100%|████████████████████| 18/18 [0:01:00<0:00:00, 0.30Hz]
[02.13 00:05:27] ┇ INFO    ┇    DeepKNLP.gner.trainer ┇ [training]  79%|███████████████▊    | 1130/1428 [0:24:21<0:05:42, 0.87Hz] | epoch=9.50, eval_average=0.4634
[02.13 00:05:28] ┇ INFO    ┇    DeepKNLP.gner.trainer ┇ [training]  79%|███████████████▉    | 1135/1428 [0:25:29<0:06:43, 0.73Hz] | epoch=9.54, loss=0.018500
[02.13 00:05:29] ┇ INFO    ┇    DeepKNLP.gner.trainer ┇ [training]  80%|███████████████▉    | 1140/1428 [0:25:31<0:06:36, 0.73Hz] | epoch=9.58, loss=0.017600
[02.13 00:05:30] ┇ INFO    ┇    DeepKNLP.gner.trainer ┇ [training]  80%|████████████████    | 1145/1428 [0:25:32<0:06:29, 0.73Hz] | epoch=9.62, loss=0.020200
[02.13 00:05:32] ┇ INFO    ┇    DeepKNLP.gner.trainer ┇ [training]  81%|████████████████    | 1150/1428 [0:25:33<0:06:22, 0.73Hz] | epoch=9.66, loss=0.020600
[02.13 00:05:33] ┇ INFO    ┇    DeepKNLP.gner.trainer ┇ [training]  81%|████████████████▏   | 1155/1428 [0:25:34<0:06:15, 0.73Hz] | epoch=9.71, loss=0.016100
[02.13 00:05:34] ┇ INFO    ┇    DeepKNLP.gner.trainer ┇ [training]  81%|████████████████▏   | 1160/1428 [0:25:35<0:06:08, 0.73Hz] | epoch=9.75, loss=0.017900
[02.13 00:05:35] ┇ INFO    ┇    DeepKNLP.gner.trainer ┇ [training]  82%|████████████████▎   | 1165/1428 [0:25:36<0:06:01, 0.73Hz] | epoch=9.79, loss=0.017700
[02.13 00:05:36] ┇ INFO    ┇    DeepKNLP.gner.trainer ┇ [training]  82%|████████████████▍   | 1170/1428 [0:25:38<0:05:55, 0.73Hz] | epoch=9.83, loss=0.019100
[02.13 00:05:37] ┇ INFO    ┇    DeepKNLP.gner.trainer ┇ [training]  82%|████████████████▍   | 1175/1428 [0:25:39<0:05:48, 0.73Hz] | epoch=9.87, loss=0.016500
[02.13 00:05:39] ┇ INFO    ┇    DeepKNLP.gner.trainer ┇ [training]  83%|████████████████▌   | 1180/1428 [0:25:40<0:05:41, 0.73Hz] | epoch=9.92, loss=0.018300
[02.13 00:05:40] ┇ INFO    ┇    DeepKNLP.gner.trainer ┇ [training]  83%|████████████████▌   | 1185/1428 [0:25:41<0:05:34, 0.73Hz] | epoch=9.96, loss=0.019300
[02.13 00:05:41] ┇ INFO    ┇    DeepKNLP.gner.trainer ┇ [training]  83%|████████████████▋   | 1190/1428 [0:25:42<0:04:31, 0.88Hz] | epoch=10.00, loss=0.020300
[02.13 00:05:45] ┇ INFO    ┇    DeepKNLP.gner.trainer ┇ [checking]   6%|█                   |  1/18 [0:00:00<0:00:00, 79655.92Hz]
[02.13 00:05:56] ┇ INFO    ┇    DeepKNLP.gner.trainer ┇ [checking]  22%|████▍               |  4/18 [0:00:10<0:00:36, 0.39Hz]
[02.13 00:06:08] ┇ INFO    ┇    DeepKNLP.gner.trainer ┇ [checking]  39%|███████▊            |  7/18 [0:00:22<0:00:36, 0.31Hz]
[02.13 00:06:20] ┇ INFO    ┇    DeepKNLP.gner.trainer ┇ [checking]  56%|███████████         | 10/18 [0:00:34<0:00:27, 0.29Hz]
[02.13 00:06:33] ┇ INFO    ┇    DeepKNLP.gner.trainer ┇ [checking]  78%|███████████████▌    | 14/18 [0:00:47<0:00:13, 0.29Hz]
[02.13 00:06:43] ┇ INFO    ┇    DeepKNLP.gner.trainer ┇ [checking]  94%|██████████████████▉ | 17/18 [0:00:58<0:00:03, 0.29Hz]
[02.13 00:06:49] ┇ INFO    ┇    DeepKNLP.gner.trainer ┇ [checking] 100%|████████████████████| 18/18 [0:01:01<0:00:00, 0.29Hz]
[02.13 00:06:49] ┇ INFO    ┇    DeepKNLP.gner.trainer ┇ [training]  83%|████████████████▋   | 1190/1428 [0:25:42<0:04:31, 0.88Hz] | epoch=10.00, eval_average=0.4576
[02.13 00:06:50] ┇ INFO    ┇    DeepKNLP.gner.trainer ┇ [training]  84%|████████████████▋   | 1195/1428 [0:26:51<0:05:16, 0.74Hz] | epoch=10.04, loss=0.016900
[02.13 00:06:51] ┇ INFO    ┇    DeepKNLP.gner.trainer ┇ [training]  84%|████████████████▊   | 1200/1428 [0:26:53<0:05:10, 0.74Hz] | epoch=10.08, loss=0.018800
[02.13 00:06:52] ┇ INFO    ┇    DeepKNLP.gner.trainer ┇ [training]  84%|████████████████▉   | 1205/1428 [0:26:54<0:05:03, 0.74Hz] | epoch=10.13, loss=0.016300
[02.13 00:06:54] ┇ INFO    ┇    DeepKNLP.gner.trainer ┇ [training]  85%|████████████████▉   | 1210/1428 [0:26:55<0:04:56, 0.74Hz] | epoch=10.17, loss=0.019500
[02.13 00:06:55] ┇ INFO    ┇    DeepKNLP.gner.trainer ┇ [training]  85%|█████████████████   | 1215/1428 [0:26:56<0:04:49, 0.74Hz] | epoch=10.21, loss=0.017300
[02.13 00:06:56] ┇ INFO    ┇    DeepKNLP.gner.trainer ┇ [training]  85%|█████████████████   | 1220/1428 [0:26:57<0:04:42, 0.74Hz] | epoch=10.25, loss=0.016300
[02.13 00:06:57] ┇ INFO    ┇    DeepKNLP.gner.trainer ┇ [training]  86%|█████████████████▏  | 1225/1428 [0:26:58<0:04:36, 0.74Hz] | epoch=10.29, loss=0.018600
[02.13 00:06:58] ┇ INFO    ┇    DeepKNLP.gner.trainer ┇ [training]  86%|█████████████████▏  | 1230/1428 [0:27:00<0:04:29, 0.74Hz] | epoch=10.34, loss=0.017700
[02.13 00:06:59] ┇ INFO    ┇    DeepKNLP.gner.trainer ┇ [training]  86%|█████████████████▎  | 1235/1428 [0:27:01<0:04:22, 0.74Hz] | epoch=10.38, loss=0.017800
[02.13 00:07:01] ┇ INFO    ┇    DeepKNLP.gner.trainer ┇ [training]  87%|█████████████████▎  | 1240/1428 [0:27:02<0:04:15, 0.74Hz] | epoch=10.42, loss=0.017900
[02.13 00:07:02] ┇ INFO    ┇    DeepKNLP.gner.trainer ┇ [training]  87%|█████████████████▍  | 1245/1428 [0:27:03<0:04:08, 0.74Hz] | epoch=10.46, loss=0.018700
[02.13 00:07:03] ┇ INFO    ┇    DeepKNLP.gner.trainer ┇ [training]  88%|█████████████████▌  | 1250/1428 [0:27:04<0:04:01, 0.74Hz] | epoch=10.50, loss=0.016900
[02.13 00:07:07] ┇ INFO    ┇    DeepKNLP.gner.trainer ┇ [checking]   6%|█                   |  1/18 [0:00:00<0:00:00, 87170.29Hz]
[02.13 00:07:18] ┇ INFO    ┇    DeepKNLP.gner.trainer ┇ [checking]  22%|████▍               |  4/18 [0:00:10<0:00:36, 0.39Hz]
[02.13 00:07:30] ┇ INFO    ┇    DeepKNLP.gner.trainer ┇ [checking]  39%|███████▊            |  7/18 [0:00:22<0:00:35, 0.31Hz]
[02.13 00:07:41] ┇ INFO    ┇    DeepKNLP.gner.trainer ┇ [checking]  56%|███████████         | 10/18 [0:00:33<0:00:27, 0.29Hz]
[02.13 00:07:54] ┇ INFO    ┇    DeepKNLP.gner.trainer ┇ [checking]  78%|███████████████▌    | 14/18 [0:00:46<0:00:13, 0.30Hz]
[02.13 00:08:04] ┇ INFO    ┇    DeepKNLP.gner.trainer ┇ [checking]  94%|██████████████████▉ | 17/18 [0:00:56<0:00:03, 0.30Hz]
[02.13 00:08:10] ┇ INFO    ┇    DeepKNLP.gner.trainer ┇ [checking] 100%|████████████████████| 18/18 [0:01:00<0:00:00, 0.30Hz]
[02.13 00:08:10] ┇ INFO    ┇    DeepKNLP.gner.trainer ┇ [training]  88%|█████████████████▌  | 1250/1428 [0:27:04<0:04:01, 0.74Hz] | epoch=10.50, eval_average=0.4677
[02.13 00:08:11] ┇ INFO    ┇    DeepKNLP.gner.trainer ┇ [training]  88%|█████████████████▌  | 1255/1428 [0:28:12<0:03:53, 0.74Hz] | epoch=10.55, loss=0.017800
[02.13 00:08:12] ┇ INFO    ┇    DeepKNLP.gner.trainer ┇ [training]  88%|█████████████████▋  | 1260/1428 [0:28:14<0:03:45, 0.75Hz] | epoch=10.59, loss=0.018400
[02.13 00:08:13] ┇ INFO    ┇    DeepKNLP.gner.trainer ┇ [training]  89%|█████████████████▋  | 1265/1428 [0:28:15<0:03:38, 0.75Hz] | epoch=10.63, loss=0.018300
[02.13 00:08:14] ┇ INFO    ┇    DeepKNLP.gner.trainer ┇ [training]  89%|█████████████████▊  | 1270/1428 [0:28:16<0:03:31, 0.75Hz] | epoch=10.67, loss=0.016200
[02.13 00:08:16] ┇ INFO    ┇    DeepKNLP.gner.trainer ┇ [training]  89%|█████████████████▊  | 1275/1428 [0:28:17<0:03:25, 0.75Hz] | epoch=10.71, loss=0.016700
[02.13 00:08:17] ┇ INFO    ┇    DeepKNLP.gner.trainer ┇ [training]  90%|█████████████████▉  | 1280/1428 [0:28:18<0:03:18, 0.75Hz] | epoch=10.76, loss=0.017300
[02.13 00:08:18] ┇ INFO    ┇    DeepKNLP.gner.trainer ┇ [training]  90%|█████████████████▉  | 1285/1428 [0:28:19<0:03:11, 0.75Hz] | epoch=10.80, loss=0.017100
[02.13 00:08:19] ┇ INFO    ┇    DeepKNLP.gner.trainer ┇ [training]  90%|██████████████████  | 1290/1428 [0:28:21<0:03:05, 0.75Hz] | epoch=10.84, loss=0.016500
[02.13 00:08:20] ┇ INFO    ┇    DeepKNLP.gner.trainer ┇ [training]  91%|██████████████████▏ | 1295/1428 [0:28:22<0:02:58, 0.75Hz] | epoch=10.88, loss=0.017100
[02.13 00:08:22] ┇ INFO    ┇    DeepKNLP.gner.trainer ┇ [training]  91%|██████████████████▏ | 1300/1428 [0:28:23<0:02:51, 0.75Hz] | epoch=10.92, loss=0.015000
[02.13 00:08:23] ┇ INFO    ┇    DeepKNLP.gner.trainer ┇ [training]  91%|██████████████████▎ | 1305/1428 [0:28:24<0:02:44, 0.75Hz] | epoch=10.97, loss=0.016700
[02.13 00:08:28] ┇ INFO    ┇    DeepKNLP.gner.trainer ┇ [checking]   6%|█                   |  1/18 [0:00:00<0:00:00, 90001.62Hz]
[02.13 00:08:38] ┇ INFO    ┇    DeepKNLP.gner.trainer ┇ [checking]  22%|████▍               |  4/18 [0:00:10<0:00:35, 0.39Hz]
[02.13 00:08:51] ┇ INFO    ┇    DeepKNLP.gner.trainer ┇ [checking]  39%|███████▊            |  7/18 [0:00:22<0:00:35, 0.31Hz]
[02.13 00:09:03] ┇ INFO    ┇    DeepKNLP.gner.trainer ┇ [checking]  56%|███████████         | 10/18 [0:00:34<0:00:27, 0.29Hz]
[02.13 00:09:15] ┇ INFO    ┇    DeepKNLP.gner.trainer ┇ [checking]  78%|███████████████▌    | 14/18 [0:00:47<0:00:13, 0.30Hz]
[02.13 00:09:26] ┇ INFO    ┇    DeepKNLP.gner.trainer ┇ [checking]  94%|██████████████████▉ | 17/18 [0:00:57<0:00:03, 0.29Hz]
[02.13 00:09:32] ┇ INFO    ┇    DeepKNLP.gner.trainer ┇ [checking] 100%|████████████████████| 18/18 [0:01:01<0:00:00, 0.29Hz]
[02.13 00:09:32] ┇ INFO    ┇    DeepKNLP.gner.trainer ┇ [training]  92%|██████████████████▎ | 1309/1428 [0:29:33<0:03:06, 0.64Hz] | epoch=11.00, eval_average=0.4833
[02.13 00:09:32] ┇ INFO    ┇    DeepKNLP.gner.trainer ┇ [training]  92%|██████████████████▎ | 1310/1428 [0:29:33<0:03:07, 0.63Hz] | epoch=11.01, loss=0.015600
[02.13 00:09:33] ┇ INFO    ┇    DeepKNLP.gner.trainer ┇ [training]  92%|██████████████████▍ | 1315/1428 [0:29:34<0:02:32, 0.74Hz] | epoch=11.05, loss=0.014700
[02.13 00:09:34] ┇ INFO    ┇    DeepKNLP.gner.trainer ┇ [training]  92%|██████████████████▍ | 1320/1428 [0:29:36<0:02:25, 0.74Hz] | epoch=11.09, loss=0.014700
[02.13 00:09:35] ┇ INFO    ┇    DeepKNLP.gner.trainer ┇ [training]  93%|██████████████████▌ | 1325/1428 [0:29:37<0:02:18, 0.74Hz] | epoch=11.13, loss=0.016100
[02.13 00:09:37] ┇ INFO    ┇    DeepKNLP.gner.trainer ┇ [training]  93%|██████████████████▋ | 1330/1428 [0:29:38<0:02:11, 0.74Hz] | epoch=11.18, loss=0.016500
[02.13 00:09:38] ┇ INFO    ┇    DeepKNLP.gner.trainer ┇ [training]  93%|██████████████████▋ | 1335/1428 [0:29:39<0:02:04, 0.74Hz] | epoch=11.22, loss=0.014900
[02.13 00:09:39] ┇ INFO    ┇    DeepKNLP.gner.trainer ┇ [training]  94%|██████████████████▊ | 1340/1428 [0:29:40<0:01:58, 0.74Hz] | epoch=11.26, loss=0.017900
[02.13 00:09:40] ┇ INFO    ┇    DeepKNLP.gner.trainer ┇ [training]  94%|██████████████████▊ | 1345/1428 [0:29:41<0:01:51, 0.74Hz] | epoch=11.30, loss=0.018200
[02.13 00:09:41] ┇ INFO    ┇    DeepKNLP.gner.trainer ┇ [training]  95%|██████████████████▉ | 1350/1428 [0:29:43<0:01:44, 0.74Hz] | epoch=11.35, loss=0.014700
[02.13 00:09:42] ┇ INFO    ┇    DeepKNLP.gner.trainer ┇ [training]  95%|██████████████████▉ | 1355/1428 [0:29:44<0:01:38, 0.74Hz] | epoch=11.39, loss=0.017200
[02.13 00:09:44] ┇ INFO    ┇    DeepKNLP.gner.trainer ┇ [training]  95%|███████████████████ | 1360/1428 [0:29:45<0:01:31, 0.74Hz] | epoch=11.43, loss=0.013300
[02.13 00:09:45] ┇ INFO    ┇    DeepKNLP.gner.trainer ┇ [training]  96%|███████████████████ | 1365/1428 [0:29:46<0:01:24, 0.74Hz] | epoch=11.47, loss=0.015500
[02.13 00:09:50] ┇ INFO    ┇    DeepKNLP.gner.trainer ┇ [checking]   6%|█                   |  1/18 [0:00:00<0:00:00, 81746.62Hz]
[02.13 00:10:00] ┇ INFO    ┇    DeepKNLP.gner.trainer ┇ [checking]  22%|████▍               |  4/18 [0:00:10<0:00:36, 0.39Hz]
[02.13 00:10:12] ┇ INFO    ┇    DeepKNLP.gner.trainer ┇ [checking]  39%|███████▊            |  7/18 [0:00:22<0:00:35, 0.31Hz]
[02.13 00:10:24] ┇ INFO    ┇    DeepKNLP.gner.trainer ┇ [checking]  56%|███████████         | 10/18 [0:00:34<0:00:27, 0.29Hz]
[02.13 00:10:37] ┇ INFO    ┇    DeepKNLP.gner.trainer ┇ [checking]  78%|███████████████▌    | 14/18 [0:00:46<0:00:13, 0.30Hz]
[02.13 00:10:47] ┇ INFO    ┇    DeepKNLP.gner.trainer ┇ [checking]  94%|██████████████████▉ | 17/18 [0:00:57<0:00:03, 0.30Hz]
[02.13 00:10:53] ┇ INFO    ┇    DeepKNLP.gner.trainer ┇ [checking] 100%|████████████████████| 18/18 [0:01:01<0:00:00, 0.29Hz]
[02.13 00:10:53] ┇ INFO    ┇    DeepKNLP.gner.trainer ┇ [training]  96%|███████████████████▏| 1368/1428 [0:30:54<0:01:34, 0.64Hz] | epoch=11.50, eval_average=0.4851
[02.13 00:10:53] ┇ INFO    ┇    DeepKNLP.gner.trainer ┇ [training]  96%|███████████████████▏| 1370/1428 [0:30:55<0:01:31, 0.63Hz] | epoch=11.51, loss=0.017000
[02.13 00:10:54] ┇ INFO    ┇    DeepKNLP.gner.trainer ┇ [training]  96%|███████████████████▎| 1375/1428 [0:30:56<0:01:11, 0.74Hz] | epoch=11.55, loss=0.015500
[02.13 00:10:56] ┇ INFO    ┇    DeepKNLP.gner.trainer ┇ [training]  97%|███████████████████▎| 1380/1428 [0:30:57<0:01:04, 0.75Hz] | epoch=11.60, loss=0.016300
[02.13 00:10:57] ┇ INFO    ┇    DeepKNLP.gner.trainer ┇ [training]  97%|███████████████████▍| 1385/1428 [0:30:58<0:00:57, 0.75Hz] | epoch=11.64, loss=0.014600
[02.13 00:10:58] ┇ INFO    ┇    DeepKNLP.gner.trainer ┇ [training]  97%|███████████████████▍| 1390/1428 [0:30:59<0:00:50, 0.75Hz] | epoch=11.68, loss=0.014600
[02.13 00:10:59] ┇ INFO    ┇    DeepKNLP.gner.trainer ┇ [training]  98%|███████████████████▌| 1395/1428 [0:31:01<0:00:44, 0.75Hz] | epoch=11.72, loss=0.015900
[02.13 00:11:00] ┇ INFO    ┇    DeepKNLP.gner.trainer ┇ [training]  98%|███████████████████▌| 1400/1428 [0:31:02<0:00:37, 0.75Hz] | epoch=11.77, loss=0.015100
[02.13 00:11:02] ┇ INFO    ┇    DeepKNLP.gner.trainer ┇ [training]  98%|███████████████████▋| 1405/1428 [0:31:03<0:00:30, 0.75Hz] | epoch=11.81, loss=0.017500
[02.13 00:11:03] ┇ INFO    ┇    DeepKNLP.gner.trainer ┇ [training]  99%|███████████████████▋| 1410/1428 [0:31:04<0:00:24, 0.75Hz] | epoch=11.85, loss=0.014300
[02.13 00:11:04] ┇ INFO    ┇    DeepKNLP.gner.trainer ┇ [training]  99%|███████████████████▊| 1415/1428 [0:31:05<0:00:17, 0.75Hz] | epoch=11.89, loss=0.016000
[02.13 00:11:05] ┇ INFO    ┇    DeepKNLP.gner.trainer ┇ [training]  99%|███████████████████▉| 1420/1428 [0:31:06<0:00:10, 0.75Hz] | epoch=11.93, loss=0.012500
[02.13 00:11:06] ┇ INFO    ┇    DeepKNLP.gner.trainer ┇ [training] 100%|███████████████████▉| 1425/1428 [0:31:08<0:00:04, 0.75Hz] | epoch=11.97, loss=0.015800
[02.13 00:11:11] ┇ INFO    ┇    DeepKNLP.gner.trainer ┇ [checking]   6%|█                   |  1/18 [0:00:00<0:00:00, 84445.20Hz]
[02.13 00:11:22] ┇ INFO    ┇    DeepKNLP.gner.trainer ┇ [checking]  22%|████▍               |  4/18 [0:00:10<0:00:36, 0.38Hz]
[02.13 00:11:35] ┇ INFO    ┇    DeepKNLP.gner.trainer ┇ [checking]  39%|███████▊            |  7/18 [0:00:23<0:00:36, 0.30Hz]
[02.13 00:11:46] ┇ INFO    ┇    DeepKNLP.gner.trainer ┇ [checking]  56%|███████████         | 10/18 [0:00:35<0:00:28, 0.28Hz]
[02.13 00:11:59] ┇ INFO    ┇    DeepKNLP.gner.trainer ┇ [checking]  78%|███████████████▌    | 14/18 [0:00:47<0:00:13, 0.29Hz]
[02.13 00:12:09] ┇ INFO    ┇    DeepKNLP.gner.trainer ┇ [checking]  94%|██████████████████▉ | 17/18 [0:00:58<0:00:03, 0.29Hz]
[02.13 00:12:15] ┇ INFO    ┇    DeepKNLP.gner.trainer ┇ [checking] 100%|████████████████████| 18/18 [0:01:02<0:00:00, 0.29Hz]
[02.13 00:12:15] ┇ INFO    ┇    DeepKNLP.gner.trainer ┇ [training] 100%|████████████████████| 1428/1428 [0:32:16<0:00:00, 0.64Hz] | epoch=12.00, eval_average=0.4823
[02.13 00:12:15] ┇ INFO    ┇    DeepKNLP.gner.trainer ┇ [training] 100%|████████████████████| 1428/1428 [0:32:16<0:00:00, 0.64Hz] | epoch=12.00, train_loss=0.0790, total_pflos=15.487
[02.13 00:12:15] ┇ INFO    ┇    DeepKNLP.gner.trainer ┇ -----------------------------------------------------------------------------------------------------------------------------------------
[02.13 00:12:15] ┇ INFO    ┇                 DeepKNLP ┇ Train output metrics: {'train_runtime': 1936.9837, 'train_samples_per_second': 23.43, 'train_steps_per_second': 0.737, 'total_flos': 1.5487210551771136e+16, 'train_loss': 0.07904242133559967, 'epoch': 12.0}
[02.13 00:12:15] ┇ INFO    ┇           chrisbase.data ┇ =========================================================================================================================================
[02.13 00:12:15] ┇ INFO    ┇           chrisbase.data ┇ [EXIT] python task2-nerG-trainer.py --local_rank=0 --trainer_deepspeed configs/deepspeed/ds2_t5.json --run_version FlanT5-Base-WQ=4,1 --pretrained google/flan-t5-base --eval_epochs 0.5 --logging_steps 5 --num_train_epochs 12 --per_device_eval_batch_size 50 --per_device_train_batch_size 8 --gradient_accumulation_steps 1 --generation_max_length 640 --eval_file data/gner/each-sampled-WQ=4,1/crossner_literature-dev=100-WQ=4,1.jsonl --train_file data/gner/each-WQ=4,1/crossner_literature-train-WQ=4,1.jsonl --output_file train-metrics-crossner_literature-12ep.csv --logging_file train-loggings-crossner_literature-12ep.out --no_use_flash_attention --no_debugging ($=00:32:26.922)
[02.13 00:12:15] ┇ INFO    ┇           chrisbase.data ┇ =========================================================================================================================================
[02.13 00:12:16] ┇ INFO    ┇ torch._inductor.remote_cache ┇ Cache Metrics: None

[02.13 00:12:16] ┇ INFO    ┇ torch._dynamo.eval_frame ┇ TorchDynamo attempted to trace the following frames: [

]
[02.13 00:12:16] ┇ INFO    ┇      torch._dynamo.utils ┇ TorchDynamo compilation metrics:
Function    Runtimes (s)
----------  --------------
[02.13 00:12:16] ┇ INFO    ┇ torch._subclasses.fake_tensor ┇ FakeTensor cache stats:
[02.13 00:12:16] ┇ INFO    ┇ torch._subclasses.fake_tensor ┇   cache_hits: 0
[02.13 00:12:16] ┇ INFO    ┇ torch._subclasses.fake_tensor ┇   cache_misses: 0
[02.13 00:12:16] ┇ INFO    ┇ torch._inductor.remote_cache ┇ Cache Metrics: None

[02.13 00:12:16] ┇ INFO    ┇ torch._dynamo.eval_frame ┇ TorchDynamo attempted to trace the following frames: [

]
[02.13 00:12:16] ┇ INFO    ┇      torch._dynamo.utils ┇ TorchDynamo compilation metrics:
Function    Runtimes (s)
----------  --------------
[02.13 00:12:16] ┇ INFO    ┇ torch._subclasses.fake_tensor ┇ FakeTensor cache stats:
[02.13 00:12:16] ┇ INFO    ┇ torch._subclasses.fake_tensor ┇   cache_hits: 0
[02.13 00:12:16] ┇ INFO    ┇ torch._subclasses.fake_tensor ┇   cache_misses: 0
[02.13 00:12:16] ┇ INFO    ┇ torch._inductor.remote_cache ┇ Cache Metrics: None

[02.13 00:12:16] ┇ INFO    ┇ torch._dynamo.eval_frame ┇ TorchDynamo attempted to trace the following frames: [

]
[02.13 00:12:16] ┇ INFO    ┇      torch._dynamo.utils ┇ TorchDynamo compilation metrics:
Function    Runtimes (s)
----------  --------------
[02.13 00:12:16] ┇ INFO    ┇ torch._subclasses.fake_tensor ┇ FakeTensor cache stats:
[02.13 00:12:16] ┇ INFO    ┇ torch._subclasses.fake_tensor ┇   cache_hits: 0
[02.13 00:12:16] ┇ INFO    ┇ torch._subclasses.fake_tensor ┇   cache_misses: 0
[02.13 00:12:17] ┇ INFO    ┇ torch._inductor.remote_cache ┇ Cache Metrics: None

[02.13 00:12:17] ┇ INFO    ┇ torch._dynamo.eval_frame ┇ TorchDynamo attempted to trace the following frames: [

]
[02.13 00:12:17] ┇ INFO    ┇      torch._dynamo.utils ┇ TorchDynamo compilation metrics:
Function    Runtimes (s)
----------  --------------
[02.13 00:12:17] ┇ INFO    ┇ torch._subclasses.fake_tensor ┇ FakeTensor cache stats:
[02.13 00:12:17] ┇ INFO    ┇ torch._subclasses.fake_tensor ┇   cache_hits: 0
[02.13 00:12:17] ┇ INFO    ┇ torch._subclasses.fake_tensor ┇   cache_misses: 0
