/bin/bash /raid/chrisjihee/proj/DeepKNLP/task2-nerG-trainer1.sh
++ shuf -i25000-30000 -n1
+ port=25003
+ TRAIN_JSON_DIR=data/gner/zero-shot-train.jsonl
+ VALID_JSON_DIR=data/gner/zero-shot-test-min.jsonl
+ MODEL_NAME_OR_PATH=etri-lirs/egpt-1.3b-preview
+ OUTPUT_DIR=output/GNER/EAGLE-1B-supervised
+ RUN_NAME=train_eagle_1b_supervised-base
+ DEEPSPEED_CONFIG=configs/deepspeed_configs/deepspeed_zero1_llama.json
+ /raid/chrisjihee/miniforge3/envs/DeepKNLP/bin/python -m deepspeed.launcher.runner --include=localhost:0,1,2,3,4,5,6,7 --master_port 25003 task2-nerG-trainer1.py --do_train --do_eval --predict_with_generate --train_json_dir data/gner/zero-shot-train.jsonl --valid_json_dir data/gner/zero-shot-test-min.jsonl --no_load_gner_customized_datasets --model_name_or_path etri-lirs/egpt-1.3b-preview --output_dir output/GNER/EAGLE-1B-supervised --run_name train_eagle_1b_supervised-base --preprocessing_num_workers 4 --per_device_eval_batch_size 8 --per_device_train_batch_size 8 --gradient_accumulation_steps 4 --gradient_checkpointing True --bf16 True --tf32 True --lr_scheduler_type cosine --learning_rate 2e-05 --warmup_ratio 0.04 --weight_decay 0. --max_source_length 640 --max_target_length 640 --generation_max_length 1280 --num_train_epochs 0.5 --logging_strategy steps --logging_steps 10 --eval_strategy epoch --save_strategy epoch --overwrite_output_dir --overwrite_cache --seed 1234 --deepspeed configs/deepspeed_configs/deepspeed_zero1_llama.json
[2025-01-10 15:52:34,679] [INFO] [real_accelerator.py:191:get_accelerator] Setting ds_accelerator to cuda (auto detect)
[2025-01-10 15:52:35,847] [WARNING] [runner.py:202:fetch_hostfile] Unable to find hostfile, will proceed with training with local resources only.
[2025-01-10 15:52:35,847] [INFO] [runner.py:568:main] cmd = /raid/chrisjihee/miniforge3/envs/DeepKNLP/bin/python -u -m deepspeed.launcher.launch --world_info=eyJsb2NhbGhvc3QiOiBbMCwgMSwgMiwgMywgNCwgNSwgNiwgN119 --master_addr=127.0.0.1 --master_port=25003 --enable_each_rank_log=None task2-nerG-trainer1.py --do_train --do_eval --predict_with_generate --train_json_dir data/gner/zero-shot-train.jsonl --valid_json_dir data/gner/zero-shot-test-min.jsonl --no_load_gner_customized_datasets --model_name_or_path etri-lirs/egpt-1.3b-preview --output_dir output/GNER/EAGLE-1B-supervised --run_name train_eagle_1b_supervised-base --preprocessing_num_workers 4 --per_device_eval_batch_size 8 --per_device_train_batch_size 8 --gradient_accumulation_steps 4 --gradient_checkpointing True --bf16 True --tf32 True --lr_scheduler_type cosine --learning_rate 2e-05 --warmup_ratio 0.04 --weight_decay 0. --max_source_length 640 --max_target_length 640 --generation_max_length 1280 --num_train_epochs 0.5 --logging_strategy steps --logging_steps 10 --eval_strategy epoch --save_strategy epoch --overwrite_output_dir --overwrite_cache --seed 1234 --deepspeed configs/deepspeed_configs/deepspeed_zero1_llama.json
[2025-01-10 15:52:38,688] [INFO] [real_accelerator.py:191:get_accelerator] Setting ds_accelerator to cuda (auto detect)
[2025-01-10 15:52:39,760] [INFO] [launch.py:145:main] WORLD INFO DICT: {'localhost': [0, 1, 2, 3, 4, 5, 6, 7]}
[2025-01-10 15:52:39,761] [INFO] [launch.py:151:main] nnodes=1, num_local_procs=8, node_rank=0
[2025-01-10 15:52:39,761] [INFO] [launch.py:162:main] global_rank_mapping=defaultdict(<class 'list'>, {'localhost': [0, 1, 2, 3, 4, 5, 6, 7]})
[2025-01-10 15:52:39,761] [INFO] [launch.py:163:main] dist_world_size=8
[2025-01-10 15:52:39,761] [INFO] [launch.py:165:main] Setting CUDA_VISIBLE_DEVICES=0,1,2,3,4,5,6,7
[2025-01-10 15:52:39,761] [INFO] [launch.py:253:main] process 1000878 spawned with command: ['/raid/chrisjihee/miniforge3/envs/DeepKNLP/bin/python', '-u', 'task2-nerG-trainer1.py', '--local_rank=0', '--do_train', '--do_eval', '--predict_with_generate', '--train_json_dir', 'data/gner/zero-shot-train.jsonl', '--valid_json_dir', 'data/gner/zero-shot-test-min.jsonl', '--no_load_gner_customized_datasets', '--model_name_or_path', 'etri-lirs/egpt-1.3b-preview', '--output_dir', 'output/GNER/EAGLE-1B-supervised', '--run_name', 'train_eagle_1b_supervised-base', '--preprocessing_num_workers', '4', '--per_device_eval_batch_size', '8', '--per_device_train_batch_size', '8', '--gradient_accumulation_steps', '4', '--gradient_checkpointing', 'True', '--bf16', 'True', '--tf32', 'True', '--lr_scheduler_type', 'cosine', '--learning_rate', '2e-05', '--warmup_ratio', '0.04', '--weight_decay', '0.', '--max_source_length', '640', '--max_target_length', '640', '--generation_max_length', '1280', '--num_train_epochs', '0.5', '--logging_strategy', 'steps', '--logging_steps', '10', '--eval_strategy', 'epoch', '--save_strategy', 'epoch', '--overwrite_output_dir', '--overwrite_cache', '--seed', '1234', '--deepspeed', 'configs/deepspeed_configs/deepspeed_zero1_llama.json']
[2025-01-10 15:52:39,762] [INFO] [launch.py:253:main] process 1000879 spawned with command: ['/raid/chrisjihee/miniforge3/envs/DeepKNLP/bin/python', '-u', 'task2-nerG-trainer1.py', '--local_rank=1', '--do_train', '--do_eval', '--predict_with_generate', '--train_json_dir', 'data/gner/zero-shot-train.jsonl', '--valid_json_dir', 'data/gner/zero-shot-test-min.jsonl', '--no_load_gner_customized_datasets', '--model_name_or_path', 'etri-lirs/egpt-1.3b-preview', '--output_dir', 'output/GNER/EAGLE-1B-supervised', '--run_name', 'train_eagle_1b_supervised-base', '--preprocessing_num_workers', '4', '--per_device_eval_batch_size', '8', '--per_device_train_batch_size', '8', '--gradient_accumulation_steps', '4', '--gradient_checkpointing', 'True', '--bf16', 'True', '--tf32', 'True', '--lr_scheduler_type', 'cosine', '--learning_rate', '2e-05', '--warmup_ratio', '0.04', '--weight_decay', '0.', '--max_source_length', '640', '--max_target_length', '640', '--generation_max_length', '1280', '--num_train_epochs', '0.5', '--logging_strategy', 'steps', '--logging_steps', '10', '--eval_strategy', 'epoch', '--save_strategy', 'epoch', '--overwrite_output_dir', '--overwrite_cache', '--seed', '1234', '--deepspeed', 'configs/deepspeed_configs/deepspeed_zero1_llama.json']
[2025-01-10 15:52:39,762] [INFO] [launch.py:253:main] process 1000880 spawned with command: ['/raid/chrisjihee/miniforge3/envs/DeepKNLP/bin/python', '-u', 'task2-nerG-trainer1.py', '--local_rank=2', '--do_train', '--do_eval', '--predict_with_generate', '--train_json_dir', 'data/gner/zero-shot-train.jsonl', '--valid_json_dir', 'data/gner/zero-shot-test-min.jsonl', '--no_load_gner_customized_datasets', '--model_name_or_path', 'etri-lirs/egpt-1.3b-preview', '--output_dir', 'output/GNER/EAGLE-1B-supervised', '--run_name', 'train_eagle_1b_supervised-base', '--preprocessing_num_workers', '4', '--per_device_eval_batch_size', '8', '--per_device_train_batch_size', '8', '--gradient_accumulation_steps', '4', '--gradient_checkpointing', 'True', '--bf16', 'True', '--tf32', 'True', '--lr_scheduler_type', 'cosine', '--learning_rate', '2e-05', '--warmup_ratio', '0.04', '--weight_decay', '0.', '--max_source_length', '640', '--max_target_length', '640', '--generation_max_length', '1280', '--num_train_epochs', '0.5', '--logging_strategy', 'steps', '--logging_steps', '10', '--eval_strategy', 'epoch', '--save_strategy', 'epoch', '--overwrite_output_dir', '--overwrite_cache', '--seed', '1234', '--deepspeed', 'configs/deepspeed_configs/deepspeed_zero1_llama.json']
[2025-01-10 15:52:39,763] [INFO] [launch.py:253:main] process 1000881 spawned with command: ['/raid/chrisjihee/miniforge3/envs/DeepKNLP/bin/python', '-u', 'task2-nerG-trainer1.py', '--local_rank=3', '--do_train', '--do_eval', '--predict_with_generate', '--train_json_dir', 'data/gner/zero-shot-train.jsonl', '--valid_json_dir', 'data/gner/zero-shot-test-min.jsonl', '--no_load_gner_customized_datasets', '--model_name_or_path', 'etri-lirs/egpt-1.3b-preview', '--output_dir', 'output/GNER/EAGLE-1B-supervised', '--run_name', 'train_eagle_1b_supervised-base', '--preprocessing_num_workers', '4', '--per_device_eval_batch_size', '8', '--per_device_train_batch_size', '8', '--gradient_accumulation_steps', '4', '--gradient_checkpointing', 'True', '--bf16', 'True', '--tf32', 'True', '--lr_scheduler_type', 'cosine', '--learning_rate', '2e-05', '--warmup_ratio', '0.04', '--weight_decay', '0.', '--max_source_length', '640', '--max_target_length', '640', '--generation_max_length', '1280', '--num_train_epochs', '0.5', '--logging_strategy', 'steps', '--logging_steps', '10', '--eval_strategy', 'epoch', '--save_strategy', 'epoch', '--overwrite_output_dir', '--overwrite_cache', '--seed', '1234', '--deepspeed', 'configs/deepspeed_configs/deepspeed_zero1_llama.json']
[2025-01-10 15:52:39,763] [INFO] [launch.py:253:main] process 1000882 spawned with command: ['/raid/chrisjihee/miniforge3/envs/DeepKNLP/bin/python', '-u', 'task2-nerG-trainer1.py', '--local_rank=4', '--do_train', '--do_eval', '--predict_with_generate', '--train_json_dir', 'data/gner/zero-shot-train.jsonl', '--valid_json_dir', 'data/gner/zero-shot-test-min.jsonl', '--no_load_gner_customized_datasets', '--model_name_or_path', 'etri-lirs/egpt-1.3b-preview', '--output_dir', 'output/GNER/EAGLE-1B-supervised', '--run_name', 'train_eagle_1b_supervised-base', '--preprocessing_num_workers', '4', '--per_device_eval_batch_size', '8', '--per_device_train_batch_size', '8', '--gradient_accumulation_steps', '4', '--gradient_checkpointing', 'True', '--bf16', 'True', '--tf32', 'True', '--lr_scheduler_type', 'cosine', '--learning_rate', '2e-05', '--warmup_ratio', '0.04', '--weight_decay', '0.', '--max_source_length', '640', '--max_target_length', '640', '--generation_max_length', '1280', '--num_train_epochs', '0.5', '--logging_strategy', 'steps', '--logging_steps', '10', '--eval_strategy', 'epoch', '--save_strategy', 'epoch', '--overwrite_output_dir', '--overwrite_cache', '--seed', '1234', '--deepspeed', 'configs/deepspeed_configs/deepspeed_zero1_llama.json']
[2025-01-10 15:52:39,764] [INFO] [launch.py:253:main] process 1000883 spawned with command: ['/raid/chrisjihee/miniforge3/envs/DeepKNLP/bin/python', '-u', 'task2-nerG-trainer1.py', '--local_rank=5', '--do_train', '--do_eval', '--predict_with_generate', '--train_json_dir', 'data/gner/zero-shot-train.jsonl', '--valid_json_dir', 'data/gner/zero-shot-test-min.jsonl', '--no_load_gner_customized_datasets', '--model_name_or_path', 'etri-lirs/egpt-1.3b-preview', '--output_dir', 'output/GNER/EAGLE-1B-supervised', '--run_name', 'train_eagle_1b_supervised-base', '--preprocessing_num_workers', '4', '--per_device_eval_batch_size', '8', '--per_device_train_batch_size', '8', '--gradient_accumulation_steps', '4', '--gradient_checkpointing', 'True', '--bf16', 'True', '--tf32', 'True', '--lr_scheduler_type', 'cosine', '--learning_rate', '2e-05', '--warmup_ratio', '0.04', '--weight_decay', '0.', '--max_source_length', '640', '--max_target_length', '640', '--generation_max_length', '1280', '--num_train_epochs', '0.5', '--logging_strategy', 'steps', '--logging_steps', '10', '--eval_strategy', 'epoch', '--save_strategy', 'epoch', '--overwrite_output_dir', '--overwrite_cache', '--seed', '1234', '--deepspeed', 'configs/deepspeed_configs/deepspeed_zero1_llama.json']
[2025-01-10 15:52:39,764] [INFO] [launch.py:253:main] process 1000884 spawned with command: ['/raid/chrisjihee/miniforge3/envs/DeepKNLP/bin/python', '-u', 'task2-nerG-trainer1.py', '--local_rank=6', '--do_train', '--do_eval', '--predict_with_generate', '--train_json_dir', 'data/gner/zero-shot-train.jsonl', '--valid_json_dir', 'data/gner/zero-shot-test-min.jsonl', '--no_load_gner_customized_datasets', '--model_name_or_path', 'etri-lirs/egpt-1.3b-preview', '--output_dir', 'output/GNER/EAGLE-1B-supervised', '--run_name', 'train_eagle_1b_supervised-base', '--preprocessing_num_workers', '4', '--per_device_eval_batch_size', '8', '--per_device_train_batch_size', '8', '--gradient_accumulation_steps', '4', '--gradient_checkpointing', 'True', '--bf16', 'True', '--tf32', 'True', '--lr_scheduler_type', 'cosine', '--learning_rate', '2e-05', '--warmup_ratio', '0.04', '--weight_decay', '0.', '--max_source_length', '640', '--max_target_length', '640', '--generation_max_length', '1280', '--num_train_epochs', '0.5', '--logging_strategy', 'steps', '--logging_steps', '10', '--eval_strategy', 'epoch', '--save_strategy', 'epoch', '--overwrite_output_dir', '--overwrite_cache', '--seed', '1234', '--deepspeed', 'configs/deepspeed_configs/deepspeed_zero1_llama.json']
[2025-01-10 15:52:39,765] [INFO] [launch.py:253:main] process 1000885 spawned with command: ['/raid/chrisjihee/miniforge3/envs/DeepKNLP/bin/python', '-u', 'task2-nerG-trainer1.py', '--local_rank=7', '--do_train', '--do_eval', '--predict_with_generate', '--train_json_dir', 'data/gner/zero-shot-train.jsonl', '--valid_json_dir', 'data/gner/zero-shot-test-min.jsonl', '--no_load_gner_customized_datasets', '--model_name_or_path', 'etri-lirs/egpt-1.3b-preview', '--output_dir', 'output/GNER/EAGLE-1B-supervised', '--run_name', 'train_eagle_1b_supervised-base', '--preprocessing_num_workers', '4', '--per_device_eval_batch_size', '8', '--per_device_train_batch_size', '8', '--gradient_accumulation_steps', '4', '--gradient_checkpointing', 'True', '--bf16', 'True', '--tf32', 'True', '--lr_scheduler_type', 'cosine', '--learning_rate', '2e-05', '--warmup_ratio', '0.04', '--weight_decay', '0.', '--max_source_length', '640', '--max_target_length', '640', '--generation_max_length', '1280', '--num_train_epochs', '0.5', '--logging_strategy', 'steps', '--logging_steps', '10', '--eval_strategy', 'epoch', '--save_strategy', 'epoch', '--overwrite_output_dir', '--overwrite_cache', '--seed', '1234', '--deepspeed', 'configs/deepspeed_configs/deepspeed_zero1_llama.json']
[2025-01-10 15:52:51,098] [INFO] [real_accelerator.py:191:get_accelerator] Setting ds_accelerator to cuda (auto detect)
[2025-01-10 15:52:51,127] [INFO] [real_accelerator.py:191:get_accelerator] Setting ds_accelerator to cuda (auto detect)
[2025-01-10 15:52:51,255] [INFO] [comm.py:637:init_distributed] cdb=None
[2025-01-10 15:52:51,255] [INFO] [comm.py:668:init_distributed] Initializing TorchBackend in DeepSpeed with backend nccl
[2025-01-10 15:52:51,272] [INFO] [real_accelerator.py:191:get_accelerator] Setting ds_accelerator to cuda (auto detect)
[2025-01-10 15:52:51,285] [INFO] [real_accelerator.py:191:get_accelerator] Setting ds_accelerator to cuda (auto detect)
[2025-01-10 15:52:51,285] [INFO] [comm.py:637:init_distributed] cdb=None
[2025-01-10 15:52:51,292] [INFO] [real_accelerator.py:191:get_accelerator] Setting ds_accelerator to cuda (auto detect)
[2025-01-10 15:52:51,297] [INFO] [real_accelerator.py:191:get_accelerator] Setting ds_accelerator to cuda (auto detect)
[2025-01-10 15:52:51,307] [INFO] [real_accelerator.py:191:get_accelerator] Setting ds_accelerator to cuda (auto detect)
[2025-01-10 15:52:51,315] [INFO] [real_accelerator.py:191:get_accelerator] Setting ds_accelerator to cuda (auto detect)
[2025-01-10 15:52:51,431] [INFO] [comm.py:637:init_distributed] cdb=None
[2025-01-10 15:52:51,455] [INFO] [comm.py:637:init_distributed] cdb=None
[2025-01-10 15:52:51,456] [INFO] [comm.py:637:init_distributed] cdb=None
[2025-01-10 15:52:51,459] [INFO] [comm.py:637:init_distributed] cdb=None
Using the `WANDB_DISABLED` environment variable is deprecated and will be removed in v5. Use the --report_to flag to control the integrations used for logging result (for instance --report_to none).
01/10/2025 15:52:51 - WARNING - __main__ - Process rank: 5, device: cuda:5, n_gpu: 1, distributed training: True, 16-bits training: True
[2025-01-10 15:52:51,478] [INFO] [comm.py:637:init_distributed] cdb=None
[2025-01-10 15:52:51,483] [INFO] [comm.py:637:init_distributed] cdb=None
Using the `WANDB_DISABLED` environment variable is deprecated and will be removed in v5. Use the --report_to flag to control the integrations used for logging result (for instance --report_to none).
Using the `WANDB_DISABLED` environment variable is deprecated and will be removed in v5. Use the --report_to flag to control the integrations used for logging result (for instance --report_to none).
01/10/2025 15:52:51 - WARNING - __main__ - Process rank: 6, device: cuda:6, n_gpu: 1, distributed training: True, 16-bits training: True
01/10/2025 15:52:51 - WARNING - __main__ - Process rank: 4, device: cuda:4, n_gpu: 1, distributed training: True, 16-bits training: True
Using the `WANDB_DISABLED` environment variable is deprecated and will be removed in v5. Use the --report_to flag to control the integrations used for logging result (for instance --report_to none).
01/10/2025 15:52:51 - WARNING - __main__ - Process rank: 7, device: cuda:7, n_gpu: 1, distributed training: True, 16-bits training: True
Using the `WANDB_DISABLED` environment variable is deprecated and will be removed in v5. Use the --report_to flag to control the integrations used for logging result (for instance --report_to none).
Using the `WANDB_DISABLED` environment variable is deprecated and will be removed in v5. Use the --report_to flag to control the integrations used for logging result (for instance --report_to none).
01/10/2025 15:52:51 - WARNING - __main__ - Process rank: 3, device: cuda:3, n_gpu: 1, distributed training: True, 16-bits training: True
01/10/2025 15:52:51 - WARNING - __main__ - Process rank: 2, device: cuda:2, n_gpu: 1, distributed training: True, 16-bits training: True
Using the `WANDB_DISABLED` environment variable is deprecated and will be removed in v5. Use the --report_to flag to control the integrations used for logging result (for instance --report_to none).
01/10/2025 15:52:51 - WARNING - __main__ - Process rank: 0, device: cuda:0, n_gpu: 1, distributed training: True, 16-bits training: True
01/10/2025 15:52:51 - INFO - __main__ - Training/evaluation parameters Seq2SeqTrainingArguments(
_n_gpu=1,
accelerator_config={'split_batches': False, 'dispatch_batches': None, 'even_batches': True, 'use_seedable_sampler': True, 'non_blocking': False, 'gradient_accumulation_kwargs': None, 'use_configured_state': False},
adafactor=False,
adam_beta1=0.9,
adam_beta2=0.999,
adam_epsilon=1e-08,
auto_find_batch_size=False,
average_tokens_across_devices=False,
batch_eval_metrics=False,
bf16=True,
bf16_full_eval=False,
data_seed=None,
dataloader_drop_last=False,
dataloader_num_workers=0,
dataloader_persistent_workers=False,
dataloader_pin_memory=True,
dataloader_prefetch_factor=None,
ddp_backend=None,
ddp_broadcast_buffers=None,
ddp_bucket_cap_mb=None,
ddp_find_unused_parameters=None,
ddp_timeout=1800,
debug=[],
deepspeed=configs/deepspeed_configs/deepspeed_zero1_llama.json,
disable_tqdm=False,
dispatch_batches=None,
do_eval=True,
do_predict=False,
do_train=True,
eval_accumulation_steps=None,
eval_delay=0,
eval_do_concat_batches=True,
eval_on_start=False,
eval_steps=None,
eval_strategy=IntervalStrategy.EPOCH,
eval_use_gather_object=False,
evaluation_strategy=None,
fp16=False,
fp16_backend=auto,
fp16_full_eval=False,
fp16_opt_level=O1,
fsdp=[],
fsdp_config={'min_num_params': 0, 'xla': False, 'xla_fsdp_v2': False, 'xla_fsdp_grad_ckpt': False},
fsdp_min_num_params=0,
fsdp_transformer_layer_cls_to_wrap=None,
full_determinism=False,
generation_config=None,
generation_max_length=1280,
generation_num_beams=None,
gradient_accumulation_steps=4,
gradient_checkpointing=True,
gradient_checkpointing_kwargs=None,
greater_is_better=None,
group_by_length=False,
half_precision_backend=auto,
hub_always_push=False,
hub_model_id=None,
hub_private_repo=False,
hub_strategy=HubStrategy.EVERY_SAVE,
hub_token=<HUB_TOKEN>,
ignore_data_skip=False,
include_for_metrics=[],
include_inputs_for_metrics=False,
include_num_input_tokens_seen=False,
include_tokens_per_second=False,
jit_mode_eval=False,
label_names=None,
label_smoothing_factor=0.0,
learning_rate=2e-05,
length_column_name=length,
load_best_model_at_end=False,
local_rank=0,
log_level=passive,
log_level_replica=warning,
log_on_each_node=True,
logging_dir=output/GNER/EAGLE-1B-supervised/runs/Jan10_15-52-43_dgx-a100,
logging_first_step=False,
logging_nan_inf_filter=True,
logging_steps=10,
logging_strategy=IntervalStrategy.STEPS,
lr_scheduler_kwargs={},
lr_scheduler_type=SchedulerType.COSINE,
max_grad_norm=1.0,
max_steps=-1,
metric_for_best_model=None,
mp_parameters=,
neftune_noise_alpha=None,
no_cuda=False,
num_train_epochs=0.5,
optim=OptimizerNames.ADAMW_TORCH,
optim_args=None,
optim_target_modules=None,
output_dir=output/GNER/EAGLE-1B-supervised,
overwrite_output_dir=True,
past_index=-1,
per_device_eval_batch_size=8,
per_device_train_batch_size=8,
predict_with_generate=True,
prediction_loss_only=False,
push_to_hub=False,
push_to_hub_model_id=None,
push_to_hub_organization=None,
push_to_hub_token=<PUSH_TO_HUB_TOKEN>,
ray_scope=last,
remove_unused_columns=True,
report_to=['tensorboard'],
restore_callback_states_from_checkpoint=False,
resume_from_checkpoint=None,
run_name=train_eagle_1b_supervised-base,
save_on_each_node=False,
save_only_model=False,
save_safetensors=True,
save_steps=500,
save_strategy=IntervalStrategy.EPOCH,
save_total_limit=None,
seed=1234,
skip_memory_metrics=True,
sortish_sampler=False,
split_batches=None,
tf32=True,
torch_compile=False,
torch_compile_backend=None,
torch_compile_mode=None,
torch_empty_cache_steps=None,
torchdynamo=None,
tpu_metrics_debug=False,
tpu_num_cores=None,
use_cpu=False,
use_ipex=False,
use_legacy_prediction_loop=False,
use_liger_kernel=False,
use_mps_device=False,
warmup_ratio=0.04,
warmup_steps=0,
weight_decay=0.0,
)
Using the `WANDB_DISABLED` environment variable is deprecated and will be removed in v5. Use the --report_to flag to control the integrations used for logging result (for instance --report_to none).
01/10/2025 15:52:51 - WARNING - __main__ - Process rank: 1, device: cuda:1, n_gpu: 1, distributed training: True, 16-bits training: True
[INFO|configuration_utils.py:679] 2025-01-10 15:52:52,132 >> loading configuration file config.json from cache at /raid/chrisjihee/.cache/huggingface/hub/models--etri-lirs--egpt-1.3b-preview/snapshots/31d1b605e933486cad270e689434f64aaf4906d3/config.json
[INFO|configuration_utils.py:746] 2025-01-10 15:52:52,134 >> Model config GPTNeoXConfig {
  "_name_or_path": "etri-lirs/egpt-1.3b-preview",
  "architectures": [
    "GPTNeoXForCausalLM"
  ],
  "attention_bias": true,
  "attention_dropout": 0.0,
  "bos_token_id": 2,
  "classifier_dropout": 0.1,
  "eos_token_id": 2,
  "hidden_act": "gelu",
  "hidden_dropout": 0.0,
  "hidden_size": 2048,
  "initializer_range": 0.02,
  "intermediate_size": 8192,
  "layer_norm_eps": 1e-05,
  "max_position_embeddings": 2048,
  "model_type": "gpt_neox",
  "num_attention_heads": 16,
  "num_hidden_layers": 24,
  "partial_rotary_factor": 1.0,
  "rope_scaling": null,
  "rope_theta": 10000,
  "rotary_emb_base": 10000,
  "rotary_pct": 1.0,
  "tie_word_embeddings": false,
  "torch_dtype": "float16",
  "transformers_version": "4.46.3",
  "use_cache": true,
  "use_parallel_residual": false,
  "vocab_size": 32384
}

[INFO|tokenization_utils_base.py:2211] 2025-01-10 15:52:52,357 >> loading file tokenizer.model from cache at /raid/chrisjihee/.cache/huggingface/hub/models--etri-lirs--egpt-1.3b-preview/snapshots/31d1b605e933486cad270e689434f64aaf4906d3/tokenizer.model
[INFO|tokenization_utils_base.py:2211] 2025-01-10 15:52:52,357 >> loading file tokenizer.json from cache at None
[INFO|tokenization_utils_base.py:2211] 2025-01-10 15:52:52,357 >> loading file added_tokens.json from cache at None
[INFO|tokenization_utils_base.py:2211] 2025-01-10 15:52:52,357 >> loading file special_tokens_map.json from cache at /raid/chrisjihee/.cache/huggingface/hub/models--etri-lirs--egpt-1.3b-preview/snapshots/31d1b605e933486cad270e689434f64aaf4906d3/special_tokens_map.json
[INFO|tokenization_utils_base.py:2211] 2025-01-10 15:52:52,357 >> loading file tokenizer_config.json from cache at /raid/chrisjihee/.cache/huggingface/hub/models--etri-lirs--egpt-1.3b-preview/snapshots/31d1b605e933486cad270e689434f64aaf4906d3/tokenizer_config.json
[INFO|modeling_utils.py:3937] 2025-01-10 15:52:53,183 >> loading weights file pytorch_model.bin from cache at /raid/chrisjihee/.cache/huggingface/hub/models--etri-lirs--egpt-1.3b-preview/snapshots/31d1b605e933486cad270e689434f64aaf4906d3/pytorch_model.bin
[INFO|configuration_utils.py:1096] 2025-01-10 15:52:53,209 >> Generate config GenerationConfig {
  "bos_token_id": 2,
  "eos_token_id": 2
}

[INFO|safetensors_conversion.py:61] 2025-01-10 15:52:53,437 >> Attempting to create safetensors variant
[INFO|safetensors_conversion.py:24] 2025-01-10 15:52:54,209 >> Attempting to convert .bin model on the fly to safetensors.
[INFO|modeling_utils.py:4800] 2025-01-10 15:52:58,916 >> All model checkpoint weights were used when initializing GPTNeoXForCausalLM.

[INFO|modeling_utils.py:4808] 2025-01-10 15:52:58,923 >> All the weights of GPTNeoXForCausalLM were initialized from the model checkpoint at etri-lirs/egpt-1.3b-preview.
If your task is similar to the task the model of the checkpoint was trained on, you can already use GPTNeoXForCausalLM for predictions without further training.
[INFO|configuration_utils.py:1051] 2025-01-10 15:52:59,142 >> loading configuration file generation_config.json from cache at /raid/chrisjihee/.cache/huggingface/hub/models--etri-lirs--egpt-1.3b-preview/snapshots/31d1b605e933486cad270e689434f64aaf4906d3/generation_config.json
[INFO|configuration_utils.py:1096] 2025-01-10 15:52:59,142 >> Generate config GenerationConfig {
  "bos_token_id": 2,
  "eos_token_id": 2
}

Using custom data configuration default-bab2e02a90e2ed76
01/10/2025 15:52:59 - INFO - datasets.builder - Using custom data configuration default-bab2e02a90e2ed76
Loading Dataset Infos from /raid/chrisjihee/miniforge3/envs/DeepKNLP/lib/python3.12/site-packages/datasets/packaged_modules/json
01/10/2025 15:52:59 - INFO - datasets.info - Loading Dataset Infos from /raid/chrisjihee/miniforge3/envs/DeepKNLP/lib/python3.12/site-packages/datasets/packaged_modules/json
Overwrite dataset info from restored data version if exists.
01/10/2025 15:52:59 - INFO - datasets.builder - Overwrite dataset info from restored data version if exists.
Loading Dataset info from /raid/chrisjihee/.cache/huggingface/datasets/json/default-bab2e02a90e2ed76/0.0.0/f4e89e8750d5d5ffbef2c078bf0ddfedef29dc2faff52a6255cf513c05eb1092
01/10/2025 15:52:59 - INFO - datasets.info - Loading Dataset info from /raid/chrisjihee/.cache/huggingface/datasets/json/default-bab2e02a90e2ed76/0.0.0/f4e89e8750d5d5ffbef2c078bf0ddfedef29dc2faff52a6255cf513c05eb1092
Found cached dataset json (/raid/chrisjihee/.cache/huggingface/datasets/json/default-bab2e02a90e2ed76/0.0.0/f4e89e8750d5d5ffbef2c078bf0ddfedef29dc2faff52a6255cf513c05eb1092)
01/10/2025 15:52:59 - INFO - datasets.builder - Found cached dataset json (/raid/chrisjihee/.cache/huggingface/datasets/json/default-bab2e02a90e2ed76/0.0.0/f4e89e8750d5d5ffbef2c078bf0ddfedef29dc2faff52a6255cf513c05eb1092)
Loading Dataset info from /raid/chrisjihee/.cache/huggingface/datasets/json/default-bab2e02a90e2ed76/0.0.0/f4e89e8750d5d5ffbef2c078bf0ddfedef29dc2faff52a6255cf513c05eb1092
01/10/2025 15:52:59 - INFO - datasets.info - Loading Dataset info from /raid/chrisjihee/.cache/huggingface/datasets/json/default-bab2e02a90e2ed76/0.0.0/f4e89e8750d5d5ffbef2c078bf0ddfedef29dc2faff52a6255cf513c05eb1092
01/10/2025 15:52:59 - INFO - __main__ - Use data/gner/zero-shot-train.jsonl as train dataset, len(dataset) = 18135
01/10/2025 15:52:59 - INFO - __main__ - len(dataset) = 18135
Process #0 will write at /raid/chrisjihee/.cache/huggingface/datasets/json/default-bab2e02a90e2ed76/0.0.0/f4e89e8750d5d5ffbef2c078bf0ddfedef29dc2faff52a6255cf513c05eb1092/cache-e7f76df9c1ab4e17_00000_of_00004.arrow
01/10/2025 15:52:59 - INFO - datasets.arrow_dataset - Process #0 will write at /raid/chrisjihee/.cache/huggingface/datasets/json/default-bab2e02a90e2ed76/0.0.0/f4e89e8750d5d5ffbef2c078bf0ddfedef29dc2faff52a6255cf513c05eb1092/cache-e7f76df9c1ab4e17_00000_of_00004.arrow
Process #1 will write at /raid/chrisjihee/.cache/huggingface/datasets/json/default-bab2e02a90e2ed76/0.0.0/f4e89e8750d5d5ffbef2c078bf0ddfedef29dc2faff52a6255cf513c05eb1092/cache-e7f76df9c1ab4e17_00001_of_00004.arrow
01/10/2025 15:52:59 - INFO - datasets.arrow_dataset - Process #1 will write at /raid/chrisjihee/.cache/huggingface/datasets/json/default-bab2e02a90e2ed76/0.0.0/f4e89e8750d5d5ffbef2c078bf0ddfedef29dc2faff52a6255cf513c05eb1092/cache-e7f76df9c1ab4e17_00001_of_00004.arrow
Process #2 will write at /raid/chrisjihee/.cache/huggingface/datasets/json/default-bab2e02a90e2ed76/0.0.0/f4e89e8750d5d5ffbef2c078bf0ddfedef29dc2faff52a6255cf513c05eb1092/cache-e7f76df9c1ab4e17_00002_of_00004.arrow
01/10/2025 15:52:59 - INFO - datasets.arrow_dataset - Process #2 will write at /raid/chrisjihee/.cache/huggingface/datasets/json/default-bab2e02a90e2ed76/0.0.0/f4e89e8750d5d5ffbef2c078bf0ddfedef29dc2faff52a6255cf513c05eb1092/cache-e7f76df9c1ab4e17_00002_of_00004.arrow
Process #3 will write at /raid/chrisjihee/.cache/huggingface/datasets/json/default-bab2e02a90e2ed76/0.0.0/f4e89e8750d5d5ffbef2c078bf0ddfedef29dc2faff52a6255cf513c05eb1092/cache-e7f76df9c1ab4e17_00003_of_00004.arrow
01/10/2025 15:52:59 - INFO - datasets.arrow_dataset - Process #3 will write at /raid/chrisjihee/.cache/huggingface/datasets/json/default-bab2e02a90e2ed76/0.0.0/f4e89e8750d5d5ffbef2c078bf0ddfedef29dc2faff52a6255cf513c05eb1092/cache-e7f76df9c1ab4e17_00003_of_00004.arrow
Spawning 4 processes
01/10/2025 15:53:00 - INFO - datasets.arrow_dataset - Spawning 4 processes
Running tokenizer on train dataset (num_proc=4):   0%|                                                                                                                                                            | 0/18135 [00:00<?, ? examples/s]Caching processed dataset at /raid/chrisjihee/.cache/huggingface/datasets/json/default-bab2e02a90e2ed76/0.0.0/f4e89e8750d5d5ffbef2c078bf0ddfedef29dc2faff52a6255cf513c05eb1092/cache-e7f76df9c1ab4e17_00000_of_00004.arrow
01/10/2025 15:53:00 - INFO - datasets.arrow_dataset - Caching processed dataset at /raid/chrisjihee/.cache/huggingface/datasets/json/default-bab2e02a90e2ed76/0.0.0/f4e89e8750d5d5ffbef2c078bf0ddfedef29dc2faff52a6255cf513c05eb1092/cache-e7f76df9c1ab4e17_00000_of_00004.arrow
Caching processed dataset at /raid/chrisjihee/.cache/huggingface/datasets/json/default-bab2e02a90e2ed76/0.0.0/f4e89e8750d5d5ffbef2c078bf0ddfedef29dc2faff52a6255cf513c05eb1092/cache-e7f76df9c1ab4e17_00001_of_00004.arrow
01/10/2025 15:53:00 - INFO - datasets.arrow_dataset - Caching processed dataset at /raid/chrisjihee/.cache/huggingface/datasets/json/default-bab2e02a90e2ed76/0.0.0/f4e89e8750d5d5ffbef2c078bf0ddfedef29dc2faff52a6255cf513c05eb1092/cache-e7f76df9c1ab4e17_00001_of_00004.arrow
Running tokenizer on train dataset (num_proc=4):   0%|▎                                                                                                                                                 | 42/18135 [00:00<01:49, 164.88 examples/s]Caching processed dataset at /raid/chrisjihee/.cache/huggingface/datasets/json/default-bab2e02a90e2ed76/0.0.0/f4e89e8750d5d5ffbef2c078bf0ddfedef29dc2faff52a6255cf513c05eb1092/cache-e7f76df9c1ab4e17_00002_of_00004.arrow
01/10/2025 15:53:00 - INFO - datasets.arrow_dataset - Caching processed dataset at /raid/chrisjihee/.cache/huggingface/datasets/json/default-bab2e02a90e2ed76/0.0.0/f4e89e8750d5d5ffbef2c078bf0ddfedef29dc2faff52a6255cf513c05eb1092/cache-e7f76df9c1ab4e17_00002_of_00004.arrow
Caching processed dataset at /raid/chrisjihee/.cache/huggingface/datasets/json/default-bab2e02a90e2ed76/0.0.0/f4e89e8750d5d5ffbef2c078bf0ddfedef29dc2faff52a6255cf513c05eb1092/cache-e7f76df9c1ab4e17_00003_of_00004.arrow
01/10/2025 15:53:00 - INFO - datasets.arrow_dataset - Caching processed dataset at /raid/chrisjihee/.cache/huggingface/datasets/json/default-bab2e02a90e2ed76/0.0.0/f4e89e8750d5d5ffbef2c078bf0ddfedef29dc2faff52a6255cf513c05eb1092/cache-e7f76df9c1ab4e17_00003_of_00004.arrow
Running tokenizer on train dataset (num_proc=4): 100%|██████████████████████████████████████████████████████████████████████████████████████████████████████████████████████████████████████████████| 18135/18135 [00:04<00:00, 3800.83 examples/s]
Concatenating 4 shards
01/10/2025 15:53:05 - INFO - datasets.arrow_dataset - Concatenating 4 shards
Running tokenizer on train dataset (num_proc=4):   0%|▎                                                                                                                                                 | 43/18135 [00:00<01:50, 163.49 examples/s]Using custom data configuration default-cbfc9467ee23e983
01/10/2025 15:53:12 - INFO - datasets.builder - Using custom data configuration default-cbfc9467ee23e983
Loading Dataset Infos from /raid/chrisjihee/miniforge3/envs/DeepKNLP/lib/python3.12/site-packages/datasets/packaged_modules/json
01/10/2025 15:53:12 - INFO - datasets.info - Loading Dataset Infos from /raid/chrisjihee/miniforge3/envs/DeepKNLP/lib/python3.12/site-packages/datasets/packaged_modules/json
Overwrite dataset info from restored data version if exists.
01/10/2025 15:53:12 - INFO - datasets.builder - Overwrite dataset info from restored data version if exists.
Loading Dataset info from /raid/chrisjihee/.cache/huggingface/datasets/json/default-cbfc9467ee23e983/0.0.0/f4e89e8750d5d5ffbef2c078bf0ddfedef29dc2faff52a6255cf513c05eb1092
01/10/2025 15:53:12 - INFO - datasets.info - Loading Dataset info from /raid/chrisjihee/.cache/huggingface/datasets/json/default-cbfc9467ee23e983/0.0.0/f4e89e8750d5d5ffbef2c078bf0ddfedef29dc2faff52a6255cf513c05eb1092
Found cached dataset json (/raid/chrisjihee/.cache/huggingface/datasets/json/default-cbfc9467ee23e983/0.0.0/f4e89e8750d5d5ffbef2c078bf0ddfedef29dc2faff52a6255cf513c05eb1092)
01/10/2025 15:53:12 - INFO - datasets.builder - Found cached dataset json (/raid/chrisjihee/.cache/huggingface/datasets/json/default-cbfc9467ee23e983/0.0.0/f4e89e8750d5d5ffbef2c078bf0ddfedef29dc2faff52a6255cf513c05eb1092)
Loading Dataset info from /raid/chrisjihee/.cache/huggingface/datasets/json/default-cbfc9467ee23e983/0.0.0/f4e89e8750d5d5ffbef2c078bf0ddfedef29dc2faff52a6255cf513c05eb1092
01/10/2025 15:53:12 - INFO - datasets.info - Loading Dataset info from /raid/chrisjihee/.cache/huggingface/datasets/json/default-cbfc9467ee23e983/0.0.0/f4e89e8750d5d5ffbef2c078bf0ddfedef29dc2faff52a6255cf513c05eb1092
01/10/2025 15:53:12 - INFO - __main__ - Use data/gner/zero-shot-test-min.jsonl as valid dataset, len(dataset) = 65
Running tokenizer on train dataset (num_proc=4):   0%|▎                                                                                                                                                 | 42/18135 [00:00<01:56, 155.74 examples/s]Process #0 will write at /raid/chrisjihee/.cache/huggingface/datasets/json/default-cbfc9467ee23e983/0.0.0/f4e89e8750d5d5ffbef2c078bf0ddfedef29dc2faff52a6255cf513c05eb1092/cache-4d9bd157548b29e0_00000_of_00004.arrow
01/10/2025 15:53:12 - INFO - datasets.arrow_dataset - Process #0 will write at /raid/chrisjihee/.cache/huggingface/datasets/json/default-cbfc9467ee23e983/0.0.0/f4e89e8750d5d5ffbef2c078bf0ddfedef29dc2faff52a6255cf513c05eb1092/cache-4d9bd157548b29e0_00000_of_00004.arrow
Process #1 will write at /raid/chrisjihee/.cache/huggingface/datasets/json/default-cbfc9467ee23e983/0.0.0/f4e89e8750d5d5ffbef2c078bf0ddfedef29dc2faff52a6255cf513c05eb1092/cache-4d9bd157548b29e0_00001_of_00004.arrow
01/10/2025 15:53:12 - INFO - datasets.arrow_dataset - Process #1 will write at /raid/chrisjihee/.cache/huggingface/datasets/json/default-cbfc9467ee23e983/0.0.0/f4e89e8750d5d5ffbef2c078bf0ddfedef29dc2faff52a6255cf513c05eb1092/cache-4d9bd157548b29e0_00001_of_00004.arrow
Process #2 will write at /raid/chrisjihee/.cache/huggingface/datasets/json/default-cbfc9467ee23e983/0.0.0/f4e89e8750d5d5ffbef2c078bf0ddfedef29dc2faff52a6255cf513c05eb1092/cache-4d9bd157548b29e0_00002_of_00004.arrow
01/10/2025 15:53:12 - INFO - datasets.arrow_dataset - Process #2 will write at /raid/chrisjihee/.cache/huggingface/datasets/json/default-cbfc9467ee23e983/0.0.0/f4e89e8750d5d5ffbef2c078bf0ddfedef29dc2faff52a6255cf513c05eb1092/cache-4d9bd157548b29e0_00002_of_00004.arrow
Process #3 will write at /raid/chrisjihee/.cache/huggingface/datasets/json/default-cbfc9467ee23e983/0.0.0/f4e89e8750d5d5ffbef2c078bf0ddfedef29dc2faff52a6255cf513c05eb1092/cache-4d9bd157548b29e0_00003_of_00004.arrow
01/10/2025 15:53:12 - INFO - datasets.arrow_dataset - Process #3 will write at /raid/chrisjihee/.cache/huggingface/datasets/json/default-cbfc9467ee23e983/0.0.0/f4e89e8750d5d5ffbef2c078bf0ddfedef29dc2faff52a6255cf513c05eb1092/cache-4d9bd157548b29e0_00003_of_00004.arrow
Running tokenizer on train dataset (num_proc=4):  10%|██████████████                                                                                                                                 | 1784/18135 [00:00<00:04, 3580.64 examples/s]Spawning 4 processes
01/10/2025 15:53:12 - INFO - datasets.arrow_dataset - Spawning 4 processes
Running tokenizer on train dataset (num_proc=4):  15%|█████████████████████▏                                                                                                                         | 2684/18135 [00:00<00:03, 4034.70 examples/s]Caching processed dataset at /raid/chrisjihee/.cache/huggingface/datasets/json/default-cbfc9467ee23e983/0.0.0/f4e89e8750d5d5ffbef2c078bf0ddfedef29dc2faff52a6255cf513c05eb1092/cache-4d9bd157548b29e0_00000_of_00004.arrow
01/10/2025 15:53:12 - INFO - datasets.arrow_dataset - Caching processed dataset at /raid/chrisjihee/.cache/huggingface/datasets/json/default-cbfc9467ee23e983/0.0.0/f4e89e8750d5d5ffbef2c078bf0ddfedef29dc2faff52a6255cf513c05eb1092/cache-4d9bd157548b29e0_00000_of_00004.arrow
Running tokenizer on validation dataset (num_proc=4):  26%|█████████████████████████████████████▉                                                                                                           | 17/65 [00:00<00:00, 72.51 examples/s]Caching processed dataset at /raid/chrisjihee/.cache/huggingface/datasets/json/default-cbfc9467ee23e983/0.0.0/f4e89e8750d5d5ffbef2c078bf0ddfedef29dc2faff52a6255cf513c05eb1092/cache-4d9bd157548b29e0_00001_of_00004.arrow
01/10/2025 15:53:13 - INFO - datasets.arrow_dataset - Caching processed dataset at /raid/chrisjihee/.cache/huggingface/datasets/json/default-cbfc9467ee23e983/0.0.0/f4e89e8750d5d5ffbef2c078bf0ddfedef29dc2faff52a6255cf513c05eb1092/cache-4d9bd157548b29e0_00001_of_00004.arrow
Caching processed dataset at /raid/chrisjihee/.cache/huggingface/datasets/json/default-cbfc9467ee23e983/0.0.0/f4e89e8750d5d5ffbef2c078bf0ddfedef29dc2faff52a6255cf513c05eb1092/cache-4d9bd157548b29e0_00002_of_00004.arrow
01/10/2025 15:53:13 - INFO - datasets.arrow_dataset - Caching processed dataset at /raid/chrisjihee/.cache/huggingface/datasets/json/default-cbfc9467ee23e983/0.0.0/f4e89e8750d5d5ffbef2c078bf0ddfedef29dc2faff52a6255cf513c05eb1092/cache-4d9bd157548b29e0_00002_of_00004.arrow
Running tokenizer on train dataset (num_proc=4):  18%|█████████████████████████                                                                                                                      | 3180/18135 [00:00<00:03, 4175.12 examples/s]Caching processed dataset at /raid/chrisjihee/.cache/huggingface/datasets/json/default-cbfc9467ee23e983/0.0.0/f4e89e8750d5d5ffbef2c078bf0ddfedef29dc2faff52a6255cf513c05eb1092/cache-4d9bd157548b29e0_00003_of_00004.arrow
01/10/2025 15:53:13 - INFO - datasets.arrow_dataset - Caching processed dataset at /raid/chrisjihee/.cache/huggingface/datasets/json/default-cbfc9467ee23e983/0.0.0/f4e89e8750d5d5ffbef2c078bf0ddfedef29dc2faff52a6255cf513c05eb1092/cache-4d9bd157548b29e0_00003_of_00004.arrow
Running tokenizer on validation dataset (num_proc=4): 100%|█████████████████████████████████████████████████████████████████████████████████████████████████████████████████████████████████████████████████| 65/65 [00:00<00:00, 82.20 examples/s]
Running tokenizer on train dataset (num_proc=4):  30%|███████████████████████████████████████████▌                                                                                                   | 5528/18135 [00:01<00:03, 4167.58 examples/s]Concatenating 4 shards
01/10/2025 15:53:13 - INFO - datasets.arrow_dataset - Concatenating 4 shards
Running tokenizer on train dataset (num_proc=4): 100%|██████████████████████████████████████████████████████████████████████████████████████████████████████████████████████████████████████████████| 18135/18135 [00:04<00:00, 3775.15 examples/s]
Running tokenizer on train dataset (num_proc=4): 100%|██████████████████████████████████████████████████████████████████████████████████████████████████████████████████████████████████████████████| 18135/18135 [00:04<00:00, 3755.87 examples/s]
Running tokenizer on train dataset (num_proc=4): 100%|██████████████████████████████████████████████████████████████████████████████████████████████████████████████████████████████████████████████| 18135/18135 [00:04<00:00, 3670.45 examples/s]
Running tokenizer on train dataset (num_proc=4): 100%|██████████████████████████████████████████████████████████████████████████████████████████████████████████████████████████████████████████████| 18135/18135 [00:04<00:00, 3709.77 examples/s]
Running tokenizer on train dataset (num_proc=4): 100%|██████████████████████████████████████████████████████████████████████████████████████████████████████████████████████████████████████████████| 18135/18135 [00:04<00:00, 3638.20 examples/s]
Running tokenizer on train dataset (num_proc=4): 100%|██████████████████████████████████████████████████████████████████████████████████████████████████████████████████████████████████████████████| 18135/18135 [00:05<00:00, 3518.27 examples/s]
Running tokenizer on train dataset (num_proc=4): 100%|██████████████████████████████████████████████████████████████████████████████████████████████████████████████████████████████████████████████| 18135/18135 [00:05<00:00, 3470.78 examples/s]
[INFO|trainer.py:699] 2025-01-10 15:53:18,308 >> Using auto half precision backend
[2025-01-10 15:53:18,553] [INFO] [logging.py:96:log_dist] [Rank 0] DeepSpeed info: version=0.13.2, git-hash=unknown, git-branch=unknown
Running tokenizer on validation dataset (num_proc=4): 100%|████████████████████████████████████████████████████████████████████████████████████████████████████████████████████████████████████████████████| 65/65 [00:00<00:00, 111.01 examples/s]
Running tokenizer on validation dataset (num_proc=4): 100%|█████████████████████████████████████████████████████████████████████████████████████████████████████████████████████████████████████████████████| 65/65 [00:00<00:00, 99.25 examples/s]
Running tokenizer on validation dataset (num_proc=4): 100%|█████████████████████████████████████████████████████████████████████████████████████████████████████████████████████████████████████████████████| 65/65 [00:00<00:00, 98.01 examples/s]
Running tokenizer on validation dataset (num_proc=4): 100%|████████████████████████████████████████████████████████████████████████████████████████████████████████████████████████████████████████████████| 65/65 [00:00<00:00, 103.69 examples/s]
Running tokenizer on validation dataset (num_proc=4): 100%|█████████████████████████████████████████████████████████████████████████████████████████████████████████████████████████████████████████████████| 65/65 [00:00<00:00, 99.88 examples/s]
Running tokenizer on validation dataset (num_proc=4): 100%|█████████████████████████████████████████████████████████████████████████████████████████████████████████████████████████████████████████████████| 65/65 [00:00<00:00, 90.69 examples/s]
Running tokenizer on validation dataset (num_proc=4): 100%|████████████████████████████████████████████████████████████████████████████████████████████████████████████████████████████████████████████████| 65/65 [00:00<00:00, 100.32 examples/s]
[2025-01-10 15:53:35,828] [INFO] [logging.py:96:log_dist] [Rank 0] DeepSpeed Flops Profiler Enabled: False
/raid/chrisjihee/miniforge3/envs/DeepKNLP/lib/python3.12/site-packages/deepspeed/ops/adam/fused_adam.py:96: UserWarning: The torch.cuda.*DtypeTensor constructors are no longer recommended. It's best to use methods such as torch.tensor(data, dtype=*, device='cuda') to create tensors. (Triggered internally at ../torch/csrc/tensor/python_tensor.cpp:78.)
  self._dummy_overflow_buf = get_accelerator().IntTensor([0])
[2025-01-10 15:53:35,833] [INFO] [logging.py:96:log_dist] [Rank 0] Using DeepSpeed Optimizer param name adamw as basic optimizer
[2025-01-10 15:53:35,834] [INFO] [logging.py:96:log_dist] [Rank 0] Removing param_group that has no 'params' in the basic Optimizer
/raid/chrisjihee/miniforge3/envs/DeepKNLP/lib/python3.12/site-packages/deepspeed/ops/adam/fused_adam.py:96: UserWarning: The torch.cuda.*DtypeTensor constructors are no longer recommended. It's best to use methods such as torch.tensor(data, dtype=*, device='cuda') to create tensors. (Triggered internally at ../torch/csrc/tensor/python_tensor.cpp:78.)
  self._dummy_overflow_buf = get_accelerator().IntTensor([0])
/raid/chrisjihee/miniforge3/envs/DeepKNLP/lib/python3.12/site-packages/deepspeed/ops/adam/fused_adam.py:96: UserWarning: The torch.cuda.*DtypeTensor constructors are no longer recommended. It's best to use methods such as torch.tensor(data, dtype=*, device='cuda') to create tensors. (Triggered internally at ../torch/csrc/tensor/python_tensor.cpp:78.)
  self._dummy_overflow_buf = get_accelerator().IntTensor([0])
/raid/chrisjihee/miniforge3/envs/DeepKNLP/lib/python3.12/site-packages/deepspeed/ops/adam/fused_adam.py:96: UserWarning: The torch.cuda.*DtypeTensor constructors are no longer recommended. It's best to use methods such as torch.tensor(data, dtype=*, device='cuda') to create tensors. (Triggered internally at ../torch/csrc/tensor/python_tensor.cpp:78.)
  self._dummy_overflow_buf = get_accelerator().IntTensor([0])
/raid/chrisjihee/miniforge3/envs/DeepKNLP/lib/python3.12/site-packages/deepspeed/ops/adam/fused_adam.py:96: UserWarning: The torch.cuda.*DtypeTensor constructors are no longer recommended. It's best to use methods such as torch.tensor(data, dtype=*, device='cuda') to create tensors. (Triggered internally at ../torch/csrc/tensor/python_tensor.cpp:78.)
  self._dummy_overflow_buf = get_accelerator().IntTensor([0])
/raid/chrisjihee/miniforge3/envs/DeepKNLP/lib/python3.12/site-packages/deepspeed/ops/adam/fused_adam.py:96: UserWarning: The torch.cuda.*DtypeTensor constructors are no longer recommended. It's best to use methods such as torch.tensor(data, dtype=*, device='cuda') to create tensors. (Triggered internally at ../torch/csrc/tensor/python_tensor.cpp:78.)
  self._dummy_overflow_buf = get_accelerator().IntTensor([0])
/raid/chrisjihee/miniforge3/envs/DeepKNLP/lib/python3.12/site-packages/deepspeed/ops/adam/fused_adam.py:96: UserWarning: The torch.cuda.*DtypeTensor constructors are no longer recommended. It's best to use methods such as torch.tensor(data, dtype=*, device='cuda') to create tensors. (Triggered internally at ../torch/csrc/tensor/python_tensor.cpp:78.)
  self._dummy_overflow_buf = get_accelerator().IntTensor([0])
/raid/chrisjihee/miniforge3/envs/DeepKNLP/lib/python3.12/site-packages/deepspeed/ops/adam/fused_adam.py:96: UserWarning: The torch.cuda.*DtypeTensor constructors are no longer recommended. It's best to use methods such as torch.tensor(data, dtype=*, device='cuda') to create tensors. (Triggered internally at ../torch/csrc/tensor/python_tensor.cpp:78.)
  self._dummy_overflow_buf = get_accelerator().IntTensor([0])
[2025-01-10 15:53:35,842] [INFO] [logging.py:96:log_dist] [Rank 0] DeepSpeed Basic Optimizer = FusedAdam
[2025-01-10 15:53:35,842] [INFO] [utils.py:56:is_zero_supported_optimizer] Checking ZeRO support for optimizer=FusedAdam type=<class 'deepspeed.ops.adam.fused_adam.FusedAdam'>
[2025-01-10 15:53:35,842] [INFO] [logging.py:96:log_dist] [Rank 0] Creating torch.bfloat16 ZeRO stage 1 optimizer
[2025-01-10 15:53:35,842] [INFO] [stage_1_and_2.py:149:__init__] Reduce bucket size 200000000
[2025-01-10 15:53:35,842] [INFO] [stage_1_and_2.py:150:__init__] Allgather bucket size 200000000
[2025-01-10 15:53:35,842] [INFO] [stage_1_and_2.py:151:__init__] CPU Offload: False
[2025-01-10 15:53:35,843] [INFO] [stage_1_and_2.py:152:__init__] Round robin gradient partitioning: False
[WARNING|logging.py:328] 2025-01-10 15:53:45,075 >> `use_cache=True` is incompatible with gradient checkpointing. Setting `use_cache=False`...
[WARNING|logging.py:328] 2025-01-10 15:53:45,123 >> `use_cache=True` is incompatible with gradient checkpointing. Setting `use_cache=False`...
[WARNING|logging.py:328] 2025-01-10 15:53:45,402 >> `use_cache=True` is incompatible with gradient checkpointing. Setting `use_cache=False`...
[WARNING|logging.py:328] 2025-01-10 15:53:46,254 >> `use_cache=True` is incompatible with gradient checkpointing. Setting `use_cache=False`...
[2025-01-10 15:53:46,340] [INFO] [utils.py:800:see_memory_usage] Before initializing optimizer states
[2025-01-10 15:53:46,341] [INFO] [utils.py:801:see_memory_usage] MA 3.22 GB         Max_MA 3.53 GB         CA 3.71 GB         Max_CA 4 GB
[2025-01-10 15:53:46,341] [INFO] [utils.py:808:see_memory_usage] CPU Virtual Memory:  used = 51.16 GB, percent = 5.1%
[2025-01-10 15:53:47,369] [INFO] [utils.py:800:see_memory_usage] After initializing optimizer states
[2025-01-10 15:53:47,370] [INFO] [utils.py:801:see_memory_usage] MA 3.22 GB         Max_MA 3.84 GB         CA 4.34 GB         Max_CA 4 GB
[2025-01-10 15:53:47,370] [INFO] [utils.py:808:see_memory_usage] CPU Virtual Memory:  used = 46.14 GB, percent = 4.6%
[2025-01-10 15:53:47,370] [INFO] [stage_1_and_2.py:539:__init__] optimizer state initialized
[2025-01-10 15:53:47,484] [INFO] [utils.py:800:see_memory_usage] After initializing ZeRO optimizer
[2025-01-10 15:53:47,485] [INFO] [utils.py:801:see_memory_usage] MA 3.22 GB         Max_MA 3.22 GB         CA 4.34 GB         Max_CA 4 GB
[2025-01-10 15:53:47,485] [INFO] [utils.py:808:see_memory_usage] CPU Virtual Memory:  used = 46.14 GB, percent = 4.6%
[2025-01-10 15:53:47,486] [INFO] [logging.py:96:log_dist] [Rank 0] DeepSpeed Final Optimizer = adamw
[2025-01-10 15:53:47,486] [INFO] [logging.py:96:log_dist] [Rank 0] DeepSpeed using configured LR scheduler = WarmupDecayLR
[2025-01-10 15:53:47,486] [INFO] [logging.py:96:log_dist] [Rank 0] DeepSpeed LR Scheduler = <deepspeed.runtime.lr_schedules.WarmupDecayLR object at 0x7f7591257bc0>
[2025-01-10 15:53:47,486] [INFO] [logging.py:96:log_dist] [Rank 0] step=0, skipped=0, lr=[2e-05], mom=[[0.9, 0.999]]
[2025-01-10 15:53:47,487] [INFO] [config.py:987:print] DeepSpeedEngine configuration:
[2025-01-10 15:53:47,487] [INFO] [config.py:991:print]   activation_checkpointing_config  {
    "partition_activations": false,
    "contiguous_memory_optimization": false,
    "cpu_checkpointing": false,
    "number_checkpoints": null,
    "synchronize_checkpoint_boundary": false,
    "profile": false
}
[2025-01-10 15:53:47,487] [INFO] [config.py:991:print]   aio_config ................... {'block_size': 1048576, 'queue_depth': 8, 'thread_count': 1, 'single_submit': False, 'overlap_events': True}
[2025-01-10 15:53:47,487] [INFO] [config.py:991:print]   amp_enabled .................. False
[2025-01-10 15:53:47,487] [INFO] [config.py:991:print]   amp_params ................... False
[2025-01-10 15:53:47,488] [INFO] [config.py:991:print]   autotuning_config ............ {
    "enabled": false,
    "start_step": null,
    "end_step": null,
    "metric_path": null,
    "arg_mappings": null,
    "metric": "throughput",
    "model_info": null,
    "results_dir": "autotuning_results",
    "exps_dir": "autotuning_exps",
    "overwrite": true,
    "fast": true,
    "start_profile_step": 3,
    "end_profile_step": 5,
    "tuner_type": "gridsearch",
    "tuner_early_stopping": 5,
    "tuner_num_trials": 50,
    "model_info_path": null,
    "mp_size": 1,
    "max_train_batch_size": null,
    "min_train_batch_size": 1,
    "max_train_micro_batch_size_per_gpu": 1.024000e+03,
    "min_train_micro_batch_size_per_gpu": 1,
    "num_tuning_micro_batch_sizes": 3
}
[2025-01-10 15:53:47,488] [INFO] [config.py:991:print]   bfloat16_enabled ............. True
[2025-01-10 15:53:47,488] [INFO] [config.py:991:print]   checkpoint_parallel_write_pipeline  False
[2025-01-10 15:53:47,488] [INFO] [config.py:991:print]   checkpoint_tag_validation_enabled  True
[2025-01-10 15:53:47,488] [INFO] [config.py:991:print]   checkpoint_tag_validation_fail  False
[2025-01-10 15:53:47,488] [INFO] [config.py:991:print]   comms_config ................. <deepspeed.comm.config.DeepSpeedCommsConfig object at 0x7f75915b03e0>
[2025-01-10 15:53:47,488] [INFO] [config.py:991:print]   communication_data_type ...... None
[2025-01-10 15:53:47,488] [INFO] [config.py:991:print]   compile_config ............... enabled=False backend='inductor' kwargs={}
[2025-01-10 15:53:47,488] [INFO] [config.py:991:print]   compression_config ........... {'weight_quantization': {'shared_parameters': {'enabled': False, 'quantizer_kernel': False, 'schedule_offset': 0, 'quantize_groups': 1, 'quantize_verbose': False, 'quantization_type': 'symmetric', 'quantize_weight_in_forward': False, 'rounding': 'nearest', 'fp16_mixed_quantize': False, 'quantize_change_ratio': 0.001}, 'different_groups': {}}, 'activation_quantization': {'shared_parameters': {'enabled': False, 'quantization_type': 'symmetric', 'range_calibration': 'dynamic', 'schedule_offset': 1000}, 'different_groups': {}}, 'sparse_pruning': {'shared_parameters': {'enabled': False, 'method': 'l1', 'schedule_offset': 1000}, 'different_groups': {}}, 'row_pruning': {'shared_parameters': {'enabled': False, 'method': 'l1', 'schedule_offset': 1000}, 'different_groups': {}}, 'head_pruning': {'shared_parameters': {'enabled': False, 'method': 'topk', 'schedule_offset': 1000}, 'different_groups': {}}, 'channel_pruning': {'shared_parameters': {'enabled': False, 'method': 'l1', 'schedule_offset': 1000}, 'different_groups': {}}, 'layer_reduction': {'enabled': False}}
[2025-01-10 15:53:47,488] [INFO] [config.py:991:print]   curriculum_enabled_legacy .... False
[2025-01-10 15:53:47,488] [INFO] [config.py:991:print]   curriculum_params_legacy ..... False
[2025-01-10 15:53:47,488] [INFO] [config.py:991:print]   data_efficiency_config ....... {'enabled': False, 'seed': 1234, 'data_sampling': {'enabled': False, 'num_epochs': 1000, 'num_workers': 0, 'curriculum_learning': {'enabled': False}}, 'data_routing': {'enabled': False, 'random_ltd': {'enabled': False, 'layer_token_lr_schedule': {'enabled': False}}}}
[2025-01-10 15:53:47,488] [INFO] [config.py:991:print]   data_efficiency_enabled ...... False
[2025-01-10 15:53:47,488] [INFO] [config.py:991:print]   dataloader_drop_last ......... False
[2025-01-10 15:53:47,488] [INFO] [config.py:991:print]   disable_allgather ............ False
[2025-01-10 15:53:47,488] [INFO] [config.py:991:print]   dump_state ................... False
[2025-01-10 15:53:47,488] [INFO] [config.py:991:print]   dynamic_loss_scale_args ...... None
[2025-01-10 15:53:47,488] [INFO] [config.py:991:print]   eigenvalue_enabled ........... False
[2025-01-10 15:53:47,488] [INFO] [config.py:991:print]   eigenvalue_gas_boundary_resolution  1
[2025-01-10 15:53:47,488] [INFO] [config.py:991:print]   eigenvalue_layer_name ........ bert.encoder.layer
[2025-01-10 15:53:47,488] [INFO] [config.py:991:print]   eigenvalue_layer_num ......... 0
[2025-01-10 15:53:47,488] [INFO] [config.py:991:print]   eigenvalue_max_iter .......... 100
[2025-01-10 15:53:47,488] [INFO] [config.py:991:print]   eigenvalue_stability ......... 1e-06
[2025-01-10 15:53:47,488] [INFO] [config.py:991:print]   eigenvalue_tol ............... 0.01
[2025-01-10 15:53:47,488] [INFO] [config.py:991:print]   eigenvalue_verbose ........... False
[2025-01-10 15:53:47,488] [INFO] [config.py:991:print]   elasticity_enabled ........... False
[2025-01-10 15:53:47,488] [INFO] [config.py:991:print]   flops_profiler_config ........ {
    "enabled": false,
    "recompute_fwd_factor": 0.0,
    "profile_step": 1,
    "module_depth": -1,
    "top_modules": 1,
    "detailed": true,
    "output_file": null
}
[2025-01-10 15:53:47,488] [INFO] [config.py:991:print]   fp16_auto_cast ............... None
[2025-01-10 15:53:47,488] [INFO] [config.py:991:print]   fp16_enabled ................. False
[2025-01-10 15:53:47,488] [INFO] [config.py:991:print]   fp16_master_weights_and_gradients  False
[2025-01-10 15:53:47,488] [INFO] [config.py:991:print]   global_rank .................. 0
[2025-01-10 15:53:47,488] [INFO] [config.py:991:print]   grad_accum_dtype ............. None
[2025-01-10 15:53:47,488] [INFO] [config.py:991:print]   gradient_accumulation_steps .. 4
[2025-01-10 15:53:47,488] [INFO] [config.py:991:print]   gradient_clipping ............ 1.0
[2025-01-10 15:53:47,488] [INFO] [config.py:991:print]   gradient_predivide_factor .... 1.0
[2025-01-10 15:53:47,488] [INFO] [config.py:991:print]   graph_harvesting ............. False
[2025-01-10 15:53:47,488] [INFO] [config.py:991:print]   hybrid_engine ................ enabled=False max_out_tokens=512 inference_tp_size=1 release_inference_cache=False pin_parameters=True tp_gather_partition_size=8
[2025-01-10 15:53:47,488] [INFO] [config.py:991:print]   initial_dynamic_scale ........ 1
[2025-01-10 15:53:47,488] [INFO] [config.py:991:print]   load_universal_checkpoint .... False
[2025-01-10 15:53:47,488] [INFO] [config.py:991:print]   loss_scale ................... 1.0
[2025-01-10 15:53:47,488] [INFO] [config.py:991:print]   memory_breakdown ............. False
[2025-01-10 15:53:47,489] [INFO] [config.py:991:print]   mics_hierarchial_params_gather  False
[2025-01-10 15:53:47,489] [INFO] [config.py:991:print]   mics_shard_size .............. -1
[2025-01-10 15:53:47,489] [INFO] [config.py:991:print]   monitor_config ............... tensorboard=TensorBoardConfig(enabled=False, output_path='', job_name='DeepSpeedJobName') wandb=WandbConfig(enabled=False, group=None, team=None, project='deepspeed') csv_monitor=CSVConfig(enabled=False, output_path='', job_name='DeepSpeedJobName') enabled=False
[2025-01-10 15:53:47,489] [INFO] [config.py:991:print]   nebula_config ................ {
    "enabled": false,
    "persistent_storage_path": null,
    "persistent_time_interval": 100,
    "num_of_version_in_retention": 2,
    "enable_nebula_load": true,
    "load_path": null
}
[2025-01-10 15:53:47,489] [INFO] [config.py:991:print]   optimizer_legacy_fusion ...... False
[2025-01-10 15:53:47,489] [INFO] [config.py:991:print]   optimizer_name ............... adamw
[2025-01-10 15:53:47,489] [INFO] [config.py:991:print]   optimizer_params ............. {'lr': 2e-05, 'betas': [0.9, 0.999], 'eps': 1e-08, 'weight_decay': 0.0}
[2025-01-10 15:53:47,489] [INFO] [config.py:991:print]   pipeline ..................... {'stages': 'auto', 'partition': 'best', 'seed_layers': False, 'activation_checkpoint_interval': 0, 'pipe_partitioned': True, 'grad_partitioned': True}
[2025-01-10 15:53:47,489] [INFO] [config.py:991:print]   pld_enabled .................. False
[2025-01-10 15:53:47,489] [INFO] [config.py:991:print]   pld_params ................... False
[2025-01-10 15:53:47,489] [INFO] [config.py:991:print]   prescale_gradients ........... False
[2025-01-10 15:53:47,489] [INFO] [config.py:991:print]   scheduler_name ............... WarmupDecayLR
[2025-01-10 15:53:47,489] [INFO] [config.py:991:print]   scheduler_params ............. {'warmup_min_lr': 0, 'warmup_max_lr': 2e-05, 'warmup_num_steps': 2, 'total_num_steps': 36}
[2025-01-10 15:53:47,489] [INFO] [config.py:991:print]   seq_parallel_communication_data_type  torch.float32
[2025-01-10 15:53:47,489] [INFO] [config.py:991:print]   sparse_attention ............. None
[2025-01-10 15:53:47,489] [INFO] [config.py:991:print]   sparse_gradients_enabled ..... False
[2025-01-10 15:53:47,489] [INFO] [config.py:991:print]   steps_per_print .............. inf
[2025-01-10 15:53:47,489] [INFO] [config.py:991:print]   train_batch_size ............. 256
[2025-01-10 15:53:47,489] [INFO] [config.py:991:print]   train_micro_batch_size_per_gpu  8
[2025-01-10 15:53:47,489] [INFO] [config.py:991:print]   use_data_before_expert_parallel_  False
[2025-01-10 15:53:47,489] [INFO] [config.py:991:print]   use_node_local_storage ....... False
[2025-01-10 15:53:47,489] [INFO] [config.py:991:print]   wall_clock_breakdown ......... False
[2025-01-10 15:53:47,489] [INFO] [config.py:991:print]   weight_quantization_config ... None
[2025-01-10 15:53:47,489] [INFO] [config.py:991:print]   world_size ................... 8
[2025-01-10 15:53:47,489] [INFO] [config.py:991:print]   zero_allow_untested_optimizer  False
[2025-01-10 15:53:47,489] [INFO] [config.py:991:print]   zero_config .................. stage=1 contiguous_gradients=True reduce_scatter=True reduce_bucket_size=200000000 use_multi_rank_bucket_allreduce=True allgather_partitions=True allgather_bucket_size=200000000 overlap_comm=True load_from_fp32_weights=True elastic_checkpoint=False offload_param=None offload_optimizer=None sub_group_size=1,000,000,000 cpu_offload_param=None cpu_offload_use_pin_memory=None cpu_offload=None prefetch_bucket_size=50,000,000 param_persistence_threshold=100,000 model_persistence_threshold=sys.maxsize max_live_parameters=1,000,000,000 max_reuse_distance=1,000,000,000 gather_16bit_weights_on_model_save=False stage3_gather_fp16_weights_on_model_save=False ignore_unused_parameters=True legacy_stage1=False round_robin_gradients=False zero_hpz_partition_size=1 zero_quantized_weights=False zero_quantized_nontrainable_weights=False zero_quantized_gradients=False mics_shard_size=-1 mics_hierarchical_params_gather=False memory_efficient_linear=True pipeline_loading_checkpoint=False override_module_apply=True
[2025-01-10 15:53:47,489] [INFO] [config.py:991:print]   zero_enabled ................. True
[2025-01-10 15:53:47,489] [INFO] [config.py:991:print]   zero_force_ds_cpu_optimizer .. True
[2025-01-10 15:53:47,489] [INFO] [config.py:991:print]   zero_optimization_stage ...... 1
[2025-01-10 15:53:47,489] [INFO] [config.py:977:print_user_config]   json = {
    "bf16": {
        "enabled": true
    },
    "optimizer": {
        "type": "AdamW",
        "params": {
            "lr": 2e-05,
            "betas": [0.9, 0.999],
            "eps": 1e-08,
            "weight_decay": 0.0
        }
    },
    "scheduler": {
        "type": "WarmupDecayLR",
        "params": {
            "warmup_min_lr": 0,
            "warmup_max_lr": 2e-05,
            "warmup_num_steps": 2,
            "total_num_steps": 36
        }
    },
    "zero_optimization": {
        "stage": 1,
        "allgather_partitions": true,
        "allgather_bucket_size": 2.000000e+08,
        "overlap_comm": true,
        "reduce_scatter": true,
        "reduce_bucket_size": 2.000000e+08,
        "contiguous_gradients": true
    },
    "gradient_accumulation_steps": 4,
    "gradient_clipping": 1.0,
    "train_batch_size": 256,
    "train_micro_batch_size_per_gpu": 8,
    "steps_per_print": inf,
    "fp16": {
        "enabled": false
    }
}
[INFO|trainer.py:2314] 2025-01-10 15:53:47,489 >> ***** Running training *****
[INFO|trainer.py:2315] 2025-01-10 15:53:47,489 >>   Num examples = 18,135
[INFO|trainer.py:2316] 2025-01-10 15:53:47,489 >>   Num Epochs = 1
[INFO|trainer.py:2317] 2025-01-10 15:53:47,489 >>   Instantaneous batch size per device = 8
[INFO|trainer.py:2320] 2025-01-10 15:53:47,490 >>   Total train batch size (w. parallel, distributed & accumulation) = 256
[INFO|trainer.py:2321] 2025-01-10 15:53:47,490 >>   Gradient Accumulation steps = 4
[INFO|trainer.py:2322] 2025-01-10 15:53:47,490 >>   Total optimization steps = 36
[INFO|trainer.py:2323] 2025-01-10 15:53:47,490 >>   Number of trainable parameters = 1,341,247,488
  0%|                                                                                                                                                                                                                       | 0/36 [00:00<?, ?it/s][WARNING|logging.py:328] 2025-01-10 15:53:47,521 >> `use_cache=True` is incompatible with gradient checkpointing. Setting `use_cache=False`...
[WARNING|logging.py:328] 2025-01-10 15:53:48,182 >> `use_cache=True` is incompatible with gradient checkpointing. Setting `use_cache=False`...
[WARNING|logging.py:328] 2025-01-10 15:53:48,195 >> `use_cache=True` is incompatible with gradient checkpointing. Setting `use_cache=False`...
[WARNING|logging.py:328] 2025-01-10 15:53:48,200 >> `use_cache=True` is incompatible with gradient checkpointing. Setting `use_cache=False`...
{'loss': 0.6651, 'grad_norm': 3.8645143508911133, 'learning_rate': 1.5882352941176473e-05, 'epoch': 0.14}
{'loss': 0.2144, 'grad_norm': 0.7307671308517456, 'learning_rate': 1e-05, 'epoch': 0.28}
{'loss': 0.0817, 'grad_norm': 0.5590643286705017, 'learning_rate': 4.11764705882353e-06, 'epoch': 0.42}
100%|██████████████████████████████████████████████████████████████████████████████████████████████████████████████████████████████████████████████████████████████████████████████████████████████████████████████| 36/36 [00:46<00:00,  1.10s/it][INFO|trainer.py:3812] 2025-01-10 15:54:34,570 >> Saving model checkpoint to output/GNER/EAGLE-1B-supervised/checkpoint-36
[INFO|configuration_utils.py:414] 2025-01-10 15:54:34,576 >> Configuration saved in output/GNER/EAGLE-1B-supervised/checkpoint-36/config.json
[INFO|configuration_utils.py:865] 2025-01-10 15:54:34,576 >> Configuration saved in output/GNER/EAGLE-1B-supervised/checkpoint-36/generation_config.json
[INFO|modeling_utils.py:3035] 2025-01-10 15:54:37,225 >> Model weights saved in output/GNER/EAGLE-1B-supervised/checkpoint-36/model.safetensors
[INFO|tokenization_utils_base.py:2646] 2025-01-10 15:54:37,226 >> tokenizer config file saved in output/GNER/EAGLE-1B-supervised/checkpoint-36/tokenizer_config.json
[INFO|tokenization_utils_base.py:2655] 2025-01-10 15:54:37,226 >> Special tokens file saved in output/GNER/EAGLE-1B-supervised/checkpoint-36/special_tokens_map.json
[2025-01-10 15:54:37,331] [INFO] [logging.py:96:log_dist] [Rank 0] [Torch] Checkpoint global_step36 is about to be saved!
/raid/chrisjihee/miniforge3/envs/DeepKNLP/lib/python3.12/site-packages/torch/nn/modules/module.py:1898: UserWarning: Positional args are being deprecated, use kwargs instead. Refer to https://pytorch.org/docs/master/generated/torch.nn.Module.html#torch.nn.Module.state_dict for details.
  warnings.warn(
/raid/chrisjihee/miniforge3/envs/DeepKNLP/lib/python3.12/site-packages/torch/nn/modules/module.py:1898: UserWarning: Positional args are being deprecated, use kwargs instead. Refer to https://pytorch.org/docs/master/generated/torch.nn.Module.html#torch.nn.Module.state_dict for details.
  warnings.warn(
/raid/chrisjihee/miniforge3/envs/DeepKNLP/lib/python3.12/site-packages/torch/nn/modules/module.py:1898: UserWarning: Positional args are being deprecated, use kwargs instead. Refer to https://pytorch.org/docs/master/generated/torch.nn.Module.html#torch.nn.Module.state_dict for details.
  warnings.warn(
/raid/chrisjihee/miniforge3/envs/DeepKNLP/lib/python3.12/site-packages/torch/nn/modules/module.py:1898: UserWarning: Positional args are being deprecated, use kwargs instead. Refer to https://pytorch.org/docs/master/generated/torch.nn.Module.html#torch.nn.Module.state_dict for details.
  warnings.warn(
/raid/chrisjihee/miniforge3/envs/DeepKNLP/lib/python3.12/site-packages/torch/nn/modules/module.py:1898: UserWarning: Positional args are being deprecated, use kwargs instead. Refer to https://pytorch.org/docs/master/generated/torch.nn.Module.html#torch.nn.Module.state_dict for details.
  warnings.warn(
/raid/chrisjihee/miniforge3/envs/DeepKNLP/lib/python3.12/site-packages/torch/nn/modules/module.py:1898: UserWarning: Positional args are being deprecated, use kwargs instead. Refer to https://pytorch.org/docs/master/generated/torch.nn.Module.html#torch.nn.Module.state_dict for details.
  warnings.warn(
/raid/chrisjihee/miniforge3/envs/DeepKNLP/lib/python3.12/site-packages/torch/nn/modules/module.py:1898: UserWarning: Positional args are being deprecated, use kwargs instead. Refer to https://pytorch.org/docs/master/generated/torch.nn.Module.html#torch.nn.Module.state_dict for details.
  warnings.warn(
/raid/chrisjihee/miniforge3/envs/DeepKNLP/lib/python3.12/site-packages/torch/nn/modules/module.py:1898: UserWarning: Positional args are being deprecated, use kwargs instead. Refer to https://pytorch.org/docs/master/generated/torch.nn.Module.html#torch.nn.Module.state_dict for details.
  warnings.warn(
[2025-01-10 15:54:37,344] [INFO] [logging.py:96:log_dist] [Rank 0] Saving model checkpoint: output/GNER/EAGLE-1B-supervised/checkpoint-36/global_step36/mp_rank_00_model_states.pt
[2025-01-10 15:54:37,344] [INFO] [torch_checkpoint_engine.py:21:save] [Torch] Saving output/GNER/EAGLE-1B-supervised/checkpoint-36/global_step36/mp_rank_00_model_states.pt...
[2025-01-10 15:54:40,918] [INFO] [torch_checkpoint_engine.py:23:save] [Torch] Saved output/GNER/EAGLE-1B-supervised/checkpoint-36/global_step36/mp_rank_00_model_states.pt.
[2025-01-10 15:54:40,921] [INFO] [torch_checkpoint_engine.py:21:save] [Torch] Saving output/GNER/EAGLE-1B-supervised/checkpoint-36/global_step36/bf16_zero_pp_rank_0_mp_rank_00_optim_states.pt...
[2025-01-10 15:54:44,476] [INFO] [torch_checkpoint_engine.py:23:save] [Torch] Saved output/GNER/EAGLE-1B-supervised/checkpoint-36/global_step36/bf16_zero_pp_rank_0_mp_rank_00_optim_states.pt.
[2025-01-10 15:54:44,477] [INFO] [engine.py:3487:_save_zero_checkpoint] zero checkpoint saved output/GNER/EAGLE-1B-supervised/checkpoint-36/global_step36/bf16_zero_pp_rank_0_mp_rank_00_optim_states.pt
[2025-01-10 15:54:44,477] [INFO] [torch_checkpoint_engine.py:33:commit] [Torch] Checkpoint global_step36 is ready now!
[INFO|gner_trainer.py:60] 2025-01-10 15:54:44,599 >> ***** Running Evaluation *****
[INFO|gner_trainer.py:62] 2025-01-10 15:54:44,599 >>   Num examples = 65
[INFO|gner_trainer.py:65] 2025-01-10 15:54:44,599 >>   Batch size = 8
{'eval_crossner_ai_prec': 0.2545454545453003, 'eval_crossner_ai_rec': 0.18834080717480345, 'eval_crossner_ai_f1': 0.21649484531183044, 'eval_AVERAGE_f1': 0.21649484531183044, 'eval_runtime': 33.2889, 'eval_samples_per_second': 1.953, 'eval_steps_per_second': 0.06, 'epoch': 0.51}
100%|██████████████████████████████████████████████████████████████████████████████████████████████████████████████████████████████████████████████████████████████████████████████████████████████████████████████| 36/36 [01:30<00:00,  1.10s/it]
[INFO|trainer.py:3812] 2025-01-10 15:55:19,024 >> Saving model checkpoint to output/GNER/EAGLE-1B-supervised/checkpoint-36
[INFO|configuration_utils.py:414] 2025-01-10 15:55:19,026 >> Configuration saved in output/GNER/EAGLE-1B-supervised/checkpoint-36/config.json
[INFO|configuration_utils.py:865] 2025-01-10 15:55:19,027 >> Configuration saved in output/GNER/EAGLE-1B-supervised/checkpoint-36/generation_config.json
[INFO|modeling_utils.py:3035] 2025-01-10 15:55:22,406 >> Model weights saved in output/GNER/EAGLE-1B-supervised/checkpoint-36/model.safetensors
[INFO|tokenization_utils_base.py:2646] 2025-01-10 15:55:22,407 >> tokenizer config file saved in output/GNER/EAGLE-1B-supervised/checkpoint-36/tokenizer_config.json
[INFO|tokenization_utils_base.py:2655] 2025-01-10 15:55:22,407 >> Special tokens file saved in output/GNER/EAGLE-1B-supervised/checkpoint-36/special_tokens_map.json
[2025-01-10 15:55:22,496] [INFO] [logging.py:96:log_dist] [Rank 0] [Torch] Checkpoint global_step36 is about to be saved!
/raid/chrisjihee/miniforge3/envs/DeepKNLP/lib/python3.12/site-packages/torch/nn/modules/module.py:1898: UserWarning: Positional args are being deprecated, use kwargs instead. Refer to https://pytorch.org/docs/master/generated/torch.nn.Module.html#torch.nn.Module.state_dict for details.
  warnings.warn(
[2025-01-10 15:55:22,501] [INFO] [logging.py:96:log_dist] [Rank 0] Saving model checkpoint: output/GNER/EAGLE-1B-supervised/checkpoint-36/global_step36/mp_rank_00_model_states.pt
[2025-01-10 15:55:22,502] [INFO] [torch_checkpoint_engine.py:21:save] [Torch] Saving output/GNER/EAGLE-1B-supervised/checkpoint-36/global_step36/mp_rank_00_model_states.pt...
[2025-01-10 15:55:26,534] [INFO] [torch_checkpoint_engine.py:23:save] [Torch] Saved output/GNER/EAGLE-1B-supervised/checkpoint-36/global_step36/mp_rank_00_model_states.pt.
[2025-01-10 15:55:26,537] [INFO] [torch_checkpoint_engine.py:21:save] [Torch] Saving output/GNER/EAGLE-1B-supervised/checkpoint-36/global_step36/bf16_zero_pp_rank_0_mp_rank_00_optim_states.pt...
[2025-01-10 15:55:30,932] [INFO] [torch_checkpoint_engine.py:23:save] [Torch] Saved output/GNER/EAGLE-1B-supervised/checkpoint-36/global_step36/bf16_zero_pp_rank_0_mp_rank_00_optim_states.pt.
[2025-01-10 15:55:30,936] [INFO] [engine.py:3487:_save_zero_checkpoint] zero checkpoint saved output/GNER/EAGLE-1B-supervised/checkpoint-36/global_step36/bf16_zero_pp_rank_0_mp_rank_00_optim_states.pt
[2025-01-10 15:55:30,936] [INFO] [torch_checkpoint_engine.py:33:commit] [Torch] Checkpoint global_step36 is ready now!
[INFO|trainer.py:2591] 2025-01-10 15:55:31,290 >>

Training completed. Do not forget to share your model on huggingface.co/models =)


{'train_runtime': 103.7997, 'train_samples_per_second': 87.356, 'train_steps_per_second': 0.347, 'train_loss': 0.27736345926920575, 'epoch': 0.51}
100%|██████████████████████████████████████████████████████████████████████████████████████████████████████████████████████████████████████████████████████████████████████████████████████████████████████████████| 36/36 [01:43<00:00,  2.88s/it]
[2025-01-10 15:55:34,788] [INFO] [launch.py:348:main] Process 1000885 exits successfully.
[2025-01-10 15:55:35,788] [INFO] [launch.py:348:main] Process 1000880 exits successfully.
[2025-01-10 15:55:35,788] [INFO] [launch.py:348:main] Process 1000884 exits successfully.
[2025-01-10 15:55:35,789] [INFO] [launch.py:348:main] Process 1000878 exits successfully.
[2025-01-10 15:55:35,789] [INFO] [launch.py:348:main] Process 1000883 exits successfully.
[2025-01-10 15:55:35,789] [INFO] [launch.py:348:main] Process 1000882 exits successfully.
[2025-01-10 15:55:36,789] [INFO] [launch.py:348:main] Process 1000879 exits successfully.
[2025-01-10 15:55:36,789] [INFO] [launch.py:348:main] Process 1000881 exits successfully.

Process finished with exit code 0
