/bin/bash /raid/chrisjihee/proj/DeepKNLP/task2-nerG-trainer1.sh
++ shuf -i25000-30000 -n1
+ port=29896
+ TRAIN_JSON_DIR=data/gner/zero-shot-train.jsonl
+ VALID_JSON_DIR=data/gner/zero-shot-test-min.jsonl
+ MODEL_NAME_OR_PATH=etri-lirs/egpt-1.3b-preview
+ OUTPUT_DIR=output/GNER/EAGLE-1B-supervised
+ RUN_NAME=train_eagle_1b_supervised-base
+ DEEPSPEED_CONFIG=configs/deepspeed_configs/deepspeed_zero1_llama.json
+ /raid/chrisjihee/miniforge3/envs/DeepKNLP/bin/python -m deepspeed.launcher.runner --include=localhost:0,1,2,3,4,5,6,7 --master_port 29896 task2-nerG-trainer1.py --do_train --do_eval --predict_with_generate --train_json_dir data/gner/zero-shot-train.jsonl --valid_json_dir data/gner/zero-shot-test-min.jsonl --no_load_gner_customized_datasets --model_name_or_path etri-lirs/egpt-1.3b-preview --output_dir output/GNER/EAGLE-1B-supervised --run_name train_eagle_1b_supervised-base --preprocessing_num_workers 4 --per_device_eval_batch_size 8 --per_device_train_batch_size 8 --gradient_accumulation_steps 4 --gradient_checkpointing True --bf16 True --tf32 True --lr_scheduler_type cosine --learning_rate 2e-05 --warmup_ratio 0.04 --weight_decay 0. --max_source_length 640 --max_target_length 640 --generation_max_length 1280 --num_train_epochs 0.5 --logging_strategy steps --logging_steps 10 --eval_strategy epoch --save_strategy epoch --overwrite_output_dir --overwrite_cache --seed 1234 --deepspeed configs/deepspeed_configs/deepspeed_zero1_llama.json
[2025-01-10 16:53:21,701] [INFO] [real_accelerator.py:219:get_accelerator] Setting ds_accelerator to cuda (auto detect)
[2025-01-10 16:53:26,354] [WARNING] [runner.py:215:fetch_hostfile] Unable to find hostfile, will proceed with training with local resources only.
[2025-01-10 16:53:26,354] [INFO] [runner.py:607:main] cmd = /raid/chrisjihee/miniforge3/envs/DeepKNLP/bin/python -u -m deepspeed.launcher.launch --world_info=eyJsb2NhbGhvc3QiOiBbMCwgMSwgMiwgMywgNCwgNSwgNiwgN119 --master_addr=127.0.0.1 --master_port=29896 --enable_each_rank_log=None task2-nerG-trainer1.py --do_train --do_eval --predict_with_generate --train_json_dir data/gner/zero-shot-train.jsonl --valid_json_dir data/gner/zero-shot-test-min.jsonl --no_load_gner_customized_datasets --model_name_or_path etri-lirs/egpt-1.3b-preview --output_dir output/GNER/EAGLE-1B-supervised --run_name train_eagle_1b_supervised-base --preprocessing_num_workers 4 --per_device_eval_batch_size 8 --per_device_train_batch_size 8 --gradient_accumulation_steps 4 --gradient_checkpointing True --bf16 True --tf32 True --lr_scheduler_type cosine --learning_rate 2e-05 --warmup_ratio 0.04 --weight_decay 0. --max_source_length 640 --max_target_length 640 --generation_max_length 1280 --num_train_epochs 0.5 --logging_strategy steps --logging_steps 10 --eval_strategy epoch --save_strategy epoch --overwrite_output_dir --overwrite_cache --seed 1234 --deepspeed configs/deepspeed_configs/deepspeed_zero1_llama.json
[2025-01-10 16:53:29,628] [INFO] [real_accelerator.py:219:get_accelerator] Setting ds_accelerator to cuda (auto detect)
[2025-01-10 16:53:34,361] [INFO] [launch.py:146:main] WORLD INFO DICT: {'localhost': [0, 1, 2, 3, 4, 5, 6, 7]}
[2025-01-10 16:53:34,361] [INFO] [launch.py:152:main] nnodes=1, num_local_procs=8, node_rank=0
[2025-01-10 16:53:34,361] [INFO] [launch.py:163:main] global_rank_mapping=defaultdict(<class 'list'>, {'localhost': [0, 1, 2, 3, 4, 5, 6, 7]})
[2025-01-10 16:53:34,361] [INFO] [launch.py:164:main] dist_world_size=8
[2025-01-10 16:53:34,361] [INFO] [launch.py:168:main] Setting CUDA_VISIBLE_DEVICES=0,1,2,3,4,5,6,7
[2025-01-10 16:53:34,362] [INFO] [launch.py:256:main] process 1074589 spawned with command: ['/raid/chrisjihee/miniforge3/envs/DeepKNLP/bin/python', '-u', 'task2-nerG-trainer1.py', '--local_rank=0', '--do_train', '--do_eval', '--predict_with_generate', '--train_json_dir', 'data/gner/zero-shot-train.jsonl', '--valid_json_dir', 'data/gner/zero-shot-test-min.jsonl', '--no_load_gner_customized_datasets', '--model_name_or_path', 'etri-lirs/egpt-1.3b-preview', '--output_dir', 'output/GNER/EAGLE-1B-supervised', '--run_name', 'train_eagle_1b_supervised-base', '--preprocessing_num_workers', '4', '--per_device_eval_batch_size', '8', '--per_device_train_batch_size', '8', '--gradient_accumulation_steps', '4', '--gradient_checkpointing', 'True', '--bf16', 'True', '--tf32', 'True', '--lr_scheduler_type', 'cosine', '--learning_rate', '2e-05', '--warmup_ratio', '0.04', '--weight_decay', '0.', '--max_source_length', '640', '--max_target_length', '640', '--generation_max_length', '1280', '--num_train_epochs', '0.5', '--logging_strategy', 'steps', '--logging_steps', '10', '--eval_strategy', 'epoch', '--save_strategy', 'epoch', '--overwrite_output_dir', '--overwrite_cache', '--seed', '1234', '--deepspeed', 'configs/deepspeed_configs/deepspeed_zero1_llama.json']
[2025-01-10 16:53:34,363] [INFO] [launch.py:256:main] process 1074590 spawned with command: ['/raid/chrisjihee/miniforge3/envs/DeepKNLP/bin/python', '-u', 'task2-nerG-trainer1.py', '--local_rank=1', '--do_train', '--do_eval', '--predict_with_generate', '--train_json_dir', 'data/gner/zero-shot-train.jsonl', '--valid_json_dir', 'data/gner/zero-shot-test-min.jsonl', '--no_load_gner_customized_datasets', '--model_name_or_path', 'etri-lirs/egpt-1.3b-preview', '--output_dir', 'output/GNER/EAGLE-1B-supervised', '--run_name', 'train_eagle_1b_supervised-base', '--preprocessing_num_workers', '4', '--per_device_eval_batch_size', '8', '--per_device_train_batch_size', '8', '--gradient_accumulation_steps', '4', '--gradient_checkpointing', 'True', '--bf16', 'True', '--tf32', 'True', '--lr_scheduler_type', 'cosine', '--learning_rate', '2e-05', '--warmup_ratio', '0.04', '--weight_decay', '0.', '--max_source_length', '640', '--max_target_length', '640', '--generation_max_length', '1280', '--num_train_epochs', '0.5', '--logging_strategy', 'steps', '--logging_steps', '10', '--eval_strategy', 'epoch', '--save_strategy', 'epoch', '--overwrite_output_dir', '--overwrite_cache', '--seed', '1234', '--deepspeed', 'configs/deepspeed_configs/deepspeed_zero1_llama.json']
[2025-01-10 16:53:34,363] [INFO] [launch.py:256:main] process 1074591 spawned with command: ['/raid/chrisjihee/miniforge3/envs/DeepKNLP/bin/python', '-u', 'task2-nerG-trainer1.py', '--local_rank=2', '--do_train', '--do_eval', '--predict_with_generate', '--train_json_dir', 'data/gner/zero-shot-train.jsonl', '--valid_json_dir', 'data/gner/zero-shot-test-min.jsonl', '--no_load_gner_customized_datasets', '--model_name_or_path', 'etri-lirs/egpt-1.3b-preview', '--output_dir', 'output/GNER/EAGLE-1B-supervised', '--run_name', 'train_eagle_1b_supervised-base', '--preprocessing_num_workers', '4', '--per_device_eval_batch_size', '8', '--per_device_train_batch_size', '8', '--gradient_accumulation_steps', '4', '--gradient_checkpointing', 'True', '--bf16', 'True', '--tf32', 'True', '--lr_scheduler_type', 'cosine', '--learning_rate', '2e-05', '--warmup_ratio', '0.04', '--weight_decay', '0.', '--max_source_length', '640', '--max_target_length', '640', '--generation_max_length', '1280', '--num_train_epochs', '0.5', '--logging_strategy', 'steps', '--logging_steps', '10', '--eval_strategy', 'epoch', '--save_strategy', 'epoch', '--overwrite_output_dir', '--overwrite_cache', '--seed', '1234', '--deepspeed', 'configs/deepspeed_configs/deepspeed_zero1_llama.json']
[2025-01-10 16:53:34,364] [INFO] [launch.py:256:main] process 1074592 spawned with command: ['/raid/chrisjihee/miniforge3/envs/DeepKNLP/bin/python', '-u', 'task2-nerG-trainer1.py', '--local_rank=3', '--do_train', '--do_eval', '--predict_with_generate', '--train_json_dir', 'data/gner/zero-shot-train.jsonl', '--valid_json_dir', 'data/gner/zero-shot-test-min.jsonl', '--no_load_gner_customized_datasets', '--model_name_or_path', 'etri-lirs/egpt-1.3b-preview', '--output_dir', 'output/GNER/EAGLE-1B-supervised', '--run_name', 'train_eagle_1b_supervised-base', '--preprocessing_num_workers', '4', '--per_device_eval_batch_size', '8', '--per_device_train_batch_size', '8', '--gradient_accumulation_steps', '4', '--gradient_checkpointing', 'True', '--bf16', 'True', '--tf32', 'True', '--lr_scheduler_type', 'cosine', '--learning_rate', '2e-05', '--warmup_ratio', '0.04', '--weight_decay', '0.', '--max_source_length', '640', '--max_target_length', '640', '--generation_max_length', '1280', '--num_train_epochs', '0.5', '--logging_strategy', 'steps', '--logging_steps', '10', '--eval_strategy', 'epoch', '--save_strategy', 'epoch', '--overwrite_output_dir', '--overwrite_cache', '--seed', '1234', '--deepspeed', 'configs/deepspeed_configs/deepspeed_zero1_llama.json']
[2025-01-10 16:53:34,364] [INFO] [launch.py:256:main] process 1074593 spawned with command: ['/raid/chrisjihee/miniforge3/envs/DeepKNLP/bin/python', '-u', 'task2-nerG-trainer1.py', '--local_rank=4', '--do_train', '--do_eval', '--predict_with_generate', '--train_json_dir', 'data/gner/zero-shot-train.jsonl', '--valid_json_dir', 'data/gner/zero-shot-test-min.jsonl', '--no_load_gner_customized_datasets', '--model_name_or_path', 'etri-lirs/egpt-1.3b-preview', '--output_dir', 'output/GNER/EAGLE-1B-supervised', '--run_name', 'train_eagle_1b_supervised-base', '--preprocessing_num_workers', '4', '--per_device_eval_batch_size', '8', '--per_device_train_batch_size', '8', '--gradient_accumulation_steps', '4', '--gradient_checkpointing', 'True', '--bf16', 'True', '--tf32', 'True', '--lr_scheduler_type', 'cosine', '--learning_rate', '2e-05', '--warmup_ratio', '0.04', '--weight_decay', '0.', '--max_source_length', '640', '--max_target_length', '640', '--generation_max_length', '1280', '--num_train_epochs', '0.5', '--logging_strategy', 'steps', '--logging_steps', '10', '--eval_strategy', 'epoch', '--save_strategy', 'epoch', '--overwrite_output_dir', '--overwrite_cache', '--seed', '1234', '--deepspeed', 'configs/deepspeed_configs/deepspeed_zero1_llama.json']
[2025-01-10 16:53:34,365] [INFO] [launch.py:256:main] process 1074594 spawned with command: ['/raid/chrisjihee/miniforge3/envs/DeepKNLP/bin/python', '-u', 'task2-nerG-trainer1.py', '--local_rank=5', '--do_train', '--do_eval', '--predict_with_generate', '--train_json_dir', 'data/gner/zero-shot-train.jsonl', '--valid_json_dir', 'data/gner/zero-shot-test-min.jsonl', '--no_load_gner_customized_datasets', '--model_name_or_path', 'etri-lirs/egpt-1.3b-preview', '--output_dir', 'output/GNER/EAGLE-1B-supervised', '--run_name', 'train_eagle_1b_supervised-base', '--preprocessing_num_workers', '4', '--per_device_eval_batch_size', '8', '--per_device_train_batch_size', '8', '--gradient_accumulation_steps', '4', '--gradient_checkpointing', 'True', '--bf16', 'True', '--tf32', 'True', '--lr_scheduler_type', 'cosine', '--learning_rate', '2e-05', '--warmup_ratio', '0.04', '--weight_decay', '0.', '--max_source_length', '640', '--max_target_length', '640', '--generation_max_length', '1280', '--num_train_epochs', '0.5', '--logging_strategy', 'steps', '--logging_steps', '10', '--eval_strategy', 'epoch', '--save_strategy', 'epoch', '--overwrite_output_dir', '--overwrite_cache', '--seed', '1234', '--deepspeed', 'configs/deepspeed_configs/deepspeed_zero1_llama.json']
[2025-01-10 16:53:34,365] [INFO] [launch.py:256:main] process 1074595 spawned with command: ['/raid/chrisjihee/miniforge3/envs/DeepKNLP/bin/python', '-u', 'task2-nerG-trainer1.py', '--local_rank=6', '--do_train', '--do_eval', '--predict_with_generate', '--train_json_dir', 'data/gner/zero-shot-train.jsonl', '--valid_json_dir', 'data/gner/zero-shot-test-min.jsonl', '--no_load_gner_customized_datasets', '--model_name_or_path', 'etri-lirs/egpt-1.3b-preview', '--output_dir', 'output/GNER/EAGLE-1B-supervised', '--run_name', 'train_eagle_1b_supervised-base', '--preprocessing_num_workers', '4', '--per_device_eval_batch_size', '8', '--per_device_train_batch_size', '8', '--gradient_accumulation_steps', '4', '--gradient_checkpointing', 'True', '--bf16', 'True', '--tf32', 'True', '--lr_scheduler_type', 'cosine', '--learning_rate', '2e-05', '--warmup_ratio', '0.04', '--weight_decay', '0.', '--max_source_length', '640', '--max_target_length', '640', '--generation_max_length', '1280', '--num_train_epochs', '0.5', '--logging_strategy', 'steps', '--logging_steps', '10', '--eval_strategy', 'epoch', '--save_strategy', 'epoch', '--overwrite_output_dir', '--overwrite_cache', '--seed', '1234', '--deepspeed', 'configs/deepspeed_configs/deepspeed_zero1_llama.json']
[2025-01-10 16:53:34,366] [INFO] [launch.py:256:main] process 1074596 spawned with command: ['/raid/chrisjihee/miniforge3/envs/DeepKNLP/bin/python', '-u', 'task2-nerG-trainer1.py', '--local_rank=7', '--do_train', '--do_eval', '--predict_with_generate', '--train_json_dir', 'data/gner/zero-shot-train.jsonl', '--valid_json_dir', 'data/gner/zero-shot-test-min.jsonl', '--no_load_gner_customized_datasets', '--model_name_or_path', 'etri-lirs/egpt-1.3b-preview', '--output_dir', 'output/GNER/EAGLE-1B-supervised', '--run_name', 'train_eagle_1b_supervised-base', '--preprocessing_num_workers', '4', '--per_device_eval_batch_size', '8', '--per_device_train_batch_size', '8', '--gradient_accumulation_steps', '4', '--gradient_checkpointing', 'True', '--bf16', 'True', '--tf32', 'True', '--lr_scheduler_type', 'cosine', '--learning_rate', '2e-05', '--warmup_ratio', '0.04', '--weight_decay', '0.', '--max_source_length', '640', '--max_target_length', '640', '--generation_max_length', '1280', '--num_train_epochs', '0.5', '--logging_strategy', 'steps', '--logging_steps', '10', '--eval_strategy', 'epoch', '--save_strategy', 'epoch', '--overwrite_output_dir', '--overwrite_cache', '--seed', '1234', '--deepspeed', 'configs/deepspeed_configs/deepspeed_zero1_llama.json']
[2025-01-10 16:53:42,511] [INFO] [real_accelerator.py:219:get_accelerator] Setting ds_accelerator to cuda (auto detect)
[2025-01-10 16:53:42,641] [INFO] [real_accelerator.py:219:get_accelerator] Setting ds_accelerator to cuda (auto detect)
[2025-01-10 16:53:42,867] [INFO] [real_accelerator.py:219:get_accelerator] Setting ds_accelerator to cuda (auto detect)
[2025-01-10 16:53:42,888] [INFO] [real_accelerator.py:219:get_accelerator] Setting ds_accelerator to cuda (auto detect)
[2025-01-10 16:53:42,929] [INFO] [real_accelerator.py:219:get_accelerator] Setting ds_accelerator to cuda (auto detect)
[2025-01-10 16:53:42,941] [INFO] [real_accelerator.py:219:get_accelerator] Setting ds_accelerator to cuda (auto detect)
[2025-01-10 16:53:42,973] [INFO] [real_accelerator.py:219:get_accelerator] Setting ds_accelerator to cuda (auto detect)
[2025-01-10 16:53:42,991] [INFO] [real_accelerator.py:219:get_accelerator] Setting ds_accelerator to cuda (auto detect)
[2025-01-10 16:53:43,212] [INFO] [comm.py:652:init_distributed] cdb=None
[2025-01-10 16:53:43,364] [INFO] [comm.py:652:init_distributed] cdb=None
[2025-01-10 16:53:43,593] [INFO] [comm.py:652:init_distributed] cdb=None
[2025-01-10 16:53:43,665] [INFO] [comm.py:652:init_distributed] cdb=None
[2025-01-10 16:53:43,665] [INFO] [comm.py:652:init_distributed] cdb=None
[2025-01-10 16:53:43,665] [INFO] [comm.py:683:init_distributed] Initializing TorchBackend in DeepSpeed with backend nccl
[2025-01-10 16:53:43,768] [INFO] [comm.py:652:init_distributed] cdb=None
[2025-01-10 16:53:43,793] [INFO] [comm.py:652:init_distributed] cdb=None
[2025-01-10 16:53:43,839] [INFO] [comm.py:652:init_distributed] cdb=None
Using the `WANDB_DISABLED` environment variable is deprecated and will be removed in v5. Use the --report_to flag to control the integrations used for logging result (for instance --report_to none).
01/10/2025 16:53:46 - WARNING - __main__ - Process rank: 1, device: cuda:1, n_gpu: 1, distributed training: True, 16-bits training: True
Using the `WANDB_DISABLED` environment variable is deprecated and will be removed in v5. Use the --report_to flag to control the integrations used for logging result (for instance --report_to none).
01/10/2025 16:53:46 - WARNING - __main__ - Process rank: 0, device: cuda:0, n_gpu: 1, distributed training: True, 16-bits training: True
01/10/2025 16:53:46 - INFO - __main__ - Training/evaluation parameters Seq2SeqTrainingArguments(
_n_gpu=1,
accelerator_config={'split_batches': False, 'dispatch_batches': None, 'even_batches': True, 'use_seedable_sampler': True, 'non_blocking': False, 'gradient_accumulation_kwargs': None, 'use_configured_state': False},
adafactor=False,
adam_beta1=0.9,
adam_beta2=0.999,
adam_epsilon=1e-08,
auto_find_batch_size=False,
average_tokens_across_devices=False,
batch_eval_metrics=False,
bf16=True,
bf16_full_eval=False,
data_seed=None,
dataloader_drop_last=False,
dataloader_num_workers=0,
dataloader_persistent_workers=False,
dataloader_pin_memory=True,
dataloader_prefetch_factor=None,
ddp_backend=None,
ddp_broadcast_buffers=None,
ddp_bucket_cap_mb=None,
ddp_find_unused_parameters=None,
ddp_timeout=1800,
debug=[],
deepspeed=configs/deepspeed_configs/deepspeed_zero1_llama.json,
disable_tqdm=False,
dispatch_batches=None,
do_eval=True,
do_predict=False,
do_train=True,
eval_accumulation_steps=None,
eval_delay=0,
eval_do_concat_batches=True,
eval_on_start=False,
eval_steps=None,
eval_strategy=IntervalStrategy.EPOCH,
eval_use_gather_object=False,
evaluation_strategy=None,
fp16=False,
fp16_backend=auto,
fp16_full_eval=False,
fp16_opt_level=O1,
fsdp=[],
fsdp_config={'min_num_params': 0, 'xla': False, 'xla_fsdp_v2': False, 'xla_fsdp_grad_ckpt': False},
fsdp_min_num_params=0,
fsdp_transformer_layer_cls_to_wrap=None,
full_determinism=False,
generation_config=None,
generation_max_length=1280,
generation_num_beams=None,
gradient_accumulation_steps=4,
gradient_checkpointing=True,
gradient_checkpointing_kwargs=None,
greater_is_better=None,
group_by_length=False,
half_precision_backend=auto,
hub_always_push=False,
hub_model_id=None,
hub_private_repo=None,
hub_strategy=HubStrategy.EVERY_SAVE,
hub_token=<HUB_TOKEN>,
ignore_data_skip=False,
include_for_metrics=[],
include_inputs_for_metrics=False,
include_num_input_tokens_seen=False,
include_tokens_per_second=False,
jit_mode_eval=False,
label_names=None,
label_smoothing_factor=0.0,
learning_rate=2e-05,
length_column_name=length,
load_best_model_at_end=False,
local_rank=0,
log_level=passive,
log_level_replica=warning,
log_on_each_node=True,
logging_dir=output/GNER/EAGLE-1B-supervised/runs/Jan10_16-53-38_dgx-a100,
logging_first_step=False,
logging_nan_inf_filter=True,
logging_steps=10,
logging_strategy=IntervalStrategy.STEPS,
lr_scheduler_kwargs={},
lr_scheduler_type=SchedulerType.COSINE,
max_grad_norm=1.0,
max_steps=-1,
metric_for_best_model=None,
mp_parameters=,
neftune_noise_alpha=None,
no_cuda=False,
num_train_epochs=0.5,
optim=OptimizerNames.ADAMW_TORCH,
optim_args=None,
optim_target_modules=None,
output_dir=output/GNER/EAGLE-1B-supervised,
overwrite_output_dir=True,
past_index=-1,
per_device_eval_batch_size=8,
per_device_train_batch_size=8,
predict_with_generate=True,
prediction_loss_only=False,
push_to_hub=False,
push_to_hub_model_id=None,
push_to_hub_organization=None,
push_to_hub_token=<PUSH_TO_HUB_TOKEN>,
ray_scope=last,
remove_unused_columns=True,
report_to=['tensorboard'],
restore_callback_states_from_checkpoint=False,
resume_from_checkpoint=None,
run_name=train_eagle_1b_supervised-base,
save_on_each_node=False,
save_only_model=False,
save_safetensors=True,
save_steps=500,
save_strategy=SaveStrategy.EPOCH,
save_total_limit=None,
seed=1234,
skip_memory_metrics=True,
sortish_sampler=False,
split_batches=None,
tf32=True,
torch_compile=False,
torch_compile_backend=None,
torch_compile_mode=None,
torch_empty_cache_steps=None,
torchdynamo=None,
tpu_metrics_debug=False,
tpu_num_cores=None,
use_cpu=False,
use_ipex=False,
use_legacy_prediction_loop=False,
use_liger_kernel=False,
use_mps_device=False,
warmup_ratio=0.04,
warmup_steps=0,
weight_decay=0.0,
)
Using the `WANDB_DISABLED` environment variable is deprecated and will be removed in v5. Use the --report_to flag to control the integrations used for logging result (for instance --report_to none).
Using the `WANDB_DISABLED` environment variable is deprecated and will be removed in v5. Use the --report_to flag to control the integrations used for logging result (for instance --report_to none).
01/10/2025 16:53:46 - WARNING - __main__ - Process rank: 4, device: cuda:4, n_gpu: 1, distributed training: True, 16-bits training: True
01/10/2025 16:53:46 - WARNING - __main__ - Process rank: 5, device: cuda:5, n_gpu: 1, distributed training: True, 16-bits training: True
Using the `WANDB_DISABLED` environment variable is deprecated and will be removed in v5. Use the --report_to flag to control the integrations used for logging result (for instance --report_to none).
Using the `WANDB_DISABLED` environment variable is deprecated and will be removed in v5. Use the --report_to flag to control the integrations used for logging result (for instance --report_to none).
Using the `WANDB_DISABLED` environment variable is deprecated and will be removed in v5. Use the --report_to flag to control the integrations used for logging result (for instance --report_to none).
Using the `WANDB_DISABLED` environment variable is deprecated and will be removed in v5. Use the --report_to flag to control the integrations used for logging result (for instance --report_to none).
01/10/2025 16:53:46 - WARNING - __main__ - Process rank: 3, device: cuda:3, n_gpu: 1, distributed training: True, 16-bits training: True
01/10/2025 16:53:46 - WARNING - __main__ - Process rank: 6, device: cuda:6, n_gpu: 1, distributed training: True, 16-bits training: True
01/10/2025 16:53:46 - WARNING - __main__ - Process rank: 7, device: cuda:7, n_gpu: 1, distributed training: True, 16-bits training: True
01/10/2025 16:53:46 - WARNING - __main__ - Process rank: 2, device: cuda:2, n_gpu: 1, distributed training: True, 16-bits training: True
[INFO|configuration_utils.py:695] 2025-01-10 16:53:46,833 >> loading configuration file config.json from cache at /raid/chrisjihee/.cache/huggingface/hub/models--etri-lirs--egpt-1.3b-preview/snapshots/31d1b605e933486cad270e689434f64aaf4906d3/config.json
[INFO|configuration_utils.py:762] 2025-01-10 16:53:46,835 >> Model config GPTNeoXConfig {
  "_name_or_path": "etri-lirs/egpt-1.3b-preview",
  "architectures": [
    "GPTNeoXForCausalLM"
  ],
  "attention_bias": true,
  "attention_dropout": 0.0,
  "bos_token_id": 2,
  "classifier_dropout": 0.1,
  "eos_token_id": 2,
  "hidden_act": "gelu",
  "hidden_dropout": 0.0,
  "hidden_size": 2048,
  "initializer_range": 0.02,
  "intermediate_size": 8192,
  "layer_norm_eps": 1e-05,
  "max_position_embeddings": 2048,
  "model_type": "gpt_neox",
  "num_attention_heads": 16,
  "num_hidden_layers": 24,
  "partial_rotary_factor": 1.0,
  "rope_scaling": null,
  "rope_theta": 10000,
  "rotary_emb_base": 10000,
  "rotary_pct": 1.0,
  "tie_word_embeddings": false,
  "torch_dtype": "float16",
  "transformers_version": "4.47.1",
  "use_cache": true,
  "use_parallel_residual": false,
  "vocab_size": 32384
}

[INFO|tokenization_utils_base.py:2030] 2025-01-10 16:53:47,046 >> loading file tokenizer.model from cache at /raid/chrisjihee/.cache/huggingface/hub/models--etri-lirs--egpt-1.3b-preview/snapshots/31d1b605e933486cad270e689434f64aaf4906d3/tokenizer.model
[INFO|tokenization_utils_base.py:2030] 2025-01-10 16:53:47,046 >> loading file tokenizer.json from cache at None
[INFO|tokenization_utils_base.py:2030] 2025-01-10 16:53:47,046 >> loading file added_tokens.json from cache at None
[INFO|tokenization_utils_base.py:2030] 2025-01-10 16:53:47,046 >> loading file special_tokens_map.json from cache at /raid/chrisjihee/.cache/huggingface/hub/models--etri-lirs--egpt-1.3b-preview/snapshots/31d1b605e933486cad270e689434f64aaf4906d3/special_tokens_map.json
[INFO|tokenization_utils_base.py:2030] 2025-01-10 16:53:47,046 >> loading file tokenizer_config.json from cache at /raid/chrisjihee/.cache/huggingface/hub/models--etri-lirs--egpt-1.3b-preview/snapshots/31d1b605e933486cad270e689434f64aaf4906d3/tokenizer_config.json
[INFO|tokenization_utils_base.py:2030] 2025-01-10 16:53:47,046 >> loading file chat_template.jinja from cache at None
[WARNING|logging.py:328] 2025-01-10 16:53:47,775 >> The `GPTNeoXSdpaAttention` class is deprecated in favor of simply modifying the `config._attn_implementation`attribute of the `GPTNeoXAttention` class! It will be removed in v4.48
[WARNING|logging.py:328] 2025-01-10 16:53:47,834 >> The `GPTNeoXSdpaAttention` class is deprecated in favor of simply modifying the `config._attn_implementation`attribute of the `GPTNeoXAttention` class! It will be removed in v4.48
[WARNING|logging.py:328] 2025-01-10 16:53:47,872 >> The `GPTNeoXSdpaAttention` class is deprecated in favor of simply modifying the `config._attn_implementation`attribute of the `GPTNeoXAttention` class! It will be removed in v4.48
[WARNING|logging.py:328] 2025-01-10 16:53:47,990 >> The `GPTNeoXSdpaAttention` class is deprecated in favor of simply modifying the `config._attn_implementation`attribute of the `GPTNeoXAttention` class! It will be removed in v4.48
[WARNING|logging.py:328] 2025-01-10 16:53:47,999 >> The `GPTNeoXSdpaAttention` class is deprecated in favor of simply modifying the `config._attn_implementation`attribute of the `GPTNeoXAttention` class! It will be removed in v4.48
[INFO|modeling_utils.py:3953] 2025-01-10 16:53:48,092 >> loading weights file pytorch_model.bin from cache at /raid/chrisjihee/.cache/huggingface/hub/models--etri-lirs--egpt-1.3b-preview/snapshots/31d1b605e933486cad270e689434f64aaf4906d3/pytorch_model.bin
[WARNING|logging.py:328] 2025-01-10 16:53:48,098 >> The `GPTNeoXSdpaAttention` class is deprecated in favor of simply modifying the `config._attn_implementation`attribute of the `GPTNeoXAttention` class! It will be removed in v4.48
[WARNING|logging.py:328] 2025-01-10 16:53:48,108 >> The `GPTNeoXSdpaAttention` class is deprecated in favor of simply modifying the `config._attn_implementation`attribute of the `GPTNeoXAttention` class! It will be removed in v4.48
[INFO|configuration_utils.py:1140] 2025-01-10 16:53:48,160 >> Generate config GenerationConfig {
  "bos_token_id": 2,
  "eos_token_id": 2
}

[INFO|safetensors_conversion.py:61] 2025-01-10 16:53:48,323 >> Attempting to create safetensors variant
[WARNING|logging.py:328] 2025-01-10 16:53:48,391 >> The `GPTNeoXSdpaAttention` class is deprecated in favor of simply modifying the `config._attn_implementation`attribute of the `GPTNeoXAttention` class! It will be removed in v4.48
[INFO|safetensors_conversion.py:24] 2025-01-10 16:53:49,015 >> Attempting to convert .bin model on the fly to safetensors.
[INFO|modeling_utils.py:4849] 2025-01-10 16:53:55,114 >> All model checkpoint weights were used when initializing GPTNeoXForCausalLM.

[INFO|modeling_utils.py:4857] 2025-01-10 16:53:55,115 >> All the weights of GPTNeoXForCausalLM were initialized from the model checkpoint at etri-lirs/egpt-1.3b-preview.
If your task is similar to the task the model of the checkpoint was trained on, you can already use GPTNeoXForCausalLM for predictions without further training.
[INFO|configuration_utils.py:1095] 2025-01-10 16:53:55,317 >> loading configuration file generation_config.json from cache at /raid/chrisjihee/.cache/huggingface/hub/models--etri-lirs--egpt-1.3b-preview/snapshots/31d1b605e933486cad270e689434f64aaf4906d3/generation_config.json
[INFO|configuration_utils.py:1140] 2025-01-10 16:53:55,317 >> Generate config GenerationConfig {
  "bos_token_id": 2,
  "eos_token_id": 2
}

Using custom data configuration default-bab2e02a90e2ed76
01/10/2025 16:53:56 - INFO - datasets.builder - Using custom data configuration default-bab2e02a90e2ed76
Loading Dataset Infos from /raid/chrisjihee/miniforge3/envs/DeepKNLP/lib/python3.12/site-packages/datasets/packaged_modules/json
01/10/2025 16:53:56 - INFO - datasets.info - Loading Dataset Infos from /raid/chrisjihee/miniforge3/envs/DeepKNLP/lib/python3.12/site-packages/datasets/packaged_modules/json
Overwrite dataset info from restored data version if exists.
01/10/2025 16:53:56 - INFO - datasets.builder - Overwrite dataset info from restored data version if exists.
Loading Dataset info from /raid/chrisjihee/.cache/huggingface/datasets/json/default-bab2e02a90e2ed76/0.0.0/f4e89e8750d5d5ffbef2c078bf0ddfedef29dc2faff52a6255cf513c05eb1092
01/10/2025 16:53:56 - INFO - datasets.info - Loading Dataset info from /raid/chrisjihee/.cache/huggingface/datasets/json/default-bab2e02a90e2ed76/0.0.0/f4e89e8750d5d5ffbef2c078bf0ddfedef29dc2faff52a6255cf513c05eb1092
Found cached dataset json (/raid/chrisjihee/.cache/huggingface/datasets/json/default-bab2e02a90e2ed76/0.0.0/f4e89e8750d5d5ffbef2c078bf0ddfedef29dc2faff52a6255cf513c05eb1092)
01/10/2025 16:53:56 - INFO - datasets.builder - Found cached dataset json (/raid/chrisjihee/.cache/huggingface/datasets/json/default-bab2e02a90e2ed76/0.0.0/f4e89e8750d5d5ffbef2c078bf0ddfedef29dc2faff52a6255cf513c05eb1092)
Loading Dataset info from /raid/chrisjihee/.cache/huggingface/datasets/json/default-bab2e02a90e2ed76/0.0.0/f4e89e8750d5d5ffbef2c078bf0ddfedef29dc2faff52a6255cf513c05eb1092
01/10/2025 16:53:56 - INFO - datasets.info - Loading Dataset info from /raid/chrisjihee/.cache/huggingface/datasets/json/default-bab2e02a90e2ed76/0.0.0/f4e89e8750d5d5ffbef2c078bf0ddfedef29dc2faff52a6255cf513c05eb1092
01/10/2025 16:53:56 - INFO - __main__ - Use data/gner/zero-shot-train.jsonl as train dataset, len(dataset) = 18135
01/10/2025 16:53:56 - INFO - __main__ - len(dataset) = 18135
Process #0 will write at /raid/chrisjihee/.cache/huggingface/datasets/json/default-bab2e02a90e2ed76/0.0.0/f4e89e8750d5d5ffbef2c078bf0ddfedef29dc2faff52a6255cf513c05eb1092/cache-24ea344445490b57_00000_of_00004.arrow
01/10/2025 16:53:56 - INFO - datasets.arrow_dataset - Process #0 will write at /raid/chrisjihee/.cache/huggingface/datasets/json/default-bab2e02a90e2ed76/0.0.0/f4e89e8750d5d5ffbef2c078bf0ddfedef29dc2faff52a6255cf513c05eb1092/cache-24ea344445490b57_00000_of_00004.arrow
Process #1 will write at /raid/chrisjihee/.cache/huggingface/datasets/json/default-bab2e02a90e2ed76/0.0.0/f4e89e8750d5d5ffbef2c078bf0ddfedef29dc2faff52a6255cf513c05eb1092/cache-24ea344445490b57_00001_of_00004.arrow
01/10/2025 16:53:56 - INFO - datasets.arrow_dataset - Process #1 will write at /raid/chrisjihee/.cache/huggingface/datasets/json/default-bab2e02a90e2ed76/0.0.0/f4e89e8750d5d5ffbef2c078bf0ddfedef29dc2faff52a6255cf513c05eb1092/cache-24ea344445490b57_00001_of_00004.arrow
Process #2 will write at /raid/chrisjihee/.cache/huggingface/datasets/json/default-bab2e02a90e2ed76/0.0.0/f4e89e8750d5d5ffbef2c078bf0ddfedef29dc2faff52a6255cf513c05eb1092/cache-24ea344445490b57_00002_of_00004.arrow
01/10/2025 16:53:56 - INFO - datasets.arrow_dataset - Process #2 will write at /raid/chrisjihee/.cache/huggingface/datasets/json/default-bab2e02a90e2ed76/0.0.0/f4e89e8750d5d5ffbef2c078bf0ddfedef29dc2faff52a6255cf513c05eb1092/cache-24ea344445490b57_00002_of_00004.arrow
Process #3 will write at /raid/chrisjihee/.cache/huggingface/datasets/json/default-bab2e02a90e2ed76/0.0.0/f4e89e8750d5d5ffbef2c078bf0ddfedef29dc2faff52a6255cf513c05eb1092/cache-24ea344445490b57_00003_of_00004.arrow
01/10/2025 16:53:56 - INFO - datasets.arrow_dataset - Process #3 will write at /raid/chrisjihee/.cache/huggingface/datasets/json/default-bab2e02a90e2ed76/0.0.0/f4e89e8750d5d5ffbef2c078bf0ddfedef29dc2faff52a6255cf513c05eb1092/cache-24ea344445490b57_00003_of_00004.arrow
Spawning 4 processes
01/10/2025 16:53:56 - INFO - datasets.arrow_dataset - Spawning 4 processes
Running tokenizer on train dataset (num_proc=4):   0%|                                                                                                                                                            | 0/18135 [00:00<?, ? examples/s]Caching processed dataset at /raid/chrisjihee/.cache/huggingface/datasets/json/default-bab2e02a90e2ed76/0.0.0/f4e89e8750d5d5ffbef2c078bf0ddfedef29dc2faff52a6255cf513c05eb1092/cache-24ea344445490b57_00000_of_00004.arrow
01/10/2025 16:53:56 - INFO - datasets.arrow_dataset - Caching processed dataset at /raid/chrisjihee/.cache/huggingface/datasets/json/default-bab2e02a90e2ed76/0.0.0/f4e89e8750d5d5ffbef2c078bf0ddfedef29dc2faff52a6255cf513c05eb1092/cache-24ea344445490b57_00000_of_00004.arrow
Caching processed dataset at /raid/chrisjihee/.cache/huggingface/datasets/json/default-bab2e02a90e2ed76/0.0.0/f4e89e8750d5d5ffbef2c078bf0ddfedef29dc2faff52a6255cf513c05eb1092/cache-24ea344445490b57_00001_of_00004.arrow
01/10/2025 16:53:56 - INFO - datasets.arrow_dataset - Caching processed dataset at /raid/chrisjihee/.cache/huggingface/datasets/json/default-bab2e02a90e2ed76/0.0.0/f4e89e8750d5d5ffbef2c078bf0ddfedef29dc2faff52a6255cf513c05eb1092/cache-24ea344445490b57_00001_of_00004.arrow
Running tokenizer on train dataset (num_proc=4):   0%|▎                                                                                                                                                 | 42/18135 [00:00<01:49, 165.30 examples/s]Caching processed dataset at /raid/chrisjihee/.cache/huggingface/datasets/json/default-bab2e02a90e2ed76/0.0.0/f4e89e8750d5d5ffbef2c078bf0ddfedef29dc2faff52a6255cf513c05eb1092/cache-24ea344445490b57_00002_of_00004.arrow
01/10/2025 16:53:56 - INFO - datasets.arrow_dataset - Caching processed dataset at /raid/chrisjihee/.cache/huggingface/datasets/json/default-bab2e02a90e2ed76/0.0.0/f4e89e8750d5d5ffbef2c078bf0ddfedef29dc2faff52a6255cf513c05eb1092/cache-24ea344445490b57_00002_of_00004.arrow
Caching processed dataset at /raid/chrisjihee/.cache/huggingface/datasets/json/default-bab2e02a90e2ed76/0.0.0/f4e89e8750d5d5ffbef2c078bf0ddfedef29dc2faff52a6255cf513c05eb1092/cache-24ea344445490b57_00003_of_00004.arrow
01/10/2025 16:53:56 - INFO - datasets.arrow_dataset - Caching processed dataset at /raid/chrisjihee/.cache/huggingface/datasets/json/default-bab2e02a90e2ed76/0.0.0/f4e89e8750d5d5ffbef2c078bf0ddfedef29dc2faff52a6255cf513c05eb1092/cache-24ea344445490b57_00003_of_00004.arrow
Running tokenizer on train dataset (num_proc=4): 100%|██████████████████████████████████████████████████████████████████████████████████████████████████████████████████████████████████████████████| 18135/18135 [00:04<00:00, 3644.23 examples/s]
Concatenating 4 shards
01/10/2025 16:54:01 - INFO - datasets.arrow_dataset - Concatenating 4 shards
Running tokenizer on train dataset (num_proc=4):   0%|                                                                                                                                                            | 0/18135 [00:00<?, ? examples/s]Using custom data configuration default-cbfc9467ee23e983
01/10/2025 16:54:07 - INFO - datasets.builder - Using custom data configuration default-cbfc9467ee23e983
Loading Dataset Infos from /raid/chrisjihee/miniforge3/envs/DeepKNLP/lib/python3.12/site-packages/datasets/packaged_modules/json
01/10/2025 16:54:07 - INFO - datasets.info - Loading Dataset Infos from /raid/chrisjihee/miniforge3/envs/DeepKNLP/lib/python3.12/site-packages/datasets/packaged_modules/json
Overwrite dataset info from restored data version if exists.
01/10/2025 16:54:07 - INFO - datasets.builder - Overwrite dataset info from restored data version if exists.
Loading Dataset info from /raid/chrisjihee/.cache/huggingface/datasets/json/default-cbfc9467ee23e983/0.0.0/f4e89e8750d5d5ffbef2c078bf0ddfedef29dc2faff52a6255cf513c05eb1092
01/10/2025 16:54:07 - INFO - datasets.info - Loading Dataset info from /raid/chrisjihee/.cache/huggingface/datasets/json/default-cbfc9467ee23e983/0.0.0/f4e89e8750d5d5ffbef2c078bf0ddfedef29dc2faff52a6255cf513c05eb1092
Found cached dataset json (/raid/chrisjihee/.cache/huggingface/datasets/json/default-cbfc9467ee23e983/0.0.0/f4e89e8750d5d5ffbef2c078bf0ddfedef29dc2faff52a6255cf513c05eb1092)
01/10/2025 16:54:07 - INFO - datasets.builder - Found cached dataset json (/raid/chrisjihee/.cache/huggingface/datasets/json/default-cbfc9467ee23e983/0.0.0/f4e89e8750d5d5ffbef2c078bf0ddfedef29dc2faff52a6255cf513c05eb1092)
Loading Dataset info from /raid/chrisjihee/.cache/huggingface/datasets/json/default-cbfc9467ee23e983/0.0.0/f4e89e8750d5d5ffbef2c078bf0ddfedef29dc2faff52a6255cf513c05eb1092
01/10/2025 16:54:07 - INFO - datasets.info - Loading Dataset info from /raid/chrisjihee/.cache/huggingface/datasets/json/default-cbfc9467ee23e983/0.0.0/f4e89e8750d5d5ffbef2c078bf0ddfedef29dc2faff52a6255cf513c05eb1092
01/10/2025 16:54:07 - INFO - __main__ - Use data/gner/zero-shot-test-min.jsonl as valid dataset, len(dataset) = 65
Process #0 will write at /raid/chrisjihee/.cache/huggingface/datasets/json/default-cbfc9467ee23e983/0.0.0/f4e89e8750d5d5ffbef2c078bf0ddfedef29dc2faff52a6255cf513c05eb1092/cache-7c9cb9f55c75ab53_00000_of_00004.arrow
01/10/2025 16:54:07 - INFO - datasets.arrow_dataset - Process #0 will write at /raid/chrisjihee/.cache/huggingface/datasets/json/default-cbfc9467ee23e983/0.0.0/f4e89e8750d5d5ffbef2c078bf0ddfedef29dc2faff52a6255cf513c05eb1092/cache-7c9cb9f55c75ab53_00000_of_00004.arrow
Process #1 will write at /raid/chrisjihee/.cache/huggingface/datasets/json/default-cbfc9467ee23e983/0.0.0/f4e89e8750d5d5ffbef2c078bf0ddfedef29dc2faff52a6255cf513c05eb1092/cache-7c9cb9f55c75ab53_00001_of_00004.arrow
01/10/2025 16:54:07 - INFO - datasets.arrow_dataset - Process #1 will write at /raid/chrisjihee/.cache/huggingface/datasets/json/default-cbfc9467ee23e983/0.0.0/f4e89e8750d5d5ffbef2c078bf0ddfedef29dc2faff52a6255cf513c05eb1092/cache-7c9cb9f55c75ab53_00001_of_00004.arrow
Process #2 will write at /raid/chrisjihee/.cache/huggingface/datasets/json/default-cbfc9467ee23e983/0.0.0/f4e89e8750d5d5ffbef2c078bf0ddfedef29dc2faff52a6255cf513c05eb1092/cache-7c9cb9f55c75ab53_00002_of_00004.arrow
01/10/2025 16:54:07 - INFO - datasets.arrow_dataset - Process #2 will write at /raid/chrisjihee/.cache/huggingface/datasets/json/default-cbfc9467ee23e983/0.0.0/f4e89e8750d5d5ffbef2c078bf0ddfedef29dc2faff52a6255cf513c05eb1092/cache-7c9cb9f55c75ab53_00002_of_00004.arrow
Process #3 will write at /raid/chrisjihee/.cache/huggingface/datasets/json/default-cbfc9467ee23e983/0.0.0/f4e89e8750d5d5ffbef2c078bf0ddfedef29dc2faff52a6255cf513c05eb1092/cache-7c9cb9f55c75ab53_00003_of_00004.arrow
01/10/2025 16:54:07 - INFO - datasets.arrow_dataset - Process #3 will write at /raid/chrisjihee/.cache/huggingface/datasets/json/default-cbfc9467ee23e983/0.0.0/f4e89e8750d5d5ffbef2c078bf0ddfedef29dc2faff52a6255cf513c05eb1092/cache-7c9cb9f55c75ab53_00003_of_00004.arrow
Running tokenizer on train dataset (num_proc=4):   6%|█████████                                                                                                                                      | 1144/18135 [00:00<00:06, 2709.81 examples/s]Spawning 4 processes
01/10/2025 16:54:07 - INFO - datasets.arrow_dataset - Spawning 4 processes
Running tokenizer on train dataset (num_proc=4):  12%|████████████████▊                                                                                                                              | 2134/18135 [00:00<00:04, 3637.83 examples/s]Caching processed dataset at /raid/chrisjihee/.cache/huggingface/datasets/json/default-cbfc9467ee23e983/0.0.0/f4e89e8750d5d5ffbef2c078bf0ddfedef29dc2faff52a6255cf513c05eb1092/cache-7c9cb9f55c75ab53_00000_of_00004.arrow
01/10/2025 16:54:08 - INFO - datasets.arrow_dataset - Caching processed dataset at /raid/chrisjihee/.cache/huggingface/datasets/json/default-cbfc9467ee23e983/0.0.0/f4e89e8750d5d5ffbef2c078bf0ddfedef29dc2faff52a6255cf513c05eb1092/cache-7c9cb9f55c75ab53_00000_of_00004.arrow
Running tokenizer on train dataset (num_proc=4):  21%|██████████████████████████████▎                                                                                                                | 3844/18135 [00:01<00:03, 3620.18 examples/s]Caching processed dataset at /raid/chrisjihee/.cache/huggingface/datasets/json/default-cbfc9467ee23e983/0.0.0/f4e89e8750d5d5ffbef2c078bf0ddfedef29dc2faff52a6255cf513c05eb1092/cache-7c9cb9f55c75ab53_00001_of_00004.arrow
01/10/2025 16:54:08 - INFO - datasets.arrow_dataset - Caching processed dataset at /raid/chrisjihee/.cache/huggingface/datasets/json/default-cbfc9467ee23e983/0.0.0/f4e89e8750d5d5ffbef2c078bf0ddfedef29dc2faff52a6255cf513c05eb1092/cache-7c9cb9f55c75ab53_00001_of_00004.arrow
Caching processed dataset at /raid/chrisjihee/.cache/huggingface/datasets/json/default-cbfc9467ee23e983/0.0.0/f4e89e8750d5d5ffbef2c078bf0ddfedef29dc2faff52a6255cf513c05eb1092/cache-7c9cb9f55c75ab53_00003_of_00004.arrow
01/10/2025 16:54:08 - INFO - datasets.arrow_dataset - Caching processed dataset at /raid/chrisjihee/.cache/huggingface/datasets/json/default-cbfc9467ee23e983/0.0.0/f4e89e8750d5d5ffbef2c078bf0ddfedef29dc2faff52a6255cf513c05eb1092/cache-7c9cb9f55c75ab53_00003_of_00004.arrow
Caching processed dataset at /raid/chrisjihee/.cache/huggingface/datasets/json/default-cbfc9467ee23e983/0.0.0/f4e89e8750d5d5ffbef2c078bf0ddfedef29dc2faff52a6255cf513c05eb1092/cache-7c9cb9f55c75ab53_00002_of_00004.arrow
01/10/2025 16:54:08 - INFO - datasets.arrow_dataset - Caching processed dataset at /raid/chrisjihee/.cache/huggingface/datasets/json/default-cbfc9467ee23e983/0.0.0/f4e89e8750d5d5ffbef2c078bf0ddfedef29dc2faff52a6255cf513c05eb1092/cache-7c9cb9f55c75ab53_00002_of_00004.arrow
Running tokenizer on validation dataset (num_proc=4): 100%|█████████████████████████████████████████████████████████████████████████████████████████████████████████████████████████████████████████████████| 65/65 [00:00<00:00, 73.41 examples/s]
Running tokenizer on train dataset (num_proc=4):  30%|██████████████████████████████████████████▋                                                                                                    | 5410/18135 [00:01<00:03, 4028.74 examples/s]Concatenating 4 shards
01/10/2025 16:54:08 - INFO - datasets.arrow_dataset - Concatenating 4 shards
Running tokenizer on train dataset (num_proc=4): 100%|██████████████████████████████████████████████████████████████████████████████████████████████████████████████████████████████████████████████| 18135/18135 [00:05<00:00, 3558.74 examples/s]
Running tokenizer on train dataset (num_proc=4): 100%|██████████████████████████████████████████████████████████████████████████████████████████████████████████████████████████████████████████████| 18135/18135 [00:05<00:00, 3552.10 examples/s]
Running tokenizer on train dataset (num_proc=4): 100%|██████████████████████████████████████████████████████████████████████████████████████████████████████████████████████████████████████████████| 18135/18135 [00:05<00:00, 3530.72 examples/s]
Running tokenizer on train dataset (num_proc=4): 100%|██████████████████████████████████████████████████████████████████████████████████████████████████████████████████████████████████████████████| 18135/18135 [00:05<00:00, 3490.74 examples/s]
Running tokenizer on train dataset (num_proc=4): 100%|██████████████████████████████████████████████████████████████████████████████████████████████████████████████████████████████████████████████| 18135/18135 [00:05<00:00, 3459.63 examples/s]
Running tokenizer on train dataset (num_proc=4): 100%|██████████████████████████████████████████████████████████████████████████████████████████████████████████████████████████████████████████████| 18135/18135 [00:05<00:00, 3415.40 examples/s]
Running tokenizer on train dataset (num_proc=4): 100%|██████████████████████████████████████████████████████████████████████████████████████████████████████████████████████████████████████████████| 18135/18135 [00:05<00:00, 3145.60 examples/s]
[INFO|trainer.py:734] 2025-01-10 16:54:13,901 >> Using auto half precision backend
[2025-01-10 16:54:14,091] [INFO] [logging.py:128:log_dist] [Rank 0] DeepSpeed info: version=0.15.4, git-hash=unknown, git-branch=unknown
[2025-01-10 16:54:14,091] [INFO] [config.py:733:__init__] Config mesh_device None world_size = 8
Running tokenizer on validation dataset (num_proc=4): 100%|████████████████████████████████████████████████████████████████████████████████████████████████████████████████████████████████████████████████| 65/65 [00:00<00:00, 106.05 examples/s]
Running tokenizer on validation dataset (num_proc=4): 100%|████████████████████████████████████████████████████████████████████████████████████████████████████████████████████████████████████████████████| 65/65 [00:00<00:00, 110.89 examples/s]
Running tokenizer on validation dataset (num_proc=4): 100%|█████████████████████████████████████████████████████████████████████████████████████████████████████████████████████████████████████████████████| 65/65 [00:00<00:00, 95.09 examples/s]
Running tokenizer on validation dataset (num_proc=4): 100%|████████████████████████████████████████████████████████████████████████████████████████████████████████████████████████████████████████████████| 65/65 [00:00<00:00, 106.08 examples/s]
Running tokenizer on validation dataset (num_proc=4): 100%|████████████████████████████████████████████████████████████████████████████████████████████████████████████████████████████████████████████████| 65/65 [00:00<00:00, 107.31 examples/s]
Running tokenizer on validation dataset (num_proc=4): 100%|████████████████████████████████████████████████████████████████████████████████████████████████████████████████████████████████████████████████| 65/65 [00:00<00:00, 110.28 examples/s]
Running tokenizer on validation dataset (num_proc=4): 100%|█████████████████████████████████████████████████████████████████████████████████████████████████████████████████████████████████████████████████| 65/65 [00:00<00:00, 94.86 examples/s]
[2025-01-10 16:54:33,514] [INFO] [logging.py:128:log_dist] [Rank 0] DeepSpeed Flops Profiler Enabled: False
[2025-01-10 16:54:33,520] [INFO] [logging.py:128:log_dist] [Rank 0] Using DeepSpeed Optimizer param name adamw as basic optimizer
[2025-01-10 16:54:33,520] [INFO] [logging.py:128:log_dist] [Rank 0] Removing param_group that has no 'params' in the basic Optimizer
[2025-01-10 16:54:33,528] [INFO] [logging.py:128:log_dist] [Rank 0] DeepSpeed Basic Optimizer = FusedAdam
[2025-01-10 16:54:33,528] [INFO] [utils.py:59:is_zero_supported_optimizer] Checking ZeRO support for optimizer=FusedAdam type=<class 'deepspeed.ops.adam.fused_adam.FusedAdam'>
[2025-01-10 16:54:33,528] [INFO] [logging.py:128:log_dist] [Rank 0] Creating torch.bfloat16 ZeRO stage 1 optimizer
[2025-01-10 16:54:33,529] [INFO] [stage_1_and_2.py:149:__init__] Reduce bucket size 200000000
[2025-01-10 16:54:33,529] [INFO] [stage_1_and_2.py:150:__init__] Allgather bucket size 200000000
[2025-01-10 16:54:33,529] [INFO] [stage_1_and_2.py:151:__init__] CPU Offload: False
[2025-01-10 16:54:33,529] [INFO] [stage_1_and_2.py:152:__init__] Round robin gradient partitioning: False
[2025-01-10 16:54:36,782] [WARNING] [lr_schedules.py:683:get_lr] Attempting to get learning rate from scheduler before it has started
[2025-01-10 16:54:36,811] [WARNING] [lr_schedules.py:683:get_lr] Attempting to get learning rate from scheduler before it has started
[WARNING|logging.py:328] 2025-01-10 16:54:36,828 >> `use_cache=True` is incompatible with gradient checkpointing. Setting `use_cache=False`...
[WARNING|logging.py:328] 2025-01-10 16:54:36,864 >> `use_cache=True` is incompatible with gradient checkpointing. Setting `use_cache=False`...
[2025-01-10 16:54:43,301] [WARNING] [lr_schedules.py:683:get_lr] Attempting to get learning rate from scheduler before it has started
[2025-01-10 16:54:43,302] [WARNING] [lr_schedules.py:683:get_lr] Attempting to get learning rate from scheduler before it has started
[2025-01-10 16:54:43,314] [WARNING] [lr_schedules.py:683:get_lr] Attempting to get learning rate from scheduler before it has started
[2025-01-10 16:54:43,328] [WARNING] [lr_schedules.py:683:get_lr] Attempting to get learning rate from scheduler before it has started
[WARNING|logging.py:328] 2025-01-10 16:54:43,344 >> `use_cache=True` is incompatible with gradient checkpointing. Setting `use_cache=False`...
[WARNING|logging.py:328] 2025-01-10 16:54:43,354 >> `use_cache=True` is incompatible with gradient checkpointing. Setting `use_cache=False`...
[WARNING|logging.py:328] 2025-01-10 16:54:43,354 >> `use_cache=True` is incompatible with gradient checkpointing. Setting `use_cache=False`...
[2025-01-10 16:54:43,367] [WARNING] [lr_schedules.py:683:get_lr] Attempting to get learning rate from scheduler before it has started
[WARNING|logging.py:328] 2025-01-10 16:54:43,373 >> `use_cache=True` is incompatible with gradient checkpointing. Setting `use_cache=False`...
[WARNING|logging.py:328] 2025-01-10 16:54:43,411 >> `use_cache=True` is incompatible with gradient checkpointing. Setting `use_cache=False`...
[2025-01-10 16:54:43,615] [INFO] [utils.py:781:see_memory_usage] Before initializing optimizer states
[2025-01-10 16:54:43,616] [INFO] [utils.py:782:see_memory_usage] MA 3.22 GB         Max_MA 3.53 GB         CA 3.71 GB         Max_CA 4 GB
[2025-01-10 16:54:43,616] [INFO] [utils.py:789:see_memory_usage] CPU Virtual Memory:  used = 46.45 GB, percent = 4.6%
[2025-01-10 16:54:43,755] [INFO] [utils.py:781:see_memory_usage] After initializing optimizer states
[2025-01-10 16:54:43,756] [INFO] [utils.py:782:see_memory_usage] MA 3.22 GB         Max_MA 3.84 GB         CA 4.34 GB         Max_CA 4 GB
[2025-01-10 16:54:43,756] [INFO] [utils.py:789:see_memory_usage] CPU Virtual Memory:  used = 46.29 GB, percent = 4.6%
[2025-01-10 16:54:43,756] [INFO] [stage_1_and_2.py:544:__init__] optimizer state initialized
[2025-01-10 16:54:43,887] [INFO] [utils.py:781:see_memory_usage] After initializing ZeRO optimizer
[2025-01-10 16:54:43,888] [INFO] [utils.py:782:see_memory_usage] MA 3.22 GB         Max_MA 3.22 GB         CA 4.34 GB         Max_CA 4 GB
[2025-01-10 16:54:43,888] [INFO] [utils.py:789:see_memory_usage] CPU Virtual Memory:  used = 46.3 GB, percent = 4.6%
[2025-01-10 16:54:43,889] [INFO] [logging.py:128:log_dist] [Rank 0] DeepSpeed Final Optimizer = DeepSpeedZeroOptimizer
[2025-01-10 16:54:43,889] [WARNING] [lr_schedules.py:683:get_lr] Attempting to get learning rate from scheduler before it has started
[2025-01-10 16:54:43,889] [INFO] [logging.py:128:log_dist] [Rank 0] DeepSpeed using configured LR scheduler = WarmupDecayLR
[2025-01-10 16:54:43,889] [INFO] [logging.py:128:log_dist] [Rank 0] DeepSpeed LR Scheduler = <deepspeed.runtime.lr_schedules.WarmupDecayLR object at 0x7efd9dd910a0>
[2025-01-10 16:54:43,889] [INFO] [logging.py:128:log_dist] [Rank 0] step=0, skipped=0, lr=[0], mom=[[0.9, 0.999]]
[2025-01-10 16:54:43,890] [INFO] [config.py:999:print] DeepSpeedEngine configuration:
[2025-01-10 16:54:43,891] [INFO] [config.py:1003:print]   activation_checkpointing_config  {
    "partition_activations": false,
    "contiguous_memory_optimization": false,
    "cpu_checkpointing": false,
    "number_checkpoints": null,
    "synchronize_checkpoint_boundary": false,
    "profile": false
}
[2025-01-10 16:54:43,891] [INFO] [config.py:1003:print]   aio_config ................... {'block_size': 1048576, 'queue_depth': 8, 'thread_count': 1, 'single_submit': False, 'overlap_events': True, 'use_gds': False}
[2025-01-10 16:54:43,891] [INFO] [config.py:1003:print]   amp_enabled .................. False
[2025-01-10 16:54:43,891] [INFO] [config.py:1003:print]   amp_params ................... False
[2025-01-10 16:54:43,891] [INFO] [config.py:1003:print]   autotuning_config ............ {
    "enabled": false,
    "start_step": null,
    "end_step": null,
    "metric_path": null,
    "arg_mappings": null,
    "metric": "throughput",
    "model_info": null,
    "results_dir": "autotuning_results",
    "exps_dir": "autotuning_exps",
    "overwrite": true,
    "fast": true,
    "start_profile_step": 3,
    "end_profile_step": 5,
    "tuner_type": "gridsearch",
    "tuner_early_stopping": 5,
    "tuner_num_trials": 50,
    "model_info_path": null,
    "mp_size": 1,
    "max_train_batch_size": null,
    "min_train_batch_size": 1,
    "max_train_micro_batch_size_per_gpu": 1.024000e+03,
    "min_train_micro_batch_size_per_gpu": 1,
    "num_tuning_micro_batch_sizes": 3
}
[2025-01-10 16:54:43,891] [INFO] [config.py:1003:print]   bfloat16_enabled ............. True
[2025-01-10 16:54:43,891] [INFO] [config.py:1003:print]   bfloat16_immediate_grad_update  False
[2025-01-10 16:54:43,891] [INFO] [config.py:1003:print]   checkpoint_parallel_write_pipeline  False
[2025-01-10 16:54:43,891] [INFO] [config.py:1003:print]   checkpoint_tag_validation_enabled  True
[2025-01-10 16:54:43,891] [INFO] [config.py:1003:print]   checkpoint_tag_validation_fail  False
[2025-01-10 16:54:43,891] [INFO] [config.py:1003:print]   comms_config ................. <deepspeed.comm.config.DeepSpeedCommsConfig object at 0x7efd9ddc7350>
[2025-01-10 16:54:43,891] [INFO] [config.py:1003:print]   communication_data_type ...... None
[2025-01-10 16:54:43,891] [INFO] [config.py:1003:print]   compression_config ........... {'weight_quantization': {'shared_parameters': {'enabled': False, 'quantizer_kernel': False, 'schedule_offset': 0, 'quantize_groups': 1, 'quantize_verbose': False, 'quantization_type': 'symmetric', 'quantize_weight_in_forward': False, 'rounding': 'nearest', 'fp16_mixed_quantize': False, 'quantize_change_ratio': 0.001}, 'different_groups': {}}, 'activation_quantization': {'shared_parameters': {'enabled': False, 'quantization_type': 'symmetric', 'range_calibration': 'dynamic', 'schedule_offset': 1000}, 'different_groups': {}}, 'sparse_pruning': {'shared_parameters': {'enabled': False, 'method': 'l1', 'schedule_offset': 1000}, 'different_groups': {}}, 'row_pruning': {'shared_parameters': {'enabled': False, 'method': 'l1', 'schedule_offset': 1000}, 'different_groups': {}}, 'head_pruning': {'shared_parameters': {'enabled': False, 'method': 'topk', 'schedule_offset': 1000}, 'different_groups': {}}, 'channel_pruning': {'shared_parameters': {'enabled': False, 'method': 'l1', 'schedule_offset': 1000}, 'different_groups': {}}, 'layer_reduction': {'enabled': False}}
[2025-01-10 16:54:43,891] [INFO] [config.py:1003:print]   curriculum_enabled_legacy .... False
[2025-01-10 16:54:43,891] [INFO] [config.py:1003:print]   curriculum_params_legacy ..... False
[2025-01-10 16:54:43,891] [INFO] [config.py:1003:print]   data_efficiency_config ....... {'enabled': False, 'seed': 1234, 'data_sampling': {'enabled': False, 'num_epochs': 1000, 'num_workers': 0, 'curriculum_learning': {'enabled': False}}, 'data_routing': {'enabled': False, 'random_ltd': {'enabled': False, 'layer_token_lr_schedule': {'enabled': False}}}}
[2025-01-10 16:54:43,891] [INFO] [config.py:1003:print]   data_efficiency_enabled ...... False
[2025-01-10 16:54:43,891] [INFO] [config.py:1003:print]   dataloader_drop_last ......... False
[2025-01-10 16:54:43,891] [INFO] [config.py:1003:print]   disable_allgather ............ False
[2025-01-10 16:54:43,891] [INFO] [config.py:1003:print]   dump_state ................... False
[2025-01-10 16:54:43,891] [INFO] [config.py:1003:print]   dynamic_loss_scale_args ...... None
[2025-01-10 16:54:43,891] [INFO] [config.py:1003:print]   eigenvalue_enabled ........... False
[2025-01-10 16:54:43,891] [INFO] [config.py:1003:print]   eigenvalue_gas_boundary_resolution  1
[2025-01-10 16:54:43,892] [INFO] [config.py:1003:print]   eigenvalue_layer_name ........ bert.encoder.layer
[2025-01-10 16:54:43,892] [INFO] [config.py:1003:print]   eigenvalue_layer_num ......... 0
[2025-01-10 16:54:43,892] [INFO] [config.py:1003:print]   eigenvalue_max_iter .......... 100
[2025-01-10 16:54:43,892] [INFO] [config.py:1003:print]   eigenvalue_stability ......... 1e-06
[2025-01-10 16:54:43,892] [INFO] [config.py:1003:print]   eigenvalue_tol ............... 0.01
[2025-01-10 16:54:43,892] [INFO] [config.py:1003:print]   eigenvalue_verbose ........... False
[2025-01-10 16:54:43,892] [INFO] [config.py:1003:print]   elasticity_enabled ........... False
[2025-01-10 16:54:43,892] [INFO] [config.py:1003:print]   flops_profiler_config ........ {
    "enabled": false,
    "recompute_fwd_factor": 0.0,
    "profile_step": 1,
    "module_depth": -1,
    "top_modules": 1,
    "detailed": true,
    "output_file": null
}
[2025-01-10 16:54:43,892] [INFO] [config.py:1003:print]   fp16_auto_cast ............... None
[2025-01-10 16:54:43,892] [INFO] [config.py:1003:print]   fp16_enabled ................. False
[2025-01-10 16:54:43,892] [INFO] [config.py:1003:print]   fp16_master_weights_and_gradients  False
[2025-01-10 16:54:43,892] [INFO] [config.py:1003:print]   global_rank .................. 0
[2025-01-10 16:54:43,892] [INFO] [config.py:1003:print]   grad_accum_dtype ............. None
[2025-01-10 16:54:43,892] [INFO] [config.py:1003:print]   gradient_accumulation_steps .. 4
[2025-01-10 16:54:43,892] [INFO] [config.py:1003:print]   gradient_clipping ............ 1.0
[2025-01-10 16:54:43,892] [INFO] [config.py:1003:print]   gradient_predivide_factor .... 1.0
[2025-01-10 16:54:43,892] [INFO] [config.py:1003:print]   graph_harvesting ............. False
[2025-01-10 16:54:43,892] [INFO] [config.py:1003:print]   hybrid_engine ................ enabled=False max_out_tokens=512 inference_tp_size=1 release_inference_cache=False pin_parameters=True tp_gather_partition_size=8
[2025-01-10 16:54:43,892] [INFO] [config.py:1003:print]   initial_dynamic_scale ........ 1
[2025-01-10 16:54:43,892] [INFO] [config.py:1003:print]   load_universal_checkpoint .... False
[2025-01-10 16:54:43,892] [INFO] [config.py:1003:print]   loss_scale ................... 1.0
[2025-01-10 16:54:43,892] [INFO] [config.py:1003:print]   memory_breakdown ............. False
[2025-01-10 16:54:43,892] [INFO] [config.py:1003:print]   mics_hierarchial_params_gather  False
[2025-01-10 16:54:43,892] [INFO] [config.py:1003:print]   mics_shard_size .............. -1
[2025-01-10 16:54:43,892] [INFO] [config.py:1003:print]   monitor_config ............... tensorboard=TensorBoardConfig(enabled=False, output_path='', job_name='DeepSpeedJobName') comet=CometConfig(enabled=False, samples_log_interval=100, project=None, workspace=None, api_key=None, experiment_name=None, experiment_key=None, online=None, mode=None) wandb=WandbConfig(enabled=False, group=None, team=None, project='deepspeed') csv_monitor=CSVConfig(enabled=False, output_path='', job_name='DeepSpeedJobName')
[2025-01-10 16:54:43,892] [INFO] [config.py:1003:print]   nebula_config ................ {
    "enabled": false,
    "persistent_storage_path": null,
    "persistent_time_interval": 100,
    "num_of_version_in_retention": 2,
    "enable_nebula_load": true,
    "load_path": null
}
[2025-01-10 16:54:43,892] [INFO] [config.py:1003:print]   optimizer_legacy_fusion ...... False
[2025-01-10 16:54:43,892] [INFO] [config.py:1003:print]   optimizer_name ............... adamw
[2025-01-10 16:54:43,893] [INFO] [config.py:1003:print]   optimizer_params ............. {'lr': 2e-05, 'betas': [0.9, 0.999], 'eps': 1e-08, 'weight_decay': 0.0}
[2025-01-10 16:54:43,893] [INFO] [config.py:1003:print]   pipeline ..................... {'stages': 'auto', 'partition': 'best', 'seed_layers': False, 'activation_checkpoint_interval': 0, 'pipe_partitioned': True, 'grad_partitioned': True}
[2025-01-10 16:54:43,893] [INFO] [config.py:1003:print]   pld_enabled .................. False
[2025-01-10 16:54:43,893] [INFO] [config.py:1003:print]   pld_params ................... False
[2025-01-10 16:54:43,893] [INFO] [config.py:1003:print]   prescale_gradients ........... False
[2025-01-10 16:54:43,893] [INFO] [config.py:1003:print]   scheduler_name ............... WarmupDecayLR
[2025-01-10 16:54:43,893] [INFO] [config.py:1003:print]   scheduler_params ............. {'warmup_min_lr': 0, 'warmup_max_lr': 2e-05, 'warmup_num_steps': 2, 'total_num_steps': 36}
[2025-01-10 16:54:43,893] [INFO] [config.py:1003:print]   seq_parallel_communication_data_type  torch.float32
[2025-01-10 16:54:43,893] [INFO] [config.py:1003:print]   sparse_attention ............. None
[2025-01-10 16:54:43,893] [INFO] [config.py:1003:print]   sparse_gradients_enabled ..... False
[2025-01-10 16:54:43,893] [INFO] [config.py:1003:print]   steps_per_print .............. inf
[2025-01-10 16:54:43,893] [INFO] [config.py:1003:print]   timers_config ................ enabled=True synchronized=True
[2025-01-10 16:54:43,893] [INFO] [config.py:1003:print]   train_batch_size ............. 256
[2025-01-10 16:54:43,893] [INFO] [config.py:1003:print]   train_micro_batch_size_per_gpu  8
[2025-01-10 16:54:43,893] [INFO] [config.py:1003:print]   use_data_before_expert_parallel_  False
[2025-01-10 16:54:43,893] [INFO] [config.py:1003:print]   use_node_local_storage ....... False
[2025-01-10 16:54:43,893] [INFO] [config.py:1003:print]   wall_clock_breakdown ......... False
[2025-01-10 16:54:43,893] [INFO] [config.py:1003:print]   weight_quantization_config ... None
[2025-01-10 16:54:43,893] [INFO] [config.py:1003:print]   world_size ................... 8
[2025-01-10 16:54:43,893] [INFO] [config.py:1003:print]   zero_allow_untested_optimizer  False
[2025-01-10 16:54:43,893] [INFO] [config.py:1003:print]   zero_config .................. stage=1 contiguous_gradients=True reduce_scatter=True reduce_bucket_size=200000000 use_multi_rank_bucket_allreduce=True allgather_partitions=True allgather_bucket_size=200000000 overlap_comm=True load_from_fp32_weights=True elastic_checkpoint=False offload_param=None offload_optimizer=None sub_group_size=1000000000 cpu_offload_param=None cpu_offload_use_pin_memory=None cpu_offload=None prefetch_bucket_size=50000000 param_persistence_threshold=100000 model_persistence_threshold=9223372036854775807 max_live_parameters=1000000000 max_reuse_distance=1000000000 gather_16bit_weights_on_model_save=False use_all_reduce_for_fetch_params=False stage3_gather_fp16_weights_on_model_save=False ignore_unused_parameters=True legacy_stage1=False round_robin_gradients=False zero_hpz_partition_size=1 zero_quantized_weights=False zero_quantized_nontrainable_weights=False zero_quantized_gradients=False mics_shard_size=-1 mics_hierarchical_params_gather=False memory_efficient_linear=True pipeline_loading_checkpoint=False override_module_apply=True
[2025-01-10 16:54:43,893] [INFO] [config.py:1003:print]   zero_enabled ................. True
[2025-01-10 16:54:43,893] [INFO] [config.py:1003:print]   zero_force_ds_cpu_optimizer .. True
[2025-01-10 16:54:43,893] [INFO] [config.py:1003:print]   zero_optimization_stage ...... 1
[2025-01-10 16:54:43,893] [INFO] [config.py:989:print_user_config]   json = {
    "bf16": {
        "enabled": true
    },
    "optimizer": {
        "type": "AdamW",
        "params": {
            "lr": 2e-05,
            "betas": [0.9, 0.999],
            "eps": 1e-08,
            "weight_decay": 0.0
        }
    },
    "scheduler": {
        "type": "WarmupDecayLR",
        "params": {
            "warmup_min_lr": 0,
            "warmup_max_lr": 2e-05,
            "warmup_num_steps": 2,
            "total_num_steps": 36
        }
    },
    "zero_optimization": {
        "stage": 1,
        "allgather_partitions": true,
        "allgather_bucket_size": 2.000000e+08,
        "overlap_comm": true,
        "reduce_scatter": true,
        "reduce_bucket_size": 2.000000e+08,
        "contiguous_gradients": true
    },
    "gradient_accumulation_steps": 4,
    "gradient_clipping": 1.0,
    "train_batch_size": 256,
    "train_micro_batch_size_per_gpu": 8,
    "steps_per_print": inf,
    "fp16": {
        "enabled": false
    }
}
[INFO|trainer.py:2362] 2025-01-10 16:54:43,894 >> ***** Running training *****
[INFO|trainer.py:2363] 2025-01-10 16:54:43,894 >>   Num examples = 18,135
[INFO|trainer.py:2364] 2025-01-10 16:54:43,894 >>   Num Epochs = 1
[INFO|trainer.py:2365] 2025-01-10 16:54:43,894 >>   Instantaneous batch size per device = 8
[INFO|trainer.py:2368] 2025-01-10 16:54:43,894 >>   Total train batch size (w. parallel, distributed & accumulation) = 256
[INFO|trainer.py:2369] 2025-01-10 16:54:43,894 >>   Gradient Accumulation steps = 4
[INFO|trainer.py:2370] 2025-01-10 16:54:43,894 >>   Total optimization steps = 36
[INFO|trainer.py:2371] 2025-01-10 16:54:43,894 >>   Number of trainable parameters = 1,341,247,488
  0%|                                                                                                                                                                                                                       | 0/36 [00:00<?, ?it/s][WARNING|logging.py:328] 2025-01-10 16:54:43,947 >> `use_cache=True` is incompatible with gradient checkpointing. Setting `use_cache=False`...
{'loss': 3.3407, 'grad_norm': 1.880062222480774, 'learning_rate': 1.5882352941176473e-05, 'epoch': 0.14}
{'loss': 0.4933, 'grad_norm': 1.202392816543579, 'learning_rate': 1e-05, 'epoch': 0.28}
{'loss': 0.2595, 'grad_norm': 0.6300100088119507, 'learning_rate': 4.11764705882353e-06, 'epoch': 0.42}
100%|██████████████████████████████████████████████████████████████████████████████████████████████████████████████████████████████████████████████████████████████████████████████████████████████████████████████| 36/36 [00:44<00:00,  1.09s/it][INFO|trainer.py:3887] 2025-01-10 16:55:29,548 >> Saving model checkpoint to output/GNER/EAGLE-1B-supervised/checkpoint-36
[INFO|configuration_utils.py:419] 2025-01-10 16:55:29,550 >> Configuration saved in output/GNER/EAGLE-1B-supervised/checkpoint-36/config.json
[INFO|configuration_utils.py:909] 2025-01-10 16:55:29,551 >> Configuration saved in output/GNER/EAGLE-1B-supervised/checkpoint-36/generation_config.json
[INFO|modeling_utils.py:3042] 2025-01-10 16:55:32,753 >> Model weights saved in output/GNER/EAGLE-1B-supervised/checkpoint-36/model.safetensors
[INFO|tokenization_utils_base.py:2485] 2025-01-10 16:55:32,848 >> tokenizer config file saved in output/GNER/EAGLE-1B-supervised/checkpoint-36/tokenizer_config.json
[INFO|tokenization_utils_base.py:2494] 2025-01-10 16:55:32,849 >> Special tokens file saved in output/GNER/EAGLE-1B-supervised/checkpoint-36/special_tokens_map.json
[2025-01-10 16:55:32,875] [INFO] [logging.py:128:log_dist] [Rank 0] [Torch] Checkpoint global_step36 is about to be saved!
[2025-01-10 16:55:32,898] [INFO] [logging.py:128:log_dist] [Rank 0] Saving model checkpoint: output/GNER/EAGLE-1B-supervised/checkpoint-36/global_step36/mp_rank_00_model_states.pt
[2025-01-10 16:55:32,898] [INFO] [torch_checkpoint_engine.py:21:save] [Torch] Saving output/GNER/EAGLE-1B-supervised/checkpoint-36/global_step36/mp_rank_00_model_states.pt...
[2025-01-10 16:55:37,026] [INFO] [torch_checkpoint_engine.py:23:save] [Torch] Saved output/GNER/EAGLE-1B-supervised/checkpoint-36/global_step36/mp_rank_00_model_states.pt.
[2025-01-10 16:55:37,029] [INFO] [torch_checkpoint_engine.py:21:save] [Torch] Saving output/GNER/EAGLE-1B-supervised/checkpoint-36/global_step36/bf16_zero_pp_rank_0_mp_rank_00_optim_states.pt...
[2025-01-10 16:55:41,738] [INFO] [torch_checkpoint_engine.py:23:save] [Torch] Saved output/GNER/EAGLE-1B-supervised/checkpoint-36/global_step36/bf16_zero_pp_rank_0_mp_rank_00_optim_states.pt.
[2025-01-10 16:55:41,739] [INFO] [engine.py:3536:_save_zero_checkpoint] zero checkpoint saved output/GNER/EAGLE-1B-supervised/checkpoint-36/global_step36/bf16_zero_pp_rank_0_mp_rank_00_optim_states.pt
[2025-01-10 16:55:41,739] [INFO] [torch_checkpoint_engine.py:33:commit] [Torch] Checkpoint global_step36 is ready now!
[INFO|gner_trainer.py:60] 2025-01-10 16:55:41,757 >> ***** Running Evaluation *****
[INFO|gner_trainer.py:62] 2025-01-10 16:55:41,757 >>   Num examples = 65
[INFO|gner_trainer.py:65] 2025-01-10 16:55:41,757 >>   Batch size = 8
{'eval_crossner_ai_prec': 0.27840909090893273, 'eval_crossner_ai_rec': 0.21973094170393737, 'eval_crossner_ai_f1': 0.24561403503828996, 'eval_AVERAGE_f1': 0.24561403503828996, 'eval_runtime': 9.2004, 'eval_samples_per_second': 7.065, 'eval_steps_per_second': 0.217, 'epoch': 0.51}
100%|██████████████████████████████████████████████████████████████████████████████████████████████████████████████████████████████████████████████████████████████████████████████████████████████████████████████| 36/36 [01:07<00:00,  1.09s/it]
[INFO|trainer.py:3887] 2025-01-10 16:55:52,094 >> Saving model checkpoint to output/GNER/EAGLE-1B-supervised/checkpoint-36
[INFO|configuration_utils.py:419] 2025-01-10 16:55:52,097 >> Configuration saved in output/GNER/EAGLE-1B-supervised/checkpoint-36/config.json
[INFO|configuration_utils.py:909] 2025-01-10 16:55:52,097 >> Configuration saved in output/GNER/EAGLE-1B-supervised/checkpoint-36/generation_config.json
[INFO|modeling_utils.py:3042] 2025-01-10 16:55:55,341 >> Model weights saved in output/GNER/EAGLE-1B-supervised/checkpoint-36/model.safetensors
[INFO|tokenization_utils_base.py:2485] 2025-01-10 16:55:55,457 >> tokenizer config file saved in output/GNER/EAGLE-1B-supervised/checkpoint-36/tokenizer_config.json
[INFO|tokenization_utils_base.py:2494] 2025-01-10 16:55:55,457 >> Special tokens file saved in output/GNER/EAGLE-1B-supervised/checkpoint-36/special_tokens_map.json
[2025-01-10 16:55:55,484] [INFO] [logging.py:128:log_dist] [Rank 0] [Torch] Checkpoint global_step36 is about to be saved!
[2025-01-10 16:55:55,490] [INFO] [logging.py:128:log_dist] [Rank 0] Saving model checkpoint: output/GNER/EAGLE-1B-supervised/checkpoint-36/global_step36/mp_rank_00_model_states.pt
[2025-01-10 16:55:55,490] [INFO] [torch_checkpoint_engine.py:21:save] [Torch] Saving output/GNER/EAGLE-1B-supervised/checkpoint-36/global_step36/mp_rank_00_model_states.pt...
[2025-01-10 16:55:59,739] [INFO] [torch_checkpoint_engine.py:23:save] [Torch] Saved output/GNER/EAGLE-1B-supervised/checkpoint-36/global_step36/mp_rank_00_model_states.pt.
[2025-01-10 16:55:59,783] [INFO] [torch_checkpoint_engine.py:21:save] [Torch] Saving output/GNER/EAGLE-1B-supervised/checkpoint-36/global_step36/bf16_zero_pp_rank_0_mp_rank_00_optim_states.pt...
[2025-01-10 16:56:04,781] [INFO] [torch_checkpoint_engine.py:23:save] [Torch] Saved output/GNER/EAGLE-1B-supervised/checkpoint-36/global_step36/bf16_zero_pp_rank_0_mp_rank_00_optim_states.pt.
[2025-01-10 16:56:04,781] [INFO] [engine.py:3536:_save_zero_checkpoint] zero checkpoint saved output/GNER/EAGLE-1B-supervised/checkpoint-36/global_step36/bf16_zero_pp_rank_0_mp_rank_00_optim_states.pt
[2025-01-10 16:56:04,781] [INFO] [torch_checkpoint_engine.py:33:commit] [Torch] Checkpoint global_step36 is ready now!
[INFO|trainer.py:2636] 2025-01-10 16:56:04,819 >>

Training completed. Do not forget to share your model on huggingface.co/models =)


{'train_runtime': 80.9242, 'train_samples_per_second': 112.049, 'train_steps_per_second': 0.445, 'train_loss': 1.1692136128743489, 'epoch': 0.51}
100%|██████████████████████████████████████████████████████████████████████████████████████████████████████████████████████████████████████████████████████████████████████████████████████████████████████████████| 36/36 [01:20<00:00,  2.25s/it]
[2025-01-10 16:56:08,382] [INFO] [launch.py:351:main] Process 1074594 exits successfully.
[2025-01-10 16:56:09,383] [INFO] [launch.py:351:main] Process 1074593 exits successfully.
[2025-01-10 16:56:09,383] [INFO] [launch.py:351:main] Process 1074592 exits successfully.
[2025-01-10 16:56:09,383] [INFO] [launch.py:351:main] Process 1074596 exits successfully.
[2025-01-10 16:56:09,383] [INFO] [launch.py:351:main] Process 1074589 exits successfully.
[2025-01-10 16:56:09,383] [INFO] [launch.py:351:main] Process 1074591 exits successfully.
[2025-01-10 16:56:10,383] [INFO] [launch.py:351:main] Process 1074595 exits successfully.
[2025-01-10 16:56:10,384] [INFO] [launch.py:351:main] Process 1074590 exits successfully.

Process finished with exit code 0
