(DeepKNLP) chrisjihee@dgx-a100:~/proj/DeepKNLP$ ds_report; pip list | grep -E "torch|lightn|transformer|deep|piece|chris|prog|num"
[2025-01-10 17:56:24,524] [INFO] [real_accelerator.py:219:get_accelerator] Setting ds_accelerator to cuda (auto detect)
--------------------------------------------------
DeepSpeed C++/CUDA extension op report
--------------------------------------------------
NOTE: Ops not installed will be just-in-time (JIT) compiled at
      runtime if needed. Op compatibility means that your system
      meet the required dependencies to JIT install the op.
--------------------------------------------------
JIT compiled ops requires ninja
ninja .................. [OKAY]
--------------------------------------------------
op name ................ installed .. compatible
--------------------------------------------------
 [WARNING]  async_io requires the dev libaio .so object and headers but these were not found.
 [WARNING]  async_io: please install the libaio-dev package with apt
 [WARNING]  If libaio is already installed (perhaps from source), try setting the CFLAGS and LDFLAGS environment variables to where it can be found.
async_io ............... [NO] ....... [NO]
fused_adam ............. [YES] ...... [OKAY]
cpu_adam ............... [NO] ....... [OKAY]
cpu_adagrad ............ [NO] ....... [OKAY]
cpu_lion ............... [NO] ....... [OKAY]
 [WARNING]  Please specify the CUTLASS repo directory as environment variable $CUTLASS_PATH
evoformer_attn ......... [NO] ....... [NO]
 [WARNING]  FP Quantizer is using an untested triton version (3.1.0), only 2.3.(0, 1) and 3.0.0 are known to be compatible with these kernels
fp_quantizer ........... [NO] ....... [NO]
fused_lamb ............. [NO] ....... [OKAY]
fused_lion ............. [NO] ....... [OKAY]
/raid/chrisjihee/miniforge3/envs/DeepKNLP/compiler_compat/ld: cannot find -lcufile: No such file or directory
collect2: error: ld returned 1 exit status
gds .................... [NO] ....... [NO]
transformer_inference .. [NO] ....... [OKAY]
inference_core_ops ..... [NO] ....... [OKAY]
cutlass_ops ............ [NO] ....... [OKAY]
quantizer .............. [NO] ....... [OKAY]
ragged_device_ops ...... [NO] ....... [OKAY]
ragged_ops ............. [NO] ....... [OKAY]
random_ltd ............. [NO] ....... [OKAY]
 [WARNING]  sparse_attn requires a torch version >= 1.5 and < 2.0 but detected 2.5
 [WARNING]  using untested triton version (3.1.0), only 1.0.0 is known to be compatible
sparse_attn ............ [NO] ....... [NO]
spatial_inference ...... [NO] ....... [OKAY]
transformer ............ [NO] ....... [OKAY]
stochastic_transformer . [NO] ....... [OKAY]
--------------------------------------------------
DeepSpeed general environment info:
torch install path ............... ['/raid/chrisjihee/miniforge3/envs/DeepKNLP/lib/python3.12/site-packages/torch']
torch version .................... 2.5.1+cu118
deepspeed install path ........... ['/raid/chrisjihee/miniforge3/envs/DeepKNLP/lib/python3.12/site-packages/deepspeed']
deepspeed info ................... 0.15.4, unknown, unknown
torch cuda version ............... 11.8
torch hip version ................ None
nvcc version ..................... 11.8
deepspeed wheel compiled w. ...... torch 2.5, cuda 11.8
shared memory (/dev/shm) size .... 503.83 GB
deepspeed                0.15.4
lightning                2.5.0.post0
lightning-utilities      0.11.9
numpy                    2.2.1
pytorch-lightning        2.5.0.post0
sentencepiece            0.2.0
torch                    2.5.1+cu118
torchmetrics             1.6.1
transformers             4.47.1
(DeepKNLP) chrisjihee@dgx-a100:~/proj/DeepKNLP$


/bin/bash /raid/chrisjihee/proj/DeepKNLP/task2-nerG-trainer1.sh
++ shuf -i25000-30000 -n1
+ port=28769
+ TRAIN_JSON_DIR=data/gner/zero-shot-train.jsonl
+ VALID_JSON_DIR=data/gner/zero-shot-test-min.jsonl
+ MODEL_NAME_OR_PATH=etri-lirs/egpt-1.3b-preview
+ OUTPUT_DIR=output/GNER/EAGLE-1B-supervised
+ RUN_NAME=train_eagle_1b_supervised-base
+ DEEPSPEED_CONFIG=configs/deepspeed_configs/deepspeed_zero1_llama.json
+ /raid/chrisjihee/miniforge3/envs/DeepKNLP/bin/python -m deepspeed.launcher.runner --include=localhost:0,1,2,3,4,5,6,7 --master_port 28769 task2-nerG-trainer1.py --do_train --do_eval --predict_with_generate --train_json_dir data/gner/zero-shot-train.jsonl --valid_json_dir data/gner/zero-shot-test-min.jsonl --no_load_gner_customized_datasets --model_name_or_path etri-lirs/egpt-1.3b-preview --output_dir output/GNER/EAGLE-1B-supervised --run_name train_eagle_1b_supervised-base --preprocessing_num_workers 4 --per_device_eval_batch_size 8 --per_device_train_batch_size 8 --gradient_accumulation_steps 4 --gradient_checkpointing True --bf16 True --tf32 True --lr_scheduler_type cosine --learning_rate 2e-05 --warmup_ratio 0.04 --weight_decay 0. --max_source_length 640 --max_target_length 640 --generation_max_length 1280 --num_train_epochs 0.5 --logging_strategy steps --logging_steps 10 --eval_strategy epoch --save_strategy epoch --overwrite_output_dir --overwrite_cache --seed 1234 --deepspeed configs/deepspeed_configs/deepspeed_zero1_llama.json
[2025-01-10 17:50:52,633] [INFO] [real_accelerator.py:219:get_accelerator] Setting ds_accelerator to cuda (auto detect)
[2025-01-10 17:50:57,575] [WARNING] [runner.py:215:fetch_hostfile] Unable to find hostfile, will proceed with training with local resources only.
[2025-01-10 17:50:57,575] [INFO] [runner.py:607:main] cmd = /raid/chrisjihee/miniforge3/envs/DeepKNLP/bin/python -u -m deepspeed.launcher.launch --world_info=eyJsb2NhbGhvc3QiOiBbMCwgMSwgMiwgMywgNCwgNSwgNiwgN119 --master_addr=127.0.0.1 --master_port=28769 --enable_each_rank_log=None task2-nerG-trainer1.py --do_train --do_eval --predict_with_generate --train_json_dir data/gner/zero-shot-train.jsonl --valid_json_dir data/gner/zero-shot-test-min.jsonl --no_load_gner_customized_datasets --model_name_or_path etri-lirs/egpt-1.3b-preview --output_dir output/GNER/EAGLE-1B-supervised --run_name train_eagle_1b_supervised-base --preprocessing_num_workers 4 --per_device_eval_batch_size 8 --per_device_train_batch_size 8 --gradient_accumulation_steps 4 --gradient_checkpointing True --bf16 True --tf32 True --lr_scheduler_type cosine --learning_rate 2e-05 --warmup_ratio 0.04 --weight_decay 0. --max_source_length 640 --max_target_length 640 --generation_max_length 1280 --num_train_epochs 0.5 --logging_strategy steps --logging_steps 10 --eval_strategy epoch --save_strategy epoch --overwrite_output_dir --overwrite_cache --seed 1234 --deepspeed configs/deepspeed_configs/deepspeed_zero1_llama.json
[2025-01-10 17:51:00,684] [INFO] [real_accelerator.py:219:get_accelerator] Setting ds_accelerator to cuda (auto detect)
[2025-01-10 17:51:05,677] [INFO] [launch.py:146:main] WORLD INFO DICT: {'localhost': [0, 1, 2, 3, 4, 5, 6, 7]}
[2025-01-10 17:51:05,677] [INFO] [launch.py:152:main] nnodes=1, num_local_procs=8, node_rank=0
[2025-01-10 17:51:05,678] [INFO] [launch.py:163:main] global_rank_mapping=defaultdict(<class 'list'>, {'localhost': [0, 1, 2, 3, 4, 5, 6, 7]})
[2025-01-10 17:51:05,678] [INFO] [launch.py:164:main] dist_world_size=8
[2025-01-10 17:51:05,678] [INFO] [launch.py:168:main] Setting CUDA_VISIBLE_DEVICES=0,1,2,3,4,5,6,7
[2025-01-10 17:51:05,678] [INFO] [launch.py:256:main] process 1137985 spawned with command: ['/raid/chrisjihee/miniforge3/envs/DeepKNLP/bin/python', '-u', 'task2-nerG-trainer1.py', '--local_rank=0', '--do_train', '--do_eval', '--predict_with_generate', '--train_json_dir', 'data/gner/zero-shot-train.jsonl', '--valid_json_dir', 'data/gner/zero-shot-test-min.jsonl', '--no_load_gner_customized_datasets', '--model_name_or_path', 'etri-lirs/egpt-1.3b-preview', '--output_dir', 'output/GNER/EAGLE-1B-supervised', '--run_name', 'train_eagle_1b_supervised-base', '--preprocessing_num_workers', '4', '--per_device_eval_batch_size', '8', '--per_device_train_batch_size', '8', '--gradient_accumulation_steps', '4', '--gradient_checkpointing', 'True', '--bf16', 'True', '--tf32', 'True', '--lr_scheduler_type', 'cosine', '--learning_rate', '2e-05', '--warmup_ratio', '0.04', '--weight_decay', '0.', '--max_source_length', '640', '--max_target_length', '640', '--generation_max_length', '1280', '--num_train_epochs', '0.5', '--logging_strategy', 'steps', '--logging_steps', '10', '--eval_strategy', 'epoch', '--save_strategy', 'epoch', '--overwrite_output_dir', '--overwrite_cache', '--seed', '1234', '--deepspeed', 'configs/deepspeed_configs/deepspeed_zero1_llama.json']
[2025-01-10 17:51:05,679] [INFO] [launch.py:256:main] process 1137986 spawned with command: ['/raid/chrisjihee/miniforge3/envs/DeepKNLP/bin/python', '-u', 'task2-nerG-trainer1.py', '--local_rank=1', '--do_train', '--do_eval', '--predict_with_generate', '--train_json_dir', 'data/gner/zero-shot-train.jsonl', '--valid_json_dir', 'data/gner/zero-shot-test-min.jsonl', '--no_load_gner_customized_datasets', '--model_name_or_path', 'etri-lirs/egpt-1.3b-preview', '--output_dir', 'output/GNER/EAGLE-1B-supervised', '--run_name', 'train_eagle_1b_supervised-base', '--preprocessing_num_workers', '4', '--per_device_eval_batch_size', '8', '--per_device_train_batch_size', '8', '--gradient_accumulation_steps', '4', '--gradient_checkpointing', 'True', '--bf16', 'True', '--tf32', 'True', '--lr_scheduler_type', 'cosine', '--learning_rate', '2e-05', '--warmup_ratio', '0.04', '--weight_decay', '0.', '--max_source_length', '640', '--max_target_length', '640', '--generation_max_length', '1280', '--num_train_epochs', '0.5', '--logging_strategy', 'steps', '--logging_steps', '10', '--eval_strategy', 'epoch', '--save_strategy', 'epoch', '--overwrite_output_dir', '--overwrite_cache', '--seed', '1234', '--deepspeed', 'configs/deepspeed_configs/deepspeed_zero1_llama.json']
[2025-01-10 17:51:05,679] [INFO] [launch.py:256:main] process 1137987 spawned with command: ['/raid/chrisjihee/miniforge3/envs/DeepKNLP/bin/python', '-u', 'task2-nerG-trainer1.py', '--local_rank=2', '--do_train', '--do_eval', '--predict_with_generate', '--train_json_dir', 'data/gner/zero-shot-train.jsonl', '--valid_json_dir', 'data/gner/zero-shot-test-min.jsonl', '--no_load_gner_customized_datasets', '--model_name_or_path', 'etri-lirs/egpt-1.3b-preview', '--output_dir', 'output/GNER/EAGLE-1B-supervised', '--run_name', 'train_eagle_1b_supervised-base', '--preprocessing_num_workers', '4', '--per_device_eval_batch_size', '8', '--per_device_train_batch_size', '8', '--gradient_accumulation_steps', '4', '--gradient_checkpointing', 'True', '--bf16', 'True', '--tf32', 'True', '--lr_scheduler_type', 'cosine', '--learning_rate', '2e-05', '--warmup_ratio', '0.04', '--weight_decay', '0.', '--max_source_length', '640', '--max_target_length', '640', '--generation_max_length', '1280', '--num_train_epochs', '0.5', '--logging_strategy', 'steps', '--logging_steps', '10', '--eval_strategy', 'epoch', '--save_strategy', 'epoch', '--overwrite_output_dir', '--overwrite_cache', '--seed', '1234', '--deepspeed', 'configs/deepspeed_configs/deepspeed_zero1_llama.json']
[2025-01-10 17:51:05,680] [INFO] [launch.py:256:main] process 1137988 spawned with command: ['/raid/chrisjihee/miniforge3/envs/DeepKNLP/bin/python', '-u', 'task2-nerG-trainer1.py', '--local_rank=3', '--do_train', '--do_eval', '--predict_with_generate', '--train_json_dir', 'data/gner/zero-shot-train.jsonl', '--valid_json_dir', 'data/gner/zero-shot-test-min.jsonl', '--no_load_gner_customized_datasets', '--model_name_or_path', 'etri-lirs/egpt-1.3b-preview', '--output_dir', 'output/GNER/EAGLE-1B-supervised', '--run_name', 'train_eagle_1b_supervised-base', '--preprocessing_num_workers', '4', '--per_device_eval_batch_size', '8', '--per_device_train_batch_size', '8', '--gradient_accumulation_steps', '4', '--gradient_checkpointing', 'True', '--bf16', 'True', '--tf32', 'True', '--lr_scheduler_type', 'cosine', '--learning_rate', '2e-05', '--warmup_ratio', '0.04', '--weight_decay', '0.', '--max_source_length', '640', '--max_target_length', '640', '--generation_max_length', '1280', '--num_train_epochs', '0.5', '--logging_strategy', 'steps', '--logging_steps', '10', '--eval_strategy', 'epoch', '--save_strategy', 'epoch', '--overwrite_output_dir', '--overwrite_cache', '--seed', '1234', '--deepspeed', 'configs/deepspeed_configs/deepspeed_zero1_llama.json']
[2025-01-10 17:51:05,681] [INFO] [launch.py:256:main] process 1137989 spawned with command: ['/raid/chrisjihee/miniforge3/envs/DeepKNLP/bin/python', '-u', 'task2-nerG-trainer1.py', '--local_rank=4', '--do_train', '--do_eval', '--predict_with_generate', '--train_json_dir', 'data/gner/zero-shot-train.jsonl', '--valid_json_dir', 'data/gner/zero-shot-test-min.jsonl', '--no_load_gner_customized_datasets', '--model_name_or_path', 'etri-lirs/egpt-1.3b-preview', '--output_dir', 'output/GNER/EAGLE-1B-supervised', '--run_name', 'train_eagle_1b_supervised-base', '--preprocessing_num_workers', '4', '--per_device_eval_batch_size', '8', '--per_device_train_batch_size', '8', '--gradient_accumulation_steps', '4', '--gradient_checkpointing', 'True', '--bf16', 'True', '--tf32', 'True', '--lr_scheduler_type', 'cosine', '--learning_rate', '2e-05', '--warmup_ratio', '0.04', '--weight_decay', '0.', '--max_source_length', '640', '--max_target_length', '640', '--generation_max_length', '1280', '--num_train_epochs', '0.5', '--logging_strategy', 'steps', '--logging_steps', '10', '--eval_strategy', 'epoch', '--save_strategy', 'epoch', '--overwrite_output_dir', '--overwrite_cache', '--seed', '1234', '--deepspeed', 'configs/deepspeed_configs/deepspeed_zero1_llama.json']
[2025-01-10 17:51:05,681] [INFO] [launch.py:256:main] process 1137990 spawned with command: ['/raid/chrisjihee/miniforge3/envs/DeepKNLP/bin/python', '-u', 'task2-nerG-trainer1.py', '--local_rank=5', '--do_train', '--do_eval', '--predict_with_generate', '--train_json_dir', 'data/gner/zero-shot-train.jsonl', '--valid_json_dir', 'data/gner/zero-shot-test-min.jsonl', '--no_load_gner_customized_datasets', '--model_name_or_path', 'etri-lirs/egpt-1.3b-preview', '--output_dir', 'output/GNER/EAGLE-1B-supervised', '--run_name', 'train_eagle_1b_supervised-base', '--preprocessing_num_workers', '4', '--per_device_eval_batch_size', '8', '--per_device_train_batch_size', '8', '--gradient_accumulation_steps', '4', '--gradient_checkpointing', 'True', '--bf16', 'True', '--tf32', 'True', '--lr_scheduler_type', 'cosine', '--learning_rate', '2e-05', '--warmup_ratio', '0.04', '--weight_decay', '0.', '--max_source_length', '640', '--max_target_length', '640', '--generation_max_length', '1280', '--num_train_epochs', '0.5', '--logging_strategy', 'steps', '--logging_steps', '10', '--eval_strategy', 'epoch', '--save_strategy', 'epoch', '--overwrite_output_dir', '--overwrite_cache', '--seed', '1234', '--deepspeed', 'configs/deepspeed_configs/deepspeed_zero1_llama.json']
[2025-01-10 17:51:05,682] [INFO] [launch.py:256:main] process 1137991 spawned with command: ['/raid/chrisjihee/miniforge3/envs/DeepKNLP/bin/python', '-u', 'task2-nerG-trainer1.py', '--local_rank=6', '--do_train', '--do_eval', '--predict_with_generate', '--train_json_dir', 'data/gner/zero-shot-train.jsonl', '--valid_json_dir', 'data/gner/zero-shot-test-min.jsonl', '--no_load_gner_customized_datasets', '--model_name_or_path', 'etri-lirs/egpt-1.3b-preview', '--output_dir', 'output/GNER/EAGLE-1B-supervised', '--run_name', 'train_eagle_1b_supervised-base', '--preprocessing_num_workers', '4', '--per_device_eval_batch_size', '8', '--per_device_train_batch_size', '8', '--gradient_accumulation_steps', '4', '--gradient_checkpointing', 'True', '--bf16', 'True', '--tf32', 'True', '--lr_scheduler_type', 'cosine', '--learning_rate', '2e-05', '--warmup_ratio', '0.04', '--weight_decay', '0.', '--max_source_length', '640', '--max_target_length', '640', '--generation_max_length', '1280', '--num_train_epochs', '0.5', '--logging_strategy', 'steps', '--logging_steps', '10', '--eval_strategy', 'epoch', '--save_strategy', 'epoch', '--overwrite_output_dir', '--overwrite_cache', '--seed', '1234', '--deepspeed', 'configs/deepspeed_configs/deepspeed_zero1_llama.json']
[2025-01-10 17:51:05,682] [INFO] [launch.py:256:main] process 1137992 spawned with command: ['/raid/chrisjihee/miniforge3/envs/DeepKNLP/bin/python', '-u', 'task2-nerG-trainer1.py', '--local_rank=7', '--do_train', '--do_eval', '--predict_with_generate', '--train_json_dir', 'data/gner/zero-shot-train.jsonl', '--valid_json_dir', 'data/gner/zero-shot-test-min.jsonl', '--no_load_gner_customized_datasets', '--model_name_or_path', 'etri-lirs/egpt-1.3b-preview', '--output_dir', 'output/GNER/EAGLE-1B-supervised', '--run_name', 'train_eagle_1b_supervised-base', '--preprocessing_num_workers', '4', '--per_device_eval_batch_size', '8', '--per_device_train_batch_size', '8', '--gradient_accumulation_steps', '4', '--gradient_checkpointing', 'True', '--bf16', 'True', '--tf32', 'True', '--lr_scheduler_type', 'cosine', '--learning_rate', '2e-05', '--warmup_ratio', '0.04', '--weight_decay', '0.', '--max_source_length', '640', '--max_target_length', '640', '--generation_max_length', '1280', '--num_train_epochs', '0.5', '--logging_strategy', 'steps', '--logging_steps', '10', '--eval_strategy', 'epoch', '--save_strategy', 'epoch', '--overwrite_output_dir', '--overwrite_cache', '--seed', '1234', '--deepspeed', 'configs/deepspeed_configs/deepspeed_zero1_llama.json']
[2025-01-10 17:51:13,976] [INFO] [real_accelerator.py:219:get_accelerator] Setting ds_accelerator to cuda (auto detect)
[2025-01-10 17:51:14,167] [INFO] [real_accelerator.py:219:get_accelerator] Setting ds_accelerator to cuda (auto detect)
[2025-01-10 17:51:14,896] [INFO] [comm.py:652:init_distributed] cdb=None
[2025-01-10 17:51:15,025] [INFO] [comm.py:652:init_distributed] cdb=None
[2025-01-10 17:51:17,067] [INFO] [real_accelerator.py:219:get_accelerator] Setting ds_accelerator to cuda (auto detect)
[2025-01-10 17:51:17,147] [INFO] [real_accelerator.py:219:get_accelerator] Setting ds_accelerator to cuda (auto detect)
[2025-01-10 17:51:17,172] [INFO] [real_accelerator.py:219:get_accelerator] Setting ds_accelerator to cuda (auto detect)
[2025-01-10 17:51:17,177] [INFO] [real_accelerator.py:219:get_accelerator] Setting ds_accelerator to cuda (auto detect)
[2025-01-10 17:51:17,185] [INFO] [real_accelerator.py:219:get_accelerator] Setting ds_accelerator to cuda (auto detect)
[2025-01-10 17:51:17,199] [INFO] [real_accelerator.py:219:get_accelerator] Setting ds_accelerator to cuda (auto detect)
[2025-01-10 17:51:17,837] [INFO] [comm.py:652:init_distributed] cdb=None
[2025-01-10 17:51:17,978] [INFO] [comm.py:652:init_distributed] cdb=None
[2025-01-10 17:51:18,015] [INFO] [comm.py:652:init_distributed] cdb=None
[2025-01-10 17:51:18,031] [INFO] [comm.py:652:init_distributed] cdb=None
[2025-01-10 17:51:18,041] [INFO] [comm.py:652:init_distributed] cdb=None
[2025-01-10 17:51:18,065] [INFO] [comm.py:652:init_distributed] cdb=None
[2025-01-10 17:51:18,065] [INFO] [comm.py:683:init_distributed] Initializing TorchBackend in DeepSpeed with backend nccl
Using the `WANDB_DISABLED` environment variable is deprecated and will be removed in v5. Use the --report_to flag to control the integrations used for logging result (for instance --report_to none).
01/10/2025 17:51:21 - WARNING - __main__ - Process rank: 7, device: cuda:7, n_gpu: 1, distributed training: True, 16-bits training: True
Using the `WANDB_DISABLED` environment variable is deprecated and will be removed in v5. Use the --report_to flag to control the integrations used for logging result (for instance --report_to none).
01/10/2025 17:51:21 - WARNING - __main__ - Process rank: 0, device: cuda:0, n_gpu: 1, distributed training: True, 16-bits training: True
01/10/2025 17:51:21 - INFO - __main__ - Training/evaluation parameters Seq2SeqTrainingArguments(
_n_gpu=1,
accelerator_config={'split_batches': False, 'dispatch_batches': None, 'even_batches': True, 'use_seedable_sampler': True, 'non_blocking': False, 'gradient_accumulation_kwargs': None, 'use_configured_state': False},
adafactor=False,
adam_beta1=0.9,
adam_beta2=0.999,
adam_epsilon=1e-08,
auto_find_batch_size=False,
average_tokens_across_devices=False,
batch_eval_metrics=False,
bf16=True,
bf16_full_eval=False,
data_seed=None,
dataloader_drop_last=False,
dataloader_num_workers=0,
dataloader_persistent_workers=False,
dataloader_pin_memory=True,
dataloader_prefetch_factor=None,
ddp_backend=None,
ddp_broadcast_buffers=None,
ddp_bucket_cap_mb=None,
ddp_find_unused_parameters=None,
ddp_timeout=1800,
debug=[],
deepspeed=configs/deepspeed_configs/deepspeed_zero1_llama.json,
disable_tqdm=False,
dispatch_batches=None,
do_eval=True,
do_predict=False,
do_train=True,
eval_accumulation_steps=None,
eval_delay=0,
eval_do_concat_batches=True,
eval_on_start=False,
eval_steps=None,
eval_strategy=IntervalStrategy.EPOCH,
eval_use_gather_object=False,
evaluation_strategy=None,
fp16=False,
fp16_backend=auto,
fp16_full_eval=False,
fp16_opt_level=O1,
fsdp=[],
fsdp_config={'min_num_params': 0, 'xla': False, 'xla_fsdp_v2': False, 'xla_fsdp_grad_ckpt': False},
fsdp_min_num_params=0,
fsdp_transformer_layer_cls_to_wrap=None,
full_determinism=False,
generation_config=None,
generation_max_length=1280,
generation_num_beams=None,
gradient_accumulation_steps=4,
gradient_checkpointing=True,
gradient_checkpointing_kwargs=None,
greater_is_better=None,
group_by_length=False,
half_precision_backend=auto,
hub_always_push=False,
hub_model_id=None,
hub_private_repo=None,
hub_strategy=HubStrategy.EVERY_SAVE,
hub_token=<HUB_TOKEN>,
ignore_data_skip=False,
include_for_metrics=[],
include_inputs_for_metrics=False,
include_num_input_tokens_seen=False,
include_tokens_per_second=False,
jit_mode_eval=False,
label_names=None,
label_smoothing_factor=0.0,
learning_rate=2e-05,
length_column_name=length,
load_best_model_at_end=False,
local_rank=0,
log_level=passive,
log_level_replica=warning,
log_on_each_node=True,
logging_dir=output/GNER/EAGLE-1B-supervised/runs/Jan10_17-51-09_dgx-a100,
logging_first_step=False,
logging_nan_inf_filter=True,
logging_steps=10,
logging_strategy=IntervalStrategy.STEPS,
lr_scheduler_kwargs={},
lr_scheduler_type=SchedulerType.COSINE,
max_grad_norm=1.0,
max_steps=-1,
metric_for_best_model=None,
mp_parameters=,
neftune_noise_alpha=None,
no_cuda=False,
num_train_epochs=0.5,
optim=OptimizerNames.ADAMW_TORCH,
optim_args=None,
optim_target_modules=None,
output_dir=output/GNER/EAGLE-1B-supervised,
overwrite_output_dir=True,
past_index=-1,
per_device_eval_batch_size=8,
per_device_train_batch_size=8,
predict_with_generate=True,
prediction_loss_only=False,
push_to_hub=False,
push_to_hub_model_id=None,
push_to_hub_organization=None,
push_to_hub_token=<PUSH_TO_HUB_TOKEN>,
ray_scope=last,
remove_unused_columns=True,
report_to=['tensorboard'],
restore_callback_states_from_checkpoint=False,
resume_from_checkpoint=None,
run_name=train_eagle_1b_supervised-base,
save_on_each_node=False,
save_only_model=False,
save_safetensors=True,
save_steps=500,
save_strategy=SaveStrategy.EPOCH,
save_total_limit=None,
seed=1234,
skip_memory_metrics=True,
sortish_sampler=False,
split_batches=None,
tf32=True,
torch_compile=False,
torch_compile_backend=None,
torch_compile_mode=None,
torch_empty_cache_steps=None,
torchdynamo=None,
tpu_metrics_debug=False,
tpu_num_cores=None,
use_cpu=False,
use_ipex=False,
use_legacy_prediction_loop=False,
use_liger_kernel=False,
use_mps_device=False,
warmup_ratio=0.04,
warmup_steps=0,
weight_decay=0.0,
)
Using the `WANDB_DISABLED` environment variable is deprecated and will be removed in v5. Use the --report_to flag to control the integrations used for logging result (for instance --report_to none).
01/10/2025 17:51:21 - WARNING - __main__ - Process rank: 1, device: cuda:1, n_gpu: 1, distributed training: True, 16-bits training: True
Using the `WANDB_DISABLED` environment variable is deprecated and will be removed in v5. Use the --report_to flag to control the integrations used for logging result (for instance --report_to none).
Using the `WANDB_DISABLED` environment variable is deprecated and will be removed in v5. Use the --report_to flag to control the integrations used for logging result (for instance --report_to none).
01/10/2025 17:51:21 - WARNING - __main__ - Process rank: 3, device: cuda:3, n_gpu: 1, distributed training: True, 16-bits training: True
01/10/2025 17:51:21 - WARNING - __main__ - Process rank: 5, device: cuda:5, n_gpu: 1, distributed training: True, 16-bits training: True
Using the `WANDB_DISABLED` environment variable is deprecated and will be removed in v5. Use the --report_to flag to control the integrations used for logging result (for instance --report_to none).
01/10/2025 17:51:21 - WARNING - __main__ - Process rank: 6, device: cuda:6, n_gpu: 1, distributed training: True, 16-bits training: True
Using the `WANDB_DISABLED` environment variable is deprecated and will be removed in v5. Use the --report_to flag to control the integrations used for logging result (for instance --report_to none).
01/10/2025 17:51:21 - WARNING - __main__ - Process rank: 2, device: cuda:2, n_gpu: 1, distributed training: True, 16-bits training: True
Using the `WANDB_DISABLED` environment variable is deprecated and will be removed in v5. Use the --report_to flag to control the integrations used for logging result (for instance --report_to none).
01/10/2025 17:51:21 - WARNING - __main__ - Process rank: 4, device: cuda:4, n_gpu: 1, distributed training: True, 16-bits training: True
[INFO|configuration_utils.py:695] 2025-01-10 17:51:21,775 >> loading configuration file config.json from cache at /raid/chrisjihee/.cache/huggingface/hub/models--etri-lirs--egpt-1.3b-preview/snapshots/31d1b605e933486cad270e689434f64aaf4906d3/config.json
[INFO|configuration_utils.py:762] 2025-01-10 17:51:21,777 >> Model config GPTNeoXConfig {
  "_name_or_path": "etri-lirs/egpt-1.3b-preview",
  "architectures": [
    "GPTNeoXForCausalLM"
  ],
  "attention_bias": true,
  "attention_dropout": 0.0,
  "bos_token_id": 2,
  "classifier_dropout": 0.1,
  "eos_token_id": 2,
  "hidden_act": "gelu",
  "hidden_dropout": 0.0,
  "hidden_size": 2048,
  "initializer_range": 0.02,
  "intermediate_size": 8192,
  "layer_norm_eps": 1e-05,
  "max_position_embeddings": 2048,
  "model_type": "gpt_neox",
  "num_attention_heads": 16,
  "num_hidden_layers": 24,
  "partial_rotary_factor": 1.0,
  "rope_scaling": null,
  "rope_theta": 10000,
  "rotary_emb_base": 10000,
  "rotary_pct": 1.0,
  "tie_word_embeddings": false,
  "torch_dtype": "float16",
  "transformers_version": "4.47.1",
  "use_cache": true,
  "use_parallel_residual": false,
  "vocab_size": 32384
}

[INFO|tokenization_utils_base.py:2030] 2025-01-10 17:51:22,015 >> loading file tokenizer.model from cache at /raid/chrisjihee/.cache/huggingface/hub/models--etri-lirs--egpt-1.3b-preview/snapshots/31d1b605e933486cad270e689434f64aaf4906d3/tokenizer.model
[INFO|tokenization_utils_base.py:2030] 2025-01-10 17:51:22,015 >> loading file tokenizer.json from cache at None
[INFO|tokenization_utils_base.py:2030] 2025-01-10 17:51:22,016 >> loading file added_tokens.json from cache at None
[INFO|tokenization_utils_base.py:2030] 2025-01-10 17:51:22,016 >> loading file special_tokens_map.json from cache at /raid/chrisjihee/.cache/huggingface/hub/models--etri-lirs--egpt-1.3b-preview/snapshots/31d1b605e933486cad270e689434f64aaf4906d3/special_tokens_map.json
[INFO|tokenization_utils_base.py:2030] 2025-01-10 17:51:22,016 >> loading file tokenizer_config.json from cache at /raid/chrisjihee/.cache/huggingface/hub/models--etri-lirs--egpt-1.3b-preview/snapshots/31d1b605e933486cad270e689434f64aaf4906d3/tokenizer_config.json
[INFO|tokenization_utils_base.py:2030] 2025-01-10 17:51:22,016 >> loading file chat_template.jinja from cache at None
[INFO|modeling_utils.py:3953] 2025-01-10 17:51:22,764 >> loading weights file pytorch_model.bin from cache at /raid/chrisjihee/.cache/huggingface/hub/models--etri-lirs--egpt-1.3b-preview/snapshots/31d1b605e933486cad270e689434f64aaf4906d3/pytorch_model.bin
[INFO|configuration_utils.py:1140] 2025-01-10 17:51:22,791 >> Generate config GenerationConfig {
  "bos_token_id": 2,
  "eos_token_id": 2
}

[WARNING|logging.py:328] 2025-01-10 17:51:22,834 >> The `GPTNeoXSdpaAttention` class is deprecated in favor of simply modifying the `config._attn_implementation`attribute of the `GPTNeoXAttention` class! It will be removed in v4.48
[WARNING|logging.py:328] 2025-01-10 17:51:22,876 >> The `GPTNeoXSdpaAttention` class is deprecated in favor of simply modifying the `config._attn_implementation`attribute of the `GPTNeoXAttention` class! It will be removed in v4.48
[WARNING|logging.py:328] 2025-01-10 17:51:22,882 >> The `GPTNeoXSdpaAttention` class is deprecated in favor of simply modifying the `config._attn_implementation`attribute of the `GPTNeoXAttention` class! It will be removed in v4.48
[INFO|safetensors_conversion.py:61] 2025-01-10 17:51:23,006 >> Attempting to create safetensors variant
[WARNING|logging.py:328] 2025-01-10 17:51:23,031 >> The `GPTNeoXSdpaAttention` class is deprecated in favor of simply modifying the `config._attn_implementation`attribute of the `GPTNeoXAttention` class! It will be removed in v4.48
[WARNING|logging.py:328] 2025-01-10 17:51:23,048 >> The `GPTNeoXSdpaAttention` class is deprecated in favor of simply modifying the `config._attn_implementation`attribute of the `GPTNeoXAttention` class! It will be removed in v4.48
[WARNING|logging.py:328] 2025-01-10 17:51:23,123 >> The `GPTNeoXSdpaAttention` class is deprecated in favor of simply modifying the `config._attn_implementation`attribute of the `GPTNeoXAttention` class! It will be removed in v4.48
[WARNING|logging.py:328] 2025-01-10 17:51:23,159 >> The `GPTNeoXSdpaAttention` class is deprecated in favor of simply modifying the `config._attn_implementation`attribute of the `GPTNeoXAttention` class! It will be removed in v4.48
[WARNING|logging.py:328] 2025-01-10 17:51:23,160 >> The `GPTNeoXSdpaAttention` class is deprecated in favor of simply modifying the `config._attn_implementation`attribute of the `GPTNeoXAttention` class! It will be removed in v4.48
[INFO|safetensors_conversion.py:24] 2025-01-10 17:51:23,740 >> Attempting to convert .bin model on the fly to safetensors.
[INFO|modeling_utils.py:4849] 2025-01-10 17:51:29,237 >> All model checkpoint weights were used when initializing GPTNeoXForCausalLM.

[INFO|modeling_utils.py:4857] 2025-01-10 17:51:29,238 >> All the weights of GPTNeoXForCausalLM were initialized from the model checkpoint at etri-lirs/egpt-1.3b-preview.
If your task is similar to the task the model of the checkpoint was trained on, you can already use GPTNeoXForCausalLM for predictions without further training.
[INFO|configuration_utils.py:1095] 2025-01-10 17:51:29,460 >> loading configuration file generation_config.json from cache at /raid/chrisjihee/.cache/huggingface/hub/models--etri-lirs--egpt-1.3b-preview/snapshots/31d1b605e933486cad270e689434f64aaf4906d3/generation_config.json
[INFO|configuration_utils.py:1140] 2025-01-10 17:51:29,461 >> Generate config GenerationConfig {
  "bos_token_id": 2,
  "eos_token_id": 2
}

Using custom data configuration default-bab2e02a90e2ed76
01/10/2025 17:51:30 - INFO - datasets.builder - Using custom data configuration default-bab2e02a90e2ed76
Loading Dataset Infos from /raid/chrisjihee/miniforge3/envs/DeepKNLP/lib/python3.12/site-packages/datasets/packaged_modules/json
01/10/2025 17:51:30 - INFO - datasets.info - Loading Dataset Infos from /raid/chrisjihee/miniforge3/envs/DeepKNLP/lib/python3.12/site-packages/datasets/packaged_modules/json
Overwrite dataset info from restored data version if exists.
01/10/2025 17:51:30 - INFO - datasets.builder - Overwrite dataset info from restored data version if exists.
Loading Dataset info from /raid/chrisjihee/.cache/huggingface/datasets/json/default-bab2e02a90e2ed76/0.0.0/f4e89e8750d5d5ffbef2c078bf0ddfedef29dc2faff52a6255cf513c05eb1092
01/10/2025 17:51:30 - INFO - datasets.info - Loading Dataset info from /raid/chrisjihee/.cache/huggingface/datasets/json/default-bab2e02a90e2ed76/0.0.0/f4e89e8750d5d5ffbef2c078bf0ddfedef29dc2faff52a6255cf513c05eb1092
Found cached dataset json (/raid/chrisjihee/.cache/huggingface/datasets/json/default-bab2e02a90e2ed76/0.0.0/f4e89e8750d5d5ffbef2c078bf0ddfedef29dc2faff52a6255cf513c05eb1092)
01/10/2025 17:51:30 - INFO - datasets.builder - Found cached dataset json (/raid/chrisjihee/.cache/huggingface/datasets/json/default-bab2e02a90e2ed76/0.0.0/f4e89e8750d5d5ffbef2c078bf0ddfedef29dc2faff52a6255cf513c05eb1092)
Loading Dataset info from /raid/chrisjihee/.cache/huggingface/datasets/json/default-bab2e02a90e2ed76/0.0.0/f4e89e8750d5d5ffbef2c078bf0ddfedef29dc2faff52a6255cf513c05eb1092
01/10/2025 17:51:30 - INFO - datasets.info - Loading Dataset info from /raid/chrisjihee/.cache/huggingface/datasets/json/default-bab2e02a90e2ed76/0.0.0/f4e89e8750d5d5ffbef2c078bf0ddfedef29dc2faff52a6255cf513c05eb1092
01/10/2025 17:51:30 - INFO - __main__ - Use data/gner/zero-shot-train.jsonl as train dataset, len(dataset) = 18135
01/10/2025 17:51:30 - INFO - __main__ - len(dataset) = 18135
Process #0 will write at /raid/chrisjihee/.cache/huggingface/datasets/json/default-bab2e02a90e2ed76/0.0.0/f4e89e8750d5d5ffbef2c078bf0ddfedef29dc2faff52a6255cf513c05eb1092/cache-24ea344445490b57_00000_of_00004.arrow
01/10/2025 17:51:30 - INFO - datasets.arrow_dataset - Process #0 will write at /raid/chrisjihee/.cache/huggingface/datasets/json/default-bab2e02a90e2ed76/0.0.0/f4e89e8750d5d5ffbef2c078bf0ddfedef29dc2faff52a6255cf513c05eb1092/cache-24ea344445490b57_00000_of_00004.arrow
Process #1 will write at /raid/chrisjihee/.cache/huggingface/datasets/json/default-bab2e02a90e2ed76/0.0.0/f4e89e8750d5d5ffbef2c078bf0ddfedef29dc2faff52a6255cf513c05eb1092/cache-24ea344445490b57_00001_of_00004.arrow
01/10/2025 17:51:30 - INFO - datasets.arrow_dataset - Process #1 will write at /raid/chrisjihee/.cache/huggingface/datasets/json/default-bab2e02a90e2ed76/0.0.0/f4e89e8750d5d5ffbef2c078bf0ddfedef29dc2faff52a6255cf513c05eb1092/cache-24ea344445490b57_00001_of_00004.arrow
Process #2 will write at /raid/chrisjihee/.cache/huggingface/datasets/json/default-bab2e02a90e2ed76/0.0.0/f4e89e8750d5d5ffbef2c078bf0ddfedef29dc2faff52a6255cf513c05eb1092/cache-24ea344445490b57_00002_of_00004.arrow
01/10/2025 17:51:30 - INFO - datasets.arrow_dataset - Process #2 will write at /raid/chrisjihee/.cache/huggingface/datasets/json/default-bab2e02a90e2ed76/0.0.0/f4e89e8750d5d5ffbef2c078bf0ddfedef29dc2faff52a6255cf513c05eb1092/cache-24ea344445490b57_00002_of_00004.arrow
Process #3 will write at /raid/chrisjihee/.cache/huggingface/datasets/json/default-bab2e02a90e2ed76/0.0.0/f4e89e8750d5d5ffbef2c078bf0ddfedef29dc2faff52a6255cf513c05eb1092/cache-24ea344445490b57_00003_of_00004.arrow
01/10/2025 17:51:30 - INFO - datasets.arrow_dataset - Process #3 will write at /raid/chrisjihee/.cache/huggingface/datasets/json/default-bab2e02a90e2ed76/0.0.0/f4e89e8750d5d5ffbef2c078bf0ddfedef29dc2faff52a6255cf513c05eb1092/cache-24ea344445490b57_00003_of_00004.arrow
Spawning 4 processes
01/10/2025 17:51:30 - INFO - datasets.arrow_dataset - Spawning 4 processes
Running tokenizer on train dataset (num_proc=4):   0%|                                                                                                                                                            | 0/18135 [00:00<?, ? examples/s]Caching processed dataset at /raid/chrisjihee/.cache/huggingface/datasets/json/default-bab2e02a90e2ed76/0.0.0/f4e89e8750d5d5ffbef2c078bf0ddfedef29dc2faff52a6255cf513c05eb1092/cache-24ea344445490b57_00000_of_00004.arrow
01/10/2025 17:51:30 - INFO - datasets.arrow_dataset - Caching processed dataset at /raid/chrisjihee/.cache/huggingface/datasets/json/default-bab2e02a90e2ed76/0.0.0/f4e89e8750d5d5ffbef2c078bf0ddfedef29dc2faff52a6255cf513c05eb1092/cache-24ea344445490b57_00000_of_00004.arrow
Caching processed dataset at /raid/chrisjihee/.cache/huggingface/datasets/json/default-bab2e02a90e2ed76/0.0.0/f4e89e8750d5d5ffbef2c078bf0ddfedef29dc2faff52a6255cf513c05eb1092/cache-24ea344445490b57_00001_of_00004.arrow
01/10/2025 17:51:30 - INFO - datasets.arrow_dataset - Caching processed dataset at /raid/chrisjihee/.cache/huggingface/datasets/json/default-bab2e02a90e2ed76/0.0.0/f4e89e8750d5d5ffbef2c078bf0ddfedef29dc2faff52a6255cf513c05eb1092/cache-24ea344445490b57_00001_of_00004.arrow
Caching processed dataset at /raid/chrisjihee/.cache/huggingface/datasets/json/default-bab2e02a90e2ed76/0.0.0/f4e89e8750d5d5ffbef2c078bf0ddfedef29dc2faff52a6255cf513c05eb1092/cache-24ea344445490b57_00002_of_00004.arrow
01/10/2025 17:51:30 - INFO - datasets.arrow_dataset - Caching processed dataset at /raid/chrisjihee/.cache/huggingface/datasets/json/default-bab2e02a90e2ed76/0.0.0/f4e89e8750d5d5ffbef2c078bf0ddfedef29dc2faff52a6255cf513c05eb1092/cache-24ea344445490b57_00002_of_00004.arrow
Running tokenizer on train dataset (num_proc=4):   0%|▎                                                                                                                                                 | 42/18135 [00:00<01:56, 155.09 examples/s]Caching processed dataset at /raid/chrisjihee/.cache/huggingface/datasets/json/default-bab2e02a90e2ed76/0.0.0/f4e89e8750d5d5ffbef2c078bf0ddfedef29dc2faff52a6255cf513c05eb1092/cache-24ea344445490b57_00003_of_00004.arrow
01/10/2025 17:51:30 - INFO - datasets.arrow_dataset - Caching processed dataset at /raid/chrisjihee/.cache/huggingface/datasets/json/default-bab2e02a90e2ed76/0.0.0/f4e89e8750d5d5ffbef2c078bf0ddfedef29dc2faff52a6255cf513c05eb1092/cache-24ea344445490b57_00003_of_00004.arrow
Running tokenizer on train dataset (num_proc=4):  35%|██████████████████████████████████████████████████▋                                                                                            | 6434/18135 [00:02<00:02, 3900.84 examples/s][rank3]:[W110 17:51:32.500766806 ProcessGroupNCCL.cpp:4115] [PG ID 0 PG GUID 0 Rank 3]  using GPU 3 to perform barrier as devices used by this process are currently unknown. This can potentially cause a hang if this rank to GPU mapping is incorrect.Specify device_ids in barrier() to force use of a particular device,or call init_process_group() with a device_id.
Running tokenizer on train dataset (num_proc=4):  38%|██████████████████████████████████████████████████████▋                                                                                        | 6937/18135 [00:02<00:02, 4193.78 examples/s][rank2]:[W110 17:51:32.508038839 ProcessGroupNCCL.cpp:4115] [PG ID 0 PG GUID 0 Rank 2]  using GPU 2 to perform barrier as devices used by this process are currently unknown. This can potentially cause a hang if this rank to GPU mapping is incorrect.Specify device_ids in barrier() to force use of a particular device,or call init_process_group() with a device_id.
[rank4]:[W110 17:51:32.521630772 ProcessGroupNCCL.cpp:4115] [PG ID 0 PG GUID 0 Rank 4]  using GPU 4 to perform barrier as devices used by this process are currently unknown. This can potentially cause a hang if this rank to GPU mapping is incorrect.Specify device_ids in barrier() to force use of a particular device,or call init_process_group() with a device_id.
[rank7]:[W110 17:51:32.530034557 ProcessGroupNCCL.cpp:4115] [PG ID 0 PG GUID 0 Rank 7]  using GPU 7 to perform barrier as devices used by this process are currently unknown. This can potentially cause a hang if this rank to GPU mapping is incorrect.Specify device_ids in barrier() to force use of a particular device,or call init_process_group() with a device_id.
[rank6]:[W110 17:51:32.547473271 ProcessGroupNCCL.cpp:4115] [PG ID 0 PG GUID 0 Rank 6]  using GPU 6 to perform barrier as devices used by this process are currently unknown. This can potentially cause a hang if this rank to GPU mapping is incorrect.Specify device_ids in barrier() to force use of a particular device,or call init_process_group() with a device_id.
[rank5]:[W110 17:51:32.547822152 ProcessGroupNCCL.cpp:4115] [PG ID 0 PG GUID 0 Rank 5]  using GPU 5 to perform barrier as devices used by this process are currently unknown. This can potentially cause a hang if this rank to GPU mapping is incorrect.Specify device_ids in barrier() to force use of a particular device,or call init_process_group() with a device_id.
[rank1]:[W110 17:51:32.586865484 ProcessGroupNCCL.cpp:4115] [PG ID 0 PG GUID 0 Rank 1]  using GPU 1 to perform barrier as devices used by this process are currently unknown. This can potentially cause a hang if this rank to GPU mapping is incorrect.Specify device_ids in barrier() to force use of a particular device,or call init_process_group() with a device_id.
Running tokenizer on train dataset (num_proc=4): 100%|██████████████████████████████████████████████████████████████████████████████████████████████████████████████████████████████████████████████| 18135/18135 [00:05<00:00, 3582.59 examples/s]
Concatenating 4 shards
01/10/2025 17:51:35 - INFO - datasets.arrow_dataset - Concatenating 4 shards
[rank0]:[W110 17:51:37.805731376 ProcessGroupNCCL.cpp:4115] [PG ID 0 PG GUID 0 Rank 0]  using GPU 0 to perform barrier as devices used by this process are currently unknown. This can potentially cause a hang if this rank to GPU mapping is incorrect.Specify device_ids in barrier() to force use of a particular device,or call init_process_group() with a device_id.
Running tokenizer on train dataset (num_proc=4):   0%|                                                                                                                                                            | 0/18135 [00:00<?, ? examples/s]Using custom data configuration default-cbfc9467ee23e983
01/10/2025 17:51:45 - INFO - datasets.builder - Using custom data configuration default-cbfc9467ee23e983
Loading Dataset Infos from /raid/chrisjihee/miniforge3/envs/DeepKNLP/lib/python3.12/site-packages/datasets/packaged_modules/json
01/10/2025 17:51:45 - INFO - datasets.info - Loading Dataset Infos from /raid/chrisjihee/miniforge3/envs/DeepKNLP/lib/python3.12/site-packages/datasets/packaged_modules/json
Overwrite dataset info from restored data version if exists.
01/10/2025 17:51:45 - INFO - datasets.builder - Overwrite dataset info from restored data version if exists.
Loading Dataset info from /raid/chrisjihee/.cache/huggingface/datasets/json/default-cbfc9467ee23e983/0.0.0/f4e89e8750d5d5ffbef2c078bf0ddfedef29dc2faff52a6255cf513c05eb1092
01/10/2025 17:51:45 - INFO - datasets.info - Loading Dataset info from /raid/chrisjihee/.cache/huggingface/datasets/json/default-cbfc9467ee23e983/0.0.0/f4e89e8750d5d5ffbef2c078bf0ddfedef29dc2faff52a6255cf513c05eb1092
Found cached dataset json (/raid/chrisjihee/.cache/huggingface/datasets/json/default-cbfc9467ee23e983/0.0.0/f4e89e8750d5d5ffbef2c078bf0ddfedef29dc2faff52a6255cf513c05eb1092)
01/10/2025 17:51:45 - INFO - datasets.builder - Found cached dataset json (/raid/chrisjihee/.cache/huggingface/datasets/json/default-cbfc9467ee23e983/0.0.0/f4e89e8750d5d5ffbef2c078bf0ddfedef29dc2faff52a6255cf513c05eb1092)
Loading Dataset info from /raid/chrisjihee/.cache/huggingface/datasets/json/default-cbfc9467ee23e983/0.0.0/f4e89e8750d5d5ffbef2c078bf0ddfedef29dc2faff52a6255cf513c05eb1092
01/10/2025 17:51:45 - INFO - datasets.info - Loading Dataset info from /raid/chrisjihee/.cache/huggingface/datasets/json/default-cbfc9467ee23e983/0.0.0/f4e89e8750d5d5ffbef2c078bf0ddfedef29dc2faff52a6255cf513c05eb1092
01/10/2025 17:51:45 - INFO - __main__ - Use data/gner/zero-shot-test-min.jsonl as valid dataset, len(dataset) = 65
Process #0 will write at /raid/chrisjihee/.cache/huggingface/datasets/json/default-cbfc9467ee23e983/0.0.0/f4e89e8750d5d5ffbef2c078bf0ddfedef29dc2faff52a6255cf513c05eb1092/cache-7c9cb9f55c75ab53_00000_of_00004.arrow
01/10/2025 17:51:45 - INFO - datasets.arrow_dataset - Process #0 will write at /raid/chrisjihee/.cache/huggingface/datasets/json/default-cbfc9467ee23e983/0.0.0/f4e89e8750d5d5ffbef2c078bf0ddfedef29dc2faff52a6255cf513c05eb1092/cache-7c9cb9f55c75ab53_00000_of_00004.arrow
Process #1 will write at /raid/chrisjihee/.cache/huggingface/datasets/json/default-cbfc9467ee23e983/0.0.0/f4e89e8750d5d5ffbef2c078bf0ddfedef29dc2faff52a6255cf513c05eb1092/cache-7c9cb9f55c75ab53_00001_of_00004.arrow
01/10/2025 17:51:45 - INFO - datasets.arrow_dataset - Process #1 will write at /raid/chrisjihee/.cache/huggingface/datasets/json/default-cbfc9467ee23e983/0.0.0/f4e89e8750d5d5ffbef2c078bf0ddfedef29dc2faff52a6255cf513c05eb1092/cache-7c9cb9f55c75ab53_00001_of_00004.arrow
Process #2 will write at /raid/chrisjihee/.cache/huggingface/datasets/json/default-cbfc9467ee23e983/0.0.0/f4e89e8750d5d5ffbef2c078bf0ddfedef29dc2faff52a6255cf513c05eb1092/cache-7c9cb9f55c75ab53_00002_of_00004.arrow
01/10/2025 17:51:45 - INFO - datasets.arrow_dataset - Process #2 will write at /raid/chrisjihee/.cache/huggingface/datasets/json/default-cbfc9467ee23e983/0.0.0/f4e89e8750d5d5ffbef2c078bf0ddfedef29dc2faff52a6255cf513c05eb1092/cache-7c9cb9f55c75ab53_00002_of_00004.arrow
Process #3 will write at /raid/chrisjihee/.cache/huggingface/datasets/json/default-cbfc9467ee23e983/0.0.0/f4e89e8750d5d5ffbef2c078bf0ddfedef29dc2faff52a6255cf513c05eb1092/cache-7c9cb9f55c75ab53_00003_of_00004.arrow
01/10/2025 17:51:45 - INFO - datasets.arrow_dataset - Process #3 will write at /raid/chrisjihee/.cache/huggingface/datasets/json/default-cbfc9467ee23e983/0.0.0/f4e89e8750d5d5ffbef2c078bf0ddfedef29dc2faff52a6255cf513c05eb1092/cache-7c9cb9f55c75ab53_00003_of_00004.arrow
Running tokenizer on train dataset (num_proc=4):  19%|███████████████████████████▊                                                                                                                   | 3530/18135 [00:01<00:03, 4161.04 examples/s]Spawning 4 processes
01/10/2025 17:51:46 - INFO - datasets.arrow_dataset - Spawning 4 processes
Running tokenizer on train dataset (num_proc=4):  21%|██████████████████████████████▌                                                                                                                | 3868/18135 [00:01<00:04, 3193.25 examples/s]Caching processed dataset at /raid/chrisjihee/.cache/huggingface/datasets/json/default-cbfc9467ee23e983/0.0.0/f4e89e8750d5d5ffbef2c078bf0ddfedef29dc2faff52a6255cf513c05eb1092/cache-7c9cb9f55c75ab53_00000_of_00004.arrow
01/10/2025 17:51:46 - INFO - datasets.arrow_dataset - Caching processed dataset at /raid/chrisjihee/.cache/huggingface/datasets/json/default-cbfc9467ee23e983/0.0.0/f4e89e8750d5d5ffbef2c078bf0ddfedef29dc2faff52a6255cf513c05eb1092/cache-7c9cb9f55c75ab53_00000_of_00004.arrow
Caching processed dataset at /raid/chrisjihee/.cache/huggingface/datasets/json/default-cbfc9467ee23e983/0.0.0/f4e89e8750d5d5ffbef2c078bf0ddfedef29dc2faff52a6255cf513c05eb1092/cache-7c9cb9f55c75ab53_00001_of_00004.arrow
01/10/2025 17:51:46 - INFO - datasets.arrow_dataset - Caching processed dataset at /raid/chrisjihee/.cache/huggingface/datasets/json/default-cbfc9467ee23e983/0.0.0/f4e89e8750d5d5ffbef2c078bf0ddfedef29dc2faff52a6255cf513c05eb1092/cache-7c9cb9f55c75ab53_00001_of_00004.arrow
Running tokenizer on validation dataset (num_proc=4):  26%|█████████████████████████████████████▉                                                                                                           | 17/65 [00:00<00:00, 58.95 examples/s]Caching processed dataset at /raid/chrisjihee/.cache/huggingface/datasets/json/default-cbfc9467ee23e983/0.0.0/f4e89e8750d5d5ffbef2c078bf0ddfedef29dc2faff52a6255cf513c05eb1092/cache-7c9cb9f55c75ab53_00002_of_00004.arrow
01/10/2025 17:51:46 - INFO - datasets.arrow_dataset - Caching processed dataset at /raid/chrisjihee/.cache/huggingface/datasets/json/default-cbfc9467ee23e983/0.0.0/f4e89e8750d5d5ffbef2c078bf0ddfedef29dc2faff52a6255cf513c05eb1092/cache-7c9cb9f55c75ab53_00002_of_00004.arrow
Running tokenizer on train dataset (num_proc=4):  21%|██████████████████████████████▋                                                                                                                | 3887/18135 [00:01<00:06, 2047.97 examples/s]Caching processed dataset at /raid/chrisjihee/.cache/huggingface/datasets/json/default-cbfc9467ee23e983/0.0.0/f4e89e8750d5d5ffbef2c078bf0ddfedef29dc2faff52a6255cf513c05eb1092/cache-7c9cb9f55c75ab53_00003_of_00004.arrow
01/10/2025 17:51:46 - INFO - datasets.arrow_dataset - Caching processed dataset at /raid/chrisjihee/.cache/huggingface/datasets/json/default-cbfc9467ee23e983/0.0.0/f4e89e8750d5d5ffbef2c078bf0ddfedef29dc2faff52a6255cf513c05eb1092/cache-7c9cb9f55c75ab53_00003_of_00004.arrow
Running tokenizer on validation dataset (num_proc=4): 100%|████████████████████████████████████████████████████████████████████████████████████████████████████████████████████████████████████████████████| 65/65 [00:00<00:00, 116.53 examples/s]
Running tokenizer on train dataset (num_proc=4):  27%|██████████████████████████████████████▍                                                                                                        | 4875/18135 [00:02<00:05, 2358.53 examples/s]Concatenating 4 shards
01/10/2025 17:51:46 - INFO - datasets.arrow_dataset - Concatenating 4 shards
Running tokenizer on train dataset (num_proc=4): 100%|██████████████████████████████████████████████████████████████████████████████████████████████████████████████████████████████████████████████| 18135/18135 [00:05<00:00, 3522.56 examples/s]
Running tokenizer on train dataset (num_proc=4): 100%|██████████████████████████████████████████████████████████████████████████████████████████████████████████████████████████████████████████████| 18135/18135 [00:05<00:00, 3330.39 examples/s]
Running tokenizer on train dataset (num_proc=4): 100%|██████████████████████████████████████████████████████████████████████████████████████████████████████████████████████████████████████████████| 18135/18135 [00:05<00:00, 3333.40 examples/s]
Running tokenizer on train dataset (num_proc=4): 100%|██████████████████████████████████████████████████████████████████████████████████████████████████████████████████████████████████████████████| 18135/18135 [00:05<00:00, 3078.41 examples/s]
Running tokenizer on train dataset (num_proc=4): 100%|██████████████████████████████████████████████████████████████████████████████████████████████████████████████████████████████████████████████| 18135/18135 [00:05<00:00, 3056.38 examples/s]
Running tokenizer on train dataset (num_proc=4): 100%|██████████████████████████████████████████████████████████████████████████████████████████████████████████████████████████████████████████████| 18135/18135 [00:06<00:00, 3013.27 examples/s]
Running tokenizer on train dataset (num_proc=4): 100%|██████████████████████████████████████████████████████████████████████████████████████████████████████████████████████████████████████████████| 18135/18135 [00:06<00:00, 2837.92 examples/s]
[INFO|trainer.py:734] 2025-01-10 17:51:52,163 >> Using auto half precision backend
[2025-01-10 17:51:52,400] [INFO] [logging.py:128:log_dist] [Rank 0] DeepSpeed info: version=0.15.4, git-hash=unknown, git-branch=unknown
[2025-01-10 17:51:52,401] [INFO] [config.py:733:__init__] Config mesh_device None world_size = 8
Running tokenizer on validation dataset (num_proc=4): 100%|████████████████████████████████████████████████████████████████████████████████████████████████████████████████████████████████████████████████| 65/65 [00:00<00:00, 109.01 examples/s]
Running tokenizer on validation dataset (num_proc=4): 100%|████████████████████████████████████████████████████████████████████████████████████████████████████████████████████████████████████████████████| 65/65 [00:00<00:00, 106.60 examples/s]
Running tokenizer on validation dataset (num_proc=4): 100%|█████████████████████████████████████████████████████████████████████████████████████████████████████████████████████████████████████████████████| 65/65 [00:00<00:00, 98.63 examples/s]
Running tokenizer on validation dataset (num_proc=4): 100%|█████████████████████████████████████████████████████████████████████████████████████████████████████████████████████████████████████████████████| 65/65 [00:00<00:00, 98.85 examples/s]
Running tokenizer on validation dataset (num_proc=4): 100%|████████████████████████████████████████████████████████████████████████████████████████████████████████████████████████████████████████████████| 65/65 [00:00<00:00, 104.36 examples/s]
Running tokenizer on validation dataset (num_proc=4): 100%|█████████████████████████████████████████████████████████████████████████████████████████████████████████████████████████████████████████████████| 65/65 [00:00<00:00, 96.98 examples/s]
Running tokenizer on validation dataset (num_proc=4): 100%|█████████████████████████████████████████████████████████████████████████████████████████████████████████████████████████████████████████████████| 65/65 [00:00<00:00, 98.53 examples/s]
[2025-01-10 17:52:11,683] [INFO] [logging.py:128:log_dist] [Rank 0] DeepSpeed Flops Profiler Enabled: False
[2025-01-10 17:52:11,688] [INFO] [logging.py:128:log_dist] [Rank 0] Using DeepSpeed Optimizer param name adamw as basic optimizer
[2025-01-10 17:52:11,688] [INFO] [logging.py:128:log_dist] [Rank 0] Removing param_group that has no 'params' in the basic Optimizer
[2025-01-10 17:52:11,697] [INFO] [logging.py:128:log_dist] [Rank 0] DeepSpeed Basic Optimizer = FusedAdam
[2025-01-10 17:52:11,697] [INFO] [utils.py:59:is_zero_supported_optimizer] Checking ZeRO support for optimizer=FusedAdam type=<class 'deepspeed.ops.adam.fused_adam.FusedAdam'>
[2025-01-10 17:52:11,697] [INFO] [logging.py:128:log_dist] [Rank 0] Creating torch.bfloat16 ZeRO stage 1 optimizer
[2025-01-10 17:52:11,697] [INFO] [stage_1_and_2.py:149:__init__] Reduce bucket size 200000000
[2025-01-10 17:52:11,697] [INFO] [stage_1_and_2.py:150:__init__] Allgather bucket size 200000000
[2025-01-10 17:52:11,697] [INFO] [stage_1_and_2.py:151:__init__] CPU Offload: False
[2025-01-10 17:52:11,697] [INFO] [stage_1_and_2.py:152:__init__] Round robin gradient partitioning: False
[2025-01-10 17:52:21,260] [WARNING] [lr_schedules.py:683:get_lr] Attempting to get learning rate from scheduler before it has started
[2025-01-10 17:52:21,283] [WARNING] [lr_schedules.py:683:get_lr] Attempting to get learning rate from scheduler before it has started
[2025-01-10 17:52:21,308] [WARNING] [lr_schedules.py:683:get_lr] Attempting to get learning rate from scheduler before it has started
[WARNING|logging.py:328] 2025-01-10 17:52:21,309 >> `use_cache=True` is incompatible with gradient checkpointing. Setting `use_cache=False`...
[WARNING|logging.py:328] 2025-01-10 17:52:21,327 >> `use_cache=True` is incompatible with gradient checkpointing. Setting `use_cache=False`...
[WARNING|logging.py:328] 2025-01-10 17:52:21,357 >> `use_cache=True` is incompatible with gradient checkpointing. Setting `use_cache=False`...
[2025-01-10 17:52:21,527] [WARNING] [lr_schedules.py:683:get_lr] Attempting to get learning rate from scheduler before it has started
[2025-01-10 17:52:21,556] [INFO] [utils.py:781:see_memory_usage] Before initializing optimizer states
[2025-01-10 17:52:21,557] [INFO] [utils.py:782:see_memory_usage] MA 3.22 GB         Max_MA 3.53 GB         CA 3.71 GB         Max_CA 4 GB
[2025-01-10 17:52:21,557] [INFO] [utils.py:789:see_memory_usage] CPU Virtual Memory:  used = 56.58 GB, percent = 5.6%
[WARNING|logging.py:328] 2025-01-10 17:52:21,571 >> `use_cache=True` is incompatible with gradient checkpointing. Setting `use_cache=False`...
[2025-01-10 17:52:21,618] [WARNING] [lr_schedules.py:683:get_lr] Attempting to get learning rate from scheduler before it has started
[WARNING|logging.py:328] 2025-01-10 17:52:21,663 >> `use_cache=True` is incompatible with gradient checkpointing. Setting `use_cache=False`...
[2025-01-10 17:52:21,821] [INFO] [utils.py:781:see_memory_usage] After initializing optimizer states
[2025-01-10 17:52:21,822] [INFO] [utils.py:782:see_memory_usage] MA 3.22 GB         Max_MA 3.84 GB         CA 4.34 GB         Max_CA 4 GB
[2025-01-10 17:52:21,822] [INFO] [utils.py:789:see_memory_usage] CPU Virtual Memory:  used = 56.22 GB, percent = 5.6%
[2025-01-10 17:52:21,822] [INFO] [stage_1_and_2.py:544:__init__] optimizer state initialized
[2025-01-10 17:52:22,077] [INFO] [utils.py:781:see_memory_usage] After initializing ZeRO optimizer
[2025-01-10 17:52:22,078] [INFO] [utils.py:782:see_memory_usage] MA 3.22 GB         Max_MA 3.22 GB         CA 4.34 GB         Max_CA 4 GB
[2025-01-10 17:52:22,078] [INFO] [utils.py:789:see_memory_usage] CPU Virtual Memory:  used = 56.27 GB, percent = 5.6%
[2025-01-10 17:52:22,079] [INFO] [logging.py:128:log_dist] [Rank 0] DeepSpeed Final Optimizer = DeepSpeedZeroOptimizer
[2025-01-10 17:52:22,079] [WARNING] [lr_schedules.py:683:get_lr] Attempting to get learning rate from scheduler before it has started
[2025-01-10 17:52:22,079] [INFO] [logging.py:128:log_dist] [Rank 0] DeepSpeed using configured LR scheduler = WarmupDecayLR
[2025-01-10 17:52:22,079] [INFO] [logging.py:128:log_dist] [Rank 0] DeepSpeed LR Scheduler = <deepspeed.runtime.lr_schedules.WarmupDecayLR object at 0x7f11e4c2e1b0>
[2025-01-10 17:52:22,079] [INFO] [logging.py:128:log_dist] [Rank 0] step=0, skipped=0, lr=[0], mom=[[0.9, 0.999]]
[2025-01-10 17:52:22,080] [INFO] [config.py:999:print] DeepSpeedEngine configuration:
[2025-01-10 17:52:22,081] [INFO] [config.py:1003:print]   activation_checkpointing_config  {
    "partition_activations": false,
    "contiguous_memory_optimization": false,
    "cpu_checkpointing": false,
    "number_checkpoints": null,
    "synchronize_checkpoint_boundary": false,
    "profile": false
}
[2025-01-10 17:52:22,081] [INFO] [config.py:1003:print]   aio_config ................... {'block_size': 1048576, 'queue_depth': 8, 'thread_count': 1, 'single_submit': False, 'overlap_events': True, 'use_gds': False}
[2025-01-10 17:52:22,081] [INFO] [config.py:1003:print]   amp_enabled .................. False
[2025-01-10 17:52:22,081] [INFO] [config.py:1003:print]   amp_params ................... False
[2025-01-10 17:52:22,081] [INFO] [config.py:1003:print]   autotuning_config ............ {
    "enabled": false,
    "start_step": null,
    "end_step": null,
    "metric_path": null,
    "arg_mappings": null,
    "metric": "throughput",
    "model_info": null,
    "results_dir": "autotuning_results",
    "exps_dir": "autotuning_exps",
    "overwrite": true,
    "fast": true,
    "start_profile_step": 3,
    "end_profile_step": 5,
    "tuner_type": "gridsearch",
    "tuner_early_stopping": 5,
    "tuner_num_trials": 50,
    "model_info_path": null,
    "mp_size": 1,
    "max_train_batch_size": null,
    "min_train_batch_size": 1,
    "max_train_micro_batch_size_per_gpu": 1.024000e+03,
    "min_train_micro_batch_size_per_gpu": 1,
    "num_tuning_micro_batch_sizes": 3
}
[2025-01-10 17:52:22,081] [INFO] [config.py:1003:print]   bfloat16_enabled ............. True
[2025-01-10 17:52:22,081] [INFO] [config.py:1003:print]   bfloat16_immediate_grad_update  False
[2025-01-10 17:52:22,081] [INFO] [config.py:1003:print]   checkpoint_parallel_write_pipeline  False
[2025-01-10 17:52:22,081] [INFO] [config.py:1003:print]   checkpoint_tag_validation_enabled  True
[2025-01-10 17:52:22,081] [INFO] [config.py:1003:print]   checkpoint_tag_validation_fail  False
[2025-01-10 17:52:22,081] [INFO] [config.py:1003:print]   comms_config ................. <deepspeed.comm.config.DeepSpeedCommsConfig object at 0x7f11ef32ef30>
[2025-01-10 17:52:22,081] [INFO] [config.py:1003:print]   communication_data_type ...... None
[2025-01-10 17:52:22,081] [INFO] [config.py:1003:print]   compression_config ........... {'weight_quantization': {'shared_parameters': {'enabled': False, 'quantizer_kernel': False, 'schedule_offset': 0, 'quantize_groups': 1, 'quantize_verbose': False, 'quantization_type': 'symmetric', 'quantize_weight_in_forward': False, 'rounding': 'nearest', 'fp16_mixed_quantize': False, 'quantize_change_ratio': 0.001}, 'different_groups': {}}, 'activation_quantization': {'shared_parameters': {'enabled': False, 'quantization_type': 'symmetric', 'range_calibration': 'dynamic', 'schedule_offset': 1000}, 'different_groups': {}}, 'sparse_pruning': {'shared_parameters': {'enabled': False, 'method': 'l1', 'schedule_offset': 1000}, 'different_groups': {}}, 'row_pruning': {'shared_parameters': {'enabled': False, 'method': 'l1', 'schedule_offset': 1000}, 'different_groups': {}}, 'head_pruning': {'shared_parameters': {'enabled': False, 'method': 'topk', 'schedule_offset': 1000}, 'different_groups': {}}, 'channel_pruning': {'shared_parameters': {'enabled': False, 'method': 'l1', 'schedule_offset': 1000}, 'different_groups': {}}, 'layer_reduction': {'enabled': False}}
[2025-01-10 17:52:22,081] [INFO] [config.py:1003:print]   curriculum_enabled_legacy .... False
[2025-01-10 17:52:22,081] [INFO] [config.py:1003:print]   curriculum_params_legacy ..... False
[2025-01-10 17:52:22,081] [INFO] [config.py:1003:print]   data_efficiency_config ....... {'enabled': False, 'seed': 1234, 'data_sampling': {'enabled': False, 'num_epochs': 1000, 'num_workers': 0, 'curriculum_learning': {'enabled': False}}, 'data_routing': {'enabled': False, 'random_ltd': {'enabled': False, 'layer_token_lr_schedule': {'enabled': False}}}}
[2025-01-10 17:52:22,081] [INFO] [config.py:1003:print]   data_efficiency_enabled ...... False
[2025-01-10 17:52:22,081] [INFO] [config.py:1003:print]   dataloader_drop_last ......... False
[2025-01-10 17:52:22,081] [INFO] [config.py:1003:print]   disable_allgather ............ False
[2025-01-10 17:52:22,081] [INFO] [config.py:1003:print]   dump_state ................... False
[2025-01-10 17:52:22,081] [INFO] [config.py:1003:print]   dynamic_loss_scale_args ...... None
[2025-01-10 17:52:22,081] [INFO] [config.py:1003:print]   eigenvalue_enabled ........... False
[2025-01-10 17:52:22,081] [INFO] [config.py:1003:print]   eigenvalue_gas_boundary_resolution  1
[2025-01-10 17:52:22,081] [INFO] [config.py:1003:print]   eigenvalue_layer_name ........ bert.encoder.layer
[2025-01-10 17:52:22,081] [INFO] [config.py:1003:print]   eigenvalue_layer_num ......... 0
[2025-01-10 17:52:22,081] [INFO] [config.py:1003:print]   eigenvalue_max_iter .......... 100
[2025-01-10 17:52:22,081] [INFO] [config.py:1003:print]   eigenvalue_stability ......... 1e-06
[2025-01-10 17:52:22,081] [INFO] [config.py:1003:print]   eigenvalue_tol ............... 0.01
[2025-01-10 17:52:22,081] [INFO] [config.py:1003:print]   eigenvalue_verbose ........... False
[2025-01-10 17:52:22,081] [INFO] [config.py:1003:print]   elasticity_enabled ........... False
[2025-01-10 17:52:22,082] [INFO] [config.py:1003:print]   flops_profiler_config ........ {
    "enabled": false,
    "recompute_fwd_factor": 0.0,
    "profile_step": 1,
    "module_depth": -1,
    "top_modules": 1,
    "detailed": true,
    "output_file": null
}
[2025-01-10 17:52:22,082] [INFO] [config.py:1003:print]   fp16_auto_cast ............... None
[2025-01-10 17:52:22,082] [INFO] [config.py:1003:print]   fp16_enabled ................. False
[2025-01-10 17:52:22,082] [INFO] [config.py:1003:print]   fp16_master_weights_and_gradients  False
[2025-01-10 17:52:22,082] [INFO] [config.py:1003:print]   global_rank .................. 0
[2025-01-10 17:52:22,082] [INFO] [config.py:1003:print]   grad_accum_dtype ............. None
[2025-01-10 17:52:22,082] [INFO] [config.py:1003:print]   gradient_accumulation_steps .. 4
[2025-01-10 17:52:22,082] [INFO] [config.py:1003:print]   gradient_clipping ............ 1.0
[2025-01-10 17:52:22,082] [INFO] [config.py:1003:print]   gradient_predivide_factor .... 1.0
[2025-01-10 17:52:22,082] [INFO] [config.py:1003:print]   graph_harvesting ............. False
[2025-01-10 17:52:22,082] [INFO] [config.py:1003:print]   hybrid_engine ................ enabled=False max_out_tokens=512 inference_tp_size=1 release_inference_cache=False pin_parameters=True tp_gather_partition_size=8
[2025-01-10 17:52:22,082] [INFO] [config.py:1003:print]   initial_dynamic_scale ........ 1
[2025-01-10 17:52:22,082] [INFO] [config.py:1003:print]   load_universal_checkpoint .... False
[2025-01-10 17:52:22,082] [INFO] [config.py:1003:print]   loss_scale ................... 1.0
[2025-01-10 17:52:22,082] [INFO] [config.py:1003:print]   memory_breakdown ............. False
[2025-01-10 17:52:22,082] [INFO] [config.py:1003:print]   mics_hierarchial_params_gather  False
[2025-01-10 17:52:22,082] [INFO] [config.py:1003:print]   mics_shard_size .............. -1
[2025-01-10 17:52:22,082] [INFO] [config.py:1003:print]   monitor_config ............... tensorboard=TensorBoardConfig(enabled=False, output_path='', job_name='DeepSpeedJobName') comet=CometConfig(enabled=False, samples_log_interval=100, project=None, workspace=None, api_key=None, experiment_name=None, experiment_key=None, online=None, mode=None) wandb=WandbConfig(enabled=False, group=None, team=None, project='deepspeed') csv_monitor=CSVConfig(enabled=False, output_path='', job_name='DeepSpeedJobName')
[2025-01-10 17:52:22,082] [INFO] [config.py:1003:print]   nebula_config ................ {
    "enabled": false,
    "persistent_storage_path": null,
    "persistent_time_interval": 100,
    "num_of_version_in_retention": 2,
    "enable_nebula_load": true,
    "load_path": null
}
[2025-01-10 17:52:22,082] [INFO] [config.py:1003:print]   optimizer_legacy_fusion ...... False
[2025-01-10 17:52:22,082] [INFO] [config.py:1003:print]   optimizer_name ............... adamw
[2025-01-10 17:52:22,082] [INFO] [config.py:1003:print]   optimizer_params ............. {'lr': 2e-05, 'betas': [0.9, 0.999], 'eps': 1e-08, 'weight_decay': 0.0}
[2025-01-10 17:52:22,082] [INFO] [config.py:1003:print]   pipeline ..................... {'stages': 'auto', 'partition': 'best', 'seed_layers': False, 'activation_checkpoint_interval': 0, 'pipe_partitioned': True, 'grad_partitioned': True}
[2025-01-10 17:52:22,082] [INFO] [config.py:1003:print]   pld_enabled .................. False
[2025-01-10 17:52:22,082] [INFO] [config.py:1003:print]   pld_params ................... False
[2025-01-10 17:52:22,082] [INFO] [config.py:1003:print]   prescale_gradients ........... False
[2025-01-10 17:52:22,082] [INFO] [config.py:1003:print]   scheduler_name ............... WarmupDecayLR
[2025-01-10 17:52:22,082] [INFO] [config.py:1003:print]   scheduler_params ............. {'warmup_min_lr': 0, 'warmup_max_lr': 2e-05, 'warmup_num_steps': 2, 'total_num_steps': 36}
[2025-01-10 17:52:22,082] [INFO] [config.py:1003:print]   seq_parallel_communication_data_type  torch.float32
[2025-01-10 17:52:22,082] [INFO] [config.py:1003:print]   sparse_attention ............. None
[2025-01-10 17:52:22,082] [INFO] [config.py:1003:print]   sparse_gradients_enabled ..... False
[2025-01-10 17:52:22,082] [INFO] [config.py:1003:print]   steps_per_print .............. inf
[2025-01-10 17:52:22,082] [INFO] [config.py:1003:print]   timers_config ................ enabled=True synchronized=True
[2025-01-10 17:52:22,082] [INFO] [config.py:1003:print]   train_batch_size ............. 256
[2025-01-10 17:52:22,082] [INFO] [config.py:1003:print]   train_micro_batch_size_per_gpu  8
[2025-01-10 17:52:22,082] [INFO] [config.py:1003:print]   use_data_before_expert_parallel_  False
[2025-01-10 17:52:22,082] [INFO] [config.py:1003:print]   use_node_local_storage ....... False
[2025-01-10 17:52:22,082] [INFO] [config.py:1003:print]   wall_clock_breakdown ......... False
[2025-01-10 17:52:22,082] [INFO] [config.py:1003:print]   weight_quantization_config ... None
[2025-01-10 17:52:22,082] [INFO] [config.py:1003:print]   world_size ................... 8
[2025-01-10 17:52:22,082] [INFO] [config.py:1003:print]   zero_allow_untested_optimizer  False
[2025-01-10 17:52:22,082] [INFO] [config.py:1003:print]   zero_config .................. stage=1 contiguous_gradients=True reduce_scatter=True reduce_bucket_size=200000000 use_multi_rank_bucket_allreduce=True allgather_partitions=True allgather_bucket_size=200000000 overlap_comm=True load_from_fp32_weights=True elastic_checkpoint=False offload_param=None offload_optimizer=None sub_group_size=1000000000 cpu_offload_param=None cpu_offload_use_pin_memory=None cpu_offload=None prefetch_bucket_size=50000000 param_persistence_threshold=100000 model_persistence_threshold=9223372036854775807 max_live_parameters=1000000000 max_reuse_distance=1000000000 gather_16bit_weights_on_model_save=False use_all_reduce_for_fetch_params=False stage3_gather_fp16_weights_on_model_save=False ignore_unused_parameters=True legacy_stage1=False round_robin_gradients=False zero_hpz_partition_size=1 zero_quantized_weights=False zero_quantized_nontrainable_weights=False zero_quantized_gradients=False mics_shard_size=-1 mics_hierarchical_params_gather=False memory_efficient_linear=True pipeline_loading_checkpoint=False override_module_apply=True
[2025-01-10 17:52:22,082] [INFO] [config.py:1003:print]   zero_enabled ................. True
[2025-01-10 17:52:22,083] [INFO] [config.py:1003:print]   zero_force_ds_cpu_optimizer .. True
[2025-01-10 17:52:22,083] [INFO] [config.py:1003:print]   zero_optimization_stage ...... 1
[2025-01-10 17:52:22,083] [INFO] [config.py:989:print_user_config]   json = {
    "bf16": {
        "enabled": true
    },
    "optimizer": {
        "type": "AdamW",
        "params": {
            "lr": 2e-05,
            "betas": [0.9, 0.999],
            "eps": 1e-08,
            "weight_decay": 0.0
        }
    },
    "scheduler": {
        "type": "WarmupDecayLR",
        "params": {
            "warmup_min_lr": 0,
            "warmup_max_lr": 2e-05,
            "warmup_num_steps": 2,
            "total_num_steps": 36
        }
    },
    "zero_optimization": {
        "stage": 1,
        "allgather_partitions": true,
        "allgather_bucket_size": 2.000000e+08,
        "overlap_comm": true,
        "reduce_scatter": true,
        "reduce_bucket_size": 2.000000e+08,
        "contiguous_gradients": true
    },
    "gradient_accumulation_steps": 4,
    "gradient_clipping": 1.0,
    "train_batch_size": 256,
    "train_micro_batch_size_per_gpu": 8,
    "steps_per_print": inf,
    "fp16": {
        "enabled": false
    }
}
[INFO|trainer.py:2362] 2025-01-10 17:52:22,083 >> ***** Running training *****
[INFO|trainer.py:2363] 2025-01-10 17:52:22,083 >>   Num examples = 18,135
[INFO|trainer.py:2364] 2025-01-10 17:52:22,083 >>   Num Epochs = 1
[INFO|trainer.py:2365] 2025-01-10 17:52:22,083 >>   Instantaneous batch size per device = 8
[INFO|trainer.py:2368] 2025-01-10 17:52:22,083 >>   Total train batch size (w. parallel, distributed & accumulation) = 256
[INFO|trainer.py:2369] 2025-01-10 17:52:22,083 >>   Gradient Accumulation steps = 4
[INFO|trainer.py:2370] 2025-01-10 17:52:22,083 >>   Total optimization steps = 36
[INFO|trainer.py:2371] 2025-01-10 17:52:22,084 >>   Number of trainable parameters = 1,341,247,488
  0%|                                                                                                                                                                                                                       | 0/36 [00:00<?, ?it/s][WARNING|logging.py:328] 2025-01-10 17:52:22,125 >> `use_cache=True` is incompatible with gradient checkpointing. Setting `use_cache=False`...
[2025-01-10 17:52:22,280] [WARNING] [lr_schedules.py:683:get_lr] Attempting to get learning rate from scheduler before it has started
[WARNING|logging.py:328] 2025-01-10 17:52:22,331 >> `use_cache=True` is incompatible with gradient checkpointing. Setting `use_cache=False`...
[2025-01-10 17:52:23,547] [WARNING] [lr_schedules.py:683:get_lr] Attempting to get learning rate from scheduler before it has started
[WARNING|logging.py:328] 2025-01-10 17:52:23,595 >> `use_cache=True` is incompatible with gradient checkpointing. Setting `use_cache=False`...
{'loss': 3.3374, 'grad_norm': 1.8227429389953613, 'learning_rate': 1.5882352941176473e-05, 'epoch': 0.14}
{'loss': 0.4733, 'grad_norm': 0.8484721183776855, 'learning_rate': 1e-05, 'epoch': 0.28}
{'loss': 0.2588, 'grad_norm': 0.6332812905311584, 'learning_rate': 4.11764705882353e-06, 'epoch': 0.42}
100%|██████████████████████████████████████████████████████████████████████████████████████████████████████████████████████████████████████████████████████████████████████████████████████████████████████████████| 36/36 [00:47<00:00,  1.09s/it][INFO|trainer.py:3887] 2025-01-10 17:53:10,530 >> Saving model checkpoint to output/GNER/EAGLE-1B-supervised/checkpoint-36
[INFO|configuration_utils.py:419] 2025-01-10 17:53:10,533 >> Configuration saved in output/GNER/EAGLE-1B-supervised/checkpoint-36/config.json
[INFO|configuration_utils.py:909] 2025-01-10 17:53:10,533 >> Configuration saved in output/GNER/EAGLE-1B-supervised/checkpoint-36/generation_config.json
[INFO|modeling_utils.py:3042] 2025-01-10 17:53:14,287 >> Model weights saved in output/GNER/EAGLE-1B-supervised/checkpoint-36/model.safetensors
[INFO|tokenization_utils_base.py:2485] 2025-01-10 17:53:14,362 >> tokenizer config file saved in output/GNER/EAGLE-1B-supervised/checkpoint-36/tokenizer_config.json
[INFO|tokenization_utils_base.py:2494] 2025-01-10 17:53:14,362 >> Special tokens file saved in output/GNER/EAGLE-1B-supervised/checkpoint-36/special_tokens_map.json
[2025-01-10 17:53:14,406] [INFO] [logging.py:128:log_dist] [Rank 0] [Torch] Checkpoint global_step36 is about to be saved!
[2025-01-10 17:53:14,412] [INFO] [logging.py:128:log_dist] [Rank 0] Saving model checkpoint: output/GNER/EAGLE-1B-supervised/checkpoint-36/global_step36/mp_rank_00_model_states.pt
[2025-01-10 17:53:14,412] [INFO] [torch_checkpoint_engine.py:21:save] [Torch] Saving output/GNER/EAGLE-1B-supervised/checkpoint-36/global_step36/mp_rank_00_model_states.pt...
[2025-01-10 17:53:18,549] [INFO] [torch_checkpoint_engine.py:23:save] [Torch] Saved output/GNER/EAGLE-1B-supervised/checkpoint-36/global_step36/mp_rank_00_model_states.pt.
[2025-01-10 17:53:18,553] [INFO] [torch_checkpoint_engine.py:21:save] [Torch] Saving output/GNER/EAGLE-1B-supervised/checkpoint-36/global_step36/bf16_zero_pp_rank_0_mp_rank_00_optim_states.pt...
[2025-01-10 17:53:22,587] [INFO] [torch_checkpoint_engine.py:23:save] [Torch] Saved output/GNER/EAGLE-1B-supervised/checkpoint-36/global_step36/bf16_zero_pp_rank_0_mp_rank_00_optim_states.pt.
[2025-01-10 17:53:22,587] [INFO] [engine.py:3536:_save_zero_checkpoint] zero checkpoint saved output/GNER/EAGLE-1B-supervised/checkpoint-36/global_step36/bf16_zero_pp_rank_0_mp_rank_00_optim_states.pt
[2025-01-10 17:53:22,587] [INFO] [torch_checkpoint_engine.py:33:commit] [Torch] Checkpoint global_step36 is ready now!
[INFO|gner_trainer.py:60] 2025-01-10 17:53:23,441 >> ***** Running Evaluation *****
[INFO|gner_trainer.py:62] 2025-01-10 17:53:23,441 >>   Num examples = 65
[INFO|gner_trainer.py:65] 2025-01-10 17:53:23,441 >>   Batch size = 8
{'eval_crossner_ai_prec': 0.25388601036256275, 'eval_crossner_ai_rec': 0.21973094170393737, 'eval_crossner_ai_f1': 0.23557692302706984, 'eval_AVERAGE_f1': 0.23557692302706984, 'eval_runtime': 10.4421, 'eval_samples_per_second': 6.225, 'eval_steps_per_second': 0.192, 'epoch': 0.51}
100%|██████████████████████████████████████████████████████████████████████████████████████████████████████████████████████████████████████████████████████████████████████████████████████████████████████████████| 36/36 [01:11<00:00,  1.09s/it]
[INFO|trainer.py:3887] 2025-01-10 17:53:34,961 >> Saving model checkpoint to output/GNER/EAGLE-1B-supervised/checkpoint-36
[INFO|configuration_utils.py:419] 2025-01-10 17:53:34,964 >> Configuration saved in output/GNER/EAGLE-1B-supervised/checkpoint-36/config.json
[INFO|configuration_utils.py:909] 2025-01-10 17:53:34,964 >> Configuration saved in output/GNER/EAGLE-1B-supervised/checkpoint-36/generation_config.json
[INFO|modeling_utils.py:3042] 2025-01-10 17:53:38,279 >> Model weights saved in output/GNER/EAGLE-1B-supervised/checkpoint-36/model.safetensors
[INFO|tokenization_utils_base.py:2485] 2025-01-10 17:53:38,361 >> tokenizer config file saved in output/GNER/EAGLE-1B-supervised/checkpoint-36/tokenizer_config.json
[INFO|tokenization_utils_base.py:2494] 2025-01-10 17:53:38,362 >> Special tokens file saved in output/GNER/EAGLE-1B-supervised/checkpoint-36/special_tokens_map.json
[2025-01-10 17:53:38,389] [INFO] [logging.py:128:log_dist] [Rank 0] [Torch] Checkpoint global_step36 is about to be saved!
[2025-01-10 17:53:38,462] [INFO] [logging.py:128:log_dist] [Rank 0] Saving model checkpoint: output/GNER/EAGLE-1B-supervised/checkpoint-36/global_step36/mp_rank_00_model_states.pt
[2025-01-10 17:53:38,462] [INFO] [torch_checkpoint_engine.py:21:save] [Torch] Saving output/GNER/EAGLE-1B-supervised/checkpoint-36/global_step36/mp_rank_00_model_states.pt...
[2025-01-10 17:53:42,470] [INFO] [torch_checkpoint_engine.py:23:save] [Torch] Saved output/GNER/EAGLE-1B-supervised/checkpoint-36/global_step36/mp_rank_00_model_states.pt.
[2025-01-10 17:53:42,472] [INFO] [torch_checkpoint_engine.py:21:save] [Torch] Saving output/GNER/EAGLE-1B-supervised/checkpoint-36/global_step36/bf16_zero_pp_rank_0_mp_rank_00_optim_states.pt...
[2025-01-10 17:53:46,655] [INFO] [torch_checkpoint_engine.py:23:save] [Torch] Saved output/GNER/EAGLE-1B-supervised/checkpoint-36/global_step36/bf16_zero_pp_rank_0_mp_rank_00_optim_states.pt.
[2025-01-10 17:53:46,656] [INFO] [engine.py:3536:_save_zero_checkpoint] zero checkpoint saved output/GNER/EAGLE-1B-supervised/checkpoint-36/global_step36/bf16_zero_pp_rank_0_mp_rank_00_optim_states.pt
[2025-01-10 17:53:46,656] [INFO] [torch_checkpoint_engine.py:33:commit] [Torch] Checkpoint global_step36 is ready now!
[INFO|trainer.py:2636] 2025-01-10 17:53:47,891 >>

Training completed. Do not forget to share your model on huggingface.co/models =)


{'train_runtime': 85.8078, 'train_samples_per_second': 105.672, 'train_steps_per_second': 0.42, 'train_loss': 1.1618395911322699, 'epoch': 0.51}
100%|██████████████████████████████████████████████████████████████████████████████████████████████████████████████████████████████████████████████████████████████████████████████████████████████████████████████| 36/36 [01:25<00:00,  2.38s/it]
[rank0]:[W110 17:53:48.061413890 ProcessGroupNCCL.cpp:1250] Warning: WARNING: process group has NOT been destroyed before we destruct ProcessGroupNCCL. On normal program exit, the application should call destroy_process_group to ensure that any pending NCCL operations have finished in this process. In rare cases this process can exit before this point and block the progress of another member of the process group. This constraint has always been present,  but this warning has only been added since PyTorch 2.4 (function operator())
[2025-01-10 17:53:52,700] [INFO] [launch.py:351:main] Process 1137992 exits successfully.
[2025-01-10 17:53:52,700] [INFO] [launch.py:351:main] Process 1137988 exits successfully.
[2025-01-10 17:53:52,700] [INFO] [launch.py:351:main] Process 1137985 exits successfully.
[2025-01-10 17:53:52,700] [INFO] [launch.py:351:main] Process 1137989 exits successfully.
[2025-01-10 17:53:52,701] [INFO] [launch.py:351:main] Process 1137987 exits successfully.
[2025-01-10 17:53:53,701] [INFO] [launch.py:351:main] Process 1137986 exits successfully.
[2025-01-10 17:53:53,701] [INFO] [launch.py:351:main] Process 1137991 exits successfully.
[2025-01-10 17:53:53,701] [INFO] [launch.py:351:main] Process 1137990 exits successfully.

Process finished with exit code 0
