[01.31 15:33:48] ┇ INFO    ┇           chrisbase.data ┇ =========================================================================================================================================
[01.31 15:33:48] ┇ INFO    ┇           chrisbase.data ┇ [INIT] python task2-nerG-trainer.py --local_rank=0 --trainer_deepspeed configs/deepspeed/ds1_llama.json
[01.31 15:33:48] ┇ INFO    ┇           chrisbase.data ┇ =========================================================================================================================================
[01.31 15:33:49] ┇ INFO    ┇           chrisbase.data ┇ -----------------------------------------------------------------------------------------------------------------------------------------
[01.31 15:33:49] ┇ INFO    ┇           chrisbase.data ┇   #	TrainingArgumentsForAccelerator              	value
[01.31 15:33:49] ┇ INFO    ┇           chrisbase.data ┇ -----------------------------------------------------------------------------------------------------------------------------------------
[01.31 15:33:49] ┇ INFO    ┇           chrisbase.data ┇   1	env.hostname                                 	lirs-b1
[01.31 15:33:49] ┇ INFO    ┇           chrisbase.data ┇   2	env.hostaddr                                 	129.254.111.103
[01.31 15:33:49] ┇ INFO    ┇           chrisbase.data ┇   3	env.global_rank                              	-1
[01.31 15:33:49] ┇ INFO    ┇           chrisbase.data ┇   4	env.local_rank                               	0
[01.31 15:33:49] ┇ INFO    ┇           chrisbase.data ┇   5	env.node_rank                                	-1
[01.31 15:33:49] ┇ INFO    ┇           chrisbase.data ┇   6	env.world_size                               	4
[01.31 15:33:49] ┇ INFO    ┇           chrisbase.data ┇   7	env.time_stamp                               	0131-153343
[01.31 15:33:49] ┇ INFO    ┇           chrisbase.data ┇   8	env.python_path                              	/home/chrisjihee/miniforge3/envs/DeepKNLP/bin/python
[01.31 15:33:49] ┇ INFO    ┇           chrisbase.data ┇   9	env.current_dir                              	/home/chrisjihee/proj/DeepKNLP
[01.31 15:33:49] ┇ INFO    ┇           chrisbase.data ┇  10	env.current_file                             	task2-nerG-trainer.py
[01.31 15:33:49] ┇ INFO    ┇           chrisbase.data ┇  11	env.command_args                             	['--local_rank=0', '--trainer_deepspeed', 'configs/deepspeed/ds1_llama.json']
[01.31 15:33:49] ┇ INFO    ┇           chrisbase.data ┇  12	env.output_home                              	output
[01.31 15:33:49] ┇ INFO    ┇           chrisbase.data ┇  13	env.output_name                              	GNER
[01.31 15:33:49] ┇ INFO    ┇           chrisbase.data ┇  14	env.run_version                              	EAGLE-1B-supervised
[01.31 15:33:49] ┇ INFO    ┇           chrisbase.data ┇  15	env.output_file                              	train-metrics-0131-153343.csv
[01.31 15:33:49] ┇ INFO    ┇           chrisbase.data ┇  16	env.logging_file                             	train-loggings-0131-153343.out
[01.31 15:33:49] ┇ INFO    ┇           chrisbase.data ┇  17	env.logging_level                            	30
[01.31 15:33:49] ┇ INFO    ┇           chrisbase.data ┇  18	env.logging_format                           	%(asctime)s ┇ %(levelname)-7s ┇ %(name)24s ┇ %(message)s
[01.31 15:33:49] ┇ INFO    ┇           chrisbase.data ┇  19	env.datetime_format                          	[%m.%d %H:%M:%S]
[01.31 15:33:49] ┇ INFO    ┇           chrisbase.data ┇  20	env.argument_file                            	train-arguments-0131-153343.json
[01.31 15:33:49] ┇ INFO    ┇           chrisbase.data ┇  21	env.random_seed                              	7
[01.31 15:33:49] ┇ INFO    ┇           chrisbase.data ┇  22	env.max_workers                              	4
[01.31 15:33:49] ┇ INFO    ┇           chrisbase.data ┇  23	env.debugging                                	False
[01.31 15:33:49] ┇ INFO    ┇           chrisbase.data ┇  24	env.output_dir                               	output/GNER/EAGLE-1B-supervised
[01.31 15:33:49] ┇ INFO    ┇           chrisbase.data ┇  25	time.t1                                      	2025-01-31 15:33:49.055860
[01.31 15:33:49] ┇ INFO    ┇           chrisbase.data ┇  26	time.t2                                      	2025-01-31 15:33:43.347245
[01.31 15:33:49] ┇ INFO    ┇           chrisbase.data ┇  27	time.started                                 	[01.31 15:33:49]
[01.31 15:33:49] ┇ INFO    ┇           chrisbase.data ┇  28	time.settled
[01.31 15:33:49] ┇ INFO    ┇           chrisbase.data ┇  29	time.elapsed
[01.31 15:33:49] ┇ INFO    ┇           chrisbase.data ┇  30	data.pretrained                              	etri-lirs/egpt-1.3b-preview
[01.31 15:33:49] ┇ INFO    ┇           chrisbase.data ┇  31	data.train_file                              	data/gner/each-sampled/crossner_ai-train=100.jsonl
[01.31 15:33:49] ┇ INFO    ┇           chrisbase.data ┇  32	data.study_file
[01.31 15:33:49] ┇ INFO    ┇           chrisbase.data ┇  33	data.eval_file                               	data/gner/each-sampled/crossner_ai-dev=100.jsonl
[01.31 15:33:49] ┇ INFO    ┇           chrisbase.data ┇  34	data.pred_file                               	data/gner/each-sampled/crossner_ai-test=100.jsonl
[01.31 15:33:49] ┇ INFO    ┇           chrisbase.data ┇  35	data.max_train_samples                       	-1
[01.31 15:33:49] ┇ INFO    ┇           chrisbase.data ┇  36	data.max_study_samples                       	-1
[01.31 15:33:49] ┇ INFO    ┇           chrisbase.data ┇  37	data.max_eval_samples                        	-1
[01.31 15:33:49] ┇ INFO    ┇           chrisbase.data ┇  38	data.max_pred_samples                        	-1
[01.31 15:33:49] ┇ INFO    ┇           chrisbase.data ┇  39	data.use_cache_data                          	True
[01.31 15:33:49] ┇ INFO    ┇           chrisbase.data ┇  40	data.progress_seconds                        	10.0
[01.31 15:33:49] ┇ INFO    ┇           chrisbase.data ┇  41	data.max_source_length                       	640
[01.31 15:33:49] ┇ INFO    ┇           chrisbase.data ┇  42	data.max_target_length                       	640
[01.31 15:33:49] ┇ INFO    ┇           chrisbase.data ┇  43	data.ignore_pad_token_for_loss               	True
[01.31 15:33:49] ┇ INFO    ┇           chrisbase.data ┇  44	train._n_gpu                                 	1
[01.31 15:33:49] ┇ INFO    ┇           chrisbase.data ┇  45	train.accelerator_config                     	{'split_batches': False, 'dispatch_batches': None, 'even_batches': True, 'use_seedable_sampler': True, 'non_blocking': False, 'gradient_accumulation_kwargs': None, 'use_configured_state': False}
[01.31 15:33:49] ┇ INFO    ┇           chrisbase.data ┇  46	train.adafactor                              	False
[01.31 15:33:49] ┇ INFO    ┇           chrisbase.data ┇  47	train.adam_beta1                             	0.9
[01.31 15:33:49] ┇ INFO    ┇           chrisbase.data ┇  48	train.adam_beta2                             	0.999
[01.31 15:33:49] ┇ INFO    ┇           chrisbase.data ┇  49	train.adam_epsilon                           	1e-08
[01.31 15:33:49] ┇ INFO    ┇           chrisbase.data ┇  50	train.auto_find_batch_size                   	False
[01.31 15:33:49] ┇ INFO    ┇           chrisbase.data ┇  51	train.average_tokens_across_devices          	False
[01.31 15:33:49] ┇ INFO    ┇           chrisbase.data ┇  52	train.batch_eval_metrics                     	False
[01.31 15:33:49] ┇ INFO    ┇           chrisbase.data ┇  53	train.bf16                                   	True
[01.31 15:33:49] ┇ INFO    ┇           chrisbase.data ┇  54	train.bf16_full_eval                         	True
[01.31 15:33:49] ┇ INFO    ┇           chrisbase.data ┇  55	train.data_seed
[01.31 15:33:49] ┇ INFO    ┇           chrisbase.data ┇  56	train.dataloader_drop_last                   	False
[01.31 15:33:49] ┇ INFO    ┇           chrisbase.data ┇  57	train.dataloader_num_workers                 	0
[01.31 15:33:49] ┇ INFO    ┇           chrisbase.data ┇  58	train.dataloader_persistent_workers          	False
[01.31 15:33:49] ┇ INFO    ┇           chrisbase.data ┇  59	train.dataloader_pin_memory                  	True
[01.31 15:33:49] ┇ INFO    ┇           chrisbase.data ┇  60	train.dataloader_prefetch_factor
[01.31 15:33:49] ┇ INFO    ┇           chrisbase.data ┇  61	train.ddp_backend
[01.31 15:33:49] ┇ INFO    ┇           chrisbase.data ┇  62	train.ddp_broadcast_buffers
[01.31 15:33:49] ┇ INFO    ┇           chrisbase.data ┇  63	train.ddp_bucket_cap_mb
[01.31 15:33:49] ┇ INFO    ┇           chrisbase.data ┇  64	train.ddp_find_unused_parameters
[01.31 15:33:49] ┇ INFO    ┇           chrisbase.data ┇  65	train.ddp_timeout                            	1800
[01.31 15:33:49] ┇ INFO    ┇           chrisbase.data ┇  66	train.debug                                  	[]
[01.31 15:33:49] ┇ INFO    ┇           chrisbase.data ┇  67	train.deepspeed                              	configs/deepspeed/ds1_llama.json
[01.31 15:33:49] ┇ INFO    ┇           chrisbase.data ┇  68	train.disable_tqdm                           	True
[01.31 15:33:49] ┇ INFO    ┇           chrisbase.data ┇  69	train.dispatch_batches
[01.31 15:33:49] ┇ INFO    ┇           chrisbase.data ┇  70	train.do_eval                                	True
[01.31 15:33:49] ┇ INFO    ┇           chrisbase.data ┇  71	train.do_predict                             	False
[01.31 15:33:49] ┇ INFO    ┇           chrisbase.data ┇  72	train.do_train                               	True
[01.31 15:33:49] ┇ INFO    ┇           chrisbase.data ┇  73	train.eval_accumulation_steps                	1
[01.31 15:33:49] ┇ INFO    ┇           chrisbase.data ┇  74	train.eval_delay                             	0
[01.31 15:33:49] ┇ INFO    ┇           chrisbase.data ┇  75	train.eval_do_concat_batches                 	True
[01.31 15:33:49] ┇ INFO    ┇           chrisbase.data ┇  76	train.eval_epochs                            	0.3333333333333333
[01.31 15:33:49] ┇ INFO    ┇           chrisbase.data ┇  77	train.eval_on_start                          	False
[01.31 15:33:49] ┇ INFO    ┇           chrisbase.data ┇  78	train.eval_steps                             	9223372036854775807
[01.31 15:33:49] ┇ INFO    ┇           chrisbase.data ┇  79	train.eval_strategy                          	IntervalStrategy.NO
[01.31 15:33:49] ┇ INFO    ┇           chrisbase.data ┇  80	train.eval_use_gather_object                 	False
[01.31 15:33:49] ┇ INFO    ┇           chrisbase.data ┇  81	train.evaluation_strategy
[01.31 15:33:49] ┇ INFO    ┇           chrisbase.data ┇  82	train.fp16                                   	False
[01.31 15:33:49] ┇ INFO    ┇           chrisbase.data ┇  83	train.fp16_backend                           	auto
[01.31 15:33:49] ┇ INFO    ┇           chrisbase.data ┇  84	train.fp16_full_eval                         	False
[01.31 15:33:49] ┇ INFO    ┇           chrisbase.data ┇  85	train.fp16_opt_level                         	O1
[01.31 15:33:49] ┇ INFO    ┇           chrisbase.data ┇  86	train.fsdp                                   	[]
[01.31 15:33:49] ┇ INFO    ┇           chrisbase.data ┇  87	train.fsdp_config                            	{'min_num_params': 0, 'xla': False, 'xla_fsdp_v2': False, 'xla_fsdp_grad_ckpt': False}
[01.31 15:33:49] ┇ INFO    ┇           chrisbase.data ┇  88	train.fsdp_min_num_params                    	0
[01.31 15:33:49] ┇ INFO    ┇           chrisbase.data ┇  89	train.fsdp_transformer_layer_cls_to_wrap
[01.31 15:33:49] ┇ INFO    ┇           chrisbase.data ┇  90	train.full_determinism                       	False
[01.31 15:33:49] ┇ INFO    ┇           chrisbase.data ┇  91	train.generation_config
[01.31 15:33:49] ┇ INFO    ┇           chrisbase.data ┇  92	train.generation_max_length                  	640
[01.31 15:33:49] ┇ INFO    ┇           chrisbase.data ┇  93	train.generation_num_beams
[01.31 15:33:49] ┇ INFO    ┇           chrisbase.data ┇  94	train.gradient_accumulation_steps            	1
[01.31 15:33:49] ┇ INFO    ┇           chrisbase.data ┇  95	train.gradient_checkpointing                 	True
[01.31 15:33:49] ┇ INFO    ┇           chrisbase.data ┇  96	train.gradient_checkpointing_kwargs
[01.31 15:33:49] ┇ INFO    ┇           chrisbase.data ┇  97	train.greater_is_better
[01.31 15:33:49] ┇ INFO    ┇           chrisbase.data ┇  98	train.group_by_length                        	False
[01.31 15:33:49] ┇ INFO    ┇           chrisbase.data ┇  99	train.half_precision_backend                 	auto
[01.31 15:33:49] ┇ INFO    ┇           chrisbase.data ┇ 100	train.hub_always_push                        	False
[01.31 15:33:49] ┇ INFO    ┇           chrisbase.data ┇ 101	train.hub_model_id
[01.31 15:33:49] ┇ INFO    ┇           chrisbase.data ┇ 102	train.hub_private_repo
[01.31 15:33:49] ┇ INFO    ┇           chrisbase.data ┇ 103	train.hub_strategy                           	HubStrategy.EVERY_SAVE
[01.31 15:33:49] ┇ INFO    ┇           chrisbase.data ┇ 104	train.hub_token
[01.31 15:33:49] ┇ INFO    ┇           chrisbase.data ┇ 105	train.ignore_data_skip                       	False
[01.31 15:33:49] ┇ INFO    ┇           chrisbase.data ┇ 106	train.include_for_metrics                    	[]
[01.31 15:33:49] ┇ INFO    ┇           chrisbase.data ┇ 107	train.include_inputs_for_metrics             	False
[01.31 15:33:49] ┇ INFO    ┇           chrisbase.data ┇ 108	train.include_num_input_tokens_seen          	False
[01.31 15:33:49] ┇ INFO    ┇           chrisbase.data ┇ 109	train.include_tokens_per_second              	False
[01.31 15:33:49] ┇ INFO    ┇           chrisbase.data ┇ 110	train.jit_mode_eval                          	False
[01.31 15:33:49] ┇ INFO    ┇           chrisbase.data ┇ 111	train.label_names
[01.31 15:33:49] ┇ INFO    ┇           chrisbase.data ┇ 112	train.label_smoothing_factor                 	0.0
[01.31 15:33:49] ┇ INFO    ┇           chrisbase.data ┇ 113	train.learning_rate                          	2e-05
[01.31 15:33:49] ┇ INFO    ┇           chrisbase.data ┇ 114	train.length_column_name                     	length
[01.31 15:33:49] ┇ INFO    ┇           chrisbase.data ┇ 115	train.load_best_model_at_end                 	False
[01.31 15:33:49] ┇ INFO    ┇           chrisbase.data ┇ 116	train.local_rank                             	0
[01.31 15:33:49] ┇ INFO    ┇           chrisbase.data ┇ 117	train.log_level                              	warning
[01.31 15:33:49] ┇ INFO    ┇           chrisbase.data ┇ 118	train.log_level_replica                      	error
[01.31 15:33:49] ┇ INFO    ┇           chrisbase.data ┇ 119	train.log_on_each_node                       	True
[01.31 15:33:49] ┇ INFO    ┇           chrisbase.data ┇ 120	train.logging_dir                            	output/GNER/EAGLE-1B-supervised/runs/Jan31_15-33-47_lirs-b1
[01.31 15:33:49] ┇ INFO    ┇           chrisbase.data ┇ 121	train.logging_epochs                         	-1.0
[01.31 15:33:49] ┇ INFO    ┇           chrisbase.data ┇ 122	train.logging_first_step                     	False
[01.31 15:33:49] ┇ INFO    ┇           chrisbase.data ┇ 123	train.logging_nan_inf_filter                 	True
[01.31 15:33:49] ┇ INFO    ┇           chrisbase.data ┇ 124	train.logging_steps                          	1
[01.31 15:33:49] ┇ INFO    ┇           chrisbase.data ┇ 125	train.logging_strategy                       	IntervalStrategy.STEPS
[01.31 15:33:49] ┇ INFO    ┇           chrisbase.data ┇ 126	train.lr_scheduler_kwargs                    	{}
[01.31 15:33:49] ┇ INFO    ┇           chrisbase.data ┇ 127	train.lr_scheduler_type                      	SchedulerType.COSINE
[01.31 15:33:49] ┇ INFO    ┇           chrisbase.data ┇ 128	train.max_grad_norm                          	1.0
[01.31 15:33:49] ┇ INFO    ┇           chrisbase.data ┇ 129	train.max_steps                              	-1
[01.31 15:33:49] ┇ INFO    ┇           chrisbase.data ┇ 130	train.metric_for_best_model
[01.31 15:33:49] ┇ INFO    ┇           chrisbase.data ┇ 131	train.mp_parameters
[01.31 15:33:49] ┇ INFO    ┇           chrisbase.data ┇ 132	train.neftune_noise_alpha
[01.31 15:33:49] ┇ INFO    ┇           chrisbase.data ┇ 133	train.no_cuda                                	False
[01.31 15:33:49] ┇ INFO    ┇           chrisbase.data ┇ 134	train.num_train_epochs                       	6.0
[01.31 15:33:49] ┇ INFO    ┇           chrisbase.data ┇ 135	train.optim                                  	OptimizerNames.ADAMW_TORCH
[01.31 15:33:49] ┇ INFO    ┇           chrisbase.data ┇ 136	train.optim_args
[01.31 15:33:49] ┇ INFO    ┇           chrisbase.data ┇ 137	train.optim_target_modules
[01.31 15:33:49] ┇ INFO    ┇           chrisbase.data ┇ 138	train.output_dir                             	output/GNER/EAGLE-1B-supervised
[01.31 15:33:49] ┇ INFO    ┇           chrisbase.data ┇ 139	train.overwrite_output_dir                   	True
[01.31 15:33:49] ┇ INFO    ┇           chrisbase.data ┇ 140	train.past_index                             	-1
[01.31 15:33:49] ┇ INFO    ┇           chrisbase.data ┇ 141	train.per_device_eval_batch_size             	5
[01.31 15:33:49] ┇ INFO    ┇           chrisbase.data ┇ 142	train.per_device_train_batch_size            	1
[01.31 15:33:49] ┇ INFO    ┇           chrisbase.data ┇ 143	train.per_gpu_eval_batch_size
[01.31 15:33:49] ┇ INFO    ┇           chrisbase.data ┇ 144	train.per_gpu_train_batch_size
[01.31 15:33:49] ┇ INFO    ┇           chrisbase.data ┇ 145	train.predict_with_generate                  	True
[01.31 15:33:49] ┇ INFO    ┇           chrisbase.data ┇ 146	train.prediction_loss_only                   	False
[01.31 15:33:49] ┇ INFO    ┇           chrisbase.data ┇ 147	train.push_to_hub                            	False
[01.31 15:33:49] ┇ INFO    ┇           chrisbase.data ┇ 148	train.push_to_hub_model_id
[01.31 15:33:49] ┇ INFO    ┇           chrisbase.data ┇ 149	train.push_to_hub_organization
[01.31 15:33:49] ┇ INFO    ┇           chrisbase.data ┇ 150	train.push_to_hub_token
[01.31 15:33:49] ┇ INFO    ┇           chrisbase.data ┇ 151	train.ray_scope                              	last
[01.31 15:33:49] ┇ INFO    ┇           chrisbase.data ┇ 152	train.remove_unused_columns                  	False
[01.31 15:33:49] ┇ INFO    ┇           chrisbase.data ┇ 153	train.report_to                              	[]
[01.31 15:33:49] ┇ INFO    ┇           chrisbase.data ┇ 154	train.restore_callback_states_from_checkpoint	False
[01.31 15:33:49] ┇ INFO    ┇           chrisbase.data ┇ 155	train.resume_from_checkpoint
[01.31 15:33:49] ┇ INFO    ┇           chrisbase.data ┇ 156	train.run_name                               	output/GNER/EAGLE-1B-supervised
[01.31 15:33:49] ┇ INFO    ┇           chrisbase.data ┇ 157	train.save_epochs                            	-1.0
[01.31 15:33:49] ┇ INFO    ┇           chrisbase.data ┇ 158	train.save_on_each_node                      	False
[01.31 15:33:49] ┇ INFO    ┇           chrisbase.data ┇ 159	train.save_only_model                        	False
[01.31 15:33:49] ┇ INFO    ┇           chrisbase.data ┇ 160	train.save_safetensors                       	True
[01.31 15:33:49] ┇ INFO    ┇           chrisbase.data ┇ 161	train.save_steps                             	9223372036854775807
[01.31 15:33:49] ┇ INFO    ┇           chrisbase.data ┇ 162	train.save_strategy                          	SaveStrategy.NO
[01.31 15:33:49] ┇ INFO    ┇           chrisbase.data ┇ 163	train.save_total_limit
[01.31 15:33:49] ┇ INFO    ┇           chrisbase.data ┇ 164	train.seed                                   	7
[01.31 15:33:49] ┇ INFO    ┇           chrisbase.data ┇ 165	train.skip_memory_metrics                    	True
[01.31 15:33:49] ┇ INFO    ┇           chrisbase.data ┇ 166	train.sortish_sampler                        	False
[01.31 15:33:49] ┇ INFO    ┇           chrisbase.data ┇ 167	train.split_batches
[01.31 15:33:49] ┇ INFO    ┇           chrisbase.data ┇ 168	train.tf32                                   	True
[01.31 15:33:49] ┇ INFO    ┇           chrisbase.data ┇ 169	train.torch_compile                          	False
[01.31 15:33:49] ┇ INFO    ┇           chrisbase.data ┇ 170	train.torch_compile_backend
[01.31 15:33:49] ┇ INFO    ┇           chrisbase.data ┇ 171	train.torch_compile_mode
[01.31 15:33:49] ┇ INFO    ┇           chrisbase.data ┇ 172	train.torch_empty_cache_steps
[01.31 15:33:49] ┇ INFO    ┇           chrisbase.data ┇ 173	train.torchdynamo
[01.31 15:33:49] ┇ INFO    ┇           chrisbase.data ┇ 174	train.tpu_metrics_debug                      	False
[01.31 15:33:49] ┇ INFO    ┇           chrisbase.data ┇ 175	train.tpu_num_cores
[01.31 15:33:49] ┇ INFO    ┇           chrisbase.data ┇ 176	train.use_cpu                                	False
[01.31 15:33:49] ┇ INFO    ┇           chrisbase.data ┇ 177	train.use_ipex                               	False
[01.31 15:33:49] ┇ INFO    ┇           chrisbase.data ┇ 178	train.use_legacy_prediction_loop             	False
[01.31 15:33:49] ┇ INFO    ┇           chrisbase.data ┇ 179	train.use_liger_kernel                       	False
[01.31 15:33:49] ┇ INFO    ┇           chrisbase.data ┇ 180	train.use_mps_device                         	False
[01.31 15:33:49] ┇ INFO    ┇           chrisbase.data ┇ 181	train.warmup_ratio                           	0.04
[01.31 15:33:49] ┇ INFO    ┇           chrisbase.data ┇ 182	train.warmup_steps                           	0
[01.31 15:33:49] ┇ INFO    ┇           chrisbase.data ┇ 183	train.weight_decay                           	0.0
[01.31 15:33:49] ┇ INFO    ┇           chrisbase.data ┇ -----------------------------------------------------------------------------------------------------------------------------------------
[01.31 15:33:58] ┇ INFO    ┇                 DeepKNLP ┇ type(model)=<class 'transformers.models.gpt_neox.modeling_gpt_neox.GPTNeoXForCausalLM'>
[01.31 15:33:58] ┇ INFO    ┇                 DeepKNLP ┇ model.generation_config.pad_token_id=0
[01.31 15:33:58] ┇ INFO    ┇                 DeepKNLP ┇ Loaded raw train_dataset (#=100): data/gner/each-sampled/crossner_ai-train=100.jsonl
[01.31 15:33:58] ┇ INFO    ┇                 DeepKNLP ┇ Completed preprocessing for train_dataset at [01.31 15:24:56]
[01.31 15:33:59] ┇ INFO    ┇                 DeepKNLP ┇ Loaded raw eval_dataset (#=100): data/gner/each-sampled/crossner_ai-dev=100.jsonl
[01.31 15:33:59] ┇ INFO    ┇                 DeepKNLP ┇ Completed preprocessing for eval_dataset at [01.31 15:24:58]
[01.31 15:33:59] ┇ INFO    ┇                 DeepKNLP ┇ Using deepspeed configuration:
{
  "fp16": {
    "enabled": false
  },
  "bf16": {
    "enabled": true
  },
  "optimizer": {
    "type": "AdamW",
    "params": {
      "lr": 2e-05,
      "betas": [
        0.9,
        0.999
      ],
      "eps": 1e-08,
      "weight_decay": 0.0
    }
  },
  "scheduler": {
    "type": "WarmupDecayLR",
    "params": {
      "warmup_min_lr": 0,
      "warmup_max_lr": 2e-05,
      "warmup_num_steps": "auto",
      "total_num_steps": "auto"
    }
  },
  "zero_optimization": {
    "stage": 1,
    "allgather_partitions": true,
    "allgather_bucket_size": 200000000.0,
    "overlap_comm": true,
    "reduce_scatter": true,
    "reduce_bucket_size": 200000000.0,
    "contiguous_gradients": true
  },
  "gradient_accumulation_steps": 1,
  "gradient_clipping": 1.0,
  "train_batch_size": 4,
  "train_micro_batch_size_per_gpu": 1,
  "steps_per_print": Infinity
}
[01.31 15:33:59] ┇ INFO    ┇                 DeepKNLP ┇ Using callbacks:
[01.31 15:33:59] ┇ INFO    ┇                 DeepKNLP ┇   - transformers.trainer_callback.DefaultFlowCallback()
[01.31 15:33:59] ┇ INFO    ┇                 DeepKNLP ┇   - DeepKNLP.gner.trainer.CustomProgressCallback()
[01.31 15:34:19] ┇ WARNING ┇                DeepSpeed ┇ Attempting to get learning rate from scheduler before it has started
[01.31 15:34:19] ┇ INFO    ┇    DeepKNLP.gner.trainer ┇ -----------------------------------------------------------------------------------------------------------------------------------------
[01.31 15:34:19] ┇ INFO    ┇    DeepKNLP.gner.trainer ┇ ***** Beginning Training *****
[01.31 15:34:19] ┇ INFO    ┇    DeepKNLP.gner.trainer ┇   - Train Epochs       = 6.0
[01.31 15:34:19] ┇ INFO    ┇    DeepKNLP.gner.trainer ┇   - Train Examples     = 100
[01.31 15:34:19] ┇ INFO    ┇    DeepKNLP.gner.trainer ┇   - Train Batch Size   = 4 = 1 * 1 * 4
[01.31 15:34:19] ┇ INFO    ┇    DeepKNLP.gner.trainer ┇   - Train Optim Steps  = 150 = 25 * 6.0
[01.31 15:34:19] ┇ INFO    ┇    DeepKNLP.gner.trainer ┇   - Train Model Params = 1,341,247,488
[01.31 15:34:19] ┇ INFO    ┇    DeepKNLP.gner.trainer ┇   - Eval Examples      = 100
[01.31 15:34:19] ┇ INFO    ┇    DeepKNLP.gner.trainer ┇   - Eval Batch Size    = 20 = 5 * 4
[01.31 15:34:19] ┇ INFO    ┇    DeepKNLP.gner.trainer ┇ [training]   1%|▏                   |   1/150 [0:00:00<0:00:46, 3.23Hz] | epoch=0.04, loss=1.3750
[01.31 15:34:19] ┇ INFO    ┇    DeepKNLP.gner.trainer ┇ [training]   1%|▎                   |   2/150 [0:00:00<0:00:33, 4.47Hz] | epoch=0.08, loss=1.5469
[01.31 15:34:20] ┇ INFO    ┇    DeepKNLP.gner.trainer ┇ [training]   2%|▍                   |   3/150 [0:00:01<0:01:12, 2.02Hz] | epoch=0.12, loss=1.5078
[01.31 15:34:21] ┇ INFO    ┇    DeepKNLP.gner.trainer ┇ [training]   3%|▌                   |   4/150 [0:00:01<0:00:58, 2.50Hz] | epoch=0.16, loss=1.1064
[01.31 15:34:21] ┇ INFO    ┇    DeepKNLP.gner.trainer ┇ [training]   3%|▋                   |   5/150 [0:00:01<0:00:49, 2.91Hz] | epoch=0.20, loss=0.8931
[01.31 15:34:21] ┇ INFO    ┇    DeepKNLP.gner.trainer ┇ [training]   4%|▊                   |   6/150 [0:00:01<0:00:44, 3.27Hz] | epoch=0.24, loss=1.3623
[01.31 15:34:21] ┇ INFO    ┇    DeepKNLP.gner.trainer ┇ [training]   5%|▉                   |   7/150 [0:00:01<0:00:39, 3.58Hz] | epoch=0.28, loss=0.7188
[01.31 15:34:21] ┇ INFO    ┇    DeepKNLP.gner.trainer ┇ [training]   5%|█                   |   8/150 [0:00:02<0:00:36, 3.87Hz] | epoch=0.32, loss=0.6333
[01.31 15:34:27] ┇ INFO    ┇    DeepKNLP.gner.trainer ┇ [checking]  20%|████                | 1/5 [0:00:00<0:00:00, 40730.67Hz]
[01.31 15:34:39] ┇ INFO    ┇    DeepKNLP.gner.trainer ┇ [checking]  60%|████████████        | 3/5 [0:00:11<0:00:07, 0.25Hz]
[01.31 15:34:51] ┇ INFO    ┇    DeepKNLP.gner.trainer ┇ [checking] 100%|████████████████████| 5/5 [0:00:24<0:00:00, 0.21Hz]
[01.31 15:34:51] ┇ INFO    ┇    DeepKNLP.gner.trainer ┇ [training]   5%|█                   |   8/150 [0:00:02<0:00:36, 3.87Hz] | epoch=0.32, eval_average=0.0000
[01.31 15:34:52] ┇ INFO    ┇    DeepKNLP.gner.trainer ┇ [training]   6%|█▏                  |   9/150 [0:00:32<0:08:30, 0.28Hz] | epoch=0.36, loss=0.4023
[01.31 15:34:52] ┇ INFO    ┇    DeepKNLP.gner.trainer ┇ [training]   7%|█▎                  |  10/150 [0:00:32<0:07:37, 0.31Hz] | epoch=0.40, loss=0.6719
[01.31 15:34:52] ┇ INFO    ┇    DeepKNLP.gner.trainer ┇ [training]   7%|█▍                  |  11/150 [0:00:32<0:06:54, 0.34Hz] | epoch=0.44, loss=0.3799
[01.31 15:34:52] ┇ INFO    ┇    DeepKNLP.gner.trainer ┇ [training]   8%|█▌                  |  12/150 [0:00:32<0:06:18, 0.36Hz] | epoch=0.48, loss=0.2786
[01.31 15:34:52] ┇ INFO    ┇    DeepKNLP.gner.trainer ┇ [training]   9%|█▋                  |  13/150 [0:00:33<0:05:48, 0.39Hz] | epoch=0.52, loss=0.1914
[01.31 15:34:52] ┇ INFO    ┇    DeepKNLP.gner.trainer ┇ [training]   9%|█▊                  |  14/150 [0:00:33<0:05:22, 0.42Hz] | epoch=0.56, loss=0.2495
[01.31 15:34:52] ┇ INFO    ┇    DeepKNLP.gner.trainer ┇ [training]  10%|██                  |  15/150 [0:00:33<0:04:59, 0.45Hz] | epoch=0.60, loss=0.1331
[01.31 15:34:52] ┇ INFO    ┇    DeepKNLP.gner.trainer ┇ [training]  11%|██▏                 |  16/150 [0:00:33<0:04:39, 0.48Hz] | epoch=0.64, loss=0.2393
[01.31 15:34:52] ┇ INFO    ┇    DeepKNLP.gner.trainer ┇ [training]  11%|██▎                 |  17/150 [0:00:33<0:04:22, 0.51Hz] | epoch=0.68, loss=0.1709
[01.31 15:34:57] ┇ INFO    ┇    DeepKNLP.gner.trainer ┇ [checking]  20%|████                | 1/5 [0:00:00<0:00:00, 43616.13Hz]
[01.31 15:35:08] ┇ INFO    ┇    DeepKNLP.gner.trainer ┇ [checking]  60%|████████████        | 3/5 [0:00:10<0:00:06, 0.29Hz]
[01.31 15:35:18] ┇ INFO    ┇    DeepKNLP.gner.trainer ┇ [checking] 100%|████████████████████| 5/5 [0:00:21<0:00:00, 0.24Hz]
[01.31 15:35:19] ┇ INFO    ┇    DeepKNLP.gner.trainer ┇ [training]  11%|██▎                 |  17/150 [0:00:33<0:04:22, 0.51Hz] | epoch=0.68, eval_average=0.1777
[01.31 15:35:19] ┇ INFO    ┇    DeepKNLP.gner.trainer ┇ [training]  12%|██▍                 |  18/150 [0:00:59<0:07:18, 0.30Hz] | epoch=0.72, loss=0.1823
[01.31 15:35:19] ┇ INFO    ┇    DeepKNLP.gner.trainer ┇ [training]  13%|██▌                 |  19/150 [0:00:59<0:06:53, 0.32Hz] | epoch=0.76, loss=0.1895
[01.31 15:35:19] ┇ INFO    ┇    DeepKNLP.gner.trainer ┇ [training]  13%|██▋                 |  20/150 [0:01:00<0:06:30, 0.33Hz] | epoch=0.80, loss=0.1542
[01.31 15:35:19] ┇ INFO    ┇    DeepKNLP.gner.trainer ┇ [training]  14%|██▊                 |  21/150 [0:01:00<0:06:09, 0.35Hz] | epoch=0.84, loss=0.1333
[01.31 15:35:19] ┇ INFO    ┇    DeepKNLP.gner.trainer ┇ [training]  15%|██▉                 |  22/150 [0:01:00<0:05:50, 0.37Hz] | epoch=0.88, loss=0.1152
[01.31 15:35:19] ┇ INFO    ┇    DeepKNLP.gner.trainer ┇ [training]  15%|███                 |  23/150 [0:01:00<0:05:33, 0.38Hz] | epoch=0.92, loss=0.1168
[01.31 15:35:19] ┇ INFO    ┇    DeepKNLP.gner.trainer ┇ [training]  16%|███▏                |  24/150 [0:01:00<0:05:17, 0.40Hz] | epoch=0.96, loss=0.1337
[01.31 15:35:20] ┇ INFO    ┇    DeepKNLP.gner.trainer ┇ [training]  17%|███▎                |  25/150 [0:01:00<0:05:03, 0.41Hz] | epoch=1.00, loss=0.1047
[01.31 15:35:24] ┇ INFO    ┇    DeepKNLP.gner.trainer ┇ [checking]  20%|████                | 1/5 [0:00:00<0:00:00, 49719.48Hz]
[01.31 15:35:35] ┇ INFO    ┇    DeepKNLP.gner.trainer ┇ [checking]  60%|████████████        | 3/5 [0:00:10<0:00:07, 0.27Hz]
[01.31 15:35:45] ┇ INFO    ┇    DeepKNLP.gner.trainer ┇ [checking] 100%|████████████████████| 5/5 [0:00:20<0:00:00, 0.24Hz]
[01.31 15:35:45] ┇ INFO    ┇    DeepKNLP.gner.trainer ┇ [training]  17%|███▎                |  25/150 [0:01:00<0:05:03, 0.41Hz] | epoch=1.00, eval_average=0.1702
[01.31 15:35:46] ┇ INFO    ┇    DeepKNLP.gner.trainer ┇ [training]  17%|███▍                |  26/150 [0:01:26<0:06:53, 0.30Hz] | epoch=1.04, loss=0.0786
[01.31 15:35:46] ┇ INFO    ┇    DeepKNLP.gner.trainer ┇ [training]  18%|███▌                |  27/150 [0:01:26<0:06:35, 0.31Hz] | epoch=1.08, loss=0.1051
[01.31 15:35:46] ┇ INFO    ┇    DeepKNLP.gner.trainer ┇ [training]  19%|███▋                |  28/150 [0:01:26<0:06:18, 0.32Hz] | epoch=1.12, loss=0.1556
[01.31 15:35:46] ┇ INFO    ┇    DeepKNLP.gner.trainer ┇ [training]  19%|███▊                |  29/150 [0:01:26<0:06:02, 0.33Hz] | epoch=1.16, loss=0.0706
[01.31 15:35:46] ┇ INFO    ┇    DeepKNLP.gner.trainer ┇ [training]  20%|████                |  30/150 [0:01:27<0:05:48, 0.34Hz] | epoch=1.20, loss=0.0649
[01.31 15:35:46] ┇ INFO    ┇    DeepKNLP.gner.trainer ┇ [training]  21%|████▏               |  31/150 [0:01:27<0:05:34, 0.36Hz] | epoch=1.24, loss=0.0938
[01.31 15:35:46] ┇ INFO    ┇    DeepKNLP.gner.trainer ┇ [training]  21%|████▎               |  32/150 [0:01:27<0:05:22, 0.37Hz] | epoch=1.28, loss=0.0446
[01.31 15:35:46] ┇ INFO    ┇    DeepKNLP.gner.trainer ┇ [training]  22%|████▍               |  33/150 [0:01:27<0:05:10, 0.38Hz] | epoch=1.32, loss=0.0625
[01.31 15:35:50] ┇ INFO    ┇    DeepKNLP.gner.trainer ┇ [checking]  20%|████                | 1/5 [0:00:00<0:00:00, 45823.74Hz]
[01.31 15:36:03] ┇ INFO    ┇    DeepKNLP.gner.trainer ┇ [checking]  80%|████████████████    | 4/5 [0:00:12<0:00:03, 0.31Hz]
[01.31 15:36:08] ┇ INFO    ┇    DeepKNLP.gner.trainer ┇ [checking] 100%|████████████████████| 5/5 [0:00:17<0:00:00, 0.29Hz]
[01.31 15:36:08] ┇ INFO    ┇    DeepKNLP.gner.trainer ┇ [training]  22%|████▍               |  33/150 [0:01:27<0:05:10, 0.38Hz] | epoch=1.32, eval_average=0.3283
[01.31 15:36:08] ┇ INFO    ┇    DeepKNLP.gner.trainer ┇ [training]  23%|████▌               |  34/150 [0:01:48<0:06:11, 0.31Hz] | epoch=1.36, loss=0.0454
[01.31 15:36:08] ┇ INFO    ┇    DeepKNLP.gner.trainer ┇ [training]  23%|████▋               |  35/150 [0:01:49<0:05:58, 0.32Hz] | epoch=1.40, loss=0.0429
[01.31 15:36:08] ┇ INFO    ┇    DeepKNLP.gner.trainer ┇ [training]  24%|████▊               |  36/150 [0:01:49<0:05:45, 0.33Hz] | epoch=1.44, loss=0.0479
[01.31 15:36:08] ┇ INFO    ┇    DeepKNLP.gner.trainer ┇ [training]  25%|████▉               |  37/150 [0:01:49<0:05:33, 0.34Hz] | epoch=1.48, loss=0.0909
[01.31 15:36:08] ┇ INFO    ┇    DeepKNLP.gner.trainer ┇ [training]  25%|█████               |  38/150 [0:01:49<0:05:22, 0.35Hz] | epoch=1.52, loss=0.0284
[01.31 15:36:09] ┇ INFO    ┇    DeepKNLP.gner.trainer ┇ [training]  26%|█████▏              |  39/150 [0:01:50<0:05:14, 0.35Hz] | epoch=1.56, loss=0.0587
[01.31 15:36:09] ┇ INFO    ┇    DeepKNLP.gner.trainer ┇ [training]  27%|█████▎              |  40/150 [0:01:50<0:05:03, 0.36Hz] | epoch=1.60, loss=0.0881
[01.31 15:36:10] ┇ INFO    ┇    DeepKNLP.gner.trainer ┇ [training]  27%|█████▍              |  41/150 [0:01:50<0:04:54, 0.37Hz] | epoch=1.64, loss=0.0833
[01.31 15:36:10] ┇ INFO    ┇    DeepKNLP.gner.trainer ┇ [training]  28%|█████▌              |  42/150 [0:01:50<0:04:44, 0.38Hz] | epoch=1.68, loss=0.0420
[01.31 15:36:15] ┇ INFO    ┇    DeepKNLP.gner.trainer ┇ [checking]  20%|████                | 1/5 [0:00:00<0:00:00, 84720.04Hz]
[01.31 15:36:25] ┇ INFO    ┇    DeepKNLP.gner.trainer ┇ [checking]  60%|████████████        | 3/5 [0:00:10<0:00:06, 0.29Hz]
[01.31 15:36:37] ┇ INFO    ┇    DeepKNLP.gner.trainer ┇ [checking] 100%|████████████████████| 5/5 [0:00:21<0:00:00, 0.23Hz]
[01.31 15:36:37] ┇ INFO    ┇    DeepKNLP.gner.trainer ┇ [training]  28%|█████▌              |  42/150 [0:01:50<0:04:44, 0.38Hz] | epoch=1.68, eval_average=0.4257
[01.31 15:36:37] ┇ INFO    ┇    DeepKNLP.gner.trainer ┇ [training]  29%|█████▋              |  43/150 [0:02:18<0:05:43, 0.31Hz] | epoch=1.72, loss=0.0535
[01.31 15:36:37] ┇ INFO    ┇    DeepKNLP.gner.trainer ┇ [training]  29%|█████▊              |  44/150 [0:02:18<0:05:33, 0.32Hz] | epoch=1.76, loss=0.0999
[01.31 15:36:37] ┇ INFO    ┇    DeepKNLP.gner.trainer ┇ [training]  30%|██████              |  45/150 [0:02:18<0:05:22, 0.33Hz] | epoch=1.80, loss=0.0658
[01.31 15:36:37] ┇ INFO    ┇    DeepKNLP.gner.trainer ┇ [training]  31%|██████▏             |  46/150 [0:02:18<0:05:13, 0.33Hz] | epoch=1.84, loss=0.0343
[01.31 15:36:38] ┇ INFO    ┇    DeepKNLP.gner.trainer ┇ [training]  31%|██████▎             |  47/150 [0:02:18<0:05:03, 0.34Hz] | epoch=1.88, loss=0.0632
[01.31 15:36:38] ┇ INFO    ┇    DeepKNLP.gner.trainer ┇ [training]  32%|██████▍             |  48/150 [0:02:18<0:04:54, 0.35Hz] | epoch=1.92, loss=0.0451
[01.31 15:36:38] ┇ INFO    ┇    DeepKNLP.gner.trainer ┇ [training]  33%|██████▌             |  49/150 [0:02:18<0:04:46, 0.35Hz] | epoch=1.96, loss=0.0517
[01.31 15:36:38] ┇ INFO    ┇    DeepKNLP.gner.trainer ┇ [training]  33%|██████▋             |  50/150 [0:02:18<0:04:37, 0.36Hz] | epoch=2.00, loss=0.0682
[01.31 15:36:43] ┇ INFO    ┇    DeepKNLP.gner.trainer ┇ [checking]  20%|████                | 1/5 [0:00:00<0:00:00, 76575.51Hz]
[01.31 15:36:57] ┇ INFO    ┇    DeepKNLP.gner.trainer ┇ [checking]  80%|████████████████    | 4/5 [0:00:14<0:00:03, 0.28Hz]
[01.31 15:37:01] ┇ INFO    ┇    DeepKNLP.gner.trainer ┇ [checking] 100%|████████████████████| 5/5 [0:00:18<0:00:00, 0.27Hz]
[01.31 15:37:01] ┇ INFO    ┇    DeepKNLP.gner.trainer ┇ [training]  33%|██████▋             |  50/150 [0:02:18<0:04:37, 0.36Hz] | epoch=2.00, eval_average=0.5175
[01.31 15:37:02] ┇ INFO    ┇    DeepKNLP.gner.trainer ┇ [training]  34%|██████▊             |  51/150 [0:02:42<0:05:15, 0.31Hz] | epoch=2.04, loss=0.0699
[01.31 15:37:02] ┇ INFO    ┇    DeepKNLP.gner.trainer ┇ [training]  35%|██████▉             |  52/150 [0:02:42<0:05:06, 0.32Hz] | epoch=2.08, loss=0.0210
[01.31 15:37:02] ┇ INFO    ┇    DeepKNLP.gner.trainer ┇ [training]  35%|███████             |  53/150 [0:02:42<0:04:57, 0.33Hz] | epoch=2.12, loss=0.0131
[01.31 15:37:02] ┇ INFO    ┇    DeepKNLP.gner.trainer ┇ [training]  36%|███████▏            |  54/150 [0:02:42<0:04:49, 0.33Hz] | epoch=2.16, loss=0.0314
[01.31 15:37:02] ┇ INFO    ┇    DeepKNLP.gner.trainer ┇ [training]  37%|███████▎            |  55/150 [0:02:43<0:04:41, 0.34Hz] | epoch=2.20, loss=0.0509
[01.31 15:37:02] ┇ INFO    ┇    DeepKNLP.gner.trainer ┇ [training]  37%|███████▍            |  56/150 [0:02:43<0:04:33, 0.34Hz] | epoch=2.24, loss=0.0410
[01.31 15:37:02] ┇ INFO    ┇    DeepKNLP.gner.trainer ┇ [training]  38%|███████▌            |  57/150 [0:02:43<0:04:26, 0.35Hz] | epoch=2.28, loss=0.0221
[01.31 15:37:02] ┇ INFO    ┇    DeepKNLP.gner.trainer ┇ [training]  39%|███████▋            |  58/150 [0:02:43<0:04:19, 0.35Hz] | epoch=2.32, loss=0.0250
[01.31 15:37:07] ┇ INFO    ┇    DeepKNLP.gner.trainer ┇ [checking]  20%|████                | 1/5 [0:00:00<0:00:00, 99494.24Hz]
[01.31 15:37:19] ┇ INFO    ┇    DeepKNLP.gner.trainer ┇ [checking]  60%|████████████        | 3/5 [0:00:11<0:00:07, 0.26Hz]
[01.31 15:37:29] ┇ INFO    ┇    DeepKNLP.gner.trainer ┇ [checking] 100%|████████████████████| 5/5 [0:00:21<0:00:00, 0.23Hz]
[01.31 15:37:29] ┇ INFO    ┇    DeepKNLP.gner.trainer ┇ [training]  39%|███████▋            |  58/150 [0:02:43<0:04:19, 0.35Hz] | epoch=2.32, eval_average=0.4357
[01.31 15:37:29] ┇ INFO    ┇    DeepKNLP.gner.trainer ┇ [training]  39%|███████▊            |  59/150 [0:03:09<0:04:52, 0.31Hz] | epoch=2.36, loss=0.0108
[01.31 15:37:29] ┇ INFO    ┇    DeepKNLP.gner.trainer ┇ [training]  40%|████████            |  60/150 [0:03:09<0:04:44, 0.32Hz] | epoch=2.40, loss=0.0192
[01.31 15:37:29] ┇ INFO    ┇    DeepKNLP.gner.trainer ┇ [training]  41%|████████▏           |  61/150 [0:03:10<0:04:37, 0.32Hz] | epoch=2.44, loss=0.0332
[01.31 15:37:29] ┇ INFO    ┇    DeepKNLP.gner.trainer ┇ [training]  41%|████████▎           |  62/150 [0:03:10<0:04:29, 0.33Hz] | epoch=2.48, loss=0.0343
[01.31 15:37:29] ┇ INFO    ┇    DeepKNLP.gner.trainer ┇ [training]  42%|████████▍           |  63/150 [0:03:10<0:04:22, 0.33Hz] | epoch=2.52, loss=0.0430
[01.31 15:37:29] ┇ INFO    ┇    DeepKNLP.gner.trainer ┇ [training]  43%|████████▌           |  64/150 [0:03:10<0:04:19, 0.33Hz] | epoch=2.56, loss=0.0266
[01.31 15:37:29] ┇ INFO    ┇    DeepKNLP.gner.trainer ┇ [training]  43%|████████▋           |  65/150 [0:03:10<0:04:16, 0.33Hz] | epoch=2.60, loss=0.0219
[01.31 15:37:30] ┇ INFO    ┇    DeepKNLP.gner.trainer ┇ [training]  44%|████████▊           |  66/150 [0:03:10<0:04:12, 0.33Hz] | epoch=2.64, loss=0.0295
[01.31 15:37:30] ┇ INFO    ┇    DeepKNLP.gner.trainer ┇ [training]  45%|████████▉           |  67/150 [0:03:10<0:04:09, 0.33Hz] | epoch=2.68, loss=0.0266
[01.31 15:37:35] ┇ INFO    ┇    DeepKNLP.gner.trainer ┇ [checking]  20%|████                | 1/5 [0:00:00<0:00:00, 85150.03Hz]
[01.31 15:37:45] ┇ INFO    ┇    DeepKNLP.gner.trainer ┇ [checking]  60%|████████████        | 3/5 [0:00:10<0:00:06, 0.29Hz]
[01.31 15:37:54] ┇ INFO    ┇    DeepKNLP.gner.trainer ┇ [checking] 100%|████████████████████| 5/5 [0:00:18<0:00:00, 0.27Hz]
[01.31 15:37:54] ┇ INFO    ┇    DeepKNLP.gner.trainer ┇ [training]  45%|████████▉           |  67/150 [0:03:10<0:04:09, 0.33Hz] | epoch=2.68, eval_average=0.4615
[01.31 15:37:54] ┇ INFO    ┇    DeepKNLP.gner.trainer ┇ [training]  45%|█████████           |  68/150 [0:03:34<0:04:37, 0.30Hz] | epoch=2.72, loss=0.0446
[01.31 15:37:54] ┇ INFO    ┇    DeepKNLP.gner.trainer ┇ [training]  46%|█████████▏          |  69/150 [0:03:35<0:04:34, 0.30Hz] | epoch=2.76, loss=0.0189
[01.31 15:37:54] ┇ INFO    ┇    DeepKNLP.gner.trainer ┇ [training]  47%|█████████▎          |  70/150 [0:03:35<0:04:30, 0.30Hz] | epoch=2.80, loss=0.0118
[01.31 15:37:54] ┇ INFO    ┇    DeepKNLP.gner.trainer ┇ [training]  47%|█████████▍          |  71/150 [0:03:35<0:04:27, 0.30Hz] | epoch=2.84, loss=0.0774
[01.31 15:37:54] ┇ INFO    ┇    DeepKNLP.gner.trainer ┇ [training]  48%|█████████▌          |  72/150 [0:03:35<0:03:46, 0.34Hz] | epoch=2.88, loss=0.0518
[01.31 15:37:54] ┇ INFO    ┇    DeepKNLP.gner.trainer ┇ [training]  49%|█████████▋          |  73/150 [0:03:35<0:03:43, 0.34Hz] | epoch=2.92, loss=0.0138
[01.31 15:37:55] ┇ INFO    ┇    DeepKNLP.gner.trainer ┇ [training]  49%|█████████▊          |  74/150 [0:03:35<0:03:40, 0.34Hz] | epoch=2.96, loss=0.0148
[01.31 15:37:55] ┇ INFO    ┇    DeepKNLP.gner.trainer ┇ [training]  50%|██████████          |  75/150 [0:03:35<0:03:37, 0.34Hz] | epoch=3.00, loss=0.0178
[01.31 15:38:00] ┇ INFO    ┇    DeepKNLP.gner.trainer ┇ [checking]  20%|████                | 1/5 [0:00:00<0:00:00, 67125.65Hz]
[01.31 15:38:13] ┇ INFO    ┇    DeepKNLP.gner.trainer ┇ [checking]  80%|████████████████    | 4/5 [0:00:13<0:00:03, 0.30Hz]
[01.31 15:38:17] ┇ INFO    ┇    DeepKNLP.gner.trainer ┇ [checking] 100%|████████████████████| 5/5 [0:00:17<0:00:00, 0.29Hz]
[01.31 15:38:17] ┇ INFO    ┇    DeepKNLP.gner.trainer ┇ [training]  50%|██████████          |  75/150 [0:03:35<0:03:37, 0.34Hz] | epoch=3.00, eval_average=0.5090
[01.31 15:38:17] ┇ INFO    ┇    DeepKNLP.gner.trainer ┇ [training]  51%|██████████▏         |  76/150 [0:03:58<0:04:01, 0.31Hz] | epoch=3.04, loss=0.0099
[01.31 15:38:18] ┇ INFO    ┇    DeepKNLP.gner.trainer ┇ [training]  51%|██████████▎         |  77/150 [0:03:58<0:03:58, 0.31Hz] | epoch=3.08, loss=0.0277
[01.31 15:38:18] ┇ INFO    ┇    DeepKNLP.gner.trainer ┇ [training]  52%|██████████▍         |  78/150 [0:03:58<0:03:54, 0.31Hz] | epoch=3.12, loss=0.0233
[01.31 15:38:18] ┇ INFO    ┇    DeepKNLP.gner.trainer ┇ [training]  53%|██████████▌         |  79/150 [0:03:58<0:03:51, 0.31Hz] | epoch=3.16, loss=0.0152
[01.31 15:38:18] ┇ INFO    ┇    DeepKNLP.gner.trainer ┇ [training]  53%|██████████▋         |  80/150 [0:03:58<0:03:48, 0.31Hz] | epoch=3.20, loss=0.0043
[01.31 15:38:18] ┇ INFO    ┇    DeepKNLP.gner.trainer ┇ [training]  54%|██████████▊         |  81/150 [0:03:59<0:03:16, 0.35Hz] | epoch=3.24, loss=0.0038
[01.31 15:38:18] ┇ INFO    ┇    DeepKNLP.gner.trainer ┇ [training]  55%|██████████▉         |  82/150 [0:03:59<0:03:13, 0.35Hz] | epoch=3.28, loss=0.0081
[01.31 15:38:18] ┇ INFO    ┇    DeepKNLP.gner.trainer ┇ [training]  55%|███████████         |  83/150 [0:03:59<0:03:10, 0.35Hz] | epoch=3.32, loss=0.0068
[01.31 15:38:24] ┇ INFO    ┇    DeepKNLP.gner.trainer ┇ [checking]  20%|████                | 1/5 [0:00:00<0:00:00, 63005.62Hz]
[01.31 15:38:37] ┇ INFO    ┇    DeepKNLP.gner.trainer ┇ [checking]  80%|████████████████    | 4/5 [0:00:13<0:00:03, 0.30Hz]
[01.31 15:38:42] ┇ INFO    ┇    DeepKNLP.gner.trainer ┇ [checking] 100%|████████████████████| 5/5 [0:00:18<0:00:00, 0.28Hz]
[01.31 15:38:42] ┇ INFO    ┇    DeepKNLP.gner.trainer ┇ [training]  55%|███████████         |  83/150 [0:03:59<0:03:10, 0.35Hz] | epoch=3.32, eval_average=0.5233
[01.31 15:38:42] ┇ INFO    ┇    DeepKNLP.gner.trainer ┇ [training]  56%|███████████▏        |  84/150 [0:04:23<0:03:32, 0.31Hz] | epoch=3.36, loss=0.0445
[01.31 15:38:42] ┇ INFO    ┇    DeepKNLP.gner.trainer ┇ [training]  57%|███████████▎        |  85/150 [0:04:23<0:03:29, 0.31Hz] | epoch=3.40, loss=0.0012
[01.31 15:38:42] ┇ INFO    ┇    DeepKNLP.gner.trainer ┇ [training]  57%|███████████▍        |  86/150 [0:04:23<0:03:26, 0.31Hz] | epoch=3.44, loss=0.0112
[01.31 15:38:42] ┇ INFO    ┇    DeepKNLP.gner.trainer ┇ [training]  58%|███████████▌        |  87/150 [0:04:23<0:03:22, 0.31Hz] | epoch=3.48, loss=0.0100
[01.31 15:38:42] ┇ INFO    ┇    DeepKNLP.gner.trainer ┇ [training]  59%|███████████▋        |  88/150 [0:04:23<0:03:19, 0.31Hz] | epoch=3.52, loss=0.0025
[01.31 15:38:43] ┇ INFO    ┇    DeepKNLP.gner.trainer ┇ [training]  59%|███████████▊        |  89/150 [0:04:23<0:02:51, 0.36Hz] | epoch=3.56, loss=0.0060
[01.31 15:38:43] ┇ INFO    ┇    DeepKNLP.gner.trainer ┇ [training]  60%|████████████        |  90/150 [0:04:23<0:02:48, 0.36Hz] | epoch=3.60, loss=0.0024
[01.31 15:38:43] ┇ INFO    ┇    DeepKNLP.gner.trainer ┇ [training]  61%|████████████▏       |  91/150 [0:04:23<0:02:45, 0.36Hz] | epoch=3.64, loss=0.0019
[01.31 15:38:43] ┇ INFO    ┇    DeepKNLP.gner.trainer ┇ [training]  61%|████████████▎       |  92/150 [0:04:23<0:02:42, 0.36Hz] | epoch=3.68, loss=0.0055
[01.31 15:38:49] ┇ INFO    ┇    DeepKNLP.gner.trainer ┇ [checking]  20%|████                | 1/5 [0:00:00<0:00:00, 99808.68Hz]
[01.31 15:39:00] ┇ INFO    ┇    DeepKNLP.gner.trainer ┇ [checking]  60%|████████████        | 3/5 [0:00:10<0:00:07, 0.28Hz]
[01.31 15:39:10] ┇ INFO    ┇    DeepKNLP.gner.trainer ┇ [checking] 100%|████████████████████| 5/5 [0:00:20<0:00:00, 0.24Hz]
[01.31 15:39:10] ┇ INFO    ┇    DeepKNLP.gner.trainer ┇ [training]  61%|████████████▎       |  92/150 [0:04:23<0:02:42, 0.36Hz] | epoch=3.68, eval_average=0.5535
[01.31 15:39:10] ┇ INFO    ┇    DeepKNLP.gner.trainer ┇ [training]  62%|████████████▍       |  93/150 [0:04:51<0:03:04, 0.31Hz] | epoch=3.72, loss=0.0092
[01.31 15:39:10] ┇ INFO    ┇    DeepKNLP.gner.trainer ┇ [training]  63%|████████████▌       |  94/150 [0:04:51<0:03:01, 0.31Hz] | epoch=3.76, loss=0.0017
[01.31 15:39:10] ┇ INFO    ┇    DeepKNLP.gner.trainer ┇ [training]  63%|████████████▋       |  95/150 [0:04:51<0:02:58, 0.31Hz] | epoch=3.80, loss=0.0034
[01.31 15:39:10] ┇ INFO    ┇    DeepKNLP.gner.trainer ┇ [training]  64%|████████████▊       |  96/150 [0:04:51<0:02:54, 0.31Hz] | epoch=3.84, loss=0.0179
[01.31 15:39:10] ┇ INFO    ┇    DeepKNLP.gner.trainer ┇ [training]  65%|████████████▉       |  97/150 [0:04:51<0:02:33, 0.34Hz] | epoch=3.88, loss=0.0241
[01.31 15:39:11] ┇ INFO    ┇    DeepKNLP.gner.trainer ┇ [training]  65%|█████████████       |  98/150 [0:04:51<0:02:30, 0.34Hz] | epoch=3.92, loss=0.0012
[01.31 15:39:11] ┇ INFO    ┇    DeepKNLP.gner.trainer ┇ [training]  66%|█████████████▏      |  99/150 [0:04:51<0:02:27, 0.35Hz] | epoch=3.96, loss=0.0043
[01.31 15:39:11] ┇ INFO    ┇    DeepKNLP.gner.trainer ┇ [training]  67%|█████████████▎      | 100/150 [0:04:51<0:02:24, 0.34Hz] | epoch=4.00, loss=0.0005
[01.31 15:39:16] ┇ INFO    ┇    DeepKNLP.gner.trainer ┇ [checking]  20%|████                | 1/5 [0:00:00<0:00:00, 97844.16Hz]
[01.31 15:39:26] ┇ INFO    ┇    DeepKNLP.gner.trainer ┇ [checking]  60%|████████████        | 3/5 [0:00:10<0:00:06, 0.29Hz]
[01.31 15:39:38] ┇ INFO    ┇    DeepKNLP.gner.trainer ┇ [checking] 100%|████████████████████| 5/5 [0:00:21<0:00:00, 0.23Hz]
[01.31 15:39:38] ┇ INFO    ┇    DeepKNLP.gner.trainer ┇ [training]  67%|█████████████▎      | 100/150 [0:04:51<0:02:24, 0.34Hz] | epoch=4.00, eval_average=0.5703
[01.31 15:39:38] ┇ INFO    ┇    DeepKNLP.gner.trainer ┇ [training]  67%|█████████████▍      | 101/150 [0:05:18<0:02:42, 0.30Hz] | epoch=4.04, loss=0.0023
[01.31 15:39:38] ┇ INFO    ┇    DeepKNLP.gner.trainer ┇ [training]  68%|█████████████▌      | 102/150 [0:05:19<0:02:38, 0.30Hz] | epoch=4.08, loss=0.0003
[01.31 15:39:38] ┇ INFO    ┇    DeepKNLP.gner.trainer ┇ [training]  69%|█████████████▋      | 103/150 [0:05:19<0:02:35, 0.30Hz] | epoch=4.12, loss=0.1010
[01.31 15:39:38] ┇ INFO    ┇    DeepKNLP.gner.trainer ┇ [training]  69%|█████████████▊      | 104/150 [0:05:19<0:02:32, 0.30Hz] | epoch=4.16, loss=0.0010
[01.31 15:39:38] ┇ INFO    ┇    DeepKNLP.gner.trainer ┇ [training]  70%|██████████████      | 105/150 [0:05:19<0:02:28, 0.30Hz] | epoch=4.20, loss=0.0021
[01.31 15:39:38] ┇ INFO    ┇    DeepKNLP.gner.trainer ┇ [training]  71%|██████████████▏     | 106/150 [0:05:19<0:02:06, 0.35Hz] | epoch=4.24, loss=0.0011
[01.31 15:39:39] ┇ INFO    ┇    DeepKNLP.gner.trainer ┇ [training]  71%|██████████████▎     | 107/150 [0:05:19<0:02:03, 0.35Hz] | epoch=4.28, loss=0.0019
[01.31 15:39:39] ┇ INFO    ┇    DeepKNLP.gner.trainer ┇ [training]  72%|██████████████▍     | 108/150 [0:05:19<0:02:00, 0.35Hz] | epoch=4.32, loss=0.0004
[01.31 15:39:44] ┇ INFO    ┇    DeepKNLP.gner.trainer ┇ [checking]  20%|████                | 1/5 [0:00:00<0:00:00, 101315.51Hz]
[01.31 15:39:59] ┇ INFO    ┇    DeepKNLP.gner.trainer ┇ [checking]  80%|████████████████    | 4/5 [0:00:15<0:00:03, 0.27Hz]
[01.31 15:40:03] ┇ INFO    ┇    DeepKNLP.gner.trainer ┇ [checking] 100%|████████████████████| 5/5 [0:00:19<0:00:00, 0.26Hz]
[01.31 15:40:03] ┇ INFO    ┇    DeepKNLP.gner.trainer ┇ [training]  72%|██████████████▍     | 108/150 [0:05:19<0:02:00, 0.35Hz] | epoch=4.32, eval_average=0.5585
[01.31 15:40:03] ┇ INFO    ┇    DeepKNLP.gner.trainer ┇ [training]  73%|██████████████▌     | 109/150 [0:05:44<0:02:14, 0.31Hz] | epoch=4.36, loss=0.0014
[01.31 15:40:04] ┇ INFO    ┇    DeepKNLP.gner.trainer ┇ [training]  73%|██████████████▋     | 110/150 [0:05:44<0:02:10, 0.31Hz] | epoch=4.40, loss=0.0003
[01.31 15:40:04] ┇ INFO    ┇    DeepKNLP.gner.trainer ┇ [training]  74%|██████████████▊     | 111/150 [0:05:44<0:02:07, 0.31Hz] | epoch=4.44, loss=0.0011
[01.31 15:40:04] ┇ INFO    ┇    DeepKNLP.gner.trainer ┇ [training]  75%|██████████████▉     | 112/150 [0:05:44<0:02:04, 0.31Hz] | epoch=4.48, loss=0.0157
[01.31 15:40:04] ┇ INFO    ┇    DeepKNLP.gner.trainer ┇ [training]  75%|███████████████     | 113/150 [0:05:44<0:02:01, 0.31Hz] | epoch=4.52, loss=0.0003
[01.31 15:40:04] ┇ INFO    ┇    DeepKNLP.gner.trainer ┇ [training]  76%|███████████████▏    | 114/150 [0:05:45<0:01:44, 0.35Hz] | epoch=4.56, loss=0.0002
[01.31 15:40:04] ┇ INFO    ┇    DeepKNLP.gner.trainer ┇ [training]  77%|███████████████▎    | 115/150 [0:05:45<0:01:41, 0.35Hz] | epoch=4.60, loss=0.0009
[01.31 15:40:04] ┇ INFO    ┇    DeepKNLP.gner.trainer ┇ [training]  77%|███████████████▍    | 116/150 [0:05:45<0:01:38, 0.35Hz] | epoch=4.64, loss=0.0043
[01.31 15:40:04] ┇ INFO    ┇    DeepKNLP.gner.trainer ┇ [training]  78%|███████████████▌    | 117/150 [0:05:45<0:01:35, 0.35Hz] | epoch=4.68, loss=0.0014
[01.31 15:40:10] ┇ INFO    ┇    DeepKNLP.gner.trainer ┇ [checking]  20%|████                | 1/5 [0:00:00<0:00:00, 105042.24Hz]
[01.31 15:40:23] ┇ INFO    ┇    DeepKNLP.gner.trainer ┇ [checking]  80%|████████████████    | 4/5 [0:00:13<0:00:03, 0.30Hz]
[01.31 15:40:27] ┇ INFO    ┇    DeepKNLP.gner.trainer ┇ [checking] 100%|████████████████████| 5/5 [0:00:17<0:00:00, 0.29Hz]
[01.31 15:40:27] ┇ INFO    ┇    DeepKNLP.gner.trainer ┇ [training]  78%|███████████████▌    | 117/150 [0:05:45<0:01:35, 0.35Hz] | epoch=4.68, eval_average=0.6162
[01.31 15:40:27] ┇ INFO    ┇    DeepKNLP.gner.trainer ┇ [training]  79%|███████████████▋    | 118/150 [0:06:08<0:01:44, 0.31Hz] | epoch=4.72, loss=0.0015
[01.31 15:40:27] ┇ INFO    ┇    DeepKNLP.gner.trainer ┇ [training]  79%|███████████████▊    | 119/150 [0:06:08<0:01:41, 0.31Hz] | epoch=4.76, loss=0.0014
[01.31 15:40:28] ┇ INFO    ┇    DeepKNLP.gner.trainer ┇ [training]  80%|████████████████    | 120/150 [0:06:08<0:01:37, 0.31Hz] | epoch=4.80, loss=0.0004
[01.31 15:40:28] ┇ INFO    ┇    DeepKNLP.gner.trainer ┇ [training]  81%|████████████████▏   | 121/150 [0:06:08<0:01:34, 0.31Hz] | epoch=4.84, loss=0.0001
[01.31 15:40:28] ┇ INFO    ┇    DeepKNLP.gner.trainer ┇ [training]  81%|████████████████▎   | 122/150 [0:06:08<0:01:19, 0.35Hz] | epoch=4.88, loss=0.0010
[01.31 15:40:28] ┇ INFO    ┇    DeepKNLP.gner.trainer ┇ [training]  82%|████████████████▍   | 123/150 [0:06:08<0:01:16, 0.35Hz] | epoch=4.92, loss=0.0002
[01.31 15:40:28] ┇ INFO    ┇    DeepKNLP.gner.trainer ┇ [training]  83%|████████████████▌   | 124/150 [0:06:09<0:01:13, 0.35Hz] | epoch=4.96, loss=0.0008
[01.31 15:40:28] ┇ INFO    ┇    DeepKNLP.gner.trainer ┇ [training]  83%|████████████████▋   | 125/150 [0:06:09<0:01:11, 0.35Hz] | epoch=5.00, loss=0.0004
[01.31 15:40:33] ┇ INFO    ┇    DeepKNLP.gner.trainer ┇ [checking]  20%|████                | 1/5 [0:00:00<0:00:00, 90733.63Hz]
[01.31 15:40:47] ┇ INFO    ┇    DeepKNLP.gner.trainer ┇ [checking]  80%|████████████████    | 4/5 [0:00:13<0:00:03, 0.29Hz]
[01.31 15:40:52] ┇ INFO    ┇    DeepKNLP.gner.trainer ┇ [checking] 100%|████████████████████| 5/5 [0:00:18<0:00:00, 0.28Hz]
[01.31 15:40:52] ┇ INFO    ┇    DeepKNLP.gner.trainer ┇ [training]  83%|████████████████▋   | 125/150 [0:06:09<0:01:11, 0.35Hz] | epoch=5.00, eval_average=0.6022
[01.31 15:40:52] ┇ INFO    ┇    DeepKNLP.gner.trainer ┇ [training]  84%|████████████████▊   | 126/150 [0:06:32<0:01:17, 0.31Hz] | epoch=5.04, loss=0.0005
[01.31 15:40:52] ┇ INFO    ┇    DeepKNLP.gner.trainer ┇ [training]  85%|████████████████▉   | 127/150 [0:06:32<0:01:13, 0.31Hz] | epoch=5.08, loss=0.0002
[01.31 15:40:52] ┇ INFO    ┇    DeepKNLP.gner.trainer ┇ [training]  85%|█████████████████   | 128/150 [0:06:33<0:01:10, 0.31Hz] | epoch=5.12, loss=0.0003
[01.31 15:40:52] ┇ INFO    ┇    DeepKNLP.gner.trainer ┇ [training]  86%|█████████████████▏  | 129/150 [0:06:33<0:01:07, 0.31Hz] | epoch=5.16, loss=0.0003
[01.31 15:40:52] ┇ INFO    ┇    DeepKNLP.gner.trainer ┇ [training]  87%|█████████████████▎  | 130/150 [0:06:33<0:01:04, 0.31Hz] | epoch=5.20, loss=0.0002
[01.31 15:40:52] ┇ INFO    ┇    DeepKNLP.gner.trainer ┇ [training]  87%|█████████████████▍  | 131/150 [0:06:33<0:00:53, 0.35Hz] | epoch=5.24, loss=0.0001
[01.31 15:40:52] ┇ INFO    ┇    DeepKNLP.gner.trainer ┇ [training]  88%|█████████████████▌  | 132/150 [0:06:33<0:00:50, 0.35Hz] | epoch=5.28, loss=0.0002
[01.31 15:40:53] ┇ INFO    ┇    DeepKNLP.gner.trainer ┇ [training]  89%|█████████████████▋  | 133/150 [0:06:33<0:00:48, 0.35Hz] | epoch=5.32, loss=0.0006
[01.31 15:40:58] ┇ INFO    ┇    DeepKNLP.gner.trainer ┇ [checking]  20%|████                | 1/5 [0:00:00<0:00:00, 92723.82Hz]
[01.31 15:41:12] ┇ INFO    ┇    DeepKNLP.gner.trainer ┇ [checking]  80%|████████████████    | 4/5 [0:00:13<0:00:03, 0.29Hz]
[01.31 15:41:16] ┇ INFO    ┇    DeepKNLP.gner.trainer ┇ [checking] 100%|████████████████████| 5/5 [0:00:17<0:00:00, 0.28Hz]
[01.31 15:41:16] ┇ INFO    ┇    DeepKNLP.gner.trainer ┇ [training]  89%|█████████████████▋  | 133/150 [0:06:33<0:00:48, 0.35Hz] | epoch=5.32, eval_average=0.5995
[01.31 15:41:16] ┇ INFO    ┇    DeepKNLP.gner.trainer ┇ [training]  89%|█████████████████▊  | 134/150 [0:06:56<0:00:51, 0.31Hz] | epoch=5.36, loss=0.0002
[01.31 15:41:16] ┇ INFO    ┇    DeepKNLP.gner.trainer ┇ [training]  90%|██████████████████  | 135/150 [0:06:57<0:00:48, 0.31Hz] | epoch=5.40, loss=0.0002
[01.31 15:41:16] ┇ INFO    ┇    DeepKNLP.gner.trainer ┇ [training]  91%|██████████████████▏ | 136/150 [0:06:57<0:00:44, 0.31Hz] | epoch=5.44, loss=0.0002
[01.31 15:41:16] ┇ INFO    ┇    DeepKNLP.gner.trainer ┇ [training]  91%|██████████████████▎ | 137/150 [0:06:57<0:00:41, 0.31Hz] | epoch=5.48, loss=0.0007
[01.31 15:41:16] ┇ INFO    ┇    DeepKNLP.gner.trainer ┇ [training]  92%|██████████████████▍ | 138/150 [0:06:57<0:00:38, 0.31Hz] | epoch=5.52, loss=0.0006
[01.31 15:41:16] ┇ INFO    ┇    DeepKNLP.gner.trainer ┇ [training]  93%|██████████████████▌ | 139/150 [0:06:57<0:00:31, 0.35Hz] | epoch=5.56, loss=0.0002
[01.31 15:41:17] ┇ INFO    ┇    DeepKNLP.gner.trainer ┇ [training]  93%|██████████████████▋ | 140/150 [0:06:57<0:00:28, 0.35Hz] | epoch=5.60, loss=0.0002
[01.31 15:41:17] ┇ INFO    ┇    DeepKNLP.gner.trainer ┇ [training]  94%|██████████████████▊ | 141/150 [0:06:57<0:00:25, 0.35Hz] | epoch=5.64, loss=0.0003
[01.31 15:41:17] ┇ INFO    ┇    DeepKNLP.gner.trainer ┇ [training]  95%|██████████████████▉ | 142/150 [0:06:57<0:00:22, 0.35Hz] | epoch=5.68, loss=0.0002
[01.31 15:41:22] ┇ INFO    ┇    DeepKNLP.gner.trainer ┇ [checking]  20%|████                | 1/5 [0:00:00<0:00:00, 72218.31Hz]
[01.31 15:41:36] ┇ INFO    ┇    DeepKNLP.gner.trainer ┇ [checking]  80%|████████████████    | 4/5 [0:00:13<0:00:03, 0.30Hz]
[01.31 15:41:40] ┇ INFO    ┇    DeepKNLP.gner.trainer ┇ [checking] 100%|████████████████████| 5/5 [0:00:17<0:00:00, 0.28Hz]
[01.31 15:41:40] ┇ INFO    ┇    DeepKNLP.gner.trainer ┇ [training]  95%|██████████████████▉ | 142/150 [0:06:57<0:00:22, 0.35Hz] | epoch=5.68, eval_average=0.6053
[01.31 15:41:40] ┇ INFO    ┇    DeepKNLP.gner.trainer ┇ [training]  95%|███████████████████ | 143/150 [0:07:20<0:00:22, 0.31Hz] | epoch=5.72, loss=0.0002
[01.31 15:41:40] ┇ INFO    ┇    DeepKNLP.gner.trainer ┇ [training]  96%|███████████████████▏| 144/150 [0:07:21<0:00:19, 0.31Hz] | epoch=5.76, loss=0.0002
[01.31 15:41:40] ┇ INFO    ┇    DeepKNLP.gner.trainer ┇ [training]  97%|███████████████████▎| 145/150 [0:07:21<0:00:16, 0.31Hz] | epoch=5.80, loss=0.0002
[01.31 15:41:40] ┇ INFO    ┇    DeepKNLP.gner.trainer ┇ [training]  97%|███████████████████▍| 146/150 [0:07:21<0:00:12, 0.31Hz] | epoch=5.84, loss=0.0001
[01.31 15:41:40] ┇ INFO    ┇    DeepKNLP.gner.trainer ┇ [training]  98%|███████████████████▌| 147/150 [0:07:21<0:00:08, 0.35Hz] | epoch=5.88, loss=0.0001
[01.31 15:41:41] ┇ INFO    ┇    DeepKNLP.gner.trainer ┇ [training]  99%|███████████████████▋| 148/150 [0:07:21<0:00:05, 0.35Hz] | epoch=5.92, loss=0.0001
[01.31 15:41:41] ┇ INFO    ┇    DeepKNLP.gner.trainer ┇ [training]  99%|███████████████████▊| 149/150 [0:07:21<0:00:02, 0.35Hz] | epoch=5.96, loss=0.0037
[01.31 15:41:41] ┇ INFO    ┇    DeepKNLP.gner.trainer ┇ [training] 100%|████████████████████| 150/150 [0:07:21<0:00:00, 0.35Hz] | epoch=6.00, loss=0.0003
[01.31 15:41:46] ┇ INFO    ┇    DeepKNLP.gner.trainer ┇ [checking]  20%|████                | 1/5 [0:00:00<0:00:00, 82342.16Hz]
[01.31 15:42:01] ┇ INFO    ┇    DeepKNLP.gner.trainer ┇ [checking]  80%|████████████████    | 4/5 [0:00:14<0:00:03, 0.28Hz]
[01.31 15:42:05] ┇ INFO    ┇    DeepKNLP.gner.trainer ┇ [checking] 100%|████████████████████| 5/5 [0:00:18<0:00:00, 0.27Hz]
[01.31 15:42:05] ┇ INFO    ┇    DeepKNLP.gner.trainer ┇ [training] 100%|████████████████████| 150/150 [0:07:21<0:00:00, 0.35Hz] | epoch=6.00, eval_average=0.6021
[01.31 15:42:05] ┇ INFO    ┇    DeepKNLP.gner.trainer ┇ [training] 100%|████████████████████| 150/150 [0:07:21<0:00:00, 0.35Hz] | epoch=6.00, train_loss=0.1056, total_pflos=1.913
[01.31 15:42:05] ┇ INFO    ┇    DeepKNLP.gner.trainer ┇ -----------------------------------------------------------------------------------------------------------------------------------------
[01.31 15:42:05] ┇ INFO    ┇                 DeepKNLP ┇ Train output metrics: {'train_runtime': 465.8605, 'train_samples_per_second': 1.288, 'train_steps_per_second': 0.322, 'total_flos': 1913091349544960.0, 'train_loss': 0.10562345266342163, 'epoch': 6.0}
[01.31 15:42:05] ┇ INFO    ┇           chrisbase.data ┇ =========================================================================================================================================
[01.31 15:42:05] ┇ INFO    ┇           chrisbase.data ┇ [EXIT] python task2-nerG-trainer.py --local_rank=0 --trainer_deepspeed configs/deepspeed/ds1_llama.json ($=00:08:16.214)
[01.31 15:42:05] ┇ INFO    ┇           chrisbase.data ┇ =========================================================================================================================================
