[01.31 17:29:26] ┇ INFO    ┇           chrisbase.data ┇ =========================================================================================================================================
[01.31 17:29:26] ┇ INFO    ┇           chrisbase.data ┇ [INIT] python task2-nerG-trainer.py --local_rank=0 data/gner/each/crossner_music-train.jsonl --eval_file data/gner/each-sampled/crossner_music-dev=100.jsonl --pretrained etri-lirs/egpt-1.3b-preview --run_version EAGLE-1B-supervised --trainer_deepspeed configs/deepspeed/ds0_llama.json
[01.31 17:29:26] ┇ INFO    ┇           chrisbase.data ┇ =========================================================================================================================================
[01.31 17:29:26] ┇ INFO    ┇           chrisbase.data ┇ -----------------------------------------------------------------------------------------------------------------------------------------
[01.31 17:29:26] ┇ INFO    ┇           chrisbase.data ┇   #	TrainingArgumentsForAccelerator              	value
[01.31 17:29:26] ┇ INFO    ┇           chrisbase.data ┇ -----------------------------------------------------------------------------------------------------------------------------------------
[01.31 17:29:26] ┇ INFO    ┇           chrisbase.data ┇   1	env.hostname                                 	lirs-b1
[01.31 17:29:26] ┇ INFO    ┇           chrisbase.data ┇   2	env.hostaddr                                 	129.254.111.103
[01.31 17:29:26] ┇ INFO    ┇           chrisbase.data ┇   3	env.global_rank                              	-1
[01.31 17:29:26] ┇ INFO    ┇           chrisbase.data ┇   4	env.local_rank                               	0
[01.31 17:29:26] ┇ INFO    ┇           chrisbase.data ┇   5	env.node_rank                                	-1
[01.31 17:29:26] ┇ INFO    ┇           chrisbase.data ┇   6	env.world_size                               	4
[01.31 17:29:26] ┇ INFO    ┇           chrisbase.data ┇   7	env.time_stamp                               	0131-172918
[01.31 17:29:26] ┇ INFO    ┇           chrisbase.data ┇   8	env.python_path                              	/home/chrisjihee/miniforge3/envs/DeepKNLP/bin/python
[01.31 17:29:26] ┇ INFO    ┇           chrisbase.data ┇   9	env.current_dir                              	/home/chrisjihee/proj/DeepKNLP
[01.31 17:29:26] ┇ INFO    ┇           chrisbase.data ┇  10	env.current_file                             	task2-nerG-trainer.py
[01.31 17:29:26] ┇ INFO    ┇           chrisbase.data ┇  11	env.command_args                             	['--local_rank=0', 'data/gner/each/crossner_music-train.jsonl', '--eval_file', 'data/gner/each-sampled/crossner_music-dev=100.jsonl', '--pretrained', 'etri-lirs/egpt-1.3b-preview', '--run_version', 'EAGLE-1B-supervised', '--trainer_deepspeed', 'configs/deepspeed/ds0_llama.json']
[01.31 17:29:26] ┇ INFO    ┇           chrisbase.data ┇  12	env.output_home                              	output
[01.31 17:29:26] ┇ INFO    ┇           chrisbase.data ┇  13	env.output_name                              	GNER
[01.31 17:29:26] ┇ INFO    ┇           chrisbase.data ┇  14	env.run_version                              	EAGLE-1B-supervised
[01.31 17:29:26] ┇ INFO    ┇           chrisbase.data ┇  15	env.output_file                              	train-metrics-0131-172918.csv
[01.31 17:29:26] ┇ INFO    ┇           chrisbase.data ┇  16	env.logging_file                             	train-loggings-0131-172918.out
[01.31 17:29:26] ┇ INFO    ┇           chrisbase.data ┇  17	env.logging_level                            	30
[01.31 17:29:26] ┇ INFO    ┇           chrisbase.data ┇  18	env.logging_format                           	%(asctime)s ┇ %(levelname)-7s ┇ %(name)24s ┇ %(message)s
[01.31 17:29:26] ┇ INFO    ┇           chrisbase.data ┇  19	env.datetime_format                          	[%m.%d %H:%M:%S]
[01.31 17:29:26] ┇ INFO    ┇           chrisbase.data ┇  20	env.argument_file                            	train-arguments-0131-172918.json
[01.31 17:29:26] ┇ INFO    ┇           chrisbase.data ┇  21	env.random_seed                              	7
[01.31 17:29:26] ┇ INFO    ┇           chrisbase.data ┇  22	env.max_workers                              	4
[01.31 17:29:26] ┇ INFO    ┇           chrisbase.data ┇  23	env.debugging                                	False
[01.31 17:29:26] ┇ INFO    ┇           chrisbase.data ┇  24	env.output_dir                               	output/GNER/EAGLE-1B-supervised
[01.31 17:29:26] ┇ INFO    ┇           chrisbase.data ┇  25	time.t1                                      	2025-01-31 17:29:26.223089
[01.31 17:29:26] ┇ INFO    ┇           chrisbase.data ┇  26	time.t2                                      	2025-01-31 17:29:19.069360
[01.31 17:29:26] ┇ INFO    ┇           chrisbase.data ┇  27	time.started                                 	[01.31 17:29:26]
[01.31 17:29:26] ┇ INFO    ┇           chrisbase.data ┇  28	time.settled
[01.31 17:29:26] ┇ INFO    ┇           chrisbase.data ┇  29	time.elapsed
[01.31 17:29:26] ┇ INFO    ┇           chrisbase.data ┇  30	data.train_file                              	data/gner/each/crossner_music-train.jsonl
[01.31 17:29:26] ┇ INFO    ┇           chrisbase.data ┇  31	data.study_file
[01.31 17:29:26] ┇ INFO    ┇           chrisbase.data ┇  32	data.eval_file                               	data/gner/each-sampled/crossner_music-dev=100.jsonl
[01.31 17:29:26] ┇ INFO    ┇           chrisbase.data ┇  33	data.pred_file
[01.31 17:29:26] ┇ INFO    ┇           chrisbase.data ┇  34	data.pretrained                              	etri-lirs/egpt-1.3b-preview
[01.31 17:29:26] ┇ INFO    ┇           chrisbase.data ┇  35	data.max_train_samples                       	-1
[01.31 17:29:26] ┇ INFO    ┇           chrisbase.data ┇  36	data.max_study_samples                       	-1
[01.31 17:29:26] ┇ INFO    ┇           chrisbase.data ┇  37	data.max_eval_samples                        	-1
[01.31 17:29:26] ┇ INFO    ┇           chrisbase.data ┇  38	data.max_pred_samples                        	-1
[01.31 17:29:26] ┇ INFO    ┇           chrisbase.data ┇  39	data.use_cache_data                          	True
[01.31 17:29:26] ┇ INFO    ┇           chrisbase.data ┇  40	data.progress_seconds                        	10.0
[01.31 17:29:26] ┇ INFO    ┇           chrisbase.data ┇  41	data.max_source_length                       	640
[01.31 17:29:26] ┇ INFO    ┇           chrisbase.data ┇  42	data.max_target_length                       	640
[01.31 17:29:26] ┇ INFO    ┇           chrisbase.data ┇  43	data.write_predictions                       	False
[01.31 17:29:26] ┇ INFO    ┇           chrisbase.data ┇  44	data.ignore_pad_token_for_loss               	True
[01.31 17:29:26] ┇ INFO    ┇           chrisbase.data ┇  45	train._n_gpu                                 	1
[01.31 17:29:26] ┇ INFO    ┇           chrisbase.data ┇  46	train.accelerator_config                     	{'split_batches': False, 'dispatch_batches': None, 'even_batches': True, 'use_seedable_sampler': True, 'non_blocking': False, 'gradient_accumulation_kwargs': None, 'use_configured_state': False}
[01.31 17:29:26] ┇ INFO    ┇           chrisbase.data ┇  47	train.adafactor                              	False
[01.31 17:29:26] ┇ INFO    ┇           chrisbase.data ┇  48	train.adam_beta1                             	0.9
[01.31 17:29:26] ┇ INFO    ┇           chrisbase.data ┇  49	train.adam_beta2                             	0.999
[01.31 17:29:26] ┇ INFO    ┇           chrisbase.data ┇  50	train.adam_epsilon                           	1e-08
[01.31 17:29:26] ┇ INFO    ┇           chrisbase.data ┇  51	train.auto_find_batch_size                   	False
[01.31 17:29:26] ┇ INFO    ┇           chrisbase.data ┇  52	train.average_tokens_across_devices          	False
[01.31 17:29:26] ┇ INFO    ┇           chrisbase.data ┇  53	train.batch_eval_metrics                     	False
[01.31 17:29:26] ┇ INFO    ┇           chrisbase.data ┇  54	train.bf16                                   	True
[01.31 17:29:26] ┇ INFO    ┇           chrisbase.data ┇  55	train.bf16_full_eval                         	True
[01.31 17:29:26] ┇ INFO    ┇           chrisbase.data ┇  56	train.data_seed
[01.31 17:29:26] ┇ INFO    ┇           chrisbase.data ┇  57	train.dataloader_drop_last                   	False
[01.31 17:29:26] ┇ INFO    ┇           chrisbase.data ┇  58	train.dataloader_num_workers                 	0
[01.31 17:29:26] ┇ INFO    ┇           chrisbase.data ┇  59	train.dataloader_persistent_workers          	False
[01.31 17:29:26] ┇ INFO    ┇           chrisbase.data ┇  60	train.dataloader_pin_memory                  	True
[01.31 17:29:26] ┇ INFO    ┇           chrisbase.data ┇  61	train.dataloader_prefetch_factor
[01.31 17:29:26] ┇ INFO    ┇           chrisbase.data ┇  62	train.ddp_backend
[01.31 17:29:26] ┇ INFO    ┇           chrisbase.data ┇  63	train.ddp_broadcast_buffers
[01.31 17:29:26] ┇ INFO    ┇           chrisbase.data ┇  64	train.ddp_bucket_cap_mb
[01.31 17:29:26] ┇ INFO    ┇           chrisbase.data ┇  65	train.ddp_find_unused_parameters
[01.31 17:29:26] ┇ INFO    ┇           chrisbase.data ┇  66	train.ddp_timeout                            	1800
[01.31 17:29:26] ┇ INFO    ┇           chrisbase.data ┇  67	train.debug                                  	[]
[01.31 17:29:26] ┇ INFO    ┇           chrisbase.data ┇  68	train.deepspeed                              	configs/deepspeed/ds0_llama.json
[01.31 17:29:26] ┇ INFO    ┇           chrisbase.data ┇  69	train.disable_tqdm                           	True
[01.31 17:29:26] ┇ INFO    ┇           chrisbase.data ┇  70	train.dispatch_batches
[01.31 17:29:26] ┇ INFO    ┇           chrisbase.data ┇  71	train.do_eval                                	True
[01.31 17:29:26] ┇ INFO    ┇           chrisbase.data ┇  72	train.do_predict                             	False
[01.31 17:29:26] ┇ INFO    ┇           chrisbase.data ┇  73	train.do_train                               	True
[01.31 17:29:26] ┇ INFO    ┇           chrisbase.data ┇  74	train.eval_accumulation_steps                	1
[01.31 17:29:26] ┇ INFO    ┇           chrisbase.data ┇  75	train.eval_delay                             	0
[01.31 17:29:26] ┇ INFO    ┇           chrisbase.data ┇  76	train.eval_do_concat_batches                 	True
[01.31 17:29:26] ┇ INFO    ┇           chrisbase.data ┇  77	train.eval_epochs                            	0.2
[01.31 17:29:26] ┇ INFO    ┇           chrisbase.data ┇  78	train.eval_on_start                          	False
[01.31 17:29:26] ┇ INFO    ┇           chrisbase.data ┇  79	train.eval_steps                             	9223372036854775807
[01.31 17:29:26] ┇ INFO    ┇           chrisbase.data ┇  80	train.eval_strategy                          	IntervalStrategy.NO
[01.31 17:29:26] ┇ INFO    ┇           chrisbase.data ┇  81	train.eval_use_gather_object                 	False
[01.31 17:29:26] ┇ INFO    ┇           chrisbase.data ┇  82	train.evaluation_strategy
[01.31 17:29:26] ┇ INFO    ┇           chrisbase.data ┇  83	train.fp16                                   	False
[01.31 17:29:26] ┇ INFO    ┇           chrisbase.data ┇  84	train.fp16_backend                           	auto
[01.31 17:29:26] ┇ INFO    ┇           chrisbase.data ┇  85	train.fp16_full_eval                         	False
[01.31 17:29:26] ┇ INFO    ┇           chrisbase.data ┇  86	train.fp16_opt_level                         	O1
[01.31 17:29:26] ┇ INFO    ┇           chrisbase.data ┇  87	train.fsdp                                   	[]
[01.31 17:29:26] ┇ INFO    ┇           chrisbase.data ┇  88	train.fsdp_config                            	{'min_num_params': 0, 'xla': False, 'xla_fsdp_v2': False, 'xla_fsdp_grad_ckpt': False}
[01.31 17:29:26] ┇ INFO    ┇           chrisbase.data ┇  89	train.fsdp_min_num_params                    	0
[01.31 17:29:26] ┇ INFO    ┇           chrisbase.data ┇  90	train.fsdp_transformer_layer_cls_to_wrap
[01.31 17:29:26] ┇ INFO    ┇           chrisbase.data ┇  91	train.full_determinism                       	False
[01.31 17:29:26] ┇ INFO    ┇           chrisbase.data ┇  92	train.generation_config
[01.31 17:29:26] ┇ INFO    ┇           chrisbase.data ┇  93	train.generation_max_length                  	640
[01.31 17:29:26] ┇ INFO    ┇           chrisbase.data ┇  94	train.generation_num_beams
[01.31 17:29:26] ┇ INFO    ┇           chrisbase.data ┇  95	train.gradient_accumulation_steps            	1
[01.31 17:29:26] ┇ INFO    ┇           chrisbase.data ┇  96	train.gradient_checkpointing                 	True
[01.31 17:29:26] ┇ INFO    ┇           chrisbase.data ┇  97	train.gradient_checkpointing_kwargs
[01.31 17:29:26] ┇ INFO    ┇           chrisbase.data ┇  98	train.greater_is_better
[01.31 17:29:26] ┇ INFO    ┇           chrisbase.data ┇  99	train.group_by_length                        	False
[01.31 17:29:26] ┇ INFO    ┇           chrisbase.data ┇ 100	train.half_precision_backend                 	auto
[01.31 17:29:26] ┇ INFO    ┇           chrisbase.data ┇ 101	train.hub_always_push                        	False
[01.31 17:29:26] ┇ INFO    ┇           chrisbase.data ┇ 102	train.hub_model_id
[01.31 17:29:26] ┇ INFO    ┇           chrisbase.data ┇ 103	train.hub_private_repo
[01.31 17:29:26] ┇ INFO    ┇           chrisbase.data ┇ 104	train.hub_strategy                           	HubStrategy.EVERY_SAVE
[01.31 17:29:26] ┇ INFO    ┇           chrisbase.data ┇ 105	train.hub_token
[01.31 17:29:26] ┇ INFO    ┇           chrisbase.data ┇ 106	train.ignore_data_skip                       	False
[01.31 17:29:26] ┇ INFO    ┇           chrisbase.data ┇ 107	train.include_for_metrics                    	[]
[01.31 17:29:26] ┇ INFO    ┇           chrisbase.data ┇ 108	train.include_inputs_for_metrics             	False
[01.31 17:29:26] ┇ INFO    ┇           chrisbase.data ┇ 109	train.include_num_input_tokens_seen          	False
[01.31 17:29:26] ┇ INFO    ┇           chrisbase.data ┇ 110	train.include_tokens_per_second              	False
[01.31 17:29:26] ┇ INFO    ┇           chrisbase.data ┇ 111	train.jit_mode_eval                          	False
[01.31 17:29:26] ┇ INFO    ┇           chrisbase.data ┇ 112	train.label_names
[01.31 17:29:26] ┇ INFO    ┇           chrisbase.data ┇ 113	train.label_smoothing_factor                 	0.0
[01.31 17:29:26] ┇ INFO    ┇           chrisbase.data ┇ 114	train.learning_rate                          	2e-05
[01.31 17:29:26] ┇ INFO    ┇           chrisbase.data ┇ 115	train.length_column_name                     	length
[01.31 17:29:26] ┇ INFO    ┇           chrisbase.data ┇ 116	train.load_best_model_at_end                 	False
[01.31 17:29:26] ┇ INFO    ┇           chrisbase.data ┇ 117	train.local_rank                             	0
[01.31 17:29:26] ┇ INFO    ┇           chrisbase.data ┇ 118	train.log_level                              	warning
[01.31 17:29:26] ┇ INFO    ┇           chrisbase.data ┇ 119	train.log_level_replica                      	error
[01.31 17:29:26] ┇ INFO    ┇           chrisbase.data ┇ 120	train.log_on_each_node                       	True
[01.31 17:29:26] ┇ INFO    ┇           chrisbase.data ┇ 121	train.logging_dir                            	output/GNER/EAGLE-1B-supervised/runs/Jan31_17-29-24_lirs-b1
[01.31 17:29:26] ┇ INFO    ┇           chrisbase.data ┇ 122	train.logging_epochs                         	-1.0
[01.31 17:29:26] ┇ INFO    ┇           chrisbase.data ┇ 123	train.logging_first_step                     	False
[01.31 17:29:26] ┇ INFO    ┇           chrisbase.data ┇ 124	train.logging_nan_inf_filter                 	True
[01.31 17:29:26] ┇ INFO    ┇           chrisbase.data ┇ 125	train.logging_steps                          	1
[01.31 17:29:26] ┇ INFO    ┇           chrisbase.data ┇ 126	train.logging_strategy                       	IntervalStrategy.STEPS
[01.31 17:29:26] ┇ INFO    ┇           chrisbase.data ┇ 127	train.lr_scheduler_kwargs                    	{}
[01.31 17:29:26] ┇ INFO    ┇           chrisbase.data ┇ 128	train.lr_scheduler_type                      	SchedulerType.COSINE
[01.31 17:29:26] ┇ INFO    ┇           chrisbase.data ┇ 129	train.max_grad_norm                          	1.0
[01.31 17:29:26] ┇ INFO    ┇           chrisbase.data ┇ 130	train.max_steps                              	-1
[01.31 17:29:26] ┇ INFO    ┇           chrisbase.data ┇ 131	train.metric_for_best_model
[01.31 17:29:26] ┇ INFO    ┇           chrisbase.data ┇ 132	train.mp_parameters
[01.31 17:29:26] ┇ INFO    ┇           chrisbase.data ┇ 133	train.neftune_noise_alpha
[01.31 17:29:26] ┇ INFO    ┇           chrisbase.data ┇ 134	train.no_cuda                                	False
[01.31 17:29:26] ┇ INFO    ┇           chrisbase.data ┇ 135	train.num_train_epochs                       	12.0
[01.31 17:29:26] ┇ INFO    ┇           chrisbase.data ┇ 136	train.optim                                  	OptimizerNames.ADAMW_TORCH
[01.31 17:29:26] ┇ INFO    ┇           chrisbase.data ┇ 137	train.optim_args
[01.31 17:29:26] ┇ INFO    ┇           chrisbase.data ┇ 138	train.optim_target_modules
[01.31 17:29:26] ┇ INFO    ┇           chrisbase.data ┇ 139	train.output_dir                             	output/GNER/EAGLE-1B-supervised
[01.31 17:29:26] ┇ INFO    ┇           chrisbase.data ┇ 140	train.overwrite_output_dir                   	True
[01.31 17:29:26] ┇ INFO    ┇           chrisbase.data ┇ 141	train.past_index                             	-1
[01.31 17:29:26] ┇ INFO    ┇           chrisbase.data ┇ 142	train.per_device_eval_batch_size             	25
[01.31 17:29:26] ┇ INFO    ┇           chrisbase.data ┇ 143	train.per_device_train_batch_size            	1
[01.31 17:29:26] ┇ INFO    ┇           chrisbase.data ┇ 144	train.per_gpu_eval_batch_size
[01.31 17:29:26] ┇ INFO    ┇           chrisbase.data ┇ 145	train.per_gpu_train_batch_size
[01.31 17:29:26] ┇ INFO    ┇           chrisbase.data ┇ 146	train.predict_with_generate                  	True
[01.31 17:29:26] ┇ INFO    ┇           chrisbase.data ┇ 147	train.prediction_loss_only                   	False
[01.31 17:29:26] ┇ INFO    ┇           chrisbase.data ┇ 148	train.push_to_hub                            	False
[01.31 17:29:26] ┇ INFO    ┇           chrisbase.data ┇ 149	train.push_to_hub_model_id
[01.31 17:29:26] ┇ INFO    ┇           chrisbase.data ┇ 150	train.push_to_hub_organization
[01.31 17:29:26] ┇ INFO    ┇           chrisbase.data ┇ 151	train.push_to_hub_token
[01.31 17:29:26] ┇ INFO    ┇           chrisbase.data ┇ 152	train.ray_scope                              	last
[01.31 17:29:26] ┇ INFO    ┇           chrisbase.data ┇ 153	train.remove_unused_columns                  	False
[01.31 17:29:26] ┇ INFO    ┇           chrisbase.data ┇ 154	train.report_to                              	[]
[01.31 17:29:26] ┇ INFO    ┇           chrisbase.data ┇ 155	train.restore_callback_states_from_checkpoint	False
[01.31 17:29:26] ┇ INFO    ┇           chrisbase.data ┇ 156	train.resume_from_checkpoint
[01.31 17:29:26] ┇ INFO    ┇           chrisbase.data ┇ 157	train.run_name                               	output/GNER/EAGLE-1B-supervised
[01.31 17:29:26] ┇ INFO    ┇           chrisbase.data ┇ 158	train.save_epochs                            	-1.0
[01.31 17:29:26] ┇ INFO    ┇           chrisbase.data ┇ 159	train.save_on_each_node                      	False
[01.31 17:29:26] ┇ INFO    ┇           chrisbase.data ┇ 160	train.save_only_model                        	False
[01.31 17:29:26] ┇ INFO    ┇           chrisbase.data ┇ 161	train.save_safetensors                       	True
[01.31 17:29:26] ┇ INFO    ┇           chrisbase.data ┇ 162	train.save_steps                             	9223372036854775807
[01.31 17:29:26] ┇ INFO    ┇           chrisbase.data ┇ 163	train.save_strategy                          	SaveStrategy.NO
[01.31 17:29:26] ┇ INFO    ┇           chrisbase.data ┇ 164	train.save_total_limit
[01.31 17:29:26] ┇ INFO    ┇           chrisbase.data ┇ 165	train.seed                                   	7
[01.31 17:29:26] ┇ INFO    ┇           chrisbase.data ┇ 166	train.skip_memory_metrics                    	True
[01.31 17:29:26] ┇ INFO    ┇           chrisbase.data ┇ 167	train.sortish_sampler                        	False
[01.31 17:29:26] ┇ INFO    ┇           chrisbase.data ┇ 168	train.split_batches
[01.31 17:29:26] ┇ INFO    ┇           chrisbase.data ┇ 169	train.tf32                                   	True
[01.31 17:29:26] ┇ INFO    ┇           chrisbase.data ┇ 170	train.torch_compile                          	False
[01.31 17:29:26] ┇ INFO    ┇           chrisbase.data ┇ 171	train.torch_compile_backend
[01.31 17:29:26] ┇ INFO    ┇           chrisbase.data ┇ 172	train.torch_compile_mode
[01.31 17:29:26] ┇ INFO    ┇           chrisbase.data ┇ 173	train.torch_empty_cache_steps
[01.31 17:29:26] ┇ INFO    ┇           chrisbase.data ┇ 174	train.torchdynamo
[01.31 17:29:26] ┇ INFO    ┇           chrisbase.data ┇ 175	train.tpu_metrics_debug                      	False
[01.31 17:29:26] ┇ INFO    ┇           chrisbase.data ┇ 176	train.tpu_num_cores
[01.31 17:29:26] ┇ INFO    ┇           chrisbase.data ┇ 177	train.use_cpu                                	False
[01.31 17:29:26] ┇ INFO    ┇           chrisbase.data ┇ 178	train.use_ipex                               	False
[01.31 17:29:26] ┇ INFO    ┇           chrisbase.data ┇ 179	train.use_legacy_prediction_loop             	False
[01.31 17:29:26] ┇ INFO    ┇           chrisbase.data ┇ 180	train.use_liger_kernel                       	False
[01.31 17:29:26] ┇ INFO    ┇           chrisbase.data ┇ 181	train.use_mps_device                         	False
[01.31 17:29:26] ┇ INFO    ┇           chrisbase.data ┇ 182	train.warmup_ratio                           	0.04
[01.31 17:29:26] ┇ INFO    ┇           chrisbase.data ┇ 183	train.warmup_steps                           	0
[01.31 17:29:26] ┇ INFO    ┇           chrisbase.data ┇ 184	train.weight_decay                           	0.0
[01.31 17:29:26] ┇ INFO    ┇           chrisbase.data ┇ -----------------------------------------------------------------------------------------------------------------------------------------
[01.31 17:29:35] ┇ INFO    ┇                 DeepKNLP ┇ type(model)=<class 'transformers.models.gpt_neox.modeling_gpt_neox.GPTNeoXForCausalLM'>
[01.31 17:29:35] ┇ INFO    ┇                 DeepKNLP ┇ model.generation_config.pad_token_id=0
[01.31 17:29:36] ┇ INFO    ┇                 DeepKNLP ┇ Loaded raw train_dataset (#=100): data/gner/each/crossner_music-train.jsonl
[01.31 17:29:36] ┇ INFO    ┇                 DeepKNLP ┇ Preprocess train_dataset:   4%|▊                   |   4/100 [0:00:00<0:00:14, 6.43Hz]
[01.31 17:29:36] ┇ INFO    ┇                 DeepKNLP ┇ Preprocess train_dataset: 100%|████████████████████| 100/100 [0:00:00<0:00:00, 153.17Hz]
[01.31 17:29:37] ┇ INFO    ┇                 DeepKNLP ┇ Completed preprocessing for train_dataset at [01.31 17:29:36]
[01.31 17:29:37] ┇ INFO    ┇                 DeepKNLP ┇ Loaded raw eval_dataset (#=100): data/gner/each-sampled/crossner_music-dev=100.jsonl
[01.31 17:29:38] ┇ INFO    ┇                 DeepKNLP ┇ Preprocess eval_dataset:   4%|▊                   |   4/100 [0:00:00<0:00:14, 6.85Hz]
[01.31 17:29:38] ┇ INFO    ┇                 DeepKNLP ┇ Preprocess eval_dataset: 100%|████████████████████| 100/100 [0:00:00<0:00:00, 166.08Hz]
[01.31 17:29:39] ┇ INFO    ┇                 DeepKNLP ┇ Completed preprocessing for eval_dataset at [01.31 17:29:38]
[01.31 17:29:53] ┇ WARNING ┇                DeepSpeed ┇ Attempting to get learning rate from scheduler before it has started
[01.31 17:29:53] ┇ INFO    ┇    DeepKNLP.gner.trainer ┇ -----------------------------------------------------------------------------------------------------------------------------------------
[01.31 17:29:53] ┇ INFO    ┇    DeepKNLP.gner.trainer ┇ ***** Beginning Training *****
[01.31 17:29:53] ┇ INFO    ┇    DeepKNLP.gner.trainer ┇ >> Train Epochs       = 12.0
[01.31 17:29:53] ┇ INFO    ┇    DeepKNLP.gner.trainer ┇ >> Train Examples     = 100
[01.31 17:29:53] ┇ INFO    ┇    DeepKNLP.gner.trainer ┇ >> Train Batch Size   = 4 = 1 * 1 * 4
[01.31 17:29:53] ┇ INFO    ┇    DeepKNLP.gner.trainer ┇ >> Train Optim Steps  = 300 = 25 * 12.0
[01.31 17:29:53] ┇ INFO    ┇    DeepKNLP.gner.trainer ┇ >> Train Model Params = 1,341,247,488
[01.31 17:29:53] ┇ INFO    ┇    DeepKNLP.gner.trainer ┇ >> Eval Examples      = 100
[01.31 17:29:53] ┇ INFO    ┇    DeepKNLP.gner.trainer ┇ >> Eval Batch Size    = 100 = 25 * 4
[01.31 17:29:53] ┇ INFO    ┇    DeepKNLP.gner.trainer ┇ >> Trainer Callbacks  = DefaultFlowCallback, CustomProgressCallback
[01.31 17:29:53] ┇ INFO    ┇    DeepKNLP.gner.trainer ┇ >> Zero Optim Stage   = 0
[01.31 17:29:53] ┇ INFO    ┇    DeepKNLP.gner.trainer ┇ [training]   0%|                    |   1/300 [0:00:00<0:01:58, 2.52Hz] | epoch=0.04, loss=1.1709
[01.31 17:29:54] ┇ INFO    ┇    DeepKNLP.gner.trainer ┇ [training]   1%|▏                   |   2/300 [0:00:00<0:01:22, 3.62Hz] | epoch=0.08, loss=1.0410
[01.31 17:29:54] ┇ INFO    ┇    DeepKNLP.gner.trainer ┇ [training]   1%|▏                   |   3/300 [0:00:00<0:01:09, 4.26Hz] | epoch=0.12, loss=0.9883
[01.31 17:29:54] ┇ INFO    ┇    DeepKNLP.gner.trainer ┇ [training]   1%|▎                   |   4/300 [0:00:00<0:01:03, 4.65Hz] | epoch=0.16, loss=0.8867
[01.31 17:29:54] ┇ INFO    ┇    DeepKNLP.gner.trainer ┇ [training]   2%|▎                   |   5/300 [0:00:01<0:00:59, 4.92Hz] | epoch=0.20, loss=0.8018
[01.31 17:30:00] ┇ INFO    ┇    DeepKNLP.gner.trainer ┇ [checking] 100%|████████████████████| 1/1 [0:00:00<0:00:00, 37759.95Hz]
[01.31 17:30:01] ┇ INFO    ┇    DeepKNLP.gner.trainer ┇ [training]   2%|▎                   |   5/300 [0:00:01<0:00:59, 4.92Hz] | epoch=0.20, eval_average=0.0000
[01.31 17:30:01] ┇ INFO    ┇    DeepKNLP.gner.trainer ┇ [training]   2%|▍                   |   6/300 [0:00:07<0:06:17, 0.78Hz] | epoch=0.24, loss=0.6851
[01.31 17:30:01] ┇ INFO    ┇    DeepKNLP.gner.trainer ┇ [training]   2%|▍                   |   7/300 [0:00:07<0:05:29, 0.89Hz] | epoch=0.28, loss=0.4644
[01.31 17:30:01] ┇ INFO    ┇    DeepKNLP.gner.trainer ┇ [training]   3%|▌                   |   8/300 [0:00:08<0:04:52, 1.00Hz] | epoch=0.32, loss=0.3789
[01.31 17:30:01] ┇ INFO    ┇    DeepKNLP.gner.trainer ┇ [training]   3%|▌                   |   9/300 [0:00:08<0:04:24, 1.10Hz] | epoch=0.36, loss=0.2227
[01.31 17:30:01] ┇ INFO    ┇    DeepKNLP.gner.trainer ┇ [training]   3%|▋                   |  10/300 [0:00:08<0:04:01, 1.20Hz] | epoch=0.40, loss=0.2009
[01.31 17:30:08] ┇ INFO    ┇    DeepKNLP.gner.trainer ┇ [checking] 100%|████████████████████| 1/1 [0:00:00<0:00:00, 43160.30Hz]
[01.31 17:30:08] ┇ INFO    ┇    DeepKNLP.gner.trainer ┇ [training]   3%|▋                   |  10/300 [0:00:08<0:04:01, 1.20Hz] | epoch=0.40, eval_average=0.0000
[01.31 17:30:09] ┇ INFO    ┇    DeepKNLP.gner.trainer ┇ [training]   4%|▋                   |  11/300 [0:00:15<0:06:47, 0.71Hz] | epoch=0.44, loss=0.1863
[01.31 17:30:09] ┇ INFO    ┇    DeepKNLP.gner.trainer ┇ [training]   4%|▊                   |  12/300 [0:00:15<0:06:15, 0.77Hz] | epoch=0.48, loss=0.1346
[01.31 17:30:09] ┇ INFO    ┇    DeepKNLP.gner.trainer ┇ [training]   4%|▊                   |  13/300 [0:00:15<0:05:49, 0.82Hz] | epoch=0.52, loss=0.2061
[01.31 17:30:09] ┇ INFO    ┇    DeepKNLP.gner.trainer ┇ [training]   5%|▉                   |  14/300 [0:00:15<0:05:26, 0.88Hz] | epoch=0.56, loss=0.2211
[01.31 17:30:09] ┇ INFO    ┇    DeepKNLP.gner.trainer ┇ [training]   5%|█                   |  15/300 [0:00:16<0:05:06, 0.93Hz] | epoch=0.60, loss=0.1169
[01.31 17:30:15] ┇ INFO    ┇    DeepKNLP.gner.trainer ┇ [checking] 100%|████████████████████| 1/1 [0:00:00<0:00:00, 39475.80Hz]
[01.31 17:30:15] ┇ INFO    ┇    DeepKNLP.gner.trainer ┇ [training]   5%|█                   |  15/300 [0:00:16<0:05:06, 0.93Hz] | epoch=0.60, eval_average=0.2798
[01.31 17:30:15] ┇ INFO    ┇    DeepKNLP.gner.trainer ┇ [training]   5%|█                   |  16/300 [0:00:22<0:06:36, 0.72Hz] | epoch=0.64, loss=0.0815
[01.31 17:30:16] ┇ INFO    ┇    DeepKNLP.gner.trainer ┇ [training]   6%|█▏                  |  17/300 [0:00:22<0:06:14, 0.75Hz] | epoch=0.68, loss=0.0836
[01.31 17:30:16] ┇ INFO    ┇    DeepKNLP.gner.trainer ┇ [training]   6%|█▏                  |  18/300 [0:00:22<0:05:55, 0.79Hz] | epoch=0.72, loss=0.1080
[01.31 17:30:16] ┇ INFO    ┇    DeepKNLP.gner.trainer ┇ [training]   6%|█▎                  |  19/300 [0:00:22<0:05:37, 0.83Hz] | epoch=0.76, loss=0.1241
[01.31 17:30:16] ┇ INFO    ┇    DeepKNLP.gner.trainer ┇ [training]   7%|█▎                  |  20/300 [0:00:22<0:05:21, 0.87Hz] | epoch=0.80, loss=0.0789
[01.31 17:30:22] ┇ INFO    ┇    DeepKNLP.gner.trainer ┇ [checking] 100%|████████████████████| 1/1 [0:00:00<0:00:00, 44930.20Hz]
[01.31 17:30:22] ┇ INFO    ┇    DeepKNLP.gner.trainer ┇ [training]   7%|█▎                  |  20/300 [0:00:22<0:05:21, 0.87Hz] | epoch=0.80, eval_average=0.3168
[01.31 17:30:22] ┇ INFO    ┇    DeepKNLP.gner.trainer ┇ [training]   7%|█▍                  |  21/300 [0:00:29<0:06:28, 0.72Hz] | epoch=0.84, loss=0.0972
[01.31 17:30:22] ┇ INFO    ┇    DeepKNLP.gner.trainer ┇ [training]   7%|█▍                  |  22/300 [0:00:29<0:06:11, 0.75Hz] | epoch=0.88, loss=0.0862
[01.31 17:30:23] ┇ INFO    ┇    DeepKNLP.gner.trainer ┇ [training]   8%|█▌                  |  23/300 [0:00:29<0:05:55, 0.78Hz] | epoch=0.92, loss=0.0728
[01.31 17:30:23] ┇ INFO    ┇    DeepKNLP.gner.trainer ┇ [training]   8%|█▌                  |  24/300 [0:00:29<0:05:41, 0.81Hz] | epoch=0.96, loss=0.0676
[01.31 17:30:23] ┇ INFO    ┇    DeepKNLP.gner.trainer ┇ [training]   8%|█▋                  |  25/300 [0:00:29<0:05:28, 0.84Hz] | epoch=1.00, loss=0.0633
[01.31 17:30:29] ┇ INFO    ┇    DeepKNLP.gner.trainer ┇ [checking] 100%|████████████████████| 1/1 [0:00:00<0:00:00, 44915.16Hz]
[01.31 17:30:29] ┇ INFO    ┇    DeepKNLP.gner.trainer ┇ [training]   8%|█▋                  |  25/300 [0:00:29<0:05:28, 0.84Hz] | epoch=1.00, eval_average=0.4158
[01.31 17:30:29] ┇ INFO    ┇    DeepKNLP.gner.trainer ┇ [training]   9%|█▋                  |  26/300 [0:00:36<0:06:20, 0.72Hz] | epoch=1.04, loss=0.0731
[01.31 17:30:29] ┇ INFO    ┇    DeepKNLP.gner.trainer ┇ [training]   9%|█▊                  |  27/300 [0:00:36<0:06:06, 0.75Hz] | epoch=1.08, loss=0.0602
[01.31 17:30:29] ┇ INFO    ┇    DeepKNLP.gner.trainer ┇ [training]   9%|█▊                  |  28/300 [0:00:36<0:05:53, 0.77Hz] | epoch=1.12, loss=0.0427
[01.31 17:30:30] ┇ INFO    ┇    DeepKNLP.gner.trainer ┇ [training]  10%|█▉                  |  29/300 [0:00:36<0:05:41, 0.79Hz] | epoch=1.16, loss=0.1252
[01.31 17:30:30] ┇ INFO    ┇    DeepKNLP.gner.trainer ┇ [training]  10%|██                  |  30/300 [0:00:36<0:05:30, 0.82Hz] | epoch=1.20, loss=0.1281
[01.31 17:30:36] ┇ INFO    ┇    DeepKNLP.gner.trainer ┇ [checking] 100%|████████████████████| 1/1 [0:00:00<0:00:00, 72276.64Hz]
[01.31 17:30:36] ┇ INFO    ┇    DeepKNLP.gner.trainer ┇ [training]  10%|██                  |  30/300 [0:00:36<0:05:30, 0.82Hz] | epoch=1.20, eval_average=0.2852
[01.31 17:30:36] ┇ INFO    ┇    DeepKNLP.gner.trainer ┇ [training]  10%|██                  |  31/300 [0:00:42<0:06:12, 0.72Hz] | epoch=1.24, loss=0.0664
[01.31 17:30:36] ┇ INFO    ┇    DeepKNLP.gner.trainer ┇ [training]  11%|██▏                 |  32/300 [0:00:43<0:06:00, 0.74Hz] | epoch=1.28, loss=0.0370
[01.31 17:30:36] ┇ INFO    ┇    DeepKNLP.gner.trainer ┇ [training]  11%|██▏                 |  33/300 [0:00:43<0:05:49, 0.76Hz] | epoch=1.32, loss=0.0617
[01.31 17:30:36] ┇ INFO    ┇    DeepKNLP.gner.trainer ┇ [training]  11%|██▎                 |  34/300 [0:00:43<0:05:39, 0.78Hz] | epoch=1.36, loss=0.0841
[01.31 17:30:37] ┇ INFO    ┇    DeepKNLP.gner.trainer ┇ [training]  12%|██▎                 |  35/300 [0:00:43<0:05:29, 0.80Hz] | epoch=1.40, loss=0.0353
[01.31 17:30:42] ┇ INFO    ┇    DeepKNLP.gner.trainer ┇ [checking] 100%|████████████████████| 1/1 [0:00:00<0:00:00, 48612.00Hz]
[01.31 17:30:43] ┇ INFO    ┇    DeepKNLP.gner.trainer ┇ [training]  12%|██▎                 |  35/300 [0:00:43<0:05:29, 0.80Hz] | epoch=1.40, eval_average=0.4724
[01.31 17:30:43] ┇ INFO    ┇    DeepKNLP.gner.trainer ┇ [training]  12%|██▍                 |  36/300 [0:00:49<0:06:04, 0.72Hz] | epoch=1.44, loss=0.0401
[01.31 17:30:43] ┇ INFO    ┇    DeepKNLP.gner.trainer ┇ [training]  12%|██▍                 |  37/300 [0:00:49<0:05:54, 0.74Hz] | epoch=1.48, loss=0.0346
[01.31 17:30:43] ┇ INFO    ┇    DeepKNLP.gner.trainer ┇ [training]  13%|██▌                 |  38/300 [0:00:50<0:05:45, 0.76Hz] | epoch=1.52, loss=0.0536
[01.31 17:30:43] ┇ INFO    ┇    DeepKNLP.gner.trainer ┇ [training]  13%|██▌                 |  39/300 [0:00:50<0:05:36, 0.78Hz] | epoch=1.56, loss=0.0454
[01.31 17:30:43] ┇ INFO    ┇    DeepKNLP.gner.trainer ┇ [training]  13%|██▋                 |  40/300 [0:00:50<0:05:27, 0.79Hz] | epoch=1.60, loss=0.0316
[01.31 17:30:49] ┇ INFO    ┇    DeepKNLP.gner.trainer ┇ [checking] 100%|████████████████████| 1/1 [0:00:00<0:00:00, 41698.71Hz]
[01.31 17:30:49] ┇ INFO    ┇    DeepKNLP.gner.trainer ┇ [training]  13%|██▋                 |  40/300 [0:00:50<0:05:27, 0.79Hz] | epoch=1.60, eval_average=0.3767
[01.31 17:30:50] ┇ INFO    ┇    DeepKNLP.gner.trainer ┇ [training]  14%|██▋                 |  41/300 [0:00:56<0:05:57, 0.72Hz] | epoch=1.64, loss=0.0307
[01.31 17:30:50] ┇ INFO    ┇    DeepKNLP.gner.trainer ┇ [training]  14%|██▊                 |  42/300 [0:00:56<0:05:48, 0.74Hz] | epoch=1.68, loss=0.0568
[01.31 17:30:50] ┇ INFO    ┇    DeepKNLP.gner.trainer ┇ [training]  14%|██▊                 |  43/300 [0:00:56<0:05:40, 0.76Hz] | epoch=1.72, loss=0.0592
[01.31 17:30:50] ┇ INFO    ┇    DeepKNLP.gner.trainer ┇ [training]  15%|██▉                 |  44/300 [0:00:57<0:05:32, 0.77Hz] | epoch=1.76, loss=0.0290
[01.31 17:30:50] ┇ INFO    ┇    DeepKNLP.gner.trainer ┇ [training]  15%|███                 |  45/300 [0:00:57<0:05:24, 0.79Hz] | epoch=1.80, loss=0.0400
[01.31 17:30:56] ┇ INFO    ┇    DeepKNLP.gner.trainer ┇ [checking] 100%|████████████████████| 1/1 [0:00:00<0:00:00, 102809.44Hz]
[01.31 17:30:56] ┇ INFO    ┇    DeepKNLP.gner.trainer ┇ [training]  15%|███                 |  45/300 [0:00:57<0:05:24, 0.79Hz] | epoch=1.80, eval_average=0.5314
[01.31 17:30:56] ┇ INFO    ┇    DeepKNLP.gner.trainer ┇ [training]  15%|███                 |  46/300 [0:01:03<0:05:50, 0.72Hz] | epoch=1.84, loss=0.0464
[01.31 17:30:57] ┇ INFO    ┇    DeepKNLP.gner.trainer ┇ [training]  16%|███▏                |  47/300 [0:01:03<0:05:42, 0.74Hz] | epoch=1.88, loss=0.0454
[01.31 17:30:57] ┇ INFO    ┇    DeepKNLP.gner.trainer ┇ [training]  16%|███▏                |  48/300 [0:01:03<0:05:34, 0.75Hz] | epoch=1.92, loss=0.0544
[01.31 17:30:57] ┇ INFO    ┇    DeepKNLP.gner.trainer ┇ [training]  16%|███▎                |  49/300 [0:01:03<0:05:27, 0.77Hz] | epoch=1.96, loss=0.0589
[01.31 17:30:57] ┇ INFO    ┇    DeepKNLP.gner.trainer ┇ [training]  17%|███▎                |  50/300 [0:01:04<0:05:20, 0.78Hz] | epoch=2.00, loss=0.0356
[01.31 17:31:03] ┇ INFO    ┇    DeepKNLP.gner.trainer ┇ [checking] 100%|████████████████████| 1/1 [0:00:00<0:00:00, 42816.09Hz]
[01.31 17:31:03] ┇ INFO    ┇    DeepKNLP.gner.trainer ┇ [training]  17%|███▎                |  50/300 [0:01:04<0:05:20, 0.78Hz] | epoch=2.00, eval_average=0.4873
[01.31 17:31:03] ┇ INFO    ┇    DeepKNLP.gner.trainer ┇ [training]  17%|███▍                |  51/300 [0:01:10<0:05:43, 0.73Hz] | epoch=2.04, loss=0.0574
[01.31 17:31:03] ┇ INFO    ┇    DeepKNLP.gner.trainer ┇ [training]  17%|███▍                |  52/300 [0:01:10<0:05:36, 0.74Hz] | epoch=2.08, loss=0.0333
[01.31 17:31:04] ┇ INFO    ┇    DeepKNLP.gner.trainer ┇ [training]  18%|███▌                |  53/300 [0:01:10<0:05:29, 0.75Hz] | epoch=2.12, loss=0.0241
[01.31 17:31:04] ┇ INFO    ┇    DeepKNLP.gner.trainer ┇ [training]  18%|███▌                |  54/300 [0:01:10<0:05:22, 0.76Hz] | epoch=2.16, loss=0.0172
[01.31 17:31:04] ┇ INFO    ┇    DeepKNLP.gner.trainer ┇ [training]  18%|███▋                |  55/300 [0:01:10<0:05:15, 0.78Hz] | epoch=2.20, loss=0.0296
[01.31 17:31:10] ┇ INFO    ┇    DeepKNLP.gner.trainer ┇ [checking] 100%|████████████████████| 1/1 [0:00:00<0:00:00, 93874.96Hz]
[01.31 17:31:10] ┇ INFO    ┇    DeepKNLP.gner.trainer ┇ [training]  18%|███▋                |  55/300 [0:01:10<0:05:15, 0.78Hz] | epoch=2.20, eval_average=0.5463
[01.31 17:31:10] ┇ INFO    ┇    DeepKNLP.gner.trainer ┇ [training]  19%|███▋                |  56/300 [0:01:17<0:05:36, 0.73Hz] | epoch=2.24, loss=0.0204
[01.31 17:31:10] ┇ INFO    ┇    DeepKNLP.gner.trainer ┇ [training]  19%|███▊                |  57/300 [0:01:17<0:05:29, 0.74Hz] | epoch=2.28, loss=0.0113
[01.31 17:31:10] ┇ INFO    ┇    DeepKNLP.gner.trainer ┇ [training]  19%|███▊                |  58/300 [0:01:17<0:05:23, 0.75Hz] | epoch=2.32, loss=0.0204
[01.31 17:31:11] ┇ INFO    ┇    DeepKNLP.gner.trainer ┇ [training]  20%|███▉                |  59/300 [0:01:17<0:05:16, 0.76Hz] | epoch=2.36, loss=0.0357
[01.31 17:31:11] ┇ INFO    ┇    DeepKNLP.gner.trainer ┇ [training]  20%|████                |  60/300 [0:01:17<0:05:10, 0.77Hz] | epoch=2.40, loss=0.0360
[01.31 17:31:17] ┇ INFO    ┇    DeepKNLP.gner.trainer ┇ [checking] 100%|████████████████████| 1/1 [0:00:00<0:00:00, 41294.59Hz]
[01.31 17:31:17] ┇ INFO    ┇    DeepKNLP.gner.trainer ┇ [training]  20%|████                |  60/300 [0:01:17<0:05:10, 0.77Hz] | epoch=2.40, eval_average=0.5648
[01.31 17:31:17] ┇ INFO    ┇    DeepKNLP.gner.trainer ┇ [training]  20%|████                |  61/300 [0:01:23<0:05:28, 0.73Hz] | epoch=2.44, loss=0.0756
[01.31 17:31:17] ┇ INFO    ┇    DeepKNLP.gner.trainer ┇ [training]  21%|████▏               |  62/300 [0:01:24<0:05:22, 0.74Hz] | epoch=2.48, loss=0.0153
[01.31 17:31:17] ┇ INFO    ┇    DeepKNLP.gner.trainer ┇ [training]  21%|████▏               |  63/300 [0:01:24<0:05:17, 0.75Hz] | epoch=2.52, loss=0.0315
[01.31 17:31:17] ┇ INFO    ┇    DeepKNLP.gner.trainer ┇ [training]  21%|████▎               |  64/300 [0:01:24<0:05:14, 0.75Hz] | epoch=2.56, loss=0.0354
[01.31 17:31:18] ┇ INFO    ┇    DeepKNLP.gner.trainer ┇ [training]  22%|████▎               |  65/300 [0:01:24<0:05:13, 0.75Hz] | epoch=2.60, loss=0.0240
[01.31 17:31:24] ┇ INFO    ┇    DeepKNLP.gner.trainer ┇ [checking] 100%|████████████████████| 1/1 [0:00:00<0:00:00, 113431.42Hz]
[01.31 17:31:24] ┇ INFO    ┇    DeepKNLP.gner.trainer ┇ [training]  22%|████▎               |  65/300 [0:01:24<0:05:13, 0.75Hz] | epoch=2.60, eval_average=0.4894
[01.31 17:31:24] ┇ INFO    ┇    DeepKNLP.gner.trainer ┇ [training]  22%|████▍               |  66/300 [0:01:30<0:05:34, 0.70Hz] | epoch=2.64, loss=0.0237
[01.31 17:31:24] ┇ INFO    ┇    DeepKNLP.gner.trainer ┇ [training]  22%|████▍               |  67/300 [0:01:31<0:05:33, 0.70Hz] | epoch=2.68, loss=0.0431
[01.31 17:31:24] ┇ INFO    ┇    DeepKNLP.gner.trainer ┇ [training]  23%|████▌               |  68/300 [0:01:31<0:05:32, 0.70Hz] | epoch=2.72, loss=0.0145
[01.31 17:31:24] ┇ INFO    ┇    DeepKNLP.gner.trainer ┇ [training]  23%|████▌               |  69/300 [0:01:31<0:05:06, 0.75Hz] | epoch=2.76, loss=0.0258
[01.31 17:31:25] ┇ INFO    ┇    DeepKNLP.gner.trainer ┇ [training]  23%|████▋               |  70/300 [0:01:31<0:05:05, 0.75Hz] | epoch=2.80, loss=0.0223
[01.31 17:31:30] ┇ INFO    ┇    DeepKNLP.gner.trainer ┇ [checking] 100%|████████████████████| 1/1 [0:00:00<0:00:00, 47569.64Hz]
[01.31 17:31:31] ┇ INFO    ┇    DeepKNLP.gner.trainer ┇ [training]  23%|████▋               |  70/300 [0:01:31<0:05:05, 0.75Hz] | epoch=2.80, eval_average=0.5675
[01.31 17:31:31] ┇ INFO    ┇    DeepKNLP.gner.trainer ┇ [training]  24%|████▋               |  71/300 [0:01:37<0:05:25, 0.70Hz] | epoch=2.84, loss=0.0106
[01.31 17:31:31] ┇ INFO    ┇    DeepKNLP.gner.trainer ┇ [training]  24%|████▊               |  72/300 [0:01:37<0:05:24, 0.70Hz] | epoch=2.88, loss=0.0103
[01.31 17:31:31] ┇ INFO    ┇    DeepKNLP.gner.trainer ┇ [training]  24%|████▊               |  73/300 [0:01:38<0:05:23, 0.70Hz] | epoch=2.92, loss=0.0531
[01.31 17:31:31] ┇ INFO    ┇    DeepKNLP.gner.trainer ┇ [training]  25%|████▉               |  74/300 [0:01:38<0:04:56, 0.76Hz] | epoch=2.96, loss=0.0090
[01.31 17:31:31] ┇ INFO    ┇    DeepKNLP.gner.trainer ┇ [training]  25%|█████               |  75/300 [0:01:38<0:04:55, 0.76Hz] | epoch=3.00, loss=0.0316
[01.31 17:31:37] ┇ INFO    ┇    DeepKNLP.gner.trainer ┇ [checking] 100%|████████████████████| 1/1 [0:00:00<0:00:00, 87481.00Hz]
[01.31 17:31:37] ┇ INFO    ┇    DeepKNLP.gner.trainer ┇ [training]  25%|█████               |  75/300 [0:01:38<0:04:55, 0.76Hz] | epoch=3.00, eval_average=0.5442
[01.31 17:31:38] ┇ INFO    ┇    DeepKNLP.gner.trainer ┇ [training]  25%|█████               |  76/300 [0:01:44<0:05:15, 0.71Hz] | epoch=3.04, loss=0.0040
[01.31 17:31:38] ┇ INFO    ┇    DeepKNLP.gner.trainer ┇ [training]  26%|█████▏              |  77/300 [0:01:44<0:05:13, 0.71Hz] | epoch=3.08, loss=0.0061
[01.31 17:31:38] ┇ INFO    ┇    DeepKNLP.gner.trainer ┇ [training]  26%|█████▏              |  78/300 [0:01:44<0:05:12, 0.71Hz] | epoch=3.12, loss=0.0041
[01.31 17:31:38] ┇ INFO    ┇    DeepKNLP.gner.trainer ┇ [training]  26%|█████▎              |  79/300 [0:01:44<0:04:49, 0.76Hz] | epoch=3.16, loss=0.0116
[01.31 17:31:38] ┇ INFO    ┇    DeepKNLP.gner.trainer ┇ [training]  27%|█████▎              |  80/300 [0:01:45<0:04:48, 0.76Hz] | epoch=3.20, loss=0.0083
[01.31 17:31:44] ┇ INFO    ┇    DeepKNLP.gner.trainer ┇ [checking] 100%|████████████████████| 1/1 [0:00:00<0:00:00, 93368.85Hz]
[01.31 17:31:44] ┇ INFO    ┇    DeepKNLP.gner.trainer ┇ [training]  27%|█████▎              |  80/300 [0:01:45<0:04:48, 0.76Hz] | epoch=3.20, eval_average=0.4083
[01.31 17:31:44] ┇ INFO    ┇    DeepKNLP.gner.trainer ┇ [training]  27%|█████▍              |  81/300 [0:01:51<0:05:08, 0.71Hz] | epoch=3.24, loss=0.0081
[01.31 17:31:44] ┇ INFO    ┇    DeepKNLP.gner.trainer ┇ [training]  27%|█████▍              |  82/300 [0:01:51<0:05:06, 0.71Hz] | epoch=3.28, loss=0.0120
[01.31 17:31:45] ┇ INFO    ┇    DeepKNLP.gner.trainer ┇ [training]  28%|█████▌              |  83/300 [0:01:51<0:05:05, 0.71Hz] | epoch=3.32, loss=0.0085
[01.31 17:31:45] ┇ INFO    ┇    DeepKNLP.gner.trainer ┇ [training]  28%|█████▌              |  84/300 [0:01:51<0:04:43, 0.76Hz] | epoch=3.36, loss=0.0033
[01.31 17:31:45] ┇ INFO    ┇    DeepKNLP.gner.trainer ┇ [training]  28%|█████▋              |  85/300 [0:01:51<0:04:41, 0.76Hz] | epoch=3.40, loss=0.0105
[01.31 17:31:51] ┇ INFO    ┇    DeepKNLP.gner.trainer ┇ [checking] 100%|████████████████████| 1/1 [0:00:00<0:00:00, 44900.13Hz]
[01.31 17:31:51] ┇ INFO    ┇    DeepKNLP.gner.trainer ┇ [training]  28%|█████▋              |  85/300 [0:01:51<0:04:41, 0.76Hz] | epoch=3.40, eval_average=0.5758
[01.31 17:31:51] ┇ INFO    ┇    DeepKNLP.gner.trainer ┇ [training]  29%|█████▋              |  86/300 [0:01:58<0:05:01, 0.71Hz] | epoch=3.44, loss=0.0134
[01.31 17:31:51] ┇ INFO    ┇    DeepKNLP.gner.trainer ┇ [training]  29%|█████▊              |  87/300 [0:01:58<0:04:59, 0.71Hz] | epoch=3.48, loss=0.0028
[01.31 17:31:51] ┇ INFO    ┇    DeepKNLP.gner.trainer ┇ [training]  29%|█████▊              |  88/300 [0:01:58<0:04:58, 0.71Hz] | epoch=3.52, loss=0.0112
[01.31 17:31:52] ┇ INFO    ┇    DeepKNLP.gner.trainer ┇ [training]  30%|█████▉              |  89/300 [0:01:58<0:04:36, 0.76Hz] | epoch=3.56, loss=0.0175
[01.31 17:31:52] ┇ INFO    ┇    DeepKNLP.gner.trainer ┇ [training]  30%|██████              |  90/300 [0:01:58<0:04:35, 0.76Hz] | epoch=3.60, loss=0.0340
[01.31 17:31:58] ┇ INFO    ┇    DeepKNLP.gner.trainer ┇ [checking] 100%|████████████████████| 1/1 [0:00:00<0:00:00, 82329.54Hz]
[01.31 17:31:58] ┇ INFO    ┇    DeepKNLP.gner.trainer ┇ [training]  30%|██████              |  90/300 [0:01:58<0:04:35, 0.76Hz] | epoch=3.60, eval_average=0.5244
[01.31 17:31:58] ┇ INFO    ┇    DeepKNLP.gner.trainer ┇ [training]  30%|██████              |  91/300 [0:02:04<0:04:53, 0.71Hz] | epoch=3.64, loss=0.0028
[01.31 17:31:58] ┇ INFO    ┇    DeepKNLP.gner.trainer ┇ [training]  31%|██████▏             |  92/300 [0:02:05<0:04:52, 0.71Hz] | epoch=3.68, loss=0.0168
[01.31 17:31:58] ┇ INFO    ┇    DeepKNLP.gner.trainer ┇ [training]  31%|██████▏             |  93/300 [0:02:05<0:04:51, 0.71Hz] | epoch=3.72, loss=0.0069
[01.31 17:31:58] ┇ INFO    ┇    DeepKNLP.gner.trainer ┇ [training]  31%|██████▎             |  94/300 [0:02:05<0:04:29, 0.76Hz] | epoch=3.76, loss=0.0067
[01.31 17:31:59] ┇ INFO    ┇    DeepKNLP.gner.trainer ┇ [training]  32%|██████▎             |  95/300 [0:02:05<0:04:28, 0.76Hz] | epoch=3.80, loss=0.0099
[01.31 17:32:05] ┇ INFO    ┇    DeepKNLP.gner.trainer ┇ [checking] 100%|████████████████████| 1/1 [0:00:00<0:00:00, 115779.80Hz]
[01.31 17:32:05] ┇ INFO    ┇    DeepKNLP.gner.trainer ┇ [training]  32%|██████▎             |  95/300 [0:02:05<0:04:28, 0.76Hz] | epoch=3.80, eval_average=0.4370
[01.31 17:32:05] ┇ INFO    ┇    DeepKNLP.gner.trainer ┇ [training]  32%|██████▍             |  96/300 [0:02:11<0:04:46, 0.71Hz] | epoch=3.84, loss=0.0204
[01.31 17:32:05] ┇ INFO    ┇    DeepKNLP.gner.trainer ┇ [training]  32%|██████▍             |  97/300 [0:02:11<0:04:45, 0.71Hz] | epoch=3.88, loss=0.0797
[01.31 17:32:05] ┇ INFO    ┇    DeepKNLP.gner.trainer ┇ [training]  33%|██████▌             |  98/300 [0:02:12<0:04:43, 0.71Hz] | epoch=3.92, loss=0.0093
[01.31 17:32:05] ┇ INFO    ┇    DeepKNLP.gner.trainer ┇ [training]  33%|██████▌             |  99/300 [0:02:12<0:04:23, 0.76Hz] | epoch=3.96, loss=0.0040
[01.31 17:32:05] ┇ INFO    ┇    DeepKNLP.gner.trainer ┇ [training]  33%|██████▋             | 100/300 [0:02:12<0:04:21, 0.76Hz] | epoch=4.00, loss=0.0159
[01.31 17:32:11] ┇ INFO    ┇    DeepKNLP.gner.trainer ┇ [checking] 100%|████████████████████| 1/1 [0:00:00<0:00:00, 48802.01Hz]
[01.31 17:32:11] ┇ INFO    ┇    DeepKNLP.gner.trainer ┇ [training]  33%|██████▋             | 100/300 [0:02:12<0:04:21, 0.76Hz] | epoch=4.00, eval_average=0.3655
[01.31 17:32:12] ┇ INFO    ┇    DeepKNLP.gner.trainer ┇ [training]  34%|██████▋             | 101/300 [0:02:18<0:04:39, 0.71Hz] | epoch=4.04, loss=0.0083
[01.31 17:32:12] ┇ INFO    ┇    DeepKNLP.gner.trainer ┇ [training]  34%|██████▊             | 102/300 [0:02:18<0:04:38, 0.71Hz] | epoch=4.08, loss=0.0074
[01.31 17:32:12] ┇ INFO    ┇    DeepKNLP.gner.trainer ┇ [training]  34%|██████▊             | 103/300 [0:02:18<0:04:36, 0.71Hz] | epoch=4.12, loss=0.0033
[01.31 17:32:12] ┇ INFO    ┇    DeepKNLP.gner.trainer ┇ [training]  35%|██████▉             | 104/300 [0:02:19<0:04:16, 0.76Hz] | epoch=4.16, loss=0.0040
[01.31 17:32:12] ┇ INFO    ┇    DeepKNLP.gner.trainer ┇ [training]  35%|███████             | 105/300 [0:02:19<0:04:15, 0.76Hz] | epoch=4.20, loss=0.0192
[01.31 17:32:18] ┇ INFO    ┇    DeepKNLP.gner.trainer ┇ [checking] 100%|████████████████████| 1/1 [0:00:00<0:00:00, 79713.57Hz]
[01.31 17:32:18] ┇ INFO    ┇    DeepKNLP.gner.trainer ┇ [training]  35%|███████             | 105/300 [0:02:19<0:04:15, 0.76Hz] | epoch=4.20, eval_average=0.4882
[01.31 17:32:18] ┇ INFO    ┇    DeepKNLP.gner.trainer ┇ [training]  35%|███████             | 106/300 [0:02:25<0:04:32, 0.71Hz] | epoch=4.24, loss=0.0128
[01.31 17:32:19] ┇ INFO    ┇    DeepKNLP.gner.trainer ┇ [training]  36%|███████▏            | 107/300 [0:02:25<0:04:31, 0.71Hz] | epoch=4.28, loss=0.0149
[01.31 17:32:19] ┇ INFO    ┇    DeepKNLP.gner.trainer ┇ [training]  36%|███████▏            | 108/300 [0:02:25<0:04:29, 0.71Hz] | epoch=4.32, loss=0.0728
[01.31 17:32:19] ┇ INFO    ┇    DeepKNLP.gner.trainer ┇ [training]  36%|███████▎            | 109/300 [0:02:25<0:04:09, 0.76Hz] | epoch=4.36, loss=0.0031
[01.31 17:32:19] ┇ INFO    ┇    DeepKNLP.gner.trainer ┇ [training]  37%|███████▎            | 110/300 [0:02:26<0:04:08, 0.76Hz] | epoch=4.40, loss=0.0147
[01.31 17:32:25] ┇ INFO    ┇    DeepKNLP.gner.trainer ┇ [checking] 100%|████████████████████| 1/1 [0:00:00<0:00:00, 98418.13Hz]
[01.31 17:32:25] ┇ INFO    ┇    DeepKNLP.gner.trainer ┇ [training]  37%|███████▎            | 110/300 [0:02:26<0:04:08, 0.76Hz] | epoch=4.40, eval_average=0.5280
[01.31 17:32:25] ┇ INFO    ┇    DeepKNLP.gner.trainer ┇ [training]  37%|███████▍            | 111/300 [0:02:32<0:04:25, 0.71Hz] | epoch=4.44, loss=0.0081
[01.31 17:32:25] ┇ INFO    ┇    DeepKNLP.gner.trainer ┇ [training]  37%|███████▍            | 112/300 [0:02:32<0:04:24, 0.71Hz] | epoch=4.48, loss=0.0044
[01.31 17:32:26] ┇ INFO    ┇    DeepKNLP.gner.trainer ┇ [training]  38%|███████▌            | 113/300 [0:02:32<0:04:22, 0.71Hz] | epoch=4.52, loss=0.0451
[01.31 17:32:26] ┇ INFO    ┇    DeepKNLP.gner.trainer ┇ [training]  38%|███████▌            | 114/300 [0:02:32<0:04:03, 0.76Hz] | epoch=4.56, loss=0.0030
[01.31 17:32:26] ┇ INFO    ┇    DeepKNLP.gner.trainer ┇ [training]  38%|███████▋            | 115/300 [0:02:32<0:04:01, 0.76Hz] | epoch=4.60, loss=0.0036
[01.31 17:32:32] ┇ INFO    ┇    DeepKNLP.gner.trainer ┇ [checking] 100%|████████████████████| 1/1 [0:00:00<0:00:00, 115381.67Hz]
[01.31 17:32:32] ┇ INFO    ┇    DeepKNLP.gner.trainer ┇ [training]  38%|███████▋            | 115/300 [0:02:32<0:04:01, 0.76Hz] | epoch=4.60, eval_average=0.5704
[01.31 17:32:32] ┇ INFO    ┇    DeepKNLP.gner.trainer ┇ [training]  39%|███████▋            | 116/300 [0:02:39<0:04:18, 0.71Hz] | epoch=4.64, loss=0.0108
[01.31 17:32:32] ┇ INFO    ┇    DeepKNLP.gner.trainer ┇ [training]  39%|███████▊            | 117/300 [0:02:39<0:04:16, 0.71Hz] | epoch=4.68, loss=0.0150
[01.31 17:32:32] ┇ INFO    ┇    DeepKNLP.gner.trainer ┇ [training]  39%|███████▊            | 118/300 [0:02:39<0:04:15, 0.71Hz] | epoch=4.72, loss=0.0009
[01.31 17:32:33] ┇ INFO    ┇    DeepKNLP.gner.trainer ┇ [training]  40%|███████▉            | 119/300 [0:02:39<0:03:56, 0.76Hz] | epoch=4.76, loss=0.0154
[01.31 17:32:33] ┇ INFO    ┇    DeepKNLP.gner.trainer ┇ [training]  40%|████████            | 120/300 [0:02:39<0:03:55, 0.76Hz] | epoch=4.80, loss=0.0021
[01.31 17:32:39] ┇ INFO    ┇    DeepKNLP.gner.trainer ┇ [checking] 100%|████████████████████| 1/1 [0:00:00<0:00:00, 98040.71Hz]
[01.31 17:32:39] ┇ INFO    ┇    DeepKNLP.gner.trainer ┇ [training]  40%|████████            | 120/300 [0:02:39<0:03:55, 0.76Hz] | epoch=4.80, eval_average=0.5857
[01.31 17:32:39] ┇ INFO    ┇    DeepKNLP.gner.trainer ┇ [training]  40%|████████            | 121/300 [0:02:45<0:04:11, 0.71Hz] | epoch=4.84, loss=0.0012
[01.31 17:32:39] ┇ INFO    ┇    DeepKNLP.gner.trainer ┇ [training]  41%|████████▏           | 122/300 [0:02:46<0:04:09, 0.71Hz] | epoch=4.88, loss=0.0018
[01.31 17:32:39] ┇ INFO    ┇    DeepKNLP.gner.trainer ┇ [training]  41%|████████▏           | 123/300 [0:02:46<0:04:08, 0.71Hz] | epoch=4.92, loss=0.0054
[01.31 17:32:39] ┇ INFO    ┇    DeepKNLP.gner.trainer ┇ [training]  41%|████████▎           | 124/300 [0:02:46<0:03:50, 0.77Hz] | epoch=4.96, loss=0.0020
[01.31 17:32:39] ┇ INFO    ┇    DeepKNLP.gner.trainer ┇ [training]  42%|████████▎           | 125/300 [0:02:46<0:03:48, 0.77Hz] | epoch=5.00, loss=0.0064
[01.31 17:32:45] ┇ INFO    ┇    DeepKNLP.gner.trainer ┇ [checking] 100%|████████████████████| 1/1 [0:00:00<0:00:00, 50301.78Hz]
[01.31 17:32:46] ┇ INFO    ┇    DeepKNLP.gner.trainer ┇ [training]  42%|████████▎           | 125/300 [0:02:46<0:03:48, 0.77Hz] | epoch=5.00, eval_average=0.5590
[01.31 17:32:46] ┇ INFO    ┇    DeepKNLP.gner.trainer ┇ [training]  42%|████████▍           | 126/300 [0:02:52<0:04:04, 0.71Hz] | epoch=5.04, loss=0.0121
[01.31 17:32:46] ┇ INFO    ┇    DeepKNLP.gner.trainer ┇ [training]  42%|████████▍           | 127/300 [0:02:52<0:04:02, 0.71Hz] | epoch=5.08, loss=0.0007
[01.31 17:32:46] ┇ INFO    ┇    DeepKNLP.gner.trainer ┇ [training]  43%|████████▌           | 128/300 [0:02:52<0:04:01, 0.71Hz] | epoch=5.12, loss=0.0193
[01.31 17:32:46] ┇ INFO    ┇    DeepKNLP.gner.trainer ┇ [training]  43%|████████▌           | 129/300 [0:02:53<0:03:43, 0.77Hz] | epoch=5.16, loss=0.0092
[01.31 17:32:46] ┇ INFO    ┇    DeepKNLP.gner.trainer ┇ [training]  43%|████████▋           | 130/300 [0:02:53<0:03:41, 0.77Hz] | epoch=5.20, loss=0.0029
[01.31 17:32:52] ┇ INFO    ┇    DeepKNLP.gner.trainer ┇ [checking] 100%|████████████████████| 1/1 [0:00:00<0:00:00, 95426.75Hz]
[01.31 17:32:52] ┇ INFO    ┇    DeepKNLP.gner.trainer ┇ [training]  43%|████████▋           | 130/300 [0:02:53<0:03:41, 0.77Hz] | epoch=5.20, eval_average=0.5968
[01.31 17:32:53] ┇ INFO    ┇    DeepKNLP.gner.trainer ┇ [training]  44%|████████▋           | 131/300 [0:02:59<0:03:56, 0.71Hz] | epoch=5.24, loss=0.0010
[01.31 17:32:53] ┇ INFO    ┇    DeepKNLP.gner.trainer ┇ [training]  44%|████████▊           | 132/300 [0:02:59<0:03:55, 0.71Hz] | epoch=5.28, loss=0.0009
[01.31 17:32:53] ┇ INFO    ┇    DeepKNLP.gner.trainer ┇ [training]  44%|████████▊           | 133/300 [0:02:59<0:03:54, 0.71Hz] | epoch=5.32, loss=0.0005
[01.31 17:32:53] ┇ INFO    ┇    DeepKNLP.gner.trainer ┇ [training]  45%|████████▉           | 134/300 [0:02:59<0:03:36, 0.77Hz] | epoch=5.36, loss=0.0032
[01.31 17:32:53] ┇ INFO    ┇    DeepKNLP.gner.trainer ┇ [training]  45%|█████████           | 135/300 [0:03:00<0:03:35, 0.77Hz] | epoch=5.40, loss=0.0053
[01.31 17:32:59] ┇ INFO    ┇    DeepKNLP.gner.trainer ┇ [checking] 100%|████████████████████| 1/1 [0:00:00<0:00:00, 106184.91Hz]
[01.31 17:32:59] ┇ INFO    ┇    DeepKNLP.gner.trainer ┇ [training]  45%|█████████           | 135/300 [0:03:00<0:03:35, 0.77Hz] | epoch=5.40, eval_average=0.6037
[01.31 17:32:59] ┇ INFO    ┇    DeepKNLP.gner.trainer ┇ [training]  45%|█████████           | 136/300 [0:03:06<0:03:49, 0.71Hz] | epoch=5.44, loss=0.0016
[01.31 17:32:59] ┇ INFO    ┇    DeepKNLP.gner.trainer ┇ [training]  46%|█████████▏          | 137/300 [0:03:06<0:03:48, 0.71Hz] | epoch=5.48, loss=0.0058
[01.31 17:33:00] ┇ INFO    ┇    DeepKNLP.gner.trainer ┇ [training]  46%|█████████▏          | 138/300 [0:03:06<0:03:47, 0.71Hz] | epoch=5.52, loss=0.0224
[01.31 17:33:00] ┇ INFO    ┇    DeepKNLP.gner.trainer ┇ [training]  46%|█████████▎          | 139/300 [0:03:06<0:03:30, 0.77Hz] | epoch=5.56, loss=0.0003
[01.31 17:33:00] ┇ INFO    ┇    DeepKNLP.gner.trainer ┇ [training]  47%|█████████▎          | 140/300 [0:03:06<0:03:28, 0.77Hz] | epoch=5.60, loss=0.0058
[01.31 17:33:06] ┇ INFO    ┇    DeepKNLP.gner.trainer ┇ [checking] 100%|████████████████████| 1/1 [0:00:00<0:00:00, 110037.08Hz]
[01.31 17:33:06] ┇ INFO    ┇    DeepKNLP.gner.trainer ┇ [training]  47%|█████████▎          | 140/300 [0:03:06<0:03:28, 0.77Hz] | epoch=5.60, eval_average=0.6203
[01.31 17:33:06] ┇ INFO    ┇    DeepKNLP.gner.trainer ┇ [training]  47%|█████████▍          | 141/300 [0:03:13<0:03:42, 0.71Hz] | epoch=5.64, loss=0.0081
[01.31 17:33:06] ┇ INFO    ┇    DeepKNLP.gner.trainer ┇ [training]  47%|█████████▍          | 142/300 [0:03:13<0:03:41, 0.71Hz] | epoch=5.68, loss=0.0010
[01.31 17:33:06] ┇ INFO    ┇    DeepKNLP.gner.trainer ┇ [training]  48%|█████████▌          | 143/300 [0:03:13<0:03:40, 0.71Hz] | epoch=5.72, loss=0.0012
[01.31 17:33:07] ┇ INFO    ┇    DeepKNLP.gner.trainer ┇ [training]  48%|█████████▌          | 144/300 [0:03:13<0:03:23, 0.77Hz] | epoch=5.76, loss=0.0104
[01.31 17:33:07] ┇ INFO    ┇    DeepKNLP.gner.trainer ┇ [training]  48%|█████████▋          | 145/300 [0:03:13<0:03:22, 0.77Hz] | epoch=5.80, loss=0.0194
[01.31 17:33:13] ┇ INFO    ┇    DeepKNLP.gner.trainer ┇ [checking] 100%|████████████████████| 1/1 [0:00:00<0:00:00, 109431.49Hz]
[01.31 17:33:13] ┇ INFO    ┇    DeepKNLP.gner.trainer ┇ [training]  48%|█████████▋          | 145/300 [0:03:13<0:03:22, 0.77Hz] | epoch=5.80, eval_average=0.6112
[01.31 17:33:13] ┇ INFO    ┇    DeepKNLP.gner.trainer ┇ [training]  49%|█████████▋          | 146/300 [0:03:19<0:03:35, 0.71Hz] | epoch=5.84, loss=0.0002
[01.31 17:33:13] ┇ INFO    ┇    DeepKNLP.gner.trainer ┇ [training]  49%|█████████▊          | 147/300 [0:03:20<0:03:34, 0.71Hz] | epoch=5.88, loss=0.0022
[01.31 17:33:13] ┇ INFO    ┇    DeepKNLP.gner.trainer ┇ [training]  49%|█████████▊          | 148/300 [0:03:20<0:03:33, 0.71Hz] | epoch=5.92, loss=0.0006
[01.31 17:33:13] ┇ INFO    ┇    DeepKNLP.gner.trainer ┇ [training]  50%|█████████▉          | 149/300 [0:03:20<0:03:17, 0.77Hz] | epoch=5.96, loss=0.0045
[01.31 17:33:14] ┇ INFO    ┇    DeepKNLP.gner.trainer ┇ [training]  50%|██████████          | 150/300 [0:03:20<0:03:15, 0.77Hz] | epoch=6.00, loss=0.0002
[01.31 17:33:19] ┇ INFO    ┇    DeepKNLP.gner.trainer ┇ [checking] 100%|████████████████████| 1/1 [0:00:00<0:00:00, 55041.10Hz]
[01.31 17:33:20] ┇ INFO    ┇    DeepKNLP.gner.trainer ┇ [training]  50%|██████████          | 150/300 [0:03:20<0:03:15, 0.77Hz] | epoch=6.00, eval_average=0.5982
[01.31 17:33:20] ┇ INFO    ┇    DeepKNLP.gner.trainer ┇ [training]  50%|██████████          | 151/300 [0:03:26<0:03:28, 0.71Hz] | epoch=6.04, loss=0.0002
[01.31 17:33:20] ┇ INFO    ┇    DeepKNLP.gner.trainer ┇ [training]  51%|██████████▏         | 152/300 [0:03:26<0:03:27, 0.71Hz] | epoch=6.08, loss=0.0028
[01.31 17:33:20] ┇ INFO    ┇    DeepKNLP.gner.trainer ┇ [training]  51%|██████████▏         | 153/300 [0:03:27<0:03:25, 0.71Hz] | epoch=6.12, loss=0.0005
[01.31 17:33:20] ┇ INFO    ┇    DeepKNLP.gner.trainer ┇ [training]  51%|██████████▎         | 154/300 [0:03:27<0:03:10, 0.77Hz] | epoch=6.16, loss=0.0005
[01.31 17:33:20] ┇ INFO    ┇    DeepKNLP.gner.trainer ┇ [training]  52%|██████████▎         | 155/300 [0:03:27<0:03:09, 0.77Hz] | epoch=6.20, loss=0.0006
[01.31 17:33:26] ┇ INFO    ┇    DeepKNLP.gner.trainer ┇ [checking] 100%|████████████████████| 1/1 [0:00:00<0:00:00, 78720.08Hz]
[01.31 17:33:26] ┇ INFO    ┇    DeepKNLP.gner.trainer ┇ [training]  52%|██████████▎         | 155/300 [0:03:27<0:03:09, 0.77Hz] | epoch=6.20, eval_average=0.6272
[01.31 17:33:27] ┇ INFO    ┇    DeepKNLP.gner.trainer ┇ [training]  52%|██████████▍         | 156/300 [0:03:33<0:03:21, 0.71Hz] | epoch=6.24, loss=0.0002
[01.31 17:33:27] ┇ INFO    ┇    DeepKNLP.gner.trainer ┇ [training]  52%|██████████▍         | 157/300 [0:03:33<0:03:20, 0.71Hz] | epoch=6.28, loss=0.0002
[01.31 17:33:27] ┇ INFO    ┇    DeepKNLP.gner.trainer ┇ [training]  53%|██████████▌         | 158/300 [0:03:33<0:03:18, 0.71Hz] | epoch=6.32, loss=0.0013
[01.31 17:33:27] ┇ INFO    ┇    DeepKNLP.gner.trainer ┇ [training]  53%|██████████▌         | 159/300 [0:03:33<0:03:03, 0.77Hz] | epoch=6.36, loss=0.0002
[01.31 17:33:27] ┇ INFO    ┇    DeepKNLP.gner.trainer ┇ [training]  53%|██████████▋         | 160/300 [0:03:34<0:03:02, 0.77Hz] | epoch=6.40, loss=0.0009
[01.31 17:33:33] ┇ INFO    ┇    DeepKNLP.gner.trainer ┇ [checking] 100%|████████████████████| 1/1 [0:00:00<0:00:00, 98816.66Hz]
[01.31 17:33:33] ┇ INFO    ┇    DeepKNLP.gner.trainer ┇ [training]  53%|██████████▋         | 160/300 [0:03:34<0:03:02, 0.77Hz] | epoch=6.40, eval_average=0.6233
[01.31 17:33:33] ┇ INFO    ┇    DeepKNLP.gner.trainer ┇ [training]  54%|██████████▋         | 161/300 [0:03:40<0:03:14, 0.71Hz] | epoch=6.44, loss=0.0003
[01.31 17:33:34] ┇ INFO    ┇    DeepKNLP.gner.trainer ┇ [training]  54%|██████████▊         | 162/300 [0:03:40<0:03:13, 0.71Hz] | epoch=6.48, loss=0.0013
[01.31 17:33:34] ┇ INFO    ┇    DeepKNLP.gner.trainer ┇ [training]  54%|██████████▊         | 163/300 [0:03:40<0:03:11, 0.71Hz] | epoch=6.52, loss=0.0163
[01.31 17:33:34] ┇ INFO    ┇    DeepKNLP.gner.trainer ┇ [training]  55%|██████████▉         | 164/300 [0:03:40<0:02:57, 0.77Hz] | epoch=6.56, loss=0.0036
[01.31 17:33:34] ┇ INFO    ┇    DeepKNLP.gner.trainer ┇ [training]  55%|███████████         | 165/300 [0:03:40<0:02:56, 0.77Hz] | epoch=6.60, loss=0.0006
[01.31 17:33:40] ┇ INFO    ┇    DeepKNLP.gner.trainer ┇ [checking] 100%|████████████████████| 1/1 [0:00:00<0:00:00, 123532.19Hz]
[01.31 17:33:40] ┇ INFO    ┇    DeepKNLP.gner.trainer ┇ [training]  55%|███████████         | 165/300 [0:03:40<0:02:56, 0.77Hz] | epoch=6.60, eval_average=0.6214
[01.31 17:33:40] ┇ INFO    ┇    DeepKNLP.gner.trainer ┇ [training]  55%|███████████         | 166/300 [0:03:47<0:03:07, 0.71Hz] | epoch=6.64, loss=0.0024
[01.31 17:33:40] ┇ INFO    ┇    DeepKNLP.gner.trainer ┇ [training]  56%|███████████▏        | 167/300 [0:03:47<0:03:06, 0.71Hz] | epoch=6.68, loss=0.0007
[01.31 17:33:40] ┇ INFO    ┇    DeepKNLP.gner.trainer ┇ [training]  56%|███████████▏        | 168/300 [0:03:47<0:03:04, 0.71Hz] | epoch=6.72, loss=0.0005
[01.31 17:33:41] ┇ INFO    ┇    DeepKNLP.gner.trainer ┇ [training]  56%|███████████▎        | 169/300 [0:03:47<0:02:50, 0.77Hz] | epoch=6.76, loss=0.0002
[01.31 17:33:41] ┇ INFO    ┇    DeepKNLP.gner.trainer ┇ [training]  57%|███████████▎        | 170/300 [0:03:47<0:02:49, 0.77Hz] | epoch=6.80, loss=0.0014
[01.31 17:33:47] ┇ INFO    ┇    DeepKNLP.gner.trainer ┇ [checking] 100%|████████████████████| 1/1 [0:00:00<0:00:00, 91134.09Hz]
[01.31 17:33:47] ┇ INFO    ┇    DeepKNLP.gner.trainer ┇ [training]  57%|███████████▎        | 170/300 [0:03:47<0:02:49, 0.77Hz] | epoch=6.80, eval_average=0.6392
[01.31 17:33:47] ┇ INFO    ┇    DeepKNLP.gner.trainer ┇ [training]  57%|███████████▍        | 171/300 [0:03:53<0:03:00, 0.71Hz] | epoch=6.84, loss=0.0002
[01.31 17:33:47] ┇ INFO    ┇    DeepKNLP.gner.trainer ┇ [training]  57%|███████████▍        | 172/300 [0:03:54<0:02:59, 0.71Hz] | epoch=6.88, loss=0.0069
[01.31 17:33:47] ┇ INFO    ┇    DeepKNLP.gner.trainer ┇ [training]  58%|███████████▌        | 173/300 [0:03:54<0:02:57, 0.71Hz] | epoch=6.92, loss=0.0002
[01.31 17:33:47] ┇ INFO    ┇    DeepKNLP.gner.trainer ┇ [training]  58%|███████████▌        | 174/300 [0:03:54<0:02:44, 0.77Hz] | epoch=6.96, loss=0.0003
[01.31 17:33:48] ┇ INFO    ┇    DeepKNLP.gner.trainer ┇ [training]  58%|███████████▋        | 175/300 [0:03:54<0:02:42, 0.77Hz] | epoch=7.00, loss=0.0004
[01.31 17:33:53] ┇ INFO    ┇    DeepKNLP.gner.trainer ┇ [checking] 100%|████████████████████| 1/1 [0:00:00<0:00:00, 114569.12Hz]
[01.31 17:33:54] ┇ INFO    ┇    DeepKNLP.gner.trainer ┇ [training]  58%|███████████▋        | 175/300 [0:03:54<0:02:42, 0.77Hz] | epoch=7.00, eval_average=0.6406
[01.31 17:33:54] ┇ INFO    ┇    DeepKNLP.gner.trainer ┇ [training]  59%|███████████▋        | 176/300 [0:04:00<0:02:53, 0.71Hz] | epoch=7.04, loss=0.0192
[01.31 17:33:54] ┇ INFO    ┇    DeepKNLP.gner.trainer ┇ [training]  59%|███████████▊        | 177/300 [0:04:00<0:02:52, 0.71Hz] | epoch=7.08, loss=0.0003
[01.31 17:33:54] ┇ INFO    ┇    DeepKNLP.gner.trainer ┇ [training]  59%|███████████▊        | 178/300 [0:04:01<0:02:50, 0.71Hz] | epoch=7.12, loss=0.0001
[01.31 17:33:54] ┇ INFO    ┇    DeepKNLP.gner.trainer ┇ [training]  60%|███████████▉        | 179/300 [0:04:01<0:02:37, 0.77Hz] | epoch=7.16, loss=0.0001
[01.31 17:33:54] ┇ INFO    ┇    DeepKNLP.gner.trainer ┇ [training]  60%|████████████        | 180/300 [0:04:01<0:02:36, 0.77Hz] | epoch=7.20, loss=0.0001
[01.31 17:34:00] ┇ INFO    ┇    DeepKNLP.gner.trainer ┇ [checking] 100%|████████████████████| 1/1 [0:00:00<0:00:00, 59368.67Hz]
[01.31 17:34:00] ┇ INFO    ┇    DeepKNLP.gner.trainer ┇ [training]  60%|████████████        | 180/300 [0:04:01<0:02:36, 0.77Hz] | epoch=7.20, eval_average=0.6465
[01.31 17:34:01] ┇ INFO    ┇    DeepKNLP.gner.trainer ┇ [training]  60%|████████████        | 181/300 [0:04:07<0:02:46, 0.71Hz] | epoch=7.24, loss=0.0003
[01.31 17:34:01] ┇ INFO    ┇    DeepKNLP.gner.trainer ┇ [training]  61%|████████████▏       | 182/300 [0:04:07<0:02:45, 0.71Hz] | epoch=7.28, loss=0.0001
[01.31 17:34:01] ┇ INFO    ┇    DeepKNLP.gner.trainer ┇ [training]  61%|████████████▏       | 183/300 [0:04:07<0:02:43, 0.71Hz] | epoch=7.32, loss=0.0002
[01.31 17:34:01] ┇ INFO    ┇    DeepKNLP.gner.trainer ┇ [training]  61%|████████████▎       | 184/300 [0:04:08<0:02:31, 0.77Hz] | epoch=7.36, loss=0.0002
[01.31 17:34:01] ┇ INFO    ┇    DeepKNLP.gner.trainer ┇ [training]  62%|████████████▎       | 185/300 [0:04:08<0:02:29, 0.77Hz] | epoch=7.40, loss=0.0033
[01.31 17:34:07] ┇ INFO    ┇    DeepKNLP.gner.trainer ┇ [checking] 100%|████████████████████| 1/1 [0:00:00<0:00:00, 79407.03Hz]
[01.31 17:34:07] ┇ INFO    ┇    DeepKNLP.gner.trainer ┇ [training]  62%|████████████▎       | 185/300 [0:04:08<0:02:29, 0.77Hz] | epoch=7.40, eval_average=0.6361
[01.31 17:34:07] ┇ INFO    ┇    DeepKNLP.gner.trainer ┇ [training]  62%|████████████▍       | 186/300 [0:04:14<0:02:39, 0.71Hz] | epoch=7.44, loss=0.0007
[01.31 17:34:08] ┇ INFO    ┇    DeepKNLP.gner.trainer ┇ [training]  62%|████████████▍       | 187/300 [0:04:14<0:02:38, 0.71Hz] | epoch=7.48, loss=0.0375
[01.31 17:34:08] ┇ INFO    ┇    DeepKNLP.gner.trainer ┇ [training]  63%|████████████▌       | 188/300 [0:04:14<0:02:36, 0.71Hz] | epoch=7.52, loss=0.0001
[01.31 17:34:08] ┇ INFO    ┇    DeepKNLP.gner.trainer ┇ [training]  63%|████████████▌       | 189/300 [0:04:14<0:02:24, 0.77Hz] | epoch=7.56, loss=0.0005
[01.31 17:34:08] ┇ INFO    ┇    DeepKNLP.gner.trainer ┇ [training]  63%|████████████▋       | 190/300 [0:04:14<0:02:23, 0.77Hz] | epoch=7.60, loss=0.0003
[01.31 17:34:14] ┇ INFO    ┇    DeepKNLP.gner.trainer ┇ [checking] 100%|████████████████████| 1/1 [0:00:00<0:00:00, 90810.37Hz]
[01.31 17:34:14] ┇ INFO    ┇    DeepKNLP.gner.trainer ┇ [training]  63%|████████████▋       | 190/300 [0:04:14<0:02:23, 0.77Hz] | epoch=7.60, eval_average=0.6494
[01.31 17:34:14] ┇ INFO    ┇    DeepKNLP.gner.trainer ┇ [training]  64%|████████████▋       | 191/300 [0:04:21<0:02:32, 0.71Hz] | epoch=7.64, loss=0.0001
[01.31 17:34:14] ┇ INFO    ┇    DeepKNLP.gner.trainer ┇ [training]  64%|████████████▊       | 192/300 [0:04:21<0:02:31, 0.71Hz] | epoch=7.68, loss=0.0009
[01.31 17:34:15] ┇ INFO    ┇    DeepKNLP.gner.trainer ┇ [training]  64%|████████████▊       | 193/300 [0:04:21<0:02:29, 0.71Hz] | epoch=7.72, loss=0.0001
[01.31 17:34:15] ┇ INFO    ┇    DeepKNLP.gner.trainer ┇ [training]  65%|████████████▉       | 194/300 [0:04:21<0:02:18, 0.77Hz] | epoch=7.76, loss=0.0002
[01.31 17:34:15] ┇ INFO    ┇    DeepKNLP.gner.trainer ┇ [training]  65%|█████████████       | 195/300 [0:04:21<0:02:16, 0.77Hz] | epoch=7.80, loss=0.0001
[01.31 17:34:21] ┇ INFO    ┇    DeepKNLP.gner.trainer ┇ [checking] 100%|████████████████████| 1/1 [0:00:00<0:00:00, 119092.93Hz]
[01.31 17:34:21] ┇ INFO    ┇    DeepKNLP.gner.trainer ┇ [training]  65%|█████████████       | 195/300 [0:04:21<0:02:16, 0.77Hz] | epoch=7.80, eval_average=0.6343
[01.31 17:34:21] ┇ INFO    ┇    DeepKNLP.gner.trainer ┇ [training]  65%|█████████████       | 196/300 [0:04:28<0:02:25, 0.71Hz] | epoch=7.84, loss=0.0002
[01.31 17:34:21] ┇ INFO    ┇    DeepKNLP.gner.trainer ┇ [training]  66%|█████████████▏      | 197/300 [0:04:28<0:02:24, 0.71Hz] | epoch=7.88, loss=0.0002
[01.31 17:34:21] ┇ INFO    ┇    DeepKNLP.gner.trainer ┇ [training]  66%|█████████████▏      | 198/300 [0:04:28<0:02:22, 0.71Hz] | epoch=7.92, loss=0.0067
[01.31 17:34:21] ┇ INFO    ┇    DeepKNLP.gner.trainer ┇ [training]  66%|█████████████▎      | 199/300 [0:04:28<0:02:11, 0.77Hz] | epoch=7.96, loss=0.0008
[01.31 17:34:22] ┇ INFO    ┇    DeepKNLP.gner.trainer ┇ [training]  67%|█████████████▎      | 200/300 [0:04:28<0:02:10, 0.77Hz] | epoch=8.00, loss=0.0044
[01.31 17:34:28] ┇ INFO    ┇    DeepKNLP.gner.trainer ┇ [checking] 100%|████████████████████| 1/1 [0:00:00<0:00:00, 111522.83Hz]
[01.31 17:34:28] ┇ INFO    ┇    DeepKNLP.gner.trainer ┇ [training]  67%|█████████████▎      | 200/300 [0:04:28<0:02:10, 0.77Hz] | epoch=8.00, eval_average=0.6407
[01.31 17:34:28] ┇ INFO    ┇    DeepKNLP.gner.trainer ┇ [training]  67%|█████████████▍      | 201/300 [0:04:34<0:02:18, 0.71Hz] | epoch=8.04, loss=0.0005
[01.31 17:34:28] ┇ INFO    ┇    DeepKNLP.gner.trainer ┇ [training]  67%|█████████████▍      | 202/300 [0:04:34<0:02:17, 0.71Hz] | epoch=8.08, loss=0.0001
[01.31 17:34:28] ┇ INFO    ┇    DeepKNLP.gner.trainer ┇ [training]  68%|█████████████▌      | 203/300 [0:04:35<0:02:15, 0.71Hz] | epoch=8.12, loss=0.0001
[01.31 17:34:28] ┇ INFO    ┇    DeepKNLP.gner.trainer ┇ [training]  68%|█████████████▌      | 204/300 [0:04:35<0:02:05, 0.77Hz] | epoch=8.16, loss=0.0007
[01.31 17:34:28] ┇ INFO    ┇    DeepKNLP.gner.trainer ┇ [training]  68%|█████████████▋      | 205/300 [0:04:35<0:02:03, 0.77Hz] | epoch=8.20, loss=0.0003
[01.31 17:34:34] ┇ INFO    ┇    DeepKNLP.gner.trainer ┇ [checking] 100%|████████████████████| 1/1 [0:00:00<0:00:00, 95325.09Hz]
[01.31 17:34:34] ┇ INFO    ┇    DeepKNLP.gner.trainer ┇ [training]  68%|█████████████▋      | 205/300 [0:04:35<0:02:03, 0.77Hz] | epoch=8.20, eval_average=0.6476
[01.31 17:34:35] ┇ INFO    ┇    DeepKNLP.gner.trainer ┇ [training]  69%|█████████████▋      | 206/300 [0:04:41<0:02:11, 0.71Hz] | epoch=8.24, loss=0.0001
[01.31 17:34:35] ┇ INFO    ┇    DeepKNLP.gner.trainer ┇ [training]  69%|█████████████▊      | 207/300 [0:04:41<0:02:10, 0.71Hz] | epoch=8.28, loss=0.0001
[01.31 17:34:35] ┇ INFO    ┇    DeepKNLP.gner.trainer ┇ [training]  69%|█████████████▊      | 208/300 [0:04:41<0:02:08, 0.71Hz] | epoch=8.32, loss=0.0000
[01.31 17:34:35] ┇ INFO    ┇    DeepKNLP.gner.trainer ┇ [training]  70%|█████████████▉      | 209/300 [0:04:42<0:01:58, 0.77Hz] | epoch=8.36, loss=0.0001
[01.31 17:34:35] ┇ INFO    ┇    DeepKNLP.gner.trainer ┇ [training]  70%|██████████████      | 210/300 [0:04:42<0:01:57, 0.77Hz] | epoch=8.40, loss=0.0000
[01.31 17:34:41] ┇ INFO    ┇    DeepKNLP.gner.trainer ┇ [checking] 100%|████████████████████| 1/1 [0:00:00<0:00:00, 48922.08Hz]
[01.31 17:34:41] ┇ INFO    ┇    DeepKNLP.gner.trainer ┇ [training]  70%|██████████████      | 210/300 [0:04:42<0:01:57, 0.77Hz] | epoch=8.40, eval_average=0.6545
[01.31 17:34:41] ┇ INFO    ┇    DeepKNLP.gner.trainer ┇ [training]  70%|██████████████      | 211/300 [0:04:48<0:02:04, 0.71Hz] | epoch=8.44, loss=0.0001
[01.31 17:34:42] ┇ INFO    ┇    DeepKNLP.gner.trainer ┇ [training]  71%|██████████████▏     | 212/300 [0:04:48<0:02:03, 0.71Hz] | epoch=8.48, loss=0.0001
[01.31 17:34:42] ┇ INFO    ┇    DeepKNLP.gner.trainer ┇ [training]  71%|██████████████▏     | 213/300 [0:04:48<0:02:01, 0.71Hz] | epoch=8.52, loss=0.0001
[01.31 17:34:42] ┇ INFO    ┇    DeepKNLP.gner.trainer ┇ [training]  71%|██████████████▎     | 214/300 [0:04:48<0:01:52, 0.77Hz] | epoch=8.56, loss=0.0006
[01.31 17:34:42] ┇ INFO    ┇    DeepKNLP.gner.trainer ┇ [training]  72%|██████████████▎     | 215/300 [0:04:48<0:01:50, 0.77Hz] | epoch=8.60, loss=0.0011
[01.31 17:34:48] ┇ INFO    ┇    DeepKNLP.gner.trainer ┇ [checking] 100%|████████████████████| 1/1 [0:00:00<0:00:00, 80805.38Hz]
[01.31 17:34:48] ┇ INFO    ┇    DeepKNLP.gner.trainer ┇ [training]  72%|██████████████▎     | 215/300 [0:04:48<0:01:50, 0.77Hz] | epoch=8.60, eval_average=0.6520
[01.31 17:34:48] ┇ INFO    ┇    DeepKNLP.gner.trainer ┇ [training]  72%|██████████████▍     | 216/300 [0:04:55<0:01:57, 0.71Hz] | epoch=8.64, loss=0.0001
[01.31 17:34:48] ┇ INFO    ┇    DeepKNLP.gner.trainer ┇ [training]  72%|██████████████▍     | 217/300 [0:04:55<0:01:56, 0.71Hz] | epoch=8.68, loss=0.0003
[01.31 17:34:49] ┇ INFO    ┇    DeepKNLP.gner.trainer ┇ [training]  73%|██████████████▌     | 218/300 [0:04:55<0:01:54, 0.71Hz] | epoch=8.72, loss=0.0001
[01.31 17:34:49] ┇ INFO    ┇    DeepKNLP.gner.trainer ┇ [training]  73%|██████████████▌     | 219/300 [0:04:55<0:01:45, 0.77Hz] | epoch=8.76, loss=0.0001
[01.31 17:34:49] ┇ INFO    ┇    DeepKNLP.gner.trainer ┇ [training]  73%|██████████████▋     | 220/300 [0:04:55<0:01:44, 0.77Hz] | epoch=8.80, loss=0.0000
[01.31 17:34:55] ┇ INFO    ┇    DeepKNLP.gner.trainer ┇ [checking] 100%|████████████████████| 1/1 [0:00:00<0:00:00, 114471.41Hz]
[01.31 17:34:55] ┇ INFO    ┇    DeepKNLP.gner.trainer ┇ [training]  73%|██████████████▋     | 220/300 [0:04:55<0:01:44, 0.77Hz] | epoch=8.80, eval_average=0.6574
[01.31 17:34:55] ┇ INFO    ┇    DeepKNLP.gner.trainer ┇ [training]  74%|██████████████▋     | 221/300 [0:05:02<0:01:50, 0.71Hz] | epoch=8.84, loss=0.0001
[01.31 17:34:55] ┇ INFO    ┇    DeepKNLP.gner.trainer ┇ [training]  74%|██████████████▊     | 222/300 [0:05:02<0:01:49, 0.71Hz] | epoch=8.88, loss=0.0067
[01.31 17:34:55] ┇ INFO    ┇    DeepKNLP.gner.trainer ┇ [training]  74%|██████████████▊     | 223/300 [0:05:02<0:01:47, 0.71Hz] | epoch=8.92, loss=0.0001
[01.31 17:34:56] ┇ INFO    ┇    DeepKNLP.gner.trainer ┇ [training]  75%|██████████████▉     | 224/300 [0:05:02<0:01:39, 0.77Hz] | epoch=8.96, loss=0.0001
[01.31 17:34:56] ┇ INFO    ┇    DeepKNLP.gner.trainer ┇ [training]  75%|███████████████     | 225/300 [0:05:02<0:01:37, 0.77Hz] | epoch=9.00, loss=0.0000
[01.31 17:35:02] ┇ INFO    ┇    DeepKNLP.gner.trainer ┇ [checking] 100%|████████████████████| 1/1 [0:00:00<0:00:00, 101969.78Hz]
[01.31 17:35:02] ┇ INFO    ┇    DeepKNLP.gner.trainer ┇ [training]  75%|███████████████     | 225/300 [0:05:02<0:01:37, 0.77Hz] | epoch=9.00, eval_average=0.6511
[01.31 17:35:02] ┇ INFO    ┇    DeepKNLP.gner.trainer ┇ [training]  75%|███████████████     | 226/300 [0:05:08<0:01:43, 0.71Hz] | epoch=9.04, loss=0.0001
[01.31 17:35:02] ┇ INFO    ┇    DeepKNLP.gner.trainer ┇ [training]  76%|███████████████▏    | 227/300 [0:05:09<0:01:42, 0.71Hz] | epoch=9.08, loss=0.0000
[01.31 17:35:02] ┇ INFO    ┇    DeepKNLP.gner.trainer ┇ [training]  76%|███████████████▏    | 228/300 [0:05:09<0:01:40, 0.71Hz] | epoch=9.12, loss=0.0001
[01.31 17:35:02] ┇ INFO    ┇    DeepKNLP.gner.trainer ┇ [training]  76%|███████████████▎    | 229/300 [0:05:09<0:01:32, 0.77Hz] | epoch=9.16, loss=0.0000
[01.31 17:35:02] ┇ INFO    ┇    DeepKNLP.gner.trainer ┇ [training]  77%|███████████████▎    | 230/300 [0:05:09<0:01:31, 0.77Hz] | epoch=9.20, loss=0.0000
[01.31 17:35:08] ┇ INFO    ┇    DeepKNLP.gner.trainer ┇ [checking] 100%|████████████████████| 1/1 [0:00:00<0:00:00, 106627.79Hz]
[01.31 17:35:09] ┇ INFO    ┇    DeepKNLP.gner.trainer ┇ [training]  77%|███████████████▎    | 230/300 [0:05:09<0:01:31, 0.77Hz] | epoch=9.20, eval_average=0.6516
[01.31 17:35:09] ┇ INFO    ┇    DeepKNLP.gner.trainer ┇ [training]  77%|███████████████▍    | 231/300 [0:05:15<0:01:36, 0.71Hz] | epoch=9.24, loss=0.0001
[01.31 17:35:09] ┇ INFO    ┇    DeepKNLP.gner.trainer ┇ [training]  77%|███████████████▍    | 232/300 [0:05:15<0:01:35, 0.71Hz] | epoch=9.28, loss=0.0000
[01.31 17:35:09] ┇ INFO    ┇    DeepKNLP.gner.trainer ┇ [training]  78%|███████████████▌    | 233/300 [0:05:15<0:01:33, 0.71Hz] | epoch=9.32, loss=0.0001
[01.31 17:35:09] ┇ INFO    ┇    DeepKNLP.gner.trainer ┇ [training]  78%|███████████████▌    | 234/300 [0:05:16<0:01:26, 0.77Hz] | epoch=9.36, loss=0.0001
[01.31 17:35:09] ┇ INFO    ┇    DeepKNLP.gner.trainer ┇ [training]  78%|███████████████▋    | 235/300 [0:05:16<0:01:24, 0.77Hz] | epoch=9.40, loss=0.0001
[01.31 17:35:15] ┇ INFO    ┇    DeepKNLP.gner.trainer ┇ [checking] 100%|████████████████████| 1/1 [0:00:00<0:00:00, 91304.58Hz]
[01.31 17:35:15] ┇ INFO    ┇    DeepKNLP.gner.trainer ┇ [training]  78%|███████████████▋    | 235/300 [0:05:16<0:01:24, 0.77Hz] | epoch=9.40, eval_average=0.6521
[01.31 17:35:16] ┇ INFO    ┇    DeepKNLP.gner.trainer ┇ [training]  79%|███████████████▋    | 236/300 [0:05:22<0:01:29, 0.71Hz] | epoch=9.44, loss=0.0001
[01.31 17:35:16] ┇ INFO    ┇    DeepKNLP.gner.trainer ┇ [training]  79%|███████████████▊    | 237/300 [0:05:22<0:01:28, 0.71Hz] | epoch=9.48, loss=0.0001
[01.31 17:35:16] ┇ INFO    ┇    DeepKNLP.gner.trainer ┇ [training]  79%|███████████████▊    | 238/300 [0:05:22<0:01:26, 0.71Hz] | epoch=9.52, loss=0.0001
[01.31 17:35:16] ┇ INFO    ┇    DeepKNLP.gner.trainer ┇ [training]  80%|███████████████▉    | 239/300 [0:05:22<0:01:19, 0.77Hz] | epoch=9.56, loss=0.0000
[01.31 17:35:16] ┇ INFO    ┇    DeepKNLP.gner.trainer ┇ [training]  80%|████████████████    | 240/300 [0:05:23<0:01:18, 0.77Hz] | epoch=9.60, loss=0.0001
[01.31 17:35:22] ┇ INFO    ┇    DeepKNLP.gner.trainer ┇ [checking] 100%|████████████████████| 1/1 [0:00:00<0:00:00, 106606.61Hz]
[01.31 17:35:22] ┇ INFO    ┇    DeepKNLP.gner.trainer ┇ [training]  80%|████████████████    | 240/300 [0:05:23<0:01:18, 0.77Hz] | epoch=9.60, eval_average=0.6526
[01.31 17:35:22] ┇ INFO    ┇    DeepKNLP.gner.trainer ┇ [training]  80%|████████████████    | 241/300 [0:05:29<0:01:22, 0.71Hz] | epoch=9.64, loss=0.0001
[01.31 17:35:22] ┇ INFO    ┇    DeepKNLP.gner.trainer ┇ [training]  81%|████████████████▏   | 242/300 [0:05:29<0:01:21, 0.71Hz] | epoch=9.68, loss=0.0001
[01.31 17:35:23] ┇ INFO    ┇    DeepKNLP.gner.trainer ┇ [training]  81%|████████████████▏   | 243/300 [0:05:29<0:01:19, 0.71Hz] | epoch=9.72, loss=0.0000
[01.31 17:35:23] ┇ INFO    ┇    DeepKNLP.gner.trainer ┇ [training]  81%|████████████████▎   | 244/300 [0:05:29<0:01:13, 0.77Hz] | epoch=9.76, loss=0.0001
[01.31 17:35:23] ┇ INFO    ┇    DeepKNLP.gner.trainer ┇ [training]  82%|████████████████▎   | 245/300 [0:05:29<0:01:11, 0.77Hz] | epoch=9.80, loss=0.0001
[01.31 17:35:29] ┇ INFO    ┇    DeepKNLP.gner.trainer ┇ [checking] 100%|████████████████████| 1/1 [0:00:00<0:00:00, 60629.13Hz]
[01.31 17:35:29] ┇ INFO    ┇    DeepKNLP.gner.trainer ┇ [training]  82%|████████████████▎   | 245/300 [0:05:29<0:01:11, 0.77Hz] | epoch=9.80, eval_average=0.6487
[01.31 17:35:29] ┇ INFO    ┇    DeepKNLP.gner.trainer ┇ [training]  82%|████████████████▍   | 246/300 [0:05:36<0:01:15, 0.71Hz] | epoch=9.84, loss=0.0001
[01.31 17:35:29] ┇ INFO    ┇    DeepKNLP.gner.trainer ┇ [training]  82%|████████████████▍   | 247/300 [0:05:36<0:01:14, 0.71Hz] | epoch=9.88, loss=0.0001
[01.31 17:35:29] ┇ INFO    ┇    DeepKNLP.gner.trainer ┇ [training]  83%|████████████████▌   | 248/300 [0:05:36<0:01:12, 0.71Hz] | epoch=9.92, loss=0.0002
[01.31 17:35:30] ┇ INFO    ┇    DeepKNLP.gner.trainer ┇ [training]  83%|████████████████▌   | 249/300 [0:05:36<0:01:06, 0.77Hz] | epoch=9.96, loss=0.0001
[01.31 17:35:30] ┇ INFO    ┇    DeepKNLP.gner.trainer ┇ [training]  83%|████████████████▋   | 250/300 [0:05:36<0:01:05, 0.77Hz] | epoch=10.00, loss=0.0060
[01.31 17:35:36] ┇ INFO    ┇    DeepKNLP.gner.trainer ┇ [checking] 100%|████████████████████| 1/1 [0:00:00<0:00:00, 80878.41Hz]
[01.31 17:35:36] ┇ INFO    ┇    DeepKNLP.gner.trainer ┇ [training]  83%|████████████████▋   | 250/300 [0:05:36<0:01:05, 0.77Hz] | epoch=10.00, eval_average=0.6530
[01.31 17:35:36] ┇ INFO    ┇    DeepKNLP.gner.trainer ┇ [training]  84%|████████████████▋   | 251/300 [0:05:42<0:01:08, 0.71Hz] | epoch=10.04, loss=0.0001
[01.31 17:35:36] ┇ INFO    ┇    DeepKNLP.gner.trainer ┇ [training]  84%|████████████████▊   | 252/300 [0:05:43<0:01:07, 0.71Hz] | epoch=10.08, loss=0.0001
[01.31 17:35:36] ┇ INFO    ┇    DeepKNLP.gner.trainer ┇ [training]  84%|████████████████▊   | 253/300 [0:05:43<0:01:05, 0.71Hz] | epoch=10.12, loss=0.0000
[01.31 17:35:36] ┇ INFO    ┇    DeepKNLP.gner.trainer ┇ [training]  85%|████████████████▉   | 254/300 [0:05:43<0:01:00, 0.77Hz] | epoch=10.16, loss=0.0001
[01.31 17:35:37] ┇ INFO    ┇    DeepKNLP.gner.trainer ┇ [training]  85%|█████████████████   | 255/300 [0:05:43<0:00:58, 0.77Hz] | epoch=10.20, loss=0.0000
[01.31 17:35:42] ┇ INFO    ┇    DeepKNLP.gner.trainer ┇ [checking] 100%|████████████████████| 1/1 [0:00:00<0:00:00, 97541.95Hz]
[01.31 17:35:43] ┇ INFO    ┇    DeepKNLP.gner.trainer ┇ [training]  85%|█████████████████   | 255/300 [0:05:43<0:00:58, 0.77Hz] | epoch=10.20, eval_average=0.6501
[01.31 17:35:43] ┇ INFO    ┇    DeepKNLP.gner.trainer ┇ [training]  85%|█████████████████   | 256/300 [0:05:49<0:01:01, 0.71Hz] | epoch=10.24, loss=0.0000
[01.31 17:35:43] ┇ INFO    ┇    DeepKNLP.gner.trainer ┇ [training]  86%|█████████████████▏  | 257/300 [0:05:49<0:01:00, 0.71Hz] | epoch=10.28, loss=0.0000
[01.31 17:35:43] ┇ INFO    ┇    DeepKNLP.gner.trainer ┇ [training]  86%|█████████████████▏  | 258/300 [0:05:50<0:00:58, 0.71Hz] | epoch=10.32, loss=0.0000
[01.31 17:35:43] ┇ INFO    ┇    DeepKNLP.gner.trainer ┇ [training]  86%|█████████████████▎  | 259/300 [0:05:50<0:00:53, 0.77Hz] | epoch=10.36, loss=0.0000
[01.31 17:35:43] ┇ INFO    ┇    DeepKNLP.gner.trainer ┇ [training]  87%|█████████████████▎  | 260/300 [0:05:50<0:00:52, 0.77Hz] | epoch=10.40, loss=0.0001
[01.31 17:35:49] ┇ INFO    ┇    DeepKNLP.gner.trainer ┇ [checking] 100%|████████████████████| 1/1 [0:00:00<0:00:00, 114691.50Hz]
[01.31 17:35:49] ┇ INFO    ┇    DeepKNLP.gner.trainer ┇ [training]  87%|█████████████████▎  | 260/300 [0:05:50<0:00:52, 0.77Hz] | epoch=10.40, eval_average=0.6535
[01.31 17:35:50] ┇ INFO    ┇    DeepKNLP.gner.trainer ┇ [training]  87%|█████████████████▍  | 261/300 [0:05:56<0:00:54, 0.71Hz] | epoch=10.44, loss=0.0001
[01.31 17:35:50] ┇ INFO    ┇    DeepKNLP.gner.trainer ┇ [training]  87%|█████████████████▍  | 262/300 [0:05:56<0:00:53, 0.71Hz] | epoch=10.48, loss=0.0001
[01.31 17:35:50] ┇ INFO    ┇    DeepKNLP.gner.trainer ┇ [training]  88%|█████████████████▌  | 263/300 [0:05:56<0:00:51, 0.71Hz] | epoch=10.52, loss=0.0014
[01.31 17:35:50] ┇ INFO    ┇    DeepKNLP.gner.trainer ┇ [training]  88%|█████████████████▌  | 264/300 [0:05:57<0:00:46, 0.77Hz] | epoch=10.56, loss=0.0000
[01.31 17:35:50] ┇ INFO    ┇    DeepKNLP.gner.trainer ┇ [training]  88%|█████████████████▋  | 265/300 [0:05:57<0:00:45, 0.77Hz] | epoch=10.60, loss=0.0000
[01.31 17:35:56] ┇ INFO    ┇    DeepKNLP.gner.trainer ┇ [checking] 100%|████████████████████| 1/1 [0:00:00<0:00:00, 108920.86Hz]
[01.31 17:35:56] ┇ INFO    ┇    DeepKNLP.gner.trainer ┇ [training]  88%|█████████████████▋  | 265/300 [0:05:57<0:00:45, 0.77Hz] | epoch=10.60, eval_average=0.6462
[01.31 17:35:56] ┇ INFO    ┇    DeepKNLP.gner.trainer ┇ [training]  89%|█████████████████▋  | 266/300 [0:06:03<0:00:47, 0.71Hz] | epoch=10.64, loss=0.0000
[01.31 17:35:57] ┇ INFO    ┇    DeepKNLP.gner.trainer ┇ [training]  89%|█████████████████▊  | 267/300 [0:06:03<0:00:46, 0.71Hz] | epoch=10.68, loss=0.0000
[01.31 17:35:57] ┇ INFO    ┇    DeepKNLP.gner.trainer ┇ [training]  89%|█████████████████▊  | 268/300 [0:06:03<0:00:44, 0.71Hz] | epoch=10.72, loss=0.0000
[01.31 17:35:57] ┇ INFO    ┇    DeepKNLP.gner.trainer ┇ [training]  90%|█████████████████▉  | 269/300 [0:06:03<0:00:40, 0.77Hz] | epoch=10.76, loss=0.0000
[01.31 17:35:57] ┇ INFO    ┇    DeepKNLP.gner.trainer ┇ [training]  90%|██████████████████  | 270/300 [0:06:03<0:00:39, 0.77Hz] | epoch=10.80, loss=0.0000
[01.31 17:36:03] ┇ INFO    ┇    DeepKNLP.gner.trainer ┇ [checking] 100%|████████████████████| 1/1 [0:00:00<0:00:00, 94870.28Hz]
[01.31 17:36:03] ┇ INFO    ┇    DeepKNLP.gner.trainer ┇ [training]  90%|██████████████████  | 270/300 [0:06:03<0:00:39, 0.77Hz] | epoch=10.80, eval_average=0.6462
[01.31 17:36:03] ┇ INFO    ┇    DeepKNLP.gner.trainer ┇ [training]  90%|██████████████████  | 271/300 [0:06:10<0:00:40, 0.71Hz] | epoch=10.84, loss=0.0000
[01.31 17:36:03] ┇ INFO    ┇    DeepKNLP.gner.trainer ┇ [training]  91%|██████████████████▏ | 272/300 [0:06:10<0:00:39, 0.71Hz] | epoch=10.88, loss=0.0000
[01.31 17:36:04] ┇ INFO    ┇    DeepKNLP.gner.trainer ┇ [training]  91%|██████████████████▏ | 273/300 [0:06:10<0:00:37, 0.71Hz] | epoch=10.92, loss=0.0000
[01.31 17:36:04] ┇ INFO    ┇    DeepKNLP.gner.trainer ┇ [training]  91%|██████████████████▎ | 274/300 [0:06:10<0:00:33, 0.77Hz] | epoch=10.96, loss=0.0000
[01.31 17:36:04] ┇ INFO    ┇    DeepKNLP.gner.trainer ┇ [training]  92%|██████████████████▎ | 275/300 [0:06:10<0:00:32, 0.77Hz] | epoch=11.00, loss=0.0000
[01.31 17:36:10] ┇ INFO    ┇    DeepKNLP.gner.trainer ┇ [checking] 100%|████████████████████| 1/1 [0:00:00<0:00:00, 45761.24Hz]
[01.31 17:36:10] ┇ INFO    ┇    DeepKNLP.gner.trainer ┇ [training]  92%|██████████████████▎ | 275/300 [0:06:10<0:00:32, 0.77Hz] | epoch=11.00, eval_average=0.6501
[01.31 17:36:10] ┇ INFO    ┇    DeepKNLP.gner.trainer ┇ [training]  92%|██████████████████▍ | 276/300 [0:06:17<0:00:33, 0.71Hz] | epoch=11.04, loss=0.0000
[01.31 17:36:10] ┇ INFO    ┇    DeepKNLP.gner.trainer ┇ [training]  92%|██████████████████▍ | 277/300 [0:06:17<0:00:32, 0.71Hz] | epoch=11.08, loss=0.0000
[01.31 17:36:10] ┇ INFO    ┇    DeepKNLP.gner.trainer ┇ [training]  93%|██████████████████▌ | 278/300 [0:06:17<0:00:30, 0.71Hz] | epoch=11.12, loss=0.0000
[01.31 17:36:10] ┇ INFO    ┇    DeepKNLP.gner.trainer ┇ [training]  93%|██████████████████▌ | 279/300 [0:06:17<0:00:27, 0.77Hz] | epoch=11.16, loss=0.0000
[01.31 17:36:11] ┇ INFO    ┇    DeepKNLP.gner.trainer ┇ [training]  93%|██████████████████▋ | 280/300 [0:06:17<0:00:26, 0.77Hz] | epoch=11.20, loss=0.0000
[01.31 17:36:17] ┇ INFO    ┇    DeepKNLP.gner.trainer ┇ [checking] 100%|████████████████████| 1/1 [0:00:00<0:00:00, 79207.87Hz]
[01.31 17:36:17] ┇ INFO    ┇    DeepKNLP.gner.trainer ┇ [training]  93%|██████████████████▋ | 280/300 [0:06:17<0:00:26, 0.77Hz] | epoch=11.20, eval_average=0.6477
[01.31 17:36:17] ┇ INFO    ┇    DeepKNLP.gner.trainer ┇ [training]  94%|██████████████████▋ | 281/300 [0:06:23<0:00:26, 0.71Hz] | epoch=11.24, loss=0.0000
[01.31 17:36:17] ┇ INFO    ┇    DeepKNLP.gner.trainer ┇ [training]  94%|██████████████████▊ | 282/300 [0:06:23<0:00:25, 0.71Hz] | epoch=11.28, loss=0.0000
[01.31 17:36:17] ┇ INFO    ┇    DeepKNLP.gner.trainer ┇ [training]  94%|██████████████████▊ | 283/300 [0:06:24<0:00:23, 0.71Hz] | epoch=11.32, loss=0.0011
[01.31 17:36:17] ┇ INFO    ┇    DeepKNLP.gner.trainer ┇ [training]  95%|██████████████████▉ | 284/300 [0:06:24<0:00:20, 0.77Hz] | epoch=11.36, loss=0.0005
[01.31 17:36:17] ┇ INFO    ┇    DeepKNLP.gner.trainer ┇ [training]  95%|███████████████████ | 285/300 [0:06:24<0:00:19, 0.77Hz] | epoch=11.40, loss=0.0000
[01.31 17:36:23] ┇ INFO    ┇    DeepKNLP.gner.trainer ┇ [checking] 100%|████████████████████| 1/1 [0:00:00<0:00:00, 102671.81Hz]
[01.31 17:36:23] ┇ INFO    ┇    DeepKNLP.gner.trainer ┇ [training]  95%|███████████████████ | 285/300 [0:06:24<0:00:19, 0.77Hz] | epoch=11.40, eval_average=0.6506
[01.31 17:36:24] ┇ INFO    ┇    DeepKNLP.gner.trainer ┇ [training]  95%|███████████████████ | 286/300 [0:06:30<0:00:19, 0.71Hz] | epoch=11.44, loss=0.0000
[01.31 17:36:24] ┇ INFO    ┇    DeepKNLP.gner.trainer ┇ [training]  96%|███████████████████▏| 287/300 [0:06:30<0:00:18, 0.71Hz] | epoch=11.48, loss=0.0000
[01.31 17:36:24] ┇ INFO    ┇    DeepKNLP.gner.trainer ┇ [training]  96%|███████████████████▏| 288/300 [0:06:30<0:00:16, 0.71Hz] | epoch=11.52, loss=0.0001
[01.31 17:36:24] ┇ INFO    ┇    DeepKNLP.gner.trainer ┇ [training]  96%|███████████████████▎| 289/300 [0:06:31<0:00:14, 0.77Hz] | epoch=11.56, loss=0.0000
[01.31 17:36:24] ┇ INFO    ┇    DeepKNLP.gner.trainer ┇ [training]  97%|███████████████████▎| 290/300 [0:06:31<0:00:13, 0.77Hz] | epoch=11.60, loss=0.0001
[01.31 17:36:30] ┇ INFO    ┇    DeepKNLP.gner.trainer ┇ [checking] 100%|████████████████████| 1/1 [0:00:00<0:00:00, 98346.02Hz]
[01.31 17:36:30] ┇ INFO    ┇    DeepKNLP.gner.trainer ┇ [training]  97%|███████████████████▎| 290/300 [0:06:31<0:00:13, 0.77Hz] | epoch=11.60, eval_average=0.6452
[01.31 17:36:30] ┇ INFO    ┇    DeepKNLP.gner.trainer ┇ [training]  97%|███████████████████▍| 291/300 [0:06:37<0:00:12, 0.71Hz] | epoch=11.64, loss=0.0000
[01.31 17:36:31] ┇ INFO    ┇    DeepKNLP.gner.trainer ┇ [training]  97%|███████████████████▍| 292/300 [0:06:37<0:00:11, 0.71Hz] | epoch=11.68, loss=0.0001
[01.31 17:36:31] ┇ INFO    ┇    DeepKNLP.gner.trainer ┇ [training]  98%|███████████████████▌| 293/300 [0:06:37<0:00:09, 0.71Hz] | epoch=11.72, loss=0.0000
[01.31 17:36:31] ┇ INFO    ┇    DeepKNLP.gner.trainer ┇ [training]  98%|███████████████████▌| 294/300 [0:06:37<0:00:07, 0.77Hz] | epoch=11.76, loss=0.0000
[01.31 17:36:31] ┇ INFO    ┇    DeepKNLP.gner.trainer ┇ [training]  98%|███████████████████▋| 295/300 [0:06:38<0:00:06, 0.77Hz] | epoch=11.80, loss=0.0000
[01.31 17:36:37] ┇ INFO    ┇    DeepKNLP.gner.trainer ┇ [checking] 100%|████████████████████| 1/1 [0:00:00<0:00:00, 103763.22Hz]
[01.31 17:36:37] ┇ INFO    ┇    DeepKNLP.gner.trainer ┇ [training]  98%|███████████████████▋| 295/300 [0:06:38<0:00:06, 0.77Hz] | epoch=11.80, eval_average=0.6477
[01.31 17:36:37] ┇ INFO    ┇    DeepKNLP.gner.trainer ┇ [training]  99%|███████████████████▋| 296/300 [0:06:44<0:00:05, 0.71Hz] | epoch=11.84, loss=0.0000
[01.31 17:36:37] ┇ INFO    ┇    DeepKNLP.gner.trainer ┇ [training]  99%|███████████████████▊| 297/300 [0:06:44<0:00:04, 0.71Hz] | epoch=11.88, loss=0.0000
[01.31 17:36:38] ┇ INFO    ┇    DeepKNLP.gner.trainer ┇ [training]  99%|███████████████████▊| 298/300 [0:06:44<0:00:02, 0.71Hz] | epoch=11.92, loss=0.0001
[01.31 17:36:38] ┇ INFO    ┇    DeepKNLP.gner.trainer ┇ [training] 100%|███████████████████▉| 299/300 [0:06:44<0:00:01, 0.77Hz] | epoch=11.96, loss=0.0001
[01.31 17:36:38] ┇ INFO    ┇    DeepKNLP.gner.trainer ┇ [training] 100%|████████████████████| 300/300 [0:06:44<0:00:00, 0.77Hz] | epoch=12.00, loss=0.0000
[01.31 17:36:44] ┇ INFO    ┇    DeepKNLP.gner.trainer ┇ [checking] 100%|████████████████████| 1/1 [0:00:00<0:00:00, 88871.20Hz]
[01.31 17:36:44] ┇ INFO    ┇    DeepKNLP.gner.trainer ┇ [training] 100%|████████████████████| 300/300 [0:06:44<0:00:00, 0.77Hz] | epoch=12.00, eval_average=0.6505
[01.31 17:36:44] ┇ INFO    ┇    DeepKNLP.gner.trainer ┇ [training] 100%|████████████████████| 300/300 [0:06:44<0:00:00, 0.77Hz] | epoch=12.00, train_loss=0.0385, total_pflos=4.129
[01.31 17:36:44] ┇ INFO    ┇    DeepKNLP.gner.trainer ┇ -----------------------------------------------------------------------------------------------------------------------------------------
[01.31 17:36:44] ┇ INFO    ┇                 DeepKNLP ┇ Train output metrics: {'train_runtime': 410.9145, 'train_samples_per_second': 2.92, 'train_steps_per_second': 0.73, 'total_flos': 4129104888594432.0, 'train_loss': 0.03850711648662885, 'epoch': 12.0}
[01.31 17:36:44] ┇ INFO    ┇           chrisbase.data ┇ =========================================================================================================================================
[01.31 17:36:44] ┇ INFO    ┇           chrisbase.data ┇ [EXIT] python task2-nerG-trainer.py --local_rank=0 data/gner/each/crossner_music-train.jsonl --eval_file data/gner/each-sampled/crossner_music-dev=100.jsonl --pretrained etri-lirs/egpt-1.3b-preview --run_version EAGLE-1B-supervised --trainer_deepspeed configs/deepspeed/ds0_llama.json ($=00:07:18.174)
[01.31 17:36:44] ┇ INFO    ┇           chrisbase.data ┇ =========================================================================================================================================
