[01.31 17:21:25] ┇ INFO    ┇           chrisbase.data ┇ =========================================================================================================================================
[01.31 17:21:25] ┇ INFO    ┇           chrisbase.data ┇ [INIT] python task2-nerG-trainer.py --local_rank=0 data/gner/each/crossner_literature-train.jsonl --eval_file data/gner/each-sampled/crossner_literature-dev=100.jsonl --pretrained etri-lirs/egpt-1.3b-preview --run_version EAGLE-1B-supervised --trainer_deepspeed configs/deepspeed/ds0_llama.json
[01.31 17:21:25] ┇ INFO    ┇           chrisbase.data ┇ =========================================================================================================================================
[01.31 17:21:25] ┇ INFO    ┇           chrisbase.data ┇ -----------------------------------------------------------------------------------------------------------------------------------------
[01.31 17:21:25] ┇ INFO    ┇           chrisbase.data ┇   #	TrainingArgumentsForAccelerator              	value
[01.31 17:21:25] ┇ INFO    ┇           chrisbase.data ┇ -----------------------------------------------------------------------------------------------------------------------------------------
[01.31 17:21:25] ┇ INFO    ┇           chrisbase.data ┇   1	env.hostname                                 	lirs-b1
[01.31 17:21:25] ┇ INFO    ┇           chrisbase.data ┇   2	env.hostaddr                                 	129.254.111.103
[01.31 17:21:25] ┇ INFO    ┇           chrisbase.data ┇   3	env.global_rank                              	-1
[01.31 17:21:25] ┇ INFO    ┇           chrisbase.data ┇   4	env.local_rank                               	0
[01.31 17:21:25] ┇ INFO    ┇           chrisbase.data ┇   5	env.node_rank                                	-1
[01.31 17:21:25] ┇ INFO    ┇           chrisbase.data ┇   6	env.world_size                               	4
[01.31 17:21:25] ┇ INFO    ┇           chrisbase.data ┇   7	env.time_stamp                               	0131-172119
[01.31 17:21:25] ┇ INFO    ┇           chrisbase.data ┇   8	env.python_path                              	/home/chrisjihee/miniforge3/envs/DeepKNLP/bin/python
[01.31 17:21:25] ┇ INFO    ┇           chrisbase.data ┇   9	env.current_dir                              	/home/chrisjihee/proj/DeepKNLP
[01.31 17:21:25] ┇ INFO    ┇           chrisbase.data ┇  10	env.current_file                             	task2-nerG-trainer.py
[01.31 17:21:25] ┇ INFO    ┇           chrisbase.data ┇  11	env.command_args                             	['--local_rank=0', 'data/gner/each/crossner_literature-train.jsonl', '--eval_file', 'data/gner/each-sampled/crossner_literature-dev=100.jsonl', '--pretrained', 'etri-lirs/egpt-1.3b-preview', '--run_version', 'EAGLE-1B-supervised', '--trainer_deepspeed', 'configs/deepspeed/ds0_llama.json']
[01.31 17:21:25] ┇ INFO    ┇           chrisbase.data ┇  12	env.output_home                              	output
[01.31 17:21:25] ┇ INFO    ┇           chrisbase.data ┇  13	env.output_name                              	GNER
[01.31 17:21:25] ┇ INFO    ┇           chrisbase.data ┇  14	env.run_version                              	EAGLE-1B-supervised
[01.31 17:21:25] ┇ INFO    ┇           chrisbase.data ┇  15	env.output_file                              	train-metrics-0131-172119.csv
[01.31 17:21:25] ┇ INFO    ┇           chrisbase.data ┇  16	env.logging_file                             	train-loggings-0131-172119.out
[01.31 17:21:25] ┇ INFO    ┇           chrisbase.data ┇  17	env.logging_level                            	30
[01.31 17:21:25] ┇ INFO    ┇           chrisbase.data ┇  18	env.logging_format                           	%(asctime)s ┇ %(levelname)-7s ┇ %(name)24s ┇ %(message)s
[01.31 17:21:25] ┇ INFO    ┇           chrisbase.data ┇  19	env.datetime_format                          	[%m.%d %H:%M:%S]
[01.31 17:21:25] ┇ INFO    ┇           chrisbase.data ┇  20	env.argument_file                            	train-arguments-0131-172119.json
[01.31 17:21:25] ┇ INFO    ┇           chrisbase.data ┇  21	env.random_seed                              	7
[01.31 17:21:25] ┇ INFO    ┇           chrisbase.data ┇  22	env.max_workers                              	4
[01.31 17:21:25] ┇ INFO    ┇           chrisbase.data ┇  23	env.debugging                                	False
[01.31 17:21:25] ┇ INFO    ┇           chrisbase.data ┇  24	env.output_dir                               	output/GNER/EAGLE-1B-supervised
[01.31 17:21:25] ┇ INFO    ┇           chrisbase.data ┇  25	time.t1                                      	2025-01-31 17:21:25.447333
[01.31 17:21:25] ┇ INFO    ┇           chrisbase.data ┇  26	time.t2                                      	2025-01-31 17:21:19.740509
[01.31 17:21:25] ┇ INFO    ┇           chrisbase.data ┇  27	time.started                                 	[01.31 17:21:25]
[01.31 17:21:25] ┇ INFO    ┇           chrisbase.data ┇  28	time.settled
[01.31 17:21:25] ┇ INFO    ┇           chrisbase.data ┇  29	time.elapsed
[01.31 17:21:25] ┇ INFO    ┇           chrisbase.data ┇  30	data.train_file                              	data/gner/each/crossner_literature-train.jsonl
[01.31 17:21:25] ┇ INFO    ┇           chrisbase.data ┇  31	data.study_file
[01.31 17:21:25] ┇ INFO    ┇           chrisbase.data ┇  32	data.eval_file                               	data/gner/each-sampled/crossner_literature-dev=100.jsonl
[01.31 17:21:25] ┇ INFO    ┇           chrisbase.data ┇  33	data.pred_file
[01.31 17:21:25] ┇ INFO    ┇           chrisbase.data ┇  34	data.pretrained                              	etri-lirs/egpt-1.3b-preview
[01.31 17:21:25] ┇ INFO    ┇           chrisbase.data ┇  35	data.max_train_samples                       	-1
[01.31 17:21:25] ┇ INFO    ┇           chrisbase.data ┇  36	data.max_study_samples                       	-1
[01.31 17:21:25] ┇ INFO    ┇           chrisbase.data ┇  37	data.max_eval_samples                        	-1
[01.31 17:21:25] ┇ INFO    ┇           chrisbase.data ┇  38	data.max_pred_samples                        	-1
[01.31 17:21:25] ┇ INFO    ┇           chrisbase.data ┇  39	data.use_cache_data                          	True
[01.31 17:21:25] ┇ INFO    ┇           chrisbase.data ┇  40	data.progress_seconds                        	10.0
[01.31 17:21:25] ┇ INFO    ┇           chrisbase.data ┇  41	data.max_source_length                       	640
[01.31 17:21:25] ┇ INFO    ┇           chrisbase.data ┇  42	data.max_target_length                       	640
[01.31 17:21:25] ┇ INFO    ┇           chrisbase.data ┇  43	data.write_predictions                       	False
[01.31 17:21:25] ┇ INFO    ┇           chrisbase.data ┇  44	data.ignore_pad_token_for_loss               	True
[01.31 17:21:25] ┇ INFO    ┇           chrisbase.data ┇  45	train._n_gpu                                 	1
[01.31 17:21:25] ┇ INFO    ┇           chrisbase.data ┇  46	train.accelerator_config                     	{'split_batches': False, 'dispatch_batches': None, 'even_batches': True, 'use_seedable_sampler': True, 'non_blocking': False, 'gradient_accumulation_kwargs': None, 'use_configured_state': False}
[01.31 17:21:25] ┇ INFO    ┇           chrisbase.data ┇  47	train.adafactor                              	False
[01.31 17:21:25] ┇ INFO    ┇           chrisbase.data ┇  48	train.adam_beta1                             	0.9
[01.31 17:21:25] ┇ INFO    ┇           chrisbase.data ┇  49	train.adam_beta2                             	0.999
[01.31 17:21:25] ┇ INFO    ┇           chrisbase.data ┇  50	train.adam_epsilon                           	1e-08
[01.31 17:21:25] ┇ INFO    ┇           chrisbase.data ┇  51	train.auto_find_batch_size                   	False
[01.31 17:21:25] ┇ INFO    ┇           chrisbase.data ┇  52	train.average_tokens_across_devices          	False
[01.31 17:21:25] ┇ INFO    ┇           chrisbase.data ┇  53	train.batch_eval_metrics                     	False
[01.31 17:21:25] ┇ INFO    ┇           chrisbase.data ┇  54	train.bf16                                   	True
[01.31 17:21:25] ┇ INFO    ┇           chrisbase.data ┇  55	train.bf16_full_eval                         	True
[01.31 17:21:25] ┇ INFO    ┇           chrisbase.data ┇  56	train.data_seed
[01.31 17:21:25] ┇ INFO    ┇           chrisbase.data ┇  57	train.dataloader_drop_last                   	False
[01.31 17:21:25] ┇ INFO    ┇           chrisbase.data ┇  58	train.dataloader_num_workers                 	0
[01.31 17:21:25] ┇ INFO    ┇           chrisbase.data ┇  59	train.dataloader_persistent_workers          	False
[01.31 17:21:25] ┇ INFO    ┇           chrisbase.data ┇  60	train.dataloader_pin_memory                  	True
[01.31 17:21:25] ┇ INFO    ┇           chrisbase.data ┇  61	train.dataloader_prefetch_factor
[01.31 17:21:25] ┇ INFO    ┇           chrisbase.data ┇  62	train.ddp_backend
[01.31 17:21:25] ┇ INFO    ┇           chrisbase.data ┇  63	train.ddp_broadcast_buffers
[01.31 17:21:25] ┇ INFO    ┇           chrisbase.data ┇  64	train.ddp_bucket_cap_mb
[01.31 17:21:25] ┇ INFO    ┇           chrisbase.data ┇  65	train.ddp_find_unused_parameters
[01.31 17:21:25] ┇ INFO    ┇           chrisbase.data ┇  66	train.ddp_timeout                            	1800
[01.31 17:21:25] ┇ INFO    ┇           chrisbase.data ┇  67	train.debug                                  	[]
[01.31 17:21:25] ┇ INFO    ┇           chrisbase.data ┇  68	train.deepspeed                              	configs/deepspeed/ds0_llama.json
[01.31 17:21:25] ┇ INFO    ┇           chrisbase.data ┇  69	train.disable_tqdm                           	True
[01.31 17:21:25] ┇ INFO    ┇           chrisbase.data ┇  70	train.dispatch_batches
[01.31 17:21:25] ┇ INFO    ┇           chrisbase.data ┇  71	train.do_eval                                	True
[01.31 17:21:25] ┇ INFO    ┇           chrisbase.data ┇  72	train.do_predict                             	False
[01.31 17:21:25] ┇ INFO    ┇           chrisbase.data ┇  73	train.do_train                               	True
[01.31 17:21:25] ┇ INFO    ┇           chrisbase.data ┇  74	train.eval_accumulation_steps                	1
[01.31 17:21:25] ┇ INFO    ┇           chrisbase.data ┇  75	train.eval_delay                             	0
[01.31 17:21:25] ┇ INFO    ┇           chrisbase.data ┇  76	train.eval_do_concat_batches                 	True
[01.31 17:21:25] ┇ INFO    ┇           chrisbase.data ┇  77	train.eval_epochs                            	0.2
[01.31 17:21:25] ┇ INFO    ┇           chrisbase.data ┇  78	train.eval_on_start                          	False
[01.31 17:21:25] ┇ INFO    ┇           chrisbase.data ┇  79	train.eval_steps                             	9223372036854775807
[01.31 17:21:25] ┇ INFO    ┇           chrisbase.data ┇  80	train.eval_strategy                          	IntervalStrategy.NO
[01.31 17:21:25] ┇ INFO    ┇           chrisbase.data ┇  81	train.eval_use_gather_object                 	False
[01.31 17:21:25] ┇ INFO    ┇           chrisbase.data ┇  82	train.evaluation_strategy
[01.31 17:21:25] ┇ INFO    ┇           chrisbase.data ┇  83	train.fp16                                   	False
[01.31 17:21:25] ┇ INFO    ┇           chrisbase.data ┇  84	train.fp16_backend                           	auto
[01.31 17:21:25] ┇ INFO    ┇           chrisbase.data ┇  85	train.fp16_full_eval                         	False
[01.31 17:21:25] ┇ INFO    ┇           chrisbase.data ┇  86	train.fp16_opt_level                         	O1
[01.31 17:21:25] ┇ INFO    ┇           chrisbase.data ┇  87	train.fsdp                                   	[]
[01.31 17:21:25] ┇ INFO    ┇           chrisbase.data ┇  88	train.fsdp_config                            	{'min_num_params': 0, 'xla': False, 'xla_fsdp_v2': False, 'xla_fsdp_grad_ckpt': False}
[01.31 17:21:25] ┇ INFO    ┇           chrisbase.data ┇  89	train.fsdp_min_num_params                    	0
[01.31 17:21:25] ┇ INFO    ┇           chrisbase.data ┇  90	train.fsdp_transformer_layer_cls_to_wrap
[01.31 17:21:25] ┇ INFO    ┇           chrisbase.data ┇  91	train.full_determinism                       	False
[01.31 17:21:25] ┇ INFO    ┇           chrisbase.data ┇  92	train.generation_config
[01.31 17:21:25] ┇ INFO    ┇           chrisbase.data ┇  93	train.generation_max_length                  	640
[01.31 17:21:25] ┇ INFO    ┇           chrisbase.data ┇  94	train.generation_num_beams
[01.31 17:21:25] ┇ INFO    ┇           chrisbase.data ┇  95	train.gradient_accumulation_steps            	1
[01.31 17:21:25] ┇ INFO    ┇           chrisbase.data ┇  96	train.gradient_checkpointing                 	True
[01.31 17:21:25] ┇ INFO    ┇           chrisbase.data ┇  97	train.gradient_checkpointing_kwargs
[01.31 17:21:25] ┇ INFO    ┇           chrisbase.data ┇  98	train.greater_is_better
[01.31 17:21:25] ┇ INFO    ┇           chrisbase.data ┇  99	train.group_by_length                        	False
[01.31 17:21:25] ┇ INFO    ┇           chrisbase.data ┇ 100	train.half_precision_backend                 	auto
[01.31 17:21:25] ┇ INFO    ┇           chrisbase.data ┇ 101	train.hub_always_push                        	False
[01.31 17:21:25] ┇ INFO    ┇           chrisbase.data ┇ 102	train.hub_model_id
[01.31 17:21:25] ┇ INFO    ┇           chrisbase.data ┇ 103	train.hub_private_repo
[01.31 17:21:25] ┇ INFO    ┇           chrisbase.data ┇ 104	train.hub_strategy                           	HubStrategy.EVERY_SAVE
[01.31 17:21:25] ┇ INFO    ┇           chrisbase.data ┇ 105	train.hub_token
[01.31 17:21:25] ┇ INFO    ┇           chrisbase.data ┇ 106	train.ignore_data_skip                       	False
[01.31 17:21:25] ┇ INFO    ┇           chrisbase.data ┇ 107	train.include_for_metrics                    	[]
[01.31 17:21:25] ┇ INFO    ┇           chrisbase.data ┇ 108	train.include_inputs_for_metrics             	False
[01.31 17:21:25] ┇ INFO    ┇           chrisbase.data ┇ 109	train.include_num_input_tokens_seen          	False
[01.31 17:21:25] ┇ INFO    ┇           chrisbase.data ┇ 110	train.include_tokens_per_second              	False
[01.31 17:21:25] ┇ INFO    ┇           chrisbase.data ┇ 111	train.jit_mode_eval                          	False
[01.31 17:21:25] ┇ INFO    ┇           chrisbase.data ┇ 112	train.label_names
[01.31 17:21:25] ┇ INFO    ┇           chrisbase.data ┇ 113	train.label_smoothing_factor                 	0.0
[01.31 17:21:25] ┇ INFO    ┇           chrisbase.data ┇ 114	train.learning_rate                          	2e-05
[01.31 17:21:25] ┇ INFO    ┇           chrisbase.data ┇ 115	train.length_column_name                     	length
[01.31 17:21:25] ┇ INFO    ┇           chrisbase.data ┇ 116	train.load_best_model_at_end                 	False
[01.31 17:21:25] ┇ INFO    ┇           chrisbase.data ┇ 117	train.local_rank                             	0
[01.31 17:21:25] ┇ INFO    ┇           chrisbase.data ┇ 118	train.log_level                              	warning
[01.31 17:21:25] ┇ INFO    ┇           chrisbase.data ┇ 119	train.log_level_replica                      	error
[01.31 17:21:25] ┇ INFO    ┇           chrisbase.data ┇ 120	train.log_on_each_node                       	True
[01.31 17:21:25] ┇ INFO    ┇           chrisbase.data ┇ 121	train.logging_dir                            	output/GNER/EAGLE-1B-supervised/runs/Jan31_17-21-23_lirs-b1
[01.31 17:21:25] ┇ INFO    ┇           chrisbase.data ┇ 122	train.logging_epochs                         	-1.0
[01.31 17:21:25] ┇ INFO    ┇           chrisbase.data ┇ 123	train.logging_first_step                     	False
[01.31 17:21:25] ┇ INFO    ┇           chrisbase.data ┇ 124	train.logging_nan_inf_filter                 	True
[01.31 17:21:25] ┇ INFO    ┇           chrisbase.data ┇ 125	train.logging_steps                          	1
[01.31 17:21:25] ┇ INFO    ┇           chrisbase.data ┇ 126	train.logging_strategy                       	IntervalStrategy.STEPS
[01.31 17:21:25] ┇ INFO    ┇           chrisbase.data ┇ 127	train.lr_scheduler_kwargs                    	{}
[01.31 17:21:25] ┇ INFO    ┇           chrisbase.data ┇ 128	train.lr_scheduler_type                      	SchedulerType.COSINE
[01.31 17:21:25] ┇ INFO    ┇           chrisbase.data ┇ 129	train.max_grad_norm                          	1.0
[01.31 17:21:25] ┇ INFO    ┇           chrisbase.data ┇ 130	train.max_steps                              	-1
[01.31 17:21:25] ┇ INFO    ┇           chrisbase.data ┇ 131	train.metric_for_best_model
[01.31 17:21:25] ┇ INFO    ┇           chrisbase.data ┇ 132	train.mp_parameters
[01.31 17:21:25] ┇ INFO    ┇           chrisbase.data ┇ 133	train.neftune_noise_alpha
[01.31 17:21:25] ┇ INFO    ┇           chrisbase.data ┇ 134	train.no_cuda                                	False
[01.31 17:21:25] ┇ INFO    ┇           chrisbase.data ┇ 135	train.num_train_epochs                       	12.0
[01.31 17:21:25] ┇ INFO    ┇           chrisbase.data ┇ 136	train.optim                                  	OptimizerNames.ADAMW_TORCH
[01.31 17:21:25] ┇ INFO    ┇           chrisbase.data ┇ 137	train.optim_args
[01.31 17:21:25] ┇ INFO    ┇           chrisbase.data ┇ 138	train.optim_target_modules
[01.31 17:21:25] ┇ INFO    ┇           chrisbase.data ┇ 139	train.output_dir                             	output/GNER/EAGLE-1B-supervised
[01.31 17:21:25] ┇ INFO    ┇           chrisbase.data ┇ 140	train.overwrite_output_dir                   	True
[01.31 17:21:25] ┇ INFO    ┇           chrisbase.data ┇ 141	train.past_index                             	-1
[01.31 17:21:25] ┇ INFO    ┇           chrisbase.data ┇ 142	train.per_device_eval_batch_size             	25
[01.31 17:21:25] ┇ INFO    ┇           chrisbase.data ┇ 143	train.per_device_train_batch_size            	1
[01.31 17:21:25] ┇ INFO    ┇           chrisbase.data ┇ 144	train.per_gpu_eval_batch_size
[01.31 17:21:25] ┇ INFO    ┇           chrisbase.data ┇ 145	train.per_gpu_train_batch_size
[01.31 17:21:25] ┇ INFO    ┇           chrisbase.data ┇ 146	train.predict_with_generate                  	True
[01.31 17:21:25] ┇ INFO    ┇           chrisbase.data ┇ 147	train.prediction_loss_only                   	False
[01.31 17:21:25] ┇ INFO    ┇           chrisbase.data ┇ 148	train.push_to_hub                            	False
[01.31 17:21:25] ┇ INFO    ┇           chrisbase.data ┇ 149	train.push_to_hub_model_id
[01.31 17:21:25] ┇ INFO    ┇           chrisbase.data ┇ 150	train.push_to_hub_organization
[01.31 17:21:25] ┇ INFO    ┇           chrisbase.data ┇ 151	train.push_to_hub_token
[01.31 17:21:25] ┇ INFO    ┇           chrisbase.data ┇ 152	train.ray_scope                              	last
[01.31 17:21:25] ┇ INFO    ┇           chrisbase.data ┇ 153	train.remove_unused_columns                  	False
[01.31 17:21:25] ┇ INFO    ┇           chrisbase.data ┇ 154	train.report_to                              	[]
[01.31 17:21:25] ┇ INFO    ┇           chrisbase.data ┇ 155	train.restore_callback_states_from_checkpoint	False
[01.31 17:21:25] ┇ INFO    ┇           chrisbase.data ┇ 156	train.resume_from_checkpoint
[01.31 17:21:25] ┇ INFO    ┇           chrisbase.data ┇ 157	train.run_name                               	output/GNER/EAGLE-1B-supervised
[01.31 17:21:25] ┇ INFO    ┇           chrisbase.data ┇ 158	train.save_epochs                            	-1.0
[01.31 17:21:25] ┇ INFO    ┇           chrisbase.data ┇ 159	train.save_on_each_node                      	False
[01.31 17:21:25] ┇ INFO    ┇           chrisbase.data ┇ 160	train.save_only_model                        	False
[01.31 17:21:25] ┇ INFO    ┇           chrisbase.data ┇ 161	train.save_safetensors                       	True
[01.31 17:21:25] ┇ INFO    ┇           chrisbase.data ┇ 162	train.save_steps                             	9223372036854775807
[01.31 17:21:25] ┇ INFO    ┇           chrisbase.data ┇ 163	train.save_strategy                          	SaveStrategy.NO
[01.31 17:21:25] ┇ INFO    ┇           chrisbase.data ┇ 164	train.save_total_limit
[01.31 17:21:25] ┇ INFO    ┇           chrisbase.data ┇ 165	train.seed                                   	7
[01.31 17:21:25] ┇ INFO    ┇           chrisbase.data ┇ 166	train.skip_memory_metrics                    	True
[01.31 17:21:25] ┇ INFO    ┇           chrisbase.data ┇ 167	train.sortish_sampler                        	False
[01.31 17:21:25] ┇ INFO    ┇           chrisbase.data ┇ 168	train.split_batches
[01.31 17:21:25] ┇ INFO    ┇           chrisbase.data ┇ 169	train.tf32                                   	True
[01.31 17:21:25] ┇ INFO    ┇           chrisbase.data ┇ 170	train.torch_compile                          	False
[01.31 17:21:25] ┇ INFO    ┇           chrisbase.data ┇ 171	train.torch_compile_backend
[01.31 17:21:25] ┇ INFO    ┇           chrisbase.data ┇ 172	train.torch_compile_mode
[01.31 17:21:25] ┇ INFO    ┇           chrisbase.data ┇ 173	train.torch_empty_cache_steps
[01.31 17:21:25] ┇ INFO    ┇           chrisbase.data ┇ 174	train.torchdynamo
[01.31 17:21:25] ┇ INFO    ┇           chrisbase.data ┇ 175	train.tpu_metrics_debug                      	False
[01.31 17:21:25] ┇ INFO    ┇           chrisbase.data ┇ 176	train.tpu_num_cores
[01.31 17:21:25] ┇ INFO    ┇           chrisbase.data ┇ 177	train.use_cpu                                	False
[01.31 17:21:25] ┇ INFO    ┇           chrisbase.data ┇ 178	train.use_ipex                               	False
[01.31 17:21:25] ┇ INFO    ┇           chrisbase.data ┇ 179	train.use_legacy_prediction_loop             	False
[01.31 17:21:25] ┇ INFO    ┇           chrisbase.data ┇ 180	train.use_liger_kernel                       	False
[01.31 17:21:25] ┇ INFO    ┇           chrisbase.data ┇ 181	train.use_mps_device                         	False
[01.31 17:21:25] ┇ INFO    ┇           chrisbase.data ┇ 182	train.warmup_ratio                           	0.04
[01.31 17:21:25] ┇ INFO    ┇           chrisbase.data ┇ 183	train.warmup_steps                           	0
[01.31 17:21:25] ┇ INFO    ┇           chrisbase.data ┇ 184	train.weight_decay                           	0.0
[01.31 17:21:25] ┇ INFO    ┇           chrisbase.data ┇ -----------------------------------------------------------------------------------------------------------------------------------------
[01.31 17:21:34] ┇ INFO    ┇                 DeepKNLP ┇ type(model)=<class 'transformers.models.gpt_neox.modeling_gpt_neox.GPTNeoXForCausalLM'>
[01.31 17:21:34] ┇ INFO    ┇                 DeepKNLP ┇ model.generation_config.pad_token_id=0
[01.31 17:21:35] ┇ INFO    ┇                 DeepKNLP ┇ Loaded raw train_dataset (#=100): data/gner/each/crossner_literature-train.jsonl
[01.31 17:21:35] ┇ INFO    ┇                 DeepKNLP ┇ Preprocess train_dataset:   4%|▊                   |   4/100 [0:00:00<0:00:14, 6.60Hz]
[01.31 17:21:35] ┇ INFO    ┇                 DeepKNLP ┇ Preprocess train_dataset: 100%|████████████████████| 100/100 [0:00:00<0:00:00, 157.23Hz]
[01.31 17:21:36] ┇ INFO    ┇                 DeepKNLP ┇ Completed preprocessing for train_dataset at [01.31 17:21:36]
[01.31 17:21:36] ┇ INFO    ┇                 DeepKNLP ┇ Loaded raw eval_dataset (#=100): data/gner/each-sampled/crossner_literature-dev=100.jsonl
[01.31 17:21:37] ┇ INFO    ┇                 DeepKNLP ┇ Preprocess eval_dataset:   4%|▊                   |   4/100 [0:00:00<0:00:17, 5.60Hz]
[01.31 17:21:37] ┇ INFO    ┇                 DeepKNLP ┇ Preprocess eval_dataset: 100%|████████████████████| 100/100 [0:00:00<0:00:00, 136.19Hz]
[01.31 17:21:38] ┇ INFO    ┇                 DeepKNLP ┇ Completed preprocessing for eval_dataset at [01.31 17:21:37]
[01.31 17:21:52] ┇ WARNING ┇                DeepSpeed ┇ Attempting to get learning rate from scheduler before it has started
[01.31 17:21:52] ┇ INFO    ┇    DeepKNLP.gner.trainer ┇ -----------------------------------------------------------------------------------------------------------------------------------------
[01.31 17:21:52] ┇ INFO    ┇    DeepKNLP.gner.trainer ┇ ***** Beginning Training *****
[01.31 17:21:52] ┇ INFO    ┇    DeepKNLP.gner.trainer ┇ >> Train Epochs       = 12.0
[01.31 17:21:52] ┇ INFO    ┇    DeepKNLP.gner.trainer ┇ >> Train Examples     = 100
[01.31 17:21:52] ┇ INFO    ┇    DeepKNLP.gner.trainer ┇ >> Train Batch Size   = 4 = 1 * 1 * 4
[01.31 17:21:52] ┇ INFO    ┇    DeepKNLP.gner.trainer ┇ >> Train Optim Steps  = 300 = 25 * 12.0
[01.31 17:21:52] ┇ INFO    ┇    DeepKNLP.gner.trainer ┇ >> Train Model Params = 1,341,247,488
[01.31 17:21:52] ┇ INFO    ┇    DeepKNLP.gner.trainer ┇ >> Eval Examples      = 100
[01.31 17:21:52] ┇ INFO    ┇    DeepKNLP.gner.trainer ┇ >> Eval Batch Size    = 100 = 25 * 4
[01.31 17:21:52] ┇ INFO    ┇    DeepKNLP.gner.trainer ┇ >> Trainer Callbacks  = DefaultFlowCallback, CustomProgressCallback
[01.31 17:21:52] ┇ INFO    ┇    DeepKNLP.gner.trainer ┇ >> Zero Optim Stage   = 0
[01.31 17:21:53] ┇ INFO    ┇    DeepKNLP.gner.trainer ┇ [training]   0%|                    |   1/300 [0:00:00<0:02:01, 2.47Hz] | epoch=0.04, loss=1.3223
[01.31 17:21:53] ┇ INFO    ┇    DeepKNLP.gner.trainer ┇ [training]   1%|▏                   |   2/300 [0:00:00<0:01:23, 3.58Hz] | epoch=0.08, loss=1.1523
[01.31 17:21:53] ┇ INFO    ┇    DeepKNLP.gner.trainer ┇ [training]   1%|▏                   |   3/300 [0:00:00<0:01:10, 4.19Hz] | epoch=0.12, loss=1.2188
[01.31 17:21:53] ┇ INFO    ┇    DeepKNLP.gner.trainer ┇ [training]   1%|▎                   |   4/300 [0:00:00<0:01:05, 4.53Hz] | epoch=0.16, loss=1.4922
[01.31 17:21:54] ┇ INFO    ┇    DeepKNLP.gner.trainer ┇ [training]   2%|▎                   |   5/300 [0:00:02<0:01:58, 2.49Hz] | epoch=0.20, loss=1.0244
[01.31 17:22:01] ┇ INFO    ┇    DeepKNLP.gner.trainer ┇ [checking] 100%|████████████████████| 1/1 [0:00:00<0:00:00, 40290.50Hz]
[01.31 17:22:01] ┇ INFO    ┇    DeepKNLP.gner.trainer ┇ [training]   2%|▎                   |   5/300 [0:00:02<0:01:58, 2.49Hz] | epoch=0.20, eval_average=0.0000
[01.31 17:22:02] ┇ INFO    ┇    DeepKNLP.gner.trainer ┇ [training]   2%|▍                   |   6/300 [0:00:09<0:07:38, 0.64Hz] | epoch=0.24, loss=0.7349
[01.31 17:22:02] ┇ INFO    ┇    DeepKNLP.gner.trainer ┇ [training]   2%|▍                   |   7/300 [0:00:09<0:06:38, 0.74Hz] | epoch=0.28, loss=0.4565
[01.31 17:22:02] ┇ INFO    ┇    DeepKNLP.gner.trainer ┇ [training]   3%|▌                   |   8/300 [0:00:09<0:05:53, 0.83Hz] | epoch=0.32, loss=0.3142
[01.31 17:22:02] ┇ INFO    ┇    DeepKNLP.gner.trainer ┇ [training]   3%|▌                   |   9/300 [0:00:09<0:05:18, 0.91Hz] | epoch=0.36, loss=0.2134
[01.31 17:22:02] ┇ INFO    ┇    DeepKNLP.gner.trainer ┇ [training]   3%|▋                   |  10/300 [0:00:09<0:04:49, 1.00Hz] | epoch=0.40, loss=0.2512
[01.31 17:22:08] ┇ INFO    ┇    DeepKNLP.gner.trainer ┇ [checking] 100%|████████████████████| 1/1 [0:00:00<0:00:00, 39948.72Hz]
[01.31 17:22:09] ┇ INFO    ┇    DeepKNLP.gner.trainer ┇ [training]   3%|▋                   |  10/300 [0:00:09<0:04:49, 1.00Hz] | epoch=0.40, eval_average=0.0087
[01.31 17:22:09] ┇ INFO    ┇    DeepKNLP.gner.trainer ┇ [training]   4%|▋                   |  11/300 [0:00:16<0:07:14, 0.66Hz] | epoch=0.44, loss=0.2659
[01.31 17:22:09] ┇ INFO    ┇    DeepKNLP.gner.trainer ┇ [training]   4%|▊                   |  12/300 [0:00:16<0:06:40, 0.72Hz] | epoch=0.48, loss=0.2781
[01.31 17:22:09] ┇ INFO    ┇    DeepKNLP.gner.trainer ┇ [training]   4%|▊                   |  13/300 [0:00:16<0:06:12, 0.77Hz] | epoch=0.52, loss=0.2625
[01.31 17:22:09] ┇ INFO    ┇    DeepKNLP.gner.trainer ┇ [training]   5%|▉                   |  14/300 [0:00:17<0:05:47, 0.82Hz] | epoch=0.56, loss=0.2106
[01.31 17:22:09] ┇ INFO    ┇    DeepKNLP.gner.trainer ┇ [training]   5%|█                   |  15/300 [0:00:17<0:05:26, 0.87Hz] | epoch=0.60, loss=0.2157
[01.31 17:22:16] ┇ INFO    ┇    DeepKNLP.gner.trainer ┇ [checking] 100%|████████████████████| 1/1 [0:00:00<0:00:00, 46962.12Hz]
[01.31 17:22:16] ┇ INFO    ┇    DeepKNLP.gner.trainer ┇ [training]   5%|█                   |  15/300 [0:00:17<0:05:26, 0.87Hz] | epoch=0.60, eval_average=0.0748
[01.31 17:22:16] ┇ INFO    ┇    DeepKNLP.gner.trainer ┇ [training]   5%|█                   |  16/300 [0:00:23<0:07:01, 0.67Hz] | epoch=0.64, loss=0.1569
[01.31 17:22:16] ┇ INFO    ┇    DeepKNLP.gner.trainer ┇ [training]   6%|█▏                  |  17/300 [0:00:23<0:06:37, 0.71Hz] | epoch=0.68, loss=0.1086
[01.31 17:22:16] ┇ INFO    ┇    DeepKNLP.gner.trainer ┇ [training]   6%|█▏                  |  18/300 [0:00:24<0:06:16, 0.75Hz] | epoch=0.72, loss=0.1221
[01.31 17:22:16] ┇ INFO    ┇    DeepKNLP.gner.trainer ┇ [training]   6%|█▎                  |  19/300 [0:00:24<0:05:58, 0.78Hz] | epoch=0.76, loss=0.0854
[01.31 17:22:17] ┇ INFO    ┇    DeepKNLP.gner.trainer ┇ [training]   7%|█▎                  |  20/300 [0:00:24<0:05:41, 0.82Hz] | epoch=0.80, loss=0.1025
[01.31 17:22:23] ┇ INFO    ┇    DeepKNLP.gner.trainer ┇ [checking] 100%|████████████████████| 1/1 [0:00:00<0:00:00, 44851.37Hz]
[01.31 17:22:23] ┇ INFO    ┇    DeepKNLP.gner.trainer ┇ [training]   7%|█▎                  |  20/300 [0:00:24<0:05:41, 0.82Hz] | epoch=0.80, eval_average=0.2442
[01.31 17:22:23] ┇ INFO    ┇    DeepKNLP.gner.trainer ┇ [training]   7%|█▍                  |  21/300 [0:00:30<0:06:51, 0.68Hz] | epoch=0.84, loss=0.0790
[01.31 17:22:23] ┇ INFO    ┇    DeepKNLP.gner.trainer ┇ [training]   7%|█▍                  |  22/300 [0:00:31<0:06:32, 0.71Hz] | epoch=0.88, loss=0.1109
[01.31 17:22:23] ┇ INFO    ┇    DeepKNLP.gner.trainer ┇ [training]   8%|█▌                  |  23/300 [0:00:31<0:06:16, 0.74Hz] | epoch=0.92, loss=0.1041
[01.31 17:22:24] ┇ INFO    ┇    DeepKNLP.gner.trainer ┇ [training]   8%|█▌                  |  24/300 [0:00:31<0:06:01, 0.76Hz] | epoch=0.96, loss=0.1580
[01.31 17:22:24] ┇ INFO    ┇    DeepKNLP.gner.trainer ┇ [training]   8%|█▋                  |  25/300 [0:00:31<0:05:47, 0.79Hz] | epoch=1.00, loss=0.1128
[01.31 17:22:30] ┇ INFO    ┇    DeepKNLP.gner.trainer ┇ [checking] 100%|████████████████████| 1/1 [0:00:00<0:00:00, 46502.46Hz]
[01.31 17:22:30] ┇ INFO    ┇    DeepKNLP.gner.trainer ┇ [training]   8%|█▋                  |  25/300 [0:00:31<0:05:47, 0.79Hz] | epoch=1.00, eval_average=0.2804
[01.31 17:22:30] ┇ INFO    ┇    DeepKNLP.gner.trainer ┇ [training]   9%|█▋                  |  26/300 [0:00:38<0:06:41, 0.68Hz] | epoch=1.04, loss=0.0878
[01.31 17:22:30] ┇ INFO    ┇    DeepKNLP.gner.trainer ┇ [training]   9%|█▊                  |  27/300 [0:00:38<0:06:26, 0.71Hz] | epoch=1.08, loss=0.1227
[01.31 17:22:31] ┇ INFO    ┇    DeepKNLP.gner.trainer ┇ [training]   9%|█▊                  |  28/300 [0:00:38<0:06:13, 0.73Hz] | epoch=1.12, loss=0.0641
[01.31 17:22:31] ┇ INFO    ┇    DeepKNLP.gner.trainer ┇ [training]  10%|█▉                  |  29/300 [0:00:38<0:06:00, 0.75Hz] | epoch=1.16, loss=0.0391
[01.31 17:22:31] ┇ INFO    ┇    DeepKNLP.gner.trainer ┇ [training]  10%|██                  |  30/300 [0:00:38<0:05:48, 0.77Hz] | epoch=1.20, loss=0.0371
[01.31 17:22:37] ┇ INFO    ┇    DeepKNLP.gner.trainer ┇ [checking] 100%|████████████████████| 1/1 [0:00:00<0:00:00, 46680.37Hz]
[01.31 17:22:37] ┇ INFO    ┇    DeepKNLP.gner.trainer ┇ [training]  10%|██                  |  30/300 [0:00:38<0:05:48, 0.77Hz] | epoch=1.20, eval_average=0.2811
[01.31 17:22:37] ┇ INFO    ┇    DeepKNLP.gner.trainer ┇ [training]  10%|██                  |  31/300 [0:00:45<0:06:31, 0.69Hz] | epoch=1.24, loss=0.0601
[01.31 17:22:37] ┇ INFO    ┇    DeepKNLP.gner.trainer ┇ [training]  11%|██▏                 |  32/300 [0:00:45<0:06:19, 0.71Hz] | epoch=1.28, loss=0.0401
[01.31 17:22:38] ┇ INFO    ┇    DeepKNLP.gner.trainer ┇ [training]  11%|██▏                 |  33/300 [0:00:45<0:06:07, 0.73Hz] | epoch=1.32, loss=0.0739
[01.31 17:22:38] ┇ INFO    ┇    DeepKNLP.gner.trainer ┇ [training]  11%|██▎                 |  34/300 [0:00:45<0:05:56, 0.75Hz] | epoch=1.36, loss=0.0549
[01.31 17:22:38] ┇ INFO    ┇    DeepKNLP.gner.trainer ┇ [training]  12%|██▎                 |  35/300 [0:00:45<0:05:46, 0.77Hz] | epoch=1.40, loss=0.0931
[01.31 17:22:44] ┇ INFO    ┇    DeepKNLP.gner.trainer ┇ [checking] 100%|████████████████████| 1/1 [0:00:00<0:00:00, 84586.56Hz]
[01.31 17:22:44] ┇ INFO    ┇    DeepKNLP.gner.trainer ┇ [training]  12%|██▎                 |  35/300 [0:00:45<0:05:46, 0.77Hz] | epoch=1.40, eval_average=0.4819
[01.31 17:22:44] ┇ INFO    ┇    DeepKNLP.gner.trainer ┇ [training]  12%|██▍                 |  36/300 [0:00:52<0:06:22, 0.69Hz] | epoch=1.44, loss=0.0603
[01.31 17:22:44] ┇ INFO    ┇    DeepKNLP.gner.trainer ┇ [training]  12%|██▍                 |  37/300 [0:00:52<0:06:11, 0.71Hz] | epoch=1.48, loss=0.0934
[01.31 17:22:45] ┇ INFO    ┇    DeepKNLP.gner.trainer ┇ [training]  13%|██▌                 |  38/300 [0:00:52<0:06:01, 0.72Hz] | epoch=1.52, loss=0.0608
[01.31 17:22:45] ┇ INFO    ┇    DeepKNLP.gner.trainer ┇ [training]  13%|██▌                 |  39/300 [0:00:52<0:05:52, 0.74Hz] | epoch=1.56, loss=0.0770
[01.31 17:22:45] ┇ INFO    ┇    DeepKNLP.gner.trainer ┇ [training]  13%|██▋                 |  40/300 [0:00:52<0:05:43, 0.76Hz] | epoch=1.60, loss=0.0481
[01.31 17:22:51] ┇ INFO    ┇    DeepKNLP.gner.trainer ┇ [checking] 100%|████████████████████| 1/1 [0:00:00<0:00:00, 45800.28Hz]
[01.31 17:22:51] ┇ INFO    ┇    DeepKNLP.gner.trainer ┇ [training]  13%|██▋                 |  40/300 [0:00:52<0:05:43, 0.76Hz] | epoch=1.60, eval_average=0.5252
[01.31 17:22:51] ┇ INFO    ┇    DeepKNLP.gner.trainer ┇ [training]  14%|██▋                 |  41/300 [0:00:59<0:06:14, 0.69Hz] | epoch=1.64, loss=0.0842
[01.31 17:22:52] ┇ INFO    ┇    DeepKNLP.gner.trainer ┇ [training]  14%|██▊                 |  42/300 [0:00:59<0:06:05, 0.71Hz] | epoch=1.68, loss=0.1348
[01.31 17:22:52] ┇ INFO    ┇    DeepKNLP.gner.trainer ┇ [training]  14%|██▊                 |  43/300 [0:00:59<0:05:56, 0.72Hz] | epoch=1.72, loss=0.1385
[01.31 17:22:52] ┇ INFO    ┇    DeepKNLP.gner.trainer ┇ [training]  15%|██▉                 |  44/300 [0:00:59<0:05:47, 0.74Hz] | epoch=1.76, loss=0.0742
[01.31 17:22:52] ┇ INFO    ┇    DeepKNLP.gner.trainer ┇ [training]  15%|███                 |  45/300 [0:00:59<0:05:39, 0.75Hz] | epoch=1.80, loss=0.0764
[01.31 17:22:58] ┇ INFO    ┇    DeepKNLP.gner.trainer ┇ [checking] 100%|████████████████████| 1/1 [0:00:00<0:00:00, 47751.57Hz]
[01.31 17:22:59] ┇ INFO    ┇    DeepKNLP.gner.trainer ┇ [training]  15%|███                 |  45/300 [0:00:59<0:05:39, 0.75Hz] | epoch=1.80, eval_average=0.4487
[01.31 17:22:59] ┇ INFO    ┇    DeepKNLP.gner.trainer ┇ [training]  15%|███                 |  46/300 [0:01:06<0:06:07, 0.69Hz] | epoch=1.84, loss=0.0602
[01.31 17:22:59] ┇ INFO    ┇    DeepKNLP.gner.trainer ┇ [training]  16%|███▏                |  47/300 [0:01:06<0:05:58, 0.70Hz] | epoch=1.88, loss=0.0731
[01.31 17:22:59] ┇ INFO    ┇    DeepKNLP.gner.trainer ┇ [training]  16%|███▏                |  48/300 [0:01:06<0:05:50, 0.72Hz] | epoch=1.92, loss=0.0668
[01.31 17:22:59] ┇ INFO    ┇    DeepKNLP.gner.trainer ┇ [training]  16%|███▎                |  49/300 [0:01:06<0:05:43, 0.73Hz] | epoch=1.96, loss=0.0302
[01.31 17:22:59] ┇ INFO    ┇    DeepKNLP.gner.trainer ┇ [training]  17%|███▎                |  50/300 [0:01:07<0:05:35, 0.74Hz] | epoch=2.00, loss=0.0578
[01.31 17:23:05] ┇ INFO    ┇    DeepKNLP.gner.trainer ┇ [checking] 100%|████████████████████| 1/1 [0:00:00<0:00:00, 85598.04Hz]
[01.31 17:23:06] ┇ INFO    ┇    DeepKNLP.gner.trainer ┇ [training]  17%|███▎                |  50/300 [0:01:07<0:05:35, 0.74Hz] | epoch=2.00, eval_average=0.3792
[01.31 17:23:06] ┇ INFO    ┇    DeepKNLP.gner.trainer ┇ [training]  17%|███▍                |  51/300 [0:01:13<0:05:58, 0.69Hz] | epoch=2.04, loss=0.0412
[01.31 17:23:06] ┇ INFO    ┇    DeepKNLP.gner.trainer ┇ [training]  17%|███▍                |  52/300 [0:01:13<0:05:51, 0.71Hz] | epoch=2.08, loss=0.0623
[01.31 17:23:06] ┇ INFO    ┇    DeepKNLP.gner.trainer ┇ [training]  18%|███▌                |  53/300 [0:01:13<0:05:44, 0.72Hz] | epoch=2.12, loss=0.0439
[01.31 17:23:06] ┇ INFO    ┇    DeepKNLP.gner.trainer ┇ [training]  18%|███▌                |  54/300 [0:01:13<0:05:37, 0.73Hz] | epoch=2.16, loss=0.0314
[01.31 17:23:06] ┇ INFO    ┇    DeepKNLP.gner.trainer ┇ [training]  18%|███▋                |  55/300 [0:01:14<0:05:30, 0.74Hz] | epoch=2.20, loss=0.0544
[01.31 17:23:13] ┇ INFO    ┇    DeepKNLP.gner.trainer ┇ [checking] 100%|████████████████████| 1/1 [0:00:00<0:00:00, 20962.51Hz]
[01.31 17:23:13] ┇ INFO    ┇    DeepKNLP.gner.trainer ┇ [training]  18%|███▋                |  55/300 [0:01:14<0:05:30, 0.74Hz] | epoch=2.20, eval_average=0.4974
[01.31 17:23:13] ┇ INFO    ┇    DeepKNLP.gner.trainer ┇ [training]  19%|███▋                |  56/300 [0:01:20<0:05:51, 0.69Hz] | epoch=2.24, loss=0.0242
[01.31 17:23:13] ┇ INFO    ┇    DeepKNLP.gner.trainer ┇ [training]  19%|███▊                |  57/300 [0:01:20<0:05:44, 0.70Hz] | epoch=2.28, loss=0.0590
[01.31 17:23:13] ┇ INFO    ┇    DeepKNLP.gner.trainer ┇ [training]  19%|███▊                |  58/300 [0:01:21<0:05:38, 0.72Hz] | epoch=2.32, loss=0.0564
[01.31 17:23:13] ┇ INFO    ┇    DeepKNLP.gner.trainer ┇ [training]  20%|███▉                |  59/300 [0:01:21<0:05:31, 0.73Hz] | epoch=2.36, loss=0.0262
[01.31 17:23:14] ┇ INFO    ┇    DeepKNLP.gner.trainer ┇ [training]  20%|████                |  60/300 [0:01:21<0:05:25, 0.74Hz] | epoch=2.40, loss=0.0652
[01.31 17:23:20] ┇ INFO    ┇    DeepKNLP.gner.trainer ┇ [checking] 100%|████████████████████| 1/1 [0:00:00<0:00:00, 9243.33Hz]
[01.31 17:23:20] ┇ INFO    ┇    DeepKNLP.gner.trainer ┇ [training]  20%|████                |  60/300 [0:01:21<0:05:25, 0.74Hz] | epoch=2.40, eval_average=0.4272
[01.31 17:23:20] ┇ INFO    ┇    DeepKNLP.gner.trainer ┇ [training]  20%|████                |  61/300 [0:01:28<0:05:44, 0.69Hz] | epoch=2.44, loss=0.0176
[01.31 17:23:20] ┇ INFO    ┇    DeepKNLP.gner.trainer ┇ [training]  21%|████▏               |  62/300 [0:01:28<0:05:38, 0.70Hz] | epoch=2.48, loss=0.0498
[01.31 17:23:20] ┇ INFO    ┇    DeepKNLP.gner.trainer ┇ [training]  21%|████▏               |  63/300 [0:01:28<0:05:32, 0.71Hz] | epoch=2.52, loss=0.0254
[01.31 17:23:21] ┇ INFO    ┇    DeepKNLP.gner.trainer ┇ [training]  21%|████▎               |  64/300 [0:01:28<0:05:29, 0.72Hz] | epoch=2.56, loss=0.0113
[01.31 17:23:21] ┇ INFO    ┇    DeepKNLP.gner.trainer ┇ [training]  22%|████▎               |  65/300 [0:01:28<0:05:28, 0.72Hz] | epoch=2.60, loss=0.0161
[01.31 17:23:27] ┇ INFO    ┇    DeepKNLP.gner.trainer ┇ [checking] 100%|████████████████████| 1/1 [0:00:00<0:00:00, 52174.04Hz]
[01.31 17:23:27] ┇ INFO    ┇    DeepKNLP.gner.trainer ┇ [training]  22%|████▎               |  65/300 [0:01:28<0:05:28, 0.72Hz] | epoch=2.60, eval_average=0.4994
[01.31 17:23:27] ┇ INFO    ┇    DeepKNLP.gner.trainer ┇ [training]  22%|████▍               |  66/300 [0:01:35<0:05:50, 0.67Hz] | epoch=2.64, loss=0.0101
[01.31 17:23:27] ┇ INFO    ┇    DeepKNLP.gner.trainer ┇ [training]  22%|████▍               |  67/300 [0:01:35<0:05:49, 0.67Hz] | epoch=2.68, loss=0.0309
[01.31 17:23:28] ┇ INFO    ┇    DeepKNLP.gner.trainer ┇ [training]  23%|████▌               |  68/300 [0:01:35<0:05:44, 0.67Hz] | epoch=2.72, loss=0.0445
[01.31 17:23:28] ┇ INFO    ┇    DeepKNLP.gner.trainer ┇ [training]  23%|████▌               |  69/300 [0:01:35<0:05:16, 0.73Hz] | epoch=2.76, loss=0.0921
[01.31 17:23:28] ┇ INFO    ┇    DeepKNLP.gner.trainer ┇ [training]  23%|████▋               |  70/300 [0:01:35<0:05:14, 0.73Hz] | epoch=2.80, loss=0.0157
[01.31 17:23:34] ┇ INFO    ┇    DeepKNLP.gner.trainer ┇ [checking] 100%|████████████████████| 1/1 [0:00:00<0:00:00, 30870.62Hz]
[01.31 17:23:34] ┇ INFO    ┇    DeepKNLP.gner.trainer ┇ [training]  23%|████▋               |  70/300 [0:01:35<0:05:14, 0.73Hz] | epoch=2.80, eval_average=0.4912
[01.31 17:23:35] ┇ INFO    ┇    DeepKNLP.gner.trainer ┇ [training]  24%|████▋               |  71/300 [0:01:42<0:05:36, 0.68Hz] | epoch=2.84, loss=0.0293
[01.31 17:23:35] ┇ INFO    ┇    DeepKNLP.gner.trainer ┇ [training]  24%|████▊               |  72/300 [0:01:42<0:05:35, 0.68Hz] | epoch=2.88, loss=0.0422
[01.31 17:23:35] ┇ INFO    ┇    DeepKNLP.gner.trainer ┇ [training]  24%|████▊               |  73/300 [0:01:42<0:05:34, 0.68Hz] | epoch=2.92, loss=0.0622
[01.31 17:23:35] ┇ INFO    ┇    DeepKNLP.gner.trainer ┇ [training]  25%|████▉               |  74/300 [0:01:42<0:05:09, 0.73Hz] | epoch=2.96, loss=0.0508
[01.31 17:23:35] ┇ INFO    ┇    DeepKNLP.gner.trainer ┇ [training]  25%|█████               |  75/300 [0:01:43<0:05:08, 0.73Hz] | epoch=3.00, loss=0.0295
[01.31 17:23:41] ┇ INFO    ┇    DeepKNLP.gner.trainer ┇ [checking] 100%|████████████████████| 1/1 [0:00:00<0:00:00, 27409.55Hz]
[01.31 17:23:42] ┇ INFO    ┇    DeepKNLP.gner.trainer ┇ [training]  25%|█████               |  75/300 [0:01:43<0:05:08, 0.73Hz] | epoch=3.00, eval_average=0.4983
[01.31 17:23:42] ┇ INFO    ┇    DeepKNLP.gner.trainer ┇ [training]  25%|█████               |  76/300 [0:01:49<0:05:29, 0.68Hz] | epoch=3.04, loss=0.0566
[01.31 17:23:42] ┇ INFO    ┇    DeepKNLP.gner.trainer ┇ [training]  26%|█████▏              |  77/300 [0:01:49<0:05:28, 0.68Hz] | epoch=3.08, loss=0.0182
[01.31 17:23:42] ┇ INFO    ┇    DeepKNLP.gner.trainer ┇ [training]  26%|█████▏              |  78/300 [0:01:49<0:05:26, 0.68Hz] | epoch=3.12, loss=0.0194
[01.31 17:23:42] ┇ INFO    ┇    DeepKNLP.gner.trainer ┇ [training]  26%|█████▎              |  79/300 [0:01:50<0:05:02, 0.73Hz] | epoch=3.16, loss=0.0432
[01.31 17:23:42] ┇ INFO    ┇    DeepKNLP.gner.trainer ┇ [training]  27%|█████▎              |  80/300 [0:01:50<0:05:01, 0.73Hz] | epoch=3.20, loss=0.0090
[01.31 17:23:48] ┇ INFO    ┇    DeepKNLP.gner.trainer ┇ [checking] 100%|████████████████████| 1/1 [0:00:00<0:00:00, 28344.38Hz]
[01.31 17:23:49] ┇ INFO    ┇    DeepKNLP.gner.trainer ┇ [training]  27%|█████▎              |  80/300 [0:01:50<0:05:01, 0.73Hz] | epoch=3.20, eval_average=0.5090
[01.31 17:23:49] ┇ INFO    ┇    DeepKNLP.gner.trainer ┇ [training]  27%|█████▍              |  81/300 [0:01:56<0:05:21, 0.68Hz] | epoch=3.24, loss=0.0158
[01.31 17:23:49] ┇ INFO    ┇    DeepKNLP.gner.trainer ┇ [training]  27%|█████▍              |  82/300 [0:01:56<0:05:20, 0.68Hz] | epoch=3.28, loss=0.0034
[01.31 17:23:49] ┇ INFO    ┇    DeepKNLP.gner.trainer ┇ [training]  28%|█████▌              |  83/300 [0:01:56<0:05:18, 0.68Hz] | epoch=3.32, loss=0.0060
[01.31 17:23:49] ┇ INFO    ┇    DeepKNLP.gner.trainer ┇ [training]  28%|█████▌              |  84/300 [0:01:57<0:04:55, 0.73Hz] | epoch=3.36, loss=0.0039
[01.31 17:23:49] ┇ INFO    ┇    DeepKNLP.gner.trainer ┇ [training]  28%|█████▋              |  85/300 [0:01:57<0:04:53, 0.73Hz] | epoch=3.40, loss=0.0348
[01.31 17:23:56] ┇ INFO    ┇    DeepKNLP.gner.trainer ┇ [checking] 100%|████████████████████| 1/1 [0:00:00<0:00:00, 29223.83Hz]
[01.31 17:23:56] ┇ INFO    ┇    DeepKNLP.gner.trainer ┇ [training]  28%|█████▋              |  85/300 [0:01:57<0:04:53, 0.73Hz] | epoch=3.40, eval_average=0.5197
[01.31 17:23:56] ┇ INFO    ┇    DeepKNLP.gner.trainer ┇ [training]  29%|█████▋              |  86/300 [0:02:03<0:05:14, 0.68Hz] | epoch=3.44, loss=0.0114
[01.31 17:23:56] ┇ INFO    ┇    DeepKNLP.gner.trainer ┇ [training]  29%|█████▊              |  87/300 [0:02:03<0:05:12, 0.68Hz] | epoch=3.48, loss=0.0254
[01.31 17:23:56] ┇ INFO    ┇    DeepKNLP.gner.trainer ┇ [training]  29%|█████▊              |  88/300 [0:02:04<0:05:11, 0.68Hz] | epoch=3.52, loss=0.0241
[01.31 17:23:56] ┇ INFO    ┇    DeepKNLP.gner.trainer ┇ [training]  30%|█████▉              |  89/300 [0:02:04<0:04:48, 0.73Hz] | epoch=3.56, loss=0.0242
[01.31 17:23:57] ┇ INFO    ┇    DeepKNLP.gner.trainer ┇ [training]  30%|██████              |  90/300 [0:02:04<0:04:46, 0.73Hz] | epoch=3.60, loss=0.0060
[01.31 17:24:03] ┇ INFO    ┇    DeepKNLP.gner.trainer ┇ [checking] 100%|████████████████████| 1/1 [0:00:00<0:00:00, 24826.40Hz]
[01.31 17:24:03] ┇ INFO    ┇    DeepKNLP.gner.trainer ┇ [training]  30%|██████              |  90/300 [0:02:04<0:04:46, 0.73Hz] | epoch=3.60, eval_average=0.5548
[01.31 17:24:03] ┇ INFO    ┇    DeepKNLP.gner.trainer ┇ [training]  30%|██████              |  91/300 [0:02:10<0:05:07, 0.68Hz] | epoch=3.64, loss=0.0109
[01.31 17:24:03] ┇ INFO    ┇    DeepKNLP.gner.trainer ┇ [training]  31%|██████▏             |  92/300 [0:02:11<0:05:05, 0.68Hz] | epoch=3.68, loss=0.0265
[01.31 17:24:03] ┇ INFO    ┇    DeepKNLP.gner.trainer ┇ [training]  31%|██████▏             |  93/300 [0:02:11<0:05:04, 0.68Hz] | epoch=3.72, loss=0.0090
[01.31 17:24:04] ┇ INFO    ┇    DeepKNLP.gner.trainer ┇ [training]  31%|██████▎             |  94/300 [0:02:11<0:04:42, 0.73Hz] | epoch=3.76, loss=0.0046
[01.31 17:24:04] ┇ INFO    ┇    DeepKNLP.gner.trainer ┇ [training]  32%|██████▎             |  95/300 [0:02:11<0:04:40, 0.73Hz] | epoch=3.80, loss=0.0015
[01.31 17:24:10] ┇ INFO    ┇    DeepKNLP.gner.trainer ┇ [checking] 100%|████████████████████| 1/1 [0:00:00<0:00:00, 26522.62Hz]
[01.31 17:24:10] ┇ INFO    ┇    DeepKNLP.gner.trainer ┇ [training]  32%|██████▎             |  95/300 [0:02:11<0:04:40, 0.73Hz] | epoch=3.80, eval_average=0.5012
[01.31 17:24:10] ┇ INFO    ┇    DeepKNLP.gner.trainer ┇ [training]  32%|██████▍             |  96/300 [0:02:18<0:05:00, 0.68Hz] | epoch=3.84, loss=0.0310
[01.31 17:24:11] ┇ INFO    ┇    DeepKNLP.gner.trainer ┇ [training]  32%|██████▍             |  97/300 [0:02:18<0:04:59, 0.68Hz] | epoch=3.88, loss=0.0219
[01.31 17:24:11] ┇ INFO    ┇    DeepKNLP.gner.trainer ┇ [training]  33%|██████▌             |  98/300 [0:02:18<0:04:57, 0.68Hz] | epoch=3.92, loss=0.0048
[01.31 17:24:11] ┇ INFO    ┇    DeepKNLP.gner.trainer ┇ [training]  33%|██████▌             |  99/300 [0:02:18<0:04:36, 0.73Hz] | epoch=3.96, loss=0.0065
[01.31 17:24:11] ┇ INFO    ┇    DeepKNLP.gner.trainer ┇ [training]  33%|██████▋             | 100/300 [0:02:18<0:04:34, 0.73Hz] | epoch=4.00, loss=0.0088
[01.31 17:24:17] ┇ INFO    ┇    DeepKNLP.gner.trainer ┇ [checking] 100%|████████████████████| 1/1 [0:00:00<0:00:00, 31803.26Hz]
[01.31 17:24:17] ┇ INFO    ┇    DeepKNLP.gner.trainer ┇ [training]  33%|██████▋             | 100/300 [0:02:18<0:04:34, 0.73Hz] | epoch=4.00, eval_average=0.5217
[01.31 17:24:17] ┇ INFO    ┇    DeepKNLP.gner.trainer ┇ [training]  34%|██████▋             | 101/300 [0:02:25<0:04:53, 0.68Hz] | epoch=4.04, loss=0.0020
[01.31 17:24:18] ┇ INFO    ┇    DeepKNLP.gner.trainer ┇ [training]  34%|██████▊             | 102/300 [0:02:25<0:04:51, 0.68Hz] | epoch=4.08, loss=0.0012
[01.31 17:24:18] ┇ INFO    ┇    DeepKNLP.gner.trainer ┇ [training]  34%|██████▊             | 103/300 [0:02:25<0:04:50, 0.68Hz] | epoch=4.12, loss=0.0015
[01.31 17:24:18] ┇ INFO    ┇    DeepKNLP.gner.trainer ┇ [training]  35%|██████▉             | 104/300 [0:02:25<0:04:28, 0.73Hz] | epoch=4.16, loss=0.0044
[01.31 17:24:18] ┇ INFO    ┇    DeepKNLP.gner.trainer ┇ [training]  35%|███████             | 105/300 [0:02:25<0:04:27, 0.73Hz] | epoch=4.20, loss=0.0012
[01.31 17:24:24] ┇ INFO    ┇    DeepKNLP.gner.trainer ┇ [checking] 100%|████████████████████| 1/1 [0:00:00<0:00:00, 53973.15Hz]
[01.31 17:24:25] ┇ INFO    ┇    DeepKNLP.gner.trainer ┇ [training]  35%|███████             | 105/300 [0:02:25<0:04:27, 0.73Hz] | epoch=4.20, eval_average=0.5363
[01.31 17:24:25] ┇ INFO    ┇    DeepKNLP.gner.trainer ┇ [training]  35%|███████             | 106/300 [0:02:32<0:04:46, 0.68Hz] | epoch=4.24, loss=0.0047
[01.31 17:24:25] ┇ INFO    ┇    DeepKNLP.gner.trainer ┇ [training]  36%|███████▏            | 107/300 [0:02:32<0:04:44, 0.68Hz] | epoch=4.28, loss=0.0191
[01.31 17:24:25] ┇ INFO    ┇    DeepKNLP.gner.trainer ┇ [training]  36%|███████▏            | 108/300 [0:02:32<0:04:43, 0.68Hz] | epoch=4.32, loss=0.0005
[01.31 17:24:25] ┇ INFO    ┇    DeepKNLP.gner.trainer ┇ [training]  36%|███████▎            | 109/300 [0:02:32<0:04:22, 0.73Hz] | epoch=4.36, loss=0.0122
[01.31 17:24:25] ┇ INFO    ┇    DeepKNLP.gner.trainer ┇ [training]  37%|███████▎            | 110/300 [0:02:33<0:04:20, 0.73Hz] | epoch=4.40, loss=0.0222
[01.31 17:24:32] ┇ INFO    ┇    DeepKNLP.gner.trainer ┇ [checking] 100%|████████████████████| 1/1 [0:00:00<0:00:00, 29334.00Hz]
[01.31 17:24:32] ┇ INFO    ┇    DeepKNLP.gner.trainer ┇ [training]  37%|███████▎            | 110/300 [0:02:33<0:04:20, 0.73Hz] | epoch=4.40, eval_average=0.5374
[01.31 17:24:32] ┇ INFO    ┇    DeepKNLP.gner.trainer ┇ [training]  37%|███████▍            | 111/300 [0:02:39<0:04:38, 0.68Hz] | epoch=4.44, loss=0.0101
[01.31 17:24:32] ┇ INFO    ┇    DeepKNLP.gner.trainer ┇ [training]  37%|███████▍            | 112/300 [0:02:39<0:04:37, 0.68Hz] | epoch=4.48, loss=0.0153
[01.31 17:24:32] ┇ INFO    ┇    DeepKNLP.gner.trainer ┇ [training]  38%|███████▌            | 113/300 [0:02:40<0:04:35, 0.68Hz] | epoch=4.52, loss=0.0103
[01.31 17:24:32] ┇ INFO    ┇    DeepKNLP.gner.trainer ┇ [training]  38%|███████▌            | 114/300 [0:02:40<0:04:15, 0.73Hz] | epoch=4.56, loss=0.0001
[01.31 17:24:32] ┇ INFO    ┇    DeepKNLP.gner.trainer ┇ [training]  38%|███████▋            | 115/300 [0:02:40<0:04:14, 0.73Hz] | epoch=4.60, loss=0.0041
[01.31 17:24:39] ┇ INFO    ┇    DeepKNLP.gner.trainer ┇ [checking] 100%|████████████████████| 1/1 [0:00:00<0:00:00, 58712.92Hz]
[01.31 17:24:39] ┇ INFO    ┇    DeepKNLP.gner.trainer ┇ [training]  38%|███████▋            | 115/300 [0:02:40<0:04:14, 0.73Hz] | epoch=4.60, eval_average=0.5268
[01.31 17:24:39] ┇ INFO    ┇    DeepKNLP.gner.trainer ┇ [training]  39%|███████▋            | 116/300 [0:02:46<0:04:32, 0.68Hz] | epoch=4.64, loss=0.0068
[01.31 17:24:39] ┇ INFO    ┇    DeepKNLP.gner.trainer ┇ [training]  39%|███████▊            | 117/300 [0:02:47<0:04:30, 0.68Hz] | epoch=4.68, loss=0.0015
[01.31 17:24:39] ┇ INFO    ┇    DeepKNLP.gner.trainer ┇ [training]  39%|███████▊            | 118/300 [0:02:47<0:04:29, 0.68Hz] | epoch=4.72, loss=0.0046
[01.31 17:24:40] ┇ INFO    ┇    DeepKNLP.gner.trainer ┇ [training]  40%|███████▉            | 119/300 [0:02:47<0:04:09, 0.73Hz] | epoch=4.76, loss=0.0011
[01.31 17:24:40] ┇ INFO    ┇    DeepKNLP.gner.trainer ┇ [training]  40%|████████            | 120/300 [0:02:47<0:04:07, 0.73Hz] | epoch=4.80, loss=0.0149
[01.31 17:24:46] ┇ INFO    ┇    DeepKNLP.gner.trainer ┇ [checking] 100%|████████████████████| 1/1 [0:00:00<0:00:00, 27433.36Hz]
[01.31 17:24:46] ┇ INFO    ┇    DeepKNLP.gner.trainer ┇ [training]  40%|████████            | 120/300 [0:02:47<0:04:07, 0.73Hz] | epoch=4.80, eval_average=0.5497
[01.31 17:24:46] ┇ INFO    ┇    DeepKNLP.gner.trainer ┇ [training]  40%|████████            | 121/300 [0:02:54<0:04:24, 0.68Hz] | epoch=4.84, loss=0.0029
[01.31 17:24:46] ┇ INFO    ┇    DeepKNLP.gner.trainer ┇ [training]  41%|████████▏           | 122/300 [0:02:54<0:04:22, 0.68Hz] | epoch=4.88, loss=0.0123
[01.31 17:24:47] ┇ INFO    ┇    DeepKNLP.gner.trainer ┇ [training]  41%|████████▏           | 123/300 [0:02:54<0:04:21, 0.68Hz] | epoch=4.92, loss=0.0005
[01.31 17:24:47] ┇ INFO    ┇    DeepKNLP.gner.trainer ┇ [training]  41%|████████▎           | 124/300 [0:02:54<0:04:01, 0.73Hz] | epoch=4.96, loss=0.0316
[01.31 17:24:47] ┇ INFO    ┇    DeepKNLP.gner.trainer ┇ [training]  42%|████████▎           | 125/300 [0:02:54<0:04:00, 0.73Hz] | epoch=5.00, loss=0.0254
[01.31 17:24:53] ┇ INFO    ┇    DeepKNLP.gner.trainer ┇ [checking] 100%|████████████████████| 1/1 [0:00:00<0:00:00, 74358.85Hz]
[01.31 17:24:53] ┇ INFO    ┇    DeepKNLP.gner.trainer ┇ [training]  42%|████████▎           | 125/300 [0:02:54<0:04:00, 0.73Hz] | epoch=5.00, eval_average=0.4944
[01.31 17:24:53] ┇ INFO    ┇    DeepKNLP.gner.trainer ┇ [training]  42%|████████▍           | 126/300 [0:03:01<0:04:16, 0.68Hz] | epoch=5.04, loss=0.0059
[01.31 17:24:54] ┇ INFO    ┇    DeepKNLP.gner.trainer ┇ [training]  42%|████████▍           | 127/300 [0:03:01<0:04:15, 0.68Hz] | epoch=5.08, loss=0.0008
[01.31 17:24:54] ┇ INFO    ┇    DeepKNLP.gner.trainer ┇ [training]  43%|████████▌           | 128/300 [0:03:01<0:04:13, 0.68Hz] | epoch=5.12, loss=0.0164
[01.31 17:24:54] ┇ INFO    ┇    DeepKNLP.gner.trainer ┇ [training]  43%|████████▌           | 129/300 [0:03:01<0:03:55, 0.73Hz] | epoch=5.16, loss=0.0262
[01.31 17:24:54] ┇ INFO    ┇    DeepKNLP.gner.trainer ┇ [training]  43%|████████▋           | 130/300 [0:03:01<0:03:53, 0.73Hz] | epoch=5.20, loss=0.0223
[01.31 17:25:00] ┇ INFO    ┇    DeepKNLP.gner.trainer ┇ [checking] 100%|████████████████████| 1/1 [0:00:00<0:00:00, 33354.31Hz]
[01.31 17:25:01] ┇ INFO    ┇    DeepKNLP.gner.trainer ┇ [training]  43%|████████▋           | 130/300 [0:03:01<0:03:53, 0.73Hz] | epoch=5.20, eval_average=0.5414
[01.31 17:25:01] ┇ INFO    ┇    DeepKNLP.gner.trainer ┇ [training]  44%|████████▋           | 131/300 [0:03:08<0:04:09, 0.68Hz] | epoch=5.24, loss=0.0036
[01.31 17:25:01] ┇ INFO    ┇    DeepKNLP.gner.trainer ┇ [training]  44%|████████▊           | 132/300 [0:03:08<0:04:08, 0.68Hz] | epoch=5.28, loss=0.0009
[01.31 17:25:01] ┇ INFO    ┇    DeepKNLP.gner.trainer ┇ [training]  44%|████████▊           | 133/300 [0:03:08<0:04:06, 0.68Hz] | epoch=5.32, loss=0.0083
[01.31 17:25:01] ┇ INFO    ┇    DeepKNLP.gner.trainer ┇ [training]  45%|████████▉           | 134/300 [0:03:08<0:03:48, 0.73Hz] | epoch=5.36, loss=0.0007
[01.31 17:25:01] ┇ INFO    ┇    DeepKNLP.gner.trainer ┇ [training]  45%|█████████           | 135/300 [0:03:09<0:03:46, 0.73Hz] | epoch=5.40, loss=0.0068
[01.31 17:25:08] ┇ INFO    ┇    DeepKNLP.gner.trainer ┇ [checking] 100%|████████████████████| 1/1 [0:00:00<0:00:00, 51252.59Hz]
[01.31 17:25:08] ┇ INFO    ┇    DeepKNLP.gner.trainer ┇ [training]  45%|█████████           | 135/300 [0:03:09<0:03:46, 0.73Hz] | epoch=5.40, eval_average=0.4806
[01.31 17:25:08] ┇ INFO    ┇    DeepKNLP.gner.trainer ┇ [training]  45%|█████████           | 136/300 [0:03:15<0:04:02, 0.68Hz] | epoch=5.44, loss=0.0116
[01.31 17:25:08] ┇ INFO    ┇    DeepKNLP.gner.trainer ┇ [training]  46%|█████████▏          | 137/300 [0:03:15<0:04:00, 0.68Hz] | epoch=5.48, loss=0.0255
[01.31 17:25:08] ┇ INFO    ┇    DeepKNLP.gner.trainer ┇ [training]  46%|█████████▏          | 138/300 [0:03:16<0:03:59, 0.68Hz] | epoch=5.52, loss=0.0044
[01.31 17:25:08] ┇ INFO    ┇    DeepKNLP.gner.trainer ┇ [training]  46%|█████████▎          | 139/300 [0:03:16<0:03:41, 0.73Hz] | epoch=5.56, loss=0.0121
[01.31 17:25:08] ┇ INFO    ┇    DeepKNLP.gner.trainer ┇ [training]  47%|█████████▎          | 140/300 [0:03:16<0:03:39, 0.73Hz] | epoch=5.60, loss=0.0066
[01.31 17:25:15] ┇ INFO    ┇    DeepKNLP.gner.trainer ┇ [checking] 100%|████████████████████| 1/1 [0:00:00<0:00:00, 67615.98Hz]
[01.31 17:25:15] ┇ INFO    ┇    DeepKNLP.gner.trainer ┇ [training]  47%|█████████▎          | 140/300 [0:03:16<0:03:39, 0.73Hz] | epoch=5.60, eval_average=0.5359
[01.31 17:25:15] ┇ INFO    ┇    DeepKNLP.gner.trainer ┇ [training]  47%|█████████▍          | 141/300 [0:03:23<0:03:55, 0.68Hz] | epoch=5.64, loss=0.0012
[01.31 17:25:15] ┇ INFO    ┇    DeepKNLP.gner.trainer ┇ [training]  47%|█████████▍          | 142/300 [0:03:23<0:03:53, 0.68Hz] | epoch=5.68, loss=0.0012
[01.31 17:25:16] ┇ INFO    ┇    DeepKNLP.gner.trainer ┇ [training]  48%|█████████▌          | 143/300 [0:03:23<0:03:52, 0.68Hz] | epoch=5.72, loss=0.0006
[01.31 17:25:16] ┇ INFO    ┇    DeepKNLP.gner.trainer ┇ [training]  48%|█████████▌          | 144/300 [0:03:23<0:03:35, 0.72Hz] | epoch=5.76, loss=0.0018
[01.31 17:25:16] ┇ INFO    ┇    DeepKNLP.gner.trainer ┇ [training]  48%|█████████▋          | 145/300 [0:03:23<0:03:34, 0.72Hz] | epoch=5.80, loss=0.0042
[01.31 17:25:22] ┇ INFO    ┇    DeepKNLP.gner.trainer ┇ [checking] 100%|████████████████████| 1/1 [0:00:00<0:00:00, 29035.74Hz]
[01.31 17:25:22] ┇ INFO    ┇    DeepKNLP.gner.trainer ┇ [training]  48%|█████████▋          | 145/300 [0:03:23<0:03:34, 0.72Hz] | epoch=5.80, eval_average=0.4707
[01.31 17:25:22] ┇ INFO    ┇    DeepKNLP.gner.trainer ┇ [training]  49%|█████████▋          | 146/300 [0:03:30<0:03:48, 0.67Hz] | epoch=5.84, loss=0.0067
[01.31 17:25:23] ┇ INFO    ┇    DeepKNLP.gner.trainer ┇ [training]  49%|█████████▊          | 147/300 [0:03:30<0:03:47, 0.67Hz] | epoch=5.88, loss=0.0113
[01.31 17:25:23] ┇ INFO    ┇    DeepKNLP.gner.trainer ┇ [training]  49%|█████████▊          | 148/300 [0:03:30<0:03:45, 0.67Hz] | epoch=5.92, loss=0.0026
[01.31 17:25:23] ┇ INFO    ┇    DeepKNLP.gner.trainer ┇ [training]  50%|█████████▉          | 149/300 [0:03:30<0:03:28, 0.72Hz] | epoch=5.96, loss=0.0016
[01.31 17:25:23] ┇ INFO    ┇    DeepKNLP.gner.trainer ┇ [training]  50%|██████████          | 150/300 [0:03:30<0:03:27, 0.72Hz] | epoch=6.00, loss=0.0142
[01.31 17:25:29] ┇ INFO    ┇    DeepKNLP.gner.trainer ┇ [checking] 100%|████████████████████| 1/1 [0:00:00<0:00:00, 48171.46Hz]
[01.31 17:25:29] ┇ INFO    ┇    DeepKNLP.gner.trainer ┇ [training]  50%|██████████          | 150/300 [0:03:30<0:03:27, 0.72Hz] | epoch=6.00, eval_average=0.4790
[01.31 17:25:29] ┇ INFO    ┇    DeepKNLP.gner.trainer ┇ [training]  50%|██████████          | 151/300 [0:03:37<0:03:39, 0.68Hz] | epoch=6.04, loss=0.0008
[01.31 17:25:29] ┇ INFO    ┇    DeepKNLP.gner.trainer ┇ [training]  51%|██████████▏         | 152/300 [0:03:37<0:03:38, 0.68Hz] | epoch=6.08, loss=0.0045
[01.31 17:25:29] ┇ INFO    ┇    DeepKNLP.gner.trainer ┇ [training]  51%|██████████▏         | 153/300 [0:03:37<0:03:36, 0.68Hz] | epoch=6.12, loss=0.0005
[01.31 17:25:30] ┇ INFO    ┇    DeepKNLP.gner.trainer ┇ [training]  51%|██████████▎         | 154/300 [0:03:37<0:03:20, 0.73Hz] | epoch=6.16, loss=0.0012
[01.31 17:25:30] ┇ INFO    ┇    DeepKNLP.gner.trainer ┇ [training]  52%|██████████▎         | 155/300 [0:03:37<0:03:18, 0.73Hz] | epoch=6.20, loss=0.0017
[01.31 17:25:36] ┇ INFO    ┇    DeepKNLP.gner.trainer ┇ [checking] 100%|████████████████████| 1/1 [0:00:00<0:00:00, 84800.33Hz]
[01.31 17:25:36] ┇ INFO    ┇    DeepKNLP.gner.trainer ┇ [training]  52%|██████████▎         | 155/300 [0:03:37<0:03:18, 0.73Hz] | epoch=6.20, eval_average=0.5274
[01.31 17:25:36] ┇ INFO    ┇    DeepKNLP.gner.trainer ┇ [training]  52%|██████████▍         | 156/300 [0:03:43<0:03:31, 0.68Hz] | epoch=6.24, loss=0.0011
[01.31 17:25:36] ┇ INFO    ┇    DeepKNLP.gner.trainer ┇ [training]  52%|██████████▍         | 157/300 [0:03:43<0:03:29, 0.68Hz] | epoch=6.28, loss=0.0044
[01.31 17:25:36] ┇ INFO    ┇    DeepKNLP.gner.trainer ┇ [training]  53%|██████████▌         | 158/300 [0:03:43<0:03:28, 0.68Hz] | epoch=6.32, loss=0.0005
[01.31 17:25:36] ┇ INFO    ┇    DeepKNLP.gner.trainer ┇ [training]  53%|██████████▌         | 159/300 [0:03:44<0:03:12, 0.73Hz] | epoch=6.36, loss=0.0024
[01.31 17:25:36] ┇ INFO    ┇    DeepKNLP.gner.trainer ┇ [training]  53%|██████████▋         | 160/300 [0:03:44<0:03:10, 0.73Hz] | epoch=6.40, loss=0.0012
[01.31 17:25:43] ┇ INFO    ┇    DeepKNLP.gner.trainer ┇ [checking] 100%|████████████████████| 1/1 [0:00:00<0:00:00, 40064.99Hz]
[01.31 17:25:43] ┇ INFO    ┇    DeepKNLP.gner.trainer ┇ [training]  53%|██████████▋         | 160/300 [0:03:44<0:03:10, 0.73Hz] | epoch=6.40, eval_average=0.5273
[01.31 17:25:43] ┇ INFO    ┇    DeepKNLP.gner.trainer ┇ [training]  54%|██████████▋         | 161/300 [0:03:50<0:03:23, 0.68Hz] | epoch=6.44, loss=0.0086
[01.31 17:25:43] ┇ INFO    ┇    DeepKNLP.gner.trainer ┇ [training]  54%|██████████▊         | 162/300 [0:03:50<0:03:22, 0.68Hz] | epoch=6.48, loss=0.0092
[01.31 17:25:43] ┇ INFO    ┇    DeepKNLP.gner.trainer ┇ [training]  54%|██████████▊         | 163/300 [0:03:51<0:03:20, 0.68Hz] | epoch=6.52, loss=0.0004
[01.31 17:25:43] ┇ INFO    ┇    DeepKNLP.gner.trainer ┇ [training]  55%|██████████▉         | 164/300 [0:03:51<0:03:05, 0.73Hz] | epoch=6.56, loss=0.0054
[01.31 17:25:44] ┇ INFO    ┇    DeepKNLP.gner.trainer ┇ [training]  55%|███████████         | 165/300 [0:03:51<0:03:04, 0.73Hz] | epoch=6.60, loss=0.0004
[01.31 17:25:49] ┇ INFO    ┇    DeepKNLP.gner.trainer ┇ [checking] 100%|████████████████████| 1/1 [0:00:00<0:00:00, 48877.54Hz]
[01.31 17:25:50] ┇ INFO    ┇    DeepKNLP.gner.trainer ┇ [training]  55%|███████████         | 165/300 [0:03:51<0:03:04, 0.73Hz] | epoch=6.60, eval_average=0.5477
[01.31 17:25:50] ┇ INFO    ┇    DeepKNLP.gner.trainer ┇ [training]  55%|███████████         | 166/300 [0:03:57<0:03:15, 0.69Hz] | epoch=6.64, loss=0.0036
[01.31 17:25:50] ┇ INFO    ┇    DeepKNLP.gner.trainer ┇ [training]  56%|███████████▏        | 167/300 [0:03:57<0:03:13, 0.69Hz] | epoch=6.68, loss=0.0027
[01.31 17:25:50] ┇ INFO    ┇    DeepKNLP.gner.trainer ┇ [training]  56%|███████████▏        | 168/300 [0:03:57<0:03:12, 0.69Hz] | epoch=6.72, loss=0.0007
[01.31 17:25:50] ┇ INFO    ┇    DeepKNLP.gner.trainer ┇ [training]  56%|███████████▎        | 169/300 [0:03:57<0:02:57, 0.74Hz] | epoch=6.76, loss=0.0672
[01.31 17:25:50] ┇ INFO    ┇    DeepKNLP.gner.trainer ┇ [training]  57%|███████████▎        | 170/300 [0:03:58<0:02:56, 0.74Hz] | epoch=6.80, loss=0.0004
[01.31 17:25:56] ┇ INFO    ┇    DeepKNLP.gner.trainer ┇ [checking] 100%|████████████████████| 1/1 [0:00:00<0:00:00, 67624.50Hz]
[01.31 17:25:56] ┇ INFO    ┇    DeepKNLP.gner.trainer ┇ [training]  57%|███████████▎        | 170/300 [0:03:58<0:02:56, 0.74Hz] | epoch=6.80, eval_average=0.4534
[01.31 17:25:57] ┇ INFO    ┇    DeepKNLP.gner.trainer ┇ [training]  57%|███████████▍        | 171/300 [0:04:04<0:03:07, 0.69Hz] | epoch=6.84, loss=0.0324
[01.31 17:25:57] ┇ INFO    ┇    DeepKNLP.gner.trainer ┇ [training]  57%|███████████▍        | 172/300 [0:04:04<0:03:06, 0.69Hz] | epoch=6.88, loss=0.0023
[01.31 17:25:57] ┇ INFO    ┇    DeepKNLP.gner.trainer ┇ [training]  58%|███████████▌        | 173/300 [0:04:04<0:03:04, 0.69Hz] | epoch=6.92, loss=0.0020
[01.31 17:25:58] ┇ INFO    ┇    DeepKNLP.gner.trainer ┇ [training]  58%|███████████▌        | 174/300 [0:04:05<0:02:51, 0.74Hz] | epoch=6.96, loss=0.0003
[01.31 17:25:58] ┇ INFO    ┇    DeepKNLP.gner.trainer ┇ [training]  58%|███████████▋        | 175/300 [0:04:05<0:02:50, 0.74Hz] | epoch=7.00, loss=0.0008
[01.31 17:26:04] ┇ INFO    ┇    DeepKNLP.gner.trainer ┇ [checking] 100%|████████████████████| 1/1 [0:00:00<0:00:00, 77548.88Hz]
[01.31 17:26:04] ┇ INFO    ┇    DeepKNLP.gner.trainer ┇ [training]  58%|███████████▋        | 175/300 [0:04:05<0:02:50, 0.74Hz] | epoch=7.00, eval_average=0.5568
[01.31 17:26:04] ┇ INFO    ┇    DeepKNLP.gner.trainer ┇ [training]  59%|███████████▋        | 176/300 [0:04:11<0:03:00, 0.69Hz] | epoch=7.04, loss=0.0018
[01.31 17:26:04] ┇ INFO    ┇    DeepKNLP.gner.trainer ┇ [training]  59%|███████████▊        | 177/300 [0:04:12<0:02:59, 0.69Hz] | epoch=7.08, loss=0.0006
[01.31 17:26:04] ┇ INFO    ┇    DeepKNLP.gner.trainer ┇ [training]  59%|███████████▊        | 178/300 [0:04:12<0:02:57, 0.69Hz] | epoch=7.12, loss=0.0003
[01.31 17:26:05] ┇ INFO    ┇    DeepKNLP.gner.trainer ┇ [training]  60%|███████████▉        | 179/300 [0:04:12<0:02:44, 0.73Hz] | epoch=7.16, loss=0.0002
[01.31 17:26:05] ┇ INFO    ┇    DeepKNLP.gner.trainer ┇ [training]  60%|████████████        | 180/300 [0:04:13<0:02:43, 0.73Hz] | epoch=7.20, loss=0.0003
[01.31 17:26:11] ┇ INFO    ┇    DeepKNLP.gner.trainer ┇ [checking] 100%|████████████████████| 1/1 [0:00:00<0:00:00, 35390.30Hz]
[01.31 17:26:11] ┇ INFO    ┇    DeepKNLP.gner.trainer ┇ [training]  60%|████████████        | 180/300 [0:04:13<0:02:43, 0.73Hz] | epoch=7.20, eval_average=0.5552
[01.31 17:26:11] ┇ INFO    ┇    DeepKNLP.gner.trainer ┇ [training]  60%|████████████        | 181/300 [0:04:19<0:02:53, 0.69Hz] | epoch=7.24, loss=0.0058
[01.31 17:26:11] ┇ INFO    ┇    DeepKNLP.gner.trainer ┇ [training]  61%|████████████▏       | 182/300 [0:04:19<0:02:52, 0.69Hz] | epoch=7.28, loss=0.0007
[01.31 17:26:12] ┇ INFO    ┇    DeepKNLP.gner.trainer ┇ [training]  61%|████████████▏       | 183/300 [0:04:19<0:02:50, 0.69Hz] | epoch=7.32, loss=0.0006
[01.31 17:26:12] ┇ INFO    ┇    DeepKNLP.gner.trainer ┇ [training]  61%|████████████▎       | 184/300 [0:04:19<0:02:37, 0.74Hz] | epoch=7.36, loss=0.0010
[01.31 17:26:12] ┇ INFO    ┇    DeepKNLP.gner.trainer ┇ [training]  62%|████████████▎       | 185/300 [0:04:19<0:02:36, 0.74Hz] | epoch=7.40, loss=0.0003
[01.31 17:26:18] ┇ INFO    ┇    DeepKNLP.gner.trainer ┇ [checking] 100%|████████████████████| 1/1 [0:00:00<0:00:00, 60959.57Hz]
[01.31 17:26:18] ┇ INFO    ┇    DeepKNLP.gner.trainer ┇ [training]  62%|████████████▎       | 185/300 [0:04:19<0:02:36, 0.74Hz] | epoch=7.40, eval_average=0.5453
[01.31 17:26:18] ┇ INFO    ┇    DeepKNLP.gner.trainer ┇ [training]  62%|████████████▍       | 186/300 [0:04:25<0:02:45, 0.69Hz] | epoch=7.44, loss=0.0047
[01.31 17:26:18] ┇ INFO    ┇    DeepKNLP.gner.trainer ┇ [training]  62%|████████████▍       | 187/300 [0:04:26<0:02:44, 0.69Hz] | epoch=7.48, loss=0.0009
[01.31 17:26:18] ┇ INFO    ┇    DeepKNLP.gner.trainer ┇ [training]  63%|████████████▌       | 188/300 [0:04:26<0:02:42, 0.69Hz] | epoch=7.52, loss=0.0002
[01.31 17:26:19] ┇ INFO    ┇    DeepKNLP.gner.trainer ┇ [training]  63%|████████████▌       | 189/300 [0:04:26<0:02:29, 0.74Hz] | epoch=7.56, loss=0.0006
[01.31 17:26:19] ┇ INFO    ┇    DeepKNLP.gner.trainer ┇ [training]  63%|████████████▋       | 190/300 [0:04:26<0:02:28, 0.74Hz] | epoch=7.60, loss=0.0007
[01.31 17:26:25] ┇ INFO    ┇    DeepKNLP.gner.trainer ┇ [checking] 100%|████████████████████| 1/1 [0:00:00<0:00:00, 62245.90Hz]
[01.31 17:26:25] ┇ INFO    ┇    DeepKNLP.gner.trainer ┇ [training]  63%|████████████▋       | 190/300 [0:04:26<0:02:28, 0.74Hz] | epoch=7.60, eval_average=0.5432
[01.31 17:26:25] ┇ INFO    ┇    DeepKNLP.gner.trainer ┇ [training]  64%|████████████▋       | 191/300 [0:04:32<0:02:37, 0.69Hz] | epoch=7.64, loss=0.0086
[01.31 17:26:25] ┇ INFO    ┇    DeepKNLP.gner.trainer ┇ [training]  64%|████████████▊       | 192/300 [0:04:32<0:02:36, 0.69Hz] | epoch=7.68, loss=0.0004
[01.31 17:26:25] ┇ INFO    ┇    DeepKNLP.gner.trainer ┇ [training]  64%|████████████▊       | 193/300 [0:04:33<0:02:34, 0.69Hz] | epoch=7.72, loss=0.0004
[01.31 17:26:25] ┇ INFO    ┇    DeepKNLP.gner.trainer ┇ [training]  65%|████████████▉       | 194/300 [0:04:33<0:02:22, 0.74Hz] | epoch=7.76, loss=0.0062
[01.31 17:26:26] ┇ INFO    ┇    DeepKNLP.gner.trainer ┇ [training]  65%|█████████████       | 195/300 [0:04:33<0:02:21, 0.74Hz] | epoch=7.80, loss=0.0002
[01.31 17:26:32] ┇ INFO    ┇    DeepKNLP.gner.trainer ┇ [checking] 100%|████████████████████| 1/1 [0:00:00<0:00:00, 83158.44Hz]
[01.31 17:26:32] ┇ INFO    ┇    DeepKNLP.gner.trainer ┇ [training]  65%|█████████████       | 195/300 [0:04:33<0:02:21, 0.74Hz] | epoch=7.80, eval_average=0.5244
[01.31 17:26:32] ┇ INFO    ┇    DeepKNLP.gner.trainer ┇ [training]  65%|█████████████       | 196/300 [0:04:39<0:02:29, 0.69Hz] | epoch=7.84, loss=0.0003
[01.31 17:26:32] ┇ INFO    ┇    DeepKNLP.gner.trainer ┇ [training]  66%|█████████████▏      | 197/300 [0:04:39<0:02:28, 0.69Hz] | epoch=7.88, loss=0.0087
[01.31 17:26:32] ┇ INFO    ┇    DeepKNLP.gner.trainer ┇ [training]  66%|█████████████▏      | 198/300 [0:04:39<0:02:27, 0.69Hz] | epoch=7.92, loss=0.0006
[01.31 17:26:32] ┇ INFO    ┇    DeepKNLP.gner.trainer ┇ [training]  66%|█████████████▎      | 199/300 [0:04:40<0:02:15, 0.75Hz] | epoch=7.96, loss=0.0005
[01.31 17:26:32] ┇ INFO    ┇    DeepKNLP.gner.trainer ┇ [training]  67%|█████████████▎      | 200/300 [0:04:40<0:02:13, 0.75Hz] | epoch=8.00, loss=0.0005
[01.31 17:26:38] ┇ INFO    ┇    DeepKNLP.gner.trainer ┇ [checking] 100%|████████████████████| 1/1 [0:00:00<0:00:00, 78570.31Hz]
[01.31 17:26:39] ┇ INFO    ┇    DeepKNLP.gner.trainer ┇ [training]  67%|█████████████▎      | 200/300 [0:04:40<0:02:13, 0.75Hz] | epoch=8.00, eval_average=0.5228
[01.31 17:26:39] ┇ INFO    ┇    DeepKNLP.gner.trainer ┇ [training]  67%|█████████████▍      | 201/300 [0:04:46<0:02:22, 0.70Hz] | epoch=8.04, loss=0.0002
[01.31 17:26:39] ┇ INFO    ┇    DeepKNLP.gner.trainer ┇ [training]  67%|█████████████▍      | 202/300 [0:04:46<0:02:20, 0.70Hz] | epoch=8.08, loss=0.0003
[01.31 17:26:39] ┇ INFO    ┇    DeepKNLP.gner.trainer ┇ [training]  68%|█████████████▌      | 203/300 [0:04:46<0:02:19, 0.70Hz] | epoch=8.12, loss=0.0015
[01.31 17:26:39] ┇ INFO    ┇    DeepKNLP.gner.trainer ┇ [training]  68%|█████████████▌      | 204/300 [0:04:46<0:02:07, 0.75Hz] | epoch=8.16, loss=0.0005
[01.31 17:26:39] ┇ INFO    ┇    DeepKNLP.gner.trainer ┇ [training]  68%|█████████████▋      | 205/300 [0:04:47<0:02:06, 0.75Hz] | epoch=8.20, loss=0.0003
[01.31 17:26:46] ┇ INFO    ┇    DeepKNLP.gner.trainer ┇ [checking] 100%|████████████████████| 1/1 [0:00:00<0:00:00, 38369.85Hz]
[01.31 17:26:46] ┇ INFO    ┇    DeepKNLP.gner.trainer ┇ [training]  68%|█████████████▋      | 205/300 [0:04:47<0:02:06, 0.75Hz] | epoch=8.20, eval_average=0.5179
[01.31 17:26:46] ┇ INFO    ┇    DeepKNLP.gner.trainer ┇ [training]  69%|█████████████▋      | 206/300 [0:04:53<0:02:14, 0.70Hz] | epoch=8.24, loss=0.0003
[01.31 17:26:46] ┇ INFO    ┇    DeepKNLP.gner.trainer ┇ [training]  69%|█████████████▊      | 207/300 [0:04:53<0:02:13, 0.70Hz] | epoch=8.28, loss=0.0003
[01.31 17:26:46] ┇ INFO    ┇    DeepKNLP.gner.trainer ┇ [training]  69%|█████████████▊      | 208/300 [0:04:53<0:02:11, 0.70Hz] | epoch=8.32, loss=0.0001
[01.31 17:26:46] ┇ INFO    ┇    DeepKNLP.gner.trainer ┇ [training]  70%|█████████████▉      | 209/300 [0:04:54<0:02:00, 0.75Hz] | epoch=8.36, loss=0.0001
[01.31 17:26:46] ┇ INFO    ┇    DeepKNLP.gner.trainer ┇ [training]  70%|██████████████      | 210/300 [0:04:54<0:01:59, 0.75Hz] | epoch=8.40, loss=0.0001
[01.31 17:26:52] ┇ INFO    ┇    DeepKNLP.gner.trainer ┇ [checking] 100%|████████████████████| 1/1 [0:00:00<0:00:00, 61462.04Hz]
[01.31 17:26:52] ┇ INFO    ┇    DeepKNLP.gner.trainer ┇ [training]  70%|██████████████      | 210/300 [0:04:54<0:01:59, 0.75Hz] | epoch=8.40, eval_average=0.5271
[01.31 17:26:53] ┇ INFO    ┇    DeepKNLP.gner.trainer ┇ [training]  70%|██████████████      | 211/300 [0:05:00<0:02:06, 0.70Hz] | epoch=8.44, loss=0.0030
[01.31 17:26:53] ┇ INFO    ┇    DeepKNLP.gner.trainer ┇ [training]  71%|██████████████▏     | 212/300 [0:05:00<0:02:05, 0.70Hz] | epoch=8.48, loss=0.0002
[01.31 17:26:53] ┇ INFO    ┇    DeepKNLP.gner.trainer ┇ [training]  71%|██████████████▏     | 213/300 [0:05:00<0:02:03, 0.70Hz] | epoch=8.52, loss=0.0004
[01.31 17:26:53] ┇ INFO    ┇    DeepKNLP.gner.trainer ┇ [training]  71%|██████████████▎     | 214/300 [0:05:00<0:01:54, 0.75Hz] | epoch=8.56, loss=0.0011
[01.31 17:26:53] ┇ INFO    ┇    DeepKNLP.gner.trainer ┇ [training]  72%|██████████████▎     | 215/300 [0:05:00<0:01:53, 0.75Hz] | epoch=8.60, loss=0.0001
[01.31 17:26:59] ┇ INFO    ┇    DeepKNLP.gner.trainer ┇ [checking] 100%|████████████████████| 1/1 [0:00:00<0:00:00, 54900.39Hz]
[01.31 17:26:59] ┇ INFO    ┇    DeepKNLP.gner.trainer ┇ [training]  72%|██████████████▎     | 215/300 [0:05:00<0:01:53, 0.75Hz] | epoch=8.60, eval_average=0.5365
[01.31 17:26:59] ┇ INFO    ┇    DeepKNLP.gner.trainer ┇ [training]  72%|██████████████▍     | 216/300 [0:05:07<0:01:59, 0.70Hz] | epoch=8.64, loss=0.0001
[01.31 17:26:59] ┇ INFO    ┇    DeepKNLP.gner.trainer ┇ [training]  72%|██████████████▍     | 217/300 [0:05:07<0:01:58, 0.70Hz] | epoch=8.68, loss=0.0003
[01.31 17:26:59] ┇ INFO    ┇    DeepKNLP.gner.trainer ┇ [training]  73%|██████████████▌     | 218/300 [0:05:07<0:01:56, 0.70Hz] | epoch=8.72, loss=0.0001
[01.31 17:27:00] ┇ INFO    ┇    DeepKNLP.gner.trainer ┇ [training]  73%|██████████████▌     | 219/300 [0:05:07<0:01:47, 0.75Hz] | epoch=8.76, loss=0.0002
[01.31 17:27:00] ┇ INFO    ┇    DeepKNLP.gner.trainer ┇ [training]  73%|██████████████▋     | 220/300 [0:05:07<0:01:46, 0.75Hz] | epoch=8.80, loss=0.0005
[01.31 17:27:06] ┇ INFO    ┇    DeepKNLP.gner.trainer ┇ [checking] 100%|████████████████████| 1/1 [0:00:00<0:00:00, 72063.21Hz]
[01.31 17:27:06] ┇ INFO    ┇    DeepKNLP.gner.trainer ┇ [training]  73%|██████████████▋     | 220/300 [0:05:07<0:01:46, 0.75Hz] | epoch=8.80, eval_average=0.5718
[01.31 17:27:06] ┇ INFO    ┇    DeepKNLP.gner.trainer ┇ [training]  74%|██████████████▋     | 221/300 [0:05:13<0:01:52, 0.70Hz] | epoch=8.84, loss=0.0002
[01.31 17:27:06] ┇ INFO    ┇    DeepKNLP.gner.trainer ┇ [training]  74%|██████████████▊     | 222/300 [0:05:13<0:01:51, 0.70Hz] | epoch=8.88, loss=0.0002
[01.31 17:27:06] ┇ INFO    ┇    DeepKNLP.gner.trainer ┇ [training]  74%|██████████████▊     | 223/300 [0:05:14<0:01:49, 0.70Hz] | epoch=8.92, loss=0.0001
[01.31 17:27:06] ┇ INFO    ┇    DeepKNLP.gner.trainer ┇ [training]  75%|██████████████▉     | 224/300 [0:05:14<0:01:40, 0.76Hz] | epoch=8.96, loss=0.0002
[01.31 17:27:06] ┇ INFO    ┇    DeepKNLP.gner.trainer ┇ [training]  75%|███████████████     | 225/300 [0:05:14<0:01:39, 0.76Hz] | epoch=9.00, loss=0.0001
[01.31 17:27:12] ┇ INFO    ┇    DeepKNLP.gner.trainer ┇ [checking] 100%|████████████████████| 1/1 [0:00:00<0:00:00, 81529.37Hz]
[01.31 17:27:12] ┇ INFO    ┇    DeepKNLP.gner.trainer ┇ [training]  75%|███████████████     | 225/300 [0:05:14<0:01:39, 0.76Hz] | epoch=9.00, eval_average=0.5779
[01.31 17:27:13] ┇ INFO    ┇    DeepKNLP.gner.trainer ┇ [training]  75%|███████████████     | 226/300 [0:05:20<0:01:44, 0.71Hz] | epoch=9.04, loss=0.0001
[01.31 17:27:13] ┇ INFO    ┇    DeepKNLP.gner.trainer ┇ [training]  76%|███████████████▏    | 227/300 [0:05:20<0:01:43, 0.71Hz] | epoch=9.08, loss=0.0002
[01.31 17:27:13] ┇ INFO    ┇    DeepKNLP.gner.trainer ┇ [training]  76%|███████████████▏    | 228/300 [0:05:20<0:01:42, 0.71Hz] | epoch=9.12, loss=0.0001
[01.31 17:27:13] ┇ INFO    ┇    DeepKNLP.gner.trainer ┇ [training]  76%|███████████████▎    | 229/300 [0:05:20<0:01:33, 0.76Hz] | epoch=9.16, loss=0.0002
[01.31 17:27:13] ┇ INFO    ┇    DeepKNLP.gner.trainer ┇ [training]  77%|███████████████▎    | 230/300 [0:05:20<0:01:32, 0.76Hz] | epoch=9.20, loss=0.0001
[01.31 17:27:19] ┇ INFO    ┇    DeepKNLP.gner.trainer ┇ [checking] 100%|████████████████████| 1/1 [0:00:00<0:00:00, 76054.81Hz]
[01.31 17:27:19] ┇ INFO    ┇    DeepKNLP.gner.trainer ┇ [training]  77%|███████████████▎    | 230/300 [0:05:20<0:01:32, 0.76Hz] | epoch=9.20, eval_average=0.5721
[01.31 17:27:19] ┇ INFO    ┇    DeepKNLP.gner.trainer ┇ [training]  77%|███████████████▍    | 231/300 [0:05:27<0:01:37, 0.71Hz] | epoch=9.24, loss=0.0001
[01.31 17:27:19] ┇ INFO    ┇    DeepKNLP.gner.trainer ┇ [training]  77%|███████████████▍    | 232/300 [0:05:27<0:01:36, 0.71Hz] | epoch=9.28, loss=0.0000
[01.31 17:27:20] ┇ INFO    ┇    DeepKNLP.gner.trainer ┇ [training]  78%|███████████████▌    | 233/300 [0:05:27<0:01:34, 0.71Hz] | epoch=9.32, loss=0.0000
[01.31 17:27:20] ┇ INFO    ┇    DeepKNLP.gner.trainer ┇ [training]  78%|███████████████▌    | 234/300 [0:05:27<0:01:27, 0.76Hz] | epoch=9.36, loss=0.0001
[01.31 17:27:20] ┇ INFO    ┇    DeepKNLP.gner.trainer ┇ [training]  78%|███████████████▋    | 235/300 [0:05:27<0:01:25, 0.76Hz] | epoch=9.40, loss=0.0001
[01.31 17:27:26] ┇ INFO    ┇    DeepKNLP.gner.trainer ┇ [checking] 100%|████████████████████| 1/1 [0:00:00<0:00:00, 34403.78Hz]
[01.31 17:27:26] ┇ INFO    ┇    DeepKNLP.gner.trainer ┇ [training]  78%|███████████████▋    | 235/300 [0:05:27<0:01:25, 0.76Hz] | epoch=9.40, eval_average=0.5595
[01.31 17:27:26] ┇ INFO    ┇    DeepKNLP.gner.trainer ┇ [training]  79%|███████████████▋    | 236/300 [0:05:33<0:01:30, 0.71Hz] | epoch=9.44, loss=0.0000
[01.31 17:27:26] ┇ INFO    ┇    DeepKNLP.gner.trainer ┇ [training]  79%|███████████████▊    | 237/300 [0:05:33<0:01:28, 0.71Hz] | epoch=9.48, loss=0.0001
[01.31 17:27:26] ┇ INFO    ┇    DeepKNLP.gner.trainer ┇ [training]  79%|███████████████▊    | 238/300 [0:05:34<0:01:27, 0.71Hz] | epoch=9.52, loss=0.0001
[01.31 17:27:26] ┇ INFO    ┇    DeepKNLP.gner.trainer ┇ [training]  80%|███████████████▉    | 239/300 [0:05:34<0:01:19, 0.77Hz] | epoch=9.56, loss=0.0001
[01.31 17:27:27] ┇ INFO    ┇    DeepKNLP.gner.trainer ┇ [training]  80%|████████████████    | 240/300 [0:05:34<0:01:18, 0.77Hz] | epoch=9.60, loss=0.0000
[01.31 17:27:32] ┇ INFO    ┇    DeepKNLP.gner.trainer ┇ [checking] 100%|████████████████████| 1/1 [0:00:00<0:00:00, 50662.54Hz]
[01.31 17:27:33] ┇ INFO    ┇    DeepKNLP.gner.trainer ┇ [training]  80%|████████████████    | 240/300 [0:05:34<0:01:18, 0.77Hz] | epoch=9.60, eval_average=0.5595
[01.31 17:27:33] ┇ INFO    ┇    DeepKNLP.gner.trainer ┇ [training]  80%|████████████████    | 241/300 [0:05:40<0:01:22, 0.71Hz] | epoch=9.64, loss=0.0000
[01.31 17:27:33] ┇ INFO    ┇    DeepKNLP.gner.trainer ┇ [training]  81%|████████████████▏   | 242/300 [0:05:40<0:01:20, 0.72Hz] | epoch=9.68, loss=0.0000
[01.31 17:27:33] ┇ INFO    ┇    DeepKNLP.gner.trainer ┇ [training]  81%|████████████████▏   | 243/300 [0:05:40<0:01:19, 0.72Hz] | epoch=9.72, loss=0.0001
[01.31 17:27:33] ┇ INFO    ┇    DeepKNLP.gner.trainer ┇ [training]  81%|████████████████▎   | 244/300 [0:05:40<0:01:12, 0.77Hz] | epoch=9.76, loss=0.0001
[01.31 17:27:33] ┇ INFO    ┇    DeepKNLP.gner.trainer ┇ [training]  82%|████████████████▎   | 245/300 [0:05:41<0:01:11, 0.77Hz] | epoch=9.80, loss=0.0002
[01.31 17:27:39] ┇ INFO    ┇    DeepKNLP.gner.trainer ┇ [checking] 100%|████████████████████| 1/1 [0:00:00<0:00:00, 86844.21Hz]
[01.31 17:27:39] ┇ INFO    ┇    DeepKNLP.gner.trainer ┇ [training]  82%|████████████████▎   | 245/300 [0:05:41<0:01:11, 0.77Hz] | epoch=9.80, eval_average=0.5588
[01.31 17:27:39] ┇ INFO    ┇    DeepKNLP.gner.trainer ┇ [training]  82%|████████████████▍   | 246/300 [0:05:47<0:01:15, 0.72Hz] | epoch=9.84, loss=0.0001
[01.31 17:27:40] ┇ INFO    ┇    DeepKNLP.gner.trainer ┇ [training]  82%|████████████████▍   | 247/300 [0:05:47<0:01:13, 0.72Hz] | epoch=9.88, loss=0.0000
[01.31 17:27:40] ┇ INFO    ┇    DeepKNLP.gner.trainer ┇ [training]  83%|████████████████▌   | 248/300 [0:05:47<0:01:12, 0.72Hz] | epoch=9.92, loss=0.0002
[01.31 17:27:40] ┇ INFO    ┇    DeepKNLP.gner.trainer ┇ [training]  83%|████████████████▌   | 249/300 [0:05:47<0:01:06, 0.77Hz] | epoch=9.96, loss=0.0000
[01.31 17:27:40] ┇ INFO    ┇    DeepKNLP.gner.trainer ┇ [training]  83%|████████████████▋   | 250/300 [0:05:47<0:01:04, 0.77Hz] | epoch=10.00, loss=0.0001
[01.31 17:27:46] ┇ INFO    ┇    DeepKNLP.gner.trainer ┇ [checking] 100%|████████████████████| 1/1 [0:00:00<0:00:00, 61342.65Hz]
[01.31 17:27:46] ┇ INFO    ┇    DeepKNLP.gner.trainer ┇ [training]  83%|████████████████▋   | 250/300 [0:05:47<0:01:04, 0.77Hz] | epoch=10.00, eval_average=0.5724
[01.31 17:27:46] ┇ INFO    ┇    DeepKNLP.gner.trainer ┇ [training]  84%|████████████████▋   | 251/300 [0:05:53<0:01:08, 0.72Hz] | epoch=10.04, loss=0.0000
[01.31 17:27:46] ┇ INFO    ┇    DeepKNLP.gner.trainer ┇ [training]  84%|████████████████▊   | 252/300 [0:05:54<0:01:06, 0.72Hz] | epoch=10.08, loss=0.0001
[01.31 17:27:46] ┇ INFO    ┇    DeepKNLP.gner.trainer ┇ [training]  84%|████████████████▊   | 253/300 [0:05:54<0:01:05, 0.72Hz] | epoch=10.12, loss=0.0001
[01.31 17:27:47] ┇ INFO    ┇    DeepKNLP.gner.trainer ┇ [training]  85%|████████████████▉   | 254/300 [0:05:54<0:00:59, 0.77Hz] | epoch=10.16, loss=0.0000
[01.31 17:27:47] ┇ INFO    ┇    DeepKNLP.gner.trainer ┇ [training]  85%|█████████████████   | 255/300 [0:05:54<0:00:58, 0.77Hz] | epoch=10.20, loss=0.0001
[01.31 17:27:53] ┇ INFO    ┇    DeepKNLP.gner.trainer ┇ [checking] 100%|████████████████████| 1/1 [0:00:00<0:00:00, 76827.55Hz]
[01.31 17:27:53] ┇ INFO    ┇    DeepKNLP.gner.trainer ┇ [training]  85%|█████████████████   | 255/300 [0:05:54<0:00:58, 0.77Hz] | epoch=10.20, eval_average=0.5650
[01.31 17:27:53] ┇ INFO    ┇    DeepKNLP.gner.trainer ┇ [training]  85%|█████████████████   | 256/300 [0:06:00<0:01:01, 0.72Hz] | epoch=10.24, loss=0.0001
[01.31 17:27:53] ┇ INFO    ┇    DeepKNLP.gner.trainer ┇ [training]  86%|█████████████████▏  | 257/300 [0:06:00<0:00:59, 0.72Hz] | epoch=10.28, loss=0.0001
[01.31 17:27:53] ┇ INFO    ┇    DeepKNLP.gner.trainer ┇ [training]  86%|█████████████████▏  | 258/300 [0:06:00<0:00:58, 0.72Hz] | epoch=10.32, loss=0.0000
[01.31 17:27:53] ┇ INFO    ┇    DeepKNLP.gner.trainer ┇ [training]  86%|█████████████████▎  | 259/300 [0:06:01<0:00:53, 0.77Hz] | epoch=10.36, loss=0.0001
[01.31 17:27:53] ┇ INFO    ┇    DeepKNLP.gner.trainer ┇ [training]  87%|█████████████████▎  | 260/300 [0:06:01<0:00:51, 0.77Hz] | epoch=10.40, loss=0.0001
[01.31 17:27:59] ┇ INFO    ┇    DeepKNLP.gner.trainer ┇ [checking] 100%|████████████████████| 1/1 [0:00:00<0:00:00, 86327.53Hz]
[01.31 17:27:59] ┇ INFO    ┇    DeepKNLP.gner.trainer ┇ [training]  87%|█████████████████▎  | 260/300 [0:06:01<0:00:51, 0.77Hz] | epoch=10.40, eval_average=0.5679
[01.31 17:28:00] ┇ INFO    ┇    DeepKNLP.gner.trainer ┇ [training]  87%|█████████████████▍  | 261/300 [0:06:07<0:00:54, 0.72Hz] | epoch=10.44, loss=0.0001
[01.31 17:28:00] ┇ INFO    ┇    DeepKNLP.gner.trainer ┇ [training]  87%|█████████████████▍  | 262/300 [0:06:07<0:00:52, 0.72Hz] | epoch=10.48, loss=0.0001
[01.31 17:28:00] ┇ INFO    ┇    DeepKNLP.gner.trainer ┇ [training]  88%|█████████████████▌  | 263/300 [0:06:07<0:00:51, 0.72Hz] | epoch=10.52, loss=0.0001
[01.31 17:28:00] ┇ INFO    ┇    DeepKNLP.gner.trainer ┇ [training]  88%|█████████████████▌  | 264/300 [0:06:07<0:00:46, 0.77Hz] | epoch=10.56, loss=0.0001
[01.31 17:28:00] ┇ INFO    ┇    DeepKNLP.gner.trainer ┇ [training]  88%|█████████████████▋  | 265/300 [0:06:07<0:00:45, 0.77Hz] | epoch=10.60, loss=0.0001
[01.31 17:28:06] ┇ INFO    ┇    DeepKNLP.gner.trainer ┇ [checking] 100%|████████████████████| 1/1 [0:00:00<0:00:00, 69542.86Hz]
[01.31 17:28:06] ┇ INFO    ┇    DeepKNLP.gner.trainer ┇ [training]  88%|█████████████████▋  | 265/300 [0:06:07<0:00:45, 0.77Hz] | epoch=10.60, eval_average=0.5679
[01.31 17:28:06] ┇ INFO    ┇    DeepKNLP.gner.trainer ┇ [training]  89%|█████████████████▋  | 266/300 [0:06:14<0:00:47, 0.72Hz] | epoch=10.64, loss=0.0000
[01.31 17:28:06] ┇ INFO    ┇    DeepKNLP.gner.trainer ┇ [training]  89%|█████████████████▊  | 267/300 [0:06:14<0:00:45, 0.72Hz] | epoch=10.68, loss=0.0001
[01.31 17:28:07] ┇ INFO    ┇    DeepKNLP.gner.trainer ┇ [training]  89%|█████████████████▊  | 268/300 [0:06:14<0:00:44, 0.72Hz] | epoch=10.72, loss=0.0000
[01.31 17:28:07] ┇ INFO    ┇    DeepKNLP.gner.trainer ┇ [training]  90%|█████████████████▉  | 269/300 [0:06:14<0:00:39, 0.78Hz] | epoch=10.76, loss=0.0001
[01.31 17:28:07] ┇ INFO    ┇    DeepKNLP.gner.trainer ┇ [training]  90%|██████████████████  | 270/300 [0:06:14<0:00:38, 0.78Hz] | epoch=10.80, loss=0.0001
[01.31 17:28:13] ┇ INFO    ┇    DeepKNLP.gner.trainer ┇ [checking] 100%|████████████████████| 1/1 [0:00:00<0:00:00, 32774.00Hz]
[01.31 17:28:13] ┇ INFO    ┇    DeepKNLP.gner.trainer ┇ [training]  90%|██████████████████  | 270/300 [0:06:14<0:00:38, 0.78Hz] | epoch=10.80, eval_average=0.5672
[01.31 17:28:13] ┇ INFO    ┇    DeepKNLP.gner.trainer ┇ [training]  90%|██████████████████  | 271/300 [0:06:20<0:00:40, 0.72Hz] | epoch=10.84, loss=0.0000
[01.31 17:28:13] ┇ INFO    ┇    DeepKNLP.gner.trainer ┇ [training]  91%|██████████████████▏ | 272/300 [0:06:21<0:00:38, 0.72Hz] | epoch=10.88, loss=0.0001
[01.31 17:28:13] ┇ INFO    ┇    DeepKNLP.gner.trainer ┇ [training]  91%|██████████████████▏ | 273/300 [0:06:21<0:00:37, 0.72Hz] | epoch=10.92, loss=0.0001
[01.31 17:28:13] ┇ INFO    ┇    DeepKNLP.gner.trainer ┇ [training]  91%|██████████████████▎ | 274/300 [0:06:21<0:00:33, 0.78Hz] | epoch=10.96, loss=0.0001
[01.31 17:28:14] ┇ INFO    ┇    DeepKNLP.gner.trainer ┇ [training]  92%|██████████████████▎ | 275/300 [0:06:21<0:00:32, 0.78Hz] | epoch=11.00, loss=0.0000
[01.31 17:28:19] ┇ INFO    ┇    DeepKNLP.gner.trainer ┇ [checking] 100%|████████████████████| 1/1 [0:00:00<0:00:00, 54990.36Hz]
[01.31 17:28:20] ┇ INFO    ┇    DeepKNLP.gner.trainer ┇ [training]  92%|██████████████████▎ | 275/300 [0:06:21<0:00:32, 0.78Hz] | epoch=11.00, eval_average=0.5711
[01.31 17:28:20] ┇ INFO    ┇    DeepKNLP.gner.trainer ┇ [training]  92%|██████████████████▍ | 276/300 [0:06:27<0:00:33, 0.72Hz] | epoch=11.04, loss=0.0001
[01.31 17:28:20] ┇ INFO    ┇    DeepKNLP.gner.trainer ┇ [training]  92%|██████████████████▍ | 277/300 [0:06:27<0:00:31, 0.72Hz] | epoch=11.08, loss=0.0001
[01.31 17:28:20] ┇ INFO    ┇    DeepKNLP.gner.trainer ┇ [training]  93%|██████████████████▌ | 278/300 [0:06:27<0:00:30, 0.72Hz] | epoch=11.12, loss=0.0001
[01.31 17:28:20] ┇ INFO    ┇    DeepKNLP.gner.trainer ┇ [training]  93%|██████████████████▌ | 279/300 [0:06:28<0:00:26, 0.78Hz] | epoch=11.16, loss=0.0001
[01.31 17:28:20] ┇ INFO    ┇    DeepKNLP.gner.trainer ┇ [training]  93%|██████████████████▋ | 280/300 [0:06:28<0:00:25, 0.78Hz] | epoch=11.20, loss=0.0000
[01.31 17:28:26] ┇ INFO    ┇    DeepKNLP.gner.trainer ┇ [checking] 100%|████████████████████| 1/1 [0:00:00<0:00:00, 62968.67Hz]
[01.31 17:28:26] ┇ INFO    ┇    DeepKNLP.gner.trainer ┇ [training]  93%|██████████████████▋ | 280/300 [0:06:28<0:00:25, 0.78Hz] | epoch=11.20, eval_average=0.5672
[01.31 17:28:26] ┇ INFO    ┇    DeepKNLP.gner.trainer ┇ [training]  94%|██████████████████▋ | 281/300 [0:06:34<0:00:26, 0.72Hz] | epoch=11.24, loss=0.0001
[01.31 17:28:27] ┇ INFO    ┇    DeepKNLP.gner.trainer ┇ [training]  94%|██████████████████▊ | 282/300 [0:06:34<0:00:24, 0.72Hz] | epoch=11.28, loss=0.0001
[01.31 17:28:27] ┇ INFO    ┇    DeepKNLP.gner.trainer ┇ [training]  94%|██████████████████▊ | 283/300 [0:06:34<0:00:23, 0.72Hz] | epoch=11.32, loss=0.0000
[01.31 17:28:27] ┇ INFO    ┇    DeepKNLP.gner.trainer ┇ [training]  95%|██████████████████▉ | 284/300 [0:06:34<0:00:20, 0.78Hz] | epoch=11.36, loss=0.0000
[01.31 17:28:27] ┇ INFO    ┇    DeepKNLP.gner.trainer ┇ [training]  95%|███████████████████ | 285/300 [0:06:34<0:00:19, 0.78Hz] | epoch=11.40, loss=0.0000
[01.31 17:28:33] ┇ INFO    ┇    DeepKNLP.gner.trainer ┇ [checking] 100%|████████████████████| 1/1 [0:00:00<0:00:00, 57156.49Hz]
[01.31 17:28:33] ┇ INFO    ┇    DeepKNLP.gner.trainer ┇ [training]  95%|███████████████████ | 285/300 [0:06:34<0:00:19, 0.78Hz] | epoch=11.40, eval_average=0.5711
[01.31 17:28:33] ┇ INFO    ┇    DeepKNLP.gner.trainer ┇ [training]  95%|███████████████████ | 286/300 [0:06:41<0:00:19, 0.72Hz] | epoch=11.44, loss=0.0001
[01.31 17:28:33] ┇ INFO    ┇    DeepKNLP.gner.trainer ┇ [training]  96%|███████████████████▏| 287/300 [0:06:41<0:00:17, 0.72Hz] | epoch=11.48, loss=0.0000
[01.31 17:28:33] ┇ INFO    ┇    DeepKNLP.gner.trainer ┇ [training]  96%|███████████████████▏| 288/300 [0:06:41<0:00:16, 0.72Hz] | epoch=11.52, loss=0.0000
[01.31 17:28:34] ┇ INFO    ┇    DeepKNLP.gner.trainer ┇ [training]  96%|███████████████████▎| 289/300 [0:06:41<0:00:14, 0.78Hz] | epoch=11.56, loss=0.0001
[01.31 17:28:34] ┇ INFO    ┇    DeepKNLP.gner.trainer ┇ [training]  97%|███████████████████▎| 290/300 [0:06:41<0:00:12, 0.78Hz] | epoch=11.60, loss=0.0001
[01.31 17:28:40] ┇ INFO    ┇    DeepKNLP.gner.trainer ┇ [checking] 100%|████████████████████| 1/1 [0:00:00<0:00:00, 74482.65Hz]
[01.31 17:28:40] ┇ INFO    ┇    DeepKNLP.gner.trainer ┇ [training]  97%|███████████████████▎| 290/300 [0:06:41<0:00:12, 0.78Hz] | epoch=11.60, eval_average=0.5672
[01.31 17:28:40] ┇ INFO    ┇    DeepKNLP.gner.trainer ┇ [training]  97%|███████████████████▍| 291/300 [0:06:47<0:00:12, 0.72Hz] | epoch=11.64, loss=0.0000
[01.31 17:28:40] ┇ INFO    ┇    DeepKNLP.gner.trainer ┇ [training]  97%|███████████████████▍| 292/300 [0:06:47<0:00:11, 0.72Hz] | epoch=11.68, loss=0.0000
[01.31 17:28:40] ┇ INFO    ┇    DeepKNLP.gner.trainer ┇ [training]  98%|███████████████████▌| 293/300 [0:06:48<0:00:09, 0.72Hz] | epoch=11.72, loss=0.0001
[01.31 17:28:40] ┇ INFO    ┇    DeepKNLP.gner.trainer ┇ [training]  98%|███████████████████▌| 294/300 [0:06:48<0:00:07, 0.78Hz] | epoch=11.76, loss=0.0001
[01.31 17:28:41] ┇ INFO    ┇    DeepKNLP.gner.trainer ┇ [training]  98%|███████████████████▋| 295/300 [0:06:48<0:00:06, 0.78Hz] | epoch=11.80, loss=0.0001
[01.31 17:28:46] ┇ INFO    ┇    DeepKNLP.gner.trainer ┇ [checking] 100%|████████████████████| 1/1 [0:00:00<0:00:00, 58090.34Hz]
[01.31 17:28:46] ┇ INFO    ┇    DeepKNLP.gner.trainer ┇ [training]  98%|███████████████████▋| 295/300 [0:06:48<0:00:06, 0.78Hz] | epoch=11.80, eval_average=0.5672
[01.31 17:28:47] ┇ INFO    ┇    DeepKNLP.gner.trainer ┇ [training]  99%|███████████████████▋| 296/300 [0:06:54<0:00:05, 0.72Hz] | epoch=11.84, loss=0.0000
[01.31 17:28:47] ┇ INFO    ┇    DeepKNLP.gner.trainer ┇ [training]  99%|███████████████████▊| 297/300 [0:06:54<0:00:04, 0.72Hz] | epoch=11.88, loss=0.0000
[01.31 17:28:47] ┇ INFO    ┇    DeepKNLP.gner.trainer ┇ [training]  99%|███████████████████▊| 298/300 [0:06:54<0:00:02, 0.72Hz] | epoch=11.92, loss=0.0001
[01.31 17:28:47] ┇ INFO    ┇    DeepKNLP.gner.trainer ┇ [training] 100%|███████████████████▉| 299/300 [0:06:54<0:00:01, 0.78Hz] | epoch=11.96, loss=0.0001
[01.31 17:28:47] ┇ INFO    ┇    DeepKNLP.gner.trainer ┇ [training] 100%|████████████████████| 300/300 [0:06:55<0:00:00, 0.78Hz] | epoch=12.00, loss=0.0000
[01.31 17:28:53] ┇ INFO    ┇    DeepKNLP.gner.trainer ┇ [checking] 100%|████████████████████| 1/1 [0:00:00<0:00:00, 48797.57Hz]
[01.31 17:28:53] ┇ INFO    ┇    DeepKNLP.gner.trainer ┇ [training] 100%|████████████████████| 300/300 [0:06:55<0:00:00, 0.78Hz] | epoch=12.00, eval_average=0.5672
[01.31 17:28:53] ┇ INFO    ┇    DeepKNLP.gner.trainer ┇ [training] 100%|████████████████████| 300/300 [0:06:55<0:00:00, 0.78Hz] | epoch=12.00, train_loss=0.0480, total_pflos=3.908
[01.31 17:28:53] ┇ INFO    ┇    DeepKNLP.gner.trainer ┇ -----------------------------------------------------------------------------------------------------------------------------------------
[01.31 17:28:53] ┇ INFO    ┇                 DeepKNLP ┇ Train output metrics: {'train_runtime': 421.071, 'train_samples_per_second': 2.85, 'train_steps_per_second': 0.712, 'total_flos': 3907879863058432.0, 'train_loss': 0.048011230727036794, 'epoch': 12.0}
[01.31 17:28:53] ┇ INFO    ┇           chrisbase.data ┇ =========================================================================================================================================
[01.31 17:28:53] ┇ INFO    ┇           chrisbase.data ┇ [EXIT] python task2-nerG-trainer.py --local_rank=0 data/gner/each/crossner_literature-train.jsonl --eval_file data/gner/each-sampled/crossner_literature-dev=100.jsonl --pretrained etri-lirs/egpt-1.3b-preview --run_version EAGLE-1B-supervised --trainer_deepspeed configs/deepspeed/ds0_llama.json ($=00:07:28.236)
[01.31 17:28:53] ┇ INFO    ┇           chrisbase.data ┇ =========================================================================================================================================
