[03.18 17:48:31] ┇ INFO     ┇          lightning.fabric.utilities.seed ┇ [rank: 0] Seed set to 7
[03.18 17:48:32] ┇ INFO     ┇          lightning.fabric.utilities.seed ┇ [rank: 1] Seed set to 7
[03.18 17:48:32] ┇ INFO     ┇                           chrisbase.data ┇ =========================================================================================================================================
[03.18 17:48:32] ┇ INFO     ┇                           chrisbase.data ┇ [INIT] python /home/chrisjihee/proj/DeepKNLP-24.03/1-nsmc.py train
[03.18 17:48:32] ┇ INFO     ┇                           chrisbase.data ┇ =========================================================================================================================================
[03.18 17:48:32] ┇ INFO     ┇                           chrisbase.data ┇ -----+---------------------------------+-------------------------------------------------------------------------------------------
[03.18 17:48:32] ┇ INFO     ┇                           chrisbase.data ┇    # | TrainerArguments                | value
[03.18 17:48:32] ┇ INFO     ┇                           chrisbase.data ┇ -----+---------------------------------+-------------------------------------------------------------------------------------------
[03.18 17:48:32] ┇ INFO     ┇                           chrisbase.data ┇    1 | tag                             | train
[03.18 17:48:32] ┇ INFO     ┇                           chrisbase.data ┇    2 | env.project                     | DeepKNLP
[03.18 17:48:32] ┇ INFO     ┇                           chrisbase.data ┇    3 | env.job_name                    | KPF-BERT
[03.18 17:48:32] ┇ INFO     ┇                           chrisbase.data ┇    4 | env.job_version                 | 1
[03.18 17:48:32] ┇ INFO     ┇                           chrisbase.data ┇    5 | env.hostname                    | ptlm3
[03.18 17:48:32] ┇ INFO     ┇                           chrisbase.data ┇    6 | env.hostaddr                    | 129.254.121.74
[03.18 17:48:32] ┇ INFO     ┇                           chrisbase.data ┇    7 | env.time_stamp                  | 0318.174825
[03.18 17:48:32] ┇ INFO     ┇                           chrisbase.data ┇    8 | env.python_path                 | /home/chrisjihee/mambaforge/envs/DeepKNLP-24.03/bin/python
[03.18 17:48:32] ┇ INFO     ┇                           chrisbase.data ┇    9 | env.current_dir                 | /home/chrisjihee/proj/DeepKNLP-24.03
[03.18 17:48:32] ┇ INFO     ┇                           chrisbase.data ┇   10 | env.current_file                | /home/chrisjihee/proj/DeepKNLP-24.03/1-nsmc.py
[03.18 17:48:32] ┇ INFO     ┇                           chrisbase.data ┇   11 | env.working_dir                 | /home/chrisjihee/proj/DeepKNLP-24.03
[03.18 17:48:32] ┇ INFO     ┇                           chrisbase.data ┇   12 | env.command_args                | ['train']
[03.18 17:48:32] ┇ INFO     ┇                           chrisbase.data ┇   13 | env.num_ip_addrs                | 1
[03.18 17:48:32] ┇ INFO     ┇                           chrisbase.data ┇   14 | env.max_workers                 | 1
[03.18 17:48:32] ┇ INFO     ┇                           chrisbase.data ┇   15 | env.debugging                   | False
[03.18 17:48:32] ┇ INFO     ┇                           chrisbase.data ┇   16 | env.msg_level                   | 20
[03.18 17:48:32] ┇ INFO     ┇                           chrisbase.data ┇   17 | env.msg_format                  | %(asctime)s ┇ %(levelname)-8s ┇ %(name)40s ┇ %(message)s
[03.18 17:48:32] ┇ INFO     ┇                           chrisbase.data ┇   18 | env.date_format                 | [%m.%d %H:%M:%S]
[03.18 17:48:32] ┇ INFO     ┇                           chrisbase.data ┇   19 | env.output_home                 | finetuning/nsmc/train=KPF-BERT=ptlm3/version_1
[03.18 17:48:32] ┇ INFO     ┇                           chrisbase.data ┇   20 | env.logging_file                | logging.out
[03.18 17:48:32] ┇ INFO     ┇                           chrisbase.data ┇   21 | env.argument_file               | arguments.json
[03.18 17:48:32] ┇ INFO     ┇                           chrisbase.data ┇   22 | time.started                    | [03.18 17:48:32]
[03.18 17:48:32] ┇ INFO     ┇                           chrisbase.data ┇   23 | time.settled                    |
[03.18 17:48:32] ┇ INFO     ┇                           chrisbase.data ┇   24 | time.elapsed                    |
[03.18 17:48:32] ┇ INFO     ┇                           chrisbase.data ┇   25 | prog.tb_logger                  | <lightning.fabric.loggers.tensorboard.TensorBoardLogger object at 0x7fd31d5fb650>
[03.18 17:48:32] ┇ INFO     ┇                           chrisbase.data ┇   26 | prog.csv_logger                 | <lightning.fabric.loggers.csv_logs.CSVLogger object at 0x7fd31d651c90>
[03.18 17:48:32] ┇ INFO     ┇                           chrisbase.data ┇   27 | prog.world_size                 | 2
[03.18 17:48:32] ┇ INFO     ┇                           chrisbase.data ┇   28 | prog.local_rank                 | 0
[03.18 17:48:32] ┇ INFO     ┇                           chrisbase.data ┇   29 | prog.global_rank                | 0
[03.18 17:48:32] ┇ INFO     ┇                           chrisbase.data ┇   30 | prog.global_step                | 0
[03.18 17:48:32] ┇ INFO     ┇                           chrisbase.data ┇   31 | prog.global_epoch               | 0.0
[03.18 17:48:32] ┇ INFO     ┇                           chrisbase.data ┇   32 | data.name                       | nsmc
[03.18 17:48:32] ┇ INFO     ┇                           chrisbase.data ┇   33 | data.home                       | /home/chrisjihee/proj/DeepKNLP-24.03/data
[03.18 17:48:32] ┇ INFO     ┇                           chrisbase.data ┇   34 | data.files                      | {'train': 'ratings_train.txt', 'valid': 'ratings_valid.txt', 'test': 'ratings_valid.txt'}
[03.18 17:48:32] ┇ INFO     ┇                           chrisbase.data ┇   35 | data.caching                    | False
[03.18 17:48:32] ┇ INFO     ┇                           chrisbase.data ┇   36 | data.redownload                 | False
[03.18 17:48:32] ┇ INFO     ┇                           chrisbase.data ┇   37 | data.num_check                  | 0
[03.18 17:48:32] ┇ INFO     ┇                           chrisbase.data ┇   38 | model.pretrained                | pretrained/KPF-BERT
[03.18 17:48:32] ┇ INFO     ┇                           chrisbase.data ┇   39 | model.finetuning                | /home/chrisjihee/proj/DeepKNLP-24.03/finetuning
[03.18 17:48:32] ┇ INFO     ┇                           chrisbase.data ┇   40 | model.name                      |
[03.18 17:48:32] ┇ INFO     ┇                           chrisbase.data ┇   41 | model.seq_len                   | 64
[03.18 17:48:32] ┇ INFO     ┇                           chrisbase.data ┇   42 | hardware.cpu_workers            | 16
[03.18 17:48:32] ┇ INFO     ┇                           chrisbase.data ┇   43 | hardware.train_batch            | 50
[03.18 17:48:32] ┇ INFO     ┇                           chrisbase.data ┇   44 | hardware.infer_batch            | 50
[03.18 17:48:32] ┇ INFO     ┇                           chrisbase.data ┇   45 | hardware.accelerator            | cuda
[03.18 17:48:32] ┇ INFO     ┇                           chrisbase.data ┇   46 | hardware.precision              | 16-mixed
[03.18 17:48:32] ┇ INFO     ┇                           chrisbase.data ┇   47 | hardware.strategy               | ddp
[03.18 17:48:32] ┇ INFO     ┇                           chrisbase.data ┇   48 | hardware.devices                | [0, 1]
[03.18 17:48:32] ┇ INFO     ┇                           chrisbase.data ┇   49 | printing.print_rate_on_training | 0.05
[03.18 17:48:32] ┇ INFO     ┇                           chrisbase.data ┇   50 | printing.print_rate_on_validate | 0.3333333333333333
[03.18 17:48:32] ┇ INFO     ┇                           chrisbase.data ┇   51 | printing.print_rate_on_evaluate | 0.3333333333333333
[03.18 17:48:32] ┇ INFO     ┇                           chrisbase.data ┇   52 | printing.print_step_on_training | -1
[03.18 17:48:32] ┇ INFO     ┇                           chrisbase.data ┇   53 | printing.print_step_on_validate | -1
[03.18 17:48:32] ┇ INFO     ┇                           chrisbase.data ┇   54 | printing.print_step_on_evaluate | -1
[03.18 17:48:32] ┇ INFO     ┇                           chrisbase.data ┇   55 | printing.tag_format_on_training | st={step:d}, ep={epoch:.2f}, loss={loss:06.4f}, acc={acc:06.4f}
[03.18 17:48:32] ┇ INFO     ┇                           chrisbase.data ┇   56 | printing.tag_format_on_validate | st={step:d}, ep={epoch:.2f}, val_loss={val_loss:06.4f}, val_acc={val_acc:06.4f}
[03.18 17:48:32] ┇ INFO     ┇                           chrisbase.data ┇   57 | printing.tag_format_on_evaluate | st={step:d}, ep={epoch:.2f}, test_loss={test_loss:06.4f}, test_acc={test_acc:06.4f}
[03.18 17:48:32] ┇ INFO     ┇                           chrisbase.data ┇   58 | learning.random_seed            | 7
[03.18 17:48:32] ┇ INFO     ┇                           chrisbase.data ┇   59 | learning.optimizer_cls          | AdamW
[03.18 17:48:32] ┇ INFO     ┇                           chrisbase.data ┇   60 | learning.learning_rate          | 5e-05
[03.18 17:48:32] ┇ INFO     ┇                           chrisbase.data ┇   61 | learning.saving_mode            | max val_acc
[03.18 17:48:32] ┇ INFO     ┇                           chrisbase.data ┇   62 | learning.num_saving             | 1
[03.18 17:48:32] ┇ INFO     ┇                           chrisbase.data ┇   63 | learning.num_epochs             | 1
[03.18 17:48:32] ┇ INFO     ┇                           chrisbase.data ┇   64 | learning.log_text               | False
[03.18 17:48:32] ┇ INFO     ┇                           chrisbase.data ┇   65 | learning.check_rate_on_training | 0.1
[03.18 17:48:32] ┇ INFO     ┇                           chrisbase.data ┇   66 | learning.name_format_on_saving  | ep={epoch:.1f}, loss={val_loss:06.4f}, acc={val_acc:06.4f}
[03.18 17:48:32] ┇ INFO     ┇                           chrisbase.data ┇ -----+---------------------------------+-------------------------------------------------------------------------------------------
[03.18 17:48:35] ┇ INFO     ┇                                 __main__ ┇ === [after-model] =======================================================================================================================
[03.18 17:48:35] ┇ INFO     ┇                             DeepKNLP.cls ┇ Creating features from /home/chrisjihee/proj/DeepKNLP-24.03/data/nsmc/ratings_train.txt
[03.18 17:48:35] ┇ INFO     ┇                             DeepKNLP.cls ┇ Loaded 150000 examples from /home/chrisjihee/proj/DeepKNLP-24.03/data/nsmc/ratings_train.txt
[03.18 17:48:45] ┇ INFO     ┇                             DeepKNLP.cls ┇ Converted 150000 raw examples to 150000 encoded examples
[03.18 17:48:45] ┇ INFO     ┇                                 __main__ ┇ Created train_dataset providing 150000 examples
[03.18 17:48:45] ┇ INFO     ┇                                 __main__ ┇ Created train_dataloader providing 3000 batches
[03.18 17:48:45] ┇ INFO     ┇                                 __main__ ┇ === [after-train_dataloader] ============================================================================================================
[03.18 17:48:45] ┇ INFO     ┇                             DeepKNLP.cls ┇ Creating features from /home/chrisjihee/proj/DeepKNLP-24.03/data/nsmc/ratings_valid.txt
[03.18 17:48:46] ┇ INFO     ┇                             DeepKNLP.cls ┇ Loaded 50000 examples from /home/chrisjihee/proj/DeepKNLP-24.03/data/nsmc/ratings_valid.txt
[03.18 17:48:49] ┇ INFO     ┇                             DeepKNLP.cls ┇ Converted 50000 raw examples to 50000 encoded examples
[03.18 17:48:49] ┇ INFO     ┇                                 __main__ ┇ Created val_dataset providing 50000 examples
[03.18 17:48:49] ┇ INFO     ┇                                 __main__ ┇ Created val_dataloader providing 1000 batches
[03.18 17:48:49] ┇ INFO     ┇                                 __main__ ┇ === [after-val_dataloader] ==============================================================================================================
[03.18 17:48:49] ┇ INFO     ┇                             DeepKNLP.cls ┇ Creating features from /home/chrisjihee/proj/DeepKNLP-24.03/data/nsmc/ratings_valid.txt
[03.18 17:48:50] ┇ INFO     ┇                             DeepKNLP.cls ┇ Loaded 50000 examples from /home/chrisjihee/proj/DeepKNLP-24.03/data/nsmc/ratings_valid.txt
[03.18 17:48:53] ┇ INFO     ┇                             DeepKNLP.cls ┇ Converted 50000 raw examples to 50000 encoded examples
[03.18 17:48:54] ┇ INFO     ┇                                 __main__ ┇ Created test_dataset providing 50000 examples
[03.18 17:48:54] ┇ INFO     ┇                                 __main__ ┇ Created test_dataloader providing 1000 batches
[03.18 17:48:54] ┇ INFO     ┇                                 __main__ ┇ === [after-test_dataloader] =============================================================================================================
[03.18 17:49:02] ┇ INFO     ┇                                 __main__ ┇ (Ep 0.05) training:   5%|█▌                            | 75/1500 [00:07<02:08, 11.05x50b/s] | st=75, ep=0.05, loss=0.5556, acc=0.7400
[03.18 17:49:08] ┇ INFO     ┇                                 __main__ ┇ (Ep 0.10) training:  10%|███                           | 150/1500 [00:14<02:00, 11.24x50b/s] | st=150, ep=0.10, loss=0.3757, acc=0.8700
[03.18 17:49:11] ┇ INFO     ┇                                 __main__ ┇ (Ep 0.10) checking:  33%|██████▋             | 167/500 [00:02<00:04, 68.45x50b/s]
[03.18 17:49:14] ┇ INFO     ┇                                 __main__ ┇ (Ep 0.10) checking:  67%|█████████████▎      | 334/500 [00:05<00:02, 67.38x50b/s]
[03.18 17:49:16] ┇ INFO     ┇                                 __main__ ┇ (Ep 0.10) checking: 100%|████████████████████| 500/500 [00:07<00:00, 68.37x50b/s] | st=150, ep=0.10, val_loss=0.2995, val_acc=0.8788
[03.18 17:49:16] ┇ INFO     ┇                                 __main__ ┇ --- [after-check] -----------------------------------------------------------------------------------------------------------------------
[03.18 17:49:24] ┇ INFO     ┇                                 __main__ ┇ (Ep 0.15) training:  15%|████▌                         | 225/1500 [00:30<01:56, 10.92x50b/s] | st=225, ep=0.15, loss=0.3434, acc=0.8700
[03.18 17:49:31] ┇ INFO     ┇                                 __main__ ┇ (Ep 0.20) training:  20%|██████                        | 300/1500 [00:37<01:46, 11.25x50b/s] | st=300, ep=0.20, loss=0.2872, acc=0.9000
[03.18 17:49:34] ┇ INFO     ┇                                 __main__ ┇ (Ep 0.20) checking:  33%|██████▋             | 167/500 [00:02<00:04, 67.87x50b/s]
[03.18 17:49:36] ┇ INFO     ┇                                 __main__ ┇ (Ep 0.20) checking:  67%|█████████████▎      | 334/500 [00:05<00:02, 67.16x50b/s]
[03.18 17:49:39] ┇ INFO     ┇                                 __main__ ┇ (Ep 0.20) checking: 100%|████████████████████| 500/500 [00:08<00:00, 67.82x50b/s] | st=300, ep=0.20, val_loss=0.2735, val_acc=0.8833
[03.18 17:49:39] ┇ INFO     ┇                                 __main__ ┇ --- [after-check] -----------------------------------------------------------------------------------------------------------------------
[03.18 17:49:47] ┇ INFO     ┇                                 __main__ ┇ (Ep 0.25) training:  25%|███████▌                      | 375/1500 [00:52<01:40, 11.23x50b/s] | st=375, ep=0.25, loss=0.2698, acc=0.9000
[03.18 17:49:53] ┇ INFO     ┇                                 __main__ ┇ (Ep 0.30) training:  30%|█████████                     | 450/1500 [00:59<01:35, 11.00x50b/s] | st=450, ep=0.30, loss=0.2689, acc=0.8700
[03.18 17:49:56] ┇ INFO     ┇                                 __main__ ┇ (Ep 0.30) checking:  33%|██████▋             | 167/500 [00:02<00:04, 67.09x50b/s]
[03.18 17:49:59] ┇ INFO     ┇                                 __main__ ┇ (Ep 0.30) checking:  67%|█████████████▎      | 334/500 [00:05<00:02, 66.58x50b/s]
[03.18 17:50:02] ┇ INFO     ┇                                 __main__ ┇ (Ep 0.30) checking: 100%|████████████████████| 500/500 [00:08<00:00, 66.65x50b/s] | st=450, ep=0.30, val_loss=0.2704, val_acc=0.8889
[03.18 17:50:02] ┇ INFO     ┇                                 __main__ ┇ --- [after-check] -----------------------------------------------------------------------------------------------------------------------
[03.18 17:50:09] ┇ INFO     ┇                                 __main__ ┇ (Ep 0.35) training:  35%|██████████▌                   | 525/1500 [01:15<01:35, 10.24x50b/s] | st=525, ep=0.35, loss=0.3160, acc=0.8700
[03.18 17:50:16] ┇ INFO     ┇                                 __main__ ┇ (Ep 0.40) training:  40%|████████████                  | 600/1500 [01:22<01:34,  9.48x50b/s] | st=600, ep=0.40, loss=0.2686, acc=0.8900
[03.18 17:50:26] ┇ INFO     ┇                                 __main__ ┇ (Ep 0.40) checking:  33%|██████▋             | 167/500 [00:09<00:04, 67.38x50b/s]
[03.18 17:50:29] ┇ INFO     ┇                                 __main__ ┇ (Ep 0.40) checking:  67%|█████████████▎      | 334/500 [00:12<00:02, 58.11x50b/s]
[03.18 17:50:32] ┇ INFO     ┇                                 __main__ ┇ (Ep 0.40) checking: 100%|████████████████████| 500/500 [00:15<00:00, 65.82x50b/s] | st=600, ep=0.40, val_loss=0.2600, val_acc=0.8975
[03.18 17:50:32] ┇ INFO     ┇                                 __main__ ┇ --- [after-check] -----------------------------------------------------------------------------------------------------------------------
[03.18 17:50:39] ┇ INFO     ┇                                 __main__ ┇ (Ep 0.45) training:  45%|█████████████▌                | 675/1500 [01:45<01:14, 11.01x50b/s] | st=675, ep=0.45, loss=0.3706, acc=0.8400
[03.18 17:50:47] ┇ INFO     ┇                                 __main__ ┇ (Ep 0.50) training:  50%|███████████████               | 750/1500 [01:52<01:09, 10.86x50b/s] | st=750, ep=0.50, loss=0.2954, acc=0.8600
[03.18 17:50:50] ┇ INFO     ┇                                 __main__ ┇ (Ep 0.50) checking:  33%|██████▋             | 167/500 [00:03<00:04, 66.93x50b/s]
[03.18 17:50:52] ┇ INFO     ┇                                 __main__ ┇ (Ep 0.50) checking:  67%|█████████████▎      | 334/500 [00:05<00:02, 67.60x50b/s]
[03.18 17:50:55] ┇ INFO     ┇                                 __main__ ┇ (Ep 0.50) checking: 100%|████████████████████| 500/500 [00:08<00:00, 66.93x50b/s] | st=750, ep=0.50, val_loss=0.2595, val_acc=0.8936
[03.18 17:50:55] ┇ INFO     ┇                                 __main__ ┇ --- [after-check] -----------------------------------------------------------------------------------------------------------------------
[03.18 17:51:02] ┇ INFO     ┇                                 __main__ ┇ (Ep 0.55) training:  55%|████████████████▌             | 825/1500 [02:07<01:02, 10.88x50b/s] | st=825, ep=0.55, loss=0.2551, acc=0.8700
[03.18 17:51:09] ┇ INFO     ┇                                 __main__ ┇ (Ep 0.60) training:  60%|██████████████████            | 900/1500 [02:15<00:55, 10.90x50b/s] | st=900, ep=0.60, loss=0.2987, acc=0.8700
[03.18 17:51:12] ┇ INFO     ┇                                 __main__ ┇ (Ep 0.60) checking:  33%|██████▋             | 167/500 [00:03<00:05, 63.24x50b/s]
[03.18 17:51:14] ┇ INFO     ┇                                 __main__ ┇ (Ep 0.60) checking:  67%|█████████████▎      | 334/500 [00:05<00:02, 66.63x50b/s]
[03.18 17:51:17] ┇ INFO     ┇                                 __main__ ┇ (Ep 0.60) checking: 100%|████████████████████| 500/500 [00:08<00:00, 67.78x50b/s] | st=900, ep=0.60, val_loss=0.2505, val_acc=0.9014
[03.18 17:51:17] ┇ INFO     ┇                                 __main__ ┇ --- [after-check] -----------------------------------------------------------------------------------------------------------------------
[03.18 17:51:25] ┇ INFO     ┇                                 __main__ ┇ (Ep 0.65) training:  65%|███████████████████▌          | 975/1500 [02:30<00:47, 11.13x50b/s] | st=975, ep=0.65, loss=0.3552, acc=0.8700
[03.18 17:51:32] ┇ INFO     ┇                                 __main__ ┇ (Ep 0.70) training:  70%|█████████████████████         | 1050/1500 [02:38<00:50,  8.84x50b/s] | st=1050, ep=0.70, loss=0.2316, acc=0.9000
[03.18 17:51:35] ┇ INFO     ┇                                 __main__ ┇ (Ep 0.70) checking:  33%|██████▋             | 167/500 [00:02<00:04, 66.62x50b/s]
[03.18 17:51:37] ┇ INFO     ┇                                 __main__ ┇ (Ep 0.70) checking:  67%|█████████████▎      | 334/500 [00:05<00:02, 66.62x50b/s]
[03.18 17:51:40] ┇ INFO     ┇                                 __main__ ┇ (Ep 0.70) checking: 100%|████████████████████| 500/500 [00:08<00:00, 67.76x50b/s] | st=1050, ep=0.70, val_loss=0.2506, val_acc=0.8991
[03.18 17:51:40] ┇ INFO     ┇                                 __main__ ┇ --- [after-check] -----------------------------------------------------------------------------------------------------------------------
[03.18 17:51:47] ┇ INFO     ┇                                 __main__ ┇ (Ep 0.75) training:  75%|██████████████████████▌       | 1125/1500 [02:52<00:33, 11.17x50b/s] | st=1125, ep=0.75, loss=0.2243, acc=0.8900
[03.18 17:51:53] ┇ INFO     ┇                                 __main__ ┇ (Ep 0.80) training:  80%|████████████████████████      | 1200/1500 [02:59<00:26, 11.24x50b/s] | st=1200, ep=0.80, loss=0.1567, acc=0.9500
[03.18 17:51:56] ┇ INFO     ┇                                 __main__ ┇ (Ep 0.80) checking:  33%|██████▋             | 167/500 [00:02<00:04, 66.78x50b/s]
[03.18 17:51:59] ┇ INFO     ┇                                 __main__ ┇ (Ep 0.80) checking:  67%|█████████████▎      | 334/500 [00:05<00:02, 63.57x50b/s]
[03.18 17:52:01] ┇ INFO     ┇                                 __main__ ┇ (Ep 0.80) checking: 100%|████████████████████| 500/500 [00:08<00:00, 67.60x50b/s] | st=1200, ep=0.80, val_loss=0.2494, val_acc=0.8991
[03.18 17:52:01] ┇ INFO     ┇                                 __main__ ┇ --- [after-check] -----------------------------------------------------------------------------------------------------------------------
[03.18 17:52:08] ┇ INFO     ┇                                 __main__ ┇ (Ep 0.85) training:  85%|█████████████████████████▌    | 1275/1500 [03:14<00:21, 10.39x50b/s] | st=1275, ep=0.85, loss=0.2052, acc=0.9400
[03.18 17:52:15] ┇ INFO     ┇                                 __main__ ┇ (Ep 0.90) training:  90%|███████████████████████████   | 1350/1500 [03:21<00:13, 11.07x50b/s] | st=1350, ep=0.90, loss=0.2045, acc=0.9300
[03.18 17:52:18] ┇ INFO     ┇                                 __main__ ┇ (Ep 0.90) checking:  33%|██████▋             | 167/500 [00:02<00:04, 67.13x50b/s]
[03.18 17:52:21] ┇ INFO     ┇                                 __main__ ┇ (Ep 0.90) checking:  67%|█████████████▎      | 334/500 [00:05<00:02, 67.40x50b/s]
[03.18 17:52:23] ┇ INFO     ┇                                 __main__ ┇ (Ep 0.90) checking: 100%|████████████████████| 500/500 [00:08<00:00, 67.52x50b/s] | st=1350, ep=0.90, val_loss=0.2338, val_acc=0.9046
[03.18 17:52:23] ┇ INFO     ┇                                 __main__ ┇ --- [after-check] -----------------------------------------------------------------------------------------------------------------------
[03.18 17:52:31] ┇ INFO     ┇                                 __main__ ┇ (Ep 0.95) training:  95%|████████████████████████████▌ | 1425/1500 [03:37<00:06, 10.81x50b/s] | st=1425, ep=0.95, loss=0.2110, acc=0.9100
[03.18 17:52:38] ┇ INFO     ┇                                 __main__ ┇ (Ep 1.00) training: 100%|██████████████████████████████| 1500/1500 [03:44<00:00, 11.10x50b/s] | st=1500, ep=1.00, loss=0.1956, acc=0.9100
[03.18 17:52:41] ┇ INFO     ┇                                 __main__ ┇ (Ep 1.00) checking:  33%|██████▋             | 167/500 [00:02<00:04, 67.35x50b/s]
[03.18 17:52:43] ┇ INFO     ┇                                 __main__ ┇ (Ep 1.00) checking:  67%|█████████████▎      | 334/500 [00:05<00:02, 64.99x50b/s]
[03.18 17:52:46] ┇ INFO     ┇                                 __main__ ┇ (Ep 1.00) checking: 100%|████████████████████| 500/500 [00:08<00:00, 64.44x50b/s] | st=1500, ep=1.00, val_loss=0.2520, val_acc=0.9004
[03.18 17:52:46] ┇ INFO     ┇                                 __main__ ┇ --- [after-check] -----------------------------------------------------------------------------------------------------------------------
[03.18 17:52:46] ┇ INFO     ┇                                 __main__ ┇ === [after-epoch] =======================================================================================================================
[03.18 17:52:46] ┇ INFO     ┇                                 __main__ ┇ --- [after-train] -----------------------------------------------------------------------------------------------------------------------
[03.18 17:52:46] ┇ INFO     ┇                                 __main__ ┇ Loading model from finetuning/nsmc/train=KPF-BERT=ptlm3/version_1/ep=0.9, loss=0.2338, acc=0.9046.ckpt
[03.18 17:52:50] ┇ INFO     ┇                                 __main__ ┇ (Ep 0.90)  testing:  33%|██████▋             | 167/500 [00:03<00:04, 67.50x50b/s]
[03.18 17:52:52] ┇ INFO     ┇                                 __main__ ┇ (Ep 0.90)  testing:  67%|█████████████▎      | 334/500 [00:05<00:02, 64.86x50b/s]
[03.18 17:52:55] ┇ INFO     ┇                                 __main__ ┇ (Ep 0.90)  testing: 100%|████████████████████| 500/500 [00:08<00:00, 65.53x50b/s] | st=1350, ep=0.90, test_loss=0.2338, test_acc=0.9046
[03.18 17:52:55] ┇ INFO     ┇                                 __main__ ┇ --- [after-test] ------------------------------------------------------------------------------------------------------------------------
[03.18 17:52:55] ┇ INFO     ┇                           chrisbase.data ┇ =========================================================================================================================================
[03.18 17:52:55] ┇ INFO     ┇                           chrisbase.data ┇ [EXIT] python /home/chrisjihee/proj/DeepKNLP-24.03/1-nsmc.py train ($=00:04:22.929)
[03.18 17:52:55] ┇ INFO     ┇                           chrisbase.data ┇ =========================================================================================================================================
