[01.29 14:58:24] ┇ INFO    ┇       chrisbase.data ┇ =========================================================================================================================================
[01.29 14:58:24] ┇ INFO    ┇       chrisbase.data ┇ [INIT] python /home/chrisjihee/proj/DeepKNLP/chrisdata/src/chrisdata/cli.py ner convert_to_EQ
[01.29 14:58:24] ┇ INFO    ┇       chrisbase.data ┇ =========================================================================================================================================
[01.29 14:58:24] ┇ INFO    ┇       chrisbase.data ┇ -----------------------------------------------------------------------------------------------------------------------------------------
[01.29 14:58:24] ┇ INFO    ┇       chrisbase.data ┇   #	NewIOArguments      	value
[01.29 14:58:24] ┇ INFO    ┇       chrisbase.data ┇ -----------------------------------------------------------------------------------------------------------------------------------------
[01.29 14:58:24] ┇ INFO    ┇       chrisbase.data ┇   1	env.hostname        	ptlm3
[01.29 14:58:24] ┇ INFO    ┇       chrisbase.data ┇   2	env.hostaddr        	129.254.121.74
[01.29 14:58:24] ┇ INFO    ┇       chrisbase.data ┇   3	env.global_rank     	-1
[01.29 14:58:24] ┇ INFO    ┇       chrisbase.data ┇   4	env.local_rank      	-1
[01.29 14:58:24] ┇ INFO    ┇       chrisbase.data ┇   5	env.node_rank       	-1
[01.29 14:58:24] ┇ INFO    ┇       chrisbase.data ┇   6	env.world_size      	-1
[01.29 14:58:24] ┇ INFO    ┇       chrisbase.data ┇   7	env.time_stamp      	0129.145823
[01.29 14:58:24] ┇ INFO    ┇       chrisbase.data ┇   8	env.python_path     	/home/chrisjihee/miniforge3/envs/DeepKNLP/bin/python
[01.29 14:58:24] ┇ INFO    ┇       chrisbase.data ┇   9	env.current_dir     	/home/chrisjihee/proj/DeepKNLP
[01.29 14:58:24] ┇ INFO    ┇       chrisbase.data ┇  10	env.current_file    	/home/chrisjihee/proj/DeepKNLP/chrisdata/src/chrisdata/cli.py
[01.29 14:58:24] ┇ INFO    ┇       chrisbase.data ┇  11	env.command_args    	['ner', 'convert_to_EQ']
[01.29 14:58:24] ┇ INFO    ┇       chrisbase.data ┇  12	env.output_home     	output
[01.29 14:58:24] ┇ INFO    ┇       chrisbase.data ┇  13	env.output_name     	GNER
[01.29 14:58:24] ┇ INFO    ┇       chrisbase.data ┇  14	env.run_version
[01.29 14:58:24] ┇ INFO    ┇       chrisbase.data ┇  15	env.output_file
[01.29 14:58:24] ┇ INFO    ┇       chrisbase.data ┇  16	env.logging_file    	convert_to_eq.out
[01.29 14:58:24] ┇ INFO    ┇       chrisbase.data ┇  17	env.logging_level   	20
[01.29 14:58:24] ┇ INFO    ┇       chrisbase.data ┇  18	env.logging_format  	%(asctime)s ┇ %(levelname)-7s ┇ %(name)20s ┇ %(message)s
[01.29 14:58:24] ┇ INFO    ┇       chrisbase.data ┇  19	env.datetime_format 	[%m.%d %H:%M:%S]
[01.29 14:58:24] ┇ INFO    ┇       chrisbase.data ┇  20	env.argument_file
[01.29 14:58:24] ┇ INFO    ┇       chrisbase.data ┇  21	env.random_seed
[01.29 14:58:24] ┇ INFO    ┇       chrisbase.data ┇  22	env.max_workers     	1
[01.29 14:58:24] ┇ INFO    ┇       chrisbase.data ┇  23	env.debugging       	False
[01.29 14:58:24] ┇ INFO    ┇       chrisbase.data ┇  24	env.output_dir      	output/GNER
[01.29 14:58:24] ┇ INFO    ┇       chrisbase.data ┇  25	time.t1             	2025-01-29 14:58:24.536374
[01.29 14:58:24] ┇ INFO    ┇       chrisbase.data ┇  26	time.t2             	2025-01-29 14:58:23.664420
[01.29 14:58:24] ┇ INFO    ┇       chrisbase.data ┇  27	time.started        	[01.29 14:58:24]
[01.29 14:58:24] ┇ INFO    ┇       chrisbase.data ┇  28	time.settled
[01.29 14:58:24] ┇ INFO    ┇       chrisbase.data ┇  29	time.elapsed
[01.29 14:58:24] ┇ INFO    ┇       chrisbase.data ┇  30	input.start         	0.0
[01.29 14:58:24] ┇ INFO    ┇       chrisbase.data ┇  31	input.limit         	-1.0
[01.29 14:58:24] ┇ INFO    ┇       chrisbase.data ┇  32	input.batch         	1.0
[01.29 14:58:24] ┇ INFO    ┇       chrisbase.data ┇  33	input.inter         	10000.0
[01.29 14:58:24] ┇ INFO    ┇       chrisbase.data ┇  34	input.data          	nan
[01.29 14:58:24] ┇ INFO    ┇       chrisbase.data ┇  35	input.file.name     	zero-shot-dev.jsonl
[01.29 14:58:24] ┇ INFO    ┇       chrisbase.data ┇  36	input.file.home     	data/gner
[01.29 14:58:24] ┇ INFO    ┇       chrisbase.data ┇  37	input.file.user
[01.29 14:58:24] ┇ INFO    ┇       chrisbase.data ┇  38	input.file.pswd
[01.29 14:58:24] ┇ INFO    ┇       chrisbase.data ┇  39	input.file.reset    	False
[01.29 14:58:24] ┇ INFO    ┇       chrisbase.data ┇  40	input.file.required 	True
[01.29 14:58:24] ┇ INFO    ┇       chrisbase.data ┇  41	input.file.mode     	rb
[01.29 14:58:24] ┇ INFO    ┇       chrisbase.data ┇  42	input.file.encoding 	utf-8
[01.29 14:58:24] ┇ INFO    ┇       chrisbase.data ┇  43	output.file.name    	zero-shot-dev-eq-0129.145823.jsonl
[01.29 14:58:24] ┇ INFO    ┇       chrisbase.data ┇  44	output.file.home    	data/gner/entity_query
[01.29 14:58:24] ┇ INFO    ┇       chrisbase.data ┇  45	output.file.user
[01.29 14:58:24] ┇ INFO    ┇       chrisbase.data ┇  46	output.file.pswd
[01.29 14:58:24] ┇ INFO    ┇       chrisbase.data ┇  47	output.file.reset   	False
[01.29 14:58:24] ┇ INFO    ┇       chrisbase.data ┇  48	output.file.required	False
[01.29 14:58:24] ┇ INFO    ┇       chrisbase.data ┇  49	output.file.mode    	w
[01.29 14:58:24] ┇ INFO    ┇       chrisbase.data ┇  50	output.file.encoding	utf-8
[01.29 14:58:24] ┇ INFO    ┇       chrisbase.data ┇ -----------------------------------------------------------------------------------------------------------------------------------------
[01.29 14:58:24] ┇ WARNING ┇   chrisdata.ner.gner ┇ output_file.path=data/gner/entity_query/zero-shot-dev-eq-0129.145823.jsonl
[01.29 14:58:24] ┇ INFO    ┇   chrisdata.ner.gner ┇ Convert dataset:   0%|                    |    1/6085 [0:00:00<0:00:04, 1428.19Hz]
[01.29 14:58:26] ┇ INFO    ┇   chrisdata.ner.gner ┇ Convert dataset: 100%|████████████████████| 6085/6085 [0:00:01<0:00:00, 5668.72Hz]
[01.29 14:58:26] ┇ INFO    ┇   chrisdata.ner.gner ┇ Number of new samples in data/gner/entity_query/zero-shot-dev-eq-0129.145823.jsonl: 66522
[01.29 14:58:26] ┇ INFO    ┇       chrisbase.data ┇ =========================================================================================================================================
[01.29 14:58:26] ┇ INFO    ┇       chrisbase.data ┇ [EXIT] python /home/chrisjihee/proj/DeepKNLP/chrisdata/src/chrisdata/cli.py ner convert_to_EQ ($=00:00:01.841)
[01.29 14:58:26] ┇ INFO    ┇       chrisbase.data ┇ =========================================================================================================================================

[01.29 15:07:37] ┇ INFO    ┇       chrisbase.data ┇ =========================================================================================================================================
[01.29 15:07:37] ┇ INFO    ┇       chrisbase.data ┇ [INIT] python /home/chrisjihee/proj/DeepKNLP/chrisdata/src/chrisdata/cli.py ner convert_to_EQ
[01.29 15:07:37] ┇ INFO    ┇       chrisbase.data ┇ =========================================================================================================================================
[01.29 15:07:37] ┇ INFO    ┇       chrisbase.data ┇ -----------------------------------------------------------------------------------------------------------------------------------------
[01.29 15:07:37] ┇ INFO    ┇       chrisbase.data ┇   #	NewIOArguments      	value
[01.29 15:07:37] ┇ INFO    ┇       chrisbase.data ┇ -----------------------------------------------------------------------------------------------------------------------------------------
[01.29 15:07:37] ┇ INFO    ┇       chrisbase.data ┇   1	env.hostname        	ptlm3
[01.29 15:07:37] ┇ INFO    ┇       chrisbase.data ┇   2	env.hostaddr        	129.254.121.74
[01.29 15:07:37] ┇ INFO    ┇       chrisbase.data ┇   3	env.global_rank     	-1
[01.29 15:07:37] ┇ INFO    ┇       chrisbase.data ┇   4	env.local_rank      	-1
[01.29 15:07:37] ┇ INFO    ┇       chrisbase.data ┇   5	env.node_rank       	-1
[01.29 15:07:37] ┇ INFO    ┇       chrisbase.data ┇   6	env.world_size      	-1
[01.29 15:07:37] ┇ INFO    ┇       chrisbase.data ┇   7	env.time_stamp      	0129.150736
[01.29 15:07:37] ┇ INFO    ┇       chrisbase.data ┇   8	env.python_path     	/home/chrisjihee/miniforge3/envs/DeepKNLP/bin/python
[01.29 15:07:37] ┇ INFO    ┇       chrisbase.data ┇   9	env.current_dir     	/home/chrisjihee/proj/DeepKNLP
[01.29 15:07:37] ┇ INFO    ┇       chrisbase.data ┇  10	env.current_file    	/home/chrisjihee/proj/DeepKNLP/chrisdata/src/chrisdata/cli.py
[01.29 15:07:37] ┇ INFO    ┇       chrisbase.data ┇  11	env.command_args    	['ner', 'convert_to_EQ']
[01.29 15:07:37] ┇ INFO    ┇       chrisbase.data ┇  12	env.output_home     	output
[01.29 15:07:37] ┇ INFO    ┇       chrisbase.data ┇  13	env.output_name     	GNER
[01.29 15:07:37] ┇ INFO    ┇       chrisbase.data ┇  14	env.run_version
[01.29 15:07:37] ┇ INFO    ┇       chrisbase.data ┇  15	env.output_file
[01.29 15:07:37] ┇ INFO    ┇       chrisbase.data ┇  16	env.logging_file    	convert_to_eq.out
[01.29 15:07:37] ┇ INFO    ┇       chrisbase.data ┇  17	env.logging_level   	20
[01.29 15:07:37] ┇ INFO    ┇       chrisbase.data ┇  18	env.logging_format  	%(asctime)s ┇ %(levelname)-7s ┇ %(name)20s ┇ %(message)s
[01.29 15:07:37] ┇ INFO    ┇       chrisbase.data ┇  19	env.datetime_format 	[%m.%d %H:%M:%S]
[01.29 15:07:37] ┇ INFO    ┇       chrisbase.data ┇  20	env.argument_file
[01.29 15:07:37] ┇ INFO    ┇       chrisbase.data ┇  21	env.random_seed
[01.29 15:07:37] ┇ INFO    ┇       chrisbase.data ┇  22	env.max_workers     	1
[01.29 15:07:37] ┇ INFO    ┇       chrisbase.data ┇  23	env.debugging       	False
[01.29 15:07:37] ┇ INFO    ┇       chrisbase.data ┇  24	env.output_dir      	output/GNER
[01.29 15:07:37] ┇ INFO    ┇       chrisbase.data ┇  25	time.t1             	2025-01-29 15:07:37.803976
[01.29 15:07:37] ┇ INFO    ┇       chrisbase.data ┇  26	time.t2             	2025-01-29 15:07:36.926227
[01.29 15:07:37] ┇ INFO    ┇       chrisbase.data ┇  27	time.started        	[01.29 15:07:37]
[01.29 15:07:37] ┇ INFO    ┇       chrisbase.data ┇  28	time.settled
[01.29 15:07:37] ┇ INFO    ┇       chrisbase.data ┇  29	time.elapsed
[01.29 15:07:37] ┇ INFO    ┇       chrisbase.data ┇  30	input.start         	0.0
[01.29 15:07:37] ┇ INFO    ┇       chrisbase.data ┇  31	input.limit         	-1.0
[01.29 15:07:37] ┇ INFO    ┇       chrisbase.data ┇  32	input.batch         	1.0
[01.29 15:07:37] ┇ INFO    ┇       chrisbase.data ┇  33	input.inter         	10000.0
[01.29 15:07:37] ┇ INFO    ┇       chrisbase.data ┇  34	input.data          	nan
[01.29 15:07:37] ┇ INFO    ┇       chrisbase.data ┇  35	input.file.name     	zero-shot-test.jsonl
[01.29 15:07:37] ┇ INFO    ┇       chrisbase.data ┇  36	input.file.home     	data/gner
[01.29 15:07:37] ┇ INFO    ┇       chrisbase.data ┇  37	input.file.user
[01.29 15:07:37] ┇ INFO    ┇       chrisbase.data ┇  38	input.file.pswd
[01.29 15:07:37] ┇ INFO    ┇       chrisbase.data ┇  39	input.file.reset    	False
[01.29 15:07:37] ┇ INFO    ┇       chrisbase.data ┇  40	input.file.required 	True
[01.29 15:07:37] ┇ INFO    ┇       chrisbase.data ┇  41	input.file.mode     	rb
[01.29 15:07:37] ┇ INFO    ┇       chrisbase.data ┇  42	input.file.encoding 	utf-8
[01.29 15:07:37] ┇ INFO    ┇       chrisbase.data ┇  43	output.file.name    	zero-shot-test-eq-0129.150736.jsonl
[01.29 15:07:37] ┇ INFO    ┇       chrisbase.data ┇  44	output.file.home    	data/gner/entity_query
[01.29 15:07:37] ┇ INFO    ┇       chrisbase.data ┇  45	output.file.user
[01.29 15:07:37] ┇ INFO    ┇       chrisbase.data ┇  46	output.file.pswd
[01.29 15:07:37] ┇ INFO    ┇       chrisbase.data ┇  47	output.file.reset   	False
[01.29 15:07:37] ┇ INFO    ┇       chrisbase.data ┇  48	output.file.required	False
[01.29 15:07:37] ┇ INFO    ┇       chrisbase.data ┇  49	output.file.mode    	w
[01.29 15:07:37] ┇ INFO    ┇       chrisbase.data ┇  50	output.file.encoding	utf-8
[01.29 15:07:37] ┇ INFO    ┇       chrisbase.data ┇ -----------------------------------------------------------------------------------------------------------------------------------------
[01.29 15:07:37] ┇ WARNING ┇   chrisdata.ner.gner ┇ output_file.path=data/gner/entity_query/zero-shot-test-eq-0129.150736.jsonl
[01.29 15:07:37] ┇ INFO    ┇   chrisdata.ner.gner ┇ Convert dataset:   0%|                    |    1/6470 [0:00:00<0:00:04, 1384.41Hz]
[01.29 15:07:39] ┇ INFO    ┇   chrisdata.ner.gner ┇ Convert dataset: 100%|████████████████████| 6470/6470 [0:00:01<0:00:00, 5807.15Hz]
[01.29 15:07:39] ┇ INFO    ┇   chrisdata.ner.gner ┇ Number of new samples in data/gner/entity_query/zero-shot-test-eq-0129.150736.jsonl: 71139
[01.29 15:07:39] ┇ INFO    ┇       chrisbase.data ┇ =========================================================================================================================================
[01.29 15:07:39] ┇ INFO    ┇       chrisbase.data ┇ [EXIT] python /home/chrisjihee/proj/DeepKNLP/chrisdata/src/chrisdata/cli.py ner convert_to_EQ ($=00:00:01.940)
[01.29 15:07:39] ┇ INFO    ┇       chrisbase.data ┇ =========================================================================================================================================

[01.29 15:09:48] ┇ INFO    ┇       chrisbase.data ┇ =========================================================================================================================================
[01.29 15:09:48] ┇ INFO    ┇       chrisbase.data ┇ [INIT] python /home/chrisjihee/proj/DeepKNLP/chrisdata/src/chrisdata/cli.py ner convert_to_EQ
[01.29 15:09:48] ┇ INFO    ┇       chrisbase.data ┇ =========================================================================================================================================
[01.29 15:09:49] ┇ INFO    ┇       chrisbase.data ┇ -----------------------------------------------------------------------------------------------------------------------------------------
[01.29 15:09:49] ┇ INFO    ┇       chrisbase.data ┇   #	NewIOArguments      	value
[01.29 15:09:49] ┇ INFO    ┇       chrisbase.data ┇ -----------------------------------------------------------------------------------------------------------------------------------------
[01.29 15:09:49] ┇ INFO    ┇       chrisbase.data ┇   1	env.hostname        	ptlm3
[01.29 15:09:49] ┇ INFO    ┇       chrisbase.data ┇   2	env.hostaddr        	129.254.121.74
[01.29 15:09:49] ┇ INFO    ┇       chrisbase.data ┇   3	env.global_rank     	-1
[01.29 15:09:49] ┇ INFO    ┇       chrisbase.data ┇   4	env.local_rank      	-1
[01.29 15:09:49] ┇ INFO    ┇       chrisbase.data ┇   5	env.node_rank       	-1
[01.29 15:09:49] ┇ INFO    ┇       chrisbase.data ┇   6	env.world_size      	-1
[01.29 15:09:49] ┇ INFO    ┇       chrisbase.data ┇   7	env.time_stamp      	0129.150948
[01.29 15:09:49] ┇ INFO    ┇       chrisbase.data ┇   8	env.python_path     	/home/chrisjihee/miniforge3/envs/DeepKNLP/bin/python
[01.29 15:09:49] ┇ INFO    ┇       chrisbase.data ┇   9	env.current_dir     	/home/chrisjihee/proj/DeepKNLP
[01.29 15:09:49] ┇ INFO    ┇       chrisbase.data ┇  10	env.current_file    	/home/chrisjihee/proj/DeepKNLP/chrisdata/src/chrisdata/cli.py
[01.29 15:09:49] ┇ INFO    ┇       chrisbase.data ┇  11	env.command_args    	['ner', 'convert_to_EQ']
[01.29 15:09:49] ┇ INFO    ┇       chrisbase.data ┇  12	env.output_home     	output
[01.29 15:09:49] ┇ INFO    ┇       chrisbase.data ┇  13	env.output_name     	GNER
[01.29 15:09:49] ┇ INFO    ┇       chrisbase.data ┇  14	env.run_version
[01.29 15:09:49] ┇ INFO    ┇       chrisbase.data ┇  15	env.output_file
[01.29 15:09:49] ┇ INFO    ┇       chrisbase.data ┇  16	env.logging_file    	convert_to_eq.out
[01.29 15:09:49] ┇ INFO    ┇       chrisbase.data ┇  17	env.logging_level   	20
[01.29 15:09:49] ┇ INFO    ┇       chrisbase.data ┇  18	env.logging_format  	%(asctime)s ┇ %(levelname)-7s ┇ %(name)20s ┇ %(message)s
[01.29 15:09:49] ┇ INFO    ┇       chrisbase.data ┇  19	env.datetime_format 	[%m.%d %H:%M:%S]
[01.29 15:09:49] ┇ INFO    ┇       chrisbase.data ┇  20	env.argument_file
[01.29 15:09:49] ┇ INFO    ┇       chrisbase.data ┇  21	env.random_seed
[01.29 15:09:49] ┇ INFO    ┇       chrisbase.data ┇  22	env.max_workers     	1
[01.29 15:09:49] ┇ INFO    ┇       chrisbase.data ┇  23	env.debugging       	False
[01.29 15:09:49] ┇ INFO    ┇       chrisbase.data ┇  24	env.output_dir      	output/GNER
[01.29 15:09:49] ┇ INFO    ┇       chrisbase.data ┇  25	time.t1             	2025-01-29 15:09:49.104130
[01.29 15:09:49] ┇ INFO    ┇       chrisbase.data ┇  26	time.t2             	2025-01-29 15:09:48.198519
[01.29 15:09:49] ┇ INFO    ┇       chrisbase.data ┇  27	time.started        	[01.29 15:09:49]
[01.29 15:09:49] ┇ INFO    ┇       chrisbase.data ┇  28	time.settled
[01.29 15:09:49] ┇ INFO    ┇       chrisbase.data ┇  29	time.elapsed
[01.29 15:09:49] ┇ INFO    ┇       chrisbase.data ┇  30	input.start         	0.0
[01.29 15:09:49] ┇ INFO    ┇       chrisbase.data ┇  31	input.limit         	-1.0
[01.29 15:09:49] ┇ INFO    ┇       chrisbase.data ┇  32	input.batch         	1.0
[01.29 15:09:49] ┇ INFO    ┇       chrisbase.data ┇  33	input.inter         	10000.0
[01.29 15:09:49] ┇ INFO    ┇       chrisbase.data ┇  34	input.data          	nan
[01.29 15:09:49] ┇ INFO    ┇       chrisbase.data ┇  35	input.file.name     	zero-shot-train.jsonl
[01.29 15:09:49] ┇ INFO    ┇       chrisbase.data ┇  36	input.file.home     	data/gner
[01.29 15:09:49] ┇ INFO    ┇       chrisbase.data ┇  37	input.file.user
[01.29 15:09:49] ┇ INFO    ┇       chrisbase.data ┇  38	input.file.pswd
[01.29 15:09:49] ┇ INFO    ┇       chrisbase.data ┇  39	input.file.reset    	False
[01.29 15:09:49] ┇ INFO    ┇       chrisbase.data ┇  40	input.file.required 	True
[01.29 15:09:49] ┇ INFO    ┇       chrisbase.data ┇  41	input.file.mode     	rb
[01.29 15:09:49] ┇ INFO    ┇       chrisbase.data ┇  42	input.file.encoding 	utf-8
[01.29 15:09:49] ┇ INFO    ┇       chrisbase.data ┇  43	output.file.name    	zero-shot-train-eq-0129.150948.jsonl
[01.29 15:09:49] ┇ INFO    ┇       chrisbase.data ┇  44	output.file.home    	data/gner/entity_query
[01.29 15:09:49] ┇ INFO    ┇       chrisbase.data ┇  45	output.file.user
[01.29 15:09:49] ┇ INFO    ┇       chrisbase.data ┇  46	output.file.pswd
[01.29 15:09:49] ┇ INFO    ┇       chrisbase.data ┇  47	output.file.reset   	False
[01.29 15:09:49] ┇ INFO    ┇       chrisbase.data ┇  48	output.file.required	False
[01.29 15:09:49] ┇ INFO    ┇       chrisbase.data ┇  49	output.file.mode    	w
[01.29 15:09:49] ┇ INFO    ┇       chrisbase.data ┇  50	output.file.encoding	utf-8
[01.29 15:09:49] ┇ INFO    ┇       chrisbase.data ┇ -----------------------------------------------------------------------------------------------------------------------------------------
[01.29 15:09:49] ┇ WARNING ┇   chrisdata.ner.gner ┇ output_file.path=data/gner/entity_query/zero-shot-train-eq-0129.150948.jsonl
[01.29 15:09:49] ┇ INFO    ┇   chrisdata.ner.gner ┇ Convert dataset:   0%|                    |     1/18135 [0:00:00<0:00:15, 1170.34Hz]
[01.29 15:09:51] ┇ INFO    ┇   chrisdata.ner.gner ┇ Convert dataset:  41%|████████▎           |  7485/18135 [0:00:02<0:00:02, 3829.81Hz]
[01.29 15:09:53] ┇ INFO    ┇   chrisdata.ner.gner ┇ Convert dataset:  96%|███████████████████▏| 17395/18135 [0:00:04<0:00:00, 5776.53Hz]
[01.29 15:09:53] ┇ INFO    ┇   chrisdata.ner.gner ┇ Convert dataset: 100%|████████████████████| 18135/18135 [0:00:04<0:00:00, 5660.68Hz]
[01.29 15:09:53] ┇ INFO    ┇   chrisdata.ner.gner ┇ Number of new samples in data/gner/entity_query/zero-shot-train-eq-0129.150948.jsonl: 186980
[01.29 15:09:54] ┇ INFO    ┇       chrisbase.data ┇ =========================================================================================================================================
[01.29 15:09:54] ┇ INFO    ┇       chrisbase.data ┇ [EXIT] python /home/chrisjihee/proj/DeepKNLP/chrisdata/src/chrisdata/cli.py ner convert_to_EQ ($=00:00:04.790)
[01.29 15:09:54] ┇ INFO    ┇       chrisbase.data ┇ =========================================================================================================================================
