[01.31 12:02:00] ┇ INFO    ┇       chrisbase.data ┇ =========================================================================================================================================
[01.31 12:02:00] ┇ INFO    ┇       chrisbase.data ┇ [INIT] python /home/chrisjihee/proj/DeepKNLP/chrisdata/src/chrisdata/cli.py ner convert_conll --split_name train --verbose 1 data/gner/each/crossner_ai data/gner/each/crossner_ai.jsonl
[01.31 12:02:00] ┇ INFO    ┇       chrisbase.data ┇ =========================================================================================================================================
[01.31 12:02:00] ┇ INFO    ┇   chrisdata.ner.gner ┇ Convert dataset:   1%|▏                   |   1/100 [0:00:00<0:00:00, 113.20Hz]
[01.31 12:02:01] ┇ INFO    ┇   chrisdata.ner.gner ┇ Convert dataset: 100%|████████████████████| 100/100 [0:00:00<0:00:00, 119.64Hz]
[01.31 12:02:01] ┇ INFO    ┇   chrisdata.ner.gner ┇ Number of samples in data/gner/each/crossner_ai-train.jsonl: 100
[01.31 12:02:01] ┇ INFO    ┇       chrisbase.data ┇ =========================================================================================================================================
[01.31 12:02:01] ┇ INFO    ┇       chrisbase.data ┇ [EXIT] python /home/chrisjihee/proj/DeepKNLP/chrisdata/src/chrisdata/cli.py ner convert_conll --split_name train --verbose 1 data/gner/each/crossner_ai data/gner/each/crossner_ai.jsonl ($=00:00:01.008)
[01.31 12:02:01] ┇ INFO    ┇       chrisbase.data ┇ =========================================================================================================================================
[01.31 12:02:04] ┇ INFO    ┇       chrisbase.data ┇ =========================================================================================================================================
[01.31 12:02:04] ┇ INFO    ┇       chrisbase.data ┇ [INIT] python /home/chrisjihee/proj/DeepKNLP/chrisdata/src/chrisdata/cli.py ner convert_conll --split_name test --verbose 1 data/gner/each/crossner_ai data/gner/each/crossner_ai.jsonl
[01.31 12:02:04] ┇ INFO    ┇       chrisbase.data ┇ =========================================================================================================================================
[01.31 12:02:04] ┇ INFO    ┇   chrisdata.ner.gner ┇ Convert dataset:   0%|                    |   1/431 [0:00:00<0:00:05, 75.25Hz]
[01.31 12:02:06] ┇ INFO    ┇   chrisdata.ner.gner ┇ Convert dataset:  56%|███████████▎        | 243/431 [0:00:02<0:00:01, 120.83Hz]
[01.31 12:02:08] ┇ INFO    ┇   chrisdata.ner.gner ┇ Convert dataset: 100%|████████████████████| 431/431 [0:00:03<0:00:00, 120.81Hz]
[01.31 12:02:08] ┇ INFO    ┇   chrisdata.ner.gner ┇ Number of samples in data/gner/each/crossner_ai-test.jsonl: 431
[01.31 12:02:08] ┇ INFO    ┇       chrisbase.data ┇ =========================================================================================================================================
[01.31 12:02:08] ┇ INFO    ┇       chrisbase.data ┇ [EXIT] python /home/chrisjihee/proj/DeepKNLP/chrisdata/src/chrisdata/cli.py ner convert_conll --split_name test --verbose 1 data/gner/each/crossner_ai data/gner/each/crossner_ai.jsonl ($=00:00:03.759)
[01.31 12:02:08] ┇ INFO    ┇       chrisbase.data ┇ =========================================================================================================================================
[01.31 12:02:10] ┇ INFO    ┇       chrisbase.data ┇ =========================================================================================================================================
[01.31 12:02:10] ┇ INFO    ┇       chrisbase.data ┇ [INIT] python /home/chrisjihee/proj/DeepKNLP/chrisdata/src/chrisdata/cli.py ner convert_conll --split_name dev --verbose 1 data/gner/each/crossner_ai data/gner/each/crossner_ai.jsonl
[01.31 12:02:10] ┇ INFO    ┇       chrisbase.data ┇ =========================================================================================================================================
[01.31 12:02:11] ┇ INFO    ┇   chrisdata.ner.gner ┇ Convert dataset:   0%|                    |   1/350 [0:00:00<0:00:04, 74.78Hz]
[01.31 12:02:13] ┇ INFO    ┇   chrisdata.ner.gner ┇ Convert dataset:  68%|█████████████▋      | 239/350 [0:00:02<0:00:00, 120.64Hz]
[01.31 12:02:14] ┇ INFO    ┇   chrisdata.ner.gner ┇ Convert dataset: 100%|████████████████████| 350/350 [0:00:02<0:00:00, 120.76Hz]
[01.31 12:02:14] ┇ INFO    ┇   chrisdata.ner.gner ┇ Number of samples in data/gner/each/crossner_ai-dev.jsonl: 350
[01.31 12:02:14] ┇ INFO    ┇       chrisbase.data ┇ =========================================================================================================================================
[01.31 12:02:14] ┇ INFO    ┇       chrisbase.data ┇ [EXIT] python /home/chrisjihee/proj/DeepKNLP/chrisdata/src/chrisdata/cli.py ner convert_conll --split_name dev --verbose 1 data/gner/each/crossner_ai data/gner/each/crossner_ai.jsonl ($=00:00:03.100)
[01.31 12:02:14] ┇ INFO    ┇       chrisbase.data ┇ =========================================================================================================================================
[01.31 12:02:16] ┇ INFO    ┇       chrisbase.data ┇ =========================================================================================================================================
[01.31 12:02:16] ┇ INFO    ┇       chrisbase.data ┇ [INIT] python /home/chrisjihee/proj/DeepKNLP/chrisdata/src/chrisdata/cli.py ner convert_conll --split_name train --verbose 1 data/gner/each/crossner_literature data/gner/each/crossner_literature.jsonl
[01.31 12:02:16] ┇ INFO    ┇       chrisbase.data ┇ =========================================================================================================================================
[01.31 12:02:17] ┇ INFO    ┇   chrisdata.ner.gner ┇ Convert dataset:   1%|▏                   |   1/100 [0:00:00<0:00:00, 113.45Hz]
[01.31 12:02:18] ┇ INFO    ┇   chrisdata.ner.gner ┇ Convert dataset: 100%|████████████████████| 100/100 [0:00:00<0:00:00, 119.40Hz]
[01.31 12:02:18] ┇ INFO    ┇   chrisdata.ner.gner ┇ Number of samples in data/gner/each/crossner_literature-train.jsonl: 100
[01.31 12:02:18] ┇ INFO    ┇       chrisbase.data ┇ =========================================================================================================================================
[01.31 12:02:18] ┇ INFO    ┇       chrisbase.data ┇ [EXIT] python /home/chrisjihee/proj/DeepKNLP/chrisdata/src/chrisdata/cli.py ner convert_conll --split_name train --verbose 1 data/gner/each/crossner_literature data/gner/each/crossner_literature.jsonl ($=00:00:01.016)
[01.31 12:02:18] ┇ INFO    ┇       chrisbase.data ┇ =========================================================================================================================================
[01.31 12:02:20] ┇ INFO    ┇       chrisbase.data ┇ =========================================================================================================================================
[01.31 12:02:20] ┇ INFO    ┇       chrisbase.data ┇ [INIT] python /home/chrisjihee/proj/DeepKNLP/chrisdata/src/chrisdata/cli.py ner convert_conll --split_name test --verbose 1 data/gner/each/crossner_literature data/gner/each/crossner_literature.jsonl
[01.31 12:02:20] ┇ INFO    ┇       chrisbase.data ┇ =========================================================================================================================================
[01.31 12:02:21] ┇ INFO    ┇   chrisdata.ner.gner ┇ Convert dataset:   0%|                    |   1/416 [0:00:00<0:00:05, 75.90Hz]
[01.31 12:02:23] ┇ INFO    ┇   chrisdata.ner.gner ┇ Convert dataset:  57%|███████████▍        | 238/416 [0:00:02<0:00:01, 120.05Hz]
[01.31 12:02:24] ┇ INFO    ┇   chrisdata.ner.gner ┇ Convert dataset: 100%|████████████████████| 416/416 [0:00:03<0:00:00, 117.43Hz]
[01.31 12:02:24] ┇ INFO    ┇   chrisdata.ner.gner ┇ Number of samples in data/gner/each/crossner_literature-test.jsonl: 416
[01.31 12:02:24] ┇ INFO    ┇       chrisbase.data ┇ =========================================================================================================================================
[01.31 12:02:24] ┇ INFO    ┇       chrisbase.data ┇ [EXIT] python /home/chrisjihee/proj/DeepKNLP/chrisdata/src/chrisdata/cli.py ner convert_conll --split_name test --verbose 1 data/gner/each/crossner_literature data/gner/each/crossner_literature.jsonl ($=00:00:03.675)
[01.31 12:02:24] ┇ INFO    ┇       chrisbase.data ┇ =========================================================================================================================================
[01.31 12:02:27] ┇ INFO    ┇       chrisbase.data ┇ =========================================================================================================================================
[01.31 12:02:27] ┇ INFO    ┇       chrisbase.data ┇ [INIT] python /home/chrisjihee/proj/DeepKNLP/chrisdata/src/chrisdata/cli.py ner convert_conll --split_name dev --verbose 1 data/gner/each/crossner_literature data/gner/each/crossner_literature.jsonl
[01.31 12:02:27] ┇ INFO    ┇       chrisbase.data ┇ =========================================================================================================================================
[01.31 12:02:27] ┇ INFO    ┇   chrisdata.ner.gner ┇ Convert dataset:   0%|                    |   1/400 [0:00:00<0:00:05, 74.97Hz]
[01.31 12:02:29] ┇ INFO    ┇   chrisdata.ner.gner ┇ Convert dataset:  60%|████████████        | 241/400 [0:00:02<0:00:01, 119.57Hz]
[01.31 12:02:31] ┇ INFO    ┇   chrisdata.ner.gner ┇ Convert dataset: 100%|████████████████████| 400/400 [0:00:03<0:00:00, 121.03Hz]
[01.31 12:02:31] ┇ INFO    ┇   chrisdata.ner.gner ┇ Number of samples in data/gner/each/crossner_literature-dev.jsonl: 400
[01.31 12:02:31] ┇ INFO    ┇       chrisbase.data ┇ =========================================================================================================================================
[01.31 12:02:31] ┇ INFO    ┇       chrisbase.data ┇ [EXIT] python /home/chrisjihee/proj/DeepKNLP/chrisdata/src/chrisdata/cli.py ner convert_conll --split_name dev --verbose 1 data/gner/each/crossner_literature data/gner/each/crossner_literature.jsonl ($=00:00:03.510)
[01.31 12:02:31] ┇ INFO    ┇       chrisbase.data ┇ =========================================================================================================================================
[01.31 12:02:33] ┇ INFO    ┇       chrisbase.data ┇ =========================================================================================================================================
[01.31 12:02:33] ┇ INFO    ┇       chrisbase.data ┇ [INIT] python /home/chrisjihee/proj/DeepKNLP/chrisdata/src/chrisdata/cli.py ner convert_conll --split_name train --verbose 1 data/gner/each/crossner_music data/gner/each/crossner_music.jsonl
[01.31 12:02:33] ┇ INFO    ┇       chrisbase.data ┇ =========================================================================================================================================
[01.31 12:02:34] ┇ INFO    ┇   chrisdata.ner.gner ┇ Convert dataset:   1%|▏                   |   1/100 [0:00:00<0:00:00, 113.98Hz]
[01.31 12:02:35] ┇ INFO    ┇   chrisdata.ner.gner ┇ Convert dataset: 100%|████████████████████| 100/100 [0:00:00<0:00:00, 119.48Hz]
[01.31 12:02:35] ┇ INFO    ┇   chrisdata.ner.gner ┇ Number of samples in data/gner/each/crossner_music-train.jsonl: 100
[01.31 12:02:35] ┇ INFO    ┇       chrisbase.data ┇ =========================================================================================================================================
[01.31 12:02:35] ┇ INFO    ┇       chrisbase.data ┇ [EXIT] python /home/chrisjihee/proj/DeepKNLP/chrisdata/src/chrisdata/cli.py ner convert_conll --split_name train --verbose 1 data/gner/each/crossner_music data/gner/each/crossner_music.jsonl ($=00:00:01.018)
[01.31 12:02:35] ┇ INFO    ┇       chrisbase.data ┇ =========================================================================================================================================
[01.31 12:02:37] ┇ INFO    ┇       chrisbase.data ┇ =========================================================================================================================================
[01.31 12:02:37] ┇ INFO    ┇       chrisbase.data ┇ [INIT] python /home/chrisjihee/proj/DeepKNLP/chrisdata/src/chrisdata/cli.py ner convert_conll --split_name test --verbose 1 data/gner/each/crossner_music data/gner/each/crossner_music.jsonl
[01.31 12:02:37] ┇ INFO    ┇       chrisbase.data ┇ =========================================================================================================================================
[01.31 12:02:38] ┇ INFO    ┇   chrisdata.ner.gner ┇ Convert dataset:   0%|                    |   1/465 [0:00:00<0:00:05, 90.76Hz]
[01.31 12:02:40] ┇ INFO    ┇   chrisdata.ner.gner ┇ Convert dataset:  52%|██████████▍         | 242/465 [0:00:02<0:00:01, 120.23Hz]
[01.31 12:02:42] ┇ INFO    ┇   chrisdata.ner.gner ┇ Convert dataset: 100%|████████████████████| 465/465 [0:00:03<0:00:00, 114.47Hz]
[01.31 12:02:42] ┇ INFO    ┇   chrisdata.ner.gner ┇ Number of samples in data/gner/each/crossner_music-test.jsonl: 465
[01.31 12:02:42] ┇ INFO    ┇       chrisbase.data ┇ =========================================================================================================================================
[01.31 12:02:42] ┇ INFO    ┇       chrisbase.data ┇ [EXIT] python /home/chrisjihee/proj/DeepKNLP/chrisdata/src/chrisdata/cli.py ner convert_conll --split_name test --verbose 1 data/gner/each/crossner_music data/gner/each/crossner_music.jsonl ($=00:00:04.047)
[01.31 12:02:42] ┇ INFO    ┇       chrisbase.data ┇ =========================================================================================================================================
[01.31 12:02:44] ┇ INFO    ┇       chrisbase.data ┇ =========================================================================================================================================
[01.31 12:02:44] ┇ INFO    ┇       chrisbase.data ┇ [INIT] python /home/chrisjihee/proj/DeepKNLP/chrisdata/src/chrisdata/cli.py ner convert_conll --split_name dev --verbose 1 data/gner/each/crossner_music data/gner/each/crossner_music.jsonl
[01.31 12:02:44] ┇ INFO    ┇       chrisbase.data ┇ =========================================================================================================================================
[01.31 12:02:45] ┇ INFO    ┇   chrisdata.ner.gner ┇ Convert dataset:   0%|                    |   1/380 [0:00:00<0:00:05, 75.02Hz]
[01.31 12:02:47] ┇ INFO    ┇   chrisdata.ner.gner ┇ Convert dataset:  63%|████████████▌       | 239/380 [0:00:02<0:00:01, 115.11Hz]
[01.31 12:02:48] ┇ INFO    ┇   chrisdata.ner.gner ┇ Convert dataset: 100%|████████████████████| 380/380 [0:00:03<0:00:00, 121.13Hz]
[01.31 12:02:48] ┇ INFO    ┇   chrisdata.ner.gner ┇ Number of samples in data/gner/each/crossner_music-dev.jsonl: 380
[01.31 12:02:48] ┇ INFO    ┇       chrisbase.data ┇ =========================================================================================================================================
[01.31 12:02:48] ┇ INFO    ┇       chrisbase.data ┇ [EXIT] python /home/chrisjihee/proj/DeepKNLP/chrisdata/src/chrisdata/cli.py ner convert_conll --split_name dev --verbose 1 data/gner/each/crossner_music data/gner/each/crossner_music.jsonl ($=00:00:03.349)
[01.31 12:02:48] ┇ INFO    ┇       chrisbase.data ┇ =========================================================================================================================================
[01.31 12:02:51] ┇ INFO    ┇       chrisbase.data ┇ =========================================================================================================================================
[01.31 12:02:51] ┇ INFO    ┇       chrisbase.data ┇ [INIT] python /home/chrisjihee/proj/DeepKNLP/chrisdata/src/chrisdata/cli.py ner convert_conll --split_name train --verbose 1 data/gner/each/crossner_politics data/gner/each/crossner_politics.jsonl
[01.31 12:02:51] ┇ INFO    ┇       chrisbase.data ┇ =========================================================================================================================================
[01.31 12:02:51] ┇ INFO    ┇   chrisdata.ner.gner ┇ Convert dataset:   0%|                    |   1/200 [0:00:00<0:00:01, 114.37Hz]
[01.31 12:02:53] ┇ INFO    ┇   chrisdata.ner.gner ┇ Convert dataset: 100%|████████████████████| 200/200 [0:00:01<0:00:00, 121.05Hz]
[01.31 12:02:53] ┇ INFO    ┇   chrisdata.ner.gner ┇ Number of samples in data/gner/each/crossner_politics-train.jsonl: 200
[01.31 12:02:53] ┇ INFO    ┇       chrisbase.data ┇ =========================================================================================================================================
[01.31 12:02:53] ┇ INFO    ┇       chrisbase.data ┇ [EXIT] python /home/chrisjihee/proj/DeepKNLP/chrisdata/src/chrisdata/cli.py ner convert_conll --split_name train --verbose 1 data/gner/each/crossner_politics data/gner/each/crossner_politics.jsonl ($=00:00:01.874)
[01.31 12:02:53] ┇ INFO    ┇       chrisbase.data ┇ =========================================================================================================================================
[01.31 12:02:55] ┇ INFO    ┇       chrisbase.data ┇ =========================================================================================================================================
[01.31 12:02:55] ┇ INFO    ┇       chrisbase.data ┇ [INIT] python /home/chrisjihee/proj/DeepKNLP/chrisdata/src/chrisdata/cli.py ner convert_conll --split_name test --verbose 1 data/gner/each/crossner_politics data/gner/each/crossner_politics.jsonl
[01.31 12:02:55] ┇ INFO    ┇       chrisbase.data ┇ =========================================================================================================================================
[01.31 12:02:56] ┇ INFO    ┇   chrisdata.ner.gner ┇ Convert dataset:   0%|                    |   1/651 [0:00:00<0:00:05, 114.63Hz]
[01.31 12:02:58] ┇ INFO    ┇   chrisdata.ner.gner ┇ Convert dataset:  37%|███████▍            | 242/651 [0:00:02<0:00:03, 121.19Hz]
[01.31 12:03:00] ┇ INFO    ┇   chrisdata.ner.gner ┇ Convert dataset:  74%|██████████████▊     | 483/651 [0:00:04<0:00:01, 120.99Hz]
[01.31 12:03:01] ┇ INFO    ┇   chrisdata.ner.gner ┇ Convert dataset: 100%|████████████████████| 651/651 [0:00:05<0:00:00, 121.03Hz]
[01.31 12:03:01] ┇ INFO    ┇   chrisdata.ner.gner ┇ Number of samples in data/gner/each/crossner_politics-test.jsonl: 651
[01.31 12:03:01] ┇ INFO    ┇       chrisbase.data ┇ =========================================================================================================================================
[01.31 12:03:01] ┇ INFO    ┇       chrisbase.data ┇ [EXIT] python /home/chrisjihee/proj/DeepKNLP/chrisdata/src/chrisdata/cli.py ner convert_conll --split_name test --verbose 1 data/gner/each/crossner_politics data/gner/each/crossner_politics.jsonl ($=00:00:05.589)
[01.31 12:03:01] ┇ INFO    ┇       chrisbase.data ┇ =========================================================================================================================================
[01.31 12:03:04] ┇ INFO    ┇       chrisbase.data ┇ =========================================================================================================================================
[01.31 12:03:04] ┇ INFO    ┇       chrisbase.data ┇ [INIT] python /home/chrisjihee/proj/DeepKNLP/chrisdata/src/chrisdata/cli.py ner convert_conll --split_name dev --verbose 1 data/gner/each/crossner_politics data/gner/each/crossner_politics.jsonl
[01.31 12:03:04] ┇ INFO    ┇       chrisbase.data ┇ =========================================================================================================================================
[01.31 12:03:04] ┇ INFO    ┇   chrisdata.ner.gner ┇ Convert dataset:   0%|                    |   1/541 [0:00:00<0:00:04, 117.25Hz]
[01.31 12:03:06] ┇ INFO    ┇   chrisdata.ner.gner ┇ Convert dataset:  45%|████████▉           | 243/541 [0:00:02<0:00:02, 121.39Hz]
[01.31 12:03:08] ┇ INFO    ┇   chrisdata.ner.gner ┇ Convert dataset:  89%|█████████████████▉  | 484/541 [0:00:04<0:00:00, 121.37Hz]
[01.31 12:03:09] ┇ INFO    ┇   chrisdata.ner.gner ┇ Convert dataset: 100%|████████████████████| 541/541 [0:00:04<0:00:00, 121.29Hz]
[01.31 12:03:09] ┇ INFO    ┇   chrisdata.ner.gner ┇ Number of samples in data/gner/each/crossner_politics-dev.jsonl: 541
[01.31 12:03:09] ┇ INFO    ┇       chrisbase.data ┇ =========================================================================================================================================
[01.31 12:03:09] ┇ INFO    ┇       chrisbase.data ┇ [EXIT] python /home/chrisjihee/proj/DeepKNLP/chrisdata/src/chrisdata/cli.py ner convert_conll --split_name dev --verbose 1 data/gner/each/crossner_politics data/gner/each/crossner_politics.jsonl ($=00:00:04.689)
[01.31 12:03:09] ┇ INFO    ┇       chrisbase.data ┇ =========================================================================================================================================
[01.31 12:03:12] ┇ INFO    ┇       chrisbase.data ┇ =========================================================================================================================================
[01.31 12:03:12] ┇ INFO    ┇       chrisbase.data ┇ [INIT] python /home/chrisjihee/proj/DeepKNLP/chrisdata/src/chrisdata/cli.py ner convert_conll --split_name train --verbose 1 data/gner/each/crossner_science data/gner/each/crossner_science.jsonl
[01.31 12:03:12] ┇ INFO    ┇       chrisbase.data ┇ =========================================================================================================================================
[01.31 12:03:12] ┇ INFO    ┇   chrisdata.ner.gner ┇ Convert dataset:   0%|                    |   1/200 [0:00:00<0:00:01, 113.24Hz]
[01.31 12:03:14] ┇ INFO    ┇   chrisdata.ner.gner ┇ Convert dataset: 100%|████████████████████| 200/200 [0:00:01<0:00:00, 121.63Hz]
[01.31 12:03:14] ┇ INFO    ┇   chrisdata.ner.gner ┇ Number of samples in data/gner/each/crossner_science-train.jsonl: 200
[01.31 12:03:14] ┇ INFO    ┇       chrisbase.data ┇ =========================================================================================================================================
[01.31 12:03:14] ┇ INFO    ┇       chrisbase.data ┇ [EXIT] python /home/chrisjihee/proj/DeepKNLP/chrisdata/src/chrisdata/cli.py ner convert_conll --split_name train --verbose 1 data/gner/each/crossner_science data/gner/each/crossner_science.jsonl ($=00:00:01.839)
[01.31 12:03:14] ┇ INFO    ┇       chrisbase.data ┇ =========================================================================================================================================
[01.31 12:03:17] ┇ INFO    ┇       chrisbase.data ┇ =========================================================================================================================================
[01.31 12:03:17] ┇ INFO    ┇       chrisbase.data ┇ [INIT] python /home/chrisjihee/proj/DeepKNLP/chrisdata/src/chrisdata/cli.py ner convert_conll --split_name test --verbose 1 data/gner/each/crossner_science data/gner/each/crossner_science.jsonl
[01.31 12:03:17] ┇ INFO    ┇       chrisbase.data ┇ =========================================================================================================================================
[01.31 12:03:17] ┇ INFO    ┇   chrisdata.ner.gner ┇ Convert dataset:   0%|                    |   1/543 [0:00:00<0:00:04, 113.72Hz]
[01.31 12:03:19] ┇ INFO    ┇   chrisdata.ner.gner ┇ Convert dataset:  45%|████████▉           | 243/543 [0:00:02<0:00:02, 121.15Hz]
[01.31 12:03:21] ┇ INFO    ┇   chrisdata.ner.gner ┇ Convert dataset:  90%|█████████████████▉  | 486/543 [0:00:04<0:00:00, 121.43Hz]
[01.31 12:03:22] ┇ INFO    ┇   chrisdata.ner.gner ┇ Convert dataset: 100%|████████████████████| 543/543 [0:00:04<0:00:00, 114.68Hz]
[01.31 12:03:22] ┇ INFO    ┇   chrisdata.ner.gner ┇ Number of samples in data/gner/each/crossner_science-test.jsonl: 543
[01.31 12:03:22] ┇ INFO    ┇       chrisbase.data ┇ =========================================================================================================================================
[01.31 12:03:22] ┇ INFO    ┇       chrisbase.data ┇ [EXIT] python /home/chrisjihee/proj/DeepKNLP/chrisdata/src/chrisdata/cli.py ner convert_conll --split_name test --verbose 1 data/gner/each/crossner_science data/gner/each/crossner_science.jsonl ($=00:00:04.683)
[01.31 12:03:22] ┇ INFO    ┇       chrisbase.data ┇ =========================================================================================================================================
[01.31 12:03:24] ┇ INFO    ┇       chrisbase.data ┇ =========================================================================================================================================
[01.31 12:03:24] ┇ INFO    ┇       chrisbase.data ┇ [INIT] python /home/chrisjihee/proj/DeepKNLP/chrisdata/src/chrisdata/cli.py ner convert_conll --split_name dev --verbose 1 data/gner/each/crossner_science data/gner/each/crossner_science.jsonl
[01.31 12:03:24] ┇ INFO    ┇       chrisbase.data ┇ =========================================================================================================================================
[01.31 12:03:25] ┇ INFO    ┇   chrisdata.ner.gner ┇ Convert dataset:   0%|                    |   1/450 [0:00:00<0:00:05, 77.79Hz]
[01.31 12:03:27] ┇ INFO    ┇   chrisdata.ner.gner ┇ Convert dataset:  52%|██████████▍         | 236/450 [0:00:02<0:00:01, 108.24Hz]
[01.31 12:03:29] ┇ INFO    ┇   chrisdata.ner.gner ┇ Convert dataset: 100%|████████████████████| 450/450 [0:00:03<0:00:00, 121.18Hz]
[01.31 12:03:29] ┇ INFO    ┇   chrisdata.ner.gner ┇ Number of samples in data/gner/each/crossner_science-dev.jsonl: 450
[01.31 12:03:29] ┇ INFO    ┇       chrisbase.data ┇ =========================================================================================================================================
[01.31 12:03:29] ┇ INFO    ┇       chrisbase.data ┇ [EXIT] python /home/chrisjihee/proj/DeepKNLP/chrisdata/src/chrisdata/cli.py ner convert_conll --split_name dev --verbose 1 data/gner/each/crossner_science data/gner/each/crossner_science.jsonl ($=00:00:03.938)
[01.31 12:03:29] ┇ INFO    ┇       chrisbase.data ┇ =========================================================================================================================================
[01.31 12:03:31] ┇ INFO    ┇       chrisbase.data ┇ =========================================================================================================================================
[01.31 12:03:31] ┇ INFO    ┇       chrisbase.data ┇ [INIT] python /home/chrisjihee/proj/DeepKNLP/chrisdata/src/chrisdata/cli.py ner convert_conll --split_name train --verbose 1 data/gner/each/mit-movie data/gner/each/mit-movie.jsonl
[01.31 12:03:31] ┇ INFO    ┇       chrisbase.data ┇ =========================================================================================================================================
[01.31 12:03:32] ┇ INFO    ┇   chrisdata.ner.gner ┇ Convert dataset:   0%|                    |    1/9775 [0:00:00<0:01:25, 114.40Hz]
[01.31 12:03:34] ┇ INFO    ┇   chrisdata.ner.gner ┇ Convert dataset:   2%|▍                   |  243/9775 [0:00:02<0:01:18, 120.86Hz]
[01.31 12:03:36] ┇ INFO    ┇   chrisdata.ner.gner ┇ Convert dataset:   5%|▉                   |  486/9775 [0:00:04<0:01:16, 121.17Hz]
[01.31 12:03:38] ┇ INFO    ┇   chrisdata.ner.gner ┇ Convert dataset:   7%|█▍                  |  726/9775 [0:00:06<0:01:14, 121.17Hz]
[01.31 12:03:40] ┇ INFO    ┇   chrisdata.ner.gner ┇ Convert dataset:  10%|█▉                  |  968/9775 [0:00:08<0:01:12, 121.01Hz]
[01.31 12:03:42] ┇ INFO    ┇   chrisdata.ner.gner ┇ Convert dataset:  12%|██▍                 | 1209/9775 [0:00:10<0:01:12, 117.83Hz]
[01.31 12:03:44] ┇ INFO    ┇   chrisdata.ner.gner ┇ Convert dataset:  15%|██▉                 | 1452/9775 [0:00:12<0:01:08, 121.22Hz]
[01.31 12:03:46] ┇ INFO    ┇   chrisdata.ner.gner ┇ Convert dataset:  17%|███▍                | 1695/9775 [0:00:14<0:01:06, 120.61Hz]
[01.31 12:03:48] ┇ INFO    ┇   chrisdata.ner.gner ┇ Convert dataset:  20%|███▉                | 1936/9775 [0:00:16<0:01:04, 121.52Hz]
[01.31 12:03:50] ┇ INFO    ┇   chrisdata.ner.gner ┇ Convert dataset:  22%|████▍               | 2179/9775 [0:00:18<0:01:02, 121.47Hz]
[01.31 12:03:52] ┇ INFO    ┇   chrisdata.ner.gner ┇ Convert dataset:  25%|████▉               | 2420/9775 [0:00:20<0:01:02, 117.19Hz]
[01.31 12:03:54] ┇ INFO    ┇   chrisdata.ner.gner ┇ Convert dataset:  27%|█████▍              | 2664/9775 [0:00:22<0:00:58, 121.48Hz]
[01.31 12:03:56] ┇ INFO    ┇   chrisdata.ner.gner ┇ Convert dataset:  30%|█████▉              | 2908/9775 [0:00:24<0:00:56, 121.58Hz]
[01.31 12:03:58] ┇ INFO    ┇   chrisdata.ner.gner ┇ Convert dataset:  32%|██████▍             | 3149/9775 [0:00:26<0:00:54, 121.56Hz]
[01.31 12:04:00] ┇ INFO    ┇   chrisdata.ner.gner ┇ Convert dataset:  35%|██████▉             | 3392/9775 [0:00:28<0:00:52, 121.56Hz]
[01.31 12:04:02] ┇ INFO    ┇   chrisdata.ner.gner ┇ Convert dataset:  37%|███████▍            | 3632/9775 [0:00:30<0:00:52, 116.62Hz]
[01.31 12:04:04] ┇ INFO    ┇   chrisdata.ner.gner ┇ Convert dataset:  40%|███████▉            | 3874/9775 [0:00:32<0:00:49, 120.24Hz]
[01.31 12:04:06] ┇ INFO    ┇   chrisdata.ner.gner ┇ Convert dataset:  42%|████████▍           | 4116/9775 [0:00:34<0:00:47, 120.18Hz]
[01.31 12:04:08] ┇ INFO    ┇   chrisdata.ner.gner ┇ Convert dataset:  45%|████████▉           | 4356/9775 [0:00:36<0:00:44, 121.50Hz]
[01.31 12:04:10] ┇ INFO    ┇   chrisdata.ner.gner ┇ Convert dataset:  47%|█████████▍          | 4599/9775 [0:00:38<0:00:42, 120.75Hz]
[01.31 12:04:12] ┇ INFO    ┇   chrisdata.ner.gner ┇ Convert dataset:  50%|█████████▉          | 4840/9775 [0:00:40<0:00:42, 117.21Hz]
[01.31 12:04:14] ┇ INFO    ┇   chrisdata.ner.gner ┇ Convert dataset:  52%|██████████▍         | 5084/9775 [0:00:42<0:00:38, 121.66Hz]
[01.31 12:04:16] ┇ INFO    ┇   chrisdata.ner.gner ┇ Convert dataset:  55%|██████████▉         | 5328/9775 [0:00:44<0:00:36, 121.56Hz]
[01.31 12:04:18] ┇ INFO    ┇   chrisdata.ner.gner ┇ Convert dataset:  57%|███████████▎        | 5539/9775 [0:00:46<0:00:50, 83.56Hz]
[01.31 12:04:20] ┇ INFO    ┇   chrisdata.ner.gner ┇ Convert dataset:  59%|███████████▊        | 5780/9775 [0:00:48<0:00:33, 119.15Hz]
[01.31 12:04:22] ┇ INFO    ┇   chrisdata.ner.gner ┇ Convert dataset:  62%|████████████▎       | 6021/9775 [0:00:50<0:00:31, 118.84Hz]
[01.31 12:04:24] ┇ INFO    ┇   chrisdata.ner.gner ┇ Convert dataset:  64%|████████████▊       | 6265/9775 [0:00:52<0:00:28, 121.59Hz]
[01.31 12:04:26] ┇ INFO    ┇   chrisdata.ner.gner ┇ Convert dataset:  67%|█████████████▎      | 6509/9775 [0:00:54<0:00:26, 121.41Hz]
[01.31 12:04:28] ┇ INFO    ┇   chrisdata.ner.gner ┇ Convert dataset:  69%|█████████████▊      | 6751/9775 [0:00:56<0:00:24, 121.56Hz]
[01.31 12:04:30] ┇ INFO    ┇   chrisdata.ner.gner ┇ Convert dataset:  72%|██████████████▎     | 6994/9775 [0:00:58<0:00:23, 120.77Hz]
[01.31 12:04:32] ┇ INFO    ┇   chrisdata.ner.gner ┇ Convert dataset:  74%|██████████████▊     | 7233/9775 [0:01:00<0:00:21, 115.86Hz]
[01.31 12:04:34] ┇ INFO    ┇   chrisdata.ner.gner ┇ Convert dataset:  76%|███████████████▎    | 7475/9775 [0:01:02<0:00:18, 121.17Hz]
[01.31 12:04:36] ┇ INFO    ┇   chrisdata.ner.gner ┇ Convert dataset:  79%|███████████████▊    | 7718/9775 [0:01:04<0:00:16, 121.39Hz]
[01.31 12:04:38] ┇ INFO    ┇   chrisdata.ner.gner ┇ Convert dataset:  81%|████████████████▎   | 7943/9775 [0:01:06<0:00:15, 120.47Hz]
[01.31 12:04:40] ┇ INFO    ┇   chrisdata.ner.gner ┇ Convert dataset:  84%|████████████████▋   | 8186/9775 [0:01:08<0:00:13, 121.43Hz]
[01.31 12:04:42] ┇ INFO    ┇   chrisdata.ner.gner ┇ Convert dataset:  86%|█████████████████▏  | 8426/9775 [0:01:10<0:00:11, 115.83Hz]
[01.31 12:04:44] ┇ INFO    ┇   chrisdata.ner.gner ┇ Convert dataset:  89%|█████████████████▋  | 8669/9775 [0:01:12<0:00:09, 121.58Hz]
[01.31 12:04:46] ┇ INFO    ┇   chrisdata.ner.gner ┇ Convert dataset:  91%|██████████████████▏ | 8912/9775 [0:01:14<0:00:07, 121.53Hz]
[01.31 12:04:48] ┇ INFO    ┇   chrisdata.ner.gner ┇ Convert dataset:  94%|██████████████████▋ | 9152/9775 [0:01:16<0:00:05, 121.67Hz]
[01.31 12:04:50] ┇ INFO    ┇   chrisdata.ner.gner ┇ Convert dataset:  96%|███████████████████▏| 9396/9775 [0:01:18<0:00:03, 121.53Hz]
[01.31 12:04:52] ┇ INFO    ┇   chrisdata.ner.gner ┇ Convert dataset:  99%|███████████████████▋| 9637/9775 [0:01:20<0:00:01, 117.15Hz]
[01.31 12:04:53] ┇ INFO    ┇   chrisdata.ner.gner ┇ Convert dataset: 100%|████████████████████| 9775/9775 [0:01:21<0:00:00, 121.68Hz]
[01.31 12:04:53] ┇ INFO    ┇   chrisdata.ner.gner ┇ Number of samples in data/gner/each/mit-movie-train.jsonl: 9775
[01.31 12:04:53] ┇ INFO    ┇       chrisbase.data ┇ =========================================================================================================================================
[01.31 12:04:53] ┇ INFO    ┇       chrisbase.data ┇ [EXIT] python /home/chrisjihee/proj/DeepKNLP/chrisdata/src/chrisdata/cli.py ner convert_conll --split_name train --verbose 1 data/gner/each/mit-movie data/gner/each/mit-movie.jsonl ($=00:01:21.555)
[01.31 12:04:53] ┇ INFO    ┇       chrisbase.data ┇ =========================================================================================================================================
[01.31 12:04:56] ┇ INFO    ┇       chrisbase.data ┇ =========================================================================================================================================
[01.31 12:04:56] ┇ INFO    ┇       chrisbase.data ┇ [INIT] python /home/chrisjihee/proj/DeepKNLP/chrisdata/src/chrisdata/cli.py ner convert_conll --split_name test --verbose 1 data/gner/each/mit-movie data/gner/each/mit-movie.jsonl
[01.31 12:04:56] ┇ INFO    ┇       chrisbase.data ┇ =========================================================================================================================================
[01.31 12:04:56] ┇ INFO    ┇   chrisdata.ner.gner ┇ Convert dataset:   0%|                    |    1/2443 [0:00:00<0:00:23, 105.91Hz]
[01.31 12:04:58] ┇ INFO    ┇   chrisdata.ner.gner ┇ Convert dataset:  10%|█▉                  |  241/2443 [0:00:02<0:00:18, 121.02Hz]
[01.31 12:05:00] ┇ INFO    ┇   chrisdata.ner.gner ┇ Convert dataset:  20%|███▉                |  482/2443 [0:00:04<0:00:16, 119.85Hz]
[01.31 12:05:02] ┇ INFO    ┇   chrisdata.ner.gner ┇ Convert dataset:  30%|█████▉              |  723/2443 [0:00:06<0:00:14, 121.62Hz]
[01.31 12:05:04] ┇ INFO    ┇   chrisdata.ner.gner ┇ Convert dataset:  39%|███████▊            |  960/2443 [0:00:08<0:00:12, 116.91Hz]
[01.31 12:05:06] ┇ INFO    ┇   chrisdata.ner.gner ┇ Convert dataset:  49%|█████████▋          | 1187/2443 [0:00:10<0:00:10, 120.88Hz]
[01.31 12:05:08] ┇ INFO    ┇   chrisdata.ner.gner ┇ Convert dataset:  58%|███████████▋        | 1426/2443 [0:00:12<0:00:08, 120.18Hz]
[01.31 12:05:10] ┇ INFO    ┇   chrisdata.ner.gner ┇ Convert dataset:  68%|█████████████▋      | 1669/2443 [0:00:14<0:00:06, 121.26Hz]
[01.31 12:05:12] ┇ INFO    ┇   chrisdata.ner.gner ┇ Convert dataset:  76%|███████████████▏    | 1850/2443 [0:00:16<0:00:09, 61.59Hz]
[01.31 12:05:14] ┇ INFO    ┇   chrisdata.ner.gner ┇ Convert dataset:  85%|█████████████████   | 2079/2443 [0:00:18<0:00:03, 113.62Hz]
[01.31 12:05:16] ┇ INFO    ┇   chrisdata.ner.gner ┇ Convert dataset:  95%|██████████████████▉ | 2309/2443 [0:00:20<0:00:01, 117.62Hz]
[01.31 12:05:18] ┇ INFO    ┇   chrisdata.ner.gner ┇ Convert dataset: 100%|████████████████████| 2443/2443 [0:00:21<0:00:00, 120.22Hz]
[01.31 12:05:18] ┇ INFO    ┇   chrisdata.ner.gner ┇ Number of samples in data/gner/each/mit-movie-test.jsonl: 2443
[01.31 12:05:18] ┇ INFO    ┇       chrisbase.data ┇ =========================================================================================================================================
[01.31 12:05:18] ┇ INFO    ┇       chrisbase.data ┇ [EXIT] python /home/chrisjihee/proj/DeepKNLP/chrisdata/src/chrisdata/cli.py ner convert_conll --split_name test --verbose 1 data/gner/each/mit-movie data/gner/each/mit-movie.jsonl ($=00:00:22.053)
[01.31 12:05:18] ┇ INFO    ┇       chrisbase.data ┇ =========================================================================================================================================
[01.31 12:05:21] ┇ INFO    ┇       chrisbase.data ┇ =========================================================================================================================================
[01.31 12:05:21] ┇ INFO    ┇       chrisbase.data ┇ [INIT] python /home/chrisjihee/proj/DeepKNLP/chrisdata/src/chrisdata/cli.py ner convert_conll --split_name dev --verbose 1 data/gner/each/mit-movie data/gner/each/mit-movie.jsonl
[01.31 12:05:21] ┇ INFO    ┇       chrisbase.data ┇ =========================================================================================================================================
[01.31 12:05:21] ┇ INFO    ┇   chrisdata.ner.gner ┇ Convert dataset:   0%|                    |    1/2443 [0:00:00<0:00:22, 108.88Hz]
[01.31 12:05:23] ┇ INFO    ┇   chrisdata.ner.gner ┇ Convert dataset:  10%|█▉                  |  240/2443 [0:00:02<0:00:18, 119.40Hz]
[01.31 12:05:25] ┇ INFO    ┇   chrisdata.ner.gner ┇ Convert dataset:  20%|███▉                |  481/2443 [0:00:04<0:00:16, 119.25Hz]
[01.31 12:05:27] ┇ INFO    ┇   chrisdata.ner.gner ┇ Convert dataset:  30%|█████▉              |  722/2443 [0:00:06<0:00:14, 120.98Hz]
[01.31 12:05:29] ┇ INFO    ┇   chrisdata.ner.gner ┇ Convert dataset:  40%|███████▉            |  966/2443 [0:00:08<0:00:12, 121.53Hz]
[01.31 12:05:31] ┇ INFO    ┇   chrisdata.ner.gner ┇ Convert dataset:  49%|█████████▉          | 1209/2443 [0:00:10<0:00:10, 121.50Hz]
[01.31 12:05:33] ┇ INFO    ┇   chrisdata.ner.gner ┇ Convert dataset:  59%|███████████▉        | 1453/2443 [0:00:12<0:00:08, 121.64Hz]
[01.31 12:05:35] ┇ INFO    ┇   chrisdata.ner.gner ┇ Convert dataset:  69%|█████████████▉      | 1697/2443 [0:00:14<0:00:06, 121.85Hz]
[01.31 12:05:37] ┇ INFO    ┇   chrisdata.ner.gner ┇ Convert dataset:  79%|███████████████▊    | 1939/2443 [0:00:16<0:00:04, 121.70Hz]
[01.31 12:05:39] ┇ INFO    ┇   chrisdata.ner.gner ┇ Convert dataset:  89%|█████████████████▊  | 2183/2443 [0:00:18<0:00:02, 121.66Hz]
[01.31 12:05:41] ┇ INFO    ┇   chrisdata.ner.gner ┇ Convert dataset:  99%|███████████████████▊| 2426/2443 [0:00:20<0:00:00, 120.35Hz]
[01.31 12:05:41] ┇ INFO    ┇   chrisdata.ner.gner ┇ Convert dataset: 100%|████████████████████| 2443/2443 [0:00:20<0:00:00, 120.24Hz]
[01.31 12:05:41] ┇ INFO    ┇   chrisdata.ner.gner ┇ Number of samples in data/gner/each/mit-movie-dev.jsonl: 2443
[01.31 12:05:42] ┇ INFO    ┇       chrisbase.data ┇ =========================================================================================================================================
[01.31 12:05:42] ┇ INFO    ┇       chrisbase.data ┇ [EXIT] python /home/chrisjihee/proj/DeepKNLP/chrisdata/src/chrisdata/cli.py ner convert_conll --split_name dev --verbose 1 data/gner/each/mit-movie data/gner/each/mit-movie.jsonl ($=00:00:20.403)
[01.31 12:05:42] ┇ INFO    ┇       chrisbase.data ┇ =========================================================================================================================================
[01.31 12:05:44] ┇ INFO    ┇       chrisbase.data ┇ =========================================================================================================================================
[01.31 12:05:44] ┇ INFO    ┇       chrisbase.data ┇ [INIT] python /home/chrisjihee/proj/DeepKNLP/chrisdata/src/chrisdata/cli.py ner convert_conll --split_name train --verbose 1 data/gner/each/mit-restaurant data/gner/each/mit-restaurant.jsonl
[01.31 12:05:44] ┇ INFO    ┇       chrisbase.data ┇ =========================================================================================================================================
[01.31 12:05:45] ┇ INFO    ┇   chrisdata.ner.gner ┇ Convert dataset:   0%|                    |    1/7660 [0:00:00<0:01:07, 113.72Hz]
[01.31 12:05:47] ┇ INFO    ┇   chrisdata.ner.gner ┇ Convert dataset:   3%|▌                   |  231/7660 [0:00:02<0:01:14, 100.23Hz]
[01.31 12:05:49] ┇ INFO    ┇   chrisdata.ner.gner ┇ Convert dataset:   6%|█▏                  |  473/7660 [0:00:04<0:00:59, 121.15Hz]
[01.31 12:05:51] ┇ INFO    ┇   chrisdata.ner.gner ┇ Convert dataset:   9%|█▊                  |  715/7660 [0:00:06<0:00:57, 120.50Hz]
[01.31 12:05:53] ┇ INFO    ┇   chrisdata.ner.gner ┇ Convert dataset:  12%|██▍                 |  955/7660 [0:00:08<0:00:55, 121.08Hz]
[01.31 12:05:55] ┇ INFO    ┇   chrisdata.ner.gner ┇ Convert dataset:  16%|███▏                | 1198/7660 [0:00:10<0:00:53, 121.41Hz]
[01.31 12:05:57] ┇ INFO    ┇   chrisdata.ner.gner ┇ Convert dataset:  19%|███▋                | 1435/7660 [0:00:12<0:00:55, 112.27Hz]
[01.31 12:05:59] ┇ INFO    ┇   chrisdata.ner.gner ┇ Convert dataset:  22%|████▍               | 1677/7660 [0:00:14<0:00:49, 120.32Hz]
[01.31 12:06:01] ┇ INFO    ┇   chrisdata.ner.gner ┇ Convert dataset:  25%|████▉               | 1893/7660 [0:00:16<0:00:47, 120.95Hz]
[01.31 12:06:03] ┇ INFO    ┇   chrisdata.ner.gner ┇ Convert dataset:  28%|█████▌              | 2134/7660 [0:00:18<0:00:45, 121.39Hz]
[01.31 12:06:05] ┇ INFO    ┇   chrisdata.ner.gner ┇ Convert dataset:  31%|██████▏             | 2372/7660 [0:00:20<0:00:43, 121.44Hz]
[01.31 12:06:07] ┇ INFO    ┇   chrisdata.ner.gner ┇ Convert dataset:  34%|██████▊             | 2613/7660 [0:00:22<0:00:43, 117.09Hz]
[01.31 12:06:09] ┇ INFO    ┇   chrisdata.ner.gner ┇ Convert dataset:  37%|███████▍            | 2856/7660 [0:00:24<0:00:39, 121.36Hz]
[01.31 12:06:11] ┇ INFO    ┇   chrisdata.ner.gner ┇ Convert dataset:  40%|████████            | 3099/7660 [0:00:26<0:00:37, 120.92Hz]
[01.31 12:06:13] ┇ INFO    ┇   chrisdata.ner.gner ┇ Convert dataset:  44%|████████▋           | 3339/7660 [0:00:28<0:00:35, 120.36Hz]
[01.31 12:06:15] ┇ INFO    ┇   chrisdata.ner.gner ┇ Convert dataset:  47%|█████████▎          | 3582/7660 [0:00:30<0:00:33, 121.54Hz]
[01.31 12:06:17] ┇ INFO    ┇   chrisdata.ner.gner ┇ Convert dataset:  50%|█████████▉          | 3820/7660 [0:00:32<0:00:34, 112.35Hz]
[01.31 12:06:19] ┇ INFO    ┇   chrisdata.ner.gner ┇ Convert dataset:  53%|██████████▌         | 4063/7660 [0:00:34<0:00:29, 121.42Hz]
[01.31 12:06:21] ┇ INFO    ┇   chrisdata.ner.gner ┇ Convert dataset:  56%|███████████▏        | 4305/7660 [0:00:36<0:00:27, 120.45Hz]
[01.31 12:06:23] ┇ INFO    ┇   chrisdata.ner.gner ┇ Convert dataset:  59%|███████████▊        | 4545/7660 [0:00:38<0:00:25, 121.41Hz]
[01.31 12:06:25] ┇ INFO    ┇   chrisdata.ner.gner ┇ Convert dataset:  63%|████████████▌       | 4788/7660 [0:00:40<0:00:23, 121.51Hz]
[01.31 12:06:27] ┇ INFO    ┇   chrisdata.ner.gner ┇ Convert dataset:  66%|█████████████▏      | 5029/7660 [0:00:42<0:00:22, 117.36Hz]
[01.31 12:06:29] ┇ INFO    ┇   chrisdata.ner.gner ┇ Convert dataset:  69%|█████████████▊      | 5272/7660 [0:00:44<0:00:19, 121.46Hz]
[01.31 12:06:31] ┇ INFO    ┇   chrisdata.ner.gner ┇ Convert dataset:  72%|██████████████▍     | 5515/7660 [0:00:46<0:00:17, 121.42Hz]
[01.31 12:06:33] ┇ INFO    ┇   chrisdata.ner.gner ┇ Convert dataset:  75%|███████████████     | 5756/7660 [0:00:48<0:00:15, 121.44Hz]
[01.31 12:06:35] ┇ INFO    ┇   chrisdata.ner.gner ┇ Convert dataset:  78%|███████████████▋    | 5999/7660 [0:00:50<0:00:13, 121.32Hz]
[01.31 12:06:37] ┇ INFO    ┇   chrisdata.ner.gner ┇ Convert dataset:  81%|████████████████▎   | 6240/7660 [0:00:52<0:00:12, 117.71Hz]
[01.31 12:06:39] ┇ INFO    ┇   chrisdata.ner.gner ┇ Convert dataset:  85%|████████████████▉   | 6483/7660 [0:00:54<0:00:09, 120.63Hz]
[01.31 12:06:41] ┇ INFO    ┇   chrisdata.ner.gner ┇ Convert dataset:  88%|█████████████████▌  | 6727/7660 [0:00:56<0:00:07, 121.66Hz]
[01.31 12:06:43] ┇ INFO    ┇   chrisdata.ner.gner ┇ Convert dataset:  91%|██████████████████▏ | 6969/7660 [0:00:58<0:00:05, 121.71Hz]
[01.31 12:06:45] ┇ INFO    ┇   chrisdata.ner.gner ┇ Convert dataset:  94%|██████████████████▊ | 7211/7660 [0:01:00<0:00:03, 121.38Hz]
[01.31 12:06:47] ┇ INFO    ┇   chrisdata.ner.gner ┇ Convert dataset:  97%|███████████████████▍| 7451/7660 [0:01:02<0:00:01, 117.51Hz]
[01.31 12:06:48] ┇ INFO    ┇   chrisdata.ner.gner ┇ Convert dataset: 100%|████████████████████| 7660/7660 [0:01:03<0:00:00, 121.57Hz]
[01.31 12:06:48] ┇ INFO    ┇   chrisdata.ner.gner ┇ Number of samples in data/gner/each/mit-restaurant-train.jsonl: 7660
[01.31 12:06:49] ┇ INFO    ┇       chrisbase.data ┇ =========================================================================================================================================
[01.31 12:06:49] ┇ INFO    ┇       chrisbase.data ┇ [EXIT] python /home/chrisjihee/proj/DeepKNLP/chrisdata/src/chrisdata/cli.py ner convert_conll --split_name train --verbose 1 data/gner/each/mit-restaurant data/gner/each/mit-restaurant.jsonl ($=00:01:04.081)
[01.31 12:06:49] ┇ INFO    ┇       chrisbase.data ┇ =========================================================================================================================================
[01.31 12:06:51] ┇ INFO    ┇       chrisbase.data ┇ =========================================================================================================================================
[01.31 12:06:51] ┇ INFO    ┇       chrisbase.data ┇ [INIT] python /home/chrisjihee/proj/DeepKNLP/chrisdata/src/chrisdata/cli.py ner convert_conll --split_name test --verbose 1 data/gner/each/mit-restaurant data/gner/each/mit-restaurant.jsonl
[01.31 12:06:51] ┇ INFO    ┇       chrisbase.data ┇ =========================================================================================================================================
[01.31 12:06:52] ┇ INFO    ┇   chrisdata.ner.gner ┇ Convert dataset:   0%|                    |    1/1521 [0:00:00<0:00:13, 114.98Hz]
[01.31 12:06:54] ┇ INFO    ┇   chrisdata.ner.gner ┇ Convert dataset:  16%|███▏                |  241/1521 [0:00:02<0:00:10, 120.85Hz]
[01.31 12:06:56] ┇ INFO    ┇   chrisdata.ner.gner ┇ Convert dataset:  32%|██████▎             |  481/1521 [0:00:04<0:00:08, 116.44Hz]
[01.31 12:06:58] ┇ INFO    ┇   chrisdata.ner.gner ┇ Convert dataset:  44%|████████▊           |  671/1521 [0:00:06<0:00:07, 119.91Hz]
[01.31 12:07:00] ┇ INFO    ┇   chrisdata.ner.gner ┇ Convert dataset:  60%|███████████▉        |  912/1521 [0:00:08<0:00:05, 119.57Hz]
[01.31 12:07:02] ┇ INFO    ┇   chrisdata.ner.gner ┇ Convert dataset:  73%|██████████████▋     | 1116/1521 [0:00:10<0:00:05, 75.14Hz]
[01.31 12:07:04] ┇ INFO    ┇   chrisdata.ner.gner ┇ Convert dataset:  89%|█████████████████▊  | 1359/1521 [0:00:12<0:00:01, 121.23Hz]
[01.31 12:07:05] ┇ INFO    ┇   chrisdata.ner.gner ┇ Convert dataset: 100%|████████████████████| 1521/1521 [0:00:13<0:00:00, 121.41Hz]
[01.31 12:07:05] ┇ INFO    ┇   chrisdata.ner.gner ┇ Number of samples in data/gner/each/mit-restaurant-test.jsonl: 1521
[01.31 12:07:06] ┇ INFO    ┇       chrisbase.data ┇ =========================================================================================================================================
[01.31 12:07:06] ┇ INFO    ┇       chrisbase.data ┇ [EXIT] python /home/chrisjihee/proj/DeepKNLP/chrisdata/src/chrisdata/cli.py ner convert_conll --split_name test --verbose 1 data/gner/each/mit-restaurant data/gner/each/mit-restaurant.jsonl ($=00:00:14.207)
[01.31 12:07:06] ┇ INFO    ┇       chrisbase.data ┇ =========================================================================================================================================
[01.31 12:07:08] ┇ INFO    ┇       chrisbase.data ┇ =========================================================================================================================================
[01.31 12:07:08] ┇ INFO    ┇       chrisbase.data ┇ [INIT] python /home/chrisjihee/proj/DeepKNLP/chrisdata/src/chrisdata/cli.py ner convert_conll --split_name dev --verbose 1 data/gner/each/mit-restaurant data/gner/each/mit-restaurant.jsonl
[01.31 12:07:08] ┇ INFO    ┇       chrisbase.data ┇ =========================================================================================================================================
[01.31 12:07:09] ┇ INFO    ┇   chrisdata.ner.gner ┇ Convert dataset:   0%|                    |    1/1521 [0:00:00<0:00:20, 75.61Hz]
[01.31 12:07:11] ┇ INFO    ┇   chrisdata.ner.gner ┇ Convert dataset:  16%|███▏                |  242/1521 [0:00:02<0:00:10, 121.22Hz]
[01.31 12:07:13] ┇ INFO    ┇   chrisdata.ner.gner ┇ Convert dataset:  28%|█████▋              |  432/1521 [0:00:04<0:00:09, 120.99Hz]
[01.31 12:07:15] ┇ INFO    ┇   chrisdata.ner.gner ┇ Convert dataset:  44%|████████▊           |  673/1521 [0:00:06<0:00:07, 120.20Hz]
[01.31 12:07:17] ┇ INFO    ┇   chrisdata.ner.gner ┇ Convert dataset:  59%|███████████▊        |  896/1521 [0:00:08<0:00:08, 74.56Hz]
[01.31 12:07:19] ┇ INFO    ┇   chrisdata.ner.gner ┇ Convert dataset:  75%|██████████████▉     | 1139/1521 [0:00:10<0:00:03, 121.10Hz]
[01.31 12:07:21] ┇ INFO    ┇   chrisdata.ner.gner ┇ Convert dataset:  91%|██████████████████▏ | 1382/1521 [0:00:12<0:00:01, 121.06Hz]
[01.31 12:07:23] ┇ INFO    ┇   chrisdata.ner.gner ┇ Convert dataset: 100%|████████████████████| 1521/1521 [0:00:13<0:00:00, 69.23Hz]
[01.31 12:07:23] ┇ INFO    ┇   chrisdata.ner.gner ┇ Number of samples in data/gner/each/mit-restaurant-dev.jsonl: 1521
[01.31 12:07:23] ┇ INFO    ┇       chrisbase.data ┇ =========================================================================================================================================
[01.31 12:07:23] ┇ INFO    ┇       chrisbase.data ┇ [EXIT] python /home/chrisjihee/proj/DeepKNLP/chrisdata/src/chrisdata/cli.py ner convert_conll --split_name dev --verbose 1 data/gner/each/mit-restaurant data/gner/each/mit-restaurant.jsonl ($=00:00:13.901)
[01.31 12:07:23] ┇ INFO    ┇       chrisbase.data ┇ =========================================================================================================================================
