[02.01 06:47:01] ┇ INFO    ┇           chrisbase.data ┇ =========================================================================================================================================
[02.01 06:47:01] ┇ INFO    ┇           chrisbase.data ┇ [INIT] python task2-nerG-trainer.py --local_rank=0 data/gner/each/mit-movie-train.jsonl --eval_file data/gner/each-sampled/mit-movie-dev=100.jsonl --pretrained microsoft/Phi-3.5-mini-instruct --run_version Phi-3.5-mini-Baseline --eval_epochs 0.5 --num_train_epochs 12 --per_device_train_batch_size 8 --logging_file train-loggings-mit-movie-12ep.out --output_file train-metrics-mit-movie-12ep.csv --trainer_deepspeed configs/deepspeed/ds2_llama.json
[02.01 06:47:01] ┇ INFO    ┇           chrisbase.data ┇ =========================================================================================================================================
[02.01 06:47:01] ┇ INFO    ┇           chrisbase.data ┇ -----------------------------------------------------------------------------------------------------------------------------------------
[02.01 06:47:01] ┇ INFO    ┇           chrisbase.data ┇   #	TrainingArgumentsForAccelerator              	value
[02.01 06:47:01] ┇ INFO    ┇           chrisbase.data ┇ -----------------------------------------------------------------------------------------------------------------------------------------
[02.01 06:47:01] ┇ INFO    ┇           chrisbase.data ┇   1	env.hostname                                 	lirs-b1
[02.01 06:47:01] ┇ INFO    ┇           chrisbase.data ┇   2	env.hostaddr                                 	129.254.111.103
[02.01 06:47:01] ┇ INFO    ┇           chrisbase.data ┇   3	env.global_rank                              	-1
[02.01 06:47:01] ┇ INFO    ┇           chrisbase.data ┇   4	env.local_rank                               	0
[02.01 06:47:01] ┇ INFO    ┇           chrisbase.data ┇   5	env.node_rank                                	-1
[02.01 06:47:01] ┇ INFO    ┇           chrisbase.data ┇   6	env.world_size                               	4
[02.01 06:47:01] ┇ INFO    ┇           chrisbase.data ┇   7	env.time_stamp                               	0201-064653
[02.01 06:47:01] ┇ INFO    ┇           chrisbase.data ┇   8	env.python_path                              	/home/chrisjihee/miniforge3/envs/DeepKNLP/bin/python
[02.01 06:47:01] ┇ INFO    ┇           chrisbase.data ┇   9	env.current_dir                              	/home/chrisjihee/proj/DeepKNLP
[02.01 06:47:01] ┇ INFO    ┇           chrisbase.data ┇  10	env.current_file                             	task2-nerG-trainer.py
[02.01 06:47:01] ┇ INFO    ┇           chrisbase.data ┇  11	env.command_args                             	['--local_rank=0', 'data/gner/each/mit-movie-train.jsonl', '--eval_file', 'data/gner/each-sampled/mit-movie-dev=100.jsonl', '--pretrained', 'microsoft/Phi-3.5-mini-instruct', '--run_version', 'Phi-3.5-mini-Baseline', '--eval_epochs', '0.5', '--num_train_epochs', '12', '--per_device_train_batch_size', '8', '--logging_file', 'train-loggings-mit-movie-12ep.out', '--output_file', 'train-metrics-mit-movie-12ep.csv', '--trainer_deepspeed', 'configs/deepspeed/ds2_llama.json']
[02.01 06:47:01] ┇ INFO    ┇           chrisbase.data ┇  12	env.output_home                              	output
[02.01 06:47:01] ┇ INFO    ┇           chrisbase.data ┇  13	env.output_name                              	GNER
[02.01 06:47:01] ┇ INFO    ┇           chrisbase.data ┇  14	env.run_version                              	Phi-3.5-mini-Baseline
[02.01 06:47:01] ┇ INFO    ┇           chrisbase.data ┇  15	env.output_file                              	train-metrics-mit-movie-12ep-0201-064653.csv
[02.01 06:47:01] ┇ INFO    ┇           chrisbase.data ┇  16	env.logging_file                             	train-loggings-mit-movie-12ep-0201-064653.out
[02.01 06:47:01] ┇ INFO    ┇           chrisbase.data ┇  17	env.logging_level                            	30
[02.01 06:47:01] ┇ INFO    ┇           chrisbase.data ┇  18	env.logging_format                           	%(asctime)s ┇ %(levelname)-7s ┇ %(name)24s ┇ %(message)s
[02.01 06:47:01] ┇ INFO    ┇           chrisbase.data ┇  19	env.datetime_format                          	[%m.%d %H:%M:%S]
[02.01 06:47:01] ┇ INFO    ┇           chrisbase.data ┇  20	env.argument_file                            	train-arguments-0201-064653.json
[02.01 06:47:01] ┇ INFO    ┇           chrisbase.data ┇  21	env.random_seed                              	7
[02.01 06:47:01] ┇ INFO    ┇           chrisbase.data ┇  22	env.max_workers                              	4
[02.01 06:47:01] ┇ INFO    ┇           chrisbase.data ┇  23	env.debugging                                	False
[02.01 06:47:01] ┇ INFO    ┇           chrisbase.data ┇  24	env.output_dir                               	output/GNER/Phi-3.5-mini-Baseline
[02.01 06:47:01] ┇ INFO    ┇           chrisbase.data ┇  25	time.t1                                      	2025-02-01 06:47:01.557019
[02.01 06:47:01] ┇ INFO    ┇           chrisbase.data ┇  26	time.t2                                      	2025-02-01 06:46:52.349633
[02.01 06:47:01] ┇ INFO    ┇           chrisbase.data ┇  27	time.started                                 	[02.01 06:47:01]
[02.01 06:47:01] ┇ INFO    ┇           chrisbase.data ┇  28	time.settled
[02.01 06:47:01] ┇ INFO    ┇           chrisbase.data ┇  29	time.elapsed
[02.01 06:47:01] ┇ INFO    ┇           chrisbase.data ┇  30	data.train_file                              	data/gner/each/mit-movie-train.jsonl
[02.01 06:47:01] ┇ INFO    ┇           chrisbase.data ┇  31	data.study_file
[02.01 06:47:01] ┇ INFO    ┇           chrisbase.data ┇  32	data.eval_file                               	data/gner/each-sampled/mit-movie-dev=100.jsonl
[02.01 06:47:01] ┇ INFO    ┇           chrisbase.data ┇  33	data.pred_file
[02.01 06:47:01] ┇ INFO    ┇           chrisbase.data ┇  34	data.pretrained                              	microsoft/Phi-3.5-mini-instruct
[02.01 06:47:01] ┇ INFO    ┇           chrisbase.data ┇  35	data.max_train_samples                       	-1
[02.01 06:47:01] ┇ INFO    ┇           chrisbase.data ┇  36	data.max_study_samples                       	-1
[02.01 06:47:01] ┇ INFO    ┇           chrisbase.data ┇  37	data.max_eval_samples                        	-1
[02.01 06:47:01] ┇ INFO    ┇           chrisbase.data ┇  38	data.max_pred_samples                        	-1
[02.01 06:47:01] ┇ INFO    ┇           chrisbase.data ┇  39	data.use_cache_data                          	True
[02.01 06:47:01] ┇ INFO    ┇           chrisbase.data ┇  40	data.progress_seconds                        	10.0
[02.01 06:47:01] ┇ INFO    ┇           chrisbase.data ┇  41	data.max_source_length                       	640
[02.01 06:47:01] ┇ INFO    ┇           chrisbase.data ┇  42	data.max_target_length                       	640
[02.01 06:47:01] ┇ INFO    ┇           chrisbase.data ┇  43	data.write_predictions                       	False
[02.01 06:47:01] ┇ INFO    ┇           chrisbase.data ┇  44	data.ignore_pad_token_for_loss               	True
[02.01 06:47:01] ┇ INFO    ┇           chrisbase.data ┇  45	train._n_gpu                                 	1
[02.01 06:47:01] ┇ INFO    ┇           chrisbase.data ┇  46	train.accelerator_config                     	{'split_batches': False, 'dispatch_batches': None, 'even_batches': True, 'use_seedable_sampler': True, 'non_blocking': False, 'gradient_accumulation_kwargs': None, 'use_configured_state': False}
[02.01 06:47:01] ┇ INFO    ┇           chrisbase.data ┇  47	train.adafactor                              	False
[02.01 06:47:01] ┇ INFO    ┇           chrisbase.data ┇  48	train.adam_beta1                             	0.9
[02.01 06:47:01] ┇ INFO    ┇           chrisbase.data ┇  49	train.adam_beta2                             	0.999
[02.01 06:47:01] ┇ INFO    ┇           chrisbase.data ┇  50	train.adam_epsilon                           	1e-08
[02.01 06:47:01] ┇ INFO    ┇           chrisbase.data ┇  51	train.auto_find_batch_size                   	False
[02.01 06:47:01] ┇ INFO    ┇           chrisbase.data ┇  52	train.average_tokens_across_devices          	False
[02.01 06:47:01] ┇ INFO    ┇           chrisbase.data ┇  53	train.batch_eval_metrics                     	False
[02.01 06:47:01] ┇ INFO    ┇           chrisbase.data ┇  54	train.bf16                                   	True
[02.01 06:47:01] ┇ INFO    ┇           chrisbase.data ┇  55	train.bf16_full_eval                         	True
[02.01 06:47:01] ┇ INFO    ┇           chrisbase.data ┇  56	train.data_seed
[02.01 06:47:01] ┇ INFO    ┇           chrisbase.data ┇  57	train.dataloader_drop_last                   	False
[02.01 06:47:01] ┇ INFO    ┇           chrisbase.data ┇  58	train.dataloader_num_workers                 	0
[02.01 06:47:01] ┇ INFO    ┇           chrisbase.data ┇  59	train.dataloader_persistent_workers          	False
[02.01 06:47:01] ┇ INFO    ┇           chrisbase.data ┇  60	train.dataloader_pin_memory                  	True
[02.01 06:47:01] ┇ INFO    ┇           chrisbase.data ┇  61	train.dataloader_prefetch_factor
[02.01 06:47:01] ┇ INFO    ┇           chrisbase.data ┇  62	train.ddp_backend
[02.01 06:47:01] ┇ INFO    ┇           chrisbase.data ┇  63	train.ddp_broadcast_buffers
[02.01 06:47:01] ┇ INFO    ┇           chrisbase.data ┇  64	train.ddp_bucket_cap_mb
[02.01 06:47:01] ┇ INFO    ┇           chrisbase.data ┇  65	train.ddp_find_unused_parameters
[02.01 06:47:01] ┇ INFO    ┇           chrisbase.data ┇  66	train.ddp_timeout                            	1800
[02.01 06:47:01] ┇ INFO    ┇           chrisbase.data ┇  67	train.debug                                  	[]
[02.01 06:47:01] ┇ INFO    ┇           chrisbase.data ┇  68	train.deepspeed                              	configs/deepspeed/ds2_llama.json
[02.01 06:47:01] ┇ INFO    ┇           chrisbase.data ┇  69	train.disable_tqdm                           	True
[02.01 06:47:01] ┇ INFO    ┇           chrisbase.data ┇  70	train.dispatch_batches
[02.01 06:47:01] ┇ INFO    ┇           chrisbase.data ┇  71	train.do_eval                                	True
[02.01 06:47:01] ┇ INFO    ┇           chrisbase.data ┇  72	train.do_predict                             	False
[02.01 06:47:01] ┇ INFO    ┇           chrisbase.data ┇  73	train.do_train                               	True
[02.01 06:47:01] ┇ INFO    ┇           chrisbase.data ┇  74	train.eval_accumulation_steps                	1
[02.01 06:47:01] ┇ INFO    ┇           chrisbase.data ┇  75	train.eval_delay                             	1.0
[02.01 06:47:01] ┇ INFO    ┇           chrisbase.data ┇  76	train.eval_do_concat_batches                 	True
[02.01 06:47:01] ┇ INFO    ┇           chrisbase.data ┇  77	train.eval_epochs                            	0.5
[02.01 06:47:01] ┇ INFO    ┇           chrisbase.data ┇  78	train.eval_on_start                          	False
[02.01 06:47:01] ┇ INFO    ┇           chrisbase.data ┇  79	train.eval_steps                             	9223372036854775807
[02.01 06:47:01] ┇ INFO    ┇           chrisbase.data ┇  80	train.eval_strategy                          	IntervalStrategy.NO
[02.01 06:47:01] ┇ INFO    ┇           chrisbase.data ┇  81	train.eval_use_gather_object                 	False
[02.01 06:47:01] ┇ INFO    ┇           chrisbase.data ┇  82	train.evaluation_strategy
[02.01 06:47:01] ┇ INFO    ┇           chrisbase.data ┇  83	train.fp16                                   	False
[02.01 06:47:01] ┇ INFO    ┇           chrisbase.data ┇  84	train.fp16_backend                           	auto
[02.01 06:47:01] ┇ INFO    ┇           chrisbase.data ┇  85	train.fp16_full_eval                         	False
[02.01 06:47:01] ┇ INFO    ┇           chrisbase.data ┇  86	train.fp16_opt_level                         	O1
[02.01 06:47:01] ┇ INFO    ┇           chrisbase.data ┇  87	train.fsdp                                   	[]
[02.01 06:47:01] ┇ INFO    ┇           chrisbase.data ┇  88	train.fsdp_config                            	{'min_num_params': 0, 'xla': False, 'xla_fsdp_v2': False, 'xla_fsdp_grad_ckpt': False}
[02.01 06:47:01] ┇ INFO    ┇           chrisbase.data ┇  89	train.fsdp_min_num_params                    	0
[02.01 06:47:01] ┇ INFO    ┇           chrisbase.data ┇  90	train.fsdp_transformer_layer_cls_to_wrap
[02.01 06:47:01] ┇ INFO    ┇           chrisbase.data ┇  91	train.full_determinism                       	False
[02.01 06:47:01] ┇ INFO    ┇           chrisbase.data ┇  92	train.generation_config
[02.01 06:47:01] ┇ INFO    ┇           chrisbase.data ┇  93	train.generation_max_length                  	640
[02.01 06:47:01] ┇ INFO    ┇           chrisbase.data ┇  94	train.generation_num_beams
[02.01 06:47:01] ┇ INFO    ┇           chrisbase.data ┇  95	train.gradient_accumulation_steps            	1
[02.01 06:47:01] ┇ INFO    ┇           chrisbase.data ┇  96	train.gradient_checkpointing                 	True
[02.01 06:47:01] ┇ INFO    ┇           chrisbase.data ┇  97	train.gradient_checkpointing_kwargs
[02.01 06:47:01] ┇ INFO    ┇           chrisbase.data ┇  98	train.greater_is_better
[02.01 06:47:01] ┇ INFO    ┇           chrisbase.data ┇  99	train.group_by_length                        	False
[02.01 06:47:01] ┇ INFO    ┇           chrisbase.data ┇ 100	train.half_precision_backend                 	auto
[02.01 06:47:01] ┇ INFO    ┇           chrisbase.data ┇ 101	train.hub_always_push                        	False
[02.01 06:47:01] ┇ INFO    ┇           chrisbase.data ┇ 102	train.hub_model_id
[02.01 06:47:01] ┇ INFO    ┇           chrisbase.data ┇ 103	train.hub_private_repo
[02.01 06:47:01] ┇ INFO    ┇           chrisbase.data ┇ 104	train.hub_strategy                           	HubStrategy.EVERY_SAVE
[02.01 06:47:01] ┇ INFO    ┇           chrisbase.data ┇ 105	train.hub_token
[02.01 06:47:01] ┇ INFO    ┇           chrisbase.data ┇ 106	train.ignore_data_skip                       	False
[02.01 06:47:01] ┇ INFO    ┇           chrisbase.data ┇ 107	train.include_for_metrics                    	[]
[02.01 06:47:01] ┇ INFO    ┇           chrisbase.data ┇ 108	train.include_inputs_for_metrics             	False
[02.01 06:47:01] ┇ INFO    ┇           chrisbase.data ┇ 109	train.include_num_input_tokens_seen          	False
[02.01 06:47:01] ┇ INFO    ┇           chrisbase.data ┇ 110	train.include_tokens_per_second              	False
[02.01 06:47:01] ┇ INFO    ┇           chrisbase.data ┇ 111	train.jit_mode_eval                          	False
[02.01 06:47:01] ┇ INFO    ┇           chrisbase.data ┇ 112	train.label_names
[02.01 06:47:01] ┇ INFO    ┇           chrisbase.data ┇ 113	train.label_smoothing_factor                 	0.0
[02.01 06:47:01] ┇ INFO    ┇           chrisbase.data ┇ 114	train.learning_rate                          	2e-05
[02.01 06:47:01] ┇ INFO    ┇           chrisbase.data ┇ 115	train.length_column_name                     	length
[02.01 06:47:01] ┇ INFO    ┇           chrisbase.data ┇ 116	train.load_best_model_at_end                 	False
[02.01 06:47:01] ┇ INFO    ┇           chrisbase.data ┇ 117	train.local_rank                             	0
[02.01 06:47:01] ┇ INFO    ┇           chrisbase.data ┇ 118	train.log_level                              	warning
[02.01 06:47:01] ┇ INFO    ┇           chrisbase.data ┇ 119	train.log_level_replica                      	error
[02.01 06:47:01] ┇ INFO    ┇           chrisbase.data ┇ 120	train.log_on_each_node                       	True
[02.01 06:47:01] ┇ INFO    ┇           chrisbase.data ┇ 121	train.logging_dir                            	output/GNER/Phi-3.5-mini-Baseline/runs/Feb01_06-46-59_lirs-b1
[02.01 06:47:01] ┇ INFO    ┇           chrisbase.data ┇ 122	train.logging_epochs                         	-1.0
[02.01 06:47:01] ┇ INFO    ┇           chrisbase.data ┇ 123	train.logging_first_step                     	False
[02.01 06:47:01] ┇ INFO    ┇           chrisbase.data ┇ 124	train.logging_nan_inf_filter                 	True
[02.01 06:47:01] ┇ INFO    ┇           chrisbase.data ┇ 125	train.logging_steps                          	1
[02.01 06:47:01] ┇ INFO    ┇           chrisbase.data ┇ 126	train.logging_strategy                       	IntervalStrategy.STEPS
[02.01 06:47:01] ┇ INFO    ┇           chrisbase.data ┇ 127	train.lr_scheduler_kwargs                    	{}
[02.01 06:47:01] ┇ INFO    ┇           chrisbase.data ┇ 128	train.lr_scheduler_type                      	SchedulerType.COSINE
[02.01 06:47:01] ┇ INFO    ┇           chrisbase.data ┇ 129	train.max_grad_norm                          	1.0
[02.01 06:47:01] ┇ INFO    ┇           chrisbase.data ┇ 130	train.max_steps                              	-1
[02.01 06:47:01] ┇ INFO    ┇           chrisbase.data ┇ 131	train.metric_for_best_model
[02.01 06:47:01] ┇ INFO    ┇           chrisbase.data ┇ 132	train.mp_parameters
[02.01 06:47:01] ┇ INFO    ┇           chrisbase.data ┇ 133	train.neftune_noise_alpha
[02.01 06:47:01] ┇ INFO    ┇           chrisbase.data ┇ 134	train.no_cuda                                	False
[02.01 06:47:01] ┇ INFO    ┇           chrisbase.data ┇ 135	train.num_train_epochs                       	12.0
[02.01 06:47:01] ┇ INFO    ┇           chrisbase.data ┇ 136	train.optim                                  	OptimizerNames.ADAMW_TORCH
[02.01 06:47:01] ┇ INFO    ┇           chrisbase.data ┇ 137	train.optim_args
[02.01 06:47:01] ┇ INFO    ┇           chrisbase.data ┇ 138	train.optim_target_modules
[02.01 06:47:01] ┇ INFO    ┇           chrisbase.data ┇ 139	train.output_dir                             	output/GNER/Phi-3.5-mini-Baseline
[02.01 06:47:01] ┇ INFO    ┇           chrisbase.data ┇ 140	train.overwrite_output_dir                   	True
[02.01 06:47:01] ┇ INFO    ┇           chrisbase.data ┇ 141	train.past_index                             	-1
[02.01 06:47:01] ┇ INFO    ┇           chrisbase.data ┇ 142	train.per_device_eval_batch_size             	25
[02.01 06:47:01] ┇ INFO    ┇           chrisbase.data ┇ 143	train.per_device_train_batch_size            	8
[02.01 06:47:01] ┇ INFO    ┇           chrisbase.data ┇ 144	train.per_gpu_eval_batch_size
[02.01 06:47:01] ┇ INFO    ┇           chrisbase.data ┇ 145	train.per_gpu_train_batch_size
[02.01 06:47:01] ┇ INFO    ┇           chrisbase.data ┇ 146	train.predict_with_generate                  	True
[02.01 06:47:01] ┇ INFO    ┇           chrisbase.data ┇ 147	train.prediction_loss_only                   	False
[02.01 06:47:01] ┇ INFO    ┇           chrisbase.data ┇ 148	train.push_to_hub                            	False
[02.01 06:47:01] ┇ INFO    ┇           chrisbase.data ┇ 149	train.push_to_hub_model_id
[02.01 06:47:01] ┇ INFO    ┇           chrisbase.data ┇ 150	train.push_to_hub_organization
[02.01 06:47:01] ┇ INFO    ┇           chrisbase.data ┇ 151	train.push_to_hub_token
[02.01 06:47:01] ┇ INFO    ┇           chrisbase.data ┇ 152	train.ray_scope                              	last
[02.01 06:47:01] ┇ INFO    ┇           chrisbase.data ┇ 153	train.remove_unused_columns                  	False
[02.01 06:47:01] ┇ INFO    ┇           chrisbase.data ┇ 154	train.report_to                              	[]
[02.01 06:47:01] ┇ INFO    ┇           chrisbase.data ┇ 155	train.restore_callback_states_from_checkpoint	False
[02.01 06:47:01] ┇ INFO    ┇           chrisbase.data ┇ 156	train.resume_from_checkpoint
[02.01 06:47:01] ┇ INFO    ┇           chrisbase.data ┇ 157	train.run_name                               	output/GNER/Phi-3.5-mini-Baseline
[02.01 06:47:01] ┇ INFO    ┇           chrisbase.data ┇ 158	train.save_epochs                            	-1.0
[02.01 06:47:01] ┇ INFO    ┇           chrisbase.data ┇ 159	train.save_on_each_node                      	False
[02.01 06:47:01] ┇ INFO    ┇           chrisbase.data ┇ 160	train.save_only_model                        	False
[02.01 06:47:01] ┇ INFO    ┇           chrisbase.data ┇ 161	train.save_safetensors                       	True
[02.01 06:47:01] ┇ INFO    ┇           chrisbase.data ┇ 162	train.save_steps                             	9223372036854775807
[02.01 06:47:01] ┇ INFO    ┇           chrisbase.data ┇ 163	train.save_strategy                          	SaveStrategy.NO
[02.01 06:47:01] ┇ INFO    ┇           chrisbase.data ┇ 164	train.save_total_limit
[02.01 06:47:01] ┇ INFO    ┇           chrisbase.data ┇ 165	train.seed                                   	7
[02.01 06:47:01] ┇ INFO    ┇           chrisbase.data ┇ 166	train.skip_memory_metrics                    	True
[02.01 06:47:01] ┇ INFO    ┇           chrisbase.data ┇ 167	train.sortish_sampler                        	False
[02.01 06:47:01] ┇ INFO    ┇           chrisbase.data ┇ 168	train.split_batches
[02.01 06:47:01] ┇ INFO    ┇           chrisbase.data ┇ 169	train.tf32                                   	True
[02.01 06:47:01] ┇ INFO    ┇           chrisbase.data ┇ 170	train.torch_compile                          	False
[02.01 06:47:01] ┇ INFO    ┇           chrisbase.data ┇ 171	train.torch_compile_backend
[02.01 06:47:01] ┇ INFO    ┇           chrisbase.data ┇ 172	train.torch_compile_mode
[02.01 06:47:01] ┇ INFO    ┇           chrisbase.data ┇ 173	train.torch_empty_cache_steps
[02.01 06:47:01] ┇ INFO    ┇           chrisbase.data ┇ 174	train.torchdynamo
[02.01 06:47:01] ┇ INFO    ┇           chrisbase.data ┇ 175	train.tpu_metrics_debug                      	False
[02.01 06:47:01] ┇ INFO    ┇           chrisbase.data ┇ 176	train.tpu_num_cores
[02.01 06:47:01] ┇ INFO    ┇           chrisbase.data ┇ 177	train.use_cpu                                	False
[02.01 06:47:01] ┇ INFO    ┇           chrisbase.data ┇ 178	train.use_ipex                               	False
[02.01 06:47:01] ┇ INFO    ┇           chrisbase.data ┇ 179	train.use_legacy_prediction_loop             	False
[02.01 06:47:01] ┇ INFO    ┇           chrisbase.data ┇ 180	train.use_liger_kernel                       	False
[02.01 06:47:01] ┇ INFO    ┇           chrisbase.data ┇ 181	train.use_mps_device                         	False
[02.01 06:47:01] ┇ INFO    ┇           chrisbase.data ┇ 182	train.warmup_ratio                           	0.04
[02.01 06:47:01] ┇ INFO    ┇           chrisbase.data ┇ 183	train.warmup_steps                           	0
[02.01 06:47:01] ┇ INFO    ┇           chrisbase.data ┇ 184	train.weight_decay                           	0.0
[02.01 06:47:01] ┇ INFO    ┇           chrisbase.data ┇ -----------------------------------------------------------------------------------------------------------------------------------------
[02.01 06:47:02] ┇ WARNING ┇ transformers_modules.microsoft.Phi-3.5-mini-instruct.af0dfb8029e8a74545d0736d30cb6b58d2f0f3f0.modeling_phi3 ┇ `flash-attention` package not found, consider installing for better performance: No module named 'flash_attn'.
[02.01 06:47:02] ┇ WARNING ┇ transformers_modules.microsoft.Phi-3.5-mini-instruct.af0dfb8029e8a74545d0736d30cb6b58d2f0f3f0.modeling_phi3 ┇ Current `flash-attention` does not support `window_size`. Either upgrade or use `attn_implementation='eager'`.
[02.01 06:47:11] ┇ INFO    ┇                 DeepKNLP ┇ type(model)=<class 'transformers_modules.microsoft.Phi-3.5-mini-instruct.af0dfb8029e8a74545d0736d30cb6b58d2f0f3f0.modeling_phi3.Phi3ForCausalLM'>
[02.01 06:47:11] ┇ INFO    ┇                 DeepKNLP ┇ model.generation_config.pad_token_id=32000
[02.01 06:47:12] ┇ INFO    ┇                 DeepKNLP ┇ Loaded raw train_dataset (#=9775): data/gner/each/mit-movie-train.jsonl
[02.01 06:47:12] ┇ INFO    ┇                 DeepKNLP ┇ Completed preprocessing for train_dataset at [02.01 06:05:29]
[02.01 06:47:12] ┇ INFO    ┇                 DeepKNLP ┇ Loaded raw eval_dataset (#=100): data/gner/each-sampled/mit-movie-dev=100.jsonl
[02.01 06:47:12] ┇ INFO    ┇                 DeepKNLP ┇ Completed preprocessing for eval_dataset at [02.01 06:05:30]
[02.01 06:48:01] ┇ WARNING ┇                DeepSpeed ┇ Attempting to get learning rate from scheduler before it has started
[02.01 06:48:01] ┇ INFO    ┇    DeepKNLP.gner.trainer ┇ -----------------------------------------------------------------------------------------------------------------------------------------
[02.01 06:48:01] ┇ INFO    ┇    DeepKNLP.gner.trainer ┇ ***** Beginning Training *****
[02.01 06:48:01] ┇ INFO    ┇    DeepKNLP.gner.trainer ┇ >> Train Epochs       = 12.0
[02.01 06:48:01] ┇ INFO    ┇    DeepKNLP.gner.trainer ┇ >> Train Examples     = 9,775
[02.01 06:48:01] ┇ INFO    ┇    DeepKNLP.gner.trainer ┇ >> Train Batch Size   = 32 = 8 * 1 * 4
[02.01 06:48:01] ┇ INFO    ┇    DeepKNLP.gner.trainer ┇ >> Train Optim Steps  = 3,672 = 306 * 12.0
[02.01 06:48:01] ┇ INFO    ┇    DeepKNLP.gner.trainer ┇ >> Train Model Params = 3,821,079,552
[02.01 06:48:01] ┇ INFO    ┇    DeepKNLP.gner.trainer ┇ >> Trainer Callbacks  = DefaultFlowCallback, CustomProgressCallback
[02.01 06:48:01] ┇ INFO    ┇    DeepKNLP.gner.trainer ┇ >> Zero Optim Stage   = 2
[02.01 06:48:01] ┇ INFO    ┇    DeepKNLP.gner.trainer ┇ >> Eval Examples      = 100
[02.01 06:48:01] ┇ INFO    ┇    DeepKNLP.gner.trainer ┇ >> Eval Batch Size    = 100 = 25 * 4
[02.01 06:48:01] ┇ WARNING ┇ transformers_modules.microsoft.Phi-3.5-mini-instruct.af0dfb8029e8a74545d0736d30cb6b58d2f0f3f0.modeling_phi3 ┇ You are not running the flash-attention implementation, expect numerical differences.
[02.01 06:48:02] ┇ INFO    ┇    DeepKNLP.gner.trainer ┇ [training]   0%|                    |    1/3672 [0:00:01<1:25:50, 0.71Hz] | epoch=0.00, loss=6.575200
[02.01 06:48:04] ┇ INFO    ┇    DeepKNLP.gner.trainer ┇ [training]   0%|                    |    2/3672 [0:00:02<1:28:29, 0.69Hz] | epoch=0.01, loss=6.876500
[02.01 06:48:04] ┇ INFO    ┇    DeepKNLP.gner.trainer ┇ [training]   0%|                    |    3/3672 [0:00:03<1:12:02, 0.85Hz] | epoch=0.01, loss=6.596000
[02.01 06:48:05] ┇ INFO    ┇    DeepKNLP.gner.trainer ┇ [training]   0%|                    |    4/3672 [0:00:04<1:04:50, 0.94Hz] | epoch=0.01, loss=6.762300
[02.01 06:48:06] ┇ INFO    ┇    DeepKNLP.gner.trainer ┇ [training]   0%|                    |    5/3672 [0:00:04<1:00:39, 1.01Hz] | epoch=0.02, loss=6.421900
[02.01 06:48:07] ┇ INFO    ┇    DeepKNLP.gner.trainer ┇ [training]   0%|                    |    6/3672 [0:00:05<1:01:05, 1.00Hz] | epoch=0.02, loss=5.808000
[02.01 06:48:07] ┇ INFO    ┇    DeepKNLP.gner.trainer ┇ [training]   0%|                    |    7/3672 [0:00:06<0:57:47, 1.06Hz] | epoch=0.02, loss=4.765400
[02.01 06:48:08] ┇ INFO    ┇    DeepKNLP.gner.trainer ┇ [training]   0%|                    |    8/3672 [0:00:07<0:56:31, 1.08Hz] | epoch=0.03, loss=4.432600
[02.01 06:48:09] ┇ INFO    ┇    DeepKNLP.gner.trainer ┇ [training]   0%|                    |    9/3672 [0:00:08<0:54:49, 1.11Hz] | epoch=0.03, loss=4.221200
[02.01 06:48:09] ┇ INFO    ┇    DeepKNLP.gner.trainer ┇ [training]   0%|                    |   10/3672 [0:00:08<0:53:28, 1.14Hz] | epoch=0.03, loss=3.267900
[02.01 06:48:10] ┇ INFO    ┇    DeepKNLP.gner.trainer ┇ [training]   0%|                    |   11/3672 [0:00:09<0:52:31, 1.16Hz] | epoch=0.04, loss=3.190700
[02.01 06:48:11] ┇ INFO    ┇    DeepKNLP.gner.trainer ┇ [training]   0%|                    |   12/3672 [0:00:10<0:51:35, 1.18Hz] | epoch=0.04, loss=2.578800
[02.01 06:48:12] ┇ INFO    ┇    DeepKNLP.gner.trainer ┇ [training]   0%|                    |   13/3672 [0:00:10<0:50:45, 1.20Hz] | epoch=0.04, loss=2.045700
[02.01 06:48:12] ┇ INFO    ┇    DeepKNLP.gner.trainer ┇ [training]   0%|                    |   14/3672 [0:00:11<0:50:10, 1.22Hz] | epoch=0.05, loss=1.627800
[02.01 06:48:13] ┇ INFO    ┇    DeepKNLP.gner.trainer ┇ [training]   0%|                    |   15/3672 [0:00:12<0:49:45, 1.22Hz] | epoch=0.05, loss=1.228700
[02.01 06:48:14] ┇ INFO    ┇    DeepKNLP.gner.trainer ┇ [training]   0%|                    |   16/3672 [0:00:13<0:49:40, 1.23Hz] | epoch=0.05, loss=1.100500
[02.01 06:48:14] ┇ INFO    ┇    DeepKNLP.gner.trainer ┇ [training]   0%|                    |   17/3672 [0:00:13<0:49:24, 1.23Hz] | epoch=0.06, loss=1.013200
[02.01 06:48:15] ┇ INFO    ┇    DeepKNLP.gner.trainer ┇ [training]   0%|                    |   18/3672 [0:00:14<0:49:00, 1.24Hz] | epoch=0.06, loss=0.749500
[02.01 06:48:16] ┇ INFO    ┇    DeepKNLP.gner.trainer ┇ [training]   1%|                    |   19/3672 [0:00:15<0:48:51, 1.25Hz] | epoch=0.06, loss=0.617800
[02.01 06:48:17] ┇ INFO    ┇    DeepKNLP.gner.trainer ┇ [training]   1%|                    |   20/3672 [0:00:15<0:48:32, 1.25Hz] | epoch=0.07, loss=0.572600
[02.01 06:48:17] ┇ INFO    ┇    DeepKNLP.gner.trainer ┇ [training]   1%|                    |   21/3672 [0:00:16<0:48:01, 1.27Hz] | epoch=0.07, loss=0.519100
[02.01 06:48:18] ┇ INFO    ┇    DeepKNLP.gner.trainer ┇ [training]   1%|                    |   22/3672 [0:00:17<0:47:51, 1.27Hz] | epoch=0.07, loss=0.408800
[02.01 06:48:19] ┇ INFO    ┇    DeepKNLP.gner.trainer ┇ [training]   1%|▏                   |   23/3672 [0:00:18<0:47:41, 1.28Hz] | epoch=0.07, loss=0.448800
[02.01 06:48:19] ┇ INFO    ┇    DeepKNLP.gner.trainer ┇ [training]   1%|▏                   |   24/3672 [0:00:18<0:47:25, 1.28Hz] | epoch=0.08, loss=0.413200
[02.01 06:48:20] ┇ INFO    ┇    DeepKNLP.gner.trainer ┇ [training]   1%|▏                   |   25/3672 [0:00:19<0:47:12, 1.29Hz] | epoch=0.08, loss=0.351000
[02.01 06:48:21] ┇ INFO    ┇    DeepKNLP.gner.trainer ┇ [training]   1%|▏                   |   26/3672 [0:00:20<0:46:50, 1.30Hz] | epoch=0.09, loss=0.268700
[02.01 06:48:21] ┇ INFO    ┇    DeepKNLP.gner.trainer ┇ [training]   1%|▏                   |   27/3672 [0:00:20<0:46:37, 1.30Hz] | epoch=0.09, loss=0.326400
[02.01 06:48:22] ┇ INFO    ┇    DeepKNLP.gner.trainer ┇ [training]   1%|▏                   |   28/3672 [0:00:21<0:46:29, 1.31Hz] | epoch=0.09, loss=0.286700
[02.01 06:48:23] ┇ INFO    ┇    DeepKNLP.gner.trainer ┇ [training]   1%|▏                   |   29/3672 [0:00:22<0:46:11, 1.31Hz] | epoch=0.10, loss=0.282700
[02.01 06:48:23] ┇ INFO    ┇    DeepKNLP.gner.trainer ┇ [training]   1%|▏                   |   30/3672 [0:00:22<0:45:59, 1.32Hz] | epoch=0.10, loss=0.309100
[02.01 06:48:24] ┇ INFO    ┇    DeepKNLP.gner.trainer ┇ [training]   1%|▏                   |   31/3672 [0:00:23<0:45:49, 1.32Hz] | epoch=0.10, loss=0.267200
[02.01 06:48:25] ┇ INFO    ┇    DeepKNLP.gner.trainer ┇ [training]   1%|▏                   |   32/3672 [0:00:24<0:45:32, 1.33Hz] | epoch=0.10, loss=0.251700
[02.01 06:48:25] ┇ INFO    ┇    DeepKNLP.gner.trainer ┇ [training]   1%|▏                   |   33/3672 [0:00:24<0:45:29, 1.33Hz] | epoch=0.11, loss=0.257200
[02.01 06:48:26] ┇ INFO    ┇    DeepKNLP.gner.trainer ┇ [training]   1%|▏                   |   34/3672 [0:00:25<0:45:24, 1.34Hz] | epoch=0.11, loss=0.192200
[02.01 06:48:27] ┇ INFO    ┇    DeepKNLP.gner.trainer ┇ [training]   1%|▏                   |   35/3672 [0:00:26<0:45:17, 1.34Hz] | epoch=0.11, loss=0.212600
[02.01 06:48:27] ┇ INFO    ┇    DeepKNLP.gner.trainer ┇ [training]   1%|▏                   |   36/3672 [0:00:26<0:45:04, 1.34Hz] | epoch=0.12, loss=0.205700
[02.01 06:48:28] ┇ INFO    ┇    DeepKNLP.gner.trainer ┇ [training]   1%|▏                   |   37/3672 [0:00:27<0:45:03, 1.34Hz] | epoch=0.12, loss=0.199300
[02.01 06:48:29] ┇ INFO    ┇    DeepKNLP.gner.trainer ┇ [training]   1%|▏                   |   38/3672 [0:00:28<0:44:57, 1.35Hz] | epoch=0.12, loss=0.197300
[02.01 06:48:30] ┇ INFO    ┇    DeepKNLP.gner.trainer ┇ [training]   1%|▏                   |   39/3672 [0:00:28<0:45:00, 1.35Hz] | epoch=0.13, loss=0.210500
[02.01 06:48:30] ┇ INFO    ┇    DeepKNLP.gner.trainer ┇ [training]   1%|▏                   |   40/3672 [0:00:29<0:44:55, 1.35Hz] | epoch=0.13, loss=0.209700
[02.01 06:48:31] ┇ INFO    ┇    DeepKNLP.gner.trainer ┇ [training]   1%|▏                   |   41/3672 [0:00:30<0:44:50, 1.35Hz] | epoch=0.13, loss=0.185300
[02.01 06:48:32] ┇ INFO    ┇    DeepKNLP.gner.trainer ┇ [training]   1%|▏                   |   42/3672 [0:00:31<0:44:49, 1.35Hz] | epoch=0.14, loss=0.171800
[02.01 06:48:32] ┇ INFO    ┇    DeepKNLP.gner.trainer ┇ [training]   1%|▏                   |   43/3672 [0:00:31<0:44:40, 1.35Hz] | epoch=0.14, loss=0.198700
[02.01 06:48:33] ┇ INFO    ┇    DeepKNLP.gner.trainer ┇ [training]   1%|▏                   |   44/3672 [0:00:32<0:44:39, 1.35Hz] | epoch=0.14, loss=0.175600
[02.01 06:48:34] ┇ INFO    ┇    DeepKNLP.gner.trainer ┇ [training]   1%|▏                   |   45/3672 [0:00:33<0:44:36, 1.36Hz] | epoch=0.15, loss=0.225400
[02.01 06:48:35] ┇ INFO    ┇    DeepKNLP.gner.trainer ┇ [training]   1%|▎                   |   46/3672 [0:00:33<0:44:31, 1.36Hz] | epoch=0.15, loss=0.204500
[02.01 06:48:35] ┇ INFO    ┇    DeepKNLP.gner.trainer ┇ [training]   1%|▎                   |   47/3672 [0:00:34<0:44:27, 1.36Hz] | epoch=0.15, loss=0.155300
[02.01 06:48:36] ┇ INFO    ┇    DeepKNLP.gner.trainer ┇ [training]   1%|▎                   |   48/3672 [0:00:35<0:44:22, 1.36Hz] | epoch=0.16, loss=0.262300
[02.01 06:48:37] ┇ INFO    ┇    DeepKNLP.gner.trainer ┇ [training]   1%|▎                   |   49/3672 [0:00:35<0:44:20, 1.36Hz] | epoch=0.16, loss=0.161000
[02.01 06:48:37] ┇ INFO    ┇    DeepKNLP.gner.trainer ┇ [training]   1%|▎                   |   50/3672 [0:00:36<0:44:13, 1.37Hz] | epoch=0.16, loss=0.163000
[02.01 06:48:38] ┇ INFO    ┇    DeepKNLP.gner.trainer ┇ [training]   1%|▎                   |   51/3672 [0:00:37<0:44:07, 1.37Hz] | epoch=0.17, loss=0.191000
[02.01 06:48:39] ┇ INFO    ┇    DeepKNLP.gner.trainer ┇ [training]   1%|▎                   |   52/3672 [0:00:38<0:44:07, 1.37Hz] | epoch=0.17, loss=0.135200
[02.01 06:48:39] ┇ INFO    ┇    DeepKNLP.gner.trainer ┇ [training]   1%|▎                   |   53/3672 [0:00:38<0:44:06, 1.37Hz] | epoch=0.17, loss=0.179800
[02.01 06:48:40] ┇ INFO    ┇    DeepKNLP.gner.trainer ┇ [training]   1%|▎                   |   54/3672 [0:00:39<0:44:03, 1.37Hz] | epoch=0.18, loss=0.144400
[02.01 06:48:41] ┇ INFO    ┇    DeepKNLP.gner.trainer ┇ [training]   1%|▎                   |   55/3672 [0:00:40<0:44:01, 1.37Hz] | epoch=0.18, loss=0.126900
[02.01 06:48:42] ┇ INFO    ┇    DeepKNLP.gner.trainer ┇ [training]   2%|▎                   |   56/3672 [0:00:40<0:43:59, 1.37Hz] | epoch=0.18, loss=0.160300
[02.01 06:48:42] ┇ INFO    ┇    DeepKNLP.gner.trainer ┇ [training]   2%|▎                   |   57/3672 [0:00:41<0:43:56, 1.37Hz] | epoch=0.19, loss=0.190600
[02.01 06:48:43] ┇ INFO    ┇    DeepKNLP.gner.trainer ┇ [training]   2%|▎                   |   58/3672 [0:00:42<0:43:53, 1.37Hz] | epoch=0.19, loss=0.131200
[02.01 06:48:44] ┇ INFO    ┇    DeepKNLP.gner.trainer ┇ [training]   2%|▎                   |   59/3672 [0:00:42<0:43:53, 1.37Hz] | epoch=0.19, loss=0.127000
[02.01 06:48:44] ┇ INFO    ┇    DeepKNLP.gner.trainer ┇ [training]   2%|▎                   |   60/3672 [0:00:43<0:43:49, 1.37Hz] | epoch=0.20, loss=0.103200
[02.01 06:48:45] ┇ INFO    ┇    DeepKNLP.gner.trainer ┇ [training]   2%|▎                   |   61/3672 [0:00:44<0:43:42, 1.38Hz] | epoch=0.20, loss=0.131500
[02.01 06:48:46] ┇ INFO    ┇    DeepKNLP.gner.trainer ┇ [training]   2%|▎                   |   62/3672 [0:00:44<0:43:40, 1.38Hz] | epoch=0.20, loss=0.161500
[02.01 06:48:46] ┇ INFO    ┇    DeepKNLP.gner.trainer ┇ [training]   2%|▎                   |   63/3672 [0:00:45<0:43:39, 1.38Hz] | epoch=0.21, loss=0.131500
[02.01 06:48:47] ┇ INFO    ┇    DeepKNLP.gner.trainer ┇ [training]   2%|▎                   |   64/3672 [0:00:46<0:42:57, 1.40Hz] | epoch=0.21, loss=0.148400
[02.01 06:48:48] ┇ INFO    ┇    DeepKNLP.gner.trainer ┇ [training]   2%|▎                   |   65/3672 [0:00:47<0:42:10, 1.43Hz] | epoch=0.21, loss=0.147700
[02.01 06:48:48] ┇ INFO    ┇    DeepKNLP.gner.trainer ┇ [training]   2%|▎                   |   66/3672 [0:00:47<0:42:09, 1.43Hz] | epoch=0.22, loss=0.136100
[02.01 06:48:49] ┇ INFO    ┇    DeepKNLP.gner.trainer ┇ [training]   2%|▎                   |   67/3672 [0:00:48<0:42:06, 1.43Hz] | epoch=0.22, loss=0.185400
[02.01 06:48:50] ┇ INFO    ┇    DeepKNLP.gner.trainer ┇ [training]   2%|▎                   |   68/3672 [0:00:49<0:42:03, 1.43Hz] | epoch=0.22, loss=0.104900
[02.01 06:48:50] ┇ INFO    ┇    DeepKNLP.gner.trainer ┇ [training]   2%|▍                   |   69/3672 [0:00:49<0:41:42, 1.44Hz] | epoch=0.23, loss=0.121900
[02.01 06:48:51] ┇ INFO    ┇    DeepKNLP.gner.trainer ┇ [training]   2%|▍                   |   70/3672 [0:00:50<0:41:46, 1.44Hz] | epoch=0.23, loss=0.119800
[02.01 06:48:52] ┇ INFO    ┇    DeepKNLP.gner.trainer ┇ [training]   2%|▍                   |   71/3672 [0:00:51<0:41:42, 1.44Hz] | epoch=0.23, loss=0.115400
[02.01 06:48:53] ┇ INFO    ┇    DeepKNLP.gner.trainer ┇ [training]   2%|▍                   |   72/3672 [0:00:51<0:41:42, 1.44Hz] | epoch=0.23, loss=0.101100
[02.01 06:48:53] ┇ INFO    ┇    DeepKNLP.gner.trainer ┇ [training]   2%|▍                   |   73/3672 [0:00:52<0:41:39, 1.44Hz] | epoch=0.24, loss=0.111300
[02.01 06:48:54] ┇ INFO    ┇    DeepKNLP.gner.trainer ┇ [training]   2%|▍                   |   74/3672 [0:00:53<0:41:37, 1.44Hz] | epoch=0.24, loss=0.114400
[02.01 06:48:55] ┇ INFO    ┇    DeepKNLP.gner.trainer ┇ [training]   2%|▍                   |   75/3672 [0:00:53<0:41:34, 1.44Hz] | epoch=0.24, loss=0.074700
[02.01 06:48:55] ┇ INFO    ┇    DeepKNLP.gner.trainer ┇ [training]   2%|▍                   |   76/3672 [0:00:54<0:41:34, 1.44Hz] | epoch=0.25, loss=0.090500
[02.01 06:48:56] ┇ INFO    ┇    DeepKNLP.gner.trainer ┇ [training]   2%|▍                   |   77/3672 [0:00:55<0:41:34, 1.44Hz] | epoch=0.25, loss=0.111800
[02.01 06:48:57] ┇ INFO    ┇    DeepKNLP.gner.trainer ┇ [training]   2%|▍                   |   78/3672 [0:00:56<0:41:36, 1.44Hz] | epoch=0.26, loss=0.123600
[02.01 06:48:57] ┇ INFO    ┇    DeepKNLP.gner.trainer ┇ [training]   2%|▍                   |   79/3672 [0:00:56<0:41:30, 1.44Hz] | epoch=0.26, loss=0.093400
[02.01 06:48:58] ┇ INFO    ┇    DeepKNLP.gner.trainer ┇ [training]   2%|▍                   |   80/3672 [0:00:57<0:41:25, 1.45Hz] | epoch=0.26, loss=0.117100
[02.01 06:48:59] ┇ INFO    ┇    DeepKNLP.gner.trainer ┇ [training]   2%|▍                   |   81/3672 [0:00:58<0:41:25, 1.45Hz] | epoch=0.27, loss=0.089500
[02.01 06:48:59] ┇ INFO    ┇    DeepKNLP.gner.trainer ┇ [training]   2%|▍                   |   82/3672 [0:00:58<0:41:22, 1.45Hz] | epoch=0.27, loss=0.105100
[02.01 06:49:00] ┇ INFO    ┇    DeepKNLP.gner.trainer ┇ [training]   2%|▍                   |   83/3672 [0:00:59<0:41:17, 1.45Hz] | epoch=0.27, loss=0.096000
[02.01 06:49:01] ┇ INFO    ┇    DeepKNLP.gner.trainer ┇ [training]   2%|▍                   |   84/3672 [0:01:00<0:41:21, 1.45Hz] | epoch=0.28, loss=0.124200
[02.01 06:49:02] ┇ INFO    ┇    DeepKNLP.gner.trainer ┇ [training]   2%|▍                   |   85/3672 [0:01:00<0:41:19, 1.45Hz] | epoch=0.28, loss=0.103700
[02.01 06:49:02] ┇ INFO    ┇    DeepKNLP.gner.trainer ┇ [training]   2%|▍                   |   86/3672 [0:01:01<0:41:15, 1.45Hz] | epoch=0.28, loss=0.115400
[02.01 06:49:03] ┇ INFO    ┇    DeepKNLP.gner.trainer ┇ [training]   2%|▍                   |   87/3672 [0:01:02<0:41:14, 1.45Hz] | epoch=0.28, loss=0.083400
[02.01 06:49:04] ┇ INFO    ┇    DeepKNLP.gner.trainer ┇ [training]   2%|▍                   |   88/3672 [0:01:02<0:41:12, 1.45Hz] | epoch=0.29, loss=0.107000
[02.01 06:49:04] ┇ INFO    ┇    DeepKNLP.gner.trainer ┇ [training]   2%|▍                   |   89/3672 [0:01:03<0:41:14, 1.45Hz] | epoch=0.29, loss=0.096700
[02.01 06:49:05] ┇ INFO    ┇    DeepKNLP.gner.trainer ┇ [training]   2%|▍                   |   90/3672 [0:01:04<0:41:15, 1.45Hz] | epoch=0.29, loss=0.114500
[02.01 06:49:06] ┇ INFO    ┇    DeepKNLP.gner.trainer ┇ [training]   2%|▍                   |   91/3672 [0:01:04<0:41:16, 1.45Hz] | epoch=0.30, loss=0.100400
[02.01 06:49:06] ┇ INFO    ┇    DeepKNLP.gner.trainer ┇ [training]   3%|▌                   |   92/3672 [0:01:05<0:41:19, 1.44Hz] | epoch=0.30, loss=0.111400
[02.01 06:49:07] ┇ INFO    ┇    DeepKNLP.gner.trainer ┇ [training]   3%|▌                   |   93/3672 [0:01:06<0:41:19, 1.44Hz] | epoch=0.30, loss=0.115100
[02.01 06:49:08] ┇ INFO    ┇    DeepKNLP.gner.trainer ┇ [training]   3%|▌                   |   94/3672 [0:01:07<0:41:25, 1.44Hz] | epoch=0.31, loss=0.082600
[02.01 06:49:08] ┇ INFO    ┇    DeepKNLP.gner.trainer ┇ [training]   3%|▌                   |   95/3672 [0:01:07<0:41:24, 1.44Hz] | epoch=0.31, loss=0.090700
[02.01 06:49:09] ┇ INFO    ┇    DeepKNLP.gner.trainer ┇ [training]   3%|▌                   |   96/3672 [0:01:08<0:41:21, 1.44Hz] | epoch=0.31, loss=0.086400
[02.01 06:49:10] ┇ INFO    ┇    DeepKNLP.gner.trainer ┇ [training]   3%|▌                   |   97/3672 [0:01:09<0:41:17, 1.44Hz] | epoch=0.32, loss=0.080800
[02.01 06:49:10] ┇ INFO    ┇    DeepKNLP.gner.trainer ┇ [training]   3%|▌                   |   98/3672 [0:01:09<0:41:15, 1.44Hz] | epoch=0.32, loss=0.100300
[02.01 06:49:11] ┇ INFO    ┇    DeepKNLP.gner.trainer ┇ [training]   3%|▌                   |   99/3672 [0:01:10<0:41:17, 1.44Hz] | epoch=0.32, loss=0.087500
[02.01 06:49:12] ┇ INFO    ┇    DeepKNLP.gner.trainer ┇ [training]   3%|▌                   |  100/3672 [0:01:11<0:41:13, 1.44Hz] | epoch=0.33, loss=0.096500
[02.01 06:49:13] ┇ INFO    ┇    DeepKNLP.gner.trainer ┇ [training]   3%|▌                   |  101/3672 [0:01:11<0:41:14, 1.44Hz] | epoch=0.33, loss=0.108500
[02.01 06:49:13] ┇ INFO    ┇    DeepKNLP.gner.trainer ┇ [training]   3%|▌                   |  102/3672 [0:01:12<0:41:09, 1.45Hz] | epoch=0.33, loss=0.084900
[02.01 06:49:14] ┇ INFO    ┇    DeepKNLP.gner.trainer ┇ [training]   3%|▌                   |  103/3672 [0:01:13<0:41:07, 1.45Hz] | epoch=0.34, loss=0.089800
[02.01 06:49:15] ┇ INFO    ┇    DeepKNLP.gner.trainer ┇ [training]   3%|▌                   |  104/3672 [0:01:13<0:41:10, 1.44Hz] | epoch=0.34, loss=0.112800
[02.01 06:49:15] ┇ INFO    ┇    DeepKNLP.gner.trainer ┇ [training]   3%|▌                   |  105/3672 [0:01:14<0:41:05, 1.45Hz] | epoch=0.34, loss=0.104400
[02.01 06:49:16] ┇ INFO    ┇    DeepKNLP.gner.trainer ┇ [training]   3%|▌                   |  106/3672 [0:01:15<0:41:06, 1.45Hz] | epoch=0.35, loss=0.107200
[02.01 06:49:17] ┇ INFO    ┇    DeepKNLP.gner.trainer ┇ [training]   3%|▌                   |  107/3672 [0:01:16<0:41:02, 1.45Hz] | epoch=0.35, loss=0.102500
[02.01 06:49:17] ┇ INFO    ┇    DeepKNLP.gner.trainer ┇ [training]   3%|▌                   |  108/3672 [0:01:16<0:41:00, 1.45Hz] | epoch=0.35, loss=0.115700
[02.01 06:49:18] ┇ INFO    ┇    DeepKNLP.gner.trainer ┇ [training]   3%|▌                   |  109/3672 [0:01:17<0:41:01, 1.45Hz] | epoch=0.36, loss=0.059000
[02.01 06:49:19] ┇ INFO    ┇    DeepKNLP.gner.trainer ┇ [training]   3%|▌                   |  110/3672 [0:01:18<0:40:58, 1.45Hz] | epoch=0.36, loss=0.082600
[02.01 06:49:19] ┇ INFO    ┇    DeepKNLP.gner.trainer ┇ [training]   3%|▌                   |  111/3672 [0:01:18<0:41:00, 1.45Hz] | epoch=0.36, loss=0.080000
[02.01 06:49:20] ┇ INFO    ┇    DeepKNLP.gner.trainer ┇ [training]   3%|▌                   |  112/3672 [0:01:19<0:40:59, 1.45Hz] | epoch=0.37, loss=0.097600
[02.01 06:49:21] ┇ INFO    ┇    DeepKNLP.gner.trainer ┇ [training]   3%|▌                   |  113/3672 [0:01:20<0:41:01, 1.45Hz] | epoch=0.37, loss=0.080900
[02.01 06:49:22] ┇ INFO    ┇    DeepKNLP.gner.trainer ┇ [training]   3%|▌                   |  114/3672 [0:01:20<0:41:01, 1.45Hz] | epoch=0.37, loss=0.081800
[02.01 06:49:22] ┇ INFO    ┇    DeepKNLP.gner.trainer ┇ [training]   3%|▋                   |  115/3672 [0:01:21<0:40:58, 1.45Hz] | epoch=0.38, loss=0.076000
[02.01 06:49:23] ┇ INFO    ┇    DeepKNLP.gner.trainer ┇ [training]   3%|▋                   |  116/3672 [0:01:22<0:40:54, 1.45Hz] | epoch=0.38, loss=0.091100
[02.01 06:49:24] ┇ INFO    ┇    DeepKNLP.gner.trainer ┇ [training]   3%|▋                   |  117/3672 [0:01:22<0:40:53, 1.45Hz] | epoch=0.38, loss=0.081500
[02.01 06:49:24] ┇ INFO    ┇    DeepKNLP.gner.trainer ┇ [training]   3%|▋                   |  118/3672 [0:01:23<0:40:52, 1.45Hz] | epoch=0.39, loss=0.063600
[02.01 06:49:25] ┇ INFO    ┇    DeepKNLP.gner.trainer ┇ [training]   3%|▋                   |  119/3672 [0:01:24<0:40:49, 1.45Hz] | epoch=0.39, loss=0.068500
[02.01 06:49:26] ┇ INFO    ┇    DeepKNLP.gner.trainer ┇ [training]   3%|▋                   |  120/3672 [0:01:25<0:40:53, 1.45Hz] | epoch=0.39, loss=0.098100
[02.01 06:49:26] ┇ INFO    ┇    DeepKNLP.gner.trainer ┇ [training]   3%|▋                   |  121/3672 [0:01:25<0:40:52, 1.45Hz] | epoch=0.40, loss=0.092300
[02.01 06:49:27] ┇ INFO    ┇    DeepKNLP.gner.trainer ┇ [training]   3%|▋                   |  122/3672 [0:01:26<0:40:47, 1.45Hz] | epoch=0.40, loss=0.062100
[02.01 06:49:28] ┇ INFO    ┇    DeepKNLP.gner.trainer ┇ [training]   3%|▋                   |  123/3672 [0:01:27<0:40:48, 1.45Hz] | epoch=0.40, loss=0.087500
[02.01 06:49:29] ┇ INFO    ┇    DeepKNLP.gner.trainer ┇ [training]   3%|▋                   |  124/3672 [0:01:27<0:40:53, 1.45Hz] | epoch=0.41, loss=0.071300
[02.01 06:49:29] ┇ INFO    ┇    DeepKNLP.gner.trainer ┇ [training]   3%|▋                   |  125/3672 [0:01:28<0:40:52, 1.45Hz] | epoch=0.41, loss=0.082400
[02.01 06:49:30] ┇ INFO    ┇    DeepKNLP.gner.trainer ┇ [training]   3%|▋                   |  126/3672 [0:01:29<0:40:49, 1.45Hz] | epoch=0.41, loss=0.070800
[02.01 06:49:31] ┇ INFO    ┇    DeepKNLP.gner.trainer ┇ [training]   3%|▋                   |  127/3672 [0:01:29<0:40:48, 1.45Hz] | epoch=0.41, loss=0.058700
[02.01 06:49:31] ┇ INFO    ┇    DeepKNLP.gner.trainer ┇ [training]   3%|▋                   |  128/3672 [0:01:30<0:40:49, 1.45Hz] | epoch=0.42, loss=0.078000
[02.01 06:49:32] ┇ INFO    ┇    DeepKNLP.gner.trainer ┇ [training]   4%|▋                   |  129/3672 [0:01:31<0:40:50, 1.45Hz] | epoch=0.42, loss=0.084700
[02.01 06:49:33] ┇ INFO    ┇    DeepKNLP.gner.trainer ┇ [training]   4%|▋                   |  130/3672 [0:01:32<0:40:53, 1.44Hz] | epoch=0.42, loss=0.089200
[02.01 06:49:33] ┇ INFO    ┇    DeepKNLP.gner.trainer ┇ [training]   4%|▋                   |  131/3672 [0:01:32<0:40:55, 1.44Hz] | epoch=0.43, loss=0.079500
[02.01 06:49:34] ┇ INFO    ┇    DeepKNLP.gner.trainer ┇ [training]   4%|▋                   |  132/3672 [0:01:33<0:40:57, 1.44Hz] | epoch=0.43, loss=0.081000
[02.01 06:49:35] ┇ INFO    ┇    DeepKNLP.gner.trainer ┇ [training]   4%|▋                   |  133/3672 [0:01:34<0:40:58, 1.44Hz] | epoch=0.43, loss=0.067000
[02.01 06:49:36] ┇ INFO    ┇    DeepKNLP.gner.trainer ┇ [training]   4%|▋                   |  134/3672 [0:01:34<0:40:57, 1.44Hz] | epoch=0.44, loss=0.058500
[02.01 06:49:36] ┇ INFO    ┇    DeepKNLP.gner.trainer ┇ [training]   4%|▋                   |  135/3672 [0:01:35<0:40:56, 1.44Hz] | epoch=0.44, loss=0.081900
[02.01 06:49:37] ┇ INFO    ┇    DeepKNLP.gner.trainer ┇ [training]   4%|▋                   |  136/3672 [0:01:36<0:40:58, 1.44Hz] | epoch=0.44, loss=0.070900
[02.01 06:49:38] ┇ INFO    ┇    DeepKNLP.gner.trainer ┇ [training]   4%|▋                   |  137/3672 [0:01:37<0:40:58, 1.44Hz] | epoch=0.45, loss=0.098800
[02.01 06:49:38] ┇ INFO    ┇    DeepKNLP.gner.trainer ┇ [training]   4%|▊                   |  138/3672 [0:01:37<0:41:01, 1.44Hz] | epoch=0.45, loss=0.069600
[02.01 06:49:39] ┇ INFO    ┇    DeepKNLP.gner.trainer ┇ [training]   4%|▊                   |  139/3672 [0:01:38<0:41:03, 1.43Hz] | epoch=0.45, loss=0.078900
[02.01 06:49:40] ┇ INFO    ┇    DeepKNLP.gner.trainer ┇ [training]   4%|▊                   |  140/3672 [0:01:39<0:41:04, 1.43Hz] | epoch=0.46, loss=0.086800
[02.01 06:49:41] ┇ INFO    ┇    DeepKNLP.gner.trainer ┇ [training]   4%|▊                   |  141/3672 [0:01:39<0:40:59, 1.44Hz] | epoch=0.46, loss=0.068200
[02.01 06:49:41] ┇ INFO    ┇    DeepKNLP.gner.trainer ┇ [training]   4%|▊                   |  142/3672 [0:01:40<0:40:58, 1.44Hz] | epoch=0.46, loss=0.087800
[02.01 06:49:42] ┇ INFO    ┇    DeepKNLP.gner.trainer ┇ [training]   4%|▊                   |  143/3672 [0:01:41<0:41:03, 1.43Hz] | epoch=0.47, loss=0.049600
[02.01 06:49:43] ┇ INFO    ┇    DeepKNLP.gner.trainer ┇ [training]   4%|▊                   |  144/3672 [0:01:42<0:41:01, 1.43Hz] | epoch=0.47, loss=0.071600
[02.01 06:49:43] ┇ INFO    ┇    DeepKNLP.gner.trainer ┇ [training]   4%|▊                   |  145/3672 [0:01:42<0:41:01, 1.43Hz] | epoch=0.47, loss=0.085200
[02.01 06:49:44] ┇ INFO    ┇    DeepKNLP.gner.trainer ┇ [training]   4%|▊                   |  146/3672 [0:01:43<0:41:08, 1.43Hz] | epoch=0.48, loss=0.067600
[02.01 06:49:45] ┇ INFO    ┇    DeepKNLP.gner.trainer ┇ [training]   4%|▊                   |  147/3672 [0:01:44<0:41:05, 1.43Hz] | epoch=0.48, loss=0.095900
[02.01 06:49:46] ┇ INFO    ┇    DeepKNLP.gner.trainer ┇ [training]   4%|▊                   |  148/3672 [0:01:44<0:41:06, 1.43Hz] | epoch=0.48, loss=0.084300
[02.01 06:49:46] ┇ INFO    ┇    DeepKNLP.gner.trainer ┇ [training]   4%|▊                   |  149/3672 [0:01:45<0:41:13, 1.42Hz] | epoch=0.49, loss=0.077900
[02.01 06:49:48] ┇ INFO    ┇    DeepKNLP.gner.trainer ┇ [training]   4%|▊                   |  150/3672 [0:01:47<0:41:46, 1.41Hz] | epoch=0.49, loss=0.105100
[02.01 06:49:48] ┇ INFO    ┇    DeepKNLP.gner.trainer ┇ [training]   4%|▊                   |  151/3672 [0:01:47<0:41:46, 1.40Hz] | epoch=0.49, loss=0.056300
[02.01 06:49:49] ┇ INFO    ┇    DeepKNLP.gner.trainer ┇ [training]   4%|▊                   |  152/3672 [0:01:48<0:41:48, 1.40Hz] | epoch=0.50, loss=0.055700
[02.01 06:49:50] ┇ INFO    ┇    DeepKNLP.gner.trainer ┇ [training]   4%|▊                   |  153/3672 [0:01:49<0:41:43, 1.41Hz] | epoch=0.50, loss=0.057000
[02.01 06:49:51] ┇ INFO    ┇    DeepKNLP.gner.trainer ┇ [training]   4%|▊                   |  154/3672 [0:01:49<0:41:42, 1.41Hz] | epoch=0.50, loss=0.043500
[02.01 06:49:51] ┇ INFO    ┇    DeepKNLP.gner.trainer ┇ [training]   4%|▊                   |  155/3672 [0:01:50<0:41:43, 1.41Hz] | epoch=0.51, loss=0.051500
[02.01 06:49:52] ┇ INFO    ┇    DeepKNLP.gner.trainer ┇ [training]   4%|▊                   |  156/3672 [0:01:51<0:41:42, 1.40Hz] | epoch=0.51, loss=0.052800
[02.01 06:49:53] ┇ INFO    ┇    DeepKNLP.gner.trainer ┇ [training]   4%|▊                   |  157/3672 [0:01:51<0:41:36, 1.41Hz] | epoch=0.51, loss=0.055900
[02.01 06:49:53] ┇ INFO    ┇    DeepKNLP.gner.trainer ┇ [training]   4%|▊                   |  158/3672 [0:01:52<0:41:40, 1.41Hz] | epoch=0.52, loss=0.086800
[02.01 06:49:54] ┇ INFO    ┇    DeepKNLP.gner.trainer ┇ [training]   4%|▊                   |  159/3672 [0:01:53<0:41:42, 1.40Hz] | epoch=0.52, loss=0.059600
[02.01 06:49:55] ┇ INFO    ┇    DeepKNLP.gner.trainer ┇ [training]   4%|▊                   |  160/3672 [0:01:54<0:41:47, 1.40Hz] | epoch=0.52, loss=0.068600
[02.01 06:49:56] ┇ INFO    ┇    DeepKNLP.gner.trainer ┇ [training]   4%|▉                   |  161/3672 [0:01:54<0:41:49, 1.40Hz] | epoch=0.53, loss=0.051100
[02.01 06:49:56] ┇ INFO    ┇    DeepKNLP.gner.trainer ┇ [training]   4%|▉                   |  162/3672 [0:01:55<0:41:49, 1.40Hz] | epoch=0.53, loss=0.070500
[02.01 06:49:57] ┇ INFO    ┇    DeepKNLP.gner.trainer ┇ [training]   4%|▉                   |  163/3672 [0:01:56<0:41:50, 1.40Hz] | epoch=0.53, loss=0.050500
[02.01 06:49:58] ┇ INFO    ┇    DeepKNLP.gner.trainer ┇ [training]   4%|▉                   |  164/3672 [0:01:56<0:41:44, 1.40Hz] | epoch=0.54, loss=0.055300
[02.01 06:49:58] ┇ INFO    ┇    DeepKNLP.gner.trainer ┇ [training]   4%|▉                   |  165/3672 [0:01:57<0:41:40, 1.40Hz] | epoch=0.54, loss=0.049600
[02.01 06:49:59] ┇ INFO    ┇    DeepKNLP.gner.trainer ┇ [training]   5%|▉                   |  166/3672 [0:01:58<0:41:40, 1.40Hz] | epoch=0.54, loss=0.058500
[02.01 06:50:00] ┇ INFO    ┇    DeepKNLP.gner.trainer ┇ [training]   5%|▉                   |  167/3672 [0:01:58<0:41:35, 1.40Hz] | epoch=0.55, loss=0.054000
[02.01 06:50:00] ┇ INFO    ┇    DeepKNLP.gner.trainer ┇ [training]   5%|▉                   |  168/3672 [0:01:59<0:41:38, 1.40Hz] | epoch=0.55, loss=0.045900
[02.01 06:50:01] ┇ INFO    ┇    DeepKNLP.gner.trainer ┇ [training]   5%|▉                   |  169/3672 [0:02:00<0:41:39, 1.40Hz] | epoch=0.55, loss=0.063800
[02.01 06:50:02] ┇ INFO    ┇    DeepKNLP.gner.trainer ┇ [training]   5%|▉                   |  170/3672 [0:02:01<0:41:41, 1.40Hz] | epoch=0.56, loss=0.048200
[02.01 06:50:02] ┇ INFO    ┇    DeepKNLP.gner.trainer ┇ [training]   5%|▉                   |  171/3672 [0:02:01<0:41:43, 1.40Hz] | epoch=0.56, loss=0.062100
[02.01 06:50:03] ┇ INFO    ┇    DeepKNLP.gner.trainer ┇ [training]   5%|▉                   |  172/3672 [0:02:02<0:41:42, 1.40Hz] | epoch=0.56, loss=0.070200
[02.01 06:50:04] ┇ INFO    ┇    DeepKNLP.gner.trainer ┇ [training]   5%|▉                   |  173/3672 [0:02:03<0:41:42, 1.40Hz] | epoch=0.56, loss=0.070100
[02.01 06:50:05] ┇ INFO    ┇    DeepKNLP.gner.trainer ┇ [training]   5%|▉                   |  174/3672 [0:02:03<0:41:40, 1.40Hz] | epoch=0.57, loss=0.050100
[02.01 06:50:05] ┇ INFO    ┇    DeepKNLP.gner.trainer ┇ [training]   5%|▉                   |  175/3672 [0:02:04<0:41:40, 1.40Hz] | epoch=0.57, loss=0.046300
[02.01 06:50:06] ┇ INFO    ┇    DeepKNLP.gner.trainer ┇ [training]   5%|▉                   |  176/3672 [0:02:05<0:41:40, 1.40Hz] | epoch=0.57, loss=0.059600
[02.01 06:50:07] ┇ INFO    ┇    DeepKNLP.gner.trainer ┇ [training]   5%|▉                   |  177/3672 [0:02:05<0:41:37, 1.40Hz] | epoch=0.58, loss=0.062700
[02.01 06:50:07] ┇ INFO    ┇    DeepKNLP.gner.trainer ┇ [training]   5%|▉                   |  178/3672 [0:02:06<0:41:37, 1.40Hz] | epoch=0.58, loss=0.064700
[02.01 06:50:08] ┇ INFO    ┇    DeepKNLP.gner.trainer ┇ [training]   5%|▉                   |  179/3672 [0:02:07<0:41:36, 1.40Hz] | epoch=0.58, loss=0.067000
[02.01 06:50:09] ┇ INFO    ┇    DeepKNLP.gner.trainer ┇ [training]   5%|▉                   |  180/3672 [0:02:08<0:41:38, 1.40Hz] | epoch=0.59, loss=0.055500
[02.01 06:50:09] ┇ INFO    ┇    DeepKNLP.gner.trainer ┇ [training]   5%|▉                   |  181/3672 [0:02:08<0:41:34, 1.40Hz] | epoch=0.59, loss=0.092400
[02.01 06:50:10] ┇ INFO    ┇    DeepKNLP.gner.trainer ┇ [training]   5%|▉                   |  182/3672 [0:02:09<0:41:35, 1.40Hz] | epoch=0.59, loss=0.070000
[02.01 06:50:11] ┇ INFO    ┇    DeepKNLP.gner.trainer ┇ [training]   5%|▉                   |  183/3672 [0:02:10<0:41:30, 1.40Hz] | epoch=0.60, loss=0.078100
[02.01 06:50:11] ┇ INFO    ┇    DeepKNLP.gner.trainer ┇ [training]   5%|█                   |  184/3672 [0:02:10<0:41:29, 1.40Hz] | epoch=0.60, loss=0.064300
[02.01 06:50:12] ┇ INFO    ┇    DeepKNLP.gner.trainer ┇ [training]   5%|█                   |  185/3672 [0:02:11<0:41:30, 1.40Hz] | epoch=0.60, loss=0.081900
[02.01 06:50:13] ┇ INFO    ┇    DeepKNLP.gner.trainer ┇ [training]   5%|█                   |  186/3672 [0:02:12<0:41:30, 1.40Hz] | epoch=0.61, loss=0.048600
[02.01 06:50:14] ┇ INFO    ┇    DeepKNLP.gner.trainer ┇ [training]   5%|█                   |  187/3672 [0:02:12<0:41:26, 1.40Hz] | epoch=0.61, loss=0.058800
[02.01 06:50:14] ┇ INFO    ┇    DeepKNLP.gner.trainer ┇ [training]   5%|█                   |  188/3672 [0:02:13<0:41:32, 1.40Hz] | epoch=0.61, loss=0.057900
[02.01 06:50:15] ┇ INFO    ┇    DeepKNLP.gner.trainer ┇ [training]   5%|█                   |  189/3672 [0:02:14<0:41:29, 1.40Hz] | epoch=0.62, loss=0.050000
[02.01 06:50:16] ┇ INFO    ┇    DeepKNLP.gner.trainer ┇ [training]   5%|█                   |  190/3672 [0:02:14<0:41:29, 1.40Hz] | epoch=0.62, loss=0.056000
[02.01 06:50:16] ┇ INFO    ┇    DeepKNLP.gner.trainer ┇ [training]   5%|█                   |  191/3672 [0:02:15<0:41:28, 1.40Hz] | epoch=0.62, loss=0.073100
[02.01 06:50:17] ┇ INFO    ┇    DeepKNLP.gner.trainer ┇ [training]   5%|█                   |  192/3672 [0:02:16<0:41:31, 1.40Hz] | epoch=0.63, loss=0.056500
[02.01 06:50:18] ┇ INFO    ┇    DeepKNLP.gner.trainer ┇ [training]   5%|█                   |  193/3672 [0:02:17<0:41:32, 1.40Hz] | epoch=0.63, loss=0.068100
[02.01 06:50:19] ┇ INFO    ┇    DeepKNLP.gner.trainer ┇ [training]   5%|█                   |  194/3672 [0:02:17<0:41:29, 1.40Hz] | epoch=0.63, loss=0.057700
[02.01 06:50:19] ┇ INFO    ┇    DeepKNLP.gner.trainer ┇ [training]   5%|█                   |  195/3672 [0:02:18<0:41:27, 1.40Hz] | epoch=0.64, loss=0.044600
[02.01 06:50:20] ┇ INFO    ┇    DeepKNLP.gner.trainer ┇ [training]   5%|█                   |  196/3672 [0:02:19<0:41:29, 1.40Hz] | epoch=0.64, loss=0.050600
[02.01 06:50:21] ┇ INFO    ┇    DeepKNLP.gner.trainer ┇ [training]   5%|█                   |  197/3672 [0:02:20<0:41:27, 1.40Hz] | epoch=0.64, loss=0.050800
[02.01 06:50:21] ┇ INFO    ┇    DeepKNLP.gner.trainer ┇ [training]   5%|█                   |  198/3672 [0:02:20<0:41:26, 1.40Hz] | epoch=0.65, loss=0.060500
[02.01 06:50:22] ┇ INFO    ┇    DeepKNLP.gner.trainer ┇ [training]   5%|█                   |  199/3672 [0:02:21<0:41:24, 1.40Hz] | epoch=0.65, loss=0.066700
[02.01 06:50:23] ┇ INFO    ┇    DeepKNLP.gner.trainer ┇ [training]   5%|█                   |  200/3672 [0:02:22<0:41:24, 1.40Hz] | epoch=0.65, loss=0.078300
[02.01 06:50:23] ┇ INFO    ┇    DeepKNLP.gner.trainer ┇ [training]   5%|█                   |  201/3672 [0:02:22<0:41:22, 1.40Hz] | epoch=0.66, loss=0.057900
[02.01 06:50:24] ┇ INFO    ┇    DeepKNLP.gner.trainer ┇ [training]   6%|█                   |  202/3672 [0:02:23<0:41:19, 1.40Hz] | epoch=0.66, loss=0.064300
[02.01 06:50:25] ┇ INFO    ┇    DeepKNLP.gner.trainer ┇ [training]   6%|█                   |  203/3672 [0:02:24<0:41:37, 1.39Hz] | epoch=0.66, loss=0.047200
[02.01 06:50:26] ┇ INFO    ┇    DeepKNLP.gner.trainer ┇ [training]   6%|█                   |  204/3672 [0:02:25<0:41:37, 1.39Hz] | epoch=0.67, loss=0.050900
[02.01 06:50:27] ┇ INFO    ┇    DeepKNLP.gner.trainer ┇ [training]   6%|█                   |  205/3672 [0:02:26<0:41:40, 1.39Hz] | epoch=0.67, loss=0.052300
[02.01 06:50:27] ┇ INFO    ┇    DeepKNLP.gner.trainer ┇ [training]   6%|█                   |  206/3672 [0:02:26<0:41:34, 1.39Hz] | epoch=0.67, loss=0.058400
[02.01 06:50:28] ┇ INFO    ┇    DeepKNLP.gner.trainer ┇ [training]   6%|█▏                  |  207/3672 [0:02:27<0:41:34, 1.39Hz] | epoch=0.68, loss=0.062100
[02.01 06:50:29] ┇ INFO    ┇    DeepKNLP.gner.trainer ┇ [training]   6%|█▏                  |  208/3672 [0:02:28<0:41:30, 1.39Hz] | epoch=0.68, loss=0.041800
[02.01 06:50:29] ┇ INFO    ┇    DeepKNLP.gner.trainer ┇ [training]   6%|█▏                  |  209/3672 [0:02:28<0:41:26, 1.39Hz] | epoch=0.68, loss=0.064400
[02.01 06:50:30] ┇ INFO    ┇    DeepKNLP.gner.trainer ┇ [training]   6%|█▏                  |  210/3672 [0:02:29<0:41:26, 1.39Hz] | epoch=0.69, loss=0.074200
[02.01 06:50:31] ┇ INFO    ┇    DeepKNLP.gner.trainer ┇ [training]   6%|█▏                  |  211/3672 [0:02:30<0:41:28, 1.39Hz] | epoch=0.69, loss=0.080200
[02.01 06:50:32] ┇ INFO    ┇    DeepKNLP.gner.trainer ┇ [training]   6%|█▏                  |  212/3672 [0:02:30<0:41:20, 1.40Hz] | epoch=0.69, loss=0.054200
[02.01 06:50:32] ┇ INFO    ┇    DeepKNLP.gner.trainer ┇ [training]   6%|█▏                  |  213/3672 [0:02:31<0:40:47, 1.41Hz] | epoch=0.70, loss=0.056300
[02.01 06:50:33] ┇ INFO    ┇    DeepKNLP.gner.trainer ┇ [training]   6%|█▏                  |  214/3672 [0:02:32<0:40:47, 1.41Hz] | epoch=0.70, loss=0.058200
[02.01 06:50:34] ┇ INFO    ┇    DeepKNLP.gner.trainer ┇ [training]   6%|█▏                  |  215/3672 [0:02:33<0:40:44, 1.41Hz] | epoch=0.70, loss=0.036600
[02.01 06:50:34] ┇ INFO    ┇    DeepKNLP.gner.trainer ┇ [training]   6%|█▏                  |  216/3672 [0:02:33<0:40:50, 1.41Hz] | epoch=0.71, loss=0.060800
[02.01 06:50:35] ┇ INFO    ┇    DeepKNLP.gner.trainer ┇ [training]   6%|█▏                  |  217/3672 [0:02:34<0:40:50, 1.41Hz] | epoch=0.71, loss=0.055600
[02.01 06:50:36] ┇ INFO    ┇    DeepKNLP.gner.trainer ┇ [training]   6%|█▏                  |  218/3672 [0:02:35<0:40:47, 1.41Hz] | epoch=0.71, loss=0.050600
[02.01 06:50:37] ┇ INFO    ┇    DeepKNLP.gner.trainer ┇ [training]   6%|█▏                  |  219/3672 [0:02:35<0:40:45, 1.41Hz] | epoch=0.72, loss=0.053500
[02.01 06:50:37] ┇ INFO    ┇    DeepKNLP.gner.trainer ┇ [training]   6%|█▏                  |  220/3672 [0:02:36<0:40:49, 1.41Hz] | epoch=0.72, loss=0.056600
[02.01 06:50:38] ┇ INFO    ┇    DeepKNLP.gner.trainer ┇ [training]   6%|█▏                  |  221/3672 [0:02:37<0:40:48, 1.41Hz] | epoch=0.72, loss=0.058000
[02.01 06:50:39] ┇ INFO    ┇    DeepKNLP.gner.trainer ┇ [training]   6%|█▏                  |  222/3672 [0:02:37<0:40:43, 1.41Hz] | epoch=0.72, loss=0.084300
[02.01 06:50:39] ┇ INFO    ┇    DeepKNLP.gner.trainer ┇ [training]   6%|█▏                  |  223/3672 [0:02:38<0:40:40, 1.41Hz] | epoch=0.73, loss=0.052200
[02.01 06:50:40] ┇ INFO    ┇    DeepKNLP.gner.trainer ┇ [training]   6%|█▏                  |  224/3672 [0:02:39<0:40:40, 1.41Hz] | epoch=0.73, loss=0.055400
[02.01 06:50:41] ┇ INFO    ┇    DeepKNLP.gner.trainer ┇ [training]   6%|█▏                  |  225/3672 [0:02:40<0:40:39, 1.41Hz] | epoch=0.73, loss=0.059700
[02.01 06:50:41] ┇ INFO    ┇    DeepKNLP.gner.trainer ┇ [training]   6%|█▏                  |  226/3672 [0:02:40<0:40:34, 1.42Hz] | epoch=0.74, loss=0.055600
[02.01 06:50:42] ┇ INFO    ┇    DeepKNLP.gner.trainer ┇ [training]   6%|█▏                  |  227/3672 [0:02:41<0:40:34, 1.42Hz] | epoch=0.74, loss=0.058900
[02.01 06:50:43] ┇ INFO    ┇    DeepKNLP.gner.trainer ┇ [training]   6%|█▏                  |  228/3672 [0:02:42<0:40:36, 1.41Hz] | epoch=0.74, loss=0.048700
[02.01 06:50:44] ┇ INFO    ┇    DeepKNLP.gner.trainer ┇ [training]   6%|█▏                  |  229/3672 [0:02:42<0:40:42, 1.41Hz] | epoch=0.75, loss=0.051900
[02.01 06:50:44] ┇ INFO    ┇    DeepKNLP.gner.trainer ┇ [training]   6%|█▎                  |  230/3672 [0:02:43<0:40:44, 1.41Hz] | epoch=0.75, loss=0.049800
[02.01 06:50:45] ┇ INFO    ┇    DeepKNLP.gner.trainer ┇ [training]   6%|█▎                  |  231/3672 [0:02:44<0:40:47, 1.41Hz] | epoch=0.76, loss=0.061400
[02.01 06:50:46] ┇ INFO    ┇    DeepKNLP.gner.trainer ┇ [training]   6%|█▎                  |  232/3672 [0:02:45<0:40:45, 1.41Hz] | epoch=0.76, loss=0.036500
[02.01 06:50:46] ┇ INFO    ┇    DeepKNLP.gner.trainer ┇ [training]   6%|█▎                  |  233/3672 [0:02:45<0:40:42, 1.41Hz] | epoch=0.76, loss=0.050200
[02.01 06:50:47] ┇ INFO    ┇    DeepKNLP.gner.trainer ┇ [training]   6%|█▎                  |  234/3672 [0:02:46<0:40:38, 1.41Hz] | epoch=0.77, loss=0.063800
[02.01 06:50:48] ┇ INFO    ┇    DeepKNLP.gner.trainer ┇ [training]   6%|█▎                  |  235/3672 [0:02:47<0:40:40, 1.41Hz] | epoch=0.77, loss=0.049000
[02.01 06:50:49] ┇ INFO    ┇    DeepKNLP.gner.trainer ┇ [training]   6%|█▎                  |  236/3672 [0:02:47<0:40:41, 1.41Hz] | epoch=0.77, loss=0.024500
[02.01 06:50:49] ┇ INFO    ┇    DeepKNLP.gner.trainer ┇ [training]   6%|█▎                  |  237/3672 [0:02:48<0:40:42, 1.41Hz] | epoch=0.78, loss=0.042500
[02.01 06:50:50] ┇ INFO    ┇    DeepKNLP.gner.trainer ┇ [training]   6%|█▎                  |  238/3672 [0:02:49<0:40:42, 1.41Hz] | epoch=0.78, loss=0.073600
[02.01 06:50:51] ┇ INFO    ┇    DeepKNLP.gner.trainer ┇ [training]   7%|█▎                  |  239/3672 [0:02:50<0:40:41, 1.41Hz] | epoch=0.78, loss=0.059600
[02.01 06:50:51] ┇ INFO    ┇    DeepKNLP.gner.trainer ┇ [training]   7%|█▎                  |  240/3672 [0:02:50<0:40:46, 1.40Hz] | epoch=0.78, loss=0.041100
[02.01 06:50:52] ┇ INFO    ┇    DeepKNLP.gner.trainer ┇ [training]   7%|█▎                  |  241/3672 [0:02:51<0:40:45, 1.40Hz] | epoch=0.79, loss=0.047000
[02.01 06:50:53] ┇ INFO    ┇    DeepKNLP.gner.trainer ┇ [training]   7%|█▎                  |  242/3672 [0:02:52<0:40:46, 1.40Hz] | epoch=0.79, loss=0.046000
[02.01 06:50:54] ┇ INFO    ┇    DeepKNLP.gner.trainer ┇ [training]   7%|█▎                  |  243/3672 [0:02:52<0:40:42, 1.40Hz] | epoch=0.79, loss=0.066900
[02.01 06:50:54] ┇ INFO    ┇    DeepKNLP.gner.trainer ┇ [training]   7%|█▎                  |  244/3672 [0:02:53<0:40:43, 1.40Hz] | epoch=0.80, loss=0.058900
[02.01 06:50:55] ┇ INFO    ┇    DeepKNLP.gner.trainer ┇ [training]   7%|█▎                  |  245/3672 [0:02:54<0:40:42, 1.40Hz] | epoch=0.80, loss=0.048600
[02.01 06:50:56] ┇ INFO    ┇    DeepKNLP.gner.trainer ┇ [training]   7%|█▎                  |  246/3672 [0:02:55<0:40:45, 1.40Hz] | epoch=0.80, loss=0.035400
[02.01 06:50:56] ┇ INFO    ┇    DeepKNLP.gner.trainer ┇ [training]   7%|█▎                  |  247/3672 [0:02:55<0:40:43, 1.40Hz] | epoch=0.81, loss=0.059200
[02.01 06:50:57] ┇ INFO    ┇    DeepKNLP.gner.trainer ┇ [training]   7%|█▎                  |  248/3672 [0:02:56<0:40:42, 1.40Hz] | epoch=0.81, loss=0.040200
[02.01 06:50:58] ┇ INFO    ┇    DeepKNLP.gner.trainer ┇ [training]   7%|█▎                  |  249/3672 [0:02:57<0:40:47, 1.40Hz] | epoch=0.81, loss=0.039700
[02.01 06:50:59] ┇ INFO    ┇    DeepKNLP.gner.trainer ┇ [training]   7%|█▎                  |  250/3672 [0:02:57<0:40:48, 1.40Hz] | epoch=0.82, loss=0.069600
[02.01 06:50:59] ┇ INFO    ┇    DeepKNLP.gner.trainer ┇ [training]   7%|█▎                  |  251/3672 [0:02:58<0:40:41, 1.40Hz] | epoch=0.82, loss=0.041800
[02.01 06:51:00] ┇ INFO    ┇    DeepKNLP.gner.trainer ┇ [training]   7%|█▎                  |  252/3672 [0:02:59<0:40:46, 1.40Hz] | epoch=0.82, loss=0.041500
[02.01 06:51:01] ┇ INFO    ┇    DeepKNLP.gner.trainer ┇ [training]   7%|█▍                  |  253/3672 [0:03:00<0:40:46, 1.40Hz] | epoch=0.83, loss=0.059600
[02.01 06:51:01] ┇ INFO    ┇    DeepKNLP.gner.trainer ┇ [training]   7%|█▍                  |  254/3672 [0:03:00<0:40:46, 1.40Hz] | epoch=0.83, loss=0.049400
[02.01 06:51:02] ┇ INFO    ┇    DeepKNLP.gner.trainer ┇ [training]   7%|█▍                  |  255/3672 [0:03:01<0:40:42, 1.40Hz] | epoch=0.83, loss=0.036100
[02.01 06:51:03] ┇ INFO    ┇    DeepKNLP.gner.trainer ┇ [training]   7%|█▍                  |  256/3672 [0:03:02<0:40:41, 1.40Hz] | epoch=0.84, loss=0.065500
[02.01 06:51:03] ┇ INFO    ┇    DeepKNLP.gner.trainer ┇ [training]   7%|█▍                  |  257/3672 [0:03:02<0:40:36, 1.40Hz] | epoch=0.84, loss=0.057000
[02.01 06:51:04] ┇ INFO    ┇    DeepKNLP.gner.trainer ┇ [training]   7%|█▍                  |  258/3672 [0:03:03<0:40:33, 1.40Hz] | epoch=0.84, loss=0.051200
[02.01 06:51:05] ┇ INFO    ┇    DeepKNLP.gner.trainer ┇ [training]   7%|█▍                  |  259/3672 [0:03:04<0:40:29, 1.40Hz] | epoch=0.85, loss=0.041100
[02.01 06:51:06] ┇ INFO    ┇    DeepKNLP.gner.trainer ┇ [training]   7%|█▍                  |  260/3672 [0:03:04<0:40:30, 1.40Hz] | epoch=0.85, loss=0.035400
[02.01 06:51:06] ┇ INFO    ┇    DeepKNLP.gner.trainer ┇ [training]   7%|█▍                  |  261/3672 [0:03:05<0:40:31, 1.40Hz] | epoch=0.85, loss=0.030300
[02.01 06:51:07] ┇ INFO    ┇    DeepKNLP.gner.trainer ┇ [training]   7%|█▍                  |  262/3672 [0:03:06<0:40:31, 1.40Hz] | epoch=0.86, loss=0.071200
[02.01 06:51:08] ┇ INFO    ┇    DeepKNLP.gner.trainer ┇ [training]   7%|█▍                  |  263/3672 [0:03:07<0:40:31, 1.40Hz] | epoch=0.86, loss=0.067600
[02.01 06:51:08] ┇ INFO    ┇    DeepKNLP.gner.trainer ┇ [training]   7%|█▍                  |  264/3672 [0:03:07<0:40:30, 1.40Hz] | epoch=0.86, loss=0.078500
[02.01 06:51:09] ┇ INFO    ┇    DeepKNLP.gner.trainer ┇ [training]   7%|█▍                  |  265/3672 [0:03:08<0:40:30, 1.40Hz] | epoch=0.87, loss=0.035000
[02.01 06:51:10] ┇ INFO    ┇    DeepKNLP.gner.trainer ┇ [training]   7%|█▍                  |  266/3672 [0:03:09<0:40:05, 1.42Hz] | epoch=0.87, loss=0.042600
[02.01 06:51:10] ┇ INFO    ┇    DeepKNLP.gner.trainer ┇ [training]   7%|█▍                  |  267/3672 [0:03:09<0:40:04, 1.42Hz] | epoch=0.87, loss=0.043600
[02.01 06:51:11] ┇ INFO    ┇    DeepKNLP.gner.trainer ┇ [training]   7%|█▍                  |  268/3672 [0:03:10<0:39:59, 1.42Hz] | epoch=0.88, loss=0.041600
[02.01 06:51:12] ┇ INFO    ┇    DeepKNLP.gner.trainer ┇ [training]   7%|█▍                  |  269/3672 [0:03:11<0:40:05, 1.41Hz] | epoch=0.88, loss=0.043500
[02.01 06:51:13] ┇ INFO    ┇    DeepKNLP.gner.trainer ┇ [training]   7%|█▍                  |  270/3672 [0:03:11<0:40:06, 1.41Hz] | epoch=0.88, loss=0.051600
[02.01 06:51:13] ┇ INFO    ┇    DeepKNLP.gner.trainer ┇ [training]   7%|█▍                  |  271/3672 [0:03:12<0:40:09, 1.41Hz] | epoch=0.89, loss=0.029700
[02.01 06:51:14] ┇ INFO    ┇    DeepKNLP.gner.trainer ┇ [training]   7%|█▍                  |  272/3672 [0:03:13<0:40:10, 1.41Hz] | epoch=0.89, loss=0.041200
[02.01 06:51:15] ┇ INFO    ┇    DeepKNLP.gner.trainer ┇ [training]   7%|█▍                  |  273/3672 [0:03:14<0:40:10, 1.41Hz] | epoch=0.89, loss=0.027100
[02.01 06:51:16] ┇ INFO    ┇    DeepKNLP.gner.trainer ┇ [training]   7%|█▍                  |  274/3672 [0:03:14<0:40:04, 1.41Hz] | epoch=0.90, loss=0.044800
[02.01 06:51:16] ┇ INFO    ┇    DeepKNLP.gner.trainer ┇ [training]   7%|█▍                  |  275/3672 [0:03:15<0:40:05, 1.41Hz] | epoch=0.90, loss=0.032600
[02.01 06:51:17] ┇ INFO    ┇    DeepKNLP.gner.trainer ┇ [training]   8%|█▌                  |  276/3672 [0:03:16<0:40:05, 1.41Hz] | epoch=0.90, loss=0.044500
[02.01 06:51:18] ┇ INFO    ┇    DeepKNLP.gner.trainer ┇ [training]   8%|█▌                  |  277/3672 [0:03:16<0:40:07, 1.41Hz] | epoch=0.91, loss=0.042500
[02.01 06:51:18] ┇ INFO    ┇    DeepKNLP.gner.trainer ┇ [training]   8%|█▌                  |  278/3672 [0:03:17<0:40:06, 1.41Hz] | epoch=0.91, loss=0.040100
[02.01 06:51:19] ┇ INFO    ┇    DeepKNLP.gner.trainer ┇ [training]   8%|█▌                  |  279/3672 [0:03:18<0:40:03, 1.41Hz] | epoch=0.91, loss=0.072800
[02.01 06:51:20] ┇ INFO    ┇    DeepKNLP.gner.trainer ┇ [training]   8%|█▌                  |  280/3672 [0:03:19<0:40:01, 1.41Hz] | epoch=0.92, loss=0.053700
[02.01 06:51:20] ┇ INFO    ┇    DeepKNLP.gner.trainer ┇ [training]   8%|█▌                  |  281/3672 [0:03:19<0:40:00, 1.41Hz] | epoch=0.92, loss=0.046300
[02.01 06:51:21] ┇ INFO    ┇    DeepKNLP.gner.trainer ┇ [training]   8%|█▌                  |  282/3672 [0:03:20<0:40:02, 1.41Hz] | epoch=0.92, loss=0.039600
[02.01 06:51:22] ┇ INFO    ┇    DeepKNLP.gner.trainer ┇ [training]   8%|█▌                  |  283/3672 [0:03:21<0:40:01, 1.41Hz] | epoch=0.93, loss=0.042900
[02.01 06:51:23] ┇ INFO    ┇    DeepKNLP.gner.trainer ┇ [training]   8%|█▌                  |  284/3672 [0:03:21<0:40:00, 1.41Hz] | epoch=0.93, loss=0.039900
[02.01 06:51:23] ┇ INFO    ┇    DeepKNLP.gner.trainer ┇ [training]   8%|█▌                  |  285/3672 [0:03:22<0:40:01, 1.41Hz] | epoch=0.93, loss=0.034200
[02.01 06:51:24] ┇ INFO    ┇    DeepKNLP.gner.trainer ┇ [training]   8%|█▌                  |  286/3672 [0:03:23<0:40:01, 1.41Hz] | epoch=0.94, loss=0.044200
[02.01 06:51:25] ┇ INFO    ┇    DeepKNLP.gner.trainer ┇ [training]   8%|█▌                  |  287/3672 [0:03:24<0:39:57, 1.41Hz] | epoch=0.94, loss=0.038100
[02.01 06:51:25] ┇ INFO    ┇    DeepKNLP.gner.trainer ┇ [training]   8%|█▌                  |  288/3672 [0:03:24<0:39:57, 1.41Hz] | epoch=0.94, loss=0.051800
[02.01 06:51:26] ┇ INFO    ┇    DeepKNLP.gner.trainer ┇ [training]   8%|█▌                  |  289/3672 [0:03:25<0:39:56, 1.41Hz] | epoch=0.94, loss=0.045000
[02.01 06:51:27] ┇ INFO    ┇    DeepKNLP.gner.trainer ┇ [training]   8%|█▌                  |  290/3672 [0:03:26<0:39:59, 1.41Hz] | epoch=0.95, loss=0.032500
[02.01 06:51:27] ┇ INFO    ┇    DeepKNLP.gner.trainer ┇ [training]   8%|█▌                  |  291/3672 [0:03:26<0:39:55, 1.41Hz] | epoch=0.95, loss=0.063800
[02.01 06:51:28] ┇ INFO    ┇    DeepKNLP.gner.trainer ┇ [training]   8%|█▌                  |  292/3672 [0:03:27<0:39:48, 1.42Hz] | epoch=0.95, loss=0.043900
[02.01 06:51:29] ┇ INFO    ┇    DeepKNLP.gner.trainer ┇ [training]   8%|█▌                  |  293/3672 [0:03:28<0:39:46, 1.42Hz] | epoch=0.96, loss=0.036700
[02.01 06:51:29] ┇ INFO    ┇    DeepKNLP.gner.trainer ┇ [training]   8%|█▌                  |  294/3672 [0:03:28<0:39:40, 1.42Hz] | epoch=0.96, loss=0.038700
[02.01 06:51:30] ┇ INFO    ┇    DeepKNLP.gner.trainer ┇ [training]   8%|█▌                  |  295/3672 [0:03:29<0:39:37, 1.42Hz] | epoch=0.96, loss=0.070400
[02.01 06:51:31] ┇ INFO    ┇    DeepKNLP.gner.trainer ┇ [training]   8%|█▌                  |  296/3672 [0:03:30<0:39:39, 1.42Hz] | epoch=0.97, loss=0.043800
[02.01 06:51:32] ┇ INFO    ┇    DeepKNLP.gner.trainer ┇ [training]   8%|█▌                  |  297/3672 [0:03:30<0:39:37, 1.42Hz] | epoch=0.97, loss=0.047400
[02.01 06:51:32] ┇ INFO    ┇    DeepKNLP.gner.trainer ┇ [training]   8%|█▌                  |  298/3672 [0:03:31<0:39:35, 1.42Hz] | epoch=0.97, loss=0.048500
[02.01 06:51:33] ┇ INFO    ┇    DeepKNLP.gner.trainer ┇ [training]   8%|█▋                  |  299/3672 [0:03:32<0:39:32, 1.42Hz] | epoch=0.98, loss=0.049500
[02.01 06:51:34] ┇ INFO    ┇    DeepKNLP.gner.trainer ┇ [training]   8%|█▋                  |  300/3672 [0:03:32<0:39:29, 1.42Hz] | epoch=0.98, loss=0.055600
[02.01 06:51:34] ┇ INFO    ┇    DeepKNLP.gner.trainer ┇ [training]   8%|█▋                  |  301/3672 [0:03:33<0:39:26, 1.42Hz] | epoch=0.98, loss=0.033800
[02.01 06:51:35] ┇ INFO    ┇    DeepKNLP.gner.trainer ┇ [training]   8%|█▋                  |  302/3672 [0:03:34<0:39:25, 1.42Hz] | epoch=0.99, loss=0.056000
[02.01 06:51:36] ┇ INFO    ┇    DeepKNLP.gner.trainer ┇ [training]   8%|█▋                  |  303/3672 [0:03:34<0:39:23, 1.43Hz] | epoch=0.99, loss=0.069000
[02.01 06:51:36] ┇ INFO    ┇    DeepKNLP.gner.trainer ┇ [training]   8%|█▋                  |  304/3672 [0:03:35<0:39:22, 1.43Hz] | epoch=0.99, loss=0.056300
[02.01 06:51:37] ┇ INFO    ┇    DeepKNLP.gner.trainer ┇ [training]   8%|█▋                  |  305/3672 [0:03:36<0:39:23, 1.42Hz] | epoch=1.00, loss=0.034500
[02.01 06:51:38] ┇ INFO    ┇    DeepKNLP.gner.trainer ┇ [training]   8%|█▋                  |  306/3672 [0:03:37<0:39:24, 1.42Hz] | epoch=1.00, loss=0.041400
[02.01 06:51:38] ┇ WARNING ┇ transformers.cache_utils ┇ The `seen_tokens` attribute is deprecated and will be removed in v4.41. Use the `cache_position` model input instead.
[02.01 06:51:38] ┇ INFO    ┇           chrisbase.data ┇ =========================================================================================================================================
[02.01 06:51:38] ┇ INFO    ┇           chrisbase.data ┇ [EXIT] python task2-nerG-trainer.py --local_rank=0 data/gner/each/mit-movie-train.jsonl --eval_file data/gner/each-sampled/mit-movie-dev=100.jsonl --pretrained microsoft/Phi-3.5-mini-instruct --run_version Phi-3.5-mini-Baseline --eval_epochs 0.5 --num_train_epochs 12 --per_device_train_batch_size 8 --logging_file train-loggings-mit-movie-12ep.out --output_file train-metrics-mit-movie-12ep.csv --trainer_deepspeed configs/deepspeed/ds2_llama.json ($=00:04:36.752)
[02.01 06:51:38] ┇ INFO    ┇           chrisbase.data ┇ =========================================================================================================================================
