[10.16 18:32:30] ┇ INFO     ┇ lightning.fabric.utilities.seed ┇ [rank: 0] Seed set to 7
[10.16 18:32:30] ┇ INFO     ┇       chrisbase.data ┇ =========================================================================================================================================
[10.16 18:32:30] ┇ INFO     ┇       chrisbase.data ┇ [INIT] python /home/chrisjihee/proj/DeepKNLP-24.10/2-ner.py train --device 0
[10.16 18:32:30] ┇ INFO     ┇       chrisbase.data ┇ =========================================================================================================================================
[10.16 18:32:30] ┇ INFO     ┇       chrisbase.data ┇ -----+---------------------------------+-------------------------------------------------------------------------------------------------------------------------------------------
[10.16 18:32:30] ┇ INFO     ┇       chrisbase.data ┇    # | TrainerArguments                | value
[10.16 18:32:30] ┇ INFO     ┇       chrisbase.data ┇ -----+---------------------------------+-------------------------------------------------------------------------------------------------------------------------------------------
[10.16 18:32:30] ┇ INFO     ┇       chrisbase.data ┇    1 | tag                             | train
[10.16 18:32:30] ┇ INFO     ┇       chrisbase.data ┇    2 | env.project                     | DeepKNLP
[10.16 18:32:30] ┇ INFO     ┇       chrisbase.data ┇    3 | env.job_name                    | kpfbert
[10.16 18:32:30] ┇ INFO     ┇       chrisbase.data ┇    4 | env.job_version                 | 0
[10.16 18:32:30] ┇ INFO     ┇       chrisbase.data ┇    5 | env.hostname                    | ptlm3
[10.16 18:32:30] ┇ INFO     ┇       chrisbase.data ┇    6 | env.hostaddr                    | 129.254.121.74
[10.16 18:32:30] ┇ INFO     ┇       chrisbase.data ┇    7 | env.time_stamp                  | 1016.183226
[10.16 18:32:30] ┇ INFO     ┇       chrisbase.data ┇    8 | env.python_path                 | /home/chrisjihee/miniforge3/envs/DeepKNLP/bin/python
[10.16 18:32:30] ┇ INFO     ┇       chrisbase.data ┇    9 | env.current_dir                 | /home/chrisjihee/proj/DeepKNLP-24.10
[10.16 18:32:30] ┇ INFO     ┇       chrisbase.data ┇   10 | env.current_file                | /home/chrisjihee/proj/DeepKNLP-24.10/2-ner.py
[10.16 18:32:30] ┇ INFO     ┇       chrisbase.data ┇   11 | env.working_dir                 | /home/chrisjihee/proj/DeepKNLP-24.10
[10.16 18:32:30] ┇ INFO     ┇       chrisbase.data ┇   12 | env.command_args                | ['train', '--device', '0']
[10.16 18:32:30] ┇ INFO     ┇       chrisbase.data ┇   13 | env.num_ip_addrs                | 1
[10.16 18:32:30] ┇ INFO     ┇       chrisbase.data ┇   14 | env.max_workers                 | 1
[10.16 18:32:30] ┇ INFO     ┇       chrisbase.data ┇   15 | env.calling_sec                 | 0.001
[10.16 18:32:30] ┇ INFO     ┇       chrisbase.data ┇   16 | env.waiting_sec                 | 300.0
[10.16 18:32:30] ┇ INFO     ┇       chrisbase.data ┇   17 | env.debugging                   | False
[10.16 18:32:30] ┇ INFO     ┇       chrisbase.data ┇   18 | env.logging_home                | finetuning/klue-ner/train=kpfbert=ptlm3/version_0
[10.16 18:32:30] ┇ INFO     ┇       chrisbase.data ┇   19 | env.logging_file                | logging.out
[10.16 18:32:30] ┇ INFO     ┇       chrisbase.data ┇   20 | env.argument_file               | arguments.json
[10.16 18:32:30] ┇ INFO     ┇       chrisbase.data ┇   21 | env.date_format                 | [%m.%d %H:%M:%S]
[10.16 18:32:30] ┇ INFO     ┇       chrisbase.data ┇   22 | env.message_level               | 20
[10.16 18:32:30] ┇ INFO     ┇       chrisbase.data ┇   23 | env.message_format              | %(asctime)s ┇ %(levelname)-8s ┇ %(name)20s ┇ %(message)s
[10.16 18:32:30] ┇ INFO     ┇       chrisbase.data ┇   24 | time.started                    | [10.16 18:32:30]
[10.16 18:32:30] ┇ INFO     ┇       chrisbase.data ┇   25 | time.settled                    |
[10.16 18:32:30] ┇ INFO     ┇       chrisbase.data ┇   26 | time.elapsed                    |
[10.16 18:32:30] ┇ INFO     ┇       chrisbase.data ┇   27 | prog.tb_logger                  | <lightning.fabric.loggers.tensorboard.TensorBoardLogger object at 0x7fd7e010d450>
[10.16 18:32:30] ┇ INFO     ┇       chrisbase.data ┇   28 | prog.csv_logger                 | <lightning.fabric.loggers.csv_logs.CSVLogger object at 0x7fd7e00f9810>
[10.16 18:32:30] ┇ INFO     ┇       chrisbase.data ┇   29 | prog.world_size                 | 1
[10.16 18:32:30] ┇ INFO     ┇       chrisbase.data ┇   30 | prog.local_rank                 | 0
[10.16 18:32:30] ┇ INFO     ┇       chrisbase.data ┇   31 | prog.global_rank                | 0
[10.16 18:32:30] ┇ INFO     ┇       chrisbase.data ┇   32 | prog.global_step                | 0
[10.16 18:32:30] ┇ INFO     ┇       chrisbase.data ┇   33 | prog.global_epoch               | 0.0
[10.16 18:32:30] ┇ INFO     ┇       chrisbase.data ┇   34 | data.name                       | klue-ner
[10.16 18:32:30] ┇ INFO     ┇       chrisbase.data ┇   35 | data.home                       | /home/chrisjihee/proj/DeepKNLP-24.10/data
[10.16 18:32:30] ┇ INFO     ┇       chrisbase.data ┇   36 | data.files                      | {'train': 'train.jsonl', 'valid': 'valid.jsonl', 'test': 'valid.jsonl'}
[10.16 18:32:30] ┇ INFO     ┇       chrisbase.data ┇   37 | data.caching                    | False
[10.16 18:32:30] ┇ INFO     ┇       chrisbase.data ┇   38 | data.redownload                 | False
[10.16 18:32:30] ┇ INFO     ┇       chrisbase.data ┇   39 | data.num_check                  | 2
[10.16 18:32:30] ┇ INFO     ┇       chrisbase.data ┇   40 | model.pretrained                | jinmang2/kpfbert
[10.16 18:32:30] ┇ INFO     ┇       chrisbase.data ┇   41 | model.finetuning                | /home/chrisjihee/proj/DeepKNLP-24.10/finetuning
[10.16 18:32:30] ┇ INFO     ┇       chrisbase.data ┇   42 | model.name                      |
[10.16 18:32:30] ┇ INFO     ┇       chrisbase.data ┇   43 | model.seq_len                   | 64
[10.16 18:32:30] ┇ INFO     ┇       chrisbase.data ┇   44 | hardware.cpu_workers            | 10
[10.16 18:32:30] ┇ INFO     ┇       chrisbase.data ┇   45 | hardware.train_batch            | 50
[10.16 18:32:30] ┇ INFO     ┇       chrisbase.data ┇   46 | hardware.infer_batch            | 50
[10.16 18:32:30] ┇ INFO     ┇       chrisbase.data ┇   47 | hardware.accelerator            | cuda
[10.16 18:32:30] ┇ INFO     ┇       chrisbase.data ┇   48 | hardware.precision              | 16-mixed
[10.16 18:32:30] ┇ INFO     ┇       chrisbase.data ┇   49 | hardware.strategy               | ddp
[10.16 18:32:30] ┇ INFO     ┇       chrisbase.data ┇   50 | hardware.devices                | [0]
[10.16 18:32:30] ┇ INFO     ┇       chrisbase.data ┇   51 | printing.print_rate_on_training | 0.05
[10.16 18:32:30] ┇ INFO     ┇       chrisbase.data ┇   52 | printing.print_rate_on_validate | 0.5
[10.16 18:32:30] ┇ INFO     ┇       chrisbase.data ┇   53 | printing.print_rate_on_evaluate | 0.5
[10.16 18:32:30] ┇ INFO     ┇       chrisbase.data ┇   54 | printing.print_step_on_training | -1
[10.16 18:32:30] ┇ INFO     ┇       chrisbase.data ┇   55 | printing.print_step_on_validate | -1
[10.16 18:32:30] ┇ INFO     ┇       chrisbase.data ┇   56 | printing.print_step_on_evaluate | -1
[10.16 18:32:30] ┇ INFO     ┇       chrisbase.data ┇   57 | printing.tag_format_on_training | st={step:d}, ep={epoch:.2f}, loss={loss:06.4f}, acc={acc:06.4f}
[10.16 18:32:30] ┇ INFO     ┇       chrisbase.data ┇   58 | printing.tag_format_on_validate | st={step:d}, ep={epoch:.2f}, val_loss={val_loss:06.4f}, val_acc={val_acc:06.4f}, val_F1c={val_F1c:05.2f}, val_F1e={val_F1e:05.2f}
[10.16 18:32:30] ┇ INFO     ┇       chrisbase.data ┇   59 | printing.tag_format_on_evaluate | st={step:d}, ep={epoch:.2f}, test_loss={test_loss:06.4f}, test_acc={test_acc:06.4f}, test_F1c={test_F1c:05.2f}, test_F1e={test_F1e:05.2f}
[10.16 18:32:30] ┇ INFO     ┇       chrisbase.data ┇   60 | learning.random_seed            | 7
[10.16 18:32:30] ┇ INFO     ┇       chrisbase.data ┇   61 | learning.optimizer_cls          | AdamW
[10.16 18:32:30] ┇ INFO     ┇       chrisbase.data ┇   62 | learning.learning_rate          | 5e-05
[10.16 18:32:30] ┇ INFO     ┇       chrisbase.data ┇   63 | learning.saving_mode            | max val_F1c
[10.16 18:32:30] ┇ INFO     ┇       chrisbase.data ┇   64 | learning.num_saving             | 1
[10.16 18:32:30] ┇ INFO     ┇       chrisbase.data ┇   65 | learning.num_epochs             | 1
[10.16 18:32:30] ┇ INFO     ┇       chrisbase.data ┇   66 | learning.log_text               | False
[10.16 18:32:30] ┇ INFO     ┇       chrisbase.data ┇   67 | learning.check_rate_on_training | 0.2
[10.16 18:32:30] ┇ INFO     ┇       chrisbase.data ┇   68 | learning.name_format_on_saving  | ep={epoch:.1f}, loss={val_loss:06.4f}, acc={val_acc:06.4f}, F1c={val_F1c:05.2f}, F1e={val_F1e:05.2f}
[10.16 18:32:30] ┇ INFO     ┇       chrisbase.data ┇ -----+---------------------------------+-------------------------------------------------------------------------------------------------------------------------------------------
[10.16 18:32:30] ┇ INFO     ┇         DeepKNLP.ner ┇ Extracting labels from /home/chrisjihee/proj/DeepKNLP-24.10/data/klue-ner/valid.jsonl
[10.16 18:32:37] ┇ INFO     ┇         DeepKNLP.ner ┇ Saved 13 labels to /home/chrisjihee/proj/DeepKNLP-24.10/finetuning/klue-ner/train=kpfbert=ptlm3/label_map=klue-ner.txt
[10.16 18:32:39] ┇ INFO     ┇             __main__ ┇ === [after-model] =======================================================================================================================
[10.16 18:32:39] ┇ INFO     ┇         DeepKNLP.ner ┇ Creating features from /home/chrisjihee/proj/DeepKNLP-24.10/data/klue-ner/train.jsonl
[10.16 18:33:05] ┇ INFO     ┇         DeepKNLP.ner ┇ Loaded 20999 examples from /home/chrisjihee/proj/DeepKNLP-24.10/data/klue-ner/train.jsonl
[10.16 18:33:12] ┇ INFO     ┇         DeepKNLP.ner ┇ =========================================================================================================================================
[10.16 18:33:12] ┇ INFO     ┇         DeepKNLP.ner ┇   === [Example 0] ===
[10.16 18:33:12] ┇ INFO     ┇         DeepKNLP.ner ┇   = sentence   : 특히 영동고속도로 강릉 방향 문막휴게소에서 만종분기점까지 5km 구간에는 승용차 전용 임시 갓길차로제를 운영하기로 했다.
[10.16 18:33:12] ┇ INFO     ┇         DeepKNLP.ner ┇   = characters : 특/O | 히/O |  /O | 영/B-LC | 동/I-LC | 고/I-LC | 속/I-LC | 도/I-LC | 로/I-LC |  /O | 강/B-LC | 릉/I-LC |  /O | 방/O | 향/O |  /O | 문/B-LC | 막/I-LC | 휴/I-LC | 게/I-LC | 소/I-LC | 에/O | 서/O |  /O | 만/B-LC | 종/I-LC | 분/I-LC | 기/I-LC | 점/I-LC | 까/O | 지/O |  /O | 5/B-QT | k/I-QT | m/I-QT |  /O | 구/O | 간/O | 에/O | 는/O |  /O | 승/O | 용/O | 차/O |  /O | 전/O | 용/O |  /O | 임/O | 시/O |  /O | 갓/O | 길/O | 차/O | 로/O | 제/O | 를/O |  /O | 운/O | 영/O | 하/O | 기/O | 로/O |  /O | 했/O | 다/O | ./O
[10.16 18:33:12] ┇ INFO     ┇         DeepKNLP.ner ┇   = tokens     : [CLS] 특히 영동고속도로 강릉 방향 문 ##막 ##휴 ##게 ##소 ##에서 만 ##종 ##분 ##기 ##점 ##까 ##지 5 ##k ##m 구간 ##에 ##는 승용차 전용 임시 갓 ##길 ##차 ##로 ##제 ##를 운영 ##하 ##기 ##로 했 ##다 . [SEP] [PAD] [PAD] [PAD] [PAD] [PAD] [PAD] [PAD] [PAD] [PAD] [PAD] [PAD] [PAD] [PAD] [PAD] [PAD] [PAD] [PAD] [PAD] [PAD] [PAD] [PAD] [PAD] [PAD]
[10.16 18:33:12] ┇ INFO     ┇         DeepKNLP.ner ┇   = labels     : O O B-LC B-LC O B-LC I-LC I-LC I-LC I-LC O B-LC I-LC I-LC I-LC I-LC O O B-QT I-QT I-QT O O O O O O O O O O O O O O O O O O O O O O O O O O O O O O O O O O O O O O O O O O O
[10.16 18:33:12] ┇ INFO     ┇         DeepKNLP.ner ┇   === 
[10.16 18:33:12] ┇ INFO     ┇         DeepKNLP.ner ┇   === [Example 1] ===
[10.16 18:33:12] ┇ INFO     ┇         DeepKNLP.ner ┇   = sentence   : 한군데서 필름을 너무 낭비한 작품입니다.
[10.16 18:33:12] ┇ INFO     ┇         DeepKNLP.ner ┇   = characters : 한/B-QT | 군/I-QT | 데/I-QT | 서/O |  /O | 필/O | 름/O | 을/O |  /O | 너/O | 무/O |  /O | 낭/O | 비/O | 한/O |  /O | 작/O | 품/O | 입/O | 니/O | 다/O | ./O
[10.16 18:33:12] ┇ INFO     ┇         DeepKNLP.ner ┇   = tokens     : [CLS] 한 ##군데 ##서 필름 ##을 너무 낭비 ##한 작품 ##입니다 . [SEP] [PAD] [PAD] [PAD] [PAD] [PAD] [PAD] [PAD] [PAD] [PAD] [PAD] [PAD] [PAD] [PAD] [PAD] [PAD] [PAD] [PAD] [PAD] [PAD] [PAD] [PAD] [PAD] [PAD] [PAD] [PAD] [PAD] [PAD] [PAD] [PAD] [PAD] [PAD] [PAD] [PAD] [PAD] [PAD] [PAD] [PAD] [PAD] [PAD] [PAD] [PAD] [PAD] [PAD] [PAD] [PAD] [PAD] [PAD] [PAD] [PAD] [PAD] [PAD]
[10.16 18:33:12] ┇ INFO     ┇         DeepKNLP.ner ┇   = labels     : O B-QT I-QT O O O O O O O O O O O O O O O O O O O O O O O O O O O O O O O O O O O O O O O O O O O O O O O O O O O O O O O O O O O O O
[10.16 18:33:12] ┇ INFO     ┇         DeepKNLP.ner ┇   === 
[10.16 18:33:12] ┇ INFO     ┇         DeepKNLP.ner ┇ Converted 20999 raw examples to 20999 encoded examples
[10.16 18:33:12] ┇ INFO     ┇             __main__ ┇ Created train_dataset providing 20999 examples
[10.16 18:33:12] ┇ INFO     ┇             __main__ ┇ Created train_dataloader providing 420 batches
[10.16 18:33:12] ┇ INFO     ┇             __main__ ┇ === [after-train_dataloader] ============================================================================================================
[10.16 18:33:12] ┇ INFO     ┇         DeepKNLP.ner ┇ Creating features from /home/chrisjihee/proj/DeepKNLP-24.10/data/klue-ner/valid.jsonl
[10.16 18:33:19] ┇ INFO     ┇         DeepKNLP.ner ┇ Loaded 4996 examples from /home/chrisjihee/proj/DeepKNLP-24.10/data/klue-ner/valid.jsonl
[10.16 18:33:21] ┇ INFO     ┇         DeepKNLP.ner ┇ =========================================================================================================================================
[10.16 18:33:21] ┇ INFO     ┇         DeepKNLP.ner ┇   === [Example 0] ===
[10.16 18:33:21] ┇ INFO     ┇         DeepKNLP.ner ┇   = sentence   : 경찰은 또 성매매 알선 자금을 관리한 박씨의 딸(32)과 성매매 여성 김모(33)씨 등 16명을 같은 혐의로 불구속 입건했다.
[10.16 18:33:21] ┇ INFO     ┇         DeepKNLP.ner ┇   = characters : 경/B-OG | 찰/I-OG | 은/O |  /O | 또/O |  /O | 성/O | 매/O | 매/O |  /O | 알/O | 선/O |  /O | 자/O | 금/O | 을/O |  /O | 관/O | 리/O | 한/O |  /O | 박/B-PS | 씨/O | 의/O |  /O | 딸/O | (/O | 3/B-QT | 2/I-QT | )/O | 과/O |  /O | 성/O | 매/O | 매/O |  /O | 여/O | 성/O |  /O | 김/B-PS | 모/O | (/O | 3/B-QT | 3/I-QT | )/O | 씨/O |  /O | 등/O |  /O | 1/B-QT | 6/I-QT | 명/I-QT | 을/O |  /O | 같/O | 은/O |  /O | 혐/O | 의/O | 로/O |  /O | 불/O | 구/O | 속/O |  /O | 입/O | 건/O | 했/O | 다/O | ./O
[10.16 18:33:21] ┇ INFO     ┇         DeepKNLP.ner ┇   = tokens     : [CLS] 경찰 ##은 또 성매매 알선 자금 ##을 관리 ##한 박 ##씨 ##의 딸 ( 32 ) 과 성매매 여성 김 ##모 ( 33 ) 씨 등 16 ##명 ##을 같 ##은 혐의 ##로 불구 ##속 입건 ##했 ##다 . [SEP] [PAD] [PAD] [PAD] [PAD] [PAD] [PAD] [PAD] [PAD] [PAD] [PAD] [PAD] [PAD] [PAD] [PAD] [PAD] [PAD] [PAD] [PAD] [PAD] [PAD] [PAD] [PAD] [PAD]
[10.16 18:33:21] ┇ INFO     ┇         DeepKNLP.ner ┇   = labels     : O B-OG O O O O O O O O B-PS O O O O B-QT O O O O B-PS O O B-QT O O O B-QT I-QT O O O O O O O O O O O O O O O O O O O O O O O O O O O O O O O O O O O
[10.16 18:33:21] ┇ INFO     ┇         DeepKNLP.ner ┇   === 
[10.16 18:33:21] ┇ INFO     ┇         DeepKNLP.ner ┇   === [Example 1] ===
[10.16 18:33:21] ┇ INFO     ┇         DeepKNLP.ner ┇   = sentence   : B 씨는 사법시험 합격증이 위조된 것인지 알 수 없었고, 아들이 좋은 대학에 들어갈 수 있기만을 바라던터라 A 씨를 더 의심하지 않았다.
[10.16 18:33:21] ┇ INFO     ┇         DeepKNLP.ner ┇   = characters : B/B-PS |  /O | 씨/O | 는/O |  /O | 사/O | 법/O | 시/O | 험/O |  /O | 합/O | 격/O | 증/O | 이/O |  /O | 위/O | 조/O | 된/O |  /O | 것/O | 인/O | 지/O |  /O | 알/O |  /O | 수/O |  /O | 없/O | 었/O | 고/O | ,/O |  /O | 아/O | 들/O | 이/O |  /O | 좋/O | 은/O |  /O | 대/O | 학/O | 에/O |  /O | 들/O | 어/O | 갈/O |  /O | 수/O |  /O | 있/O | 기/O | 만/O | 을/O |  /O | 바/O | 라/O | 던/O | 터/O | 라/O |  /O | A/B-PS |  /O | 씨/O | 를/O |  /O | 더/O |  /O | 의/O | 심/O | 하/O | 지/O |  /O | 않/O | 았/O | 다/O | ./O
[10.16 18:33:21] ┇ INFO     ┇         DeepKNLP.ner ┇   = tokens     : [CLS] B 씨 ##는 사법 ##시험 합격 ##증 ##이 위조 ##된 것 ##인지 알 수 없 ##었 ##고 , 아들 ##이 좋 ##은 대학 ##에 들어갈 수 있 ##기 ##만 ##을 바라 ##던 ##터 ##라 A 씨 ##를 더 의심 ##하 ##지 않 ##았 ##다 . [SEP] [PAD] [PAD] [PAD] [PAD] [PAD] [PAD] [PAD] [PAD] [PAD] [PAD] [PAD] [PAD] [PAD] [PAD] [PAD] [PAD] [PAD]
[10.16 18:33:21] ┇ INFO     ┇         DeepKNLP.ner ┇   = labels     : O B-PS O O O O O O O O O O O O O O O O O O O O O O O O O O O O O O O O O B-PS O O O O O O O O O O O O O O O O O O O O O O O O O O O O
[10.16 18:33:21] ┇ INFO     ┇         DeepKNLP.ner ┇   === 
[10.16 18:33:21] ┇ INFO     ┇         DeepKNLP.ner ┇ Converted 4996 raw examples to 4996 encoded examples
[10.16 18:33:21] ┇ INFO     ┇             __main__ ┇ Created val_dataset providing 4996 examples
[10.16 18:33:21] ┇ INFO     ┇             __main__ ┇ Created val_dataloader providing 100 batches
[10.16 18:33:21] ┇ INFO     ┇             __main__ ┇ === [after-val_dataloader] ==============================================================================================================
[10.16 18:33:24] ┇ INFO     ┇             __main__ ┇ (Ep 0.05) training:   5%|█▌                            | 21/420 [00:02<00:26, 14.83x50b/s] | st=21, ep=0.05, loss=0.3802, acc=0.0000
[10.16 18:33:25] ┇ INFO     ┇             __main__ ┇ (Ep 0.10) training:  10%|███                           | 42/420 [00:04<00:22, 16.76x50b/s] | st=42, ep=0.10, loss=0.2086, acc=0.3227
[10.16 18:33:26] ┇ INFO     ┇             __main__ ┇ (Ep 0.15) training:  15%|████▌                         | 63/420 [00:05<00:21, 16.70x50b/s] | st=63, ep=0.15, loss=0.0862, acc=0.7812
[10.16 18:33:28] ┇ INFO     ┇             __main__ ┇ (Ep 0.20) training:  20%|██████                        | 84/420 [00:06<00:20, 16.55x50b/s] | st=84, ep=0.20, loss=0.0502, acc=0.8603
[10.16 18:33:30] ┇ INFO     ┇             __main__ ┇ (Ep 0.20) checking:  50%|█████     | 50/100 [00:02<00:01, 28.62x50b/s]
[10.16 18:33:50] ┇ INFO     ┇             __main__ ┇ (Ep 0.20) checking: 100%|██████████| 100/100 [00:22<00:00, 29.55x50b/s] | st=84, ep=0.20, val_loss=0.0659, val_acc=0.8972, val_F1c=85.35, val_F1e=73.55
[10.16 18:33:50] ┇ INFO     ┇             __main__ ┇ --- [after-check] -----------------------------------------------------------------------------------------------------------------------
[10.16 18:33:54] ┇ INFO     ┇             __main__ ┇ (Ep 0.25) training:  25%|███████▌                      | 105/420 [00:32<00:51,  6.06x50b/s] | st=105, ep=0.25, loss=0.0404, acc=0.8760
[10.16 18:33:55] ┇ INFO     ┇             __main__ ┇ (Ep 0.30) training:  30%|█████████                     | 126/420 [00:33<00:18, 15.89x50b/s] | st=126, ep=0.30, loss=0.0403, acc=0.9027
[10.16 18:33:56] ┇ INFO     ┇             __main__ ┇ (Ep 0.35) training:  35%|██████████▌                   | 147/420 [00:35<00:16, 16.70x50b/s] | st=147, ep=0.35, loss=0.0523, acc=0.8697
[10.16 18:33:57] ┇ INFO     ┇             __main__ ┇ (Ep 0.40) training:  40%|████████████                  | 168/420 [00:36<00:15, 16.40x50b/s] | st=168, ep=0.40, loss=0.0335, acc=0.8905
[10.16 18:33:59] ┇ INFO     ┇             __main__ ┇ (Ep 0.40) checking:  50%|█████     | 50/100 [00:02<00:01, 28.96x50b/s]
[10.16 18:34:18] ┇ INFO     ┇             __main__ ┇ (Ep 0.40) checking: 100%|██████████| 100/100 [00:20<00:00, 29.41x50b/s] | st=168, ep=0.40, val_loss=0.0440, val_acc=0.9202, val_F1c=91.70, val_F1e=83.96
[10.16 18:34:18] ┇ INFO     ┇             __main__ ┇ --- [after-check] -----------------------------------------------------------------------------------------------------------------------
[10.16 18:34:21] ┇ INFO     ┇             __main__ ┇ (Ep 0.45) training:  45%|█████████████▌                | 189/420 [00:59<00:35,  6.50x50b/s] | st=189, ep=0.45, loss=0.0363, acc=0.9084
[10.16 18:34:22] ┇ INFO     ┇             __main__ ┇ (Ep 0.50) training:  50%|███████████████               | 210/420 [01:01<00:13, 15.74x50b/s] | st=210, ep=0.50, loss=0.0341, acc=0.8986
[10.16 18:34:23] ┇ INFO     ┇             __main__ ┇ (Ep 0.55) training:  55%|████████████████▌             | 231/420 [01:02<00:11, 16.42x50b/s] | st=231, ep=0.55, loss=0.0234, acc=0.9323
[10.16 18:34:25] ┇ INFO     ┇             __main__ ┇ (Ep 0.60) training:  60%|██████████████████            | 252/420 [01:03<00:11, 14.62x50b/s] | st=252, ep=0.60, loss=0.0298, acc=0.9310
[10.16 18:34:27] ┇ INFO     ┇             __main__ ┇ (Ep 0.60) checking:  50%|█████     | 50/100 [00:02<00:01, 28.84x50b/s]
[10.16 18:34:46] ┇ INFO     ┇             __main__ ┇ (Ep 0.60) checking: 100%|██████████| 100/100 [00:20<00:00, 29.50x50b/s] | st=252, ep=0.60, val_loss=0.0405, val_acc=0.9297, val_F1c=92.51, val_F1e=85.12
[10.16 18:34:46] ┇ INFO     ┇             __main__ ┇ --- [after-check] -----------------------------------------------------------------------------------------------------------------------
[10.16 18:34:49] ┇ INFO     ┇             __main__ ┇ (Ep 0.65) training:  65%|███████████████████▌          | 273/420 [01:27<00:23,  6.37x50b/s] | st=273, ep=0.65, loss=0.0322, acc=0.9200
[10.16 18:34:50] ┇ INFO     ┇             __main__ ┇ (Ep 0.70) training:  70%|█████████████████████         | 294/420 [01:29<00:07, 16.07x50b/s] | st=294, ep=0.70, loss=0.0398, acc=0.8996
[10.16 18:34:51] ┇ INFO     ┇             __main__ ┇ (Ep 0.75) training:  75%|██████████████████████▌       | 315/420 [01:30<00:06, 16.42x50b/s] | st=315, ep=0.75, loss=0.0573, acc=0.8535
[10.16 18:34:53] ┇ INFO     ┇             __main__ ┇ (Ep 0.80) training:  80%|████████████████████████      | 336/420 [01:31<00:05, 16.60x50b/s] | st=336, ep=0.80, loss=0.0410, acc=0.8939
[10.16 18:34:55] ┇ INFO     ┇             __main__ ┇ (Ep 0.80) checking:  50%|█████     | 50/100 [00:02<00:01, 28.71x50b/s]
[10.16 18:35:15] ┇ INFO     ┇             __main__ ┇ (Ep 0.80) checking: 100%|██████████| 100/100 [00:22<00:00, 29.22x50b/s] | st=336, ep=0.80, val_loss=0.0394, val_acc=0.9096, val_F1c=91.96, val_F1e=83.44
[10.16 18:35:15] ┇ INFO     ┇             __main__ ┇ --- [after-check] -----------------------------------------------------------------------------------------------------------------------
[10.16 18:35:16] ┇ INFO     ┇             __main__ ┇ (Ep 0.85) training:  85%|█████████████████████████▌    | 357/420 [01:55<00:09,  6.51x50b/s] | st=357, ep=0.85, loss=0.0441, acc=0.9135
[10.16 18:35:17] ┇ INFO     ┇             __main__ ┇ (Ep 0.90) training:  90%|███████████████████████████   | 378/420 [01:56<00:02, 15.78x50b/s] | st=378, ep=0.90, loss=0.0357, acc=0.9195
[10.16 18:35:18] ┇ INFO     ┇             __main__ ┇ (Ep 0.95) training:  95%|████████████████████████████▌ | 399/420 [01:57<00:01, 16.43x50b/s] | st=399, ep=0.95, loss=0.0409, acc=0.8908
[10.16 18:35:20] ┇ INFO     ┇             __main__ ┇ (Ep 1.00) training: 100%|██████████████████████████████| 420/420 [01:58<00:00, 16.62x50b/s] | st=420, ep=1.00, loss=0.0325, acc=0.9231
[10.16 18:35:22] ┇ INFO     ┇             __main__ ┇ (Ep 1.00) checking:  50%|█████     | 50/100 [00:02<00:01, 28.91x50b/s]
[10.16 18:35:40] ┇ INFO     ┇             __main__ ┇ (Ep 1.00) checking: 100%|██████████| 100/100 [00:20<00:00, 29.30x50b/s] | st=420, ep=1.00, val_loss=0.0359, val_acc=0.9234, val_F1c=92.85, val_F1e=85.75
[10.16 18:35:40] ┇ INFO     ┇             __main__ ┇ --- [after-check] -----------------------------------------------------------------------------------------------------------------------
[10.16 18:35:42] ┇ INFO     ┇             __main__ ┇ === [after-epoch] =======================================================================================================================
[10.16 18:35:42] ┇ INFO     ┇             __main__ ┇ --- [after-train] -----------------------------------------------------------------------------------------------------------------------
[10.16 18:35:42] ┇ INFO     ┇         DeepKNLP.ner ┇ Creating features from /home/chrisjihee/proj/DeepKNLP-24.10/data/klue-ner/valid.jsonl
[10.16 18:35:49] ┇ INFO     ┇         DeepKNLP.ner ┇ Loaded 4996 examples from /home/chrisjihee/proj/DeepKNLP-24.10/data/klue-ner/valid.jsonl
[10.16 18:35:51] ┇ INFO     ┇         DeepKNLP.ner ┇ =========================================================================================================================================
[10.16 18:35:51] ┇ INFO     ┇         DeepKNLP.ner ┇   === [Example 0] ===
[10.16 18:35:51] ┇ INFO     ┇         DeepKNLP.ner ┇   = sentence   : 경찰은 또 성매매 알선 자금을 관리한 박씨의 딸(32)과 성매매 여성 김모(33)씨 등 16명을 같은 혐의로 불구속 입건했다.
[10.16 18:35:51] ┇ INFO     ┇         DeepKNLP.ner ┇   = characters : 경/B-OG | 찰/I-OG | 은/O |  /O | 또/O |  /O | 성/O | 매/O | 매/O |  /O | 알/O | 선/O |  /O | 자/O | 금/O | 을/O |  /O | 관/O | 리/O | 한/O |  /O | 박/B-PS | 씨/O | 의/O |  /O | 딸/O | (/O | 3/B-QT | 2/I-QT | )/O | 과/O |  /O | 성/O | 매/O | 매/O |  /O | 여/O | 성/O |  /O | 김/B-PS | 모/O | (/O | 3/B-QT | 3/I-QT | )/O | 씨/O |  /O | 등/O |  /O | 1/B-QT | 6/I-QT | 명/I-QT | 을/O |  /O | 같/O | 은/O |  /O | 혐/O | 의/O | 로/O |  /O | 불/O | 구/O | 속/O |  /O | 입/O | 건/O | 했/O | 다/O | ./O
[10.16 18:35:51] ┇ INFO     ┇         DeepKNLP.ner ┇   = tokens     : [CLS] 경찰 ##은 또 성매매 알선 자금 ##을 관리 ##한 박 ##씨 ##의 딸 ( 32 ) 과 성매매 여성 김 ##모 ( 33 ) 씨 등 16 ##명 ##을 같 ##은 혐의 ##로 불구 ##속 입건 ##했 ##다 . [SEP] [PAD] [PAD] [PAD] [PAD] [PAD] [PAD] [PAD] [PAD] [PAD] [PAD] [PAD] [PAD] [PAD] [PAD] [PAD] [PAD] [PAD] [PAD] [PAD] [PAD] [PAD] [PAD] [PAD]
[10.16 18:35:51] ┇ INFO     ┇         DeepKNLP.ner ┇   = labels     : O B-OG O O O O O O O O B-PS O O O O B-QT O O O O B-PS O O B-QT O O O B-QT I-QT O O O O O O O O O O O O O O O O O O O O O O O O O O O O O O O O O O O
[10.16 18:35:51] ┇ INFO     ┇         DeepKNLP.ner ┇   === 
[10.16 18:35:51] ┇ INFO     ┇         DeepKNLP.ner ┇   === [Example 1] ===
[10.16 18:35:51] ┇ INFO     ┇         DeepKNLP.ner ┇   = sentence   : B 씨는 사법시험 합격증이 위조된 것인지 알 수 없었고, 아들이 좋은 대학에 들어갈 수 있기만을 바라던터라 A 씨를 더 의심하지 않았다.
[10.16 18:35:51] ┇ INFO     ┇         DeepKNLP.ner ┇   = characters : B/B-PS |  /O | 씨/O | 는/O |  /O | 사/O | 법/O | 시/O | 험/O |  /O | 합/O | 격/O | 증/O | 이/O |  /O | 위/O | 조/O | 된/O |  /O | 것/O | 인/O | 지/O |  /O | 알/O |  /O | 수/O |  /O | 없/O | 었/O | 고/O | ,/O |  /O | 아/O | 들/O | 이/O |  /O | 좋/O | 은/O |  /O | 대/O | 학/O | 에/O |  /O | 들/O | 어/O | 갈/O |  /O | 수/O |  /O | 있/O | 기/O | 만/O | 을/O |  /O | 바/O | 라/O | 던/O | 터/O | 라/O |  /O | A/B-PS |  /O | 씨/O | 를/O |  /O | 더/O |  /O | 의/O | 심/O | 하/O | 지/O |  /O | 않/O | 았/O | 다/O | ./O
[10.16 18:35:51] ┇ INFO     ┇         DeepKNLP.ner ┇   = tokens     : [CLS] B 씨 ##는 사법 ##시험 합격 ##증 ##이 위조 ##된 것 ##인지 알 수 없 ##었 ##고 , 아들 ##이 좋 ##은 대학 ##에 들어갈 수 있 ##기 ##만 ##을 바라 ##던 ##터 ##라 A 씨 ##를 더 의심 ##하 ##지 않 ##았 ##다 . [SEP] [PAD] [PAD] [PAD] [PAD] [PAD] [PAD] [PAD] [PAD] [PAD] [PAD] [PAD] [PAD] [PAD] [PAD] [PAD] [PAD] [PAD]
[10.16 18:35:51] ┇ INFO     ┇         DeepKNLP.ner ┇   = labels     : O B-PS O O O O O O O O O O O O O O O O O O O O O O O O O O O O O O O O O B-PS O O O O O O O O O O O O O O O O O O O O O O O O O O O O
[10.16 18:35:51] ┇ INFO     ┇         DeepKNLP.ner ┇   === 
[10.16 18:35:51] ┇ INFO     ┇         DeepKNLP.ner ┇ Converted 4996 raw examples to 4996 encoded examples
[10.16 18:35:51] ┇ INFO     ┇             __main__ ┇ Created test_dataset providing 4996 examples
[10.16 18:35:51] ┇ INFO     ┇             __main__ ┇ Created test_dataloader providing 100 batches
[10.16 18:35:51] ┇ INFO     ┇             __main__ ┇ === [after-test_dataloader] =============================================================================================================
[10.16 18:35:51] ┇ INFO     ┇             __main__ ┇ Loading model from finetuning/klue-ner/train=kpfbert=ptlm3/version_0/ep=1.0, loss=0.0359, acc=0.9234, F1c=92.85, F1e=85.75.ckpt
[10.16 18:35:54] ┇ INFO     ┇             __main__ ┇ (Ep 1.00)  testing:  50%|█████     | 50/100 [00:03<00:01, 28.19x50b/s]
[10.16 18:36:14] ┇ INFO     ┇             __main__ ┇ (Ep 1.00)  testing: 100%|██████████| 100/100 [00:22<00:00, 29.62x50b/s] | st=420, ep=1.00, test_loss=0.0359, test_acc=0.9234, test_F1c=92.85, test_F1e=85.75
[10.16 18:36:14] ┇ INFO     ┇             __main__ ┇ --- [after-test] ------------------------------------------------------------------------------------------------------------------------
[10.16 18:36:14] ┇ INFO     ┇       chrisbase.data ┇ =========================================================================================================================================
[10.16 18:36:14] ┇ INFO     ┇       chrisbase.data ┇ [EXIT] python /home/chrisjihee/proj/DeepKNLP-24.10/2-ner.py train --device 0 ($=00:03:43.729)
[10.16 18:36:14] ┇ INFO     ┇       chrisbase.data ┇ =========================================================================================================================================
