[02.04 10:23:56] ┇ INFO    ┇           chrisbase.data ┇ =========================================================================================================================================
[02.04 10:23:56] ┇ INFO    ┇           chrisbase.data ┇ [INIT] python task2-nerG-trainer.py --local_rank=0 --pretrained google/flan-t5-xl --run_version FLAN-T5-3B-Baseline --train_file data/gner/each/crossner_ai-train.jsonl --eval_file data/gner/each-sampled/crossner_ai-dev=100.jsonl --num_train_epochs 12 --eval_epochs 0.5 --per_device_train_batch_size 1 --output_file train-metrics-crossner_ai-12ep.csv --logging_file train-loggings-crossner_ai-12ep.out --trainer_deepspeed configs/deepspeed/ds2_llama.json
[02.04 10:23:56] ┇ INFO    ┇           chrisbase.data ┇ =========================================================================================================================================
[02.04 10:23:56] ┇ INFO    ┇           chrisbase.data ┇ -----------------------------------------------------------------------------------------------------------------------------------------
[02.04 10:23:56] ┇ INFO    ┇           chrisbase.data ┇   #	TrainingArgumentsForAccelerator              	value
[02.04 10:23:56] ┇ INFO    ┇           chrisbase.data ┇ -----------------------------------------------------------------------------------------------------------------------------------------
[02.04 10:23:56] ┇ INFO    ┇           chrisbase.data ┇   1	env.hostname                                 	ptlm3
[02.04 10:23:56] ┇ INFO    ┇           chrisbase.data ┇   2	env.hostaddr                                 	129.254.121.74
[02.04 10:23:56] ┇ INFO    ┇           chrisbase.data ┇   3	env.global_rank                              	-1
[02.04 10:23:56] ┇ INFO    ┇           chrisbase.data ┇   4	env.local_rank                               	0
[02.04 10:23:56] ┇ INFO    ┇           chrisbase.data ┇   5	env.node_rank                                	-1
[02.04 10:23:56] ┇ INFO    ┇           chrisbase.data ┇   6	env.world_size                               	4
[02.04 10:23:56] ┇ INFO    ┇           chrisbase.data ┇   7	env.time_stamp                               	0204-102350
[02.04 10:23:56] ┇ INFO    ┇           chrisbase.data ┇   8	env.python_path                              	/home/chrisjihee/miniforge3/envs/DeepKNLP/bin/python
[02.04 10:23:56] ┇ INFO    ┇           chrisbase.data ┇   9	env.current_dir                              	/home/chrisjihee/proj/DeepKNLP
[02.04 10:23:56] ┇ INFO    ┇           chrisbase.data ┇  10	env.current_file                             	task2-nerG-trainer.py
[02.04 10:23:56] ┇ INFO    ┇           chrisbase.data ┇  11	env.command_args                             	['--local_rank=0', '--pretrained', 'google/flan-t5-xl', '--run_version', 'FLAN-T5-3B-Baseline', '--train_file', 'data/gner/each/crossner_ai-train.jsonl', '--eval_file', 'data/gner/each-sampled/crossner_ai-dev=100.jsonl', '--num_train_epochs', '12', '--eval_epochs', '0.5', '--per_device_train_batch_size', '1', '--output_file', 'train-metrics-crossner_ai-12ep.csv', '--logging_file', 'train-loggings-crossner_ai-12ep.out', '--trainer_deepspeed', 'configs/deepspeed/ds2_llama.json']
[02.04 10:23:56] ┇ INFO    ┇           chrisbase.data ┇  12	env.output_home                              	output
[02.04 10:23:56] ┇ INFO    ┇           chrisbase.data ┇  13	env.output_name                              	GNER
[02.04 10:23:56] ┇ INFO    ┇           chrisbase.data ┇  14	env.run_version                              	FLAN-T5-3B-Baseline
[02.04 10:23:56] ┇ INFO    ┇           chrisbase.data ┇  15	env.output_file                              	train-metrics-crossner_ai-12ep-0204-102350.csv
[02.04 10:23:56] ┇ INFO    ┇           chrisbase.data ┇  16	env.logging_file                             	train-loggings-crossner_ai-12ep-0204-102350.out
[02.04 10:23:56] ┇ INFO    ┇           chrisbase.data ┇  17	env.logging_level                            	30
[02.04 10:23:56] ┇ INFO    ┇           chrisbase.data ┇  18	env.logging_format                           	%(asctime)s ┇ %(levelname)-7s ┇ %(name)24s ┇ %(message)s
[02.04 10:23:56] ┇ INFO    ┇           chrisbase.data ┇  19	env.datetime_format                          	[%m.%d %H:%M:%S]
[02.04 10:23:56] ┇ INFO    ┇           chrisbase.data ┇  20	env.argument_file                            	train-arguments-0204-102350.json
[02.04 10:23:56] ┇ INFO    ┇           chrisbase.data ┇  21	env.random_seed                              	7
[02.04 10:23:56] ┇ INFO    ┇           chrisbase.data ┇  22	env.max_workers                              	4
[02.04 10:23:56] ┇ INFO    ┇           chrisbase.data ┇  23	env.debugging                                	False
[02.04 10:23:56] ┇ INFO    ┇           chrisbase.data ┇  24	env.output_dir                               	output/GNER/FLAN-T5-3B-Baseline
[02.04 10:23:56] ┇ INFO    ┇           chrisbase.data ┇  25	time.t1                                      	2025-02-04 10:23:56.734989
[02.04 10:23:56] ┇ INFO    ┇           chrisbase.data ┇  26	time.t2                                      	2025-02-04 10:23:49.548070
[02.04 10:23:56] ┇ INFO    ┇           chrisbase.data ┇  27	time.started                                 	[02.04 10:23:56]
[02.04 10:23:56] ┇ INFO    ┇           chrisbase.data ┇  28	time.settled
[02.04 10:23:56] ┇ INFO    ┇           chrisbase.data ┇  29	time.elapsed
[02.04 10:23:56] ┇ INFO    ┇           chrisbase.data ┇  30	data.train_file                              	data/gner/each/crossner_ai-train.jsonl
[02.04 10:23:56] ┇ INFO    ┇           chrisbase.data ┇  31	data.study_file
[02.04 10:23:56] ┇ INFO    ┇           chrisbase.data ┇  32	data.eval_file                               	data/gner/each-sampled/crossner_ai-dev=100.jsonl
[02.04 10:23:56] ┇ INFO    ┇           chrisbase.data ┇  33	data.pred_file
[02.04 10:23:56] ┇ INFO    ┇           chrisbase.data ┇  34	data.pretrained                              	google/flan-t5-xl
[02.04 10:23:56] ┇ INFO    ┇           chrisbase.data ┇  35	data.max_train_samples                       	-1
[02.04 10:23:56] ┇ INFO    ┇           chrisbase.data ┇  36	data.max_study_samples                       	-1
[02.04 10:23:56] ┇ INFO    ┇           chrisbase.data ┇  37	data.max_eval_samples                        	-1
[02.04 10:23:56] ┇ INFO    ┇           chrisbase.data ┇  38	data.max_pred_samples                        	-1
[02.04 10:23:56] ┇ INFO    ┇           chrisbase.data ┇  39	data.use_cache_data                          	False
[02.04 10:23:56] ┇ INFO    ┇           chrisbase.data ┇  40	data.progress_seconds                        	10.0
[02.04 10:23:56] ┇ INFO    ┇           chrisbase.data ┇  41	data.max_source_length                       	640
[02.04 10:23:56] ┇ INFO    ┇           chrisbase.data ┇  42	data.max_target_length                       	640
[02.04 10:23:56] ┇ INFO    ┇           chrisbase.data ┇  43	data.write_predictions                       	False
[02.04 10:23:56] ┇ INFO    ┇           chrisbase.data ┇  44	data.ignore_pad_token_for_loss               	True
[02.04 10:23:56] ┇ INFO    ┇           chrisbase.data ┇  45	train._n_gpu                                 	1
[02.04 10:23:56] ┇ INFO    ┇           chrisbase.data ┇  46	train.accelerator_config                     	{'split_batches': False, 'dispatch_batches': None, 'even_batches': True, 'use_seedable_sampler': True, 'non_blocking': False, 'gradient_accumulation_kwargs': None, 'use_configured_state': False}
[02.04 10:23:56] ┇ INFO    ┇           chrisbase.data ┇  47	train.adafactor                              	False
[02.04 10:23:56] ┇ INFO    ┇           chrisbase.data ┇  48	train.adam_beta1                             	0.9
[02.04 10:23:56] ┇ INFO    ┇           chrisbase.data ┇  49	train.adam_beta2                             	0.999
[02.04 10:23:56] ┇ INFO    ┇           chrisbase.data ┇  50	train.adam_epsilon                           	1e-08
[02.04 10:23:56] ┇ INFO    ┇           chrisbase.data ┇  51	train.auto_find_batch_size                   	False
[02.04 10:23:56] ┇ INFO    ┇           chrisbase.data ┇  52	train.average_tokens_across_devices          	False
[02.04 10:23:56] ┇ INFO    ┇           chrisbase.data ┇  53	train.batch_eval_metrics                     	False
[02.04 10:23:56] ┇ INFO    ┇           chrisbase.data ┇  54	train.bf16                                   	True
[02.04 10:23:56] ┇ INFO    ┇           chrisbase.data ┇  55	train.bf16_full_eval                         	True
[02.04 10:23:56] ┇ INFO    ┇           chrisbase.data ┇  56	train.data_seed
[02.04 10:23:56] ┇ INFO    ┇           chrisbase.data ┇  57	train.dataloader_drop_last                   	False
[02.04 10:23:56] ┇ INFO    ┇           chrisbase.data ┇  58	train.dataloader_num_workers                 	0
[02.04 10:23:56] ┇ INFO    ┇           chrisbase.data ┇  59	train.dataloader_persistent_workers          	False
[02.04 10:23:56] ┇ INFO    ┇           chrisbase.data ┇  60	train.dataloader_pin_memory                  	True
[02.04 10:23:56] ┇ INFO    ┇           chrisbase.data ┇  61	train.dataloader_prefetch_factor
[02.04 10:23:56] ┇ INFO    ┇           chrisbase.data ┇  62	train.ddp_backend
[02.04 10:23:56] ┇ INFO    ┇           chrisbase.data ┇  63	train.ddp_broadcast_buffers
[02.04 10:23:56] ┇ INFO    ┇           chrisbase.data ┇  64	train.ddp_bucket_cap_mb
[02.04 10:23:56] ┇ INFO    ┇           chrisbase.data ┇  65	train.ddp_find_unused_parameters
[02.04 10:23:56] ┇ INFO    ┇           chrisbase.data ┇  66	train.ddp_timeout                            	1800
[02.04 10:23:56] ┇ INFO    ┇           chrisbase.data ┇  67	train.debug                                  	[]
[02.04 10:23:56] ┇ INFO    ┇           chrisbase.data ┇  68	train.deepspeed                              	configs/deepspeed/ds2_llama.json
[02.04 10:23:56] ┇ INFO    ┇           chrisbase.data ┇  69	train.disable_tqdm                           	True
[02.04 10:23:56] ┇ INFO    ┇           chrisbase.data ┇  70	train.dispatch_batches
[02.04 10:23:56] ┇ INFO    ┇           chrisbase.data ┇  71	train.do_eval                                	True
[02.04 10:23:56] ┇ INFO    ┇           chrisbase.data ┇  72	train.do_predict                             	False
[02.04 10:23:56] ┇ INFO    ┇           chrisbase.data ┇  73	train.do_train                               	True
[02.04 10:23:56] ┇ INFO    ┇           chrisbase.data ┇  74	train.eval_accumulation_steps                	1
[02.04 10:23:56] ┇ INFO    ┇           chrisbase.data ┇  75	train.eval_delay                             	0.0
[02.04 10:23:56] ┇ INFO    ┇           chrisbase.data ┇  76	train.eval_do_concat_batches                 	True
[02.04 10:23:56] ┇ INFO    ┇           chrisbase.data ┇  77	train.eval_epochs                            	0.5
[02.04 10:23:56] ┇ INFO    ┇           chrisbase.data ┇  78	train.eval_on_start                          	False
[02.04 10:23:56] ┇ INFO    ┇           chrisbase.data ┇  79	train.eval_steps                             	9223372036854775807
[02.04 10:23:56] ┇ INFO    ┇           chrisbase.data ┇  80	train.eval_strategy                          	IntervalStrategy.NO
[02.04 10:23:56] ┇ INFO    ┇           chrisbase.data ┇  81	train.eval_use_gather_object                 	False
[02.04 10:23:56] ┇ INFO    ┇           chrisbase.data ┇  82	train.evaluation_strategy
[02.04 10:23:56] ┇ INFO    ┇           chrisbase.data ┇  83	train.fp16                                   	False
[02.04 10:23:56] ┇ INFO    ┇           chrisbase.data ┇  84	train.fp16_backend                           	auto
[02.04 10:23:56] ┇ INFO    ┇           chrisbase.data ┇  85	train.fp16_full_eval                         	False
[02.04 10:23:56] ┇ INFO    ┇           chrisbase.data ┇  86	train.fp16_opt_level                         	O1
[02.04 10:23:56] ┇ INFO    ┇           chrisbase.data ┇  87	train.fsdp                                   	[]
[02.04 10:23:56] ┇ INFO    ┇           chrisbase.data ┇  88	train.fsdp_config                            	{'min_num_params': 0, 'xla': False, 'xla_fsdp_v2': False, 'xla_fsdp_grad_ckpt': False}
[02.04 10:23:56] ┇ INFO    ┇           chrisbase.data ┇  89	train.fsdp_min_num_params                    	0
[02.04 10:23:56] ┇ INFO    ┇           chrisbase.data ┇  90	train.fsdp_transformer_layer_cls_to_wrap
[02.04 10:23:56] ┇ INFO    ┇           chrisbase.data ┇  91	train.full_determinism                       	False
[02.04 10:23:56] ┇ INFO    ┇           chrisbase.data ┇  92	train.generation_config
[02.04 10:23:56] ┇ INFO    ┇           chrisbase.data ┇  93	train.generation_max_length                  	640
[02.04 10:23:56] ┇ INFO    ┇           chrisbase.data ┇  94	train.generation_num_beams
[02.04 10:23:56] ┇ INFO    ┇           chrisbase.data ┇  95	train.gradient_accumulation_steps            	1
[02.04 10:23:56] ┇ INFO    ┇           chrisbase.data ┇  96	train.gradient_checkpointing                 	True
[02.04 10:23:56] ┇ INFO    ┇           chrisbase.data ┇  97	train.gradient_checkpointing_kwargs
[02.04 10:23:56] ┇ INFO    ┇           chrisbase.data ┇  98	train.greater_is_better
[02.04 10:23:56] ┇ INFO    ┇           chrisbase.data ┇  99	train.group_by_length                        	False
[02.04 10:23:56] ┇ INFO    ┇           chrisbase.data ┇ 100	train.half_precision_backend                 	auto
[02.04 10:23:56] ┇ INFO    ┇           chrisbase.data ┇ 101	train.hub_always_push                        	False
[02.04 10:23:56] ┇ INFO    ┇           chrisbase.data ┇ 102	train.hub_model_id
[02.04 10:23:56] ┇ INFO    ┇           chrisbase.data ┇ 103	train.hub_private_repo
[02.04 10:23:56] ┇ INFO    ┇           chrisbase.data ┇ 104	train.hub_strategy                           	HubStrategy.EVERY_SAVE
[02.04 10:23:56] ┇ INFO    ┇           chrisbase.data ┇ 105	train.hub_token
[02.04 10:23:56] ┇ INFO    ┇           chrisbase.data ┇ 106	train.ignore_data_skip                       	False
[02.04 10:23:56] ┇ INFO    ┇           chrisbase.data ┇ 107	train.include_for_metrics                    	[]
[02.04 10:23:56] ┇ INFO    ┇           chrisbase.data ┇ 108	train.include_inputs_for_metrics             	False
[02.04 10:23:56] ┇ INFO    ┇           chrisbase.data ┇ 109	train.include_num_input_tokens_seen          	False
[02.04 10:23:56] ┇ INFO    ┇           chrisbase.data ┇ 110	train.include_tokens_per_second              	False
[02.04 10:23:56] ┇ INFO    ┇           chrisbase.data ┇ 111	train.jit_mode_eval                          	False
[02.04 10:23:56] ┇ INFO    ┇           chrisbase.data ┇ 112	train.label_names
[02.04 10:23:56] ┇ INFO    ┇           chrisbase.data ┇ 113	train.label_smoothing_factor                 	0.0
[02.04 10:23:56] ┇ INFO    ┇           chrisbase.data ┇ 114	train.learning_rate                          	2e-05
[02.04 10:23:56] ┇ INFO    ┇           chrisbase.data ┇ 115	train.length_column_name                     	length
[02.04 10:23:56] ┇ INFO    ┇           chrisbase.data ┇ 116	train.load_best_model_at_end                 	False
[02.04 10:23:56] ┇ INFO    ┇           chrisbase.data ┇ 117	train.local_rank                             	0
[02.04 10:23:56] ┇ INFO    ┇           chrisbase.data ┇ 118	train.log_level                              	warning
[02.04 10:23:56] ┇ INFO    ┇           chrisbase.data ┇ 119	train.log_level_replica                      	error
[02.04 10:23:56] ┇ INFO    ┇           chrisbase.data ┇ 120	train.log_on_each_node                       	True
[02.04 10:23:56] ┇ INFO    ┇           chrisbase.data ┇ 121	train.logging_dir                            	output/GNER/FLAN-T5-3B-Baseline/runs/Feb04_10-23-54_ptlm3
[02.04 10:23:56] ┇ INFO    ┇           chrisbase.data ┇ 122	train.logging_epochs                         	-1.0
[02.04 10:23:56] ┇ INFO    ┇           chrisbase.data ┇ 123	train.logging_first_step                     	False
[02.04 10:23:56] ┇ INFO    ┇           chrisbase.data ┇ 124	train.logging_nan_inf_filter                 	True
[02.04 10:23:56] ┇ INFO    ┇           chrisbase.data ┇ 125	train.logging_steps                          	1
[02.04 10:23:56] ┇ INFO    ┇           chrisbase.data ┇ 126	train.logging_strategy                       	IntervalStrategy.STEPS
[02.04 10:23:56] ┇ INFO    ┇           chrisbase.data ┇ 127	train.lr_scheduler_kwargs                    	{}
[02.04 10:23:56] ┇ INFO    ┇           chrisbase.data ┇ 128	train.lr_scheduler_type                      	SchedulerType.COSINE
[02.04 10:23:56] ┇ INFO    ┇           chrisbase.data ┇ 129	train.max_grad_norm                          	1.0
[02.04 10:23:56] ┇ INFO    ┇           chrisbase.data ┇ 130	train.max_steps                              	-1
[02.04 10:23:56] ┇ INFO    ┇           chrisbase.data ┇ 131	train.metric_for_best_model
[02.04 10:23:56] ┇ INFO    ┇           chrisbase.data ┇ 132	train.mp_parameters
[02.04 10:23:56] ┇ INFO    ┇           chrisbase.data ┇ 133	train.neftune_noise_alpha
[02.04 10:23:56] ┇ INFO    ┇           chrisbase.data ┇ 134	train.no_cuda                                	False
[02.04 10:23:56] ┇ INFO    ┇           chrisbase.data ┇ 135	train.num_train_epochs                       	12.0
[02.04 10:23:56] ┇ INFO    ┇           chrisbase.data ┇ 136	train.optim                                  	OptimizerNames.ADAMW_TORCH
[02.04 10:23:56] ┇ INFO    ┇           chrisbase.data ┇ 137	train.optim_args
[02.04 10:23:56] ┇ INFO    ┇           chrisbase.data ┇ 138	train.optim_target_modules
[02.04 10:23:56] ┇ INFO    ┇           chrisbase.data ┇ 139	train.output_dir                             	output/GNER/FLAN-T5-3B-Baseline
[02.04 10:23:56] ┇ INFO    ┇           chrisbase.data ┇ 140	train.overwrite_output_dir                   	True
[02.04 10:23:56] ┇ INFO    ┇           chrisbase.data ┇ 141	train.past_index                             	-1
[02.04 10:23:56] ┇ INFO    ┇           chrisbase.data ┇ 142	train.per_device_eval_batch_size             	25
[02.04 10:23:56] ┇ INFO    ┇           chrisbase.data ┇ 143	train.per_device_train_batch_size            	1
[02.04 10:23:56] ┇ INFO    ┇           chrisbase.data ┇ 144	train.per_gpu_eval_batch_size
[02.04 10:23:56] ┇ INFO    ┇           chrisbase.data ┇ 145	train.per_gpu_train_batch_size
[02.04 10:23:56] ┇ INFO    ┇           chrisbase.data ┇ 146	train.predict_with_generate                  	True
[02.04 10:23:56] ┇ INFO    ┇           chrisbase.data ┇ 147	train.prediction_loss_only                   	False
[02.04 10:23:56] ┇ INFO    ┇           chrisbase.data ┇ 148	train.push_to_hub                            	False
[02.04 10:23:56] ┇ INFO    ┇           chrisbase.data ┇ 149	train.push_to_hub_model_id
[02.04 10:23:56] ┇ INFO    ┇           chrisbase.data ┇ 150	train.push_to_hub_organization
[02.04 10:23:56] ┇ INFO    ┇           chrisbase.data ┇ 151	train.push_to_hub_token
[02.04 10:23:56] ┇ INFO    ┇           chrisbase.data ┇ 152	train.ray_scope                              	last
[02.04 10:23:56] ┇ INFO    ┇           chrisbase.data ┇ 153	train.remove_unused_columns                  	False
[02.04 10:23:56] ┇ INFO    ┇           chrisbase.data ┇ 154	train.report_to                              	[]
[02.04 10:23:56] ┇ INFO    ┇           chrisbase.data ┇ 155	train.restore_callback_states_from_checkpoint	False
[02.04 10:23:56] ┇ INFO    ┇           chrisbase.data ┇ 156	train.resume_from_checkpoint
[02.04 10:23:56] ┇ INFO    ┇           chrisbase.data ┇ 157	train.run_name                               	output/GNER/FLAN-T5-3B-Baseline
[02.04 10:23:56] ┇ INFO    ┇           chrisbase.data ┇ 158	train.save_epochs                            	-1.0
[02.04 10:23:56] ┇ INFO    ┇           chrisbase.data ┇ 159	train.save_on_each_node                      	False
[02.04 10:23:56] ┇ INFO    ┇           chrisbase.data ┇ 160	train.save_only_model                        	False
[02.04 10:23:56] ┇ INFO    ┇           chrisbase.data ┇ 161	train.save_safetensors                       	True
[02.04 10:23:56] ┇ INFO    ┇           chrisbase.data ┇ 162	train.save_steps                             	9223372036854775807
[02.04 10:23:56] ┇ INFO    ┇           chrisbase.data ┇ 163	train.save_strategy                          	SaveStrategy.NO
[02.04 10:23:56] ┇ INFO    ┇           chrisbase.data ┇ 164	train.save_total_limit
[02.04 10:23:56] ┇ INFO    ┇           chrisbase.data ┇ 165	train.seed                                   	7
[02.04 10:23:56] ┇ INFO    ┇           chrisbase.data ┇ 166	train.skip_memory_metrics                    	True
[02.04 10:23:56] ┇ INFO    ┇           chrisbase.data ┇ 167	train.sortish_sampler                        	False
[02.04 10:23:56] ┇ INFO    ┇           chrisbase.data ┇ 168	train.split_batches
[02.04 10:23:56] ┇ INFO    ┇           chrisbase.data ┇ 169	train.tf32                                   	True
[02.04 10:23:56] ┇ INFO    ┇           chrisbase.data ┇ 170	train.torch_compile                          	False
[02.04 10:23:56] ┇ INFO    ┇           chrisbase.data ┇ 171	train.torch_compile_backend
[02.04 10:23:56] ┇ INFO    ┇           chrisbase.data ┇ 172	train.torch_compile_mode
[02.04 10:23:56] ┇ INFO    ┇           chrisbase.data ┇ 173	train.torch_empty_cache_steps
[02.04 10:23:56] ┇ INFO    ┇           chrisbase.data ┇ 174	train.torchdynamo
[02.04 10:23:56] ┇ INFO    ┇           chrisbase.data ┇ 175	train.tpu_metrics_debug                      	False
[02.04 10:23:56] ┇ INFO    ┇           chrisbase.data ┇ 176	train.tpu_num_cores
[02.04 10:23:56] ┇ INFO    ┇           chrisbase.data ┇ 177	train.use_cpu                                	False
[02.04 10:23:56] ┇ INFO    ┇           chrisbase.data ┇ 178	train.use_ipex                               	False
[02.04 10:23:56] ┇ INFO    ┇           chrisbase.data ┇ 179	train.use_legacy_prediction_loop             	False
[02.04 10:23:56] ┇ INFO    ┇           chrisbase.data ┇ 180	train.use_liger_kernel                       	False
[02.04 10:23:56] ┇ INFO    ┇           chrisbase.data ┇ 181	train.use_mps_device                         	False
[02.04 10:23:56] ┇ INFO    ┇           chrisbase.data ┇ 182	train.warmup_ratio                           	0.04
[02.04 10:23:56] ┇ INFO    ┇           chrisbase.data ┇ 183	train.warmup_steps                           	0
[02.04 10:23:56] ┇ INFO    ┇           chrisbase.data ┇ 184	train.weight_decay                           	0.0
[02.04 10:23:56] ┇ INFO    ┇           chrisbase.data ┇ -----------------------------------------------------------------------------------------------------------------------------------------
[02.04 10:23:58] ┇ INFO    ┇                 DeepKNLP ┇ type(model)=<class 'transformers.models.t5.modeling_t5.T5ForConditionalGeneration'>
[02.04 10:23:58] ┇ INFO    ┇                 DeepKNLP ┇ model.generation_config.pad_token_id=0
[02.04 10:23:58] ┇ INFO    ┇                 DeepKNLP ┇ Loaded raw train_dataset (#=100): data/gner/each/crossner_ai-train.jsonl
[02.04 10:23:59] ┇ INFO    ┇                 DeepKNLP ┇ Preprocess train_dataset:   4%|▊                   |   4/100 [0:00:00<0:00:05, 16.87Hz]
[02.04 10:23:59] ┇ INFO    ┇                 DeepKNLP ┇ Preprocess train_dataset: 100%|████████████████████| 100/100 [0:00:00<0:00:00, 368.33Hz]
[02.04 10:23:59] ┇ INFO    ┇                 DeepKNLP ┇ Completed preprocessing for train_dataset by google/flan-t5-xl at [02.04 10:23:59]
[02.04 10:24:00] ┇ INFO    ┇                 DeepKNLP ┇ Loaded raw eval_dataset (#=100): data/gner/each-sampled/crossner_ai-dev=100.jsonl
[02.04 10:24:00] ┇ INFO    ┇                 DeepKNLP ┇ Preprocess eval_dataset:   4%|▊                   |   4/100 [0:00:00<0:00:06, 15.73Hz]
[02.04 10:24:01] ┇ INFO    ┇                 DeepKNLP ┇ Preprocess eval_dataset: 100%|████████████████████| 100/100 [0:00:01<0:00:00, 51.15Hz]
[02.04 10:24:02] ┇ INFO    ┇                 DeepKNLP ┇ Completed preprocessing for eval_dataset by google/flan-t5-xl at [02.04 10:24:01]
[02.04 10:24:27] ┇ WARNING ┇                DeepSpeed ┇ Attempting to get learning rate from scheduler before it has started
[02.04 10:24:27] ┇ INFO    ┇    DeepKNLP.gner.trainer ┇ -----------------------------------------------------------------------------------------------------------------------------------------
[02.04 10:24:27] ┇ INFO    ┇    DeepKNLP.gner.trainer ┇ ***** Beginning Training *****
[02.04 10:24:27] ┇ INFO    ┇    DeepKNLP.gner.trainer ┇ >> Train Epochs       = 12.0
[02.04 10:24:27] ┇ INFO    ┇    DeepKNLP.gner.trainer ┇ >> Train Examples     = 100
[02.04 10:24:27] ┇ INFO    ┇    DeepKNLP.gner.trainer ┇ >> Train Batch Size   = 4 = 1 * 1 * 4
[02.04 10:24:27] ┇ INFO    ┇    DeepKNLP.gner.trainer ┇ >> Train Optim Steps  = 300 = 25 * 12.0
[02.04 10:24:27] ┇ INFO    ┇    DeepKNLP.gner.trainer ┇ >> Train Model Params = 2,849,757,184
[02.04 10:24:27] ┇ INFO    ┇    DeepKNLP.gner.trainer ┇ >> Trainer Callbacks  = DefaultFlowCallback, CustomProgressCallback
[02.04 10:24:27] ┇ INFO    ┇    DeepKNLP.gner.trainer ┇ >> Zero Optim Stage   = 2
[02.04 10:24:27] ┇ INFO    ┇    DeepKNLP.gner.trainer ┇ >> Eval Examples      = 100
[02.04 10:24:27] ┇ INFO    ┇    DeepKNLP.gner.trainer ┇ >> Eval Batch Size    = 100 = 25 * 4
[02.04 10:24:29] ┇ INFO    ┇    DeepKNLP.gner.trainer ┇ [training]   0%|                    |   1/300 [0:00:01<0:09:15, 0.54Hz] | epoch=0.04, loss=0.620600
[02.04 10:24:31] ┇ INFO    ┇    DeepKNLP.gner.trainer ┇ [training]   1%|▏                   |   2/300 [0:00:04<0:11:25, 0.43Hz] | epoch=0.08, loss=0.867200
[02.04 10:24:32] ┇ INFO    ┇    DeepKNLP.gner.trainer ┇ [training]   1%|▏                   |   3/300 [0:00:05<0:09:18, 0.53Hz] | epoch=0.12, loss=0.653800
[02.04 10:24:34] ┇ INFO    ┇    DeepKNLP.gner.trainer ┇ [training]   1%|▎                   |   4/300 [0:00:06<0:08:30, 0.58Hz] | epoch=0.16, loss=0.577100
[02.04 10:24:35] ┇ INFO    ┇    DeepKNLP.gner.trainer ┇ [training]   2%|▎                   |   5/300 [0:00:08<0:08:12, 0.60Hz] | epoch=0.20, loss=0.564000
[02.04 10:24:36] ┇ INFO    ┇    DeepKNLP.gner.trainer ┇ [training]   2%|▍                   |   6/300 [0:00:09<0:07:37, 0.64Hz] | epoch=0.24, loss=0.841300
[02.04 10:24:37] ┇ INFO    ┇    DeepKNLP.gner.trainer ┇ [training]   2%|▍                   |   7/300 [0:00:10<0:07:16, 0.67Hz] | epoch=0.28, loss=0.565400
[02.04 10:24:38] ┇ INFO    ┇    DeepKNLP.gner.trainer ┇ [training]   3%|▌                   |   8/300 [0:00:11<0:06:57, 0.70Hz] | epoch=0.32, loss=0.492700
[02.04 10:24:40] ┇ INFO    ┇    DeepKNLP.gner.trainer ┇ [training]   3%|▌                   |   9/300 [0:00:13<0:07:17, 0.67Hz] | epoch=0.36, loss=0.381600
[02.04 10:24:42] ┇ INFO    ┇    DeepKNLP.gner.trainer ┇ [training]   3%|▋                   |  10/300 [0:00:15<0:07:23, 0.65Hz] | epoch=0.40, loss=0.412600
[02.04 10:24:43] ┇ INFO    ┇    DeepKNLP.gner.trainer ┇ [training]   4%|▋                   |  11/300 [0:00:16<0:07:09, 0.67Hz] | epoch=0.44, loss=0.336700
[02.04 10:24:45] ┇ INFO    ┇    DeepKNLP.gner.trainer ┇ [training]   4%|▊                   |  12/300 [0:00:17<0:07:11, 0.67Hz] | epoch=0.48, loss=0.347700
[02.04 10:25:05] ┇ INFO    ┇    DeepKNLP.gner.trainer ┇ [checking] 100%|████████████████████| 1/1 [0:00:00<0:00:00, 86565.03Hz]
[02.04 10:25:05] ┇ INFO    ┇    DeepKNLP.gner.trainer ┇ [training]   4%|▊                   |  12/300 [0:00:17<0:07:11, 0.67Hz] | epoch=0.48, eval_average=0.0481
[02.04 10:25:06] ┇ INFO    ┇    DeepKNLP.gner.trainer ┇ [training]   4%|▊                   |  13/300 [0:00:39<0:14:31, 0.33Hz] | epoch=0.52, loss=0.265400
[02.04 10:25:08] ┇ INFO    ┇    DeepKNLP.gner.trainer ┇ [training]   5%|▉                   |  14/300 [0:00:41<0:14:04, 0.34Hz] | epoch=0.56, loss=0.262900
[02.04 10:25:09] ┇ INFO    ┇    DeepKNLP.gner.trainer ┇ [training]   5%|█                   |  15/300 [0:00:42<0:13:24, 0.35Hz] | epoch=0.60, loss=0.193200
[02.04 10:25:12] ┇ INFO    ┇    DeepKNLP.gner.trainer ┇ [training]   5%|█                   |  16/300 [0:00:44<0:13:15, 0.36Hz] | epoch=0.64, loss=0.276600
[02.04 10:25:13] ┇ INFO    ┇    DeepKNLP.gner.trainer ┇ [training]   6%|█▏                  |  17/300 [0:00:45<0:12:42, 0.37Hz] | epoch=0.68, loss=0.148200
[02.04 10:25:14] ┇ INFO    ┇    DeepKNLP.gner.trainer ┇ [training]   6%|█▏                  |  18/300 [0:00:46<0:12:13, 0.38Hz] | epoch=0.72, loss=0.203600
[02.04 10:25:16] ┇ INFO    ┇    DeepKNLP.gner.trainer ┇ [training]   6%|█▎                  |  19/300 [0:00:48<0:12:01, 0.39Hz] | epoch=0.76, loss=0.184300
[02.04 10:25:18] ┇ INFO    ┇    DeepKNLP.gner.trainer ┇ [training]   7%|█▎                  |  20/300 [0:00:51<0:11:54, 0.39Hz] | epoch=0.80, loss=0.174100
[02.04 10:25:19] ┇ INFO    ┇    DeepKNLP.gner.trainer ┇ [training]   7%|█▍                  |  21/300 [0:00:52<0:11:32, 0.40Hz] | epoch=0.84, loss=0.142500
[02.04 10:25:21] ┇ INFO    ┇    DeepKNLP.gner.trainer ┇ [training]   7%|█▍                  |  22/300 [0:00:54<0:11:23, 0.41Hz] | epoch=0.88, loss=0.142200
[02.04 10:25:22] ┇ INFO    ┇    DeepKNLP.gner.trainer ┇ [training]   8%|█▌                  |  23/300 [0:00:55<0:11:03, 0.42Hz] | epoch=0.92, loss=0.147800
[02.04 10:25:23] ┇ INFO    ┇    DeepKNLP.gner.trainer ┇ [training]   8%|█▌                  |  24/300 [0:00:56<0:10:49, 0.42Hz] | epoch=0.96, loss=0.160500
[02.04 10:25:25] ┇ INFO    ┇    DeepKNLP.gner.trainer ┇ [training]   8%|█▋                  |  25/300 [0:00:57<0:10:34, 0.43Hz] | epoch=1.00, loss=0.165200
[02.04 10:25:44] ┇ INFO    ┇    DeepKNLP.gner.trainer ┇ [checking] 100%|████████████████████| 1/1 [0:00:00<0:00:00, 87550.10Hz]
[02.04 10:25:45] ┇ INFO    ┇    DeepKNLP.gner.trainer ┇ [training]   8%|█▋                  |  25/300 [0:00:57<0:10:34, 0.43Hz] | epoch=1.00, eval_average=0.4672
[02.04 10:25:47] ┇ INFO    ┇    DeepKNLP.gner.trainer ┇ [training]   9%|█▋                  |  26/300 [0:01:20<0:14:05, 0.32Hz] | epoch=1.04, loss=0.119000
[02.04 10:25:48] ┇ INFO    ┇    DeepKNLP.gner.trainer ┇ [training]   9%|█▊                  |  27/300 [0:01:21<0:13:41, 0.33Hz] | epoch=1.08, loss=0.117500
[02.04 10:25:49] ┇ INFO    ┇    DeepKNLP.gner.trainer ┇ [training]   9%|█▊                  |  28/300 [0:01:22<0:13:19, 0.34Hz] | epoch=1.12, loss=0.092300
[02.04 10:25:50] ┇ INFO    ┇    DeepKNLP.gner.trainer ┇ [training]  10%|█▉                  |  29/300 [0:01:23<0:12:57, 0.35Hz] | epoch=1.16, loss=0.096300
[02.04 10:25:51] ┇ INFO    ┇    DeepKNLP.gner.trainer ┇ [training]  10%|██                  |  30/300 [0:01:24<0:12:39, 0.36Hz] | epoch=1.20, loss=0.124200
[02.04 10:25:52] ┇ INFO    ┇    DeepKNLP.gner.trainer ┇ [training]  10%|██                  |  31/300 [0:01:25<0:12:21, 0.36Hz] | epoch=1.24, loss=0.095800
[02.04 10:25:54] ┇ INFO    ┇    DeepKNLP.gner.trainer ┇ [training]  11%|██▏                 |  32/300 [0:01:26<0:12:06, 0.37Hz] | epoch=1.28, loss=0.047100
[02.04 10:25:55] ┇ INFO    ┇    DeepKNLP.gner.trainer ┇ [training]  11%|██▏                 |  33/300 [0:01:27<0:11:49, 0.38Hz] | epoch=1.32, loss=0.085700
[02.04 10:25:56] ┇ INFO    ┇    DeepKNLP.gner.trainer ┇ [training]  11%|██▎                 |  34/300 [0:01:29<0:11:36, 0.38Hz] | epoch=1.36, loss=0.050000
[02.04 10:25:57] ┇ INFO    ┇    DeepKNLP.gner.trainer ┇ [training]  12%|██▎                 |  35/300 [0:01:30<0:11:22, 0.39Hz] | epoch=1.40, loss=0.098400
[02.04 10:25:59] ┇ INFO    ┇    DeepKNLP.gner.trainer ┇ [training]  12%|██▍                 |  36/300 [0:01:31<0:11:12, 0.39Hz] | epoch=1.44, loss=0.074400
[02.04 10:26:01] ┇ INFO    ┇    DeepKNLP.gner.trainer ┇ [training]  12%|██▍                 |  37/300 [0:01:34<0:11:09, 0.39Hz] | epoch=1.48, loss=0.133100
[02.04 10:26:03] ┇ INFO    ┇    DeepKNLP.gner.trainer ┇ [training]  13%|██▌                 |  38/300 [0:01:35<0:11:00, 0.40Hz] | epoch=1.52, loss=0.123800
[02.04 10:26:22] ┇ INFO    ┇    DeepKNLP.gner.trainer ┇ [checking] 100%|████████████████████| 1/1 [0:00:00<0:00:00, 99909.68Hz]
[02.04 10:26:23] ┇ INFO    ┇    DeepKNLP.gner.trainer ┇ [training]  13%|██▌                 |  38/300 [0:01:35<0:11:00, 0.40Hz] | epoch=1.52, eval_average=0.4865
[02.04 10:26:24] ┇ INFO    ┇    DeepKNLP.gner.trainer ┇ [training]  13%|██▌                 |  39/300 [0:01:56<0:13:01, 0.33Hz] | epoch=1.56, loss=0.071500
[02.04 10:26:25] ┇ INFO    ┇    DeepKNLP.gner.trainer ┇ [training]  13%|██▋                 |  40/300 [0:01:57<0:12:45, 0.34Hz] | epoch=1.60, loss=0.090900
[02.04 10:26:26] ┇ INFO    ┇    DeepKNLP.gner.trainer ┇ [training]  14%|██▋                 |  41/300 [0:01:58<0:12:30, 0.34Hz] | epoch=1.64, loss=0.133700
[02.04 10:26:28] ┇ INFO    ┇    DeepKNLP.gner.trainer ┇ [training]  14%|██▊                 |  42/300 [0:02:00<0:12:22, 0.35Hz] | epoch=1.68, loss=0.055800
[02.04 10:26:29] ┇ INFO    ┇    DeepKNLP.gner.trainer ┇ [training]  14%|██▊                 |  43/300 [0:02:01<0:12:07, 0.35Hz] | epoch=1.72, loss=0.064100
[02.04 10:26:30] ┇ INFO    ┇    DeepKNLP.gner.trainer ┇ [training]  15%|██▉                 |  44/300 [0:02:03<0:11:56, 0.36Hz] | epoch=1.76, loss=0.097700
[02.04 10:26:31] ┇ INFO    ┇    DeepKNLP.gner.trainer ┇ [training]  15%|███                 |  45/300 [0:02:04<0:11:44, 0.36Hz] | epoch=1.80, loss=0.116300
[02.04 10:26:34] ┇ INFO    ┇    DeepKNLP.gner.trainer ┇ [training]  15%|███                 |  46/300 [0:02:07<0:11:44, 0.36Hz] | epoch=1.84, loss=0.077000
[02.04 10:26:35] ┇ INFO    ┇    DeepKNLP.gner.trainer ┇ [training]  16%|███▏                |  47/300 [0:02:08<0:11:32, 0.37Hz] | epoch=1.88, loss=0.080700
[02.04 10:26:39] ┇ INFO    ┇    DeepKNLP.gner.trainer ┇ [training]  16%|███▏                |  48/300 [0:02:11<0:11:32, 0.36Hz] | epoch=1.92, loss=0.058000
[02.04 10:26:40] ┇ INFO    ┇    DeepKNLP.gner.trainer ┇ [training]  16%|███▎                |  49/300 [0:02:12<0:11:21, 0.37Hz] | epoch=1.96, loss=0.047600
[02.04 10:26:42] ┇ INFO    ┇    DeepKNLP.gner.trainer ┇ [training]  17%|███▎                |  50/300 [0:02:14<0:11:13, 0.37Hz] | epoch=2.00, loss=0.058700
[02.04 10:26:53] ┇ INFO    ┇    DeepKNLP.gner.trainer ┇ [checking] 100%|████████████████████| 1/1 [0:00:00<0:00:00, 85895.91Hz]
[02.04 10:26:54] ┇ INFO    ┇    DeepKNLP.gner.trainer ┇ [training]  17%|███▎                |  50/300 [0:02:14<0:11:13, 0.37Hz] | epoch=2.00, eval_average=0.5446
[02.04 10:26:55] ┇ INFO    ┇    DeepKNLP.gner.trainer ┇ [training]  17%|███▍                |  51/300 [0:02:28<0:12:04, 0.34Hz] | epoch=2.04, loss=0.064300
[02.04 10:26:56] ┇ INFO    ┇    DeepKNLP.gner.trainer ┇ [training]  17%|███▍                |  52/300 [0:02:29<0:11:52, 0.35Hz] | epoch=2.08, loss=0.051600
[02.04 10:26:57] ┇ INFO    ┇    DeepKNLP.gner.trainer ┇ [training]  18%|███▌                |  53/300 [0:02:30<0:11:41, 0.35Hz] | epoch=2.12, loss=0.083700
[02.04 10:26:58] ┇ INFO    ┇    DeepKNLP.gner.trainer ┇ [training]  18%|███▌                |  54/300 [0:02:31<0:11:30, 0.36Hz] | epoch=2.16, loss=0.068300
[02.04 10:27:03] ┇ INFO    ┇    DeepKNLP.gner.trainer ┇ [training]  18%|███▋                |  55/300 [0:02:35<0:11:33, 0.35Hz] | epoch=2.20, loss=0.043100
[02.04 10:27:04] ┇ INFO    ┇    DeepKNLP.gner.trainer ┇ [training]  19%|███▋                |  56/300 [0:02:36<0:11:22, 0.36Hz] | epoch=2.24, loss=0.049600
[02.04 10:27:08] ┇ INFO    ┇    DeepKNLP.gner.trainer ┇ [training]  19%|███▊                |  57/300 [0:02:41<0:11:27, 0.35Hz] | epoch=2.28, loss=0.053300
[02.04 10:27:09] ┇ INFO    ┇    DeepKNLP.gner.trainer ┇ [training]  19%|███▊                |  58/300 [0:02:42<0:11:17, 0.36Hz] | epoch=2.32, loss=0.032800
[02.04 10:27:13] ┇ INFO    ┇    DeepKNLP.gner.trainer ┇ [training]  20%|███▉                |  59/300 [0:02:46<0:11:18, 0.36Hz] | epoch=2.36, loss=0.059900
[02.04 10:27:14] ┇ INFO    ┇    DeepKNLP.gner.trainer ┇ [training]  20%|████                |  60/300 [0:02:47<0:11:08, 0.36Hz] | epoch=2.40, loss=0.092000
[02.04 10:27:15] ┇ INFO    ┇    DeepKNLP.gner.trainer ┇ [training]  20%|████                |  61/300 [0:02:48<0:10:59, 0.36Hz] | epoch=2.44, loss=0.036900
[02.04 10:27:16] ┇ INFO    ┇    DeepKNLP.gner.trainer ┇ [training]  21%|████▏               |  62/300 [0:02:49<0:10:49, 0.37Hz] | epoch=2.48, loss=0.058800
[02.04 10:27:29] ┇ INFO    ┇    DeepKNLP.gner.trainer ┇ [checking] 100%|████████████████████| 1/1 [0:00:00<0:00:00, 93984.86Hz]
[02.04 10:27:29] ┇ INFO    ┇    DeepKNLP.gner.trainer ┇ [training]  21%|████▏               |  62/300 [0:02:49<0:10:49, 0.37Hz] | epoch=2.48, eval_average=0.5385
[02.04 10:27:30] ┇ INFO    ┇    DeepKNLP.gner.trainer ┇ [training]  21%|████▏               |  63/300 [0:03:03<0:11:30, 0.34Hz] | epoch=2.52, loss=0.025000
[02.04 10:27:31] ┇ INFO    ┇    DeepKNLP.gner.trainer ┇ [training]  21%|████▎               |  64/300 [0:03:04<0:11:23, 0.35Hz] | epoch=2.56, loss=0.037800
[02.04 10:27:32] ┇ INFO    ┇    DeepKNLP.gner.trainer ┇ [training]  22%|████▎               |  65/300 [0:03:05<0:11:14, 0.35Hz] | epoch=2.60, loss=0.061600
[02.04 10:27:33] ┇ INFO    ┇    DeepKNLP.gner.trainer ┇ [training]  22%|████▍               |  66/300 [0:03:06<0:11:11, 0.35Hz] | epoch=2.64, loss=0.056800
[02.04 10:27:34] ┇ INFO    ┇    DeepKNLP.gner.trainer ┇ [training]  22%|████▍               |  67/300 [0:03:07<0:11:07, 0.35Hz] | epoch=2.68, loss=0.073400
[02.04 10:27:35] ┇ INFO    ┇    DeepKNLP.gner.trainer ┇ [training]  23%|████▌               |  68/300 [0:03:08<0:11:03, 0.35Hz] | epoch=2.72, loss=0.071700
[02.04 10:27:36] ┇ INFO    ┇    DeepKNLP.gner.trainer ┇ [training]  23%|████▌               |  69/300 [0:03:09<0:11:00, 0.35Hz] | epoch=2.76, loss=0.047100
[02.04 10:27:38] ┇ INFO    ┇    DeepKNLP.gner.trainer ┇ [training]  23%|████▋               |  70/300 [0:03:10<0:10:58, 0.35Hz] | epoch=2.80, loss=0.037600
[02.04 10:27:39] ┇ INFO    ┇    DeepKNLP.gner.trainer ┇ [training]  24%|████▋               |  71/300 [0:03:11<0:10:55, 0.35Hz] | epoch=2.84, loss=0.078600
[02.04 10:27:40] ┇ INFO    ┇    DeepKNLP.gner.trainer ┇ [training]  24%|████▊               |  72/300 [0:03:12<0:10:48, 0.35Hz] | epoch=2.88, loss=0.049900
[02.04 10:27:41] ┇ INFO    ┇    DeepKNLP.gner.trainer ┇ [training]  24%|████▊               |  73/300 [0:03:13<0:10:43, 0.35Hz] | epoch=2.92, loss=0.032300
[02.04 10:27:42] ┇ INFO    ┇    DeepKNLP.gner.trainer ┇ [training]  25%|████▉               |  74/300 [0:03:14<0:10:40, 0.35Hz] | epoch=2.96, loss=0.068400
[02.04 10:27:43] ┇ INFO    ┇    DeepKNLP.gner.trainer ┇ [training]  25%|█████               |  75/300 [0:03:15<0:10:34, 0.35Hz] | epoch=3.00, loss=0.059900
[02.04 10:27:55] ┇ INFO    ┇    DeepKNLP.gner.trainer ┇ [checking] 100%|████████████████████| 1/1 [0:00:00<0:00:00, 87858.14Hz]
[02.04 10:27:55] ┇ INFO    ┇    DeepKNLP.gner.trainer ┇ [training]  25%|█████               |  75/300 [0:03:15<0:10:34, 0.35Hz] | epoch=3.00, eval_average=0.5648
[02.04 10:27:56] ┇ INFO    ┇    DeepKNLP.gner.trainer ┇ [training]  25%|█████               |  76/300 [0:03:29<0:10:03, 0.37Hz] | epoch=3.04, loss=0.019300
[02.04 10:27:57] ┇ INFO    ┇    DeepKNLP.gner.trainer ┇ [training]  26%|█████▏              |  77/300 [0:03:30<0:09:58, 0.37Hz] | epoch=3.08, loss=0.024700
[02.04 10:27:58] ┇ INFO    ┇    DeepKNLP.gner.trainer ┇ [training]  26%|█████▏              |  78/300 [0:03:31<0:09:55, 0.37Hz] | epoch=3.12, loss=0.046000
[02.04 10:27:59] ┇ INFO    ┇    DeepKNLP.gner.trainer ┇ [training]  26%|█████▎              |  79/300 [0:03:32<0:09:47, 0.38Hz] | epoch=3.16, loss=0.037500
[02.04 10:28:00] ┇ INFO    ┇    DeepKNLP.gner.trainer ┇ [training]  27%|█████▎              |  80/300 [0:03:33<0:09:44, 0.38Hz] | epoch=3.20, loss=0.033100
[02.04 10:28:01] ┇ INFO    ┇    DeepKNLP.gner.trainer ┇ [training]  27%|█████▍              |  81/300 [0:03:34<0:09:42, 0.38Hz] | epoch=3.24, loss=0.054000
[02.04 10:28:02] ┇ INFO    ┇    DeepKNLP.gner.trainer ┇ [training]  27%|█████▍              |  82/300 [0:03:35<0:09:36, 0.38Hz] | epoch=3.28, loss=0.048100
[02.04 10:28:03] ┇ INFO    ┇    DeepKNLP.gner.trainer ┇ [training]  28%|█████▌              |  83/300 [0:03:36<0:09:29, 0.38Hz] | epoch=3.32, loss=0.051300
[02.04 10:28:04] ┇ INFO    ┇    DeepKNLP.gner.trainer ┇ [training]  28%|█████▌              |  84/300 [0:03:37<0:09:26, 0.38Hz] | epoch=3.36, loss=0.048300
[02.04 10:28:05] ┇ INFO    ┇    DeepKNLP.gner.trainer ┇ [training]  28%|█████▋              |  85/300 [0:03:38<0:09:20, 0.38Hz] | epoch=3.40, loss=0.033000
[02.04 10:28:06] ┇ INFO    ┇    DeepKNLP.gner.trainer ┇ [training]  29%|█████▋              |  86/300 [0:03:39<0:09:17, 0.38Hz] | epoch=3.44, loss=0.046900
[02.04 10:28:07] ┇ INFO    ┇    DeepKNLP.gner.trainer ┇ [training]  29%|█████▊              |  87/300 [0:03:40<0:09:14, 0.38Hz] | epoch=3.48, loss=0.031900
[02.04 10:28:08] ┇ INFO    ┇    DeepKNLP.gner.trainer ┇ [training]  29%|█████▊              |  88/300 [0:03:41<0:09:10, 0.38Hz] | epoch=3.52, loss=0.047300
[02.04 10:28:24] ┇ INFO    ┇    DeepKNLP.gner.trainer ┇ [checking] 100%|████████████████████| 1/1 [0:00:00<0:00:00, 102584.76Hz]
[02.04 10:28:24] ┇ INFO    ┇    DeepKNLP.gner.trainer ┇ [training]  29%|█████▊              |  88/300 [0:03:41<0:09:10, 0.38Hz] | epoch=3.52, eval_average=0.6154
[02.04 10:28:25] ┇ INFO    ┇    DeepKNLP.gner.trainer ┇ [training]  30%|█████▉              |  89/300 [0:03:58<0:08:48, 0.40Hz] | epoch=3.56, loss=0.046900
[02.04 10:28:26] ┇ INFO    ┇    DeepKNLP.gner.trainer ┇ [training]  30%|██████              |  90/300 [0:03:59<0:08:46, 0.40Hz] | epoch=3.60, loss=0.035200
[02.04 10:28:27] ┇ INFO    ┇    DeepKNLP.gner.trainer ┇ [training]  30%|██████              |  91/300 [0:04:00<0:08:43, 0.40Hz] | epoch=3.64, loss=0.025500
[02.04 10:28:28] ┇ INFO    ┇    DeepKNLP.gner.trainer ┇ [training]  31%|██████▏             |  92/300 [0:04:01<0:08:41, 0.40Hz] | epoch=3.68, loss=0.038600
[02.04 10:28:29] ┇ INFO    ┇    DeepKNLP.gner.trainer ┇ [training]  31%|██████▏             |  93/300 [0:04:02<0:08:37, 0.40Hz] | epoch=3.72, loss=0.031000
[02.04 10:28:30] ┇ INFO    ┇    DeepKNLP.gner.trainer ┇ [training]  31%|██████▎             |  94/300 [0:04:03<0:08:35, 0.40Hz] | epoch=3.76, loss=0.064100
[02.04 10:28:31] ┇ INFO    ┇    DeepKNLP.gner.trainer ┇ [training]  32%|██████▎             |  95/300 [0:04:04<0:08:31, 0.40Hz] | epoch=3.80, loss=0.040300
[02.04 10:28:32] ┇ INFO    ┇    DeepKNLP.gner.trainer ┇ [training]  32%|██████▍             |  96/300 [0:04:05<0:08:29, 0.40Hz] | epoch=3.84, loss=0.065200
[02.04 10:28:33] ┇ INFO    ┇    DeepKNLP.gner.trainer ┇ [training]  32%|██████▍             |  97/300 [0:04:06<0:08:26, 0.40Hz] | epoch=3.88, loss=0.038500
[02.04 10:28:34] ┇ INFO    ┇    DeepKNLP.gner.trainer ┇ [training]  33%|██████▌             |  98/300 [0:04:07<0:08:23, 0.40Hz] | epoch=3.92, loss=0.060900
[02.04 10:28:35] ┇ INFO    ┇    DeepKNLP.gner.trainer ┇ [training]  33%|██████▌             |  99/300 [0:04:08<0:08:19, 0.40Hz] | epoch=3.96, loss=0.028600
[02.04 10:28:36] ┇ INFO    ┇    DeepKNLP.gner.trainer ┇ [training]  33%|██████▋             | 100/300 [0:04:09<0:08:12, 0.41Hz] | epoch=4.00, loss=0.033700
[02.04 10:28:49] ┇ INFO    ┇    DeepKNLP.gner.trainer ┇ [checking] 100%|████████████████████| 1/1 [0:00:00<0:00:00, 93632.96Hz]
[02.04 10:28:49] ┇ INFO    ┇    DeepKNLP.gner.trainer ┇ [training]  33%|██████▋             | 100/300 [0:04:09<0:08:12, 0.41Hz] | epoch=4.00, eval_average=0.6341
[02.04 10:28:50] ┇ INFO    ┇    DeepKNLP.gner.trainer ┇ [training]  34%|██████▋             | 101/300 [0:04:23<0:08:48, 0.38Hz] | epoch=4.04, loss=0.054500
[02.04 10:28:51] ┇ INFO    ┇    DeepKNLP.gner.trainer ┇ [training]  34%|██████▊             | 102/300 [0:04:23<0:07:42, 0.43Hz] | epoch=4.08, loss=0.022700
[02.04 10:28:52] ┇ INFO    ┇    DeepKNLP.gner.trainer ┇ [training]  34%|██████▊             | 103/300 [0:04:25<0:07:40, 0.43Hz] | epoch=4.12, loss=0.016100
[02.04 10:28:53] ┇ INFO    ┇    DeepKNLP.gner.trainer ┇ [training]  35%|██████▉             | 104/300 [0:04:26<0:07:38, 0.43Hz] | epoch=4.16, loss=0.048400
[02.04 10:28:54] ┇ INFO    ┇    DeepKNLP.gner.trainer ┇ [training]  35%|███████             | 105/300 [0:04:27<0:07:33, 0.43Hz] | epoch=4.20, loss=0.028600
[02.04 10:28:55] ┇ INFO    ┇    DeepKNLP.gner.trainer ┇ [training]  35%|███████             | 106/300 [0:04:28<0:07:31, 0.43Hz] | epoch=4.24, loss=0.027800
[02.04 10:28:56] ┇ INFO    ┇    DeepKNLP.gner.trainer ┇ [training]  36%|███████▏            | 107/300 [0:04:29<0:07:27, 0.43Hz] | epoch=4.28, loss=0.033600
[02.04 10:28:57] ┇ INFO    ┇    DeepKNLP.gner.trainer ┇ [training]  36%|███████▏            | 108/300 [0:04:30<0:07:24, 0.43Hz] | epoch=4.32, loss=0.033200
[02.04 10:28:58] ┇ INFO    ┇    DeepKNLP.gner.trainer ┇ [training]  36%|███████▎            | 109/300 [0:04:31<0:07:15, 0.44Hz] | epoch=4.36, loss=0.025500
[02.04 10:28:59] ┇ INFO    ┇    DeepKNLP.gner.trainer ┇ [training]  37%|███████▎            | 110/300 [0:04:32<0:07:13, 0.44Hz] | epoch=4.40, loss=0.042800
[02.04 10:29:00] ┇ INFO    ┇    DeepKNLP.gner.trainer ┇ [training]  37%|███████▍            | 111/300 [0:04:33<0:07:04, 0.45Hz] | epoch=4.44, loss=0.027900
[02.04 10:29:01] ┇ INFO    ┇    DeepKNLP.gner.trainer ┇ [training]  37%|███████▍            | 112/300 [0:04:34<0:07:01, 0.45Hz] | epoch=4.48, loss=0.055100
[02.04 10:29:14] ┇ INFO    ┇    DeepKNLP.gner.trainer ┇ [checking] 100%|████████████████████| 1/1 [0:00:00<0:00:00, 89758.51Hz]
[02.04 10:29:14] ┇ INFO    ┇    DeepKNLP.gner.trainer ┇ [training]  37%|███████▍            | 112/300 [0:04:34<0:07:01, 0.45Hz] | epoch=4.48, eval_average=0.6223
[02.04 10:29:15] ┇ INFO    ┇    DeepKNLP.gner.trainer ┇ [training]  38%|███████▌            | 113/300 [0:04:47<0:07:34, 0.41Hz] | epoch=4.52, loss=0.043100
[02.04 10:29:16] ┇ INFO    ┇    DeepKNLP.gner.trainer ┇ [training]  38%|███████▌            | 114/300 [0:04:48<0:06:54, 0.45Hz] | epoch=4.56, loss=0.041500
[02.04 10:29:17] ┇ INFO    ┇    DeepKNLP.gner.trainer ┇ [training]  38%|███████▋            | 115/300 [0:04:49<0:06:52, 0.45Hz] | epoch=4.60, loss=0.026600
[02.04 10:29:18] ┇ INFO    ┇    DeepKNLP.gner.trainer ┇ [training]  39%|███████▋            | 116/300 [0:04:50<0:06:49, 0.45Hz] | epoch=4.64, loss=0.019900
[02.04 10:29:19] ┇ INFO    ┇    DeepKNLP.gner.trainer ┇ [training]  39%|███████▊            | 117/300 [0:04:51<0:06:47, 0.45Hz] | epoch=4.68, loss=0.040900
[02.04 10:29:20] ┇ INFO    ┇    DeepKNLP.gner.trainer ┇ [training]  39%|███████▊            | 118/300 [0:04:52<0:06:36, 0.46Hz] | epoch=4.72, loss=0.041300
[02.04 10:29:21] ┇ INFO    ┇    DeepKNLP.gner.trainer ┇ [training]  40%|███████▉            | 119/300 [0:04:53<0:06:34, 0.46Hz] | epoch=4.76, loss=0.015500
[02.04 10:29:22] ┇ INFO    ┇    DeepKNLP.gner.trainer ┇ [training]  40%|████████            | 120/300 [0:04:54<0:06:21, 0.47Hz] | epoch=4.80, loss=0.017900
[02.04 10:29:23] ┇ INFO    ┇    DeepKNLP.gner.trainer ┇ [training]  40%|████████            | 121/300 [0:04:55<0:06:19, 0.47Hz] | epoch=4.84, loss=0.017900
[02.04 10:29:24] ┇ INFO    ┇    DeepKNLP.gner.trainer ┇ [training]  41%|████████▏           | 122/300 [0:04:56<0:06:09, 0.48Hz] | epoch=4.88, loss=0.019500
[02.04 10:29:25] ┇ INFO    ┇    DeepKNLP.gner.trainer ┇ [training]  41%|████████▏           | 123/300 [0:04:57<0:06:07, 0.48Hz] | epoch=4.92, loss=0.032300
[02.04 10:29:26] ┇ INFO    ┇    DeepKNLP.gner.trainer ┇ [training]  41%|████████▎           | 124/300 [0:04:58<0:06:04, 0.48Hz] | epoch=4.96, loss=0.039800
[02.04 10:29:27] ┇ INFO    ┇    DeepKNLP.gner.trainer ┇ [training]  42%|████████▎           | 125/300 [0:04:59<0:06:02, 0.48Hz] | epoch=5.00, loss=0.023400
[02.04 10:29:39] ┇ INFO    ┇    DeepKNLP.gner.trainer ┇ [checking] 100%|████████████████████| 1/1 [0:00:00<0:00:00, 94966.77Hz]
[02.04 10:29:39] ┇ INFO    ┇    DeepKNLP.gner.trainer ┇ [training]  42%|████████▎           | 125/300 [0:04:59<0:06:02, 0.48Hz] | epoch=5.00, eval_average=0.6356
[02.04 10:29:40] ┇ INFO    ┇    DeepKNLP.gner.trainer ┇ [training]  42%|████████▍           | 126/300 [0:05:13<0:05:58, 0.49Hz] | epoch=5.04, loss=0.042900
[02.04 10:29:41] ┇ INFO    ┇    DeepKNLP.gner.trainer ┇ [training]  42%|████████▍           | 127/300 [0:05:14<0:05:56, 0.49Hz] | epoch=5.08, loss=0.036500
[02.04 10:29:42] ┇ INFO    ┇    DeepKNLP.gner.trainer ┇ [training]  43%|████████▌           | 128/300 [0:05:15<0:05:54, 0.49Hz] | epoch=5.12, loss=0.025800
[02.04 10:29:43] ┇ INFO    ┇    DeepKNLP.gner.trainer ┇ [training]  43%|████████▌           | 129/300 [0:05:16<0:05:52, 0.49Hz] | epoch=5.16, loss=0.028200
[02.04 10:29:44] ┇ INFO    ┇    DeepKNLP.gner.trainer ┇ [training]  43%|████████▋           | 130/300 [0:05:17<0:05:49, 0.49Hz] | epoch=5.20, loss=0.028300
[02.04 10:29:45] ┇ INFO    ┇    DeepKNLP.gner.trainer ┇ [training]  44%|████████▋           | 131/300 [0:05:18<0:05:47, 0.49Hz] | epoch=5.24, loss=0.022500
[02.04 10:29:46] ┇ INFO    ┇    DeepKNLP.gner.trainer ┇ [training]  44%|████████▊           | 132/300 [0:05:19<0:05:45, 0.49Hz] | epoch=5.28, loss=0.025100
[02.04 10:29:47] ┇ INFO    ┇    DeepKNLP.gner.trainer ┇ [training]  44%|████████▊           | 133/300 [0:05:20<0:05:42, 0.49Hz] | epoch=5.32, loss=0.009300
[02.04 10:29:48] ┇ INFO    ┇    DeepKNLP.gner.trainer ┇ [training]  45%|████████▉           | 134/300 [0:05:21<0:05:41, 0.49Hz] | epoch=5.36, loss=0.033200
[02.04 10:29:49] ┇ INFO    ┇    DeepKNLP.gner.trainer ┇ [training]  45%|█████████           | 135/300 [0:05:22<0:05:39, 0.49Hz] | epoch=5.40, loss=0.016300
[02.04 10:29:50] ┇ INFO    ┇    DeepKNLP.gner.trainer ┇ [training]  45%|█████████           | 136/300 [0:05:23<0:05:37, 0.49Hz] | epoch=5.44, loss=0.027100
[02.04 10:29:51] ┇ INFO    ┇    DeepKNLP.gner.trainer ┇ [training]  46%|█████████▏          | 137/300 [0:05:24<0:05:35, 0.49Hz] | epoch=5.48, loss=0.021700
[02.04 10:29:52] ┇ INFO    ┇    DeepKNLP.gner.trainer ┇ [training]  46%|█████████▏          | 138/300 [0:05:25<0:05:33, 0.49Hz] | epoch=5.52, loss=0.022300
[02.04 10:30:04] ┇ INFO    ┇    DeepKNLP.gner.trainer ┇ [checking] 100%|████████████████████| 1/1 [0:00:00<0:00:00, 91241.05Hz]
[02.04 10:30:05] ┇ INFO    ┇    DeepKNLP.gner.trainer ┇ [training]  46%|█████████▏          | 138/300 [0:05:25<0:05:33, 0.49Hz] | epoch=5.52, eval_average=0.6309
[02.04 10:30:06] ┇ INFO    ┇    DeepKNLP.gner.trainer ┇ [training]  46%|█████████▎          | 139/300 [0:05:38<0:05:30, 0.49Hz] | epoch=5.56, loss=0.009300
[02.04 10:30:07] ┇ INFO    ┇    DeepKNLP.gner.trainer ┇ [training]  47%|█████████▎          | 140/300 [0:05:39<0:05:28, 0.49Hz] | epoch=5.60, loss=0.023600
[02.04 10:30:08] ┇ INFO    ┇    DeepKNLP.gner.trainer ┇ [training]  47%|█████████▍          | 141/300 [0:05:40<0:05:26, 0.49Hz] | epoch=5.64, loss=0.018200
[02.04 10:30:09] ┇ INFO    ┇    DeepKNLP.gner.trainer ┇ [training]  47%|█████████▍          | 142/300 [0:05:41<0:05:24, 0.49Hz] | epoch=5.68, loss=0.014400
[02.04 10:30:10] ┇ INFO    ┇    DeepKNLP.gner.trainer ┇ [training]  48%|█████████▌          | 143/300 [0:05:42<0:05:22, 0.49Hz] | epoch=5.72, loss=0.032900
[02.04 10:30:11] ┇ INFO    ┇    DeepKNLP.gner.trainer ┇ [training]  48%|█████████▌          | 144/300 [0:05:43<0:05:20, 0.49Hz] | epoch=5.76, loss=0.031900
[02.04 10:30:12] ┇ INFO    ┇    DeepKNLP.gner.trainer ┇ [training]  48%|█████████▋          | 145/300 [0:05:44<0:05:18, 0.49Hz] | epoch=5.80, loss=0.018500
[02.04 10:30:13] ┇ INFO    ┇    DeepKNLP.gner.trainer ┇ [training]  49%|█████████▋          | 146/300 [0:05:45<0:05:16, 0.49Hz] | epoch=5.84, loss=0.016800
[02.04 10:30:14] ┇ INFO    ┇    DeepKNLP.gner.trainer ┇ [training]  49%|█████████▊          | 147/300 [0:05:46<0:05:14, 0.49Hz] | epoch=5.88, loss=0.019600
[02.04 10:30:15] ┇ INFO    ┇    DeepKNLP.gner.trainer ┇ [training]  49%|█████████▊          | 148/300 [0:05:47<0:05:12, 0.49Hz] | epoch=5.92, loss=0.020800
[02.04 10:30:16] ┇ INFO    ┇    DeepKNLP.gner.trainer ┇ [training]  50%|█████████▉          | 149/300 [0:05:48<0:05:10, 0.49Hz] | epoch=5.96, loss=0.033900
[02.04 10:30:17] ┇ INFO    ┇    DeepKNLP.gner.trainer ┇ [training]  50%|██████████          | 150/300 [0:05:49<0:05:08, 0.49Hz] | epoch=6.00, loss=0.027300
[02.04 10:30:29] ┇ INFO    ┇    DeepKNLP.gner.trainer ┇ [checking] 100%|████████████████████| 1/1 [0:00:00<0:00:00, 99413.64Hz]
[02.04 10:30:29] ┇ INFO    ┇    DeepKNLP.gner.trainer ┇ [training]  50%|██████████          | 150/300 [0:05:49<0:05:08, 0.49Hz] | epoch=6.00, eval_average=0.6170
[02.04 10:30:30] ┇ INFO    ┇    DeepKNLP.gner.trainer ┇ [training]  50%|██████████          | 151/300 [0:06:03<0:05:35, 0.44Hz] | epoch=6.04, loss=0.017300
[02.04 10:30:31] ┇ INFO    ┇    DeepKNLP.gner.trainer ┇ [training]  51%|██████████▏         | 152/300 [0:06:04<0:04:56, 0.50Hz] | epoch=6.08, loss=0.020300
[02.04 10:30:32] ┇ INFO    ┇    DeepKNLP.gner.trainer ┇ [training]  51%|██████████▏         | 153/300 [0:06:05<0:04:54, 0.50Hz] | epoch=6.12, loss=0.031800
[02.04 10:30:33] ┇ INFO    ┇    DeepKNLP.gner.trainer ┇ [training]  51%|██████████▎         | 154/300 [0:06:06<0:04:52, 0.50Hz] | epoch=6.16, loss=0.017200
[02.04 10:30:34] ┇ INFO    ┇    DeepKNLP.gner.trainer ┇ [training]  52%|██████████▎         | 155/300 [0:06:07<0:04:50, 0.50Hz] | epoch=6.20, loss=0.020500
[02.04 10:30:35] ┇ INFO    ┇    DeepKNLP.gner.trainer ┇ [training]  52%|██████████▍         | 156/300 [0:06:08<0:04:48, 0.50Hz] | epoch=6.24, loss=0.047800
[02.04 10:30:36] ┇ INFO    ┇    DeepKNLP.gner.trainer ┇ [training]  52%|██████████▍         | 157/300 [0:06:09<0:04:46, 0.50Hz] | epoch=6.28, loss=0.015200
[02.04 10:30:37] ┇ INFO    ┇    DeepKNLP.gner.trainer ┇ [training]  53%|██████████▌         | 158/300 [0:06:10<0:04:44, 0.50Hz] | epoch=6.32, loss=0.020500
[02.04 10:30:38] ┇ INFO    ┇    DeepKNLP.gner.trainer ┇ [training]  53%|██████████▌         | 159/300 [0:06:11<0:04:42, 0.50Hz] | epoch=6.36, loss=0.014800
[02.04 10:30:39] ┇ INFO    ┇    DeepKNLP.gner.trainer ┇ [training]  53%|██████████▋         | 160/300 [0:06:12<0:04:40, 0.50Hz] | epoch=6.40, loss=0.011600
[02.04 10:30:40] ┇ INFO    ┇    DeepKNLP.gner.trainer ┇ [training]  54%|██████████▋         | 161/300 [0:06:13<0:04:38, 0.50Hz] | epoch=6.44, loss=0.020400
[02.04 10:30:41] ┇ INFO    ┇    DeepKNLP.gner.trainer ┇ [training]  54%|██████████▊         | 162/300 [0:06:14<0:04:36, 0.50Hz] | epoch=6.48, loss=0.006800
[02.04 10:30:55] ┇ INFO    ┇    DeepKNLP.gner.trainer ┇ [checking] 100%|████████████████████| 1/1 [0:00:00<0:00:00, 90163.16Hz]
[02.04 10:30:55] ┇ INFO    ┇    DeepKNLP.gner.trainer ┇ [training]  54%|██████████▊         | 162/300 [0:06:14<0:04:36, 0.50Hz] | epoch=6.48, eval_average=0.6561
[02.04 10:30:56] ┇ INFO    ┇    DeepKNLP.gner.trainer ┇ [training]  54%|██████████▊         | 163/300 [0:06:28<0:05:03, 0.45Hz] | epoch=6.52, loss=0.016900
[02.04 10:30:57] ┇ INFO    ┇    DeepKNLP.gner.trainer ┇ [training]  55%|██████████▉         | 164/300 [0:06:29<0:04:34, 0.50Hz] | epoch=6.56, loss=0.014700
[02.04 10:30:58] ┇ INFO    ┇    DeepKNLP.gner.trainer ┇ [training]  55%|███████████         | 165/300 [0:06:30<0:04:32, 0.50Hz] | epoch=6.60, loss=0.012600
[02.04 10:30:59] ┇ INFO    ┇    DeepKNLP.gner.trainer ┇ [training]  55%|███████████         | 166/300 [0:06:31<0:04:29, 0.50Hz] | epoch=6.64, loss=0.016400
[02.04 10:31:00] ┇ INFO    ┇    DeepKNLP.gner.trainer ┇ [training]  56%|███████████▏        | 167/300 [0:06:32<0:04:27, 0.50Hz] | epoch=6.68, loss=0.028000
[02.04 10:31:01] ┇ INFO    ┇    DeepKNLP.gner.trainer ┇ [training]  56%|███████████▏        | 168/300 [0:06:33<0:04:25, 0.50Hz] | epoch=6.72, loss=0.018700
[02.04 10:31:02] ┇ INFO    ┇    DeepKNLP.gner.trainer ┇ [training]  56%|███████████▎        | 169/300 [0:06:34<0:04:23, 0.50Hz] | epoch=6.76, loss=0.030400
[02.04 10:31:03] ┇ INFO    ┇    DeepKNLP.gner.trainer ┇ [training]  57%|███████████▎        | 170/300 [0:06:35<0:04:21, 0.50Hz] | epoch=6.80, loss=0.010000
[02.04 10:31:04] ┇ INFO    ┇    DeepKNLP.gner.trainer ┇ [training]  57%|███████████▍        | 171/300 [0:06:36<0:04:19, 0.50Hz] | epoch=6.84, loss=0.014800
[02.04 10:31:05] ┇ INFO    ┇    DeepKNLP.gner.trainer ┇ [training]  57%|███████████▍        | 172/300 [0:06:37<0:04:17, 0.50Hz] | epoch=6.88, loss=0.020800
[02.04 10:31:06] ┇ INFO    ┇    DeepKNLP.gner.trainer ┇ [training]  58%|███████████▌        | 173/300 [0:06:38<0:04:15, 0.50Hz] | epoch=6.92, loss=0.019400
[02.04 10:31:07] ┇ INFO    ┇    DeepKNLP.gner.trainer ┇ [training]  58%|███████████▌        | 174/300 [0:06:39<0:04:13, 0.50Hz] | epoch=6.96, loss=0.030500
[02.04 10:31:08] ┇ INFO    ┇    DeepKNLP.gner.trainer ┇ [training]  58%|███████████▋        | 175/300 [0:06:40<0:04:11, 0.50Hz] | epoch=7.00, loss=0.032600
[02.04 10:31:20] ┇ INFO    ┇    DeepKNLP.gner.trainer ┇ [checking] 100%|████████████████████| 1/1 [0:00:00<0:00:00, 101739.71Hz]
[02.04 10:31:20] ┇ INFO    ┇    DeepKNLP.gner.trainer ┇ [training]  58%|███████████▋        | 175/300 [0:06:40<0:04:11, 0.50Hz] | epoch=7.00, eval_average=0.6715
[02.04 10:31:21] ┇ INFO    ┇    DeepKNLP.gner.trainer ┇ [training]  59%|███████████▋        | 176/300 [0:06:54<0:04:09, 0.50Hz] | epoch=7.04, loss=0.007400
[02.04 10:31:22] ┇ INFO    ┇    DeepKNLP.gner.trainer ┇ [training]  59%|███████████▊        | 177/300 [0:06:55<0:04:07, 0.50Hz] | epoch=7.08, loss=0.029100
[02.04 10:31:23] ┇ INFO    ┇    DeepKNLP.gner.trainer ┇ [training]  59%|███████████▊        | 178/300 [0:06:56<0:04:05, 0.50Hz] | epoch=7.12, loss=0.010900
[02.04 10:31:25] ┇ INFO    ┇    DeepKNLP.gner.trainer ┇ [training]  60%|███████████▉        | 179/300 [0:06:57<0:04:03, 0.50Hz] | epoch=7.16, loss=0.048300
[02.04 10:31:26] ┇ INFO    ┇    DeepKNLP.gner.trainer ┇ [training]  60%|████████████        | 180/300 [0:06:58<0:04:01, 0.50Hz] | epoch=7.20, loss=0.014900
[02.04 10:31:27] ┇ INFO    ┇    DeepKNLP.gner.trainer ┇ [training]  60%|████████████        | 181/300 [0:06:59<0:03:59, 0.50Hz] | epoch=7.24, loss=0.018800
[02.04 10:31:28] ┇ INFO    ┇    DeepKNLP.gner.trainer ┇ [training]  61%|████████████▏       | 182/300 [0:07:00<0:03:57, 0.50Hz] | epoch=7.28, loss=0.024600
[02.04 10:31:29] ┇ INFO    ┇    DeepKNLP.gner.trainer ┇ [training]  61%|████████████▏       | 183/300 [0:07:01<0:03:55, 0.50Hz] | epoch=7.32, loss=0.018100
[02.04 10:31:30] ┇ INFO    ┇    DeepKNLP.gner.trainer ┇ [training]  61%|████████████▎       | 184/300 [0:07:02<0:03:53, 0.50Hz] | epoch=7.36, loss=0.011600
[02.04 10:31:31] ┇ INFO    ┇    DeepKNLP.gner.trainer ┇ [training]  62%|████████████▎       | 185/300 [0:07:03<0:03:51, 0.50Hz] | epoch=7.40, loss=0.023900
[02.04 10:31:32] ┇ INFO    ┇    DeepKNLP.gner.trainer ┇ [training]  62%|████████████▍       | 186/300 [0:07:04<0:03:49, 0.50Hz] | epoch=7.44, loss=0.020500
[02.04 10:31:33] ┇ INFO    ┇    DeepKNLP.gner.trainer ┇ [training]  62%|████████████▍       | 187/300 [0:07:05<0:03:47, 0.50Hz] | epoch=7.48, loss=0.021900
[02.04 10:31:34] ┇ INFO    ┇    DeepKNLP.gner.trainer ┇ [training]  63%|████████████▌       | 188/300 [0:07:06<0:03:45, 0.50Hz] | epoch=7.52, loss=0.023700
[02.04 10:31:46] ┇ INFO    ┇    DeepKNLP.gner.trainer ┇ [checking] 100%|████████████████████| 1/1 [0:00:00<0:00:00, 91149.08Hz]
[02.04 10:31:46] ┇ INFO    ┇    DeepKNLP.gner.trainer ┇ [training]  63%|████████████▌       | 188/300 [0:07:06<0:03:45, 0.50Hz] | epoch=7.52, eval_average=0.6889
[02.04 10:31:47] ┇ INFO    ┇    DeepKNLP.gner.trainer ┇ [training]  63%|████████████▌       | 189/300 [0:07:20<0:03:44, 0.50Hz] | epoch=7.56, loss=0.011100
[02.04 10:31:48] ┇ INFO    ┇    DeepKNLP.gner.trainer ┇ [training]  63%|████████████▋       | 190/300 [0:07:21<0:03:42, 0.49Hz] | epoch=7.60, loss=0.015800
[02.04 10:31:49] ┇ INFO    ┇    DeepKNLP.gner.trainer ┇ [training]  64%|████████████▋       | 191/300 [0:07:22<0:03:40, 0.50Hz] | epoch=7.64, loss=0.011400
[02.04 10:31:50] ┇ INFO    ┇    DeepKNLP.gner.trainer ┇ [training]  64%|████████████▊       | 192/300 [0:07:23<0:03:38, 0.50Hz] | epoch=7.68, loss=0.009000
[02.04 10:31:51] ┇ INFO    ┇    DeepKNLP.gner.trainer ┇ [training]  64%|████████████▊       | 193/300 [0:07:24<0:03:36, 0.50Hz] | epoch=7.72, loss=0.010800
[02.04 10:31:52] ┇ INFO    ┇    DeepKNLP.gner.trainer ┇ [training]  65%|████████████▉       | 194/300 [0:07:25<0:03:34, 0.50Hz] | epoch=7.76, loss=0.019400
[02.04 10:31:53] ┇ INFO    ┇    DeepKNLP.gner.trainer ┇ [training]  65%|█████████████       | 195/300 [0:07:26<0:03:32, 0.50Hz] | epoch=7.80, loss=0.019600
[02.04 10:31:54] ┇ INFO    ┇    DeepKNLP.gner.trainer ┇ [training]  65%|█████████████       | 196/300 [0:07:27<0:03:29, 0.50Hz] | epoch=7.84, loss=0.034900
[02.04 10:31:55] ┇ INFO    ┇    DeepKNLP.gner.trainer ┇ [training]  66%|█████████████▏      | 197/300 [0:07:28<0:03:27, 0.50Hz] | epoch=7.88, loss=0.019200
[02.04 10:31:56] ┇ INFO    ┇    DeepKNLP.gner.trainer ┇ [training]  66%|█████████████▏      | 198/300 [0:07:29<0:03:25, 0.50Hz] | epoch=7.92, loss=0.022800
[02.04 10:31:57] ┇ INFO    ┇    DeepKNLP.gner.trainer ┇ [training]  66%|█████████████▎      | 199/300 [0:07:30<0:03:23, 0.50Hz] | epoch=7.96, loss=0.022000
[02.04 10:31:58] ┇ INFO    ┇    DeepKNLP.gner.trainer ┇ [training]  67%|█████████████▎      | 200/300 [0:07:31<0:03:21, 0.50Hz] | epoch=8.00, loss=0.018800
[02.04 10:32:11] ┇ INFO    ┇    DeepKNLP.gner.trainer ┇ [checking] 100%|████████████████████| 1/1 [0:00:00<0:00:00, 93457.74Hz]
[02.04 10:32:11] ┇ INFO    ┇    DeepKNLP.gner.trainer ┇ [training]  67%|█████████████▎      | 200/300 [0:07:31<0:03:21, 0.50Hz] | epoch=8.00, eval_average=0.6763
[02.04 10:32:12] ┇ INFO    ┇    DeepKNLP.gner.trainer ┇ [training]  67%|█████████████▍      | 201/300 [0:07:44<0:03:39, 0.45Hz] | epoch=8.04, loss=0.018400
[02.04 10:32:13] ┇ INFO    ┇    DeepKNLP.gner.trainer ┇ [training]  67%|█████████████▍      | 202/300 [0:07:45<0:03:17, 0.50Hz] | epoch=8.08, loss=0.013200
[02.04 10:32:14] ┇ INFO    ┇    DeepKNLP.gner.trainer ┇ [training]  68%|█████████████▌      | 203/300 [0:07:46<0:03:15, 0.50Hz] | epoch=8.12, loss=0.011200
[02.04 10:32:15] ┇ INFO    ┇    DeepKNLP.gner.trainer ┇ [training]  68%|█████████████▌      | 204/300 [0:07:47<0:03:13, 0.50Hz] | epoch=8.16, loss=0.009000
[02.04 10:32:16] ┇ INFO    ┇    DeepKNLP.gner.trainer ┇ [training]  68%|█████████████▋      | 205/300 [0:07:48<0:03:11, 0.50Hz] | epoch=8.20, loss=0.012200
[02.04 10:32:17] ┇ INFO    ┇    DeepKNLP.gner.trainer ┇ [training]  69%|█████████████▋      | 206/300 [0:07:49<0:03:09, 0.50Hz] | epoch=8.24, loss=0.012800
[02.04 10:32:18] ┇ INFO    ┇    DeepKNLP.gner.trainer ┇ [training]  69%|█████████████▊      | 207/300 [0:07:50<0:03:07, 0.50Hz] | epoch=8.28, loss=0.021400
[02.04 10:32:19] ┇ INFO    ┇    DeepKNLP.gner.trainer ┇ [training]  69%|█████████████▊      | 208/300 [0:07:51<0:03:05, 0.50Hz] | epoch=8.32, loss=0.015300
[02.04 10:32:20] ┇ INFO    ┇    DeepKNLP.gner.trainer ┇ [training]  70%|█████████████▉      | 209/300 [0:07:53<0:03:03, 0.49Hz] | epoch=8.36, loss=0.014500
[02.04 10:32:21] ┇ INFO    ┇    DeepKNLP.gner.trainer ┇ [training]  70%|██████████████      | 210/300 [0:07:54<0:03:01, 0.50Hz] | epoch=8.40, loss=0.011600
[02.04 10:32:22] ┇ INFO    ┇    DeepKNLP.gner.trainer ┇ [training]  70%|██████████████      | 211/300 [0:07:55<0:02:59, 0.50Hz] | epoch=8.44, loss=0.011500
[02.04 10:32:23] ┇ INFO    ┇    DeepKNLP.gner.trainer ┇ [training]  71%|██████████████▏     | 212/300 [0:07:56<0:02:57, 0.50Hz] | epoch=8.48, loss=0.016100
[02.04 10:32:35] ┇ INFO    ┇    DeepKNLP.gner.trainer ┇ [checking] 100%|████████████████████| 1/1 [0:00:00<0:00:00, 110901.54Hz]
[02.04 10:32:35] ┇ INFO    ┇    DeepKNLP.gner.trainer ┇ [training]  71%|██████████████▏     | 212/300 [0:07:56<0:02:57, 0.50Hz] | epoch=8.48, eval_average=0.6995
[02.04 10:32:36] ┇ INFO    ┇    DeepKNLP.gner.trainer ┇ [training]  71%|██████████████▏     | 213/300 [0:08:09<0:03:12, 0.45Hz] | epoch=8.52, loss=0.021500
[02.04 10:32:37] ┇ INFO    ┇    DeepKNLP.gner.trainer ┇ [training]  71%|██████████████▎     | 214/300 [0:08:10<0:02:53, 0.50Hz] | epoch=8.56, loss=0.011900
[02.04 10:32:38] ┇ INFO    ┇    DeepKNLP.gner.trainer ┇ [training]  72%|██████████████▎     | 215/300 [0:08:11<0:02:51, 0.49Hz] | epoch=8.60, loss=0.007900
[02.04 10:32:40] ┇ INFO    ┇    DeepKNLP.gner.trainer ┇ [training]  72%|██████████████▍     | 216/300 [0:08:12<0:02:50, 0.49Hz] | epoch=8.64, loss=0.011300
[02.04 10:32:41] ┇ INFO    ┇    DeepKNLP.gner.trainer ┇ [training]  72%|██████████████▍     | 217/300 [0:08:13<0:02:47, 0.49Hz] | epoch=8.68, loss=0.013300
[02.04 10:32:42] ┇ INFO    ┇    DeepKNLP.gner.trainer ┇ [training]  73%|██████████████▌     | 218/300 [0:08:14<0:02:45, 0.49Hz] | epoch=8.72, loss=0.027500
[02.04 10:32:43] ┇ INFO    ┇    DeepKNLP.gner.trainer ┇ [training]  73%|██████████████▌     | 219/300 [0:08:15<0:02:43, 0.49Hz] | epoch=8.76, loss=0.033700
[02.04 10:32:44] ┇ INFO    ┇    DeepKNLP.gner.trainer ┇ [training]  73%|██████████████▋     | 220/300 [0:08:16<0:02:41, 0.49Hz] | epoch=8.80, loss=0.018100
[02.04 10:32:45] ┇ INFO    ┇    DeepKNLP.gner.trainer ┇ [training]  74%|██████████████▋     | 221/300 [0:08:17<0:02:39, 0.49Hz] | epoch=8.84, loss=0.025200
[02.04 10:32:46] ┇ INFO    ┇    DeepKNLP.gner.trainer ┇ [training]  74%|██████████████▊     | 222/300 [0:08:18<0:02:38, 0.49Hz] | epoch=8.88, loss=0.007800
[02.04 10:32:47] ┇ INFO    ┇    DeepKNLP.gner.trainer ┇ [training]  74%|██████████████▊     | 223/300 [0:08:19<0:02:35, 0.49Hz] | epoch=8.92, loss=0.032500
[02.04 10:32:48] ┇ INFO    ┇    DeepKNLP.gner.trainer ┇ [training]  75%|██████████████▉     | 224/300 [0:08:20<0:02:33, 0.49Hz] | epoch=8.96, loss=0.022500
[02.04 10:32:49] ┇ INFO    ┇    DeepKNLP.gner.trainer ┇ [training]  75%|███████████████     | 225/300 [0:08:21<0:02:31, 0.49Hz] | epoch=9.00, loss=0.003000
[02.04 10:33:01] ┇ INFO    ┇    DeepKNLP.gner.trainer ┇ [checking] 100%|████████████████████| 1/1 [0:00:00<0:00:00, 101327.47Hz]
[02.04 10:33:01] ┇ INFO    ┇    DeepKNLP.gner.trainer ┇ [training]  75%|███████████████     | 225/300 [0:08:21<0:02:31, 0.49Hz] | epoch=9.00, eval_average=0.6944
[02.04 10:33:02] ┇ INFO    ┇    DeepKNLP.gner.trainer ┇ [training]  75%|███████████████     | 226/300 [0:08:35<0:02:28, 0.50Hz] | epoch=9.04, loss=0.007000
[02.04 10:33:03] ┇ INFO    ┇    DeepKNLP.gner.trainer ┇ [training]  76%|███████████████▏    | 227/300 [0:08:36<0:02:26, 0.50Hz] | epoch=9.08, loss=0.015900
[02.04 10:33:04] ┇ INFO    ┇    DeepKNLP.gner.trainer ┇ [training]  76%|███████████████▏    | 228/300 [0:08:37<0:02:24, 0.50Hz] | epoch=9.12, loss=0.012900
[02.04 10:33:05] ┇ INFO    ┇    DeepKNLP.gner.trainer ┇ [training]  76%|███████████████▎    | 229/300 [0:08:38<0:02:22, 0.50Hz] | epoch=9.16, loss=0.026300
[02.04 10:33:06] ┇ INFO    ┇    DeepKNLP.gner.trainer ┇ [training]  77%|███████████████▎    | 230/300 [0:08:39<0:02:20, 0.50Hz] | epoch=9.20, loss=0.026200
[02.04 10:33:07] ┇ INFO    ┇    DeepKNLP.gner.trainer ┇ [training]  77%|███████████████▍    | 231/300 [0:08:40<0:02:18, 0.50Hz] | epoch=9.24, loss=0.018300
[02.04 10:33:08] ┇ INFO    ┇    DeepKNLP.gner.trainer ┇ [training]  77%|███████████████▍    | 232/300 [0:08:41<0:02:16, 0.50Hz] | epoch=9.28, loss=0.013300
[02.04 10:33:09] ┇ INFO    ┇    DeepKNLP.gner.trainer ┇ [training]  78%|███████████████▌    | 233/300 [0:08:42<0:02:14, 0.50Hz] | epoch=9.32, loss=0.017000
[02.04 10:33:10] ┇ INFO    ┇    DeepKNLP.gner.trainer ┇ [training]  78%|███████████████▌    | 234/300 [0:08:43<0:02:12, 0.50Hz] | epoch=9.36, loss=0.019200
[02.04 10:33:11] ┇ INFO    ┇    DeepKNLP.gner.trainer ┇ [training]  78%|███████████████▋    | 235/300 [0:08:44<0:02:10, 0.50Hz] | epoch=9.40, loss=0.016000
[02.04 10:33:12] ┇ INFO    ┇    DeepKNLP.gner.trainer ┇ [training]  79%|███████████████▋    | 236/300 [0:08:45<0:02:08, 0.50Hz] | epoch=9.44, loss=0.016700
[02.04 10:33:13] ┇ INFO    ┇    DeepKNLP.gner.trainer ┇ [training]  79%|███████████████▊    | 237/300 [0:08:46<0:02:06, 0.50Hz] | epoch=9.48, loss=0.028100
[02.04 10:33:14] ┇ INFO    ┇    DeepKNLP.gner.trainer ┇ [training]  79%|███████████████▊    | 238/300 [0:08:47<0:02:04, 0.50Hz] | epoch=9.52, loss=0.015700
[02.04 10:33:26] ┇ INFO    ┇    DeepKNLP.gner.trainer ┇ [checking] 100%|████████████████████| 1/1 [0:00:00<0:00:00, 91650.41Hz]
[02.04 10:33:26] ┇ INFO    ┇    DeepKNLP.gner.trainer ┇ [training]  79%|███████████████▊    | 238/300 [0:08:47<0:02:04, 0.50Hz] | epoch=9.52, eval_average=0.7000
[02.04 10:33:27] ┇ INFO    ┇    DeepKNLP.gner.trainer ┇ [training]  80%|███████████████▉    | 239/300 [0:09:00<0:02:01, 0.50Hz] | epoch=9.56, loss=0.006200
[02.04 10:33:28] ┇ INFO    ┇    DeepKNLP.gner.trainer ┇ [training]  80%|████████████████    | 240/300 [0:09:01<0:01:59, 0.50Hz] | epoch=9.60, loss=0.017200
[02.04 10:33:29] ┇ INFO    ┇    DeepKNLP.gner.trainer ┇ [training]  80%|████████████████    | 241/300 [0:09:02<0:01:57, 0.50Hz] | epoch=9.64, loss=0.017400
[02.04 10:33:30] ┇ INFO    ┇    DeepKNLP.gner.trainer ┇ [training]  81%|████████████████▏   | 242/300 [0:09:03<0:01:55, 0.50Hz] | epoch=9.68, loss=0.008100
[02.04 10:33:31] ┇ INFO    ┇    DeepKNLP.gner.trainer ┇ [training]  81%|████████████████▏   | 243/300 [0:09:04<0:01:53, 0.50Hz] | epoch=9.72, loss=0.014200
[02.04 10:33:32] ┇ INFO    ┇    DeepKNLP.gner.trainer ┇ [training]  81%|████████████████▎   | 244/300 [0:09:05<0:01:51, 0.50Hz] | epoch=9.76, loss=0.014900
[02.04 10:33:33] ┇ INFO    ┇    DeepKNLP.gner.trainer ┇ [training]  82%|████████████████▎   | 245/300 [0:09:06<0:01:49, 0.50Hz] | epoch=9.80, loss=0.010800
[02.04 10:33:34] ┇ INFO    ┇    DeepKNLP.gner.trainer ┇ [training]  82%|████████████████▍   | 246/300 [0:09:07<0:01:47, 0.50Hz] | epoch=9.84, loss=0.021100
[02.04 10:33:35] ┇ INFO    ┇    DeepKNLP.gner.trainer ┇ [training]  82%|████████████████▍   | 247/300 [0:09:08<0:01:45, 0.50Hz] | epoch=9.88, loss=0.021100
[02.04 10:33:36] ┇ INFO    ┇    DeepKNLP.gner.trainer ┇ [training]  83%|████████████████▌   | 248/300 [0:09:09<0:01:43, 0.50Hz] | epoch=9.92, loss=0.021000
[02.04 10:33:37] ┇ INFO    ┇    DeepKNLP.gner.trainer ┇ [training]  83%|████████████████▌   | 249/300 [0:09:10<0:01:41, 0.50Hz] | epoch=9.96, loss=0.024500
[02.04 10:33:38] ┇ INFO    ┇    DeepKNLP.gner.trainer ┇ [training]  83%|████████████████▋   | 250/300 [0:09:11<0:01:39, 0.50Hz] | epoch=10.00, loss=0.022800
[02.04 10:33:50] ┇ INFO    ┇    DeepKNLP.gner.trainer ┇ [checking] 100%|████████████████████| 1/1 [0:00:00<0:00:00, 89597.95Hz]
[02.04 10:33:50] ┇ INFO    ┇    DeepKNLP.gner.trainer ┇ [training]  83%|████████████████▋   | 250/300 [0:09:11<0:01:39, 0.50Hz] | epoch=10.00, eval_average=0.7169
[02.04 10:33:51] ┇ INFO    ┇    DeepKNLP.gner.trainer ┇ [training]  84%|████████████████▋   | 251/300 [0:09:24<0:01:46, 0.46Hz] | epoch=10.04, loss=0.014200
[02.04 10:33:52] ┇ INFO    ┇    DeepKNLP.gner.trainer ┇ [training]  84%|████████████████▊   | 252/300 [0:09:25<0:01:35, 0.50Hz] | epoch=10.08, loss=0.012300
[02.04 10:33:53] ┇ INFO    ┇    DeepKNLP.gner.trainer ┇ [training]  84%|████████████████▊   | 253/300 [0:09:26<0:01:33, 0.50Hz] | epoch=10.12, loss=0.022700
[02.04 10:33:55] ┇ INFO    ┇    DeepKNLP.gner.trainer ┇ [training]  85%|████████████████▉   | 254/300 [0:09:27<0:01:31, 0.50Hz] | epoch=10.16, loss=0.020100
[02.04 10:33:56] ┇ INFO    ┇    DeepKNLP.gner.trainer ┇ [training]  85%|█████████████████   | 255/300 [0:09:28<0:01:29, 0.50Hz] | epoch=10.20, loss=0.010900
[02.04 10:33:57] ┇ INFO    ┇    DeepKNLP.gner.trainer ┇ [training]  85%|█████████████████   | 256/300 [0:09:29<0:01:27, 0.50Hz] | epoch=10.24, loss=0.012300
[02.04 10:33:58] ┇ INFO    ┇    DeepKNLP.gner.trainer ┇ [training]  86%|█████████████████▏  | 257/300 [0:09:30<0:01:25, 0.50Hz] | epoch=10.28, loss=0.006500
[02.04 10:33:59] ┇ INFO    ┇    DeepKNLP.gner.trainer ┇ [training]  86%|█████████████████▏  | 258/300 [0:09:31<0:01:23, 0.50Hz] | epoch=10.32, loss=0.008300
[02.04 10:34:00] ┇ INFO    ┇    DeepKNLP.gner.trainer ┇ [training]  86%|█████████████████▎  | 259/300 [0:09:32<0:01:21, 0.50Hz] | epoch=10.36, loss=0.012700
[02.04 10:34:01] ┇ INFO    ┇    DeepKNLP.gner.trainer ┇ [training]  87%|█████████████████▎  | 260/300 [0:09:33<0:01:19, 0.50Hz] | epoch=10.40, loss=0.015900
[02.04 10:34:02] ┇ INFO    ┇    DeepKNLP.gner.trainer ┇ [training]  87%|█████████████████▍  | 261/300 [0:09:34<0:01:17, 0.50Hz] | epoch=10.44, loss=0.031100
[02.04 10:34:03] ┇ INFO    ┇    DeepKNLP.gner.trainer ┇ [training]  87%|█████████████████▍  | 262/300 [0:09:35<0:01:15, 0.50Hz] | epoch=10.48, loss=0.016800
[02.04 10:34:15] ┇ INFO    ┇    DeepKNLP.gner.trainer ┇ [checking] 100%|████████████████████| 1/1 [0:00:00<0:00:00, 96627.40Hz]
[02.04 10:34:15] ┇ INFO    ┇    DeepKNLP.gner.trainer ┇ [training]  87%|█████████████████▍  | 262/300 [0:09:35<0:01:15, 0.50Hz] | epoch=10.48, eval_average=0.7118
[02.04 10:34:16] ┇ INFO    ┇    DeepKNLP.gner.trainer ┇ [training]  88%|█████████████████▌  | 263/300 [0:09:48<0:01:20, 0.46Hz] | epoch=10.52, loss=0.008000
[02.04 10:34:17] ┇ INFO    ┇    DeepKNLP.gner.trainer ┇ [training]  88%|█████████████████▌  | 264/300 [0:09:49<0:01:11, 0.50Hz] | epoch=10.56, loss=0.021800
[02.04 10:34:18] ┇ INFO    ┇    DeepKNLP.gner.trainer ┇ [training]  88%|█████████████████▋  | 265/300 [0:09:50<0:01:09, 0.50Hz] | epoch=10.60, loss=0.009700
[02.04 10:34:19] ┇ INFO    ┇    DeepKNLP.gner.trainer ┇ [training]  89%|█████████████████▋  | 266/300 [0:09:51<0:01:07, 0.50Hz] | epoch=10.64, loss=0.006500
[02.04 10:34:20] ┇ INFO    ┇    DeepKNLP.gner.trainer ┇ [training]  89%|█████████████████▊  | 267/300 [0:09:53<0:01:05, 0.50Hz] | epoch=10.68, loss=0.031500
[02.04 10:34:21] ┇ INFO    ┇    DeepKNLP.gner.trainer ┇ [training]  89%|█████████████████▊  | 268/300 [0:09:54<0:01:03, 0.50Hz] | epoch=10.72, loss=0.020000
[02.04 10:34:22] ┇ INFO    ┇    DeepKNLP.gner.trainer ┇ [training]  90%|█████████████████▉  | 269/300 [0:09:55<0:01:01, 0.50Hz] | epoch=10.76, loss=0.017900
[02.04 10:34:23] ┇ INFO    ┇    DeepKNLP.gner.trainer ┇ [training]  90%|██████████████████  | 270/300 [0:09:56<0:00:59, 0.50Hz] | epoch=10.80, loss=0.013400
[02.04 10:34:24] ┇ INFO    ┇    DeepKNLP.gner.trainer ┇ [training]  90%|██████████████████  | 271/300 [0:09:57<0:00:57, 0.50Hz] | epoch=10.84, loss=0.006300
[02.04 10:34:25] ┇ INFO    ┇    DeepKNLP.gner.trainer ┇ [training]  91%|██████████████████▏ | 272/300 [0:09:58<0:00:55, 0.50Hz] | epoch=10.88, loss=0.018000
[02.04 10:34:26] ┇ INFO    ┇    DeepKNLP.gner.trainer ┇ [training]  91%|██████████████████▏ | 273/300 [0:09:59<0:00:53, 0.50Hz] | epoch=10.92, loss=0.016600
[02.04 10:34:27] ┇ INFO    ┇    DeepKNLP.gner.trainer ┇ [training]  91%|██████████████████▎ | 274/300 [0:10:00<0:00:51, 0.50Hz] | epoch=10.96, loss=0.010400
[02.04 10:34:28] ┇ INFO    ┇    DeepKNLP.gner.trainer ┇ [training]  92%|██████████████████▎ | 275/300 [0:10:01<0:00:49, 0.50Hz] | epoch=11.00, loss=0.006800
[02.04 10:34:40] ┇ INFO    ┇    DeepKNLP.gner.trainer ┇ [checking] 100%|████████████████████| 1/1 [0:00:00<0:00:00, 91157.78Hz]
[02.04 10:34:40] ┇ INFO    ┇    DeepKNLP.gner.trainer ┇ [training]  92%|██████████████████▎ | 275/300 [0:10:01<0:00:49, 0.50Hz] | epoch=11.00, eval_average=0.7141
[02.04 10:34:41] ┇ INFO    ┇    DeepKNLP.gner.trainer ┇ [training]  92%|██████████████████▍ | 276/300 [0:10:14<0:00:47, 0.51Hz] | epoch=11.04, loss=0.029800
[02.04 10:34:42] ┇ INFO    ┇    DeepKNLP.gner.trainer ┇ [training]  92%|██████████████████▍ | 277/300 [0:10:15<0:00:45, 0.51Hz] | epoch=11.08, loss=0.012700
[02.04 10:34:43] ┇ INFO    ┇    DeepKNLP.gner.trainer ┇ [training]  93%|██████████████████▌ | 278/300 [0:10:16<0:00:43, 0.51Hz] | epoch=11.12, loss=0.007900
[02.04 10:34:44] ┇ INFO    ┇    DeepKNLP.gner.trainer ┇ [training]  93%|██████████████████▌ | 279/300 [0:10:17<0:00:41, 0.51Hz] | epoch=11.16, loss=0.018200
[02.04 10:34:45] ┇ INFO    ┇    DeepKNLP.gner.trainer ┇ [training]  93%|██████████████████▋ | 280/300 [0:10:18<0:00:39, 0.51Hz] | epoch=11.20, loss=0.011300
[02.04 10:34:46] ┇ INFO    ┇    DeepKNLP.gner.trainer ┇ [training]  94%|██████████████████▋ | 281/300 [0:10:19<0:00:37, 0.51Hz] | epoch=11.24, loss=0.009500
[02.04 10:34:47] ┇ INFO    ┇    DeepKNLP.gner.trainer ┇ [training]  94%|██████████████████▊ | 282/300 [0:10:20<0:00:35, 0.51Hz] | epoch=11.28, loss=0.012100
[02.04 10:34:48] ┇ INFO    ┇    DeepKNLP.gner.trainer ┇ [training]  94%|██████████████████▊ | 283/300 [0:10:21<0:00:33, 0.51Hz] | epoch=11.32, loss=0.011800
[02.04 10:34:49] ┇ INFO    ┇    DeepKNLP.gner.trainer ┇ [training]  95%|██████████████████▉ | 284/300 [0:10:22<0:00:31, 0.51Hz] | epoch=11.36, loss=0.014000
[02.04 10:34:50] ┇ INFO    ┇    DeepKNLP.gner.trainer ┇ [training]  95%|███████████████████ | 285/300 [0:10:23<0:00:29, 0.51Hz] | epoch=11.40, loss=0.018300
[02.04 10:34:51] ┇ INFO    ┇    DeepKNLP.gner.trainer ┇ [training]  95%|███████████████████ | 286/300 [0:10:24<0:00:27, 0.51Hz] | epoch=11.44, loss=0.010100
[02.04 10:34:52] ┇ INFO    ┇    DeepKNLP.gner.trainer ┇ [training]  96%|███████████████████▏| 287/300 [0:10:25<0:00:25, 0.51Hz] | epoch=11.48, loss=0.015300
[02.04 10:34:53] ┇ INFO    ┇    DeepKNLP.gner.trainer ┇ [training]  96%|███████████████████▏| 288/300 [0:10:26<0:00:23, 0.51Hz] | epoch=11.52, loss=0.011800
[02.04 10:35:05] ┇ INFO    ┇    DeepKNLP.gner.trainer ┇ [checking] 100%|████████████████████| 1/1 [0:00:00<0:00:00, 97379.96Hz]
[02.04 10:35:05] ┇ INFO    ┇    DeepKNLP.gner.trainer ┇ [training]  96%|███████████████████▏| 288/300 [0:10:26<0:00:23, 0.51Hz] | epoch=11.52, eval_average=0.7155
[02.04 10:35:06] ┇ INFO    ┇    DeepKNLP.gner.trainer ┇ [training]  96%|███████████████████▎| 289/300 [0:10:39<0:00:21, 0.51Hz] | epoch=11.56, loss=0.011900
[02.04 10:35:07] ┇ INFO    ┇    DeepKNLP.gner.trainer ┇ [training]  97%|███████████████████▎| 290/300 [0:10:40<0:00:19, 0.51Hz] | epoch=11.60, loss=0.007300
[02.04 10:35:08] ┇ INFO    ┇    DeepKNLP.gner.trainer ┇ [training]  97%|███████████████████▍| 291/300 [0:10:41<0:00:17, 0.51Hz] | epoch=11.64, loss=0.020100
[02.04 10:35:09] ┇ INFO    ┇    DeepKNLP.gner.trainer ┇ [training]  97%|███████████████████▍| 292/300 [0:10:42<0:00:15, 0.51Hz] | epoch=11.68, loss=0.024000
[02.04 10:35:10] ┇ INFO    ┇    DeepKNLP.gner.trainer ┇ [training]  98%|███████████████████▌| 293/300 [0:10:43<0:00:13, 0.51Hz] | epoch=11.72, loss=0.018200
[02.04 10:35:11] ┇ INFO    ┇    DeepKNLP.gner.trainer ┇ [training]  98%|███████████████████▌| 294/300 [0:10:44<0:00:11, 0.51Hz] | epoch=11.76, loss=0.006600
[02.04 10:35:12] ┇ INFO    ┇    DeepKNLP.gner.trainer ┇ [training]  98%|███████████████████▋| 295/300 [0:10:45<0:00:09, 0.51Hz] | epoch=11.80, loss=0.011300
[02.04 10:35:13] ┇ INFO    ┇    DeepKNLP.gner.trainer ┇ [training]  99%|███████████████████▋| 296/300 [0:10:46<0:00:07, 0.51Hz] | epoch=11.84, loss=0.013600
[02.04 10:35:15] ┇ INFO    ┇    DeepKNLP.gner.trainer ┇ [training]  99%|███████████████████▊| 297/300 [0:10:47<0:00:05, 0.51Hz] | epoch=11.88, loss=0.008600
[02.04 10:35:16] ┇ INFO    ┇    DeepKNLP.gner.trainer ┇ [training]  99%|███████████████████▊| 298/300 [0:10:48<0:00:03, 0.51Hz] | epoch=11.92, loss=0.020900
[02.04 10:35:17] ┇ INFO    ┇    DeepKNLP.gner.trainer ┇ [training] 100%|███████████████████▉| 299/300 [0:10:49<0:00:01, 0.51Hz] | epoch=11.96, loss=0.010500
[02.04 10:35:18] ┇ INFO    ┇    DeepKNLP.gner.trainer ┇ [training] 100%|████████████████████| 300/300 [0:10:50<0:00:00, 0.51Hz] | epoch=12.00, loss=0.007900
[02.04 10:35:29] ┇ INFO    ┇    DeepKNLP.gner.trainer ┇ [checking] 100%|████████████████████| 1/1 [0:00:00<0:00:00, 99216.14Hz]
[02.04 10:35:30] ┇ INFO    ┇    DeepKNLP.gner.trainer ┇ [training] 100%|████████████████████| 300/300 [0:10:50<0:00:00, 0.51Hz] | epoch=12.00, eval_average=0.7132
[02.04 10:35:30] ┇ INFO    ┇    DeepKNLP.gner.trainer ┇ [training] 100%|████████████████████| 300/300 [0:10:50<0:00:00, 0.51Hz] | epoch=12.00, train_loss=0.0590, total_pflos=4.438
[02.04 10:35:30] ┇ INFO    ┇    DeepKNLP.gner.trainer ┇ -----------------------------------------------------------------------------------------------------------------------------------------
[02.04 10:35:30] ┇ INFO    ┇                 DeepKNLP ┇ Train output metrics: {'train_runtime': 662.7209, 'train_samples_per_second': 1.811, 'train_steps_per_second': 0.453, 'total_flos': 4438451510312960.0, 'train_loss': 0.05903953393300374, 'epoch': 12.0}
[02.04 10:35:30] ┇ INFO    ┇           chrisbase.data ┇ =========================================================================================================================================
[02.04 10:35:30] ┇ INFO    ┇           chrisbase.data ┇ [EXIT] python task2-nerG-trainer.py --local_rank=0 --pretrained google/flan-t5-xl --run_version FLAN-T5-3B-Baseline --train_file data/gner/each/crossner_ai-train.jsonl --eval_file data/gner/each-sampled/crossner_ai-dev=100.jsonl --num_train_epochs 12 --eval_epochs 0.5 --per_device_train_batch_size 1 --output_file train-metrics-crossner_ai-12ep.csv --logging_file train-loggings-crossner_ai-12ep.out --trainer_deepspeed configs/deepspeed/ds2_llama.json ($=00:11:33.301)
[02.04 10:35:30] ┇ INFO    ┇           chrisbase.data ┇ =========================================================================================================================================
