(DeepKNLP-25) chrisjihee@dgx-a100:~/proj/DeepKNLP-25$ bash run_qa-1.sh
02/25/2025 00:54:00 - WARNING - __main__ - Process rank: 0, device: cuda:0, n_gpu: 1, distributed training: False, 16-bits training: False
02/25/2025 00:54:00 - INFO - __main__ - Training/evaluation parameters TrainingArguments(
_n_gpu=1,
accelerator_config={'split_batches': False, 'dispatch_batches': None, 'even_batches': True, 'use_seedable_sampler': True, 'non_blocking': False, 'gradient_accumulation_kwargs': None, 'use_configured_state': False},
adafactor=False,
adam_beta1=0.9,
adam_beta2=0.999,
adam_epsilon=1e-08,
auto_find_batch_size=False,
average_tokens_across_devices=False,
batch_eval_metrics=False,
bf16=False,
bf16_full_eval=False,
data_seed=None,
dataloader_drop_last=False,
dataloader_num_workers=0,
dataloader_persistent_workers=False,
dataloader_pin_memory=True,
dataloader_prefetch_factor=None,
ddp_backend=None,
ddp_broadcast_buffers=None,
ddp_bucket_cap_mb=None,
ddp_find_unused_parameters=None,
ddp_timeout=1800,
debug=[],
deepspeed=None,
disable_tqdm=False,
dispatch_batches=None,
do_eval=True,
do_predict=False,
do_train=True,
eval_accumulation_steps=None,
eval_delay=0,
eval_do_concat_batches=True,
eval_on_start=False,
eval_steps=None,
eval_strategy=IntervalStrategy.NO,
eval_use_gather_object=False,
evaluation_strategy=None,
fp16=False,
fp16_backend=auto,
fp16_full_eval=False,
fp16_opt_level=O1,
fsdp=[],
fsdp_config={'min_num_params': 0, 'xla': False, 'xla_fsdp_v2': False, 'xla_fsdp_grad_ckpt': False},
fsdp_min_num_params=0,
fsdp_transformer_layer_cls_to_wrap=None,
full_determinism=False,
gradient_accumulation_steps=1,
gradient_checkpointing=False,
gradient_checkpointing_kwargs=None,
greater_is_better=None,
group_by_length=False,
half_precision_backend=auto,
hub_always_push=False,
hub_model_id=None,
hub_private_repo=None,
hub_strategy=HubStrategy.EVERY_SAVE,
hub_token=<HUB_TOKEN>,
ignore_data_skip=False,
include_for_metrics=[],
include_inputs_for_metrics=False,
include_num_input_tokens_seen=False,
include_tokens_per_second=False,
jit_mode_eval=False,
label_names=None,
label_smoothing_factor=0.0,
learning_rate=3e-05,
length_column_name=length,
load_best_model_at_end=False,
local_rank=0,
log_level=passive,
log_level_replica=warning,
log_on_each_node=True,
logging_dir=output/korquad/train=KPF-BERT=dgx-a100/runs/Feb25_00-53-59_dgx-a100,
logging_first_step=False,
logging_nan_inf_filter=True,
logging_steps=500,
logging_strategy=IntervalStrategy.STEPS,
lr_scheduler_kwargs={},
lr_scheduler_type=SchedulerType.LINEAR,
max_grad_norm=1.0,
max_steps=-1,
metric_for_best_model=None,
mp_parameters=,
neftune_noise_alpha=None,
no_cuda=False,
num_train_epochs=3.0,
optim=OptimizerNames.ADAMW_TORCH,
optim_args=None,
optim_target_modules=None,
output_dir=output/korquad/train=KPF-BERT=dgx-a100,
overwrite_output_dir=True,
past_index=-1,
per_device_eval_batch_size=8,
per_device_train_batch_size=12,
prediction_loss_only=False,
push_to_hub=False,
push_to_hub_model_id=None,
push_to_hub_organization=None,
push_to_hub_token=<PUSH_TO_HUB_TOKEN>,
ray_scope=last,
remove_unused_columns=True,
report_to=['tensorboard'],
restore_callback_states_from_checkpoint=False,
resume_from_checkpoint=None,
run_name=output/korquad/train=KPF-BERT=dgx-a100,
save_on_each_node=False,
save_only_model=False,
save_safetensors=True,
save_steps=500,
save_strategy=SaveStrategy.STEPS,
save_total_limit=None,
seed=42,
skip_memory_metrics=True,
split_batches=None,
tf32=None,
torch_compile=False,
torch_compile_backend=None,
torch_compile_mode=None,
torch_empty_cache_steps=None,
torchdynamo=None,
tp_size=0,
tpu_metrics_debug=False,
tpu_num_cores=None,
use_cpu=False,
use_ipex=False,
use_legacy_prediction_loop=False,
use_liger_kernel=False,
use_mps_device=False,
warmup_ratio=0.0,
warmup_steps=0,
weight_decay=0.0,
)
Using custom data configuration default-7abc7dea5ce1ad49
02/25/2025 00:54:01 - INFO - datasets.builder - Using custom data configuration default-7abc7dea5ce1ad49
Loading Dataset Infos from /raid/chrisjihee/miniforge3/envs/DeepKNLP-25/lib/python3.12/site-packages/datasets/packaged_modules/json
02/25/2025 00:54:01 - INFO - datasets.info - Loading Dataset Infos from /raid/chrisjihee/miniforge3/envs/DeepKNLP-25/lib/python3.12/site-packages/datasets/packaged_modules/json
Overwrite dataset info from restored data version if exists.
02/25/2025 00:54:01 - INFO - datasets.builder - Overwrite dataset info from restored data version if exists.
Loading Dataset info from /raid/chrisjihee/.cache/huggingface/datasets/json/default-7abc7dea5ce1ad49/0.0.0/f4e89e8750d5d5ffbef2c078bf0ddfedef29dc2faff52a6255cf513c05eb1092
02/25/2025 00:54:01 - INFO - datasets.info - Loading Dataset info from /raid/chrisjihee/.cache/huggingface/datasets/json/default-7abc7dea5ce1ad49/0.0.0/f4e89e8750d5d5ffbef2c078bf0ddfedef29dc2faff52a6255cf513c05eb1092
Found cached dataset json (/raid/chrisjihee/.cache/huggingface/datasets/json/default-7abc7dea5ce1ad49/0.0.0/f4e89e8750d5d5ffbef2c078bf0ddfedef29dc2faff52a6255cf513c05eb1092)
02/25/2025 00:54:01 - INFO - datasets.builder - Found cached dataset json (/raid/chrisjihee/.cache/huggingface/datasets/json/default-7abc7dea5ce1ad49/0.0.0/f4e89e8750d5d5ffbef2c078bf0ddfedef29dc2faff52a6255cf513c05eb1092)
Loading Dataset info from /raid/chrisjihee/.cache/huggingface/datasets/json/default-7abc7dea5ce1ad49/0.0.0/f4e89e8750d5d5ffbef2c078bf0ddfedef29dc2faff52a6255cf513c05eb1092
02/25/2025 00:54:01 - INFO - datasets.info - Loading Dataset info from /raid/chrisjihee/.cache/huggingface/datasets/json/default-7abc7dea5ce1ad49/0.0.0/f4e89e8750d5d5ffbef2c078bf0ddfedef29dc2faff52a6255cf513c05eb1092
[INFO|configuration_utils.py:699] 2025-02-25 00:54:01,792 >> loading configuration file config.json from cache at /raid/chrisjihee/.cache/huggingface/hub/models--jinmang2--kpfbert/snapshots/dc732cc2aaa998959a2721e06ed10f98f2c51a0f/config.json
[INFO|configuration_utils.py:771] 2025-02-25 00:54:01,795 >> Model config BertConfig {
  "_name_or_path": "jinmang2/kpfbert",
  "architectures": [
    "BertModel"
  ],
  "attention_probs_dropout_prob": 0.1,
  "classifier_dropout": null,
  "hidden_act": "gelu",
  "hidden_dropout_prob": 0.1,
  "hidden_size": 768,
  "initializer_range": 0.02,
  "intermediate_size": 3072,
  "layer_norm_eps": 1e-12,
  "max_position_embeddings": 512,
  "model_type": "bert",
  "num_attention_heads": 12,
  "num_hidden_layers": 12,
  "pad_token_id": 0,
  "position_embedding_type": "absolute",
  "torch_dtype": "float32",
  "transformers_version": "4.50.0.dev0",
  "type_vocab_size": 2,
  "use_cache": true,
  "vocab_size": 36440
}

[INFO|tokenization_utils_base.py:2050] 2025-02-25 00:54:01,995 >> loading file vocab.txt from cache at /raid/chrisjihee/.cache/huggingface/hub/models--jinmang2--kpfbert/snapshots/dc732cc2aaa998959a2721e06ed10f98f2c51a0f/vocab.txt
[INFO|tokenization_utils_base.py:2050] 2025-02-25 00:54:01,995 >> loading file tokenizer.json from cache at None
[INFO|tokenization_utils_base.py:2050] 2025-02-25 00:54:01,995 >> loading file added_tokens.json from cache at None
[INFO|tokenization_utils_base.py:2050] 2025-02-25 00:54:01,995 >> loading file special_tokens_map.json from cache at /raid/chrisjihee/.cache/huggingface/hub/models--jinmang2--kpfbert/snapshots/dc732cc2aaa998959a2721e06ed10f98f2c51a0f/special_tokens_map.json
[INFO|tokenization_utils_base.py:2050] 2025-02-25 00:54:01,995 >> loading file tokenizer_config.json from cache at /raid/chrisjihee/.cache/huggingface/hub/models--jinmang2--kpfbert/snapshots/dc732cc2aaa998959a2721e06ed10f98f2c51a0f/tokenizer_config.json
[INFO|tokenization_utils_base.py:2050] 2025-02-25 00:54:01,995 >> loading file chat_template.jinja from cache at None
[INFO|modeling_utils.py:4024] 2025-02-25 00:54:02,056 >> loading weights file model.safetensors from cache at /raid/chrisjihee/.cache/huggingface/hub/models--jinmang2--kpfbert/snapshots/dc732cc2aaa998959a2721e06ed10f98f2c51a0f/model.safetensors
[INFO|modeling_utils.py:5017] 2025-02-25 00:54:02,091 >> All model checkpoint weights were used when initializing BertForQuestionAnswering.

[WARNING|modeling_utils.py:5019] 2025-02-25 00:54:02,091 >> Some weights of BertForQuestionAnswering were not initialized from the model checkpoint at jinmang2/kpfbert and are newly initialized: ['qa_outputs.bias', 'qa_outputs.weight']
You should probably TRAIN this model on a down-stream task to be able to use it for predictions and inference.
Running tokenizer on train dataset:   0%|                                                                                                                                                                                                                                            | 0/60407 [00:00<?, ? examples/s]Caching processed dataset at /raid/chrisjihee/.cache/huggingface/datasets/json/default-7abc7dea5ce1ad49/0.0.0/f4e89e8750d5d5ffbef2c078bf0ddfedef29dc2faff52a6255cf513c05eb1092/cache-3d6515067e4ed882.arrow
02/25/2025 00:54:02 - INFO - datasets.arrow_dataset - Caching processed dataset at /raid/chrisjihee/.cache/huggingface/datasets/json/default-7abc7dea5ce1ad49/0.0.0/f4e89e8750d5d5ffbef2c078bf0ddfedef29dc2faff52a6255cf513c05eb1092/cache-3d6515067e4ed882.arrow
Running tokenizer on train dataset: 100%|██████████████████████████████████████████████████████████████████████████████████████████████████████████████████████████████████████████████████████████████████████████████████████████████████████████████████████████████| 60407/60407 [00:27<00:00, 2178.92 examples/s]
Running tokenizer on validation dataset:   0%|                                                                                                                                                                                                                                        | 0/5774 [00:00<?, ? examples/s]Caching processed dataset at /raid/chrisjihee/.cache/huggingface/datasets/json/default-7abc7dea5ce1ad49/0.0.0/f4e89e8750d5d5ffbef2c078bf0ddfedef29dc2faff52a6255cf513c05eb1092/cache-f6267eae165d0b35.arrow
02/25/2025 00:54:30 - INFO - datasets.arrow_dataset - Caching processed dataset at /raid/chrisjihee/.cache/huggingface/datasets/json/default-7abc7dea5ce1ad49/0.0.0/f4e89e8750d5d5ffbef2c078bf0ddfedef29dc2faff52a6255cf513c05eb1092/cache-f6267eae165d0b35.arrow
Running tokenizer on validation dataset: 100%|███████████████████████████████████████████████████████████████████████████████████████████████████████████████████████████████████████████████████████████████████████████████████████████████████████████████████████████| 5774/5774 [00:03<00:00, 1450.02 examples/s]
[2025-02-25 00:54:36,958] [INFO] [real_accelerator.py:222:get_accelerator] Setting ds_accelerator to cuda (auto detect)
[INFO|trainer.py:2407] 2025-02-25 00:54:38,171 >> ***** Running training *****
[INFO|trainer.py:2408] 2025-02-25 00:54:38,171 >>   Num examples = 62,887
[INFO|trainer.py:2409] 2025-02-25 00:54:38,171 >>   Num Epochs = 3
[INFO|trainer.py:2410] 2025-02-25 00:54:38,171 >>   Instantaneous batch size per device = 12
[INFO|trainer.py:2413] 2025-02-25 00:54:38,171 >>   Total train batch size (w. parallel, distributed & accumulation) = 12
[INFO|trainer.py:2414] 2025-02-25 00:54:38,171 >>   Gradient Accumulation steps = 1
[INFO|trainer.py:2415] 2025-02-25 00:54:38,171 >>   Total optimization steps = 15,723
[INFO|trainer.py:2416] 2025-02-25 00:54:38,171 >>   Number of trainable parameters = 113,438,210
{'loss': 1.0209, 'grad_norm': 34.47173309326172, 'learning_rate': 2.9045983590917763e-05, 'epoch': 0.1}
  3%|████████▍                                                                                                                                                                                                                                                                  | 500/15723 [02:03<1:00:59,  4.16it/s][INFO|trainer.py:3948] 2025-02-25 00:56:41,320 >> Saving model checkpoint to output/korquad/train=KPF-BERT=dgx-a100/checkpoint-500
[INFO|configuration_utils.py:423] 2025-02-25 00:56:41,323 >> Configuration saved in output/korquad/train=KPF-BERT=dgx-a100/checkpoint-500/config.json
[INFO|modeling_utils.py:3077] 2025-02-25 00:56:41,846 >> Model weights saved in output/korquad/train=KPF-BERT=dgx-a100/checkpoint-500/model.safetensors
[INFO|tokenization_utils_base.py:2500] 2025-02-25 00:56:41,847 >> tokenizer config file saved in output/korquad/train=KPF-BERT=dgx-a100/checkpoint-500/tokenizer_config.json
[INFO|tokenization_utils_base.py:2509] 2025-02-25 00:56:41,847 >> Special tokens file saved in output/korquad/train=KPF-BERT=dgx-a100/checkpoint-500/special_tokens_map.json
{'loss': 0.6037, 'grad_norm': 19.745262145996094, 'learning_rate': 2.809196718183553e-05, 'epoch': 0.19}
  6%|█████████████████                                                                                                                                                                                                                                                           | 1000/15723 [04:04<58:56,  4.16it/s][INFO|trainer.py:3948] 2025-02-25 00:58:42,972 >> Saving model checkpoint to output/korquad/train=KPF-BERT=dgx-a100/checkpoint-1000
[INFO|configuration_utils.py:423] 2025-02-25 00:58:42,974 >> Configuration saved in output/korquad/train=KPF-BERT=dgx-a100/checkpoint-1000/config.json
[INFO|modeling_utils.py:3077] 2025-02-25 00:58:43,473 >> Model weights saved in output/korquad/train=KPF-BERT=dgx-a100/checkpoint-1000/model.safetensors
[INFO|tokenization_utils_base.py:2500] 2025-02-25 00:58:43,474 >> tokenizer config file saved in output/korquad/train=KPF-BERT=dgx-a100/checkpoint-1000/tokenizer_config.json
[INFO|tokenization_utils_base.py:2509] 2025-02-25 00:58:43,474 >> Special tokens file saved in output/korquad/train=KPF-BERT=dgx-a100/checkpoint-1000/special_tokens_map.json
{'loss': 0.5461, 'grad_norm': 15.538610458374023, 'learning_rate': 2.713795077275329e-05, 'epoch': 0.29}
 10%|█████████████████████████▌                                                                                                                                                                                                                                                  | 1500/15723 [06:06<56:53,  4.17it/s][INFO|trainer.py:3948] 2025-02-25 01:00:44,434 >> Saving model checkpoint to output/korquad/train=KPF-BERT=dgx-a100/checkpoint-1500
[INFO|configuration_utils.py:423] 2025-02-25 01:00:44,436 >> Configuration saved in output/korquad/train=KPF-BERT=dgx-a100/checkpoint-1500/config.json
[INFO|modeling_utils.py:3077] 2025-02-25 01:00:44,951 >> Model weights saved in output/korquad/train=KPF-BERT=dgx-a100/checkpoint-1500/model.safetensors
[INFO|tokenization_utils_base.py:2500] 2025-02-25 01:00:44,952 >> tokenizer config file saved in output/korquad/train=KPF-BERT=dgx-a100/checkpoint-1500/tokenizer_config.json
[INFO|tokenization_utils_base.py:2509] 2025-02-25 01:00:44,952 >> Special tokens file saved in output/korquad/train=KPF-BERT=dgx-a100/checkpoint-1500/special_tokens_map.json
{'loss': 0.5067, 'grad_norm': 18.833703994750977, 'learning_rate': 2.6183934363671056e-05, 'epoch': 0.38}
 13%|██████████████████████████████████                                                                                                                                                                                                                                          | 2000/15723 [08:07<55:02,  4.15it/s][INFO|trainer.py:3948] 2025-02-25 01:02:46,043 >> Saving model checkpoint to output/korquad/train=KPF-BERT=dgx-a100/checkpoint-2000
[INFO|configuration_utils.py:423] 2025-02-25 01:02:46,045 >> Configuration saved in output/korquad/train=KPF-BERT=dgx-a100/checkpoint-2000/config.json
[INFO|modeling_utils.py:3077] 2025-02-25 01:02:46,550 >> Model weights saved in output/korquad/train=KPF-BERT=dgx-a100/checkpoint-2000/model.safetensors
[INFO|tokenization_utils_base.py:2500] 2025-02-25 01:02:46,551 >> tokenizer config file saved in output/korquad/train=KPF-BERT=dgx-a100/checkpoint-2000/tokenizer_config.json
[INFO|tokenization_utils_base.py:2509] 2025-02-25 01:02:46,551 >> Special tokens file saved in output/korquad/train=KPF-BERT=dgx-a100/checkpoint-2000/special_tokens_map.json
{'loss': 0.5096, 'grad_norm': 3.911062717437744, 'learning_rate': 2.522991795458882e-05, 'epoch': 0.48}
 16%|██████████████████████████████████████████▌                                                                                                                                                                                                                                 | 2500/15723 [10:09<52:59,  4.16it/s][INFO|trainer.py:3948] 2025-02-25 01:04:47,653 >> Saving model checkpoint to output/korquad/train=KPF-BERT=dgx-a100/checkpoint-2500
[INFO|configuration_utils.py:423] 2025-02-25 01:04:47,656 >> Configuration saved in output/korquad/train=KPF-BERT=dgx-a100/checkpoint-2500/config.json
[INFO|modeling_utils.py:3077] 2025-02-25 01:04:48,166 >> Model weights saved in output/korquad/train=KPF-BERT=dgx-a100/checkpoint-2500/model.safetensors
[INFO|tokenization_utils_base.py:2500] 2025-02-25 01:04:48,167 >> tokenizer config file saved in output/korquad/train=KPF-BERT=dgx-a100/checkpoint-2500/tokenizer_config.json
[INFO|tokenization_utils_base.py:2509] 2025-02-25 01:04:48,167 >> Special tokens file saved in output/korquad/train=KPF-BERT=dgx-a100/checkpoint-2500/special_tokens_map.json
{'loss': 0.4892, 'grad_norm': 18.75017738342285, 'learning_rate': 2.4275901545506584e-05, 'epoch': 0.57}
 19%|███████████████████████████████████████████████████▏                                                                                                                                                                                                                        | 3000/15723 [12:11<50:59,  4.16it/s][INFO|trainer.py:3948] 2025-02-25 01:06:49,366 >> Saving model checkpoint to output/korquad/train=KPF-BERT=dgx-a100/checkpoint-3000
[INFO|configuration_utils.py:423] 2025-02-25 01:06:49,368 >> Configuration saved in output/korquad/train=KPF-BERT=dgx-a100/checkpoint-3000/config.json
[INFO|modeling_utils.py:3077] 2025-02-25 01:06:49,902 >> Model weights saved in output/korquad/train=KPF-BERT=dgx-a100/checkpoint-3000/model.safetensors
[INFO|tokenization_utils_base.py:2500] 2025-02-25 01:06:49,903 >> tokenizer config file saved in output/korquad/train=KPF-BERT=dgx-a100/checkpoint-3000/tokenizer_config.json
[INFO|tokenization_utils_base.py:2509] 2025-02-25 01:06:49,903 >> Special tokens file saved in output/korquad/train=KPF-BERT=dgx-a100/checkpoint-3000/special_tokens_map.json
{'loss': 0.4496, 'grad_norm': 23.170103073120117, 'learning_rate': 2.3321885136424346e-05, 'epoch': 0.67}
 22%|███████████████████████████████████████████████████████████▋                                                                                                                                                                                                                | 3500/15723 [14:12<48:51,  4.17it/s][INFO|trainer.py:3948] 2025-02-25 01:08:50,970 >> Saving model checkpoint to output/korquad/train=KPF-BERT=dgx-a100/checkpoint-3500
[INFO|configuration_utils.py:423] 2025-02-25 01:08:50,972 >> Configuration saved in output/korquad/train=KPF-BERT=dgx-a100/checkpoint-3500/config.json
[INFO|modeling_utils.py:3077] 2025-02-25 01:08:51,504 >> Model weights saved in output/korquad/train=KPF-BERT=dgx-a100/checkpoint-3500/model.safetensors
[INFO|tokenization_utils_base.py:2500] 2025-02-25 01:08:51,505 >> tokenizer config file saved in output/korquad/train=KPF-BERT=dgx-a100/checkpoint-3500/tokenizer_config.json
[INFO|tokenization_utils_base.py:2509] 2025-02-25 01:08:51,505 >> Special tokens file saved in output/korquad/train=KPF-BERT=dgx-a100/checkpoint-3500/special_tokens_map.json
{'loss': 0.4455, 'grad_norm': 13.91428279876709, 'learning_rate': 2.2367868727342112e-05, 'epoch': 0.76}
 25%|████████████████████████████████████████████████████████████████████▏                                                                                                                                                                                                       | 4000/15723 [16:14<46:57,  4.16it/s][INFO|trainer.py:3948] 2025-02-25 01:10:52,563 >> Saving model checkpoint to output/korquad/train=KPF-BERT=dgx-a100/checkpoint-4000
[INFO|configuration_utils.py:423] 2025-02-25 01:10:52,565 >> Configuration saved in output/korquad/train=KPF-BERT=dgx-a100/checkpoint-4000/config.json
[INFO|modeling_utils.py:3077] 2025-02-25 01:10:53,130 >> Model weights saved in output/korquad/train=KPF-BERT=dgx-a100/checkpoint-4000/model.safetensors
[INFO|tokenization_utils_base.py:2500] 2025-02-25 01:10:53,131 >> tokenizer config file saved in output/korquad/train=KPF-BERT=dgx-a100/checkpoint-4000/tokenizer_config.json
[INFO|tokenization_utils_base.py:2509] 2025-02-25 01:10:53,131 >> Special tokens file saved in output/korquad/train=KPF-BERT=dgx-a100/checkpoint-4000/special_tokens_map.json
{'loss': 0.4455, 'grad_norm': 16.35289192199707, 'learning_rate': 2.1413852318259874e-05, 'epoch': 0.86}
 29%|████████████████████████████████████████████████████████████████████████████▋                                                                                                                                                                                               | 4500/15723 [18:16<44:58,  4.16it/s][INFO|trainer.py:3948] 2025-02-25 01:12:54,456 >> Saving model checkpoint to output/korquad/train=KPF-BERT=dgx-a100/checkpoint-4500
[INFO|configuration_utils.py:423] 2025-02-25 01:12:54,458 >> Configuration saved in output/korquad/train=KPF-BERT=dgx-a100/checkpoint-4500/config.json
[INFO|modeling_utils.py:3077] 2025-02-25 01:12:55,028 >> Model weights saved in output/korquad/train=KPF-BERT=dgx-a100/checkpoint-4500/model.safetensors
[INFO|tokenization_utils_base.py:2500] 2025-02-25 01:12:55,029 >> tokenizer config file saved in output/korquad/train=KPF-BERT=dgx-a100/checkpoint-4500/tokenizer_config.json
[INFO|tokenization_utils_base.py:2509] 2025-02-25 01:12:55,029 >> Special tokens file saved in output/korquad/train=KPF-BERT=dgx-a100/checkpoint-4500/special_tokens_map.json
{'loss': 0.4413, 'grad_norm': 20.821847915649414, 'learning_rate': 2.045983590917764e-05, 'epoch': 0.95}
 32%|█████████████████████████████████████████████████████████████████████████████████████▏                                                                                                                                                                                      | 5000/15723 [20:18<42:56,  4.16it/s][INFO|trainer.py:3948] 2025-02-25 01:14:56,411 >> Saving model checkpoint to output/korquad/train=KPF-BERT=dgx-a100/checkpoint-5000
[INFO|configuration_utils.py:423] 2025-02-25 01:14:56,413 >> Configuration saved in output/korquad/train=KPF-BERT=dgx-a100/checkpoint-5000/config.json
[INFO|modeling_utils.py:3077] 2025-02-25 01:14:56,978 >> Model weights saved in output/korquad/train=KPF-BERT=dgx-a100/checkpoint-5000/model.safetensors
[INFO|tokenization_utils_base.py:2500] 2025-02-25 01:14:56,979 >> tokenizer config file saved in output/korquad/train=KPF-BERT=dgx-a100/checkpoint-5000/tokenizer_config.json
[INFO|tokenization_utils_base.py:2509] 2025-02-25 01:14:56,979 >> Special tokens file saved in output/korquad/train=KPF-BERT=dgx-a100/checkpoint-5000/special_tokens_map.json
{'loss': 0.3626, 'grad_norm': 3.711982250213623, 'learning_rate': 1.9505819500095402e-05, 'epoch': 1.05}
 35%|█████████████████████████████████████████████████████████████████████████████████████████████▋                                                                                                                                                                              | 5500/15723 [22:20<40:58,  4.16it/s][INFO|trainer.py:3948] 2025-02-25 01:16:58,284 >> Saving model checkpoint to output/korquad/train=KPF-BERT=dgx-a100/checkpoint-5500
[INFO|configuration_utils.py:423] 2025-02-25 01:16:58,287 >> Configuration saved in output/korquad/train=KPF-BERT=dgx-a100/checkpoint-5500/config.json
[INFO|modeling_utils.py:3077] 2025-02-25 01:16:58,855 >> Model weights saved in output/korquad/train=KPF-BERT=dgx-a100/checkpoint-5500/model.safetensors
[INFO|tokenization_utils_base.py:2500] 2025-02-25 01:16:58,856 >> tokenizer config file saved in output/korquad/train=KPF-BERT=dgx-a100/checkpoint-5500/tokenizer_config.json
[INFO|tokenization_utils_base.py:2509] 2025-02-25 01:16:58,856 >> Special tokens file saved in output/korquad/train=KPF-BERT=dgx-a100/checkpoint-5500/special_tokens_map.json
{'loss': 0.2882, 'grad_norm': 8.583454132080078, 'learning_rate': 1.8551803091013167e-05, 'epoch': 1.14}
 38%|██████████████████████████████████████████████████████████████████████████████████████████████████████▎                                                                                                                                                                     | 6000/15723 [24:21<38:52,  4.17it/s][INFO|trainer.py:3948] 2025-02-25 01:19:00,165 >> Saving model checkpoint to output/korquad/train=KPF-BERT=dgx-a100/checkpoint-6000
[INFO|configuration_utils.py:423] 2025-02-25 01:19:00,167 >> Configuration saved in output/korquad/train=KPF-BERT=dgx-a100/checkpoint-6000/config.json
[INFO|modeling_utils.py:3077] 2025-02-25 01:19:00,717 >> Model weights saved in output/korquad/train=KPF-BERT=dgx-a100/checkpoint-6000/model.safetensors
[INFO|tokenization_utils_base.py:2500] 2025-02-25 01:19:00,718 >> tokenizer config file saved in output/korquad/train=KPF-BERT=dgx-a100/checkpoint-6000/tokenizer_config.json
[INFO|tokenization_utils_base.py:2509] 2025-02-25 01:19:00,718 >> Special tokens file saved in output/korquad/train=KPF-BERT=dgx-a100/checkpoint-6000/special_tokens_map.json
{'loss': 0.2843, 'grad_norm': 2.227280378341675, 'learning_rate': 1.759778668193093e-05, 'epoch': 1.24}
 41%|██████████████████████████████████████████████████████████████████████████████████████████████████████████████▊                                                                                                                                                             | 6500/15723 [26:23<36:53,  4.17it/s][INFO|trainer.py:3948] 2025-02-25 01:21:01,946 >> Saving model checkpoint to output/korquad/train=KPF-BERT=dgx-a100/checkpoint-6500
[INFO|configuration_utils.py:423] 2025-02-25 01:21:01,948 >> Configuration saved in output/korquad/train=KPF-BERT=dgx-a100/checkpoint-6500/config.json
[INFO|modeling_utils.py:3077] 2025-02-25 01:21:02,495 >> Model weights saved in output/korquad/train=KPF-BERT=dgx-a100/checkpoint-6500/model.safetensors
[INFO|tokenization_utils_base.py:2500] 2025-02-25 01:21:02,495 >> tokenizer config file saved in output/korquad/train=KPF-BERT=dgx-a100/checkpoint-6500/tokenizer_config.json
[INFO|tokenization_utils_base.py:2509] 2025-02-25 01:21:02,496 >> Special tokens file saved in output/korquad/train=KPF-BERT=dgx-a100/checkpoint-6500/special_tokens_map.json
{'loss': 0.2908, 'grad_norm': 63.64897155761719, 'learning_rate': 1.6643770272848695e-05, 'epoch': 1.34}
 45%|███████████████████████████████████████████████████████████████████████████████████████████████████████████████████████▎                                                                                                                                                    | 7000/15723 [28:25<34:53,  4.17it/s][INFO|trainer.py:3948] 2025-02-25 01:23:03,572 >> Saving model checkpoint to output/korquad/train=KPF-BERT=dgx-a100/checkpoint-7000
[INFO|configuration_utils.py:423] 2025-02-25 01:23:03,574 >> Configuration saved in output/korquad/train=KPF-BERT=dgx-a100/checkpoint-7000/config.json
[INFO|modeling_utils.py:3077] 2025-02-25 01:23:04,149 >> Model weights saved in output/korquad/train=KPF-BERT=dgx-a100/checkpoint-7000/model.safetensors
[INFO|tokenization_utils_base.py:2500] 2025-02-25 01:23:04,150 >> tokenizer config file saved in output/korquad/train=KPF-BERT=dgx-a100/checkpoint-7000/tokenizer_config.json
[INFO|tokenization_utils_base.py:2509] 2025-02-25 01:23:04,150 >> Special tokens file saved in output/korquad/train=KPF-BERT=dgx-a100/checkpoint-7000/special_tokens_map.json
{'loss': 0.3055, 'grad_norm': 6.5102338790893555, 'learning_rate': 1.5689753863766457e-05, 'epoch': 1.43}
 48%|███████████████████████████████████████████████████████████████████████████████████████████████████████████████████████████████▊                                                                                                                                            | 7500/15723 [30:27<32:53,  4.17it/s][INFO|trainer.py:3948] 2025-02-25 01:25:05,215 >> Saving model checkpoint to output/korquad/train=KPF-BERT=dgx-a100/checkpoint-7500
[INFO|configuration_utils.py:423] 2025-02-25 01:25:05,217 >> Configuration saved in output/korquad/train=KPF-BERT=dgx-a100/checkpoint-7500/config.json
[INFO|modeling_utils.py:3077] 2025-02-25 01:25:05,761 >> Model weights saved in output/korquad/train=KPF-BERT=dgx-a100/checkpoint-7500/model.safetensors
[INFO|tokenization_utils_base.py:2500] 2025-02-25 01:25:05,762 >> tokenizer config file saved in output/korquad/train=KPF-BERT=dgx-a100/checkpoint-7500/tokenizer_config.json
[INFO|tokenization_utils_base.py:2509] 2025-02-25 01:25:05,762 >> Special tokens file saved in output/korquad/train=KPF-BERT=dgx-a100/checkpoint-7500/special_tokens_map.json
{'loss': 0.2861, 'grad_norm': 10.018730163574219, 'learning_rate': 1.4735737454684221e-05, 'epoch': 1.53}
 51%|████████████████████████████████████████████████████████████████████████████████████████████████████████████████████████████████████████▎                                                                                                                                   | 8000/15723 [32:28<31:28,  4.09it/s][INFO|trainer.py:3948] 2025-02-25 01:27:06,937 >> Saving model checkpoint to output/korquad/train=KPF-BERT=dgx-a100/checkpoint-8000
[INFO|configuration_utils.py:423] 2025-02-25 01:27:06,940 >> Configuration saved in output/korquad/train=KPF-BERT=dgx-a100/checkpoint-8000/config.json
[INFO|modeling_utils.py:3077] 2025-02-25 01:27:07,688 >> Model weights saved in output/korquad/train=KPF-BERT=dgx-a100/checkpoint-8000/model.safetensors
[INFO|tokenization_utils_base.py:2500] 2025-02-25 01:27:07,688 >> tokenizer config file saved in output/korquad/train=KPF-BERT=dgx-a100/checkpoint-8000/tokenizer_config.json
[INFO|tokenization_utils_base.py:2509] 2025-02-25 01:27:07,689 >> Special tokens file saved in output/korquad/train=KPF-BERT=dgx-a100/checkpoint-8000/special_tokens_map.json
{'loss': 0.2862, 'grad_norm': 25.131563186645508, 'learning_rate': 1.3781721045601985e-05, 'epoch': 1.62}
 54%|████████████████████████████████████████████████████████████████████████████████████████████████████████████████████████████████████████████████▉                                                                                                                           | 8500/15723 [34:30<28:56,  4.16it/s][INFO|trainer.py:3948] 2025-02-25 01:29:09,006 >> Saving model checkpoint to output/korquad/train=KPF-BERT=dgx-a100/checkpoint-8500
[INFO|configuration_utils.py:423] 2025-02-25 01:29:09,008 >> Configuration saved in output/korquad/train=KPF-BERT=dgx-a100/checkpoint-8500/config.json
[INFO|modeling_utils.py:3077] 2025-02-25 01:29:09,601 >> Model weights saved in output/korquad/train=KPF-BERT=dgx-a100/checkpoint-8500/model.safetensors
[INFO|tokenization_utils_base.py:2500] 2025-02-25 01:29:09,602 >> tokenizer config file saved in output/korquad/train=KPF-BERT=dgx-a100/checkpoint-8500/tokenizer_config.json
[INFO|tokenization_utils_base.py:2509] 2025-02-25 01:29:09,602 >> Special tokens file saved in output/korquad/train=KPF-BERT=dgx-a100/checkpoint-8500/special_tokens_map.json
{'loss': 0.2912, 'grad_norm': 4.936281204223633, 'learning_rate': 1.2827704636519749e-05, 'epoch': 1.72}
 57%|█████████████████████████████████████████████████████████████████████████████████████████████████████████████████████████████████████████████████████████▍                                                                                                                  | 9000/15723 [36:32<26:56,  4.16it/s][INFO|trainer.py:3948] 2025-02-25 01:31:10,715 >> Saving model checkpoint to output/korquad/train=KPF-BERT=dgx-a100/checkpoint-9000
[INFO|configuration_utils.py:423] 2025-02-25 01:31:10,717 >> Configuration saved in output/korquad/train=KPF-BERT=dgx-a100/checkpoint-9000/config.json
[INFO|modeling_utils.py:3077] 2025-02-25 01:31:11,332 >> Model weights saved in output/korquad/train=KPF-BERT=dgx-a100/checkpoint-9000/model.safetensors
[INFO|tokenization_utils_base.py:2500] 2025-02-25 01:31:11,333 >> tokenizer config file saved in output/korquad/train=KPF-BERT=dgx-a100/checkpoint-9000/tokenizer_config.json
[INFO|tokenization_utils_base.py:2509] 2025-02-25 01:31:11,333 >> Special tokens file saved in output/korquad/train=KPF-BERT=dgx-a100/checkpoint-9000/special_tokens_map.json
{'loss': 0.2814, 'grad_norm': 26.250694274902344, 'learning_rate': 1.1873688227437513e-05, 'epoch': 1.81}
 60%|█████████████████████████████████████████████████████████████████████████████████████████████████████████████████████████████████████████████████████████████████▉                                                                                                          | 9500/15723 [38:34<24:55,  4.16it/s][INFO|trainer.py:3948] 2025-02-25 01:33:12,608 >> Saving model checkpoint to output/korquad/train=KPF-BERT=dgx-a100/checkpoint-9500
[INFO|configuration_utils.py:423] 2025-02-25 01:33:12,610 >> Configuration saved in output/korquad/train=KPF-BERT=dgx-a100/checkpoint-9500/config.json
[INFO|modeling_utils.py:3077] 2025-02-25 01:33:13,186 >> Model weights saved in output/korquad/train=KPF-BERT=dgx-a100/checkpoint-9500/model.safetensors
[INFO|tokenization_utils_base.py:2500] 2025-02-25 01:33:13,187 >> tokenizer config file saved in output/korquad/train=KPF-BERT=dgx-a100/checkpoint-9500/tokenizer_config.json
[INFO|tokenization_utils_base.py:2509] 2025-02-25 01:33:13,187 >> Special tokens file saved in output/korquad/train=KPF-BERT=dgx-a100/checkpoint-9500/special_tokens_map.json
{'loss': 0.2808, 'grad_norm': 24.32362174987793, 'learning_rate': 1.0919671818355275e-05, 'epoch': 1.91}
 64%|█████████████████████████████████████████████████████████████████████████████████████████████████████████████████████████████████████████████████████████████████████████▊                                                                                                 | 10000/15723 [40:36<22:53,  4.17it/s][INFO|trainer.py:3948] 2025-02-25 01:35:14,297 >> Saving model checkpoint to output/korquad/train=KPF-BERT=dgx-a100/checkpoint-10000
[INFO|configuration_utils.py:423] 2025-02-25 01:35:14,299 >> Configuration saved in output/korquad/train=KPF-BERT=dgx-a100/checkpoint-10000/config.json
[INFO|modeling_utils.py:3077] 2025-02-25 01:35:14,862 >> Model weights saved in output/korquad/train=KPF-BERT=dgx-a100/checkpoint-10000/model.safetensors
[INFO|tokenization_utils_base.py:2500] 2025-02-25 01:35:14,863 >> tokenizer config file saved in output/korquad/train=KPF-BERT=dgx-a100/checkpoint-10000/tokenizer_config.json
[INFO|tokenization_utils_base.py:2509] 2025-02-25 01:35:14,863 >> Special tokens file saved in output/korquad/train=KPF-BERT=dgx-a100/checkpoint-10000/special_tokens_map.json
{'loss': 0.2689, 'grad_norm': 0.9406095743179321, 'learning_rate': 9.965655409273039e-06, 'epoch': 2.0}
 67%|██████████████████████████████████████████████████████████████████████████████████████████████████████████████████████████████████████████████████████████████████████████████████▎                                                                                        | 10500/15723 [42:37<20:53,  4.17it/s][INFO|trainer.py:3948] 2025-02-25 01:37:15,893 >> Saving model checkpoint to output/korquad/train=KPF-BERT=dgx-a100/checkpoint-10500
[INFO|configuration_utils.py:423] 2025-02-25 01:37:15,895 >> Configuration saved in output/korquad/train=KPF-BERT=dgx-a100/checkpoint-10500/config.json
[INFO|modeling_utils.py:3077] 2025-02-25 01:37:16,441 >> Model weights saved in output/korquad/train=KPF-BERT=dgx-a100/checkpoint-10500/model.safetensors
[INFO|tokenization_utils_base.py:2500] 2025-02-25 01:37:16,442 >> tokenizer config file saved in output/korquad/train=KPF-BERT=dgx-a100/checkpoint-10500/tokenizer_config.json
[INFO|tokenization_utils_base.py:2509] 2025-02-25 01:37:16,442 >> Special tokens file saved in output/korquad/train=KPF-BERT=dgx-a100/checkpoint-10500/special_tokens_map.json
{'loss': 0.175, 'grad_norm': 5.766277313232422, 'learning_rate': 9.011639000190803e-06, 'epoch': 2.1}
 70%|██████████████████████████████████████████████████████████████████████████████████████████████████████████████████████████████████████████████████████████████████████████████████████████▊                                                                                | 11000/15723 [44:39<18:54,  4.16it/s][INFO|trainer.py:3948] 2025-02-25 01:39:17,838 >> Saving model checkpoint to output/korquad/train=KPF-BERT=dgx-a100/checkpoint-11000
[INFO|configuration_utils.py:423] 2025-02-25 01:39:17,840 >> Configuration saved in output/korquad/train=KPF-BERT=dgx-a100/checkpoint-11000/config.json
[INFO|modeling_utils.py:3077] 2025-02-25 01:39:18,394 >> Model weights saved in output/korquad/train=KPF-BERT=dgx-a100/checkpoint-11000/model.safetensors
[INFO|tokenization_utils_base.py:2500] 2025-02-25 01:39:18,395 >> tokenizer config file saved in output/korquad/train=KPF-BERT=dgx-a100/checkpoint-11000/tokenizer_config.json
[INFO|tokenization_utils_base.py:2509] 2025-02-25 01:39:18,395 >> Special tokens file saved in output/korquad/train=KPF-BERT=dgx-a100/checkpoint-11000/special_tokens_map.json
{'loss': 0.1757, 'grad_norm': 21.662046432495117, 'learning_rate': 8.057622591108567e-06, 'epoch': 2.19}
 73%|███████████████████████████████████████████████████████████████████████████████████████████████████████████████████████████████████████████████████████████████████████████████████████████████████▎                                                                       | 11500/15723 [46:41<16:55,  4.16it/s][INFO|trainer.py:3948] 2025-02-25 01:41:19,755 >> Saving model checkpoint to output/korquad/train=KPF-BERT=dgx-a100/checkpoint-11500
[INFO|configuration_utils.py:423] 2025-02-25 01:41:19,757 >> Configuration saved in output/korquad/train=KPF-BERT=dgx-a100/checkpoint-11500/config.json
[INFO|modeling_utils.py:3077] 2025-02-25 01:41:20,308 >> Model weights saved in output/korquad/train=KPF-BERT=dgx-a100/checkpoint-11500/model.safetensors
[INFO|tokenization_utils_base.py:2500] 2025-02-25 01:41:20,309 >> tokenizer config file saved in output/korquad/train=KPF-BERT=dgx-a100/checkpoint-11500/tokenizer_config.json
[INFO|tokenization_utils_base.py:2509] 2025-02-25 01:41:20,309 >> Special tokens file saved in output/korquad/train=KPF-BERT=dgx-a100/checkpoint-11500/special_tokens_map.json
{'loss': 0.1907, 'grad_norm': 10.381911277770996, 'learning_rate': 7.1036061820263315e-06, 'epoch': 2.29}
 76%|███████████████████████████████████████████████████████████████████████████████████████████████████████████████████████████████████████████████████████████████████████████████████████████████████████████▊                                                               | 12000/15723 [48:43<14:59,  4.14it/s][INFO|trainer.py:3948] 2025-02-25 01:43:22,034 >> Saving model checkpoint to output/korquad/train=KPF-BERT=dgx-a100/checkpoint-12000
[INFO|configuration_utils.py:423] 2025-02-25 01:43:22,037 >> Configuration saved in output/korquad/train=KPF-BERT=dgx-a100/checkpoint-12000/config.json
[INFO|modeling_utils.py:3077] 2025-02-25 01:43:22,602 >> Model weights saved in output/korquad/train=KPF-BERT=dgx-a100/checkpoint-12000/model.safetensors
[INFO|tokenization_utils_base.py:2500] 2025-02-25 01:43:22,603 >> tokenizer config file saved in output/korquad/train=KPF-BERT=dgx-a100/checkpoint-12000/tokenizer_config.json
[INFO|tokenization_utils_base.py:2509] 2025-02-25 01:43:22,603 >> Special tokens file saved in output/korquad/train=KPF-BERT=dgx-a100/checkpoint-12000/special_tokens_map.json
{'loss': 0.1775, 'grad_norm': 3.151012897491455, 'learning_rate': 6.149589772944095e-06, 'epoch': 2.39}
 80%|████████████████████████████████████████████████████████████████████████████████████████████████████████████████████████████████████████████████████████████████████████████████████████████████████████████████████▎                                                      | 12500/15723 [50:45<12:56,  4.15it/s][INFO|trainer.py:3948] 2025-02-25 01:45:24,004 >> Saving model checkpoint to output/korquad/train=KPF-BERT=dgx-a100/checkpoint-12500
[INFO|configuration_utils.py:423] 2025-02-25 01:45:24,006 >> Configuration saved in output/korquad/train=KPF-BERT=dgx-a100/checkpoint-12500/config.json
[INFO|modeling_utils.py:3077] 2025-02-25 01:45:24,556 >> Model weights saved in output/korquad/train=KPF-BERT=dgx-a100/checkpoint-12500/model.safetensors
[INFO|tokenization_utils_base.py:2500] 2025-02-25 01:45:24,557 >> tokenizer config file saved in output/korquad/train=KPF-BERT=dgx-a100/checkpoint-12500/tokenizer_config.json
[INFO|tokenization_utils_base.py:2509] 2025-02-25 01:45:24,557 >> Special tokens file saved in output/korquad/train=KPF-BERT=dgx-a100/checkpoint-12500/special_tokens_map.json
{'loss': 0.1749, 'grad_norm': 7.83448600769043, 'learning_rate': 5.1955733638618585e-06, 'epoch': 2.48}
 83%|████████████████████████████████████████████████████████████████████████████████████████████████████████████████████████████████████████████████████████████████████████████████████████████████████████████████████████████▊                                              | 13000/15723 [52:47<10:53,  4.17it/s][INFO|trainer.py:3948] 2025-02-25 01:47:26,002 >> Saving model checkpoint to output/korquad/train=KPF-BERT=dgx-a100/checkpoint-13000
[INFO|configuration_utils.py:423] 2025-02-25 01:47:26,004 >> Configuration saved in output/korquad/train=KPF-BERT=dgx-a100/checkpoint-13000/config.json
[INFO|modeling_utils.py:3077] 2025-02-25 01:47:26,554 >> Model weights saved in output/korquad/train=KPF-BERT=dgx-a100/checkpoint-13000/model.safetensors
[INFO|tokenization_utils_base.py:2500] 2025-02-25 01:47:26,555 >> tokenizer config file saved in output/korquad/train=KPF-BERT=dgx-a100/checkpoint-13000/tokenizer_config.json
[INFO|tokenization_utils_base.py:2509] 2025-02-25 01:47:26,555 >> Special tokens file saved in output/korquad/train=KPF-BERT=dgx-a100/checkpoint-13000/special_tokens_map.json
{'loss': 0.1827, 'grad_norm': 6.889313697814941, 'learning_rate': 4.241556954779622e-06, 'epoch': 2.58}
 86%|█████████████████████████████████████████████████████████████████████████████████████████████████████████████████████████████████████████████████████████████████████████████████████████████████████████████████████████████████████▎                                     | 13500/15723 [54:49<08:54,  4.16it/s][INFO|trainer.py:3948] 2025-02-25 01:49:27,788 >> Saving model checkpoint to output/korquad/train=KPF-BERT=dgx-a100/checkpoint-13500
[INFO|configuration_utils.py:423] 2025-02-25 01:49:27,790 >> Configuration saved in output/korquad/train=KPF-BERT=dgx-a100/checkpoint-13500/config.json
[INFO|modeling_utils.py:3077] 2025-02-25 01:49:28,367 >> Model weights saved in output/korquad/train=KPF-BERT=dgx-a100/checkpoint-13500/model.safetensors
[INFO|tokenization_utils_base.py:2500] 2025-02-25 01:49:28,368 >> tokenizer config file saved in output/korquad/train=KPF-BERT=dgx-a100/checkpoint-13500/tokenizer_config.json
[INFO|tokenization_utils_base.py:2509] 2025-02-25 01:49:28,368 >> Special tokens file saved in output/korquad/train=KPF-BERT=dgx-a100/checkpoint-13500/special_tokens_map.json
{'loss': 0.191, 'grad_norm': 1.3197530508041382, 'learning_rate': 3.287540545697386e-06, 'epoch': 2.67}
 89%|█████████████████████████████████████████████████████████████████████████████████████████████████████████████████████████████████████████████████████████████████████████████████████████████████████████████████████████████████████████████▋                             | 14000/15723 [56:51<06:54,  4.16it/s][INFO|trainer.py:3948] 2025-02-25 01:51:29,681 >> Saving model checkpoint to output/korquad/train=KPF-BERT=dgx-a100/checkpoint-14000
[INFO|configuration_utils.py:423] 2025-02-25 01:51:29,683 >> Configuration saved in output/korquad/train=KPF-BERT=dgx-a100/checkpoint-14000/config.json
[INFO|modeling_utils.py:3077] 2025-02-25 01:51:30,216 >> Model weights saved in output/korquad/train=KPF-BERT=dgx-a100/checkpoint-14000/model.safetensors
[INFO|tokenization_utils_base.py:2500] 2025-02-25 01:51:30,217 >> tokenizer config file saved in output/korquad/train=KPF-BERT=dgx-a100/checkpoint-14000/tokenizer_config.json
[INFO|tokenization_utils_base.py:2509] 2025-02-25 01:51:30,217 >> Special tokens file saved in output/korquad/train=KPF-BERT=dgx-a100/checkpoint-14000/special_tokens_map.json
{'loss': 0.1813, 'grad_norm': 18.264833450317383, 'learning_rate': 2.3335241366151497e-06, 'epoch': 2.77}
 92%|██████████████████████████████████████████████████████████████████████████████████████████████████████████████████████████████████████████████████████████████████████████████████████████████████████████████████████████████████████████████████████▏                    | 14500/15723 [58:53<04:53,  4.16it/s][INFO|trainer.py:3948] 2025-02-25 01:53:31,443 >> Saving model checkpoint to output/korquad/train=KPF-BERT=dgx-a100/checkpoint-14500
[INFO|configuration_utils.py:423] 2025-02-25 01:53:31,445 >> Configuration saved in output/korquad/train=KPF-BERT=dgx-a100/checkpoint-14500/config.json
[INFO|modeling_utils.py:3077] 2025-02-25 01:53:32,007 >> Model weights saved in output/korquad/train=KPF-BERT=dgx-a100/checkpoint-14500/model.safetensors
[INFO|tokenization_utils_base.py:2500] 2025-02-25 01:53:32,008 >> tokenizer config file saved in output/korquad/train=KPF-BERT=dgx-a100/checkpoint-14500/tokenizer_config.json
[INFO|tokenization_utils_base.py:2509] 2025-02-25 01:53:32,008 >> Special tokens file saved in output/korquad/train=KPF-BERT=dgx-a100/checkpoint-14500/special_tokens_map.json
{'loss': 0.1875, 'grad_norm': 0.5883094668388367, 'learning_rate': 1.3795077275329136e-06, 'epoch': 2.86}
 95%|████████████████████████████████████████████████████████████████████████████████████████████████████████████████████████████████████████████████████████████████████████████████████████████████████████████████████████████████████████████████████████████▊            | 15000/15723 [1:00:55<02:54,  4.15it/s][INFO|trainer.py:3948] 2025-02-25 01:55:33,294 >> Saving model checkpoint to output/korquad/train=KPF-BERT=dgx-a100/checkpoint-15000
[INFO|configuration_utils.py:423] 2025-02-25 01:55:33,296 >> Configuration saved in output/korquad/train=KPF-BERT=dgx-a100/checkpoint-15000/config.json
[INFO|modeling_utils.py:3077] 2025-02-25 01:55:33,832 >> Model weights saved in output/korquad/train=KPF-BERT=dgx-a100/checkpoint-15000/model.safetensors
[INFO|tokenization_utils_base.py:2500] 2025-02-25 01:55:33,833 >> tokenizer config file saved in output/korquad/train=KPF-BERT=dgx-a100/checkpoint-15000/tokenizer_config.json
[INFO|tokenization_utils_base.py:2509] 2025-02-25 01:55:33,833 >> Special tokens file saved in output/korquad/train=KPF-BERT=dgx-a100/checkpoint-15000/special_tokens_map.json
{'loss': 0.1658, 'grad_norm': 1.0448083877563477, 'learning_rate': 4.254913184506774e-07, 'epoch': 2.96}
 99%|█████████████████████████████████████████████████████████████████████████████████████████████████████████████████████████████████████████████████████████████████████████████████████████████████████████████████████████████████████████████████████████████████████▏   | 15500/15723 [1:02:56<00:53,  4.16it/s][INFO|trainer.py:3948] 2025-02-25 01:57:35,088 >> Saving model checkpoint to output/korquad/train=KPF-BERT=dgx-a100/checkpoint-15500
[INFO|configuration_utils.py:423] 2025-02-25 01:57:35,090 >> Configuration saved in output/korquad/train=KPF-BERT=dgx-a100/checkpoint-15500/config.json
[INFO|modeling_utils.py:3077] 2025-02-25 01:57:35,635 >> Model weights saved in output/korquad/train=KPF-BERT=dgx-a100/checkpoint-15500/model.safetensors
[INFO|tokenization_utils_base.py:2500] 2025-02-25 01:57:35,636 >> tokenizer config file saved in output/korquad/train=KPF-BERT=dgx-a100/checkpoint-15500/tokenizer_config.json
[INFO|tokenization_utils_base.py:2509] 2025-02-25 01:57:35,636 >> Special tokens file saved in output/korquad/train=KPF-BERT=dgx-a100/checkpoint-15500/special_tokens_map.json
100%|█████████████████████████████████████████████████████████████████████████████████████████████████████████████████████████████████████████████████████████████████████████████████████████████████████████████████████████████████████████████████████████████████████████| 15723/15723 [1:03:52<00:00,  4.70it/s][INFO|trainer.py:3948] 2025-02-25 01:58:30,187 >> Saving model checkpoint to output/korquad/train=KPF-BERT=dgx-a100/checkpoint-15723
[INFO|configuration_utils.py:423] 2025-02-25 01:58:30,189 >> Configuration saved in output/korquad/train=KPF-BERT=dgx-a100/checkpoint-15723/config.json
[INFO|modeling_utils.py:3077] 2025-02-25 01:58:30,735 >> Model weights saved in output/korquad/train=KPF-BERT=dgx-a100/checkpoint-15723/model.safetensors
[INFO|tokenization_utils_base.py:2500] 2025-02-25 01:58:30,736 >> tokenizer config file saved in output/korquad/train=KPF-BERT=dgx-a100/checkpoint-15723/tokenizer_config.json
[INFO|tokenization_utils_base.py:2509] 2025-02-25 01:58:30,736 >> Special tokens file saved in output/korquad/train=KPF-BERT=dgx-a100/checkpoint-15723/special_tokens_map.json
[INFO|trainer.py:2663] 2025-02-25 01:58:31,687 >>

Training completed. Do not forget to share your model on huggingface.co/models =)


{'train_runtime': 3833.5156, 'train_samples_per_second': 49.214, 'train_steps_per_second': 4.101, 'train_loss': 0.3358044533649792, 'epoch': 3.0}
100%|█████████████████████████████████████████████████████████████████████████████████████████████████████████████████████████████████████████████████████████████████████████████████████████████████████████████████████████████████████████████████████████████████████████| 15723/15723 [1:03:53<00:00,  4.10it/s]
[INFO|trainer.py:3948] 2025-02-25 01:58:31,689 >> Saving model checkpoint to output/korquad/train=KPF-BERT=dgx-a100
[INFO|configuration_utils.py:423] 2025-02-25 01:58:31,691 >> Configuration saved in output/korquad/train=KPF-BERT=dgx-a100/config.json
[INFO|modeling_utils.py:3077] 2025-02-25 01:58:32,201 >> Model weights saved in output/korquad/train=KPF-BERT=dgx-a100/model.safetensors
[INFO|tokenization_utils_base.py:2500] 2025-02-25 01:58:32,202 >> tokenizer config file saved in output/korquad/train=KPF-BERT=dgx-a100/tokenizer_config.json
[INFO|tokenization_utils_base.py:2509] 2025-02-25 01:58:32,202 >> Special tokens file saved in output/korquad/train=KPF-BERT=dgx-a100/special_tokens_map.json
***** train metrics *****
  epoch                    =        3.0
  total_flos               = 45910950GF
  train_loss               =     0.3358
  train_runtime            = 1:03:53.51
  train_samples            =      62887
  train_samples_per_second =     49.214
  train_steps_per_second   =      4.101
02/25/2025 01:58:32 - INFO - __main__ - *** Evaluate ***
[INFO|trainer.py:930] 2025-02-25 01:58:32,213 >> The following columns in the evaluation set don't have a corresponding argument in `BertForQuestionAnswering.forward` and have been ignored: offset_mapping, example_id. If offset_mapping, example_id are not expected by `BertForQuestionAnswering.forward`,  you can safely ignore this message.
[INFO|trainer.py:4264] 2025-02-25 01:58:32,223 >>
***** Running Evaluation *****
[INFO|trainer.py:4266] 2025-02-25 01:58:32,223 >>   Num examples = 6152
[INFO|trainer.py:4269] 2025-02-25 01:58:32,223 >>   Batch size = 8
100%|███████████████████████████████████████████████████████████████████████████████████████████████████████████████████████████████████████████████████████████████████████████████████████████████████████████████████████████████████████████████████████████████████████████████| 769/769 [00:43<00:00, 18.05it/s]02/25/2025 01:59:25 - INFO - utils_qa - Post-processing 5774 example predictions split into 6152 features.
100%|████████████████████████████████████████████████████████████████████████████████████████████████████████████████████████████████████████████████████████████████████████████████████████████████████████████████████████████████████████████████████████████████████████████| 5774/5774 [00:20<00:00, 278.70it/s]
02/25/2025 01:59:45 - INFO - utils_qa - Saving predictions to output/korquad/train=KPF-BERT=dgx-a100/eval_predictions.json.█████████████████████████████████████████████████████████████████████████████████████████████████████████████████████████████████████████████████████▍| 5761/5774 [00:20<00:00, 276.39it/s]
02/25/2025 01:59:45 - INFO - utils_qa - Saving nbest_preds to output/korquad/train=KPF-BERT=dgx-a100/eval_nbest_predictions.json.
100%|███████████████████████████████████████████████████████████████████████████████████████████████████████████████████████████████████████████████████████████████████████████████████████████████████████████████████████████████████████████████████████████████████████████████| 769/769 [01:14<00:00, 10.26it/s]
***** eval metrics *****
  epoch                   =        3.0
  eval_exact_match        =    87.2532
  eval_f1                 =    91.9609
  eval_runtime            = 0:00:43.41
  eval_samples            =       6152
  eval_samples_per_second =    141.698
  eval_steps_per_second   =     17.712
[INFO|modelcard.py:449] 2025-02-25 01:59:47,437 >> Dropping the following result as it does not have all the necessary fields:
{'task': {'name': 'Question Answering', 'type': 'question-answering'}}
(DeepKNLP-25) chrisjihee@dgx-a100:~/proj/DeepKNLP-25$

