[02.13 00:12:45] ┇ INFO    ┇           chrisbase.data ┇ =========================================================================================================================================
[02.13 00:12:45] ┇ INFO    ┇           chrisbase.data ┇ [INIT] python task2-nerG-trainer.py --local_rank=0 --trainer_deepspeed configs/deepspeed/ds2_t5.json --run_version FlanT5-Base-WQ=4,2 --pretrained google/flan-t5-base --eval_epochs 0.5 --logging_steps 5 --num_train_epochs 12 --per_device_eval_batch_size 50 --per_device_train_batch_size 8 --gradient_accumulation_steps 1 --generation_max_length 640 --eval_file data/gner/each-sampled-WQ=4,2/crossner_literature-dev=100-WQ=4,2.jsonl --train_file data/gner/each-WQ=4,2/crossner_literature-train-WQ=4,2.jsonl --output_file train-metrics-crossner_literature-12ep.csv --logging_file train-loggings-crossner_literature-12ep.out --no_use_flash_attention --no_debugging
[02.13 00:12:45] ┇ INFO    ┇           chrisbase.data ┇ =========================================================================================================================================
[02.13 00:12:46] ┇ INFO    ┇           chrisbase.data ┇ -----------------------------------------------------------------------------------------------------------------------------------------
[02.13 00:12:46] ┇ INFO    ┇           chrisbase.data ┇   #	TrainingArgumentsForAccelerator              	value
[02.13 00:12:46] ┇ INFO    ┇           chrisbase.data ┇ -----------------------------------------------------------------------------------------------------------------------------------------
[02.13 00:12:46] ┇ INFO    ┇           chrisbase.data ┇   1	env.hostname                                 	ptlm3
[02.13 00:12:46] ┇ INFO    ┇           chrisbase.data ┇   2	env.hostaddr                                 	129.254.121.74
[02.13 00:12:46] ┇ INFO    ┇           chrisbase.data ┇   3	env.global_rank                              	-1
[02.13 00:12:46] ┇ INFO    ┇           chrisbase.data ┇   4	env.local_rank                               	0
[02.13 00:12:46] ┇ INFO    ┇           chrisbase.data ┇   5	env.node_rank                                	-1
[02.13 00:12:46] ┇ INFO    ┇           chrisbase.data ┇   6	env.world_size                               	4
[02.13 00:12:46] ┇ INFO    ┇           chrisbase.data ┇   7	env.time_stamp                               	0213-001240
[02.13 00:12:46] ┇ INFO    ┇           chrisbase.data ┇   8	env.python_path                              	/home/chrisjihee/miniforge3/envs/DeepKNLP/bin/python
[02.13 00:12:46] ┇ INFO    ┇           chrisbase.data ┇   9	env.current_dir                              	/home/chrisjihee/proj/DeepKNLP
[02.13 00:12:46] ┇ INFO    ┇           chrisbase.data ┇  10	env.current_file                             	task2-nerG-trainer.py
[02.13 00:12:46] ┇ INFO    ┇           chrisbase.data ┇  11	env.command_args                             	['--local_rank=0', '--trainer_deepspeed', 'configs/deepspeed/ds2_t5.json', '--run_version', 'FlanT5-Base-WQ=4,2', '--pretrained', 'google/flan-t5-base', '--eval_epochs', '0.5', '--logging_steps', '5', '--num_train_epochs', '12', '--per_device_eval_batch_size', '50', '--per_device_train_batch_size', '8', '--gradient_accumulation_steps', '1', '--generation_max_length', '640', '--eval_file', 'data/gner/each-sampled-WQ=4,2/crossner_literature-dev=100-WQ=4,2.jsonl', '--train_file', 'data/gner/each-WQ=4,2/crossner_literature-train-WQ=4,2.jsonl', '--output_file', 'train-metrics-crossner_literature-12ep.csv', '--logging_file', 'train-loggings-crossner_literature-12ep.out', '--no_use_flash_attention', '--no_debugging']
[02.13 00:12:46] ┇ INFO    ┇           chrisbase.data ┇  12	env.output_home                              	output
[02.13 00:12:46] ┇ INFO    ┇           chrisbase.data ┇  13	env.output_name                              	GNER
[02.13 00:12:46] ┇ INFO    ┇           chrisbase.data ┇  14	env.run_version                              	FlanT5-Base-WQ=4,2
[02.13 00:12:46] ┇ INFO    ┇           chrisbase.data ┇  15	env.output_file                              	train-metrics-crossner_literature-12ep-0213-001240.csv
[02.13 00:12:46] ┇ INFO    ┇           chrisbase.data ┇  16	env.logging_file                             	train-loggings-crossner_literature-12ep-0213-001240.out
[02.13 00:12:46] ┇ INFO    ┇           chrisbase.data ┇  17	env.logging_level                            	30
[02.13 00:12:46] ┇ INFO    ┇           chrisbase.data ┇  18	env.logging_format                           	%(asctime)s ┇ %(levelname)-7s ┇ %(name)24s ┇ %(message)s
[02.13 00:12:46] ┇ INFO    ┇           chrisbase.data ┇  19	env.datetime_format                          	[%m.%d %H:%M:%S]
[02.13 00:12:46] ┇ INFO    ┇           chrisbase.data ┇  20	env.argument_file                            	train-arguments-0213-001240.json
[02.13 00:12:46] ┇ INFO    ┇           chrisbase.data ┇  21	env.random_seed                              	7
[02.13 00:12:46] ┇ INFO    ┇           chrisbase.data ┇  22	env.max_workers                              	4
[02.13 00:12:46] ┇ INFO    ┇           chrisbase.data ┇  23	env.debugging                                	False
[02.13 00:12:46] ┇ INFO    ┇           chrisbase.data ┇  24	env.output_dir                               	output/GNER/FlanT5-Base-WQ=4,2
[02.13 00:12:46] ┇ INFO    ┇           chrisbase.data ┇  25	time.t1                                      	2025-02-13 00:12:45.967608
[02.13 00:12:46] ┇ INFO    ┇           chrisbase.data ┇  26	time.t2                                      	2025-02-13 00:12:38.673830
[02.13 00:12:46] ┇ INFO    ┇           chrisbase.data ┇  27	time.started                                 	[02.13 00:12:45]
[02.13 00:12:46] ┇ INFO    ┇           chrisbase.data ┇  28	time.settled
[02.13 00:12:46] ┇ INFO    ┇           chrisbase.data ┇  29	time.elapsed
[02.13 00:12:46] ┇ INFO    ┇           chrisbase.data ┇  30	data.train_file                              	data/gner/each-WQ=4,2/crossner_literature-train-WQ=4,2.jsonl
[02.13 00:12:46] ┇ INFO    ┇           chrisbase.data ┇  31	data.study_file
[02.13 00:12:46] ┇ INFO    ┇           chrisbase.data ┇  32	data.eval_file                               	data/gner/each-sampled-WQ=4,2/crossner_literature-dev=100-WQ=4,2.jsonl
[02.13 00:12:46] ┇ INFO    ┇           chrisbase.data ┇  33	data.pred_file
[02.13 00:12:46] ┇ INFO    ┇           chrisbase.data ┇  34	data.pretrained                              	google/flan-t5-base
[02.13 00:12:46] ┇ INFO    ┇           chrisbase.data ┇  35	data.max_train_samples                       	-1
[02.13 00:12:46] ┇ INFO    ┇           chrisbase.data ┇  36	data.max_study_samples                       	-1
[02.13 00:12:46] ┇ INFO    ┇           chrisbase.data ┇  37	data.max_eval_samples                        	-1
[02.13 00:12:46] ┇ INFO    ┇           chrisbase.data ┇  38	data.max_pred_samples                        	-1
[02.13 00:12:46] ┇ INFO    ┇           chrisbase.data ┇  39	data.use_cache_data                          	False
[02.13 00:12:46] ┇ INFO    ┇           chrisbase.data ┇  40	data.progress_seconds                        	10.0
[02.13 00:12:46] ┇ INFO    ┇           chrisbase.data ┇  41	data.max_source_length                       	640
[02.13 00:12:46] ┇ INFO    ┇           chrisbase.data ┇  42	data.max_target_length                       	640
[02.13 00:12:46] ┇ INFO    ┇           chrisbase.data ┇  43	data.write_predictions                       	False
[02.13 00:12:46] ┇ INFO    ┇           chrisbase.data ┇  44	data.ignore_pad_token_for_loss               	True
[02.13 00:12:46] ┇ INFO    ┇           chrisbase.data ┇  45	train._n_gpu                                 	1
[02.13 00:12:46] ┇ INFO    ┇           chrisbase.data ┇  46	train.accelerator_config                     	{'split_batches': False, 'dispatch_batches': None, 'even_batches': True, 'use_seedable_sampler': True, 'non_blocking': False, 'gradient_accumulation_kwargs': None, 'use_configured_state': False}
[02.13 00:12:46] ┇ INFO    ┇           chrisbase.data ┇  47	train.adafactor                              	False
[02.13 00:12:46] ┇ INFO    ┇           chrisbase.data ┇  48	train.adam_beta1                             	0.9
[02.13 00:12:46] ┇ INFO    ┇           chrisbase.data ┇  49	train.adam_beta2                             	0.999
[02.13 00:12:46] ┇ INFO    ┇           chrisbase.data ┇  50	train.adam_epsilon                           	1e-08
[02.13 00:12:46] ┇ INFO    ┇           chrisbase.data ┇  51	train.auto_find_batch_size                   	False
[02.13 00:12:46] ┇ INFO    ┇           chrisbase.data ┇  52	train.average_tokens_across_devices          	False
[02.13 00:12:46] ┇ INFO    ┇           chrisbase.data ┇  53	train.batch_eval_metrics                     	False
[02.13 00:12:46] ┇ INFO    ┇           chrisbase.data ┇  54	train.bf16                                   	True
[02.13 00:12:46] ┇ INFO    ┇           chrisbase.data ┇  55	train.bf16_full_eval                         	True
[02.13 00:12:46] ┇ INFO    ┇           chrisbase.data ┇  56	train.data_seed
[02.13 00:12:46] ┇ INFO    ┇           chrisbase.data ┇  57	train.dataloader_drop_last                   	False
[02.13 00:12:46] ┇ INFO    ┇           chrisbase.data ┇  58	train.dataloader_num_workers                 	0
[02.13 00:12:46] ┇ INFO    ┇           chrisbase.data ┇  59	train.dataloader_persistent_workers          	False
[02.13 00:12:46] ┇ INFO    ┇           chrisbase.data ┇  60	train.dataloader_pin_memory                  	True
[02.13 00:12:46] ┇ INFO    ┇           chrisbase.data ┇  61	train.dataloader_prefetch_factor
[02.13 00:12:46] ┇ INFO    ┇           chrisbase.data ┇  62	train.ddp_backend
[02.13 00:12:46] ┇ INFO    ┇           chrisbase.data ┇  63	train.ddp_broadcast_buffers
[02.13 00:12:46] ┇ INFO    ┇           chrisbase.data ┇  64	train.ddp_bucket_cap_mb
[02.13 00:12:46] ┇ INFO    ┇           chrisbase.data ┇  65	train.ddp_find_unused_parameters
[02.13 00:12:46] ┇ INFO    ┇           chrisbase.data ┇  66	train.ddp_timeout                            	1800
[02.13 00:12:46] ┇ INFO    ┇           chrisbase.data ┇  67	train.debug                                  	[]
[02.13 00:12:46] ┇ INFO    ┇           chrisbase.data ┇  68	train.deepspeed                              	configs/deepspeed/ds2_t5.json
[02.13 00:12:46] ┇ INFO    ┇           chrisbase.data ┇  69	train.disable_tqdm                           	True
[02.13 00:12:46] ┇ INFO    ┇           chrisbase.data ┇  70	train.dispatch_batches
[02.13 00:12:46] ┇ INFO    ┇           chrisbase.data ┇  71	train.do_eval                                	True
[02.13 00:12:46] ┇ INFO    ┇           chrisbase.data ┇  72	train.do_predict                             	False
[02.13 00:12:46] ┇ INFO    ┇           chrisbase.data ┇  73	train.do_train                               	True
[02.13 00:12:46] ┇ INFO    ┇           chrisbase.data ┇  74	train.eval_accumulation_steps                	1
[02.13 00:12:46] ┇ INFO    ┇           chrisbase.data ┇  75	train.eval_delay                             	0.0
[02.13 00:12:46] ┇ INFO    ┇           chrisbase.data ┇  76	train.eval_do_concat_batches                 	True
[02.13 00:12:46] ┇ INFO    ┇           chrisbase.data ┇  77	train.eval_epochs                            	0.5
[02.13 00:12:46] ┇ INFO    ┇           chrisbase.data ┇  78	train.eval_on_start                          	False
[02.13 00:12:46] ┇ INFO    ┇           chrisbase.data ┇  79	train.eval_steps                             	9223372036854775807
[02.13 00:12:46] ┇ INFO    ┇           chrisbase.data ┇  80	train.eval_strategy                          	IntervalStrategy.NO
[02.13 00:12:46] ┇ INFO    ┇           chrisbase.data ┇  81	train.eval_use_gather_object                 	False
[02.13 00:12:46] ┇ INFO    ┇           chrisbase.data ┇  82	train.evaluation_strategy
[02.13 00:12:46] ┇ INFO    ┇           chrisbase.data ┇  83	train.fp16                                   	False
[02.13 00:12:46] ┇ INFO    ┇           chrisbase.data ┇  84	train.fp16_backend                           	auto
[02.13 00:12:46] ┇ INFO    ┇           chrisbase.data ┇  85	train.fp16_full_eval                         	False
[02.13 00:12:46] ┇ INFO    ┇           chrisbase.data ┇  86	train.fp16_opt_level                         	O1
[02.13 00:12:46] ┇ INFO    ┇           chrisbase.data ┇  87	train.fsdp                                   	[]
[02.13 00:12:46] ┇ INFO    ┇           chrisbase.data ┇  88	train.fsdp_config                            	{'min_num_params': 0, 'xla': False, 'xla_fsdp_v2': False, 'xla_fsdp_grad_ckpt': False}
[02.13 00:12:46] ┇ INFO    ┇           chrisbase.data ┇  89	train.fsdp_min_num_params                    	0
[02.13 00:12:46] ┇ INFO    ┇           chrisbase.data ┇  90	train.fsdp_transformer_layer_cls_to_wrap
[02.13 00:12:46] ┇ INFO    ┇           chrisbase.data ┇  91	train.full_determinism                       	False
[02.13 00:12:46] ┇ INFO    ┇           chrisbase.data ┇  92	train.generation_config
[02.13 00:12:46] ┇ INFO    ┇           chrisbase.data ┇  93	train.generation_max_length                  	640
[02.13 00:12:46] ┇ INFO    ┇           chrisbase.data ┇  94	train.generation_num_beams
[02.13 00:12:46] ┇ INFO    ┇           chrisbase.data ┇  95	train.gradient_accumulation_steps            	1
[02.13 00:12:46] ┇ INFO    ┇           chrisbase.data ┇  96	train.gradient_checkpointing                 	True
[02.13 00:12:46] ┇ INFO    ┇           chrisbase.data ┇  97	train.gradient_checkpointing_kwargs
[02.13 00:12:46] ┇ INFO    ┇           chrisbase.data ┇  98	train.greater_is_better
[02.13 00:12:46] ┇ INFO    ┇           chrisbase.data ┇  99	train.group_by_length                        	False
[02.13 00:12:46] ┇ INFO    ┇           chrisbase.data ┇ 100	train.half_precision_backend                 	auto
[02.13 00:12:46] ┇ INFO    ┇           chrisbase.data ┇ 101	train.hub_always_push                        	False
[02.13 00:12:46] ┇ INFO    ┇           chrisbase.data ┇ 102	train.hub_model_id
[02.13 00:12:46] ┇ INFO    ┇           chrisbase.data ┇ 103	train.hub_private_repo
[02.13 00:12:46] ┇ INFO    ┇           chrisbase.data ┇ 104	train.hub_strategy                           	HubStrategy.EVERY_SAVE
[02.13 00:12:46] ┇ INFO    ┇           chrisbase.data ┇ 105	train.hub_token
[02.13 00:12:46] ┇ INFO    ┇           chrisbase.data ┇ 106	train.ignore_data_skip                       	False
[02.13 00:12:46] ┇ INFO    ┇           chrisbase.data ┇ 107	train.include_for_metrics                    	[]
[02.13 00:12:46] ┇ INFO    ┇           chrisbase.data ┇ 108	train.include_inputs_for_metrics             	False
[02.13 00:12:46] ┇ INFO    ┇           chrisbase.data ┇ 109	train.include_num_input_tokens_seen          	False
[02.13 00:12:46] ┇ INFO    ┇           chrisbase.data ┇ 110	train.include_tokens_per_second              	False
[02.13 00:12:46] ┇ INFO    ┇           chrisbase.data ┇ 111	train.jit_mode_eval                          	False
[02.13 00:12:46] ┇ INFO    ┇           chrisbase.data ┇ 112	train.label_names
[02.13 00:12:46] ┇ INFO    ┇           chrisbase.data ┇ 113	train.label_smoothing_factor                 	0.0
[02.13 00:12:46] ┇ INFO    ┇           chrisbase.data ┇ 114	train.learning_rate                          	2e-05
[02.13 00:12:46] ┇ INFO    ┇           chrisbase.data ┇ 115	train.length_column_name                     	length
[02.13 00:12:46] ┇ INFO    ┇           chrisbase.data ┇ 116	train.load_best_model_at_end                 	False
[02.13 00:12:46] ┇ INFO    ┇           chrisbase.data ┇ 117	train.local_rank                             	0
[02.13 00:12:46] ┇ INFO    ┇           chrisbase.data ┇ 118	train.log_level                              	warning
[02.13 00:12:46] ┇ INFO    ┇           chrisbase.data ┇ 119	train.log_level_replica                      	error
[02.13 00:12:46] ┇ INFO    ┇           chrisbase.data ┇ 120	train.log_on_each_node                       	True
[02.13 00:12:46] ┇ INFO    ┇           chrisbase.data ┇ 121	train.logging_dir                            	output/GNER/FlanT5-Base-WQ=4,2/runs/Feb13_00-12-44_ptlm3
[02.13 00:12:46] ┇ INFO    ┇           chrisbase.data ┇ 122	train.logging_epochs                         	-1.0
[02.13 00:12:46] ┇ INFO    ┇           chrisbase.data ┇ 123	train.logging_first_step                     	False
[02.13 00:12:46] ┇ INFO    ┇           chrisbase.data ┇ 124	train.logging_nan_inf_filter                 	True
[02.13 00:12:46] ┇ INFO    ┇           chrisbase.data ┇ 125	train.logging_steps                          	5
[02.13 00:12:46] ┇ INFO    ┇           chrisbase.data ┇ 126	train.logging_strategy                       	IntervalStrategy.STEPS
[02.13 00:12:46] ┇ INFO    ┇           chrisbase.data ┇ 127	train.lr_scheduler_kwargs                    	{}
[02.13 00:12:46] ┇ INFO    ┇           chrisbase.data ┇ 128	train.lr_scheduler_type                      	SchedulerType.COSINE
[02.13 00:12:46] ┇ INFO    ┇           chrisbase.data ┇ 129	train.max_grad_norm                          	1.0
[02.13 00:12:46] ┇ INFO    ┇           chrisbase.data ┇ 130	train.max_steps                              	-1
[02.13 00:12:46] ┇ INFO    ┇           chrisbase.data ┇ 131	train.metric_for_best_model
[02.13 00:12:46] ┇ INFO    ┇           chrisbase.data ┇ 132	train.mp_parameters
[02.13 00:12:46] ┇ INFO    ┇           chrisbase.data ┇ 133	train.neftune_noise_alpha
[02.13 00:12:46] ┇ INFO    ┇           chrisbase.data ┇ 134	train.no_cuda                                	False
[02.13 00:12:46] ┇ INFO    ┇           chrisbase.data ┇ 135	train.num_train_epochs                       	12.0
[02.13 00:12:46] ┇ INFO    ┇           chrisbase.data ┇ 136	train.optim                                  	OptimizerNames.ADAMW_TORCH
[02.13 00:12:46] ┇ INFO    ┇           chrisbase.data ┇ 137	train.optim_args
[02.13 00:12:46] ┇ INFO    ┇           chrisbase.data ┇ 138	train.optim_target_modules
[02.13 00:12:46] ┇ INFO    ┇           chrisbase.data ┇ 139	train.output_dir                             	output/GNER/FlanT5-Base-WQ=4,2
[02.13 00:12:46] ┇ INFO    ┇           chrisbase.data ┇ 140	train.overwrite_output_dir                   	True
[02.13 00:12:46] ┇ INFO    ┇           chrisbase.data ┇ 141	train.past_index                             	-1
[02.13 00:12:46] ┇ INFO    ┇           chrisbase.data ┇ 142	train.per_device_eval_batch_size             	50
[02.13 00:12:46] ┇ INFO    ┇           chrisbase.data ┇ 143	train.per_device_train_batch_size            	8
[02.13 00:12:46] ┇ INFO    ┇           chrisbase.data ┇ 144	train.per_gpu_eval_batch_size
[02.13 00:12:46] ┇ INFO    ┇           chrisbase.data ┇ 145	train.per_gpu_train_batch_size
[02.13 00:12:46] ┇ INFO    ┇           chrisbase.data ┇ 146	train.predict_with_generate                  	True
[02.13 00:12:46] ┇ INFO    ┇           chrisbase.data ┇ 147	train.prediction_loss_only                   	False
[02.13 00:12:46] ┇ INFO    ┇           chrisbase.data ┇ 148	train.push_to_hub                            	False
[02.13 00:12:46] ┇ INFO    ┇           chrisbase.data ┇ 149	train.push_to_hub_model_id
[02.13 00:12:46] ┇ INFO    ┇           chrisbase.data ┇ 150	train.push_to_hub_organization
[02.13 00:12:46] ┇ INFO    ┇           chrisbase.data ┇ 151	train.push_to_hub_token
[02.13 00:12:46] ┇ INFO    ┇           chrisbase.data ┇ 152	train.ray_scope                              	last
[02.13 00:12:46] ┇ INFO    ┇           chrisbase.data ┇ 153	train.remove_unused_columns                  	False
[02.13 00:12:46] ┇ INFO    ┇           chrisbase.data ┇ 154	train.report_to                              	[]
[02.13 00:12:46] ┇ INFO    ┇           chrisbase.data ┇ 155	train.restore_callback_states_from_checkpoint	False
[02.13 00:12:46] ┇ INFO    ┇           chrisbase.data ┇ 156	train.resume_from_checkpoint
[02.13 00:12:46] ┇ INFO    ┇           chrisbase.data ┇ 157	train.run_name                               	output/GNER/FlanT5-Base-WQ=4,2
[02.13 00:12:46] ┇ INFO    ┇           chrisbase.data ┇ 158	train.save_epochs                            	-1.0
[02.13 00:12:46] ┇ INFO    ┇           chrisbase.data ┇ 159	train.save_on_each_node                      	False
[02.13 00:12:46] ┇ INFO    ┇           chrisbase.data ┇ 160	train.save_only_model                        	False
[02.13 00:12:46] ┇ INFO    ┇           chrisbase.data ┇ 161	train.save_safetensors                       	True
[02.13 00:12:46] ┇ INFO    ┇           chrisbase.data ┇ 162	train.save_steps                             	9223372036854775807
[02.13 00:12:46] ┇ INFO    ┇           chrisbase.data ┇ 163	train.save_strategy                          	SaveStrategy.NO
[02.13 00:12:46] ┇ INFO    ┇           chrisbase.data ┇ 164	train.save_total_limit
[02.13 00:12:46] ┇ INFO    ┇           chrisbase.data ┇ 165	train.seed                                   	7
[02.13 00:12:46] ┇ INFO    ┇           chrisbase.data ┇ 166	train.skip_memory_metrics                    	True
[02.13 00:12:46] ┇ INFO    ┇           chrisbase.data ┇ 167	train.sortish_sampler                        	False
[02.13 00:12:46] ┇ INFO    ┇           chrisbase.data ┇ 168	train.split_batches
[02.13 00:12:46] ┇ INFO    ┇           chrisbase.data ┇ 169	train.tf32                                   	True
[02.13 00:12:46] ┇ INFO    ┇           chrisbase.data ┇ 170	train.torch_compile                          	False
[02.13 00:12:46] ┇ INFO    ┇           chrisbase.data ┇ 171	train.torch_compile_backend
[02.13 00:12:46] ┇ INFO    ┇           chrisbase.data ┇ 172	train.torch_compile_mode
[02.13 00:12:46] ┇ INFO    ┇           chrisbase.data ┇ 173	train.torch_empty_cache_steps
[02.13 00:12:46] ┇ INFO    ┇           chrisbase.data ┇ 174	train.torchdynamo
[02.13 00:12:46] ┇ INFO    ┇           chrisbase.data ┇ 175	train.tpu_metrics_debug                      	False
[02.13 00:12:46] ┇ INFO    ┇           chrisbase.data ┇ 176	train.tpu_num_cores
[02.13 00:12:46] ┇ INFO    ┇           chrisbase.data ┇ 177	train.use_cpu                                	False
[02.13 00:12:46] ┇ INFO    ┇           chrisbase.data ┇ 178	train.use_flash_attention                    	False
[02.13 00:12:46] ┇ INFO    ┇           chrisbase.data ┇ 179	train.use_ipex                               	False
[02.13 00:12:46] ┇ INFO    ┇           chrisbase.data ┇ 180	train.use_legacy_prediction_loop             	False
[02.13 00:12:46] ┇ INFO    ┇           chrisbase.data ┇ 181	train.use_liger_kernel                       	False
[02.13 00:12:46] ┇ INFO    ┇           chrisbase.data ┇ 182	train.use_mps_device                         	False
[02.13 00:12:46] ┇ INFO    ┇           chrisbase.data ┇ 183	train.warmup_ratio                           	0.04
[02.13 00:12:46] ┇ INFO    ┇           chrisbase.data ┇ 184	train.warmup_steps                           	0
[02.13 00:12:46] ┇ INFO    ┇           chrisbase.data ┇ 185	train.weight_decay                           	0.0
[02.13 00:12:46] ┇ INFO    ┇           chrisbase.data ┇ -----------------------------------------------------------------------------------------------------------------------------------------
[02.13 00:12:47] ┇ INFO    ┇                 DeepKNLP ┇ model type: <class 'transformers.models.t5.modeling_t5.T5ForConditionalGeneration'>
[02.13 00:12:47] ┇ INFO    ┇                 DeepKNLP ┇ model pad_token_id: 0
[02.13 00:12:48] ┇ INFO    ┇                 DeepKNLP ┇ Loaded raw train_dataset (#=3782): data/gner/each-WQ=4,2/crossner_literature-train-WQ=4,2.jsonl
[02.13 00:12:48] ┇ INFO    ┇                 DeepKNLP ┇ Preprocess train_dataset:   0%|                    |    4/3782 [0:00:00<0:03:44, 16.83Hz]
[02.13 00:12:49] ┇ INFO    ┇                 DeepKNLP ┇ Preprocess train_dataset: 100%|████████████████████| 3782/3782 [0:00:01<0:00:00, 3627.60Hz]
[02.13 00:12:49] ┇ INFO    ┇                 DeepKNLP ┇ Completed preprocessing for train_dataset by google/flan-t5-base at [02.13 00:12:49]
[02.13 00:12:50] ┇ INFO    ┇                 DeepKNLP ┇ Loaded raw eval_dataset (#=3472): data/gner/each-sampled-WQ=4,2/crossner_literature-dev=100-WQ=4,2.jsonl
[02.13 00:12:50] ┇ INFO    ┇                 DeepKNLP ┇ Preprocess eval_dataset:   0%|                    |    4/3472 [0:00:00<0:03:36, 16.04Hz]
[02.13 00:12:50] ┇ INFO    ┇                 DeepKNLP ┇ Preprocess eval_dataset: 100%|████████████████████| 3472/3472 [0:00:00<0:00:00, 6555.90Hz]
[02.13 00:12:51] ┇ INFO    ┇                 DeepKNLP ┇ Completed preprocessing for eval_dataset by google/flan-t5-base at [02.13 00:12:51]
[02.13 00:12:54] ┇ INFO    ┇ torch.distributed.distributed_c10d ┇ Using backend config: {'cuda': 'nccl'}
[02.13 00:12:54] ┇ INFO    ┇ torch.distributed.distributed_c10d ┇ Using backend config: {'cuda': 'nccl'}
[02.13 00:12:54] ┇ INFO    ┇ torch.distributed.distributed_c10d ┇ Using backend config: {'cuda': 'nccl'}
[02.13 00:12:54] ┇ INFO    ┇ torch.distributed.distributed_c10d ┇ Using backend config: {'cuda': 'nccl'}
[02.13 00:12:57] ┇ WARNING ┇                DeepSpeed ┇ Attempting to get learning rate from scheduler before it has started
[02.13 00:12:57] ┇ INFO    ┇    DeepKNLP.gner.trainer ┇ -----------------------------------------------------------------------------------------------------------------------------------------
[02.13 00:12:57] ┇ INFO    ┇    DeepKNLP.gner.trainer ┇ ***** Beginning Training *****
[02.13 00:12:57] ┇ INFO    ┇    DeepKNLP.gner.trainer ┇ >> Train Epochs       = 12.0
[02.13 00:12:57] ┇ INFO    ┇    DeepKNLP.gner.trainer ┇ >> Train Examples     = 3,782
[02.13 00:12:57] ┇ INFO    ┇    DeepKNLP.gner.trainer ┇ >> Train Batch Size   = 32 = 8 * 1 * 4
[02.13 00:12:57] ┇ INFO    ┇    DeepKNLP.gner.trainer ┇ >> Train Optim Steps  = 1,428 = 119 * 12.0
[02.13 00:12:57] ┇ INFO    ┇    DeepKNLP.gner.trainer ┇ >> Train Model Params = 247,577,856
[02.13 00:12:57] ┇ INFO    ┇    DeepKNLP.gner.trainer ┇ >> Trainer Callbacks  = DefaultFlowCallback, CustomProgressCallback
[02.13 00:12:57] ┇ INFO    ┇    DeepKNLP.gner.trainer ┇ >> Zero Optim Stage   = 2
[02.13 00:12:57] ┇ INFO    ┇    DeepKNLP.gner.trainer ┇ >> Eval Examples      = 3,472
[02.13 00:12:57] ┇ INFO    ┇    DeepKNLP.gner.trainer ┇ >> Eval Batch Size    = 200 = 50 * 4
[02.13 00:12:59] ┇ INFO    ┇    DeepKNLP.gner.trainer ┇ [training]   0%|                    |    5/1428 [0:00:01<0:09:24, 2.52Hz] | epoch=0.04, loss=2.520300
[02.13 00:13:00] ┇ INFO    ┇    DeepKNLP.gner.trainer ┇ [training]   1%|▏                   |   10/1428 [0:00:03<0:07:27, 3.17Hz] | epoch=0.08, loss=2.375800
[02.13 00:13:01] ┇ INFO    ┇    DeepKNLP.gner.trainer ┇ [training]   1%|▏                   |   15/1428 [0:00:04<0:06:47, 3.47Hz] | epoch=0.13, loss=1.923800
[02.13 00:13:02] ┇ INFO    ┇    DeepKNLP.gner.trainer ┇ [training]   1%|▎                   |   20/1428 [0:00:05<0:06:30, 3.61Hz] | epoch=0.17, loss=1.353500
[02.13 00:13:03] ┇ INFO    ┇    DeepKNLP.gner.trainer ┇ [training]   2%|▎                   |   25/1428 [0:00:06<0:06:18, 3.71Hz] | epoch=0.21, loss=1.084200
[02.13 00:13:05] ┇ INFO    ┇    DeepKNLP.gner.trainer ┇ [training]   2%|▍                   |   30/1428 [0:00:07<0:06:08, 3.80Hz] | epoch=0.25, loss=0.757800
[02.13 00:13:06] ┇ INFO    ┇    DeepKNLP.gner.trainer ┇ [training]   2%|▍                   |   35/1428 [0:00:09<0:06:01, 3.85Hz] | epoch=0.29, loss=0.612400
[02.13 00:13:07] ┇ INFO    ┇    DeepKNLP.gner.trainer ┇ [training]   3%|▌                   |   40/1428 [0:00:10<0:05:56, 3.90Hz] | epoch=0.34, loss=0.460400
[02.13 00:13:08] ┇ INFO    ┇    DeepKNLP.gner.trainer ┇ [training]   3%|▋                   |   45/1428 [0:00:11<0:05:52, 3.92Hz] | epoch=0.38, loss=0.375800
[02.13 00:13:09] ┇ INFO    ┇    DeepKNLP.gner.trainer ┇ [training]   4%|▋                   |   50/1428 [0:00:12<0:05:49, 3.94Hz] | epoch=0.42, loss=0.309200
[02.13 00:13:11] ┇ INFO    ┇    DeepKNLP.gner.trainer ┇ [training]   4%|▊                   |   55/1428 [0:00:14<0:05:58, 3.83Hz] | epoch=0.46, loss=0.268200
[02.13 00:13:12] ┇ INFO    ┇    DeepKNLP.gner.trainer ┇ [training]   4%|▊                   |   60/1428 [0:00:15<0:05:54, 3.86Hz] | epoch=0.50, loss=0.222400
[02.13 00:13:16] ┇ INFO    ┇    DeepKNLP.gner.trainer ┇ [checking]   6%|█                   |  1/18 [0:00:00<0:00:00, 87397.34Hz]
[02.13 00:13:30] ┇ INFO    ┇    DeepKNLP.gner.trainer ┇ [checking]  28%|█████▌              |  5/18 [0:00:13<0:00:36, 0.36Hz]
[02.13 00:13:42] ┇ INFO    ┇    DeepKNLP.gner.trainer ┇ [checking]  44%|████████▉           |  8/18 [0:00:25<0:00:32, 0.31Hz]
[02.13 00:13:52] ┇ INFO    ┇    DeepKNLP.gner.trainer ┇ [checking]  61%|████████████▏       | 11/18 [0:00:36<0:00:22, 0.30Hz]
[02.13 00:14:05] ┇ INFO    ┇    DeepKNLP.gner.trainer ┇ [checking]  83%|████████████████▋   | 15/18 [0:00:49<0:00:09, 0.31Hz]
[02.13 00:14:16] ┇ INFO    ┇    DeepKNLP.gner.trainer ┇ [checking] 100%|████████████████████| 18/18 [0:00:59<0:00:00, 0.30Hz]
[02.13 00:14:17] ┇ INFO    ┇    DeepKNLP.gner.trainer ┇ [training]   4%|▊                   |   60/1428 [0:00:15<0:05:54, 3.86Hz] | epoch=0.50, eval_average=0.0000
[02.13 00:14:18] ┇ INFO    ┇    DeepKNLP.gner.trainer ┇ [training]   5%|▉                   |   65/1428 [0:01:21<0:28:36, 0.79Hz] | epoch=0.55, loss=0.199600
[02.13 00:14:20] ┇ INFO    ┇    DeepKNLP.gner.trainer ┇ [training]   5%|▉                   |   70/1428 [0:01:23<0:26:50, 0.84Hz] | epoch=0.59, loss=0.179100
[02.13 00:14:21] ┇ INFO    ┇    DeepKNLP.gner.trainer ┇ [training]   5%|█                   |   75/1428 [0:01:24<0:25:19, 0.89Hz] | epoch=0.63, loss=0.166700
[02.13 00:14:22] ┇ INFO    ┇    DeepKNLP.gner.trainer ┇ [training]   6%|█                   |   80/1428 [0:01:25<0:23:59, 0.94Hz] | epoch=0.67, loss=0.163100
[02.13 00:14:23] ┇ INFO    ┇    DeepKNLP.gner.trainer ┇ [training]   6%|█▏                  |   85/1428 [0:01:26<0:22:48, 0.98Hz] | epoch=0.71, loss=0.147800
[02.13 00:14:24] ┇ INFO    ┇    DeepKNLP.gner.trainer ┇ [training]   6%|█▎                  |   90/1428 [0:01:27<0:21:44, 1.03Hz] | epoch=0.76, loss=0.134400
[02.13 00:14:26] ┇ INFO    ┇    DeepKNLP.gner.trainer ┇ [training]   7%|█▎                  |   95/1428 [0:01:28<0:20:48, 1.07Hz] | epoch=0.80, loss=0.139300
[02.13 00:14:27] ┇ INFO    ┇    DeepKNLP.gner.trainer ┇ [training]   7%|█▍                  |  100/1428 [0:01:30<0:19:56, 1.11Hz] | epoch=0.84, loss=0.130000
[02.13 00:14:28] ┇ INFO    ┇    DeepKNLP.gner.trainer ┇ [training]   7%|█▍                  |  105/1428 [0:01:31<0:19:10, 1.15Hz] | epoch=0.88, loss=0.121900
[02.13 00:14:29] ┇ INFO    ┇    DeepKNLP.gner.trainer ┇ [training]   8%|█▌                  |  110/1428 [0:01:32<0:18:28, 1.19Hz] | epoch=0.92, loss=0.129100
[02.13 00:14:30] ┇ INFO    ┇    DeepKNLP.gner.trainer ┇ [training]   8%|█▌                  |  115/1428 [0:01:33<0:17:49, 1.23Hz] | epoch=0.97, loss=0.127100
[02.13 00:14:35] ┇ INFO    ┇    DeepKNLP.gner.trainer ┇ [checking]   6%|█                   |  1/18 [0:00:00<0:00:00, 85309.01Hz]
[02.13 00:14:50] ┇ INFO    ┇    DeepKNLP.gner.trainer ┇ [checking]  28%|█████▌              |  5/18 [0:00:14<0:00:36, 0.35Hz]
[02.13 00:15:02] ┇ INFO    ┇    DeepKNLP.gner.trainer ┇ [checking]  44%|████████▉           |  8/18 [0:00:26<0:00:32, 0.31Hz]
[02.13 00:15:12] ┇ INFO    ┇    DeepKNLP.gner.trainer ┇ [checking]  61%|████████████▏       | 11/18 [0:00:36<0:00:23, 0.30Hz]
[02.13 00:15:25] ┇ INFO    ┇    DeepKNLP.gner.trainer ┇ [checking]  83%|████████████████▋   | 15/18 [0:00:49<0:00:09, 0.30Hz]
[02.13 00:15:36] ┇ INFO    ┇    DeepKNLP.gner.trainer ┇ [checking] 100%|████████████████████| 18/18 [0:01:00<0:00:00, 0.30Hz]
[02.13 00:15:37] ┇ INFO    ┇    DeepKNLP.gner.trainer ┇ [training]   8%|█▋                  |  119/1428 [0:02:40<0:29:27, 0.74Hz] | epoch=1.00, eval_average=0.0000
[02.13 00:15:38] ┇ INFO    ┇    DeepKNLP.gner.trainer ┇ [training]   8%|█▋                  |  120/1428 [0:02:41<0:29:14, 0.75Hz] | epoch=1.01, loss=0.119100
[02.13 00:15:39] ┇ INFO    ┇    DeepKNLP.gner.trainer ┇ [training]   9%|█▊                  |  125/1428 [0:02:42<0:28:10, 0.77Hz] | epoch=1.05, loss=0.112900
[02.13 00:15:40] ┇ INFO    ┇    DeepKNLP.gner.trainer ┇ [training]   9%|█▊                  |  130/1428 [0:02:43<0:27:11, 0.80Hz] | epoch=1.09, loss=0.116000
[02.13 00:15:41] ┇ INFO    ┇    DeepKNLP.gner.trainer ┇ [training]   9%|█▉                  |  135/1428 [0:02:44<0:26:16, 0.82Hz] | epoch=1.13, loss=0.108900
[02.13 00:15:42] ┇ INFO    ┇    DeepKNLP.gner.trainer ┇ [training]  10%|█▉                  |  140/1428 [0:02:45<0:25:24, 0.84Hz] | epoch=1.18, loss=0.108900
[02.13 00:15:44] ┇ INFO    ┇    DeepKNLP.gner.trainer ┇ [training]  10%|██                  |  145/1428 [0:02:46<0:24:36, 0.87Hz] | epoch=1.22, loss=0.100000
[02.13 00:15:45] ┇ INFO    ┇    DeepKNLP.gner.trainer ┇ [training]  11%|██                  |  150/1428 [0:02:48<0:23:52, 0.89Hz] | epoch=1.26, loss=0.102600
[02.13 00:15:46] ┇ INFO    ┇    DeepKNLP.gner.trainer ┇ [training]  11%|██▏                 |  155/1428 [0:02:49<0:23:10, 0.92Hz] | epoch=1.30, loss=0.090500
[02.13 00:15:47] ┇ INFO    ┇    DeepKNLP.gner.trainer ┇ [training]  11%|██▏                 |  160/1428 [0:02:50<0:22:30, 0.94Hz] | epoch=1.34, loss=0.100100
[02.13 00:15:48] ┇ INFO    ┇    DeepKNLP.gner.trainer ┇ [training]  12%|██▎                 |  165/1428 [0:02:51<0:21:54, 0.96Hz] | epoch=1.39, loss=0.090100
[02.13 00:15:49] ┇ INFO    ┇    DeepKNLP.gner.trainer ┇ [training]  12%|██▍                 |  170/1428 [0:02:52<0:21:18, 0.98Hz] | epoch=1.43, loss=0.093000
[02.13 00:15:51] ┇ INFO    ┇    DeepKNLP.gner.trainer ┇ [training]  12%|██▍                 |  175/1428 [0:02:54<0:20:46, 1.01Hz] | epoch=1.47, loss=0.093100
[02.13 00:15:56] ┇ INFO    ┇    DeepKNLP.gner.trainer ┇ [checking]   6%|█                   |  1/18 [0:00:00<0:00:00, 97475.54Hz]
[02.13 00:16:09] ┇ INFO    ┇    DeepKNLP.gner.trainer ┇ [checking]  28%|█████▌              |  5/18 [0:00:13<0:00:36, 0.36Hz]
[02.13 00:16:21] ┇ INFO    ┇    DeepKNLP.gner.trainer ┇ [checking]  44%|████████▉           |  8/18 [0:00:25<0:00:32, 0.31Hz]
[02.13 00:16:32] ┇ INFO    ┇    DeepKNLP.gner.trainer ┇ [checking]  61%|████████████▏       | 11/18 [0:00:36<0:00:23, 0.30Hz]
[02.13 00:16:45] ┇ INFO    ┇    DeepKNLP.gner.trainer ┇ [checking]  83%|████████████████▋   | 15/18 [0:00:49<0:00:09, 0.31Hz]
[02.13 00:16:55] ┇ INFO    ┇    DeepKNLP.gner.trainer ┇ [checking] 100%|████████████████████| 18/18 [0:00:59<0:00:00, 0.30Hz]
[02.13 00:16:57] ┇ INFO    ┇    DeepKNLP.gner.trainer ┇ [training]  12%|██▍                 |  178/1428 [0:03:59<0:28:04, 0.74Hz] | epoch=1.50, eval_average=0.0000
[02.13 00:16:57] ┇ INFO    ┇    DeepKNLP.gner.trainer ┇ [training]  13%|██▌                 |  180/1428 [0:04:00<0:27:46, 0.75Hz] | epoch=1.51, loss=0.092000
[02.13 00:16:58] ┇ INFO    ┇    DeepKNLP.gner.trainer ┇ [training]  13%|██▌                 |  185/1428 [0:04:01<0:27:02, 0.77Hz] | epoch=1.55, loss=0.087300
[02.13 00:16:59] ┇ INFO    ┇    DeepKNLP.gner.trainer ┇ [training]  13%|██▋                 |  190/1428 [0:04:02<0:26:21, 0.78Hz] | epoch=1.60, loss=0.092300
[02.13 00:17:01] ┇ INFO    ┇    DeepKNLP.gner.trainer ┇ [training]  14%|██▋                 |  195/1428 [0:04:03<0:25:42, 0.80Hz] | epoch=1.64, loss=0.085500
[02.13 00:17:02] ┇ INFO    ┇    DeepKNLP.gner.trainer ┇ [training]  14%|██▊                 |  200/1428 [0:04:05<0:25:05, 0.82Hz] | epoch=1.68, loss=0.084500
[02.13 00:17:03] ┇ INFO    ┇    DeepKNLP.gner.trainer ┇ [training]  14%|██▊                 |  205/1428 [0:04:06<0:24:29, 0.83Hz] | epoch=1.72, loss=0.087100
[02.13 00:17:04] ┇ INFO    ┇    DeepKNLP.gner.trainer ┇ [training]  15%|██▉                 |  210/1428 [0:04:07<0:23:55, 0.85Hz] | epoch=1.76, loss=0.081500
[02.13 00:17:05] ┇ INFO    ┇    DeepKNLP.gner.trainer ┇ [training]  15%|███                 |  215/1428 [0:04:08<0:23:22, 0.86Hz] | epoch=1.81, loss=0.084600
[02.13 00:17:07] ┇ INFO    ┇    DeepKNLP.gner.trainer ┇ [training]  15%|███                 |  220/1428 [0:04:10<0:22:53, 0.88Hz] | epoch=1.85, loss=0.078700
[02.13 00:17:08] ┇ INFO    ┇    DeepKNLP.gner.trainer ┇ [training]  16%|███▏                |  225/1428 [0:04:11<0:22:23, 0.90Hz] | epoch=1.89, loss=0.078300
[02.13 00:17:09] ┇ INFO    ┇    DeepKNLP.gner.trainer ┇ [training]  16%|███▏                |  230/1428 [0:04:12<0:21:54, 0.91Hz] | epoch=1.93, loss=0.082500
[02.13 00:17:10] ┇ INFO    ┇    DeepKNLP.gner.trainer ┇ [training]  16%|███▎                |  235/1428 [0:04:13<0:21:27, 0.93Hz] | epoch=1.98, loss=0.083000
[02.13 00:17:15] ┇ INFO    ┇    DeepKNLP.gner.trainer ┇ [checking]   6%|█                   |  1/18 [0:00:00<0:00:00, 82555.83Hz]
[02.13 00:17:29] ┇ INFO    ┇    DeepKNLP.gner.trainer ┇ [checking]  28%|█████▌              |  5/18 [0:00:13<0:00:35, 0.36Hz]
[02.13 00:17:40] ┇ INFO    ┇    DeepKNLP.gner.trainer ┇ [checking]  44%|████████▉           |  8/18 [0:00:25<0:00:31, 0.32Hz]
[02.13 00:17:51] ┇ INFO    ┇    DeepKNLP.gner.trainer ┇ [checking]  61%|████████████▏       | 11/18 [0:00:35<0:00:22, 0.31Hz]
[02.13 00:18:03] ┇ INFO    ┇    DeepKNLP.gner.trainer ┇ [checking]  83%|████████████████▋   | 15/18 [0:00:48<0:00:09, 0.31Hz]
[02.13 00:18:14] ┇ INFO    ┇    DeepKNLP.gner.trainer ┇ [checking] 100%|████████████████████| 18/18 [0:00:58<0:00:00, 0.31Hz]
[02.13 00:18:15] ┇ INFO    ┇    DeepKNLP.gner.trainer ┇ [training]  17%|███▎                |  238/1428 [0:05:18<0:26:33, 0.75Hz] | epoch=2.00, eval_average=0.0000
[02.13 00:18:16] ┇ INFO    ┇    DeepKNLP.gner.trainer ┇ [training]  17%|███▎                |  240/1428 [0:05:19<0:26:20, 0.75Hz] | epoch=2.02, loss=0.079800
[02.13 00:18:17] ┇ INFO    ┇    DeepKNLP.gner.trainer ┇ [training]  17%|███▍                |  245/1428 [0:05:20<0:25:47, 0.76Hz] | epoch=2.06, loss=0.075200
[02.13 00:18:18] ┇ INFO    ┇    DeepKNLP.gner.trainer ┇ [training]  18%|███▌                |  250/1428 [0:05:21<0:25:15, 0.78Hz] | epoch=2.10, loss=0.076900
[02.13 00:18:19] ┇ INFO    ┇    DeepKNLP.gner.trainer ┇ [training]  18%|███▌                |  255/1428 [0:05:22<0:24:44, 0.79Hz] | epoch=2.14, loss=0.072900
[02.13 00:18:21] ┇ INFO    ┇    DeepKNLP.gner.trainer ┇ [training]  18%|███▋                |  260/1428 [0:05:23<0:24:15, 0.80Hz] | epoch=2.19, loss=0.079600
[02.13 00:18:22] ┇ INFO    ┇    DeepKNLP.gner.trainer ┇ [training]  19%|███▋                |  265/1428 [0:05:25<0:23:46, 0.82Hz] | epoch=2.23, loss=0.072400
[02.13 00:18:23] ┇ INFO    ┇    DeepKNLP.gner.trainer ┇ [training]  19%|███▊                |  270/1428 [0:05:26<0:23:19, 0.83Hz] | epoch=2.27, loss=0.068900
[02.13 00:18:24] ┇ INFO    ┇    DeepKNLP.gner.trainer ┇ [training]  19%|███▊                |  275/1428 [0:05:27<0:22:54, 0.84Hz] | epoch=2.31, loss=0.073400
[02.13 00:18:26] ┇ INFO    ┇    DeepKNLP.gner.trainer ┇ [training]  20%|███▉                |  280/1428 [0:05:29<0:22:28, 0.85Hz] | epoch=2.35, loss=0.074400
[02.13 00:18:27] ┇ INFO    ┇    DeepKNLP.gner.trainer ┇ [training]  20%|███▉                |  285/1428 [0:05:30<0:22:04, 0.86Hz] | epoch=2.40, loss=0.078500
[02.13 00:18:28] ┇ INFO    ┇    DeepKNLP.gner.trainer ┇ [training]  20%|████                |  290/1428 [0:05:31<0:21:40, 0.88Hz] | epoch=2.44, loss=0.073200
[02.13 00:18:29] ┇ INFO    ┇    DeepKNLP.gner.trainer ┇ [training]  21%|████▏               |  295/1428 [0:05:32<0:21:17, 0.89Hz] | epoch=2.48, loss=0.068500
[02.13 00:18:34] ┇ INFO    ┇    DeepKNLP.gner.trainer ┇ [checking]   6%|█                   |  1/18 [0:00:00<0:00:00, 84231.56Hz]
[02.13 00:18:47] ┇ INFO    ┇    DeepKNLP.gner.trainer ┇ [checking]  28%|█████▌              |  5/18 [0:00:13<0:00:35, 0.37Hz]
[02.13 00:18:59] ┇ INFO    ┇    DeepKNLP.gner.trainer ┇ [checking]  44%|████████▉           |  8/18 [0:00:25<0:00:31, 0.32Hz]
[02.13 00:19:10] ┇ INFO    ┇    DeepKNLP.gner.trainer ┇ [checking]  61%|████████████▏       | 11/18 [0:00:35<0:00:22, 0.31Hz]
[02.13 00:19:23] ┇ INFO    ┇    DeepKNLP.gner.trainer ┇ [checking]  83%|████████████████▋   | 15/18 [0:00:48<0:00:09, 0.31Hz]
[02.13 00:19:33] ┇ INFO    ┇    DeepKNLP.gner.trainer ┇ [checking] 100%|████████████████████| 18/18 [0:00:58<0:00:00, 0.31Hz]
[02.13 00:19:34] ┇ INFO    ┇    DeepKNLP.gner.trainer ┇ [training]  21%|████▏               |  298/1428 [0:06:37<0:25:08, 0.75Hz] | epoch=2.50, eval_average=0.0000
[02.13 00:19:35] ┇ INFO    ┇    DeepKNLP.gner.trainer ┇ [training]  21%|████▏               |  300/1428 [0:06:38<0:25:14, 0.74Hz] | epoch=2.52, loss=0.066900
[02.13 00:19:36] ┇ INFO    ┇    DeepKNLP.gner.trainer ┇ [training]  21%|████▎               |  305/1428 [0:06:39<0:25:08, 0.74Hz] | epoch=2.56, loss=0.070200
[02.13 00:19:37] ┇ INFO    ┇    DeepKNLP.gner.trainer ┇ [training]  22%|████▎               |  310/1428 [0:06:40<0:25:01, 0.74Hz] | epoch=2.60, loss=0.068500
[02.13 00:19:38] ┇ INFO    ┇    DeepKNLP.gner.trainer ┇ [training]  22%|████▍               |  315/1428 [0:06:41<0:24:54, 0.74Hz] | epoch=2.65, loss=0.071600
[02.13 00:19:40] ┇ INFO    ┇    DeepKNLP.gner.trainer ┇ [training]  22%|████▍               |  320/1428 [0:06:42<0:24:48, 0.74Hz] | epoch=2.69, loss=0.072200
[02.13 00:19:41] ┇ INFO    ┇    DeepKNLP.gner.trainer ┇ [training]  23%|████▌               |  325/1428 [0:06:44<0:24:41, 0.74Hz] | epoch=2.73, loss=0.064800
[02.13 00:19:42] ┇ INFO    ┇    DeepKNLP.gner.trainer ┇ [training]  23%|████▌               |  330/1428 [0:06:45<0:24:34, 0.74Hz] | epoch=2.77, loss=0.068900
[02.13 00:19:43] ┇ INFO    ┇    DeepKNLP.gner.trainer ┇ [training]  23%|████▋               |  335/1428 [0:06:46<0:24:27, 0.74Hz] | epoch=2.81, loss=0.067300
[02.13 00:19:44] ┇ INFO    ┇    DeepKNLP.gner.trainer ┇ [training]  24%|████▊               |  340/1428 [0:06:47<0:24:21, 0.74Hz] | epoch=2.86, loss=0.063600
[02.13 00:19:45] ┇ INFO    ┇    DeepKNLP.gner.trainer ┇ [training]  24%|████▊               |  345/1428 [0:06:48<0:24:14, 0.74Hz] | epoch=2.90, loss=0.065300
[02.13 00:19:47] ┇ INFO    ┇    DeepKNLP.gner.trainer ┇ [training]  25%|████▉               |  350/1428 [0:06:49<0:24:05, 0.75Hz] | epoch=2.94, loss=0.065000
[02.13 00:19:48] ┇ INFO    ┇    DeepKNLP.gner.trainer ┇ [training]  25%|████▉               |  355/1428 [0:06:51<0:23:58, 0.75Hz] | epoch=2.98, loss=0.066100
[02.13 00:19:52] ┇ INFO    ┇    DeepKNLP.gner.trainer ┇ [checking]   6%|█                   |  1/18 [0:00:00<0:00:00, 79088.26Hz]
[02.13 00:20:06] ┇ INFO    ┇    DeepKNLP.gner.trainer ┇ [checking]  28%|█████▌              |  5/18 [0:00:13<0:00:35, 0.36Hz]
[02.13 00:20:18] ┇ INFO    ┇    DeepKNLP.gner.trainer ┇ [checking]  44%|████████▉           |  8/18 [0:00:25<0:00:31, 0.31Hz]
[02.13 00:20:28] ┇ INFO    ┇    DeepKNLP.gner.trainer ┇ [checking]  61%|████████████▏       | 11/18 [0:00:35<0:00:22, 0.31Hz]
[02.13 00:20:41] ┇ INFO    ┇    DeepKNLP.gner.trainer ┇ [checking]  83%|████████████████▋   | 15/18 [0:00:48<0:00:09, 0.31Hz]
[02.13 00:20:53] ┇ INFO    ┇    DeepKNLP.gner.trainer ┇ [checking] 100%|████████████████████| 18/18 [0:00:58<0:00:00, 0.31Hz]
[02.13 00:20:53] ┇ INFO    ┇    DeepKNLP.gner.trainer ┇ [training]  25%|█████               |  357/1428 [0:07:56<0:24:06, 0.74Hz] | epoch=3.00, eval_average=0.0000
[02.13 00:20:53] ┇ INFO    ┇    DeepKNLP.gner.trainer ┇ [training]  25%|█████               |  360/1428 [0:07:56<0:24:10, 0.74Hz] | epoch=3.02, loss=0.062500
[02.13 00:20:55] ┇ INFO    ┇    DeepKNLP.gner.trainer ┇ [training]  26%|█████               |  365/1428 [0:07:58<0:24:03, 0.74Hz] | epoch=3.07, loss=0.063600
[02.13 00:20:56] ┇ INFO    ┇    DeepKNLP.gner.trainer ┇ [training]  26%|█████▏              |  370/1428 [0:07:59<0:23:56, 0.74Hz] | epoch=3.11, loss=0.063300
[02.13 00:20:57] ┇ INFO    ┇    DeepKNLP.gner.trainer ┇ [training]  26%|█████▎              |  375/1428 [0:08:00<0:23:49, 0.74Hz] | epoch=3.15, loss=0.065100
[02.13 00:20:58] ┇ INFO    ┇    DeepKNLP.gner.trainer ┇ [training]  27%|█████▎              |  380/1428 [0:08:01<0:23:43, 0.74Hz] | epoch=3.19, loss=0.061800
[02.13 00:20:59] ┇ INFO    ┇    DeepKNLP.gner.trainer ┇ [training]  27%|█████▍              |  385/1428 [0:08:02<0:23:36, 0.74Hz] | epoch=3.23, loss=0.064600
[02.13 00:21:01] ┇ INFO    ┇    DeepKNLP.gner.trainer ┇ [training]  27%|█████▍              |  390/1428 [0:08:03<0:23:29, 0.74Hz] | epoch=3.28, loss=0.060000
[02.13 00:21:02] ┇ INFO    ┇    DeepKNLP.gner.trainer ┇ [training]  28%|█████▌              |  395/1428 [0:08:05<0:23:22, 0.74Hz] | epoch=3.32, loss=0.058400
[02.13 00:21:03] ┇ INFO    ┇    DeepKNLP.gner.trainer ┇ [training]  28%|█████▌              |  400/1428 [0:08:06<0:23:16, 0.74Hz] | epoch=3.36, loss=0.062000
[02.13 00:21:04] ┇ INFO    ┇    DeepKNLP.gner.trainer ┇ [training]  28%|█████▋              |  405/1428 [0:08:07<0:23:09, 0.74Hz] | epoch=3.40, loss=0.057600
[02.13 00:21:05] ┇ INFO    ┇    DeepKNLP.gner.trainer ┇ [training]  29%|█████▋              |  410/1428 [0:08:08<0:19:07, 0.89Hz] | epoch=3.44, loss=0.058000
[02.13 00:21:06] ┇ INFO    ┇    DeepKNLP.gner.trainer ┇ [training]  29%|█████▊              |  415/1428 [0:08:09<0:18:49, 0.90Hz] | epoch=3.49, loss=0.057200
[02.13 00:21:11] ┇ INFO    ┇    DeepKNLP.gner.trainer ┇ [checking]   6%|█                   |  1/18 [0:00:00<0:00:00, 97276.85Hz]
[02.13 00:21:25] ┇ INFO    ┇    DeepKNLP.gner.trainer ┇ [checking]  28%|█████▌              |  5/18 [0:00:14<0:00:36, 0.36Hz]
[02.13 00:21:37] ┇ INFO    ┇    DeepKNLP.gner.trainer ┇ [checking]  44%|████████▉           |  8/18 [0:00:25<0:00:32, 0.31Hz]
[02.13 00:21:47] ┇ INFO    ┇    DeepKNLP.gner.trainer ┇ [checking]  61%|████████████▏       | 11/18 [0:00:36<0:00:23, 0.30Hz]
[02.13 00:22:00] ┇ INFO    ┇    DeepKNLP.gner.trainer ┇ [checking]  83%|████████████████▋   | 15/18 [0:00:49<0:00:09, 0.31Hz]
[02.13 00:22:10] ┇ INFO    ┇    DeepKNLP.gner.trainer ┇ [checking] 100%|████████████████████| 18/18 [0:00:59<0:00:00, 0.30Hz]
[02.13 00:22:12] ┇ INFO    ┇    DeepKNLP.gner.trainer ┇ [training]  29%|█████▊              |  416/1428 [0:09:15<0:22:46, 0.74Hz] | epoch=3.50, eval_average=0.0000
[02.13 00:22:13] ┇ INFO    ┇    DeepKNLP.gner.trainer ┇ [training]  29%|█████▉              |  420/1428 [0:09:16<0:22:45, 0.74Hz] | epoch=3.53, loss=0.055800
[02.13 00:22:14] ┇ INFO    ┇    DeepKNLP.gner.trainer ┇ [training]  30%|█████▉              |  425/1428 [0:09:17<0:22:38, 0.74Hz] | epoch=3.57, loss=0.060700
[02.13 00:22:15] ┇ INFO    ┇    DeepKNLP.gner.trainer ┇ [training]  30%|██████              |  430/1428 [0:09:18<0:22:31, 0.74Hz] | epoch=3.61, loss=0.060300
[02.13 00:22:16] ┇ INFO    ┇    DeepKNLP.gner.trainer ┇ [training]  30%|██████              |  435/1428 [0:09:19<0:22:24, 0.74Hz] | epoch=3.65, loss=0.060000
[02.13 00:22:17] ┇ INFO    ┇    DeepKNLP.gner.trainer ┇ [training]  31%|██████▏             |  440/1428 [0:09:20<0:22:17, 0.74Hz] | epoch=3.70, loss=0.060900
[02.13 00:22:19] ┇ INFO    ┇    DeepKNLP.gner.trainer ┇ [training]  31%|██████▏             |  445/1428 [0:09:21<0:22:11, 0.74Hz] | epoch=3.74, loss=0.057800
[02.13 00:22:20] ┇ INFO    ┇    DeepKNLP.gner.trainer ┇ [training]  32%|██████▎             |  450/1428 [0:09:23<0:22:04, 0.74Hz] | epoch=3.78, loss=0.056500
[02.13 00:22:21] ┇ INFO    ┇    DeepKNLP.gner.trainer ┇ [training]  32%|██████▎             |  455/1428 [0:09:24<0:21:57, 0.74Hz] | epoch=3.82, loss=0.055700
[02.13 00:22:22] ┇ INFO    ┇    DeepKNLP.gner.trainer ┇ [training]  32%|██████▍             |  460/1428 [0:09:25<0:21:50, 0.74Hz] | epoch=3.87, loss=0.058200
[02.13 00:22:23] ┇ INFO    ┇    DeepKNLP.gner.trainer ┇ [training]  33%|██████▌             |  465/1428 [0:09:26<0:21:44, 0.74Hz] | epoch=3.91, loss=0.056000
[02.13 00:22:25] ┇ INFO    ┇    DeepKNLP.gner.trainer ┇ [training]  33%|██████▌             |  470/1428 [0:09:27<0:17:56, 0.89Hz] | epoch=3.95, loss=0.057400
[02.13 00:22:26] ┇ INFO    ┇    DeepKNLP.gner.trainer ┇ [training]  33%|██████▋             |  475/1428 [0:09:29<0:17:42, 0.90Hz] | epoch=3.99, loss=0.053600
[02.13 00:22:30] ┇ INFO    ┇    DeepKNLP.gner.trainer ┇ [checking]   6%|█                   |  1/18 [0:00:00<0:00:00, 80879.94Hz]
[02.13 00:22:44] ┇ INFO    ┇    DeepKNLP.gner.trainer ┇ [checking]  28%|█████▌              |  5/18 [0:00:13<0:00:35, 0.37Hz]
[02.13 00:22:55] ┇ INFO    ┇    DeepKNLP.gner.trainer ┇ [checking]  44%|████████▉           |  8/18 [0:00:25<0:00:31, 0.32Hz]
[02.13 00:23:06] ┇ INFO    ┇    DeepKNLP.gner.trainer ┇ [checking]  61%|████████████▏       | 11/18 [0:00:35<0:00:22, 0.31Hz]
[02.13 00:23:18] ┇ INFO    ┇    DeepKNLP.gner.trainer ┇ [checking]  83%|████████████████▋   | 15/18 [0:00:48<0:00:09, 0.31Hz]
[02.13 00:23:30] ┇ INFO    ┇    DeepKNLP.gner.trainer ┇ [checking] 100%|████████████████████| 18/18 [0:00:58<0:00:00, 0.31Hz]
[02.13 00:23:30] ┇ INFO    ┇    DeepKNLP.gner.trainer ┇ [training]  33%|██████▋             |  476/1428 [0:10:33<0:21:22, 0.74Hz] | epoch=4.00, eval_average=0.0000
[02.13 00:23:31] ┇ INFO    ┇    DeepKNLP.gner.trainer ┇ [training]  34%|██████▋             |  480/1428 [0:10:34<0:21:20, 0.74Hz] | epoch=4.03, loss=0.055100
[02.13 00:23:32] ┇ INFO    ┇    DeepKNLP.gner.trainer ┇ [training]  34%|██████▊             |  485/1428 [0:10:35<0:21:13, 0.74Hz] | epoch=4.08, loss=0.055600
[02.13 00:23:33] ┇ INFO    ┇    DeepKNLP.gner.trainer ┇ [training]  34%|██████▊             |  490/1428 [0:10:36<0:21:06, 0.74Hz] | epoch=4.12, loss=0.053300
[02.13 00:23:35] ┇ INFO    ┇    DeepKNLP.gner.trainer ┇ [training]  35%|██████▉             |  495/1428 [0:10:37<0:21:00, 0.74Hz] | epoch=4.16, loss=0.055200
[02.13 00:23:36] ┇ INFO    ┇    DeepKNLP.gner.trainer ┇ [training]  35%|███████             |  500/1428 [0:10:39<0:20:53, 0.74Hz] | epoch=4.20, loss=0.052000
[02.13 00:23:37] ┇ INFO    ┇    DeepKNLP.gner.trainer ┇ [training]  35%|███████             |  505/1428 [0:10:40<0:20:46, 0.74Hz] | epoch=4.24, loss=0.053500
[02.13 00:23:38] ┇ INFO    ┇    DeepKNLP.gner.trainer ┇ [training]  36%|███████▏            |  510/1428 [0:10:41<0:20:39, 0.74Hz] | epoch=4.29, loss=0.053000
[02.13 00:23:39] ┇ INFO    ┇    DeepKNLP.gner.trainer ┇ [training]  36%|███████▏            |  515/1428 [0:10:42<0:20:32, 0.74Hz] | epoch=4.33, loss=0.053600
[02.13 00:23:41] ┇ INFO    ┇    DeepKNLP.gner.trainer ┇ [training]  36%|███████▎            |  520/1428 [0:10:43<0:20:25, 0.74Hz] | epoch=4.37, loss=0.051400
[02.13 00:23:42] ┇ INFO    ┇    DeepKNLP.gner.trainer ┇ [training]  37%|███████▎            |  525/1428 [0:10:45<0:20:19, 0.74Hz] | epoch=4.41, loss=0.053300
[02.13 00:23:43] ┇ INFO    ┇    DeepKNLP.gner.trainer ┇ [training]  37%|███████▍            |  530/1428 [0:10:46<0:16:47, 0.89Hz] | epoch=4.45, loss=0.051200
[02.13 00:23:44] ┇ INFO    ┇    DeepKNLP.gner.trainer ┇ [training]  37%|███████▍            |  535/1428 [0:10:47<0:16:33, 0.90Hz] | epoch=4.50, loss=0.053700
[02.13 00:23:49] ┇ INFO    ┇    DeepKNLP.gner.trainer ┇ [checking]   6%|█                   |  1/18 [0:00:00<0:00:00, 82419.59Hz]
[02.13 00:24:02] ┇ INFO    ┇    DeepKNLP.gner.trainer ┇ [checking]  28%|█████▌              |  5/18 [0:00:13<0:00:35, 0.36Hz]
[02.13 00:24:14] ┇ INFO    ┇    DeepKNLP.gner.trainer ┇ [checking]  44%|████████▉           |  8/18 [0:00:25<0:00:31, 0.32Hz]
[02.13 00:24:24] ┇ INFO    ┇    DeepKNLP.gner.trainer ┇ [checking]  61%|████████████▏       | 11/18 [0:00:35<0:00:22, 0.31Hz]
[02.13 00:24:37] ┇ INFO    ┇    DeepKNLP.gner.trainer ┇ [checking]  83%|████████████████▋   | 15/18 [0:00:48<0:00:09, 0.31Hz]
[02.13 00:24:47] ┇ INFO    ┇    DeepKNLP.gner.trainer ┇ [checking] 100%|████████████████████| 18/18 [0:00:58<0:00:00, 0.31Hz]
[02.13 00:24:49] ┇ INFO    ┇    DeepKNLP.gner.trainer ┇ [training]  38%|███████▌            |  536/1428 [0:11:52<0:20:00, 0.74Hz] | epoch=4.50, eval_average=0.0000
[02.13 00:24:50] ┇ INFO    ┇    DeepKNLP.gner.trainer ┇ [training]  38%|███████▌            |  540/1428 [0:11:52<0:19:58, 0.74Hz] | epoch=4.54, loss=0.046700
[02.13 00:24:51] ┇ INFO    ┇    DeepKNLP.gner.trainer ┇ [training]  38%|███████▋            |  545/1428 [0:11:54<0:19:51, 0.74Hz] | epoch=4.58, loss=0.052000
[02.13 00:24:52] ┇ INFO    ┇    DeepKNLP.gner.trainer ┇ [training]  39%|███████▋            |  550/1428 [0:11:55<0:19:44, 0.74Hz] | epoch=4.62, loss=0.056200
[02.13 00:24:53] ┇ INFO    ┇    DeepKNLP.gner.trainer ┇ [training]  39%|███████▊            |  555/1428 [0:11:56<0:19:38, 0.74Hz] | epoch=4.66, loss=0.051500
[02.13 00:24:54] ┇ INFO    ┇    DeepKNLP.gner.trainer ┇ [training]  39%|███████▊            |  560/1428 [0:11:57<0:19:31, 0.74Hz] | epoch=4.71, loss=0.051500
[02.13 00:24:56] ┇ INFO    ┇    DeepKNLP.gner.trainer ┇ [training]  40%|███████▉            |  565/1428 [0:11:58<0:19:23, 0.74Hz] | epoch=4.75, loss=0.048100
[02.13 00:24:57] ┇ INFO    ┇    DeepKNLP.gner.trainer ┇ [training]  40%|███████▉            |  570/1428 [0:12:00<0:19:16, 0.74Hz] | epoch=4.79, loss=0.051100
[02.13 00:24:58] ┇ INFO    ┇    DeepKNLP.gner.trainer ┇ [training]  40%|████████            |  575/1428 [0:12:01<0:19:10, 0.74Hz] | epoch=4.83, loss=0.050800
[02.13 00:24:59] ┇ INFO    ┇    DeepKNLP.gner.trainer ┇ [training]  41%|████████            |  580/1428 [0:12:02<0:19:03, 0.74Hz] | epoch=4.87, loss=0.049200
[02.13 00:25:00] ┇ INFO    ┇    DeepKNLP.gner.trainer ┇ [training]  41%|████████▏           |  585/1428 [0:12:03<0:18:56, 0.74Hz] | epoch=4.92, loss=0.048500
[02.13 00:25:01] ┇ INFO    ┇    DeepKNLP.gner.trainer ┇ [training]  41%|████████▎           |  590/1428 [0:12:04<0:15:38, 0.89Hz] | epoch=4.96, loss=0.046000
[02.13 00:25:03] ┇ INFO    ┇    DeepKNLP.gner.trainer ┇ [training]  42%|████████▎           |  595/1428 [0:12:05<0:15:25, 0.90Hz] | epoch=5.00, loss=0.047100
[02.13 00:25:07] ┇ INFO    ┇    DeepKNLP.gner.trainer ┇ [checking]   6%|█                   |  1/18 [0:00:00<0:00:00, 81413.46Hz]
[02.13 00:25:20] ┇ INFO    ┇    DeepKNLP.gner.trainer ┇ [checking]  28%|█████▌              |  5/18 [0:00:13<0:00:35, 0.36Hz]
[02.13 00:25:32] ┇ INFO    ┇    DeepKNLP.gner.trainer ┇ [checking]  44%|████████▉           |  8/18 [0:00:25<0:00:31, 0.32Hz]
[02.13 00:25:42] ┇ INFO    ┇    DeepKNLP.gner.trainer ┇ [checking]  61%|████████████▏       | 11/18 [0:00:35<0:00:22, 0.31Hz]
[02.13 00:25:55] ┇ INFO    ┇    DeepKNLP.gner.trainer ┇ [checking]  83%|████████████████▋   | 15/18 [0:00:48<0:00:09, 0.31Hz]
[02.13 00:26:05] ┇ INFO    ┇    DeepKNLP.gner.trainer ┇ [checking] 100%|████████████████████| 18/18 [0:00:58<0:00:00, 0.31Hz]
[02.13 00:26:07] ┇ INFO    ┇    DeepKNLP.gner.trainer ┇ [training]  42%|████████▎           |  595/1428 [0:12:05<0:15:25, 0.90Hz] | epoch=5.00, eval_average=0.0174
[02.13 00:26:08] ┇ INFO    ┇    DeepKNLP.gner.trainer ┇ [training]  42%|████████▍           |  600/1428 [0:13:11<0:18:20, 0.75Hz] | epoch=5.04, loss=0.047500
[02.13 00:26:09] ┇ INFO    ┇    DeepKNLP.gner.trainer ┇ [training]  42%|████████▍           |  605/1428 [0:13:12<0:18:13, 0.75Hz] | epoch=5.08, loss=0.046000
[02.13 00:26:10] ┇ INFO    ┇    DeepKNLP.gner.trainer ┇ [training]  43%|████████▌           |  610/1428 [0:13:13<0:18:06, 0.75Hz] | epoch=5.13, loss=0.048600
[02.13 00:26:12] ┇ INFO    ┇    DeepKNLP.gner.trainer ┇ [training]  43%|████████▌           |  615/1428 [0:13:14<0:18:00, 0.75Hz] | epoch=5.17, loss=0.045600
[02.13 00:26:13] ┇ INFO    ┇    DeepKNLP.gner.trainer ┇ [training]  43%|████████▋           |  620/1428 [0:13:16<0:17:53, 0.75Hz] | epoch=5.21, loss=0.046900
[02.13 00:26:14] ┇ INFO    ┇    DeepKNLP.gner.trainer ┇ [training]  44%|████████▊           |  625/1428 [0:13:17<0:17:46, 0.75Hz] | epoch=5.25, loss=0.048800
[02.13 00:26:15] ┇ INFO    ┇    DeepKNLP.gner.trainer ┇ [training]  44%|████████▊           |  630/1428 [0:13:18<0:17:40, 0.75Hz] | epoch=5.29, loss=0.046700
[02.13 00:26:16] ┇ INFO    ┇    DeepKNLP.gner.trainer ┇ [training]  44%|████████▉           |  635/1428 [0:13:19<0:17:33, 0.75Hz] | epoch=5.34, loss=0.046400
[02.13 00:26:17] ┇ INFO    ┇    DeepKNLP.gner.trainer ┇ [training]  45%|████████▉           |  640/1428 [0:13:20<0:17:27, 0.75Hz] | epoch=5.38, loss=0.044500
[02.13 00:26:19] ┇ INFO    ┇    DeepKNLP.gner.trainer ┇ [training]  45%|█████████           |  645/1428 [0:13:22<0:17:20, 0.75Hz] | epoch=5.42, loss=0.044000
[02.13 00:26:20] ┇ INFO    ┇    DeepKNLP.gner.trainer ┇ [training]  46%|█████████           |  650/1428 [0:13:23<0:17:13, 0.75Hz] | epoch=5.46, loss=0.046900
[02.13 00:26:25] ┇ INFO    ┇    DeepKNLP.gner.trainer ┇ [checking]   6%|█                   |  1/18 [0:00:00<0:00:00, 95511.64Hz]
[02.13 00:26:35] ┇ INFO    ┇    DeepKNLP.gner.trainer ┇ [checking]  22%|████▍               |  4/18 [0:00:10<0:00:35, 0.39Hz]
[02.13 00:26:47] ┇ INFO    ┇    DeepKNLP.gner.trainer ┇ [checking]  39%|███████▊            |  7/18 [0:00:22<0:00:34, 0.32Hz]
[02.13 00:26:59] ┇ INFO    ┇    DeepKNLP.gner.trainer ┇ [checking]  56%|███████████         | 10/18 [0:00:33<0:00:27, 0.30Hz]
[02.13 00:27:11] ┇ INFO    ┇    DeepKNLP.gner.trainer ┇ [checking]  78%|███████████████▌    | 14/18 [0:00:46<0:00:13, 0.30Hz]
[02.13 00:27:22] ┇ INFO    ┇    DeepKNLP.gner.trainer ┇ [checking]  94%|██████████████████▉ | 17/18 [0:00:56<0:00:03, 0.30Hz]
[02.13 00:27:27] ┇ INFO    ┇    DeepKNLP.gner.trainer ┇ [checking] 100%|████████████████████| 18/18 [0:01:00<0:00:00, 0.30Hz]
[02.13 00:27:27] ┇ INFO    ┇    DeepKNLP.gner.trainer ┇ [training]  46%|█████████▏          |  654/1428 [0:14:30<0:17:08, 0.75Hz] | epoch=5.50, eval_average=0.1519
[02.13 00:27:28] ┇ INFO    ┇    DeepKNLP.gner.trainer ┇ [training]  46%|█████████▏          |  655/1428 [0:14:31<0:17:13, 0.75Hz] | epoch=5.50, loss=0.046300
[02.13 00:27:29] ┇ INFO    ┇    DeepKNLP.gner.trainer ┇ [training]  46%|█████████▏          |  660/1428 [0:14:32<0:17:06, 0.75Hz] | epoch=5.55, loss=0.047400
[02.13 00:27:30] ┇ INFO    ┇    DeepKNLP.gner.trainer ┇ [training]  47%|█████████▎          |  665/1428 [0:14:33<0:17:00, 0.75Hz] | epoch=5.59, loss=0.046600
[02.13 00:27:31] ┇ INFO    ┇    DeepKNLP.gner.trainer ┇ [training]  47%|█████████▍          |  670/1428 [0:14:34<0:16:53, 0.75Hz] | epoch=5.63, loss=0.044400
[02.13 00:27:33] ┇ INFO    ┇    DeepKNLP.gner.trainer ┇ [training]  47%|█████████▍          |  675/1428 [0:14:35<0:16:46, 0.75Hz] | epoch=5.67, loss=0.043900
[02.13 00:27:34] ┇ INFO    ┇    DeepKNLP.gner.trainer ┇ [training]  48%|█████████▌          |  680/1428 [0:14:37<0:16:39, 0.75Hz] | epoch=5.71, loss=0.046200
[02.13 00:27:35] ┇ INFO    ┇    DeepKNLP.gner.trainer ┇ [training]  48%|█████████▌          |  685/1428 [0:14:38<0:16:33, 0.75Hz] | epoch=5.76, loss=0.044800
[02.13 00:27:36] ┇ INFO    ┇    DeepKNLP.gner.trainer ┇ [training]  48%|█████████▋          |  690/1428 [0:14:39<0:16:26, 0.75Hz] | epoch=5.80, loss=0.041900
[02.13 00:27:37] ┇ INFO    ┇    DeepKNLP.gner.trainer ┇ [training]  49%|█████████▋          |  695/1428 [0:14:40<0:16:20, 0.75Hz] | epoch=5.84, loss=0.043000
[02.13 00:27:39] ┇ INFO    ┇    DeepKNLP.gner.trainer ┇ [training]  49%|█████████▊          |  700/1428 [0:14:41<0:16:13, 0.75Hz] | epoch=5.88, loss=0.045200
[02.13 00:27:40] ┇ INFO    ┇    DeepKNLP.gner.trainer ┇ [training]  49%|█████████▊          |  705/1428 [0:14:43<0:16:06, 0.75Hz] | epoch=5.92, loss=0.039800
[02.13 00:27:41] ┇ INFO    ┇    DeepKNLP.gner.trainer ┇ [training]  50%|█████████▉          |  710/1428 [0:14:44<0:16:00, 0.75Hz] | epoch=5.97, loss=0.045000
[02.13 00:27:46] ┇ INFO    ┇    DeepKNLP.gner.trainer ┇ [checking]   6%|█                   |  1/18 [0:00:00<0:00:00, 85018.55Hz]
[02.13 00:27:56] ┇ INFO    ┇    DeepKNLP.gner.trainer ┇ [checking]  22%|████▍               |  4/18 [0:00:10<0:00:36, 0.39Hz]
[02.13 00:28:09] ┇ INFO    ┇    DeepKNLP.gner.trainer ┇ [checking]  39%|███████▊            |  7/18 [0:00:22<0:00:35, 0.31Hz]
[02.13 00:28:21] ┇ INFO    ┇    DeepKNLP.gner.trainer ┇ [checking]  56%|███████████         | 10/18 [0:00:34<0:00:27, 0.29Hz]
[02.13 00:28:34] ┇ INFO    ┇    DeepKNLP.gner.trainer ┇ [checking]  78%|███████████████▌    | 14/18 [0:00:47<0:00:13, 0.30Hz]
[02.13 00:28:44] ┇ INFO    ┇    DeepKNLP.gner.trainer ┇ [checking]  94%|██████████████████▉ | 17/18 [0:00:58<0:00:03, 0.29Hz]
[02.13 00:28:50] ┇ INFO    ┇    DeepKNLP.gner.trainer ┇ [checking] 100%|████████████████████| 18/18 [0:01:01<0:00:00, 0.29Hz]
[02.13 00:28:50] ┇ INFO    ┇    DeepKNLP.gner.trainer ┇ [training]  50%|██████████          |  714/1428 [0:15:53<0:15:53, 0.75Hz] | epoch=6.00, eval_average=0.2727
[02.13 00:28:50] ┇ INFO    ┇    DeepKNLP.gner.trainer ┇ [training]  50%|██████████          |  715/1428 [0:15:53<0:16:00, 0.74Hz] | epoch=6.01, loss=0.041800
[02.13 00:28:51] ┇ INFO    ┇    DeepKNLP.gner.trainer ┇ [training]  50%|██████████          |  720/1428 [0:15:54<0:15:53, 0.74Hz] | epoch=6.05, loss=0.045400
[02.13 00:28:53] ┇ INFO    ┇    DeepKNLP.gner.trainer ┇ [training]  51%|██████████▏         |  725/1428 [0:15:55<0:15:47, 0.74Hz] | epoch=6.09, loss=0.040000
[02.13 00:28:54] ┇ INFO    ┇    DeepKNLP.gner.trainer ┇ [training]  51%|██████████▏         |  730/1428 [0:15:57<0:15:40, 0.74Hz] | epoch=6.13, loss=0.039600
[02.13 00:28:55] ┇ INFO    ┇    DeepKNLP.gner.trainer ┇ [training]  51%|██████████▎         |  735/1428 [0:15:58<0:15:33, 0.74Hz] | epoch=6.18, loss=0.041000
[02.13 00:28:56] ┇ INFO    ┇    DeepKNLP.gner.trainer ┇ [training]  52%|██████████▎         |  740/1428 [0:15:59<0:15:27, 0.74Hz] | epoch=6.22, loss=0.041000
[02.13 00:28:57] ┇ INFO    ┇    DeepKNLP.gner.trainer ┇ [training]  52%|██████████▍         |  745/1428 [0:16:00<0:15:20, 0.74Hz] | epoch=6.26, loss=0.042600
[02.13 00:28:59] ┇ INFO    ┇    DeepKNLP.gner.trainer ┇ [training]  53%|██████████▌         |  750/1428 [0:16:01<0:15:13, 0.74Hz] | epoch=6.30, loss=0.040800
[02.13 00:29:00] ┇ INFO    ┇    DeepKNLP.gner.trainer ┇ [training]  53%|██████████▌         |  755/1428 [0:16:03<0:15:06, 0.74Hz] | epoch=6.34, loss=0.041400
[02.13 00:29:01] ┇ INFO    ┇    DeepKNLP.gner.trainer ┇ [training]  53%|██████████▋         |  760/1428 [0:16:04<0:15:00, 0.74Hz] | epoch=6.39, loss=0.041000
[02.13 00:29:02] ┇ INFO    ┇    DeepKNLP.gner.trainer ┇ [training]  54%|██████████▋         |  765/1428 [0:16:05<0:14:53, 0.74Hz] | epoch=6.43, loss=0.045600
[02.13 00:29:03] ┇ INFO    ┇    DeepKNLP.gner.trainer ┇ [training]  54%|██████████▊         |  770/1428 [0:16:06<0:14:46, 0.74Hz] | epoch=6.47, loss=0.040400
[02.13 00:29:08] ┇ INFO    ┇    DeepKNLP.gner.trainer ┇ [checking]   6%|█                   |  1/18 [0:00:00<0:00:00, 89999.73Hz]
[02.13 00:29:19] ┇ INFO    ┇    DeepKNLP.gner.trainer ┇ [checking]  22%|████▍               |  4/18 [0:00:10<0:00:36, 0.39Hz]
[02.13 00:29:31] ┇ INFO    ┇    DeepKNLP.gner.trainer ┇ [checking]  39%|███████▊            |  7/18 [0:00:22<0:00:35, 0.31Hz]
[02.13 00:29:43] ┇ INFO    ┇    DeepKNLP.gner.trainer ┇ [checking]  56%|███████████         | 10/18 [0:00:34<0:00:27, 0.29Hz]
[02.13 00:29:56] ┇ INFO    ┇    DeepKNLP.gner.trainer ┇ [checking]  78%|███████████████▌    | 14/18 [0:00:47<0:00:13, 0.29Hz]
[02.13 00:30:06] ┇ INFO    ┇    DeepKNLP.gner.trainer ┇ [checking]  94%|██████████████████▉ | 17/18 [0:00:57<0:00:03, 0.29Hz]
[02.13 00:30:12] ┇ INFO    ┇    DeepKNLP.gner.trainer ┇ [checking] 100%|████████████████████| 18/18 [0:01:01<0:00:00, 0.29Hz]
[02.13 00:30:12] ┇ INFO    ┇    DeepKNLP.gner.trainer ┇ [training]  54%|██████████▊         |  774/1428 [0:17:15<0:14:41, 0.74Hz] | epoch=6.50, eval_average=0.3053
[02.13 00:30:12] ┇ INFO    ┇    DeepKNLP.gner.trainer ┇ [training]  54%|██████████▊         |  775/1428 [0:17:15<0:14:48, 0.74Hz] | epoch=6.51, loss=0.038100
[02.13 00:30:14] ┇ INFO    ┇    DeepKNLP.gner.trainer ┇ [training]  55%|██████████▉         |  780/1428 [0:17:16<0:14:41, 0.74Hz] | epoch=6.55, loss=0.038200
[02.13 00:30:15] ┇ INFO    ┇    DeepKNLP.gner.trainer ┇ [training]  55%|██████████▉         |  785/1428 [0:17:18<0:14:34, 0.74Hz] | epoch=6.60, loss=0.038600
[02.13 00:30:16] ┇ INFO    ┇    DeepKNLP.gner.trainer ┇ [training]  55%|███████████         |  790/1428 [0:17:19<0:14:27, 0.74Hz] | epoch=6.64, loss=0.038800
[02.13 00:30:17] ┇ INFO    ┇    DeepKNLP.gner.trainer ┇ [training]  56%|███████████▏        |  795/1428 [0:17:20<0:14:20, 0.74Hz] | epoch=6.68, loss=0.039100
[02.13 00:30:18] ┇ INFO    ┇    DeepKNLP.gner.trainer ┇ [training]  56%|███████████▏        |  800/1428 [0:17:21<0:14:14, 0.74Hz] | epoch=6.72, loss=0.039100
[02.13 00:30:19] ┇ INFO    ┇    DeepKNLP.gner.trainer ┇ [training]  56%|███████████▎        |  805/1428 [0:17:22<0:14:07, 0.74Hz] | epoch=6.76, loss=0.039600
[02.13 00:30:21] ┇ INFO    ┇    DeepKNLP.gner.trainer ┇ [training]  57%|███████████▎        |  810/1428 [0:17:24<0:14:00, 0.74Hz] | epoch=6.81, loss=0.036800
[02.13 00:30:22] ┇ INFO    ┇    DeepKNLP.gner.trainer ┇ [training]  57%|███████████▍        |  815/1428 [0:17:25<0:13:53, 0.74Hz] | epoch=6.85, loss=0.040300
[02.13 00:30:23] ┇ INFO    ┇    DeepKNLP.gner.trainer ┇ [training]  57%|███████████▍        |  820/1428 [0:17:26<0:13:46, 0.74Hz] | epoch=6.89, loss=0.038300
[02.13 00:30:24] ┇ INFO    ┇    DeepKNLP.gner.trainer ┇ [training]  58%|███████████▌        |  825/1428 [0:17:27<0:13:40, 0.74Hz] | epoch=6.93, loss=0.037500
[02.13 00:30:25] ┇ INFO    ┇    DeepKNLP.gner.trainer ┇ [training]  58%|███████████▌        |  830/1428 [0:17:28<0:13:33, 0.74Hz] | epoch=6.97, loss=0.038100
[02.13 00:30:31] ┇ INFO    ┇    DeepKNLP.gner.trainer ┇ [checking]   6%|█                   |  1/18 [0:00:00<0:00:00, 86341.41Hz]
[02.13 00:30:41] ┇ INFO    ┇    DeepKNLP.gner.trainer ┇ [checking]  22%|████▍               |  4/18 [0:00:10<0:00:36, 0.38Hz]
[02.13 00:30:54] ┇ INFO    ┇    DeepKNLP.gner.trainer ┇ [checking]  39%|███████▊            |  7/18 [0:00:23<0:00:36, 0.30Hz]
[02.13 00:31:06] ┇ INFO    ┇    DeepKNLP.gner.trainer ┇ [checking]  56%|███████████         | 10/18 [0:00:35<0:00:28, 0.28Hz]
[02.13 00:31:19] ┇ INFO    ┇    DeepKNLP.gner.trainer ┇ [checking]  78%|███████████████▌    | 14/18 [0:00:48<0:00:13, 0.29Hz]
[02.13 00:31:30] ┇ INFO    ┇    DeepKNLP.gner.trainer ┇ [checking]  94%|██████████████████▉ | 17/18 [0:00:59<0:00:03, 0.29Hz]
[02.13 00:31:36] ┇ INFO    ┇    DeepKNLP.gner.trainer ┇ [checking] 100%|████████████████████| 18/18 [0:01:03<0:00:00, 0.28Hz]
[02.13 00:31:36] ┇ INFO    ┇    DeepKNLP.gner.trainer ┇ [training]  58%|███████████▋        |  833/1428 [0:18:39<0:13:35, 0.73Hz] | epoch=7.00, eval_average=0.3368
[02.13 00:31:36] ┇ INFO    ┇    DeepKNLP.gner.trainer ┇ [training]  58%|███████████▋        |  835/1428 [0:18:39<0:13:37, 0.73Hz] | epoch=7.02, loss=0.040700
[02.13 00:31:38] ┇ INFO    ┇    DeepKNLP.gner.trainer ┇ [training]  59%|███████████▊        |  840/1428 [0:18:40<0:13:30, 0.73Hz] | epoch=7.06, loss=0.037400
[02.13 00:31:39] ┇ INFO    ┇    DeepKNLP.gner.trainer ┇ [training]  59%|███████████▊        |  845/1428 [0:18:42<0:13:23, 0.73Hz] | epoch=7.10, loss=0.035200
[02.13 00:31:40] ┇ INFO    ┇    DeepKNLP.gner.trainer ┇ [training]  60%|███████████▉        |  850/1428 [0:18:43<0:13:16, 0.73Hz] | epoch=7.14, loss=0.034300
[02.13 00:31:41] ┇ INFO    ┇    DeepKNLP.gner.trainer ┇ [training]  60%|███████████▉        |  855/1428 [0:18:44<0:13:09, 0.73Hz] | epoch=7.18, loss=0.034700
[02.13 00:31:42] ┇ INFO    ┇    DeepKNLP.gner.trainer ┇ [training]  60%|████████████        |  860/1428 [0:18:45<0:13:03, 0.73Hz] | epoch=7.23, loss=0.040100
[02.13 00:31:43] ┇ INFO    ┇    DeepKNLP.gner.trainer ┇ [training]  61%|████████████        |  865/1428 [0:18:46<0:12:56, 0.73Hz] | epoch=7.27, loss=0.040300
[02.13 00:31:45] ┇ INFO    ┇    DeepKNLP.gner.trainer ┇ [training]  61%|████████████▏       |  870/1428 [0:18:47<0:12:49, 0.73Hz] | epoch=7.31, loss=0.038000
[02.13 00:31:46] ┇ INFO    ┇    DeepKNLP.gner.trainer ┇ [training]  61%|████████████▎       |  875/1428 [0:18:49<0:12:42, 0.73Hz] | epoch=7.35, loss=0.033900
[02.13 00:31:47] ┇ INFO    ┇    DeepKNLP.gner.trainer ┇ [training]  62%|████████████▎       |  880/1428 [0:18:50<0:12:35, 0.73Hz] | epoch=7.39, loss=0.032800
[02.13 00:31:48] ┇ INFO    ┇    DeepKNLP.gner.trainer ┇ [training]  62%|████████████▍       |  885/1428 [0:18:51<0:12:28, 0.73Hz] | epoch=7.44, loss=0.035900
[02.13 00:31:49] ┇ INFO    ┇    DeepKNLP.gner.trainer ┇ [training]  62%|████████████▍       |  890/1428 [0:18:52<0:12:21, 0.73Hz] | epoch=7.48, loss=0.037200
[02.13 00:31:54] ┇ INFO    ┇    DeepKNLP.gner.trainer ┇ [checking]   6%|█                   |  1/18 [0:00:00<0:00:00, 85237.90Hz]
[02.13 00:32:04] ┇ INFO    ┇    DeepKNLP.gner.trainer ┇ [checking]  22%|████▍               |  4/18 [0:00:10<0:00:36, 0.39Hz]
[02.13 00:32:17] ┇ INFO    ┇    DeepKNLP.gner.trainer ┇ [checking]  39%|███████▊            |  7/18 [0:00:22<0:00:35, 0.31Hz]
[02.13 00:32:29] ┇ INFO    ┇    DeepKNLP.gner.trainer ┇ [checking]  56%|███████████         | 10/18 [0:00:34<0:00:27, 0.29Hz]
[02.13 00:32:42] ┇ INFO    ┇    DeepKNLP.gner.trainer ┇ [checking]  78%|███████████████▌    | 14/18 [0:00:47<0:00:13, 0.29Hz]
[02.13 00:32:53] ┇ INFO    ┇    DeepKNLP.gner.trainer ┇ [checking]  94%|██████████████████▉ | 17/18 [0:00:58<0:00:03, 0.29Hz]
[02.13 00:32:58] ┇ INFO    ┇    DeepKNLP.gner.trainer ┇ [checking] 100%|████████████████████| 18/18 [0:01:02<0:00:00, 0.29Hz]
[02.13 00:32:58] ┇ INFO    ┇    DeepKNLP.gner.trainer ┇ [training]  62%|████████████▍       |  892/1428 [0:20:01<0:12:32, 0.71Hz] | epoch=7.50, eval_average=0.3829
[02.13 00:32:59] ┇ INFO    ┇    DeepKNLP.gner.trainer ┇ [training]  63%|████████████▌       |  895/1428 [0:20:02<0:12:33, 0.71Hz] | epoch=7.52, loss=0.038100
[02.13 00:33:00] ┇ INFO    ┇    DeepKNLP.gner.trainer ┇ [training]  63%|████████████▌       |  900/1428 [0:20:03<0:12:26, 0.71Hz] | epoch=7.56, loss=0.038300
[02.13 00:33:01] ┇ INFO    ┇    DeepKNLP.gner.trainer ┇ [training]  63%|████████████▋       |  905/1428 [0:20:04<0:12:19, 0.71Hz] | epoch=7.61, loss=0.035700
[02.13 00:33:02] ┇ INFO    ┇    DeepKNLP.gner.trainer ┇ [training]  64%|████████████▋       |  910/1428 [0:20:05<0:12:11, 0.71Hz] | epoch=7.65, loss=0.030800
[02.13 00:33:04] ┇ INFO    ┇    DeepKNLP.gner.trainer ┇ [training]  64%|████████████▊       |  915/1428 [0:20:07<0:12:04, 0.71Hz] | epoch=7.69, loss=0.036100
[02.13 00:33:05] ┇ INFO    ┇    DeepKNLP.gner.trainer ┇ [training]  64%|████████████▉       |  920/1428 [0:20:08<0:11:57, 0.71Hz] | epoch=7.73, loss=0.035600
[02.13 00:33:06] ┇ INFO    ┇    DeepKNLP.gner.trainer ┇ [training]  65%|████████████▉       |  925/1428 [0:20:09<0:11:50, 0.71Hz] | epoch=7.77, loss=0.032200
[02.13 00:33:07] ┇ INFO    ┇    DeepKNLP.gner.trainer ┇ [training]  65%|█████████████       |  930/1428 [0:20:10<0:11:43, 0.71Hz] | epoch=7.82, loss=0.035800
[02.13 00:33:08] ┇ INFO    ┇    DeepKNLP.gner.trainer ┇ [training]  65%|█████████████       |  935/1428 [0:20:11<0:11:36, 0.71Hz] | epoch=7.86, loss=0.033100
[02.13 00:33:10] ┇ INFO    ┇    DeepKNLP.gner.trainer ┇ [training]  66%|█████████████▏      |  940/1428 [0:20:12<0:11:29, 0.71Hz] | epoch=7.90, loss=0.035700
[02.13 00:33:11] ┇ INFO    ┇    DeepKNLP.gner.trainer ┇ [training]  66%|█████████████▏      |  945/1428 [0:20:14<0:09:29, 0.85Hz] | epoch=7.94, loss=0.035600
[02.13 00:33:12] ┇ INFO    ┇    DeepKNLP.gner.trainer ┇ [training]  67%|█████████████▎      |  950/1428 [0:20:15<0:09:17, 0.86Hz] | epoch=7.98, loss=0.033500
[02.13 00:33:17] ┇ INFO    ┇    DeepKNLP.gner.trainer ┇ [checking]   6%|█                   |  1/18 [0:00:00<0:00:00, 79276.58Hz]
[02.13 00:33:27] ┇ INFO    ┇    DeepKNLP.gner.trainer ┇ [checking]  22%|████▍               |  4/18 [0:00:10<0:00:36, 0.39Hz]
[02.13 00:33:40] ┇ INFO    ┇    DeepKNLP.gner.trainer ┇ [checking]  39%|███████▊            |  7/18 [0:00:23<0:00:36, 0.30Hz]
[02.13 00:33:52] ┇ INFO    ┇    DeepKNLP.gner.trainer ┇ [checking]  56%|███████████         | 10/18 [0:00:35<0:00:28, 0.28Hz]
[02.13 00:34:05] ┇ INFO    ┇    DeepKNLP.gner.trainer ┇ [checking]  78%|███████████████▌    | 14/18 [0:00:48<0:00:13, 0.29Hz]
[02.13 00:34:16] ┇ INFO    ┇    DeepKNLP.gner.trainer ┇ [checking]  94%|██████████████████▉ | 17/18 [0:00:59<0:00:03, 0.29Hz]
[02.13 00:34:22] ┇ INFO    ┇    DeepKNLP.gner.trainer ┇ [checking] 100%|████████████████████| 18/18 [0:01:03<0:00:00, 0.28Hz]
[02.13 00:34:22] ┇ INFO    ┇    DeepKNLP.gner.trainer ┇ [training]  67%|█████████████▎      |  952/1428 [0:21:25<0:11:13, 0.71Hz] | epoch=8.00, eval_average=0.4061
[02.13 00:34:23] ┇ INFO    ┇    DeepKNLP.gner.trainer ┇ [training]  67%|█████████████▍      |  955/1428 [0:21:26<0:11:12, 0.70Hz] | epoch=8.03, loss=0.035200
[02.13 00:34:24] ┇ INFO    ┇    DeepKNLP.gner.trainer ┇ [training]  67%|█████████████▍      |  960/1428 [0:21:27<0:11:05, 0.70Hz] | epoch=8.07, loss=0.034800
[02.13 00:34:25] ┇ INFO    ┇    DeepKNLP.gner.trainer ┇ [training]  68%|█████████████▌      |  965/1428 [0:21:28<0:10:58, 0.70Hz] | epoch=8.11, loss=0.034400
[02.13 00:34:26] ┇ INFO    ┇    DeepKNLP.gner.trainer ┇ [training]  68%|█████████████▌      |  970/1428 [0:21:29<0:10:51, 0.70Hz] | epoch=8.15, loss=0.031700
[02.13 00:34:28] ┇ INFO    ┇    DeepKNLP.gner.trainer ┇ [training]  68%|█████████████▋      |  975/1428 [0:21:30<0:10:44, 0.70Hz] | epoch=8.19, loss=0.036500
[02.13 00:34:29] ┇ INFO    ┇    DeepKNLP.gner.trainer ┇ [training]  69%|█████████████▋      |  980/1428 [0:21:32<0:10:37, 0.70Hz] | epoch=8.23, loss=0.029500
[02.13 00:34:30] ┇ INFO    ┇    DeepKNLP.gner.trainer ┇ [training]  69%|█████████████▊      |  985/1428 [0:21:33<0:10:30, 0.70Hz] | epoch=8.28, loss=0.036700
[02.13 00:34:31] ┇ INFO    ┇    DeepKNLP.gner.trainer ┇ [training]  69%|█████████████▊      |  990/1428 [0:21:34<0:10:23, 0.70Hz] | epoch=8.32, loss=0.030800
[02.13 00:34:32] ┇ INFO    ┇    DeepKNLP.gner.trainer ┇ [training]  70%|█████████████▉      |  995/1428 [0:21:35<0:10:16, 0.70Hz] | epoch=8.36, loss=0.034200
[02.13 00:34:34] ┇ INFO    ┇    DeepKNLP.gner.trainer ┇ [training]  70%|██████████████      | 1000/1428 [0:21:37<0:10:09, 0.70Hz] | epoch=8.40, loss=0.030700
[02.13 00:34:35] ┇ INFO    ┇    DeepKNLP.gner.trainer ┇ [training]  70%|██████████████      | 1005/1428 [0:21:38<0:08:21, 0.84Hz] | epoch=8.45, loss=0.035500
[02.13 00:34:36] ┇ INFO    ┇    DeepKNLP.gner.trainer ┇ [training]  71%|██████████████▏     | 1010/1428 [0:21:39<0:08:10, 0.85Hz] | epoch=8.49, loss=0.030800
[02.13 00:34:41] ┇ INFO    ┇    DeepKNLP.gner.trainer ┇ [checking]   6%|█                   |  1/18 [0:00:00<0:00:00, 79465.80Hz]
[02.13 00:34:51] ┇ INFO    ┇    DeepKNLP.gner.trainer ┇ [checking]  22%|████▍               |  4/18 [0:00:10<0:00:36, 0.38Hz]
[02.13 00:35:04] ┇ INFO    ┇    DeepKNLP.gner.trainer ┇ [checking]  39%|███████▊            |  7/18 [0:00:23<0:00:37, 0.30Hz]
[02.13 00:35:17] ┇ INFO    ┇    DeepKNLP.gner.trainer ┇ [checking]  56%|███████████         | 10/18 [0:00:35<0:00:28, 0.28Hz]
[02.13 00:35:30] ┇ INFO    ┇    DeepKNLP.gner.trainer ┇ [checking]  78%|███████████████▌    | 14/18 [0:00:48<0:00:13, 0.29Hz]
[02.13 00:35:40] ┇ INFO    ┇    DeepKNLP.gner.trainer ┇ [checking]  94%|██████████████████▉ | 17/18 [0:00:59<0:00:03, 0.28Hz]
[02.13 00:35:46] ┇ INFO    ┇    DeepKNLP.gner.trainer ┇ [checking] 100%|████████████████████| 18/18 [0:01:03<0:00:00, 0.28Hz]
[02.13 00:35:46] ┇ INFO    ┇    DeepKNLP.gner.trainer ┇ [training]  71%|██████████████▏     | 1012/1428 [0:22:49<0:09:50, 0.70Hz] | epoch=8.50, eval_average=0.4400
[02.13 00:35:47] ┇ INFO    ┇    DeepKNLP.gner.trainer ┇ [training]  71%|██████████████▏     | 1015/1428 [0:22:50<0:09:50, 0.70Hz] | epoch=8.53, loss=0.030700
[02.13 00:35:48] ┇ INFO    ┇    DeepKNLP.gner.trainer ┇ [training]  71%|██████████████▎     | 1020/1428 [0:22:51<0:09:43, 0.70Hz] | epoch=8.57, loss=0.032100
[02.13 00:35:50] ┇ INFO    ┇    DeepKNLP.gner.trainer ┇ [training]  72%|██████████████▎     | 1025/1428 [0:22:52<0:09:36, 0.70Hz] | epoch=8.61, loss=0.031200
[02.13 00:35:51] ┇ INFO    ┇    DeepKNLP.gner.trainer ┇ [training]  72%|██████████████▍     | 1030/1428 [0:22:54<0:09:29, 0.70Hz] | epoch=8.65, loss=0.030200
[02.13 00:35:52] ┇ INFO    ┇    DeepKNLP.gner.trainer ┇ [training]  72%|██████████████▍     | 1035/1428 [0:22:55<0:09:22, 0.70Hz] | epoch=8.70, loss=0.032800
[02.13 00:35:54] ┇ INFO    ┇    DeepKNLP.gner.trainer ┇ [training]  73%|██████████████▌     | 1040/1428 [0:22:56<0:09:15, 0.70Hz] | epoch=8.74, loss=0.031300
[02.13 00:35:55] ┇ INFO    ┇    DeepKNLP.gner.trainer ┇ [training]  73%|██████████████▋     | 1045/1428 [0:22:58<0:09:08, 0.70Hz] | epoch=8.78, loss=0.034200
[02.13 00:35:56] ┇ INFO    ┇    DeepKNLP.gner.trainer ┇ [training]  74%|██████████████▋     | 1050/1428 [0:22:59<0:09:00, 0.70Hz] | epoch=8.82, loss=0.033600
[02.13 00:35:57] ┇ INFO    ┇    DeepKNLP.gner.trainer ┇ [training]  74%|██████████████▊     | 1055/1428 [0:23:00<0:08:53, 0.70Hz] | epoch=8.87, loss=0.031700
[02.13 00:35:58] ┇ INFO    ┇    DeepKNLP.gner.trainer ┇ [training]  74%|██████████████▊     | 1060/1428 [0:23:01<0:08:46, 0.70Hz] | epoch=8.91, loss=0.029500
[02.13 00:35:59] ┇ INFO    ┇    DeepKNLP.gner.trainer ┇ [training]  75%|██████████████▉     | 1065/1428 [0:23:02<0:07:13, 0.84Hz] | epoch=8.95, loss=0.033400
[02.13 00:36:01] ┇ INFO    ┇    DeepKNLP.gner.trainer ┇ [training]  75%|██████████████▉     | 1070/1428 [0:23:03<0:07:02, 0.85Hz] | epoch=8.99, loss=0.030500
[02.13 00:36:05] ┇ INFO    ┇    DeepKNLP.gner.trainer ┇ [checking]   6%|█                   |  1/18 [0:00:00<0:00:00, 92765.88Hz]
[02.13 00:36:15] ┇ INFO    ┇    DeepKNLP.gner.trainer ┇ [checking]  22%|████▍               |  4/18 [0:00:10<0:00:36, 0.38Hz]
[02.13 00:36:28] ┇ INFO    ┇    DeepKNLP.gner.trainer ┇ [checking]  39%|███████▊            |  7/18 [0:00:22<0:00:36, 0.31Hz]
[02.13 00:36:40] ┇ INFO    ┇    DeepKNLP.gner.trainer ┇ [checking]  56%|███████████         | 10/18 [0:00:34<0:00:27, 0.29Hz]
[02.13 00:36:53] ┇ INFO    ┇    DeepKNLP.gner.trainer ┇ [checking]  78%|███████████████▌    | 14/18 [0:00:47<0:00:13, 0.29Hz]
[02.13 00:37:03] ┇ INFO    ┇    DeepKNLP.gner.trainer ┇ [checking]  94%|██████████████████▉ | 17/18 [0:00:58<0:00:03, 0.29Hz]
[02.13 00:37:09] ┇ INFO    ┇    DeepKNLP.gner.trainer ┇ [checking] 100%|████████████████████| 18/18 [0:01:02<0:00:00, 0.29Hz]
[02.13 00:37:09] ┇ INFO    ┇    DeepKNLP.gner.trainer ┇ [training]  75%|███████████████     | 1071/1428 [0:24:12<0:08:29, 0.70Hz] | epoch=9.00, eval_average=0.4701
[02.13 00:37:10] ┇ INFO    ┇    DeepKNLP.gner.trainer ┇ [training]  75%|███████████████     | 1075/1428 [0:24:13<0:08:25, 0.70Hz] | epoch=9.03, loss=0.031600
[02.13 00:37:11] ┇ INFO    ┇    DeepKNLP.gner.trainer ┇ [training]  76%|███████████████▏    | 1080/1428 [0:24:14<0:08:18, 0.70Hz] | epoch=9.08, loss=0.030700
[02.13 00:37:12] ┇ INFO    ┇    DeepKNLP.gner.trainer ┇ [training]  76%|███████████████▏    | 1085/1428 [0:24:15<0:08:11, 0.70Hz] | epoch=9.12, loss=0.032100
[02.13 00:37:14] ┇ INFO    ┇    DeepKNLP.gner.trainer ┇ [training]  76%|███████████████▎    | 1090/1428 [0:24:17<0:08:04, 0.70Hz] | epoch=9.16, loss=0.028400
[02.13 00:37:15] ┇ INFO    ┇    DeepKNLP.gner.trainer ┇ [training]  77%|███████████████▎    | 1095/1428 [0:24:18<0:07:57, 0.70Hz] | epoch=9.20, loss=0.033700
[02.13 00:37:16] ┇ INFO    ┇    DeepKNLP.gner.trainer ┇ [training]  77%|███████████████▍    | 1100/1428 [0:24:19<0:07:49, 0.70Hz] | epoch=9.24, loss=0.029400
[02.13 00:37:17] ┇ INFO    ┇    DeepKNLP.gner.trainer ┇ [training]  77%|███████████████▍    | 1105/1428 [0:24:20<0:07:42, 0.70Hz] | epoch=9.29, loss=0.028800
[02.13 00:37:18] ┇ INFO    ┇    DeepKNLP.gner.trainer ┇ [training]  78%|███████████████▌    | 1110/1428 [0:24:21<0:07:35, 0.70Hz] | epoch=9.33, loss=0.031500
[02.13 00:37:20] ┇ INFO    ┇    DeepKNLP.gner.trainer ┇ [training]  78%|███████████████▌    | 1115/1428 [0:24:22<0:07:28, 0.70Hz] | epoch=9.37, loss=0.028500
[02.13 00:37:21] ┇ INFO    ┇    DeepKNLP.gner.trainer ┇ [training]  78%|███████████████▋    | 1120/1428 [0:24:24<0:07:21, 0.70Hz] | epoch=9.41, loss=0.030200
[02.13 00:37:22] ┇ INFO    ┇    DeepKNLP.gner.trainer ┇ [training]  79%|███████████████▊    | 1125/1428 [0:24:25<0:05:59, 0.84Hz] | epoch=9.45, loss=0.031000
[02.13 00:37:23] ┇ INFO    ┇    DeepKNLP.gner.trainer ┇ [training]  79%|███████████████▊    | 1130/1428 [0:24:26<0:05:50, 0.85Hz] | epoch=9.50, loss=0.029200
[02.13 00:37:27] ┇ INFO    ┇    DeepKNLP.gner.trainer ┇ [checking]   6%|█                   |  1/18 [0:00:00<0:00:00, 84296.04Hz]
[02.13 00:37:38] ┇ INFO    ┇    DeepKNLP.gner.trainer ┇ [checking]  22%|████▍               |  4/18 [0:00:10<0:00:37, 0.38Hz]
[02.13 00:37:51] ┇ INFO    ┇    DeepKNLP.gner.trainer ┇ [checking]  39%|███████▊            |  7/18 [0:00:23<0:00:37, 0.29Hz]
[02.13 00:38:03] ┇ INFO    ┇    DeepKNLP.gner.trainer ┇ [checking]  56%|███████████         | 10/18 [0:00:35<0:00:28, 0.28Hz]
[02.13 00:38:16] ┇ INFO    ┇    DeepKNLP.gner.trainer ┇ [checking]  78%|███████████████▌    | 14/18 [0:00:48<0:00:13, 0.29Hz]
[02.13 00:38:27] ┇ INFO    ┇    DeepKNLP.gner.trainer ┇ [checking]  94%|██████████████████▉ | 17/18 [0:00:59<0:00:03, 0.28Hz]
[02.13 00:38:33] ┇ INFO    ┇    DeepKNLP.gner.trainer ┇ [checking] 100%|████████████████████| 18/18 [0:01:03<0:00:00, 0.28Hz]
[02.13 00:38:33] ┇ INFO    ┇    DeepKNLP.gner.trainer ┇ [training]  79%|███████████████▊    | 1130/1428 [0:24:26<0:05:50, 0.85Hz] | epoch=9.50, eval_average=0.4431
[02.13 00:38:34] ┇ INFO    ┇    DeepKNLP.gner.trainer ┇ [training]  79%|███████████████▉    | 1135/1428 [0:25:37<0:06:53, 0.71Hz] | epoch=9.54, loss=0.029300
[02.13 00:38:35] ┇ INFO    ┇    DeepKNLP.gner.trainer ┇ [training]  80%|███████████████▉    | 1140/1428 [0:25:38<0:06:46, 0.71Hz] | epoch=9.58, loss=0.028900
[02.13 00:38:37] ┇ INFO    ┇    DeepKNLP.gner.trainer ┇ [training]  80%|████████████████    | 1145/1428 [0:25:39<0:06:39, 0.71Hz] | epoch=9.62, loss=0.029300
[02.13 00:38:38] ┇ INFO    ┇    DeepKNLP.gner.trainer ┇ [training]  81%|████████████████    | 1150/1428 [0:25:41<0:06:32, 0.71Hz] | epoch=9.66, loss=0.029500
[02.13 00:38:39] ┇ INFO    ┇    DeepKNLP.gner.trainer ┇ [training]  81%|████████████████▏   | 1155/1428 [0:25:42<0:06:25, 0.71Hz] | epoch=9.71, loss=0.029500
[02.13 00:38:40] ┇ INFO    ┇    DeepKNLP.gner.trainer ┇ [training]  81%|████████████████▏   | 1160/1428 [0:25:43<0:06:18, 0.71Hz] | epoch=9.75, loss=0.026900
[02.13 00:38:41] ┇ INFO    ┇    DeepKNLP.gner.trainer ┇ [training]  82%|████████████████▎   | 1165/1428 [0:25:44<0:06:11, 0.71Hz] | epoch=9.79, loss=0.029500
[02.13 00:38:43] ┇ INFO    ┇    DeepKNLP.gner.trainer ┇ [training]  82%|████████████████▍   | 1170/1428 [0:25:45<0:06:04, 0.71Hz] | epoch=9.83, loss=0.028300
[02.13 00:38:44] ┇ INFO    ┇    DeepKNLP.gner.trainer ┇ [training]  82%|████████████████▍   | 1175/1428 [0:25:47<0:05:57, 0.71Hz] | epoch=9.87, loss=0.027800
[02.13 00:38:45] ┇ INFO    ┇    DeepKNLP.gner.trainer ┇ [training]  83%|████████████████▌   | 1180/1428 [0:25:48<0:05:50, 0.71Hz] | epoch=9.92, loss=0.027200
[02.13 00:38:46] ┇ INFO    ┇    DeepKNLP.gner.trainer ┇ [training]  83%|████████████████▌   | 1185/1428 [0:25:49<0:05:43, 0.71Hz] | epoch=9.96, loss=0.026700
[02.13 00:38:47] ┇ INFO    ┇    DeepKNLP.gner.trainer ┇ [training]  83%|████████████████▋   | 1190/1428 [0:25:50<0:04:38, 0.85Hz] | epoch=10.00, loss=0.029000
[02.13 00:38:52] ┇ INFO    ┇    DeepKNLP.gner.trainer ┇ [checking]   6%|█                   |  1/18 [0:00:00<0:00:00, 81813.58Hz]
[02.13 00:39:02] ┇ INFO    ┇    DeepKNLP.gner.trainer ┇ [checking]  22%|████▍               |  4/18 [0:00:10<0:00:36, 0.38Hz]
[02.13 00:39:15] ┇ INFO    ┇    DeepKNLP.gner.trainer ┇ [checking]  39%|███████▊            |  7/18 [0:00:23<0:00:36, 0.30Hz]
[02.13 00:39:27] ┇ INFO    ┇    DeepKNLP.gner.trainer ┇ [checking]  56%|███████████         | 10/18 [0:00:34<0:00:27, 0.29Hz]
[02.13 00:39:39] ┇ INFO    ┇    DeepKNLP.gner.trainer ┇ [checking]  78%|███████████████▌    | 14/18 [0:00:47<0:00:13, 0.29Hz]
[02.13 00:39:50] ┇ INFO    ┇    DeepKNLP.gner.trainer ┇ [checking]  94%|██████████████████▉ | 17/18 [0:00:58<0:00:03, 0.29Hz]
[02.13 00:39:56] ┇ INFO    ┇    DeepKNLP.gner.trainer ┇ [checking] 100%|████████████████████| 18/18 [0:01:02<0:00:00, 0.29Hz]
[02.13 00:39:56] ┇ INFO    ┇    DeepKNLP.gner.trainer ┇ [training]  83%|████████████████▋   | 1190/1428 [0:25:50<0:04:38, 0.85Hz] | epoch=10.00, eval_average=0.4612
[02.13 00:39:57] ┇ INFO    ┇    DeepKNLP.gner.trainer ┇ [training]  84%|████████████████▋   | 1195/1428 [0:27:00<0:05:24, 0.72Hz] | epoch=10.04, loss=0.026200
[02.13 00:39:58] ┇ INFO    ┇    DeepKNLP.gner.trainer ┇ [training]  84%|████████████████▊   | 1200/1428 [0:27:01<0:05:17, 0.72Hz] | epoch=10.08, loss=0.026100
[02.13 00:39:59] ┇ INFO    ┇    DeepKNLP.gner.trainer ┇ [training]  84%|████████████████▉   | 1205/1428 [0:27:02<0:05:10, 0.72Hz] | epoch=10.13, loss=0.025900
[02.13 00:40:01] ┇ INFO    ┇    DeepKNLP.gner.trainer ┇ [training]  85%|████████████████▉   | 1210/1428 [0:27:03<0:05:03, 0.72Hz] | epoch=10.17, loss=0.028200
[02.13 00:40:02] ┇ INFO    ┇    DeepKNLP.gner.trainer ┇ [training]  85%|█████████████████   | 1215/1428 [0:27:05<0:04:56, 0.72Hz] | epoch=10.21, loss=0.029900
[02.13 00:40:03] ┇ INFO    ┇    DeepKNLP.gner.trainer ┇ [training]  85%|█████████████████   | 1220/1428 [0:27:06<0:04:49, 0.72Hz] | epoch=10.25, loss=0.027300
[02.13 00:40:04] ┇ INFO    ┇    DeepKNLP.gner.trainer ┇ [training]  86%|█████████████████▏  | 1225/1428 [0:27:07<0:04:42, 0.72Hz] | epoch=10.29, loss=0.026800
[02.13 00:40:05] ┇ INFO    ┇    DeepKNLP.gner.trainer ┇ [training]  86%|█████████████████▏  | 1230/1428 [0:27:08<0:04:35, 0.72Hz] | epoch=10.34, loss=0.026800
[02.13 00:40:07] ┇ INFO    ┇    DeepKNLP.gner.trainer ┇ [training]  86%|█████████████████▎  | 1235/1428 [0:27:09<0:04:29, 0.72Hz] | epoch=10.38, loss=0.028900
[02.13 00:40:08] ┇ INFO    ┇    DeepKNLP.gner.trainer ┇ [training]  87%|█████████████████▎  | 1240/1428 [0:27:11<0:04:22, 0.72Hz] | epoch=10.42, loss=0.025900
[02.13 00:40:09] ┇ INFO    ┇    DeepKNLP.gner.trainer ┇ [training]  87%|█████████████████▍  | 1245/1428 [0:27:12<0:04:15, 0.72Hz] | epoch=10.46, loss=0.025900
[02.13 00:40:10] ┇ INFO    ┇    DeepKNLP.gner.trainer ┇ [training]  88%|█████████████████▌  | 1250/1428 [0:27:13<0:04:08, 0.72Hz] | epoch=10.50, loss=0.027300
[02.13 00:40:15] ┇ INFO    ┇    DeepKNLP.gner.trainer ┇ [checking]   6%|█                   |  1/18 [0:00:00<0:00:00, 92241.90Hz]
[02.13 00:40:25] ┇ INFO    ┇    DeepKNLP.gner.trainer ┇ [checking]  22%|████▍               |  4/18 [0:00:10<0:00:37, 0.37Hz]
[02.13 00:40:38] ┇ INFO    ┇    DeepKNLP.gner.trainer ┇ [checking]  39%|███████▊            |  7/18 [0:00:23<0:00:36, 0.30Hz]
[02.13 00:40:50] ┇ INFO    ┇    DeepKNLP.gner.trainer ┇ [checking]  56%|███████████         | 10/18 [0:00:35<0:00:28, 0.28Hz]
[02.13 00:41:03] ┇ INFO    ┇    DeepKNLP.gner.trainer ┇ [checking]  78%|███████████████▌    | 14/18 [0:00:48<0:00:13, 0.29Hz]
[02.13 00:41:13] ┇ INFO    ┇    DeepKNLP.gner.trainer ┇ [checking]  94%|██████████████████▉ | 17/18 [0:00:58<0:00:03, 0.29Hz]
[02.13 00:41:19] ┇ INFO    ┇    DeepKNLP.gner.trainer ┇ [checking] 100%|████████████████████| 18/18 [0:01:02<0:00:00, 0.29Hz]
[02.13 00:41:19] ┇ INFO    ┇    DeepKNLP.gner.trainer ┇ [training]  88%|█████████████████▌  | 1250/1428 [0:27:13<0:04:08, 0.72Hz] | epoch=10.50, eval_average=0.4915
[02.13 00:41:20] ┇ INFO    ┇    DeepKNLP.gner.trainer ┇ [training]  88%|█████████████████▌  | 1255/1428 [0:28:23<0:03:58, 0.72Hz] | epoch=10.55, loss=0.026300
[02.13 00:41:22] ┇ INFO    ┇    DeepKNLP.gner.trainer ┇ [training]  88%|█████████████████▋  | 1260/1428 [0:28:24<0:03:50, 0.73Hz] | epoch=10.59, loss=0.029700
[02.13 00:41:23] ┇ INFO    ┇    DeepKNLP.gner.trainer ┇ [training]  89%|█████████████████▋  | 1265/1428 [0:28:26<0:03:43, 0.73Hz] | epoch=10.63, loss=0.027700
[02.13 00:41:24] ┇ INFO    ┇    DeepKNLP.gner.trainer ┇ [training]  89%|█████████████████▊  | 1270/1428 [0:28:27<0:03:36, 0.73Hz] | epoch=10.67, loss=0.027200
[02.13 00:41:25] ┇ INFO    ┇    DeepKNLP.gner.trainer ┇ [training]  89%|█████████████████▊  | 1275/1428 [0:28:28<0:03:30, 0.73Hz] | epoch=10.71, loss=0.025800
[02.13 00:41:26] ┇ INFO    ┇    DeepKNLP.gner.trainer ┇ [training]  90%|█████████████████▉  | 1280/1428 [0:28:29<0:03:23, 0.73Hz] | epoch=10.76, loss=0.026000
[02.13 00:41:28] ┇ INFO    ┇    DeepKNLP.gner.trainer ┇ [training]  90%|█████████████████▉  | 1285/1428 [0:28:30<0:03:16, 0.73Hz] | epoch=10.80, loss=0.027400
[02.13 00:41:29] ┇ INFO    ┇    DeepKNLP.gner.trainer ┇ [training]  90%|██████████████████  | 1290/1428 [0:28:32<0:03:09, 0.73Hz] | epoch=10.84, loss=0.026000
[02.13 00:41:30] ┇ INFO    ┇    DeepKNLP.gner.trainer ┇ [training]  91%|██████████████████▏ | 1295/1428 [0:28:33<0:03:02, 0.73Hz] | epoch=10.88, loss=0.026200
[02.13 00:41:31] ┇ INFO    ┇    DeepKNLP.gner.trainer ┇ [training]  91%|██████████████████▏ | 1300/1428 [0:28:34<0:02:55, 0.73Hz] | epoch=10.92, loss=0.022700
[02.13 00:41:32] ┇ INFO    ┇    DeepKNLP.gner.trainer ┇ [training]  91%|██████████████████▎ | 1305/1428 [0:28:35<0:02:48, 0.73Hz] | epoch=10.97, loss=0.026000
[02.13 00:41:38] ┇ INFO    ┇    DeepKNLP.gner.trainer ┇ [checking]   6%|█                   |  1/18 [0:00:00<0:00:00, 86118.09Hz]
[02.13 00:41:48] ┇ INFO    ┇    DeepKNLP.gner.trainer ┇ [checking]  22%|████▍               |  4/18 [0:00:10<0:00:36, 0.38Hz]
[02.13 00:42:01] ┇ INFO    ┇    DeepKNLP.gner.trainer ┇ [checking]  39%|███████▊            |  7/18 [0:00:23<0:00:36, 0.30Hz]
[02.13 00:42:13] ┇ INFO    ┇    DeepKNLP.gner.trainer ┇ [checking]  56%|███████████         | 10/18 [0:00:35<0:00:28, 0.28Hz]
[02.13 00:42:26] ┇ INFO    ┇    DeepKNLP.gner.trainer ┇ [checking]  78%|███████████████▌    | 14/18 [0:00:48<0:00:13, 0.29Hz]
[02.13 00:42:37] ┇ INFO    ┇    DeepKNLP.gner.trainer ┇ [checking]  94%|██████████████████▉ | 17/18 [0:00:58<0:00:03, 0.29Hz]
[02.13 00:42:42] ┇ INFO    ┇    DeepKNLP.gner.trainer ┇ [checking] 100%|████████████████████| 18/18 [0:01:02<0:00:00, 0.29Hz]
[02.13 00:42:42] ┇ INFO    ┇    DeepKNLP.gner.trainer ┇ [training]  92%|██████████████████▎ | 1309/1428 [0:29:45<0:03:10, 0.62Hz] | epoch=11.00, eval_average=0.5066
[02.13 00:42:42] ┇ INFO    ┇    DeepKNLP.gner.trainer ┇ [training]  92%|██████████████████▎ | 1310/1428 [0:29:45<0:03:11, 0.62Hz] | epoch=11.01, loss=0.025200
[02.13 00:42:44] ┇ INFO    ┇    DeepKNLP.gner.trainer ┇ [training]  92%|██████████████████▍ | 1315/1428 [0:29:47<0:02:35, 0.73Hz] | epoch=11.05, loss=0.026600
[02.13 00:42:45] ┇ INFO    ┇    DeepKNLP.gner.trainer ┇ [training]  92%|██████████████████▍ | 1320/1428 [0:29:48<0:02:27, 0.73Hz] | epoch=11.09, loss=0.028000
[02.13 00:42:46] ┇ INFO    ┇    DeepKNLP.gner.trainer ┇ [training]  93%|██████████████████▌ | 1325/1428 [0:29:49<0:02:21, 0.73Hz] | epoch=11.13, loss=0.024200
[02.13 00:42:47] ┇ INFO    ┇    DeepKNLP.gner.trainer ┇ [training]  93%|██████████████████▋ | 1330/1428 [0:29:50<0:02:14, 0.73Hz] | epoch=11.18, loss=0.024000
[02.13 00:42:48] ┇ INFO    ┇    DeepKNLP.gner.trainer ┇ [training]  93%|██████████████████▋ | 1335/1428 [0:29:51<0:02:07, 0.73Hz] | epoch=11.22, loss=0.023800
[02.13 00:42:50] ┇ INFO    ┇    DeepKNLP.gner.trainer ┇ [training]  94%|██████████████████▊ | 1340/1428 [0:29:53<0:02:00, 0.73Hz] | epoch=11.26, loss=0.028100
[02.13 00:42:51] ┇ INFO    ┇    DeepKNLP.gner.trainer ┇ [training]  94%|██████████████████▊ | 1345/1428 [0:29:54<0:01:53, 0.73Hz] | epoch=11.30, loss=0.024000
[02.13 00:42:52] ┇ INFO    ┇    DeepKNLP.gner.trainer ┇ [training]  95%|██████████████████▉ | 1350/1428 [0:29:55<0:01:46, 0.73Hz] | epoch=11.35, loss=0.025700
[02.13 00:42:53] ┇ INFO    ┇    DeepKNLP.gner.trainer ┇ [training]  95%|██████████████████▉ | 1355/1428 [0:29:56<0:01:39, 0.73Hz] | epoch=11.39, loss=0.023200
[02.13 00:42:54] ┇ INFO    ┇    DeepKNLP.gner.trainer ┇ [training]  95%|███████████████████ | 1360/1428 [0:29:57<0:01:33, 0.73Hz] | epoch=11.43, loss=0.024500
[02.13 00:42:56] ┇ INFO    ┇    DeepKNLP.gner.trainer ┇ [training]  96%|███████████████████ | 1365/1428 [0:29:58<0:01:26, 0.73Hz] | epoch=11.47, loss=0.024700
[02.13 00:43:01] ┇ INFO    ┇    DeepKNLP.gner.trainer ┇ [checking]   6%|█                   |  1/18 [0:00:00<0:00:00, 85674.88Hz]
[02.13 00:43:11] ┇ INFO    ┇    DeepKNLP.gner.trainer ┇ [checking]  22%|████▍               |  4/18 [0:00:10<0:00:37, 0.38Hz]
[02.13 00:43:24] ┇ INFO    ┇    DeepKNLP.gner.trainer ┇ [checking]  39%|███████▊            |  7/18 [0:00:23<0:00:37, 0.30Hz]
[02.13 00:43:36] ┇ INFO    ┇    DeepKNLP.gner.trainer ┇ [checking]  56%|███████████         | 10/18 [0:00:35<0:00:28, 0.28Hz]
[02.13 00:43:49] ┇ INFO    ┇    DeepKNLP.gner.trainer ┇ [checking]  78%|███████████████▌    | 14/18 [0:00:48<0:00:13, 0.29Hz]
[02.13 00:44:00] ┇ INFO    ┇    DeepKNLP.gner.trainer ┇ [checking]  94%|██████████████████▉ | 17/18 [0:00:59<0:00:03, 0.29Hz]
[02.13 00:44:06] ┇ INFO    ┇    DeepKNLP.gner.trainer ┇ [checking] 100%|████████████████████| 18/18 [0:01:03<0:00:00, 0.28Hz]
[02.13 00:44:06] ┇ INFO    ┇    DeepKNLP.gner.trainer ┇ [training]  96%|███████████████████▏| 1368/1428 [0:31:09<0:01:36, 0.62Hz] | epoch=11.50, eval_average=0.5000
[02.13 00:44:07] ┇ INFO    ┇    DeepKNLP.gner.trainer ┇ [training]  96%|███████████████████▏| 1370/1428 [0:31:09<0:01:33, 0.62Hz] | epoch=11.51, loss=0.025500
[02.13 00:44:08] ┇ INFO    ┇    DeepKNLP.gner.trainer ┇ [training]  96%|███████████████████▎| 1375/1428 [0:31:11<0:01:12, 0.73Hz] | epoch=11.55, loss=0.020100
[02.13 00:44:09] ┇ INFO    ┇    DeepKNLP.gner.trainer ┇ [training]  97%|███████████████████▎| 1380/1428 [0:31:12<0:01:05, 0.73Hz] | epoch=11.60, loss=0.025600
[02.13 00:44:10] ┇ INFO    ┇    DeepKNLP.gner.trainer ┇ [training]  97%|███████████████████▍| 1385/1428 [0:31:13<0:00:59, 0.73Hz] | epoch=11.64, loss=0.023700
[02.13 00:44:11] ┇ INFO    ┇    DeepKNLP.gner.trainer ┇ [training]  97%|███████████████████▍| 1390/1428 [0:31:14<0:00:52, 0.73Hz] | epoch=11.68, loss=0.023000
[02.13 00:44:12] ┇ INFO    ┇    DeepKNLP.gner.trainer ┇ [training]  98%|███████████████████▌| 1395/1428 [0:31:15<0:00:45, 0.73Hz] | epoch=11.72, loss=0.026300
[02.13 00:44:14] ┇ INFO    ┇    DeepKNLP.gner.trainer ┇ [training]  98%|███████████████████▌| 1400/1428 [0:31:16<0:00:38, 0.73Hz] | epoch=11.77, loss=0.025200
[02.13 00:44:15] ┇ INFO    ┇    DeepKNLP.gner.trainer ┇ [training]  98%|███████████████████▋| 1405/1428 [0:31:18<0:00:31, 0.73Hz] | epoch=11.81, loss=0.024600
[02.13 00:44:16] ┇ INFO    ┇    DeepKNLP.gner.trainer ┇ [training]  99%|███████████████████▋| 1410/1428 [0:31:19<0:00:24, 0.73Hz] | epoch=11.85, loss=0.020700
[02.13 00:44:17] ┇ INFO    ┇    DeepKNLP.gner.trainer ┇ [training]  99%|███████████████████▊| 1415/1428 [0:31:20<0:00:17, 0.73Hz] | epoch=11.89, loss=0.023300
[02.13 00:44:18] ┇ INFO    ┇    DeepKNLP.gner.trainer ┇ [training]  99%|███████████████████▉| 1420/1428 [0:31:21<0:00:10, 0.73Hz] | epoch=11.93, loss=0.021400
[02.13 00:44:20] ┇ INFO    ┇    DeepKNLP.gner.trainer ┇ [training] 100%|███████████████████▉| 1425/1428 [0:31:22<0:00:04, 0.73Hz] | epoch=11.97, loss=0.022900
[02.13 00:44:25] ┇ INFO    ┇    DeepKNLP.gner.trainer ┇ [checking]   6%|█                   |  1/18 [0:00:00<0:00:00, 82487.66Hz]
[02.13 00:44:35] ┇ INFO    ┇    DeepKNLP.gner.trainer ┇ [checking]  22%|████▍               |  4/18 [0:00:10<0:00:36, 0.39Hz]
[02.13 00:44:48] ┇ INFO    ┇    DeepKNLP.gner.trainer ┇ [checking]  39%|███████▊            |  7/18 [0:00:23<0:00:36, 0.30Hz]
[02.13 00:45:00] ┇ INFO    ┇    DeepKNLP.gner.trainer ┇ [checking]  56%|███████████         | 10/18 [0:00:35<0:00:28, 0.28Hz]
[02.13 00:45:13] ┇ INFO    ┇    DeepKNLP.gner.trainer ┇ [checking]  78%|███████████████▌    | 14/18 [0:00:48<0:00:13, 0.29Hz]
[02.13 00:45:24] ┇ INFO    ┇    DeepKNLP.gner.trainer ┇ [checking]  94%|██████████████████▉ | 17/18 [0:00:59<0:00:03, 0.29Hz]
[02.13 00:45:30] ┇ INFO    ┇    DeepKNLP.gner.trainer ┇ [checking] 100%|████████████████████| 18/18 [0:01:03<0:00:00, 0.28Hz]
[02.13 00:45:30] ┇ INFO    ┇    DeepKNLP.gner.trainer ┇ [training] 100%|████████████████████| 1428/1428 [0:32:33<0:00:00, 0.62Hz] | epoch=12.00, eval_average=0.4911
[02.13 00:45:30] ┇ INFO    ┇    DeepKNLP.gner.trainer ┇ [training] 100%|████████████████████| 1428/1428 [0:32:33<0:00:00, 0.62Hz] | epoch=12.00, train_loss=0.0914, total_pflos=15.487
[02.13 00:45:30] ┇ INFO    ┇    DeepKNLP.gner.trainer ┇ -----------------------------------------------------------------------------------------------------------------------------------------
[02.13 00:45:30] ┇ INFO    ┇                 DeepKNLP ┇ Train output metrics: {'train_runtime': 1953.0541, 'train_samples_per_second': 23.237, 'train_steps_per_second': 0.731, 'total_flos': 1.5487210551771136e+16, 'train_loss': 0.09138995258748031, 'epoch': 12.0}
[02.13 00:45:30] ┇ INFO    ┇           chrisbase.data ┇ =========================================================================================================================================
[02.13 00:45:30] ┇ INFO    ┇           chrisbase.data ┇ [EXIT] python task2-nerG-trainer.py --local_rank=0 --trainer_deepspeed configs/deepspeed/ds2_t5.json --run_version FlanT5-Base-WQ=4,2 --pretrained google/flan-t5-base --eval_epochs 0.5 --logging_steps 5 --num_train_epochs 12 --per_device_eval_batch_size 50 --per_device_train_batch_size 8 --gradient_accumulation_steps 1 --generation_max_length 640 --eval_file data/gner/each-sampled-WQ=4,2/crossner_literature-dev=100-WQ=4,2.jsonl --train_file data/gner/each-WQ=4,2/crossner_literature-train-WQ=4,2.jsonl --output_file train-metrics-crossner_literature-12ep.csv --logging_file train-loggings-crossner_literature-12ep.out --no_use_flash_attention --no_debugging ($=00:32:44.163)
[02.13 00:45:30] ┇ INFO    ┇           chrisbase.data ┇ =========================================================================================================================================
[02.13 00:45:31] ┇ INFO    ┇ torch._inductor.remote_cache ┇ Cache Metrics: None

[02.13 00:45:31] ┇ INFO    ┇ torch._dynamo.eval_frame ┇ TorchDynamo attempted to trace the following frames: [

]
[02.13 00:45:31] ┇ INFO    ┇      torch._dynamo.utils ┇ TorchDynamo compilation metrics:
Function    Runtimes (s)
----------  --------------
[02.13 00:45:31] ┇ INFO    ┇ torch._subclasses.fake_tensor ┇ FakeTensor cache stats:
[02.13 00:45:31] ┇ INFO    ┇ torch._subclasses.fake_tensor ┇   cache_hits: 0
[02.13 00:45:31] ┇ INFO    ┇ torch._subclasses.fake_tensor ┇   cache_misses: 0
[02.13 00:45:31] ┇ INFO    ┇ torch._inductor.remote_cache ┇ Cache Metrics: None

[02.13 00:45:31] ┇ INFO    ┇ torch._dynamo.eval_frame ┇ TorchDynamo attempted to trace the following frames: [

]
[02.13 00:45:31] ┇ INFO    ┇      torch._dynamo.utils ┇ TorchDynamo compilation metrics:
Function    Runtimes (s)
----------  --------------
[02.13 00:45:31] ┇ INFO    ┇ torch._subclasses.fake_tensor ┇ FakeTensor cache stats:
[02.13 00:45:31] ┇ INFO    ┇ torch._subclasses.fake_tensor ┇   cache_hits: 0
[02.13 00:45:31] ┇ INFO    ┇ torch._subclasses.fake_tensor ┇   cache_misses: 0
[02.13 00:45:31] ┇ INFO    ┇ torch._inductor.remote_cache ┇ Cache Metrics: None

[02.13 00:45:31] ┇ INFO    ┇ torch._dynamo.eval_frame ┇ TorchDynamo attempted to trace the following frames: [

]
[02.13 00:45:31] ┇ INFO    ┇      torch._dynamo.utils ┇ TorchDynamo compilation metrics:
Function    Runtimes (s)
----------  --------------
[02.13 00:45:31] ┇ INFO    ┇ torch._subclasses.fake_tensor ┇ FakeTensor cache stats:
[02.13 00:45:31] ┇ INFO    ┇ torch._subclasses.fake_tensor ┇   cache_hits: 0
[02.13 00:45:31] ┇ INFO    ┇ torch._subclasses.fake_tensor ┇   cache_misses: 0
[02.13 00:45:31] ┇ INFO    ┇ torch._inductor.remote_cache ┇ Cache Metrics: None

[02.13 00:45:31] ┇ INFO    ┇ torch._dynamo.eval_frame ┇ TorchDynamo attempted to trace the following frames: [

]
[02.13 00:45:31] ┇ INFO    ┇      torch._dynamo.utils ┇ TorchDynamo compilation metrics:
Function    Runtimes (s)
----------  --------------
[02.13 00:45:31] ┇ INFO    ┇ torch._subclasses.fake_tensor ┇ FakeTensor cache stats:
[02.13 00:45:31] ┇ INFO    ┇ torch._subclasses.fake_tensor ┇   cache_hits: 0
[02.13 00:45:31] ┇ INFO    ┇ torch._subclasses.fake_tensor ┇   cache_misses: 0
