[02.01 06:06:25] ┇ INFO    ┇           chrisbase.data ┇ =========================================================================================================================================
[02.01 06:06:25] ┇ INFO    ┇           chrisbase.data ┇ [INIT] python task2-nerG-trainer.py --local_rank=0 data/gner/each/crossner_music-train.jsonl --eval_file data/gner/each-sampled/crossner_music-dev=100.jsonl --pretrained google/flan-t5-xl --run_version FLAN-T5-3B-Baseline --eval_epochs 0.5 --num_train_epochs 12 --per_device_train_batch_size 1 --logging_file train-loggings-crossner_music-12ep.out --output_file train-metrics-crossner_music-12ep.csv --trainer_deepspeed configs/deepspeed/ds2_llama.json
[02.01 06:06:25] ┇ INFO    ┇           chrisbase.data ┇ =========================================================================================================================================
[02.01 06:06:25] ┇ INFO    ┇           chrisbase.data ┇ -----------------------------------------------------------------------------------------------------------------------------------------
[02.01 06:06:25] ┇ INFO    ┇           chrisbase.data ┇   #	TrainingArgumentsForAccelerator              	value
[02.01 06:06:25] ┇ INFO    ┇           chrisbase.data ┇ -----------------------------------------------------------------------------------------------------------------------------------------
[02.01 06:06:25] ┇ INFO    ┇           chrisbase.data ┇   1	env.hostname                                 	ptlm3
[02.01 06:06:25] ┇ INFO    ┇           chrisbase.data ┇   2	env.hostaddr                                 	129.254.121.74
[02.01 06:06:25] ┇ INFO    ┇           chrisbase.data ┇   3	env.global_rank                              	-1
[02.01 06:06:25] ┇ INFO    ┇           chrisbase.data ┇   4	env.local_rank                               	0
[02.01 06:06:25] ┇ INFO    ┇           chrisbase.data ┇   5	env.node_rank                                	-1
[02.01 06:06:25] ┇ INFO    ┇           chrisbase.data ┇   6	env.world_size                               	4
[02.01 06:06:25] ┇ INFO    ┇           chrisbase.data ┇   7	env.time_stamp                               	0201-060621
[02.01 06:06:25] ┇ INFO    ┇           chrisbase.data ┇   8	env.python_path                              	/home/chrisjihee/miniforge3/envs/DeepKNLP/bin/python
[02.01 06:06:25] ┇ INFO    ┇           chrisbase.data ┇   9	env.current_dir                              	/home/chrisjihee/proj/DeepKNLP
[02.01 06:06:25] ┇ INFO    ┇           chrisbase.data ┇  10	env.current_file                             	task2-nerG-trainer.py
[02.01 06:06:25] ┇ INFO    ┇           chrisbase.data ┇  11	env.command_args                             	['--local_rank=0', 'data/gner/each/crossner_music-train.jsonl', '--eval_file', 'data/gner/each-sampled/crossner_music-dev=100.jsonl', '--pretrained', 'google/flan-t5-xl', '--run_version', 'FLAN-T5-3B-Baseline', '--eval_epochs', '0.5', '--num_train_epochs', '12', '--per_device_train_batch_size', '1', '--logging_file', 'train-loggings-crossner_music-12ep.out', '--output_file', 'train-metrics-crossner_music-12ep.csv', '--trainer_deepspeed', 'configs/deepspeed/ds2_llama.json']
[02.01 06:06:25] ┇ INFO    ┇           chrisbase.data ┇  12	env.output_home                              	output
[02.01 06:06:25] ┇ INFO    ┇           chrisbase.data ┇  13	env.output_name                              	GNER
[02.01 06:06:25] ┇ INFO    ┇           chrisbase.data ┇  14	env.run_version                              	FLAN-T5-3B-Baseline
[02.01 06:06:25] ┇ INFO    ┇           chrisbase.data ┇  15	env.output_file                              	train-metrics-crossner_music-12ep-0201-060621.csv
[02.01 06:06:25] ┇ INFO    ┇           chrisbase.data ┇  16	env.logging_file                             	train-loggings-crossner_music-12ep-0201-060621.out
[02.01 06:06:25] ┇ INFO    ┇           chrisbase.data ┇  17	env.logging_level                            	30
[02.01 06:06:25] ┇ INFO    ┇           chrisbase.data ┇  18	env.logging_format                           	%(asctime)s ┇ %(levelname)-7s ┇ %(name)24s ┇ %(message)s
[02.01 06:06:25] ┇ INFO    ┇           chrisbase.data ┇  19	env.datetime_format                          	[%m.%d %H:%M:%S]
[02.01 06:06:25] ┇ INFO    ┇           chrisbase.data ┇  20	env.argument_file                            	train-arguments-0201-060621.json
[02.01 06:06:25] ┇ INFO    ┇           chrisbase.data ┇  21	env.random_seed                              	7
[02.01 06:06:25] ┇ INFO    ┇           chrisbase.data ┇  22	env.max_workers                              	4
[02.01 06:06:25] ┇ INFO    ┇           chrisbase.data ┇  23	env.debugging                                	False
[02.01 06:06:25] ┇ INFO    ┇           chrisbase.data ┇  24	env.output_dir                               	output/GNER/FLAN-T5-3B-Baseline
[02.01 06:06:25] ┇ INFO    ┇           chrisbase.data ┇  25	time.t1                                      	2025-02-01 06:06:25.786627
[02.01 06:06:25] ┇ INFO    ┇           chrisbase.data ┇  26	time.t2                                      	2025-02-01 06:06:19.922318
[02.01 06:06:25] ┇ INFO    ┇           chrisbase.data ┇  27	time.started                                 	[02.01 06:06:25]
[02.01 06:06:25] ┇ INFO    ┇           chrisbase.data ┇  28	time.settled
[02.01 06:06:25] ┇ INFO    ┇           chrisbase.data ┇  29	time.elapsed
[02.01 06:06:25] ┇ INFO    ┇           chrisbase.data ┇  30	data.train_file                              	data/gner/each/crossner_music-train.jsonl
[02.01 06:06:25] ┇ INFO    ┇           chrisbase.data ┇  31	data.study_file
[02.01 06:06:25] ┇ INFO    ┇           chrisbase.data ┇  32	data.eval_file                               	data/gner/each-sampled/crossner_music-dev=100.jsonl
[02.01 06:06:25] ┇ INFO    ┇           chrisbase.data ┇  33	data.pred_file
[02.01 06:06:25] ┇ INFO    ┇           chrisbase.data ┇  34	data.pretrained                              	google/flan-t5-xl
[02.01 06:06:25] ┇ INFO    ┇           chrisbase.data ┇  35	data.max_train_samples                       	-1
[02.01 06:06:25] ┇ INFO    ┇           chrisbase.data ┇  36	data.max_study_samples                       	-1
[02.01 06:06:25] ┇ INFO    ┇           chrisbase.data ┇  37	data.max_eval_samples                        	-1
[02.01 06:06:25] ┇ INFO    ┇           chrisbase.data ┇  38	data.max_pred_samples                        	-1
[02.01 06:06:25] ┇ INFO    ┇           chrisbase.data ┇  39	data.use_cache_data                          	True
[02.01 06:06:25] ┇ INFO    ┇           chrisbase.data ┇  40	data.progress_seconds                        	10.0
[02.01 06:06:25] ┇ INFO    ┇           chrisbase.data ┇  41	data.max_source_length                       	640
[02.01 06:06:25] ┇ INFO    ┇           chrisbase.data ┇  42	data.max_target_length                       	640
[02.01 06:06:25] ┇ INFO    ┇           chrisbase.data ┇  43	data.write_predictions                       	False
[02.01 06:06:25] ┇ INFO    ┇           chrisbase.data ┇  44	data.ignore_pad_token_for_loss               	True
[02.01 06:06:25] ┇ INFO    ┇           chrisbase.data ┇  45	train._n_gpu                                 	1
[02.01 06:06:25] ┇ INFO    ┇           chrisbase.data ┇  46	train.accelerator_config                     	{'split_batches': False, 'dispatch_batches': None, 'even_batches': True, 'use_seedable_sampler': True, 'non_blocking': False, 'gradient_accumulation_kwargs': None, 'use_configured_state': False}
[02.01 06:06:25] ┇ INFO    ┇           chrisbase.data ┇  47	train.adafactor                              	False
[02.01 06:06:25] ┇ INFO    ┇           chrisbase.data ┇  48	train.adam_beta1                             	0.9
[02.01 06:06:25] ┇ INFO    ┇           chrisbase.data ┇  49	train.adam_beta2                             	0.999
[02.01 06:06:25] ┇ INFO    ┇           chrisbase.data ┇  50	train.adam_epsilon                           	1e-08
[02.01 06:06:25] ┇ INFO    ┇           chrisbase.data ┇  51	train.auto_find_batch_size                   	False
[02.01 06:06:25] ┇ INFO    ┇           chrisbase.data ┇  52	train.average_tokens_across_devices          	False
[02.01 06:06:25] ┇ INFO    ┇           chrisbase.data ┇  53	train.batch_eval_metrics                     	False
[02.01 06:06:25] ┇ INFO    ┇           chrisbase.data ┇  54	train.bf16                                   	True
[02.01 06:06:25] ┇ INFO    ┇           chrisbase.data ┇  55	train.bf16_full_eval                         	True
[02.01 06:06:25] ┇ INFO    ┇           chrisbase.data ┇  56	train.data_seed
[02.01 06:06:25] ┇ INFO    ┇           chrisbase.data ┇  57	train.dataloader_drop_last                   	False
[02.01 06:06:25] ┇ INFO    ┇           chrisbase.data ┇  58	train.dataloader_num_workers                 	0
[02.01 06:06:25] ┇ INFO    ┇           chrisbase.data ┇  59	train.dataloader_persistent_workers          	False
[02.01 06:06:25] ┇ INFO    ┇           chrisbase.data ┇  60	train.dataloader_pin_memory                  	True
[02.01 06:06:25] ┇ INFO    ┇           chrisbase.data ┇  61	train.dataloader_prefetch_factor
[02.01 06:06:25] ┇ INFO    ┇           chrisbase.data ┇  62	train.ddp_backend
[02.01 06:06:25] ┇ INFO    ┇           chrisbase.data ┇  63	train.ddp_broadcast_buffers
[02.01 06:06:25] ┇ INFO    ┇           chrisbase.data ┇  64	train.ddp_bucket_cap_mb
[02.01 06:06:25] ┇ INFO    ┇           chrisbase.data ┇  65	train.ddp_find_unused_parameters
[02.01 06:06:25] ┇ INFO    ┇           chrisbase.data ┇  66	train.ddp_timeout                            	1800
[02.01 06:06:25] ┇ INFO    ┇           chrisbase.data ┇  67	train.debug                                  	[]
[02.01 06:06:25] ┇ INFO    ┇           chrisbase.data ┇  68	train.deepspeed                              	configs/deepspeed/ds2_llama.json
[02.01 06:06:25] ┇ INFO    ┇           chrisbase.data ┇  69	train.disable_tqdm                           	True
[02.01 06:06:25] ┇ INFO    ┇           chrisbase.data ┇  70	train.dispatch_batches
[02.01 06:06:25] ┇ INFO    ┇           chrisbase.data ┇  71	train.do_eval                                	True
[02.01 06:06:25] ┇ INFO    ┇           chrisbase.data ┇  72	train.do_predict                             	False
[02.01 06:06:25] ┇ INFO    ┇           chrisbase.data ┇  73	train.do_train                               	True
[02.01 06:06:25] ┇ INFO    ┇           chrisbase.data ┇  74	train.eval_accumulation_steps                	1
[02.01 06:06:25] ┇ INFO    ┇           chrisbase.data ┇  75	train.eval_delay                             	1.0
[02.01 06:06:25] ┇ INFO    ┇           chrisbase.data ┇  76	train.eval_do_concat_batches                 	True
[02.01 06:06:25] ┇ INFO    ┇           chrisbase.data ┇  77	train.eval_epochs                            	0.5
[02.01 06:06:25] ┇ INFO    ┇           chrisbase.data ┇  78	train.eval_on_start                          	False
[02.01 06:06:25] ┇ INFO    ┇           chrisbase.data ┇  79	train.eval_steps                             	9223372036854775807
[02.01 06:06:25] ┇ INFO    ┇           chrisbase.data ┇  80	train.eval_strategy                          	IntervalStrategy.NO
[02.01 06:06:25] ┇ INFO    ┇           chrisbase.data ┇  81	train.eval_use_gather_object                 	False
[02.01 06:06:25] ┇ INFO    ┇           chrisbase.data ┇  82	train.evaluation_strategy
[02.01 06:06:25] ┇ INFO    ┇           chrisbase.data ┇  83	train.fp16                                   	False
[02.01 06:06:25] ┇ INFO    ┇           chrisbase.data ┇  84	train.fp16_backend                           	auto
[02.01 06:06:25] ┇ INFO    ┇           chrisbase.data ┇  85	train.fp16_full_eval                         	False
[02.01 06:06:25] ┇ INFO    ┇           chrisbase.data ┇  86	train.fp16_opt_level                         	O1
[02.01 06:06:25] ┇ INFO    ┇           chrisbase.data ┇  87	train.fsdp                                   	[]
[02.01 06:06:25] ┇ INFO    ┇           chrisbase.data ┇  88	train.fsdp_config                            	{'min_num_params': 0, 'xla': False, 'xla_fsdp_v2': False, 'xla_fsdp_grad_ckpt': False}
[02.01 06:06:25] ┇ INFO    ┇           chrisbase.data ┇  89	train.fsdp_min_num_params                    	0
[02.01 06:06:25] ┇ INFO    ┇           chrisbase.data ┇  90	train.fsdp_transformer_layer_cls_to_wrap
[02.01 06:06:25] ┇ INFO    ┇           chrisbase.data ┇  91	train.full_determinism                       	False
[02.01 06:06:25] ┇ INFO    ┇           chrisbase.data ┇  92	train.generation_config
[02.01 06:06:25] ┇ INFO    ┇           chrisbase.data ┇  93	train.generation_max_length                  	640
[02.01 06:06:25] ┇ INFO    ┇           chrisbase.data ┇  94	train.generation_num_beams
[02.01 06:06:25] ┇ INFO    ┇           chrisbase.data ┇  95	train.gradient_accumulation_steps            	1
[02.01 06:06:25] ┇ INFO    ┇           chrisbase.data ┇  96	train.gradient_checkpointing                 	True
[02.01 06:06:25] ┇ INFO    ┇           chrisbase.data ┇  97	train.gradient_checkpointing_kwargs
[02.01 06:06:25] ┇ INFO    ┇           chrisbase.data ┇  98	train.greater_is_better
[02.01 06:06:25] ┇ INFO    ┇           chrisbase.data ┇  99	train.group_by_length                        	False
[02.01 06:06:25] ┇ INFO    ┇           chrisbase.data ┇ 100	train.half_precision_backend                 	auto
[02.01 06:06:25] ┇ INFO    ┇           chrisbase.data ┇ 101	train.hub_always_push                        	False
[02.01 06:06:25] ┇ INFO    ┇           chrisbase.data ┇ 102	train.hub_model_id
[02.01 06:06:25] ┇ INFO    ┇           chrisbase.data ┇ 103	train.hub_private_repo
[02.01 06:06:25] ┇ INFO    ┇           chrisbase.data ┇ 104	train.hub_strategy                           	HubStrategy.EVERY_SAVE
[02.01 06:06:25] ┇ INFO    ┇           chrisbase.data ┇ 105	train.hub_token
[02.01 06:06:25] ┇ INFO    ┇           chrisbase.data ┇ 106	train.ignore_data_skip                       	False
[02.01 06:06:25] ┇ INFO    ┇           chrisbase.data ┇ 107	train.include_for_metrics                    	[]
[02.01 06:06:25] ┇ INFO    ┇           chrisbase.data ┇ 108	train.include_inputs_for_metrics             	False
[02.01 06:06:25] ┇ INFO    ┇           chrisbase.data ┇ 109	train.include_num_input_tokens_seen          	False
[02.01 06:06:25] ┇ INFO    ┇           chrisbase.data ┇ 110	train.include_tokens_per_second              	False
[02.01 06:06:25] ┇ INFO    ┇           chrisbase.data ┇ 111	train.jit_mode_eval                          	False
[02.01 06:06:25] ┇ INFO    ┇           chrisbase.data ┇ 112	train.label_names
[02.01 06:06:25] ┇ INFO    ┇           chrisbase.data ┇ 113	train.label_smoothing_factor                 	0.0
[02.01 06:06:25] ┇ INFO    ┇           chrisbase.data ┇ 114	train.learning_rate                          	2e-05
[02.01 06:06:25] ┇ INFO    ┇           chrisbase.data ┇ 115	train.length_column_name                     	length
[02.01 06:06:25] ┇ INFO    ┇           chrisbase.data ┇ 116	train.load_best_model_at_end                 	False
[02.01 06:06:25] ┇ INFO    ┇           chrisbase.data ┇ 117	train.local_rank                             	0
[02.01 06:06:25] ┇ INFO    ┇           chrisbase.data ┇ 118	train.log_level                              	warning
[02.01 06:06:25] ┇ INFO    ┇           chrisbase.data ┇ 119	train.log_level_replica                      	error
[02.01 06:06:25] ┇ INFO    ┇           chrisbase.data ┇ 120	train.log_on_each_node                       	True
[02.01 06:06:25] ┇ INFO    ┇           chrisbase.data ┇ 121	train.logging_dir                            	output/GNER/FLAN-T5-3B-Baseline/runs/Feb01_06-06-24_ptlm3
[02.01 06:06:25] ┇ INFO    ┇           chrisbase.data ┇ 122	train.logging_epochs                         	-1.0
[02.01 06:06:25] ┇ INFO    ┇           chrisbase.data ┇ 123	train.logging_first_step                     	False
[02.01 06:06:25] ┇ INFO    ┇           chrisbase.data ┇ 124	train.logging_nan_inf_filter                 	True
[02.01 06:06:25] ┇ INFO    ┇           chrisbase.data ┇ 125	train.logging_steps                          	1
[02.01 06:06:25] ┇ INFO    ┇           chrisbase.data ┇ 126	train.logging_strategy                       	IntervalStrategy.STEPS
[02.01 06:06:25] ┇ INFO    ┇           chrisbase.data ┇ 127	train.lr_scheduler_kwargs                    	{}
[02.01 06:06:25] ┇ INFO    ┇           chrisbase.data ┇ 128	train.lr_scheduler_type                      	SchedulerType.COSINE
[02.01 06:06:25] ┇ INFO    ┇           chrisbase.data ┇ 129	train.max_grad_norm                          	1.0
[02.01 06:06:25] ┇ INFO    ┇           chrisbase.data ┇ 130	train.max_steps                              	-1
[02.01 06:06:25] ┇ INFO    ┇           chrisbase.data ┇ 131	train.metric_for_best_model
[02.01 06:06:25] ┇ INFO    ┇           chrisbase.data ┇ 132	train.mp_parameters
[02.01 06:06:25] ┇ INFO    ┇           chrisbase.data ┇ 133	train.neftune_noise_alpha
[02.01 06:06:25] ┇ INFO    ┇           chrisbase.data ┇ 134	train.no_cuda                                	False
[02.01 06:06:25] ┇ INFO    ┇           chrisbase.data ┇ 135	train.num_train_epochs                       	12.0
[02.01 06:06:25] ┇ INFO    ┇           chrisbase.data ┇ 136	train.optim                                  	OptimizerNames.ADAMW_TORCH
[02.01 06:06:25] ┇ INFO    ┇           chrisbase.data ┇ 137	train.optim_args
[02.01 06:06:25] ┇ INFO    ┇           chrisbase.data ┇ 138	train.optim_target_modules
[02.01 06:06:25] ┇ INFO    ┇           chrisbase.data ┇ 139	train.output_dir                             	output/GNER/FLAN-T5-3B-Baseline
[02.01 06:06:25] ┇ INFO    ┇           chrisbase.data ┇ 140	train.overwrite_output_dir                   	True
[02.01 06:06:25] ┇ INFO    ┇           chrisbase.data ┇ 141	train.past_index                             	-1
[02.01 06:06:25] ┇ INFO    ┇           chrisbase.data ┇ 142	train.per_device_eval_batch_size             	25
[02.01 06:06:25] ┇ INFO    ┇           chrisbase.data ┇ 143	train.per_device_train_batch_size            	1
[02.01 06:06:25] ┇ INFO    ┇           chrisbase.data ┇ 144	train.per_gpu_eval_batch_size
[02.01 06:06:25] ┇ INFO    ┇           chrisbase.data ┇ 145	train.per_gpu_train_batch_size
[02.01 06:06:25] ┇ INFO    ┇           chrisbase.data ┇ 146	train.predict_with_generate                  	True
[02.01 06:06:25] ┇ INFO    ┇           chrisbase.data ┇ 147	train.prediction_loss_only                   	False
[02.01 06:06:25] ┇ INFO    ┇           chrisbase.data ┇ 148	train.push_to_hub                            	False
[02.01 06:06:25] ┇ INFO    ┇           chrisbase.data ┇ 149	train.push_to_hub_model_id
[02.01 06:06:25] ┇ INFO    ┇           chrisbase.data ┇ 150	train.push_to_hub_organization
[02.01 06:06:25] ┇ INFO    ┇           chrisbase.data ┇ 151	train.push_to_hub_token
[02.01 06:06:25] ┇ INFO    ┇           chrisbase.data ┇ 152	train.ray_scope                              	last
[02.01 06:06:25] ┇ INFO    ┇           chrisbase.data ┇ 153	train.remove_unused_columns                  	False
[02.01 06:06:25] ┇ INFO    ┇           chrisbase.data ┇ 154	train.report_to                              	[]
[02.01 06:06:25] ┇ INFO    ┇           chrisbase.data ┇ 155	train.restore_callback_states_from_checkpoint	False
[02.01 06:06:25] ┇ INFO    ┇           chrisbase.data ┇ 156	train.resume_from_checkpoint
[02.01 06:06:25] ┇ INFO    ┇           chrisbase.data ┇ 157	train.run_name                               	output/GNER/FLAN-T5-3B-Baseline
[02.01 06:06:25] ┇ INFO    ┇           chrisbase.data ┇ 158	train.save_epochs                            	-1.0
[02.01 06:06:25] ┇ INFO    ┇           chrisbase.data ┇ 159	train.save_on_each_node                      	False
[02.01 06:06:25] ┇ INFO    ┇           chrisbase.data ┇ 160	train.save_only_model                        	False
[02.01 06:06:25] ┇ INFO    ┇           chrisbase.data ┇ 161	train.save_safetensors                       	True
[02.01 06:06:25] ┇ INFO    ┇           chrisbase.data ┇ 162	train.save_steps                             	9223372036854775807
[02.01 06:06:25] ┇ INFO    ┇           chrisbase.data ┇ 163	train.save_strategy                          	SaveStrategy.NO
[02.01 06:06:25] ┇ INFO    ┇           chrisbase.data ┇ 164	train.save_total_limit
[02.01 06:06:25] ┇ INFO    ┇           chrisbase.data ┇ 165	train.seed                                   	7
[02.01 06:06:25] ┇ INFO    ┇           chrisbase.data ┇ 166	train.skip_memory_metrics                    	True
[02.01 06:06:25] ┇ INFO    ┇           chrisbase.data ┇ 167	train.sortish_sampler                        	False
[02.01 06:06:25] ┇ INFO    ┇           chrisbase.data ┇ 168	train.split_batches
[02.01 06:06:25] ┇ INFO    ┇           chrisbase.data ┇ 169	train.tf32                                   	True
[02.01 06:06:25] ┇ INFO    ┇           chrisbase.data ┇ 170	train.torch_compile                          	False
[02.01 06:06:25] ┇ INFO    ┇           chrisbase.data ┇ 171	train.torch_compile_backend
[02.01 06:06:25] ┇ INFO    ┇           chrisbase.data ┇ 172	train.torch_compile_mode
[02.01 06:06:25] ┇ INFO    ┇           chrisbase.data ┇ 173	train.torch_empty_cache_steps
[02.01 06:06:25] ┇ INFO    ┇           chrisbase.data ┇ 174	train.torchdynamo
[02.01 06:06:25] ┇ INFO    ┇           chrisbase.data ┇ 175	train.tpu_metrics_debug                      	False
[02.01 06:06:25] ┇ INFO    ┇           chrisbase.data ┇ 176	train.tpu_num_cores
[02.01 06:06:25] ┇ INFO    ┇           chrisbase.data ┇ 177	train.use_cpu                                	False
[02.01 06:06:25] ┇ INFO    ┇           chrisbase.data ┇ 178	train.use_ipex                               	False
[02.01 06:06:25] ┇ INFO    ┇           chrisbase.data ┇ 179	train.use_legacy_prediction_loop             	False
[02.01 06:06:25] ┇ INFO    ┇           chrisbase.data ┇ 180	train.use_liger_kernel                       	False
[02.01 06:06:25] ┇ INFO    ┇           chrisbase.data ┇ 181	train.use_mps_device                         	False
[02.01 06:06:25] ┇ INFO    ┇           chrisbase.data ┇ 182	train.warmup_ratio                           	0.04
[02.01 06:06:25] ┇ INFO    ┇           chrisbase.data ┇ 183	train.warmup_steps                           	0
[02.01 06:06:25] ┇ INFO    ┇           chrisbase.data ┇ 184	train.weight_decay                           	0.0
[02.01 06:06:25] ┇ INFO    ┇           chrisbase.data ┇ -----------------------------------------------------------------------------------------------------------------------------------------
[02.01 06:06:27] ┇ INFO    ┇                 DeepKNLP ┇ type(model)=<class 'transformers.models.t5.modeling_t5.T5ForConditionalGeneration'>
[02.01 06:06:27] ┇ INFO    ┇                 DeepKNLP ┇ model.generation_config.pad_token_id=0
[02.01 06:06:27] ┇ INFO    ┇                 DeepKNLP ┇ Loaded raw train_dataset (#=100): data/gner/each/crossner_music-train.jsonl
[02.01 06:06:28] ┇ INFO    ┇                 DeepKNLP ┇ Preprocess train_dataset:   4%|▊                   |   4/100 [0:00:00<0:00:04, 19.60Hz]
[02.01 06:06:28] ┇ INFO    ┇                 DeepKNLP ┇ Preprocess train_dataset: 100%|████████████████████| 100/100 [0:00:00<0:00:00, 429.51Hz]
[02.01 06:06:28] ┇ INFO    ┇                 DeepKNLP ┇ Completed preprocessing for train_dataset at [02.01 06:06:28]
[02.01 06:06:28] ┇ INFO    ┇                 DeepKNLP ┇ Loaded raw eval_dataset (#=100): data/gner/each-sampled/crossner_music-dev=100.jsonl
[02.01 06:06:28] ┇ INFO    ┇                 DeepKNLP ┇ Preprocess eval_dataset:   4%|▊                   |   4/100 [0:00:00<0:00:05, 16.76Hz]
[02.01 06:06:28] ┇ INFO    ┇                 DeepKNLP ┇ Preprocess eval_dataset: 100%|████████████████████| 100/100 [0:00:00<0:00:00, 376.67Hz]
[02.01 06:06:29] ┇ INFO    ┇                 DeepKNLP ┇ Completed preprocessing for eval_dataset at [02.01 06:06:28]
[02.01 06:06:51] ┇ WARNING ┇                DeepSpeed ┇ Attempting to get learning rate from scheduler before it has started
[02.01 06:06:51] ┇ INFO    ┇    DeepKNLP.gner.trainer ┇ -----------------------------------------------------------------------------------------------------------------------------------------
[02.01 06:06:51] ┇ INFO    ┇    DeepKNLP.gner.trainer ┇ ***** Beginning Training *****
[02.01 06:06:51] ┇ INFO    ┇    DeepKNLP.gner.trainer ┇ >> Train Epochs       = 12.0
[02.01 06:06:51] ┇ INFO    ┇    DeepKNLP.gner.trainer ┇ >> Train Examples     = 100
[02.01 06:06:51] ┇ INFO    ┇    DeepKNLP.gner.trainer ┇ >> Train Batch Size   = 4 = 1 * 1 * 4
[02.01 06:06:51] ┇ INFO    ┇    DeepKNLP.gner.trainer ┇ >> Train Optim Steps  = 300 = 25 * 12.0
[02.01 06:06:51] ┇ INFO    ┇    DeepKNLP.gner.trainer ┇ >> Train Model Params = 2,849,757,184
[02.01 06:06:51] ┇ INFO    ┇    DeepKNLP.gner.trainer ┇ >> Trainer Callbacks  = DefaultFlowCallback, CustomProgressCallback
[02.01 06:06:51] ┇ INFO    ┇    DeepKNLP.gner.trainer ┇ >> Zero Optim Stage   = 2
[02.01 06:06:51] ┇ INFO    ┇    DeepKNLP.gner.trainer ┇ >> Eval Examples      = 100
[02.01 06:06:51] ┇ INFO    ┇    DeepKNLP.gner.trainer ┇ >> Eval Batch Size    = 100 = 25 * 4
[02.01 06:06:53] ┇ INFO    ┇    DeepKNLP.gner.trainer ┇ [training]   0%|                    |   1/300 [0:00:01<0:08:28, 0.59Hz] | epoch=0.04, loss=0.616200
[02.01 06:06:54] ┇ INFO    ┇    DeepKNLP.gner.trainer ┇ [training]   1%|▏                   |   2/300 [0:00:02<0:06:43, 0.74Hz] | epoch=0.08, loss=0.602500
[02.01 06:06:55] ┇ INFO    ┇    DeepKNLP.gner.trainer ┇ [training]   1%|▏                   |   3/300 [0:00:04<0:07:05, 0.70Hz] | epoch=0.12, loss=0.576700
[02.01 06:06:56] ┇ INFO    ┇    DeepKNLP.gner.trainer ┇ [training]   1%|▎                   |   4/300 [0:00:05<0:06:32, 0.75Hz] | epoch=0.16, loss=0.584000
[02.01 06:06:58] ┇ INFO    ┇    DeepKNLP.gner.trainer ┇ [training]   2%|▎                   |   5/300 [0:00:06<0:06:36, 0.74Hz] | epoch=0.20, loss=0.647500
[02.01 06:06:59] ┇ INFO    ┇    DeepKNLP.gner.trainer ┇ [training]   2%|▍                   |   6/300 [0:00:08<0:06:33, 0.75Hz] | epoch=0.24, loss=0.507300
[02.01 06:07:00] ┇ INFO    ┇    DeepKNLP.gner.trainer ┇ [training]   2%|▍                   |   7/300 [0:00:09<0:06:17, 0.78Hz] | epoch=0.28, loss=0.392600
[02.01 06:07:01] ┇ INFO    ┇    DeepKNLP.gner.trainer ┇ [training]   3%|▌                   |   8/300 [0:00:10<0:06:05, 0.80Hz] | epoch=0.32, loss=0.370100
[02.01 06:07:02] ┇ INFO    ┇    DeepKNLP.gner.trainer ┇ [training]   3%|▌                   |   9/300 [0:00:11<0:05:56, 0.82Hz] | epoch=0.36, loss=0.489700
[02.01 06:07:03] ┇ INFO    ┇    DeepKNLP.gner.trainer ┇ [training]   3%|▋                   |  10/300 [0:00:12<0:05:48, 0.83Hz] | epoch=0.40, loss=0.244100
[02.01 06:07:04] ┇ INFO    ┇    DeepKNLP.gner.trainer ┇ [training]   4%|▋                   |  11/300 [0:00:12<0:05:41, 0.85Hz] | epoch=0.44, loss=0.252900
[02.01 06:07:05] ┇ INFO    ┇    DeepKNLP.gner.trainer ┇ [training]   4%|▊                   |  12/300 [0:00:13<0:05:35, 0.86Hz] | epoch=0.48, loss=0.320300
[02.01 06:07:06] ┇ INFO    ┇    DeepKNLP.gner.trainer ┇ [training]   4%|▊                   |  13/300 [0:00:14<0:05:30, 0.87Hz] | epoch=0.52, loss=0.217500
[02.01 06:07:07] ┇ INFO    ┇    DeepKNLP.gner.trainer ┇ [training]   5%|▉                   |  14/300 [0:00:16<0:05:26, 0.87Hz] | epoch=0.56, loss=0.257600
[02.01 06:07:08] ┇ INFO    ┇    DeepKNLP.gner.trainer ┇ [training]   5%|█                   |  15/300 [0:00:16<0:05:22, 0.88Hz] | epoch=0.60, loss=0.151600
[02.01 06:07:09] ┇ INFO    ┇    DeepKNLP.gner.trainer ┇ [training]   5%|█                   |  16/300 [0:00:17<0:05:18, 0.89Hz] | epoch=0.64, loss=0.131000
[02.01 06:07:10] ┇ INFO    ┇    DeepKNLP.gner.trainer ┇ [training]   6%|█▏                  |  17/300 [0:00:18<0:05:15, 0.90Hz] | epoch=0.68, loss=0.147200
[02.01 06:07:11] ┇ INFO    ┇    DeepKNLP.gner.trainer ┇ [training]   6%|█▏                  |  18/300 [0:00:19<0:05:12, 0.90Hz] | epoch=0.72, loss=0.099500
[02.01 06:07:12] ┇ INFO    ┇    DeepKNLP.gner.trainer ┇ [training]   6%|█▎                  |  19/300 [0:00:20<0:05:09, 0.91Hz] | epoch=0.76, loss=0.149500
[02.01 06:07:13] ┇ INFO    ┇    DeepKNLP.gner.trainer ┇ [training]   7%|█▎                  |  20/300 [0:00:21<0:05:07, 0.91Hz] | epoch=0.80, loss=0.088100
[02.01 06:07:14] ┇ INFO    ┇    DeepKNLP.gner.trainer ┇ [training]   7%|█▍                  |  21/300 [0:00:22<0:05:04, 0.92Hz] | epoch=0.84, loss=0.105200
[02.01 06:07:15] ┇ INFO    ┇    DeepKNLP.gner.trainer ┇ [training]   7%|█▍                  |  22/300 [0:00:23<0:05:02, 0.92Hz] | epoch=0.88, loss=0.119100
[02.01 06:07:16] ┇ INFO    ┇    DeepKNLP.gner.trainer ┇ [training]   8%|█▌                  |  23/300 [0:00:24<0:04:59, 0.92Hz] | epoch=0.92, loss=0.070800
[02.01 06:07:17] ┇ INFO    ┇    DeepKNLP.gner.trainer ┇ [training]   8%|█▌                  |  24/300 [0:00:25<0:04:57, 0.93Hz] | epoch=0.96, loss=0.088700
[02.01 06:07:18] ┇ INFO    ┇    DeepKNLP.gner.trainer ┇ [training]   8%|█▋                  |  25/300 [0:00:26<0:04:55, 0.93Hz] | epoch=1.00, loss=0.080100
[02.01 06:07:37] ┇ INFO    ┇    DeepKNLP.gner.trainer ┇ [checking] 100%|████████████████████| 1/1 [0:00:00<0:00:00, 98338.14Hz]
[02.01 06:07:38] ┇ INFO    ┇    DeepKNLP.gner.trainer ┇ [training]   8%|█▋                  |  25/300 [0:00:26<0:04:55, 0.93Hz] | epoch=1.00, eval_average=0.6142
[02.01 06:07:39] ┇ INFO    ┇    DeepKNLP.gner.trainer ┇ [training]   9%|█▋                  |  26/300 [0:00:47<0:08:22, 0.55Hz] | epoch=1.04, loss=0.096400
[02.01 06:07:40] ┇ INFO    ┇    DeepKNLP.gner.trainer ┇ [training]   9%|█▊                  |  27/300 [0:00:48<0:08:12, 0.55Hz] | epoch=1.08, loss=0.069600
[02.01 06:07:41] ┇ INFO    ┇    DeepKNLP.gner.trainer ┇ [training]   9%|█▊                  |  28/300 [0:00:49<0:08:03, 0.56Hz] | epoch=1.12, loss=0.084500
[02.01 06:07:42] ┇ INFO    ┇    DeepKNLP.gner.trainer ┇ [training]  10%|█▉                  |  29/300 [0:00:50<0:07:54, 0.57Hz] | epoch=1.16, loss=0.080500
[02.01 06:07:43] ┇ INFO    ┇    DeepKNLP.gner.trainer ┇ [training]  10%|██                  |  30/300 [0:00:51<0:07:45, 0.58Hz] | epoch=1.20, loss=0.115200
[02.01 06:07:44] ┇ INFO    ┇    DeepKNLP.gner.trainer ┇ [training]  10%|██                  |  31/300 [0:00:52<0:07:37, 0.59Hz] | epoch=1.24, loss=0.078600
[02.01 06:07:45] ┇ INFO    ┇    DeepKNLP.gner.trainer ┇ [training]  11%|██▏                 |  32/300 [0:00:53<0:07:29, 0.60Hz] | epoch=1.28, loss=0.045000
[02.01 06:07:46] ┇ INFO    ┇    DeepKNLP.gner.trainer ┇ [training]  11%|██▏                 |  33/300 [0:00:54<0:07:22, 0.60Hz] | epoch=1.32, loss=0.053000
[02.01 06:07:47] ┇ INFO    ┇    DeepKNLP.gner.trainer ┇ [training]  11%|██▎                 |  34/300 [0:00:55<0:07:15, 0.61Hz] | epoch=1.36, loss=0.051100
[02.01 06:07:48] ┇ INFO    ┇    DeepKNLP.gner.trainer ┇ [training]  12%|██▎                 |  35/300 [0:00:56<0:07:09, 0.62Hz] | epoch=1.40, loss=0.068700
[02.01 06:07:49] ┇ INFO    ┇    DeepKNLP.gner.trainer ┇ [training]  12%|██▍                 |  36/300 [0:00:57<0:07:02, 0.62Hz] | epoch=1.44, loss=0.046400
[02.01 06:07:50] ┇ INFO    ┇    DeepKNLP.gner.trainer ┇ [training]  12%|██▍                 |  37/300 [0:00:58<0:06:56, 0.63Hz] | epoch=1.48, loss=0.027200
[02.01 06:07:50] ┇ INFO    ┇    DeepKNLP.gner.trainer ┇ [training]  13%|██▌                 |  38/300 [0:00:59<0:06:51, 0.64Hz] | epoch=1.52, loss=0.086400
[02.01 06:08:04] ┇ INFO    ┇    DeepKNLP.gner.trainer ┇ [checking] 100%|████████████████████| 1/1 [0:00:00<0:00:00, 90163.22Hz]
[02.01 06:08:04] ┇ INFO    ┇    DeepKNLP.gner.trainer ┇ [training]  13%|██▌                 |  38/300 [0:00:59<0:06:51, 0.64Hz] | epoch=1.52, eval_average=0.7220
[02.01 06:08:05] ┇ INFO    ┇    DeepKNLP.gner.trainer ┇ [training]  13%|██▌                 |  39/300 [0:01:14<0:08:15, 0.53Hz] | epoch=1.56, loss=0.071600
[02.01 06:08:06] ┇ INFO    ┇    DeepKNLP.gner.trainer ┇ [training]  13%|██▋                 |  40/300 [0:01:15<0:08:07, 0.53Hz] | epoch=1.60, loss=0.020200
[02.01 06:08:07] ┇ INFO    ┇    DeepKNLP.gner.trainer ┇ [training]  14%|██▋                 |  41/300 [0:01:16<0:08:00, 0.54Hz] | epoch=1.64, loss=0.040300
[02.01 06:08:08] ┇ INFO    ┇    DeepKNLP.gner.trainer ┇ [training]  14%|██▊                 |  42/300 [0:01:17<0:07:53, 0.54Hz] | epoch=1.68, loss=0.054800
[02.01 06:08:09] ┇ INFO    ┇    DeepKNLP.gner.trainer ┇ [training]  14%|██▊                 |  43/300 [0:01:18<0:07:47, 0.55Hz] | epoch=1.72, loss=0.038600
[02.01 06:08:10] ┇ INFO    ┇    DeepKNLP.gner.trainer ┇ [training]  15%|██▉                 |  44/300 [0:01:19<0:07:40, 0.56Hz] | epoch=1.76, loss=0.027700
[02.01 06:08:11] ┇ INFO    ┇    DeepKNLP.gner.trainer ┇ [training]  15%|███                 |  45/300 [0:01:20<0:07:34, 0.56Hz] | epoch=1.80, loss=0.064000
[02.01 06:08:12] ┇ INFO    ┇    DeepKNLP.gner.trainer ┇ [training]  15%|███                 |  46/300 [0:01:21<0:07:28, 0.57Hz] | epoch=1.84, loss=0.040500
[02.01 06:08:13] ┇ INFO    ┇    DeepKNLP.gner.trainer ┇ [training]  16%|███▏                |  47/300 [0:01:22<0:07:22, 0.57Hz] | epoch=1.88, loss=0.071100
[02.01 06:08:14] ┇ INFO    ┇    DeepKNLP.gner.trainer ┇ [training]  16%|███▏                |  48/300 [0:01:23<0:07:16, 0.58Hz] | epoch=1.92, loss=0.042000
[02.01 06:08:15] ┇ INFO    ┇    DeepKNLP.gner.trainer ┇ [training]  16%|███▎                |  49/300 [0:01:24<0:07:11, 0.58Hz] | epoch=1.96, loss=0.053000
[02.01 06:08:16] ┇ INFO    ┇    DeepKNLP.gner.trainer ┇ [training]  17%|███▎                |  50/300 [0:01:25<0:07:05, 0.59Hz] | epoch=2.00, loss=0.021300
[02.01 06:08:29] ┇ INFO    ┇    DeepKNLP.gner.trainer ┇ [checking] 100%|████████████████████| 1/1 [0:00:00<0:00:00, 107204.16Hz]
[02.01 06:08:30] ┇ INFO    ┇    DeepKNLP.gner.trainer ┇ [training]  17%|███▎                |  50/300 [0:01:25<0:07:05, 0.59Hz] | epoch=2.00, eval_average=0.7592
[02.01 06:08:31] ┇ INFO    ┇    DeepKNLP.gner.trainer ┇ [training]  17%|███▍                |  51/300 [0:01:39<0:08:07, 0.51Hz] | epoch=2.04, loss=0.035500
[02.01 06:08:32] ┇ INFO    ┇    DeepKNLP.gner.trainer ┇ [training]  17%|███▍                |  52/300 [0:01:40<0:08:00, 0.52Hz] | epoch=2.08, loss=0.019700
[02.01 06:08:33] ┇ INFO    ┇    DeepKNLP.gner.trainer ┇ [training]  18%|███▌                |  53/300 [0:01:41<0:07:54, 0.52Hz] | epoch=2.12, loss=0.032400
[02.01 06:08:34] ┇ INFO    ┇    DeepKNLP.gner.trainer ┇ [training]  18%|███▌                |  54/300 [0:01:42<0:07:47, 0.53Hz] | epoch=2.16, loss=0.031200
[02.01 06:08:35] ┇ INFO    ┇    DeepKNLP.gner.trainer ┇ [training]  18%|███▋                |  55/300 [0:01:43<0:07:42, 0.53Hz] | epoch=2.20, loss=0.060900
[02.01 06:08:36] ┇ INFO    ┇    DeepKNLP.gner.trainer ┇ [training]  19%|███▋                |  56/300 [0:01:44<0:07:36, 0.53Hz] | epoch=2.24, loss=0.036300
[02.01 06:08:37] ┇ INFO    ┇    DeepKNLP.gner.trainer ┇ [training]  19%|███▊                |  57/300 [0:01:45<0:07:30, 0.54Hz] | epoch=2.28, loss=0.032700
[02.01 06:08:38] ┇ INFO    ┇    DeepKNLP.gner.trainer ┇ [training]  19%|███▊                |  58/300 [0:01:46<0:07:25, 0.54Hz] | epoch=2.32, loss=0.035300
[02.01 06:08:39] ┇ INFO    ┇    DeepKNLP.gner.trainer ┇ [training]  20%|███▉                |  59/300 [0:01:47<0:07:19, 0.55Hz] | epoch=2.36, loss=0.075200
[02.01 06:08:40] ┇ INFO    ┇    DeepKNLP.gner.trainer ┇ [training]  20%|████                |  60/300 [0:01:48<0:07:14, 0.55Hz] | epoch=2.40, loss=0.039900
[02.01 06:08:41] ┇ INFO    ┇    DeepKNLP.gner.trainer ┇ [training]  20%|████                |  61/300 [0:01:49<0:07:09, 0.56Hz] | epoch=2.44, loss=0.029000
[02.01 06:08:42] ┇ INFO    ┇    DeepKNLP.gner.trainer ┇ [training]  21%|████▏               |  62/300 [0:01:50<0:07:04, 0.56Hz] | epoch=2.48, loss=0.023600
[02.01 06:08:55] ┇ INFO    ┇    DeepKNLP.gner.trainer ┇ [checking] 100%|████████████████████| 1/1 [0:00:00<0:00:00, 100816.61Hz]
[02.01 06:08:55] ┇ INFO    ┇    DeepKNLP.gner.trainer ┇ [training]  21%|████▏               |  62/300 [0:01:50<0:07:04, 0.56Hz] | epoch=2.48, eval_average=0.7487
[02.01 06:08:56] ┇ INFO    ┇    DeepKNLP.gner.trainer ┇ [training]  21%|████▏               |  63/300 [0:02:05<0:07:51, 0.50Hz] | epoch=2.52, loss=0.034700
[02.01 06:08:57] ┇ INFO    ┇    DeepKNLP.gner.trainer ┇ [training]  21%|████▎               |  64/300 [0:02:06<0:07:46, 0.51Hz] | epoch=2.56, loss=0.015800
[02.01 06:08:58] ┇ INFO    ┇    DeepKNLP.gner.trainer ┇ [training]  22%|████▎               |  65/300 [0:02:07<0:07:44, 0.51Hz] | epoch=2.60, loss=0.061400
[02.01 06:08:59] ┇ INFO    ┇    DeepKNLP.gner.trainer ┇ [training]  22%|████▍               |  66/300 [0:02:08<0:07:40, 0.51Hz] | epoch=2.64, loss=0.027400
[02.01 06:09:00] ┇ INFO    ┇    DeepKNLP.gner.trainer ┇ [training]  22%|████▍               |  67/300 [0:02:09<0:07:38, 0.51Hz] | epoch=2.68, loss=0.032400
[02.01 06:09:01] ┇ INFO    ┇    DeepKNLP.gner.trainer ┇ [training]  23%|████▌               |  68/300 [0:02:10<0:07:35, 0.51Hz] | epoch=2.72, loss=0.010400
[02.01 06:09:02] ┇ INFO    ┇    DeepKNLP.gner.trainer ┇ [training]  23%|████▌               |  69/300 [0:02:11<0:07:32, 0.51Hz] | epoch=2.76, loss=0.037700
[02.01 06:09:03] ┇ INFO    ┇    DeepKNLP.gner.trainer ┇ [training]  23%|████▋               |  70/300 [0:02:12<0:07:30, 0.51Hz] | epoch=2.80, loss=0.035000
[02.01 06:09:04] ┇ INFO    ┇    DeepKNLP.gner.trainer ┇ [training]  24%|████▋               |  71/300 [0:02:13<0:07:28, 0.51Hz] | epoch=2.84, loss=0.045100
[02.01 06:09:05] ┇ INFO    ┇    DeepKNLP.gner.trainer ┇ [training]  24%|████▊               |  72/300 [0:02:14<0:07:26, 0.51Hz] | epoch=2.88, loss=0.023900
[02.01 06:09:06] ┇ INFO    ┇    DeepKNLP.gner.trainer ┇ [training]  24%|████▊               |  73/300 [0:02:15<0:07:24, 0.51Hz] | epoch=2.92, loss=0.047200
[02.01 06:09:07] ┇ INFO    ┇    DeepKNLP.gner.trainer ┇ [training]  25%|████▉               |  74/300 [0:02:16<0:07:22, 0.51Hz] | epoch=2.96, loss=0.037500
[02.01 06:09:08] ┇ INFO    ┇    DeepKNLP.gner.trainer ┇ [training]  25%|█████               |  75/300 [0:02:17<0:07:20, 0.51Hz] | epoch=3.00, loss=0.032900
[02.01 06:09:22] ┇ INFO    ┇    DeepKNLP.gner.trainer ┇ [checking] 100%|████████████████████| 1/1 [0:00:00<0:00:00, 99810.35Hz]
[02.01 06:09:22] ┇ INFO    ┇    DeepKNLP.gner.trainer ┇ [training]  25%|█████               |  75/300 [0:02:17<0:07:20, 0.51Hz] | epoch=3.00, eval_average=0.7766
[02.01 06:09:23] ┇ INFO    ┇    DeepKNLP.gner.trainer ┇ [training]  25%|█████               |  76/300 [0:02:31<0:08:07, 0.46Hz] | epoch=3.04, loss=0.018300
[02.01 06:09:24] ┇ INFO    ┇    DeepKNLP.gner.trainer ┇ [training]  26%|█████▏              |  77/300 [0:02:32<0:08:04, 0.46Hz] | epoch=3.08, loss=0.026400
[02.01 06:09:25] ┇ INFO    ┇    DeepKNLP.gner.trainer ┇ [training]  26%|█████▏              |  78/300 [0:02:33<0:08:02, 0.46Hz] | epoch=3.12, loss=0.017000
[02.01 06:09:26] ┇ INFO    ┇    DeepKNLP.gner.trainer ┇ [training]  26%|█████▎              |  79/300 [0:02:34<0:08:00, 0.46Hz] | epoch=3.16, loss=0.029700
[02.01 06:09:27] ┇ INFO    ┇    DeepKNLP.gner.trainer ┇ [training]  27%|█████▎              |  80/300 [0:02:35<0:07:58, 0.46Hz] | epoch=3.20, loss=0.031500
[02.01 06:09:28] ┇ INFO    ┇    DeepKNLP.gner.trainer ┇ [training]  27%|█████▍              |  81/300 [0:02:36<0:07:56, 0.46Hz] | epoch=3.24, loss=0.017500
[02.01 06:09:29] ┇ INFO    ┇    DeepKNLP.gner.trainer ┇ [training]  27%|█████▍              |  82/300 [0:02:38<0:07:54, 0.46Hz] | epoch=3.28, loss=0.025900
[02.01 06:09:30] ┇ INFO    ┇    DeepKNLP.gner.trainer ┇ [training]  28%|█████▌              |  83/300 [0:02:39<0:07:52, 0.46Hz] | epoch=3.32, loss=0.028000
[02.01 06:09:31] ┇ INFO    ┇    DeepKNLP.gner.trainer ┇ [training]  28%|█████▌              |  84/300 [0:02:40<0:07:50, 0.46Hz] | epoch=3.36, loss=0.022300
[02.01 06:09:32] ┇ INFO    ┇    DeepKNLP.gner.trainer ┇ [training]  28%|█████▋              |  85/300 [0:02:41<0:07:48, 0.46Hz] | epoch=3.40, loss=0.048200
[02.01 06:09:33] ┇ INFO    ┇    DeepKNLP.gner.trainer ┇ [training]  29%|█████▋              |  86/300 [0:02:42<0:07:46, 0.46Hz] | epoch=3.44, loss=0.017700
[02.01 06:09:34] ┇ INFO    ┇    DeepKNLP.gner.trainer ┇ [training]  29%|█████▊              |  87/300 [0:02:43<0:07:44, 0.46Hz] | epoch=3.48, loss=0.023300
[02.01 06:09:35] ┇ INFO    ┇    DeepKNLP.gner.trainer ┇ [training]  29%|█████▊              |  88/300 [0:02:44<0:07:42, 0.46Hz] | epoch=3.52, loss=0.039000
[02.01 06:09:49] ┇ INFO    ┇    DeepKNLP.gner.trainer ┇ [checking] 100%|████████████████████| 1/1 [0:00:00<0:00:00, 100210.47Hz]
[02.01 06:09:49] ┇ INFO    ┇    DeepKNLP.gner.trainer ┇ [training]  29%|█████▊              |  88/300 [0:02:44<0:07:42, 0.46Hz] | epoch=3.52, eval_average=0.7850
[02.01 06:09:50] ┇ INFO    ┇    DeepKNLP.gner.trainer ┇ [training]  30%|█████▉              |  89/300 [0:02:58<0:07:19, 0.48Hz] | epoch=3.56, loss=0.042800
[02.01 06:09:51] ┇ INFO    ┇    DeepKNLP.gner.trainer ┇ [training]  30%|██████              |  90/300 [0:02:59<0:07:17, 0.48Hz] | epoch=3.60, loss=0.065700
[02.01 06:09:52] ┇ INFO    ┇    DeepKNLP.gner.trainer ┇ [training]  30%|██████              |  91/300 [0:03:00<0:07:15, 0.48Hz] | epoch=3.64, loss=0.023000
[02.01 06:09:53] ┇ INFO    ┇    DeepKNLP.gner.trainer ┇ [training]  31%|██████▏             |  92/300 [0:03:01<0:07:12, 0.48Hz] | epoch=3.68, loss=0.023900
[02.01 06:09:54] ┇ INFO    ┇    DeepKNLP.gner.trainer ┇ [training]  31%|██████▏             |  93/300 [0:03:03<0:07:11, 0.48Hz] | epoch=3.72, loss=0.021600
[02.01 06:09:55] ┇ INFO    ┇    DeepKNLP.gner.trainer ┇ [training]  31%|██████▎             |  94/300 [0:03:04<0:07:09, 0.48Hz] | epoch=3.76, loss=0.015300
[02.01 06:09:56] ┇ INFO    ┇    DeepKNLP.gner.trainer ┇ [training]  32%|██████▎             |  95/300 [0:03:05<0:07:07, 0.48Hz] | epoch=3.80, loss=0.019800
[02.01 06:09:57] ┇ INFO    ┇    DeepKNLP.gner.trainer ┇ [training]  32%|██████▍             |  96/300 [0:03:06<0:07:05, 0.48Hz] | epoch=3.84, loss=0.024300
[02.01 06:09:58] ┇ INFO    ┇    DeepKNLP.gner.trainer ┇ [training]  32%|██████▍             |  97/300 [0:03:06<0:07:03, 0.48Hz] | epoch=3.88, loss=0.025700
[02.01 06:09:59] ┇ INFO    ┇    DeepKNLP.gner.trainer ┇ [training]  33%|██████▌             |  98/300 [0:03:07<0:07:01, 0.48Hz] | epoch=3.92, loss=0.034700
[02.01 06:10:00] ┇ INFO    ┇    DeepKNLP.gner.trainer ┇ [training]  33%|██████▌             |  99/300 [0:03:08<0:06:58, 0.48Hz] | epoch=3.96, loss=0.011100
[02.01 06:10:01] ┇ INFO    ┇    DeepKNLP.gner.trainer ┇ [training]  33%|██████▋             | 100/300 [0:03:09<0:06:56, 0.48Hz] | epoch=4.00, loss=0.021200
[02.01 06:10:14] ┇ INFO    ┇    DeepKNLP.gner.trainer ┇ [checking] 100%|████████████████████| 1/1 [0:00:00<0:00:00, 96627.68Hz]
[02.01 06:10:14] ┇ INFO    ┇    DeepKNLP.gner.trainer ┇ [training]  33%|██████▋             | 100/300 [0:03:09<0:06:56, 0.48Hz] | epoch=4.00, eval_average=0.7891
[02.01 06:10:15] ┇ INFO    ┇    DeepKNLP.gner.trainer ┇ [training]  34%|██████▋             | 101/300 [0:03:24<0:07:37, 0.43Hz] | epoch=4.04, loss=0.010900
[02.01 06:10:16] ┇ INFO    ┇    DeepKNLP.gner.trainer ┇ [training]  34%|██████▊             | 102/300 [0:03:25<0:06:53, 0.48Hz] | epoch=4.08, loss=0.034400
[02.01 06:10:17] ┇ INFO    ┇    DeepKNLP.gner.trainer ┇ [training]  34%|██████▊             | 103/300 [0:03:26<0:06:51, 0.48Hz] | epoch=4.12, loss=0.013100
[02.01 06:10:18] ┇ INFO    ┇    DeepKNLP.gner.trainer ┇ [training]  35%|██████▉             | 104/300 [0:03:27<0:06:48, 0.48Hz] | epoch=4.16, loss=0.027800
[02.01 06:10:19] ┇ INFO    ┇    DeepKNLP.gner.trainer ┇ [training]  35%|███████             | 105/300 [0:03:28<0:06:46, 0.48Hz] | epoch=4.20, loss=0.029900
[02.01 06:10:20] ┇ INFO    ┇    DeepKNLP.gner.trainer ┇ [training]  35%|███████             | 106/300 [0:03:29<0:06:44, 0.48Hz] | epoch=4.24, loss=0.015800
[02.01 06:10:21] ┇ INFO    ┇    DeepKNLP.gner.trainer ┇ [training]  36%|███████▏            | 107/300 [0:03:30<0:06:42, 0.48Hz] | epoch=4.28, loss=0.023200
[02.01 06:10:22] ┇ INFO    ┇    DeepKNLP.gner.trainer ┇ [training]  36%|███████▏            | 108/300 [0:03:31<0:06:39, 0.48Hz] | epoch=4.32, loss=0.008000
[02.01 06:10:23] ┇ INFO    ┇    DeepKNLP.gner.trainer ┇ [training]  36%|███████▎            | 109/300 [0:03:32<0:06:37, 0.48Hz] | epoch=4.36, loss=0.019800
[02.01 06:10:24] ┇ INFO    ┇    DeepKNLP.gner.trainer ┇ [training]  37%|███████▎            | 110/300 [0:03:33<0:06:35, 0.48Hz] | epoch=4.40, loss=0.016100
[02.01 06:10:25] ┇ INFO    ┇    DeepKNLP.gner.trainer ┇ [training]  37%|███████▍            | 111/300 [0:03:34<0:06:33, 0.48Hz] | epoch=4.44, loss=0.026600
[02.01 06:10:26] ┇ INFO    ┇    DeepKNLP.gner.trainer ┇ [training]  37%|███████▍            | 112/300 [0:03:35<0:06:31, 0.48Hz] | epoch=4.48, loss=0.030700
[02.01 06:10:40] ┇ INFO    ┇    DeepKNLP.gner.trainer ┇ [checking] 100%|████████████████████| 1/1 [0:00:00<0:00:00, 108601.21Hz]
[02.01 06:10:40] ┇ INFO    ┇    DeepKNLP.gner.trainer ┇ [training]  37%|███████▍            | 112/300 [0:03:35<0:06:31, 0.48Hz] | epoch=4.48, eval_average=0.7967
[02.01 06:10:41] ┇ INFO    ┇    DeepKNLP.gner.trainer ┇ [training]  38%|███████▌            | 113/300 [0:03:50<0:07:09, 0.43Hz] | epoch=4.52, loss=0.023600
[02.01 06:10:42] ┇ INFO    ┇    DeepKNLP.gner.trainer ┇ [training]  38%|███████▌            | 114/300 [0:03:51<0:06:27, 0.48Hz] | epoch=4.56, loss=0.021500
[02.01 06:10:43] ┇ INFO    ┇    DeepKNLP.gner.trainer ┇ [training]  38%|███████▋            | 115/300 [0:03:52<0:06:25, 0.48Hz] | epoch=4.60, loss=0.031900
[02.01 06:10:44] ┇ INFO    ┇    DeepKNLP.gner.trainer ┇ [training]  39%|███████▋            | 116/300 [0:03:53<0:06:23, 0.48Hz] | epoch=4.64, loss=0.020400
[02.01 06:10:45] ┇ INFO    ┇    DeepKNLP.gner.trainer ┇ [training]  39%|███████▊            | 117/300 [0:03:53<0:06:21, 0.48Hz] | epoch=4.68, loss=0.010500
[02.01 06:10:46] ┇ INFO    ┇    DeepKNLP.gner.trainer ┇ [training]  39%|███████▊            | 118/300 [0:03:54<0:06:19, 0.48Hz] | epoch=4.72, loss=0.021500
[02.01 06:10:47] ┇ INFO    ┇    DeepKNLP.gner.trainer ┇ [training]  40%|███████▉            | 119/300 [0:03:55<0:06:17, 0.48Hz] | epoch=4.76, loss=0.012400
[02.01 06:10:48] ┇ INFO    ┇    DeepKNLP.gner.trainer ┇ [training]  40%|████████            | 120/300 [0:03:56<0:06:14, 0.48Hz] | epoch=4.80, loss=0.017600
[02.01 06:10:49] ┇ INFO    ┇    DeepKNLP.gner.trainer ┇ [training]  40%|████████            | 121/300 [0:03:58<0:06:13, 0.48Hz] | epoch=4.84, loss=0.006100
[02.01 06:10:50] ┇ INFO    ┇    DeepKNLP.gner.trainer ┇ [training]  41%|████████▏           | 122/300 [0:03:59<0:06:11, 0.48Hz] | epoch=4.88, loss=0.013500
[02.01 06:10:51] ┇ INFO    ┇    DeepKNLP.gner.trainer ┇ [training]  41%|████████▏           | 123/300 [0:04:00<0:06:09, 0.48Hz] | epoch=4.92, loss=0.018000
[02.01 06:10:52] ┇ INFO    ┇    DeepKNLP.gner.trainer ┇ [training]  41%|████████▎           | 124/300 [0:04:01<0:06:07, 0.48Hz] | epoch=4.96, loss=0.029200
[02.01 06:10:53] ┇ INFO    ┇    DeepKNLP.gner.trainer ┇ [training]  42%|████████▎           | 125/300 [0:04:02<0:06:05, 0.48Hz] | epoch=5.00, loss=0.028800
[02.01 06:11:07] ┇ INFO    ┇    DeepKNLP.gner.trainer ┇ [checking] 100%|████████████████████| 1/1 [0:00:00<0:00:00, 86043.74Hz]
[02.01 06:11:07] ┇ INFO    ┇    DeepKNLP.gner.trainer ┇ [training]  42%|████████▎           | 125/300 [0:04:02<0:06:05, 0.48Hz] | epoch=5.00, eval_average=0.8206
[02.01 06:11:08] ┇ INFO    ┇    DeepKNLP.gner.trainer ┇ [training]  42%|████████▍           | 126/300 [0:04:16<0:06:03, 0.48Hz] | epoch=5.04, loss=0.026600
[02.01 06:11:09] ┇ INFO    ┇    DeepKNLP.gner.trainer ┇ [training]  42%|████████▍           | 127/300 [0:04:17<0:06:01, 0.48Hz] | epoch=5.08, loss=0.011100
[02.01 06:11:10] ┇ INFO    ┇    DeepKNLP.gner.trainer ┇ [training]  43%|████████▌           | 128/300 [0:04:18<0:05:59, 0.48Hz] | epoch=5.12, loss=0.021200
[02.01 06:11:11] ┇ INFO    ┇    DeepKNLP.gner.trainer ┇ [training]  43%|████████▌           | 129/300 [0:04:19<0:05:56, 0.48Hz] | epoch=5.16, loss=0.006800
[02.01 06:11:12] ┇ INFO    ┇    DeepKNLP.gner.trainer ┇ [training]  43%|████████▋           | 130/300 [0:04:20<0:05:54, 0.48Hz] | epoch=5.20, loss=0.027600
[02.01 06:11:13] ┇ INFO    ┇    DeepKNLP.gner.trainer ┇ [training]  44%|████████▋           | 131/300 [0:04:21<0:05:52, 0.48Hz] | epoch=5.24, loss=0.012400
[02.01 06:11:14] ┇ INFO    ┇    DeepKNLP.gner.trainer ┇ [training]  44%|████████▊           | 132/300 [0:04:22<0:05:50, 0.48Hz] | epoch=5.28, loss=0.008200
[02.01 06:11:15] ┇ INFO    ┇    DeepKNLP.gner.trainer ┇ [training]  44%|████████▊           | 133/300 [0:04:23<0:05:48, 0.48Hz] | epoch=5.32, loss=0.017000
[02.01 06:11:16] ┇ INFO    ┇    DeepKNLP.gner.trainer ┇ [training]  45%|████████▉           | 134/300 [0:04:24<0:05:46, 0.48Hz] | epoch=5.36, loss=0.032500
[02.01 06:11:17] ┇ INFO    ┇    DeepKNLP.gner.trainer ┇ [training]  45%|█████████           | 135/300 [0:04:25<0:05:44, 0.48Hz] | epoch=5.40, loss=0.027700
[02.01 06:11:18] ┇ INFO    ┇    DeepKNLP.gner.trainer ┇ [training]  45%|█████████           | 136/300 [0:04:26<0:05:42, 0.48Hz] | epoch=5.44, loss=0.033100
[02.01 06:11:19] ┇ INFO    ┇    DeepKNLP.gner.trainer ┇ [training]  46%|█████████▏          | 137/300 [0:04:27<0:05:40, 0.48Hz] | epoch=5.48, loss=0.014400
[02.01 06:11:20] ┇ INFO    ┇    DeepKNLP.gner.trainer ┇ [training]  46%|█████████▏          | 138/300 [0:04:28<0:05:38, 0.48Hz] | epoch=5.52, loss=0.009200
[02.01 06:11:33] ┇ INFO    ┇    DeepKNLP.gner.trainer ┇ [checking] 100%|████████████████████| 1/1 [0:00:00<0:00:00, 99910.12Hz]
[02.01 06:11:33] ┇ INFO    ┇    DeepKNLP.gner.trainer ┇ [training]  46%|█████████▏          | 138/300 [0:04:28<0:05:38, 0.48Hz] | epoch=5.52, eval_average=0.8142
[02.01 06:11:34] ┇ INFO    ┇    DeepKNLP.gner.trainer ┇ [training]  46%|█████████▎          | 139/300 [0:04:43<0:05:36, 0.48Hz] | epoch=5.56, loss=0.023900
[02.01 06:11:35] ┇ INFO    ┇    DeepKNLP.gner.trainer ┇ [training]  47%|█████████▎          | 140/300 [0:04:44<0:05:34, 0.48Hz] | epoch=5.60, loss=0.014500
[02.01 06:11:36] ┇ INFO    ┇    DeepKNLP.gner.trainer ┇ [training]  47%|█████████▍          | 141/300 [0:04:45<0:05:32, 0.48Hz] | epoch=5.64, loss=0.009600
[02.01 06:11:37] ┇ INFO    ┇    DeepKNLP.gner.trainer ┇ [training]  47%|█████████▍          | 142/300 [0:04:46<0:05:30, 0.48Hz] | epoch=5.68, loss=0.013100
[02.01 06:11:38] ┇ INFO    ┇    DeepKNLP.gner.trainer ┇ [training]  48%|█████████▌          | 143/300 [0:04:47<0:05:27, 0.48Hz] | epoch=5.72, loss=0.005300
[02.01 06:11:39] ┇ INFO    ┇    DeepKNLP.gner.trainer ┇ [training]  48%|█████████▌          | 144/300 [0:04:48<0:05:25, 0.48Hz] | epoch=5.76, loss=0.019800
[02.01 06:11:40] ┇ INFO    ┇    DeepKNLP.gner.trainer ┇ [training]  48%|█████████▋          | 145/300 [0:04:49<0:05:23, 0.48Hz] | epoch=5.80, loss=0.008100
[02.01 06:11:41] ┇ INFO    ┇    DeepKNLP.gner.trainer ┇ [training]  49%|█████████▋          | 146/300 [0:04:50<0:05:21, 0.48Hz] | epoch=5.84, loss=0.008700
[02.01 06:11:42] ┇ INFO    ┇    DeepKNLP.gner.trainer ┇ [training]  49%|█████████▊          | 147/300 [0:04:51<0:05:18, 0.48Hz] | epoch=5.88, loss=0.020300
[02.01 06:11:43] ┇ INFO    ┇    DeepKNLP.gner.trainer ┇ [training]  49%|█████████▊          | 148/300 [0:04:52<0:05:16, 0.48Hz] | epoch=5.92, loss=0.034700
[02.01 06:11:44] ┇ INFO    ┇    DeepKNLP.gner.trainer ┇ [training]  50%|█████████▉          | 149/300 [0:04:53<0:05:14, 0.48Hz] | epoch=5.96, loss=0.030400
[02.01 06:11:45] ┇ INFO    ┇    DeepKNLP.gner.trainer ┇ [training]  50%|██████████          | 150/300 [0:04:54<0:05:12, 0.48Hz] | epoch=6.00, loss=0.026400
[02.01 06:12:00] ┇ INFO    ┇    DeepKNLP.gner.trainer ┇ [checking] 100%|████████████████████| 1/1 [0:00:00<0:00:00, 97181.72Hz]
[02.01 06:12:00] ┇ INFO    ┇    DeepKNLP.gner.trainer ┇ [training]  50%|██████████          | 150/300 [0:04:54<0:05:12, 0.48Hz] | epoch=6.00, eval_average=0.8268
[02.01 06:12:01] ┇ INFO    ┇    DeepKNLP.gner.trainer ┇ [training]  50%|██████████          | 151/300 [0:05:09<0:05:44, 0.43Hz] | epoch=6.04, loss=0.013000
[02.01 06:12:02] ┇ INFO    ┇    DeepKNLP.gner.trainer ┇ [training]  51%|██████████▏         | 152/300 [0:05:10<0:05:10, 0.48Hz] | epoch=6.08, loss=0.032400
[02.01 06:12:03] ┇ INFO    ┇    DeepKNLP.gner.trainer ┇ [training]  51%|██████████▏         | 153/300 [0:05:11<0:05:08, 0.48Hz] | epoch=6.12, loss=0.018800
[02.01 06:12:04] ┇ INFO    ┇    DeepKNLP.gner.trainer ┇ [training]  51%|██████████▎         | 154/300 [0:05:12<0:05:05, 0.48Hz] | epoch=6.16, loss=0.007600
[02.01 06:12:05] ┇ INFO    ┇    DeepKNLP.gner.trainer ┇ [training]  52%|██████████▎         | 155/300 [0:05:13<0:05:03, 0.48Hz] | epoch=6.20, loss=0.017500
[02.01 06:12:06] ┇ INFO    ┇    DeepKNLP.gner.trainer ┇ [training]  52%|██████████▍         | 156/300 [0:05:14<0:05:01, 0.48Hz] | epoch=6.24, loss=0.005800
[02.01 06:12:07] ┇ INFO    ┇    DeepKNLP.gner.trainer ┇ [training]  52%|██████████▍         | 157/300 [0:05:15<0:04:59, 0.48Hz] | epoch=6.28, loss=0.012500
[02.01 06:12:08] ┇ INFO    ┇    DeepKNLP.gner.trainer ┇ [training]  53%|██████████▌         | 158/300 [0:05:16<0:04:57, 0.48Hz] | epoch=6.32, loss=0.013300
[02.01 06:12:09] ┇ INFO    ┇    DeepKNLP.gner.trainer ┇ [training]  53%|██████████▌         | 159/300 [0:05:17<0:04:55, 0.48Hz] | epoch=6.36, loss=0.004000
[02.01 06:12:10] ┇ INFO    ┇    DeepKNLP.gner.trainer ┇ [training]  53%|██████████▋         | 160/300 [0:05:18<0:04:53, 0.48Hz] | epoch=6.40, loss=0.017100
[02.01 06:12:11] ┇ INFO    ┇    DeepKNLP.gner.trainer ┇ [training]  54%|██████████▋         | 161/300 [0:05:19<0:04:51, 0.48Hz] | epoch=6.44, loss=0.024200
[02.01 06:12:12] ┇ INFO    ┇    DeepKNLP.gner.trainer ┇ [training]  54%|██████████▊         | 162/300 [0:05:20<0:04:48, 0.48Hz] | epoch=6.48, loss=0.010600
[02.01 06:12:25] ┇ INFO    ┇    DeepKNLP.gner.trainer ┇ [checking] 100%|████████████████████| 1/1 [0:00:00<0:00:00, 52172.99Hz]
[02.01 06:12:25] ┇ INFO    ┇    DeepKNLP.gner.trainer ┇ [training]  54%|██████████▊         | 162/300 [0:05:20<0:04:48, 0.48Hz] | epoch=6.48, eval_average=0.8144
[02.01 06:12:26] ┇ INFO    ┇    DeepKNLP.gner.trainer ┇ [training]  54%|██████████▊         | 163/300 [0:05:35<0:05:15, 0.43Hz] | epoch=6.52, loss=0.015800
[02.01 06:12:27] ┇ INFO    ┇    DeepKNLP.gner.trainer ┇ [training]  55%|██████████▉         | 164/300 [0:05:36<0:04:44, 0.48Hz] | epoch=6.56, loss=0.023700
[02.01 06:12:28] ┇ INFO    ┇    DeepKNLP.gner.trainer ┇ [training]  55%|███████████         | 165/300 [0:05:37<0:04:42, 0.48Hz] | epoch=6.60, loss=0.007200
[02.01 06:12:29] ┇ INFO    ┇    DeepKNLP.gner.trainer ┇ [training]  55%|███████████         | 166/300 [0:05:38<0:04:40, 0.48Hz] | epoch=6.64, loss=0.022500
[02.01 06:12:30] ┇ INFO    ┇    DeepKNLP.gner.trainer ┇ [training]  56%|███████████▏        | 167/300 [0:05:39<0:04:37, 0.48Hz] | epoch=6.68, loss=0.026400
[02.01 06:12:31] ┇ INFO    ┇    DeepKNLP.gner.trainer ┇ [training]  56%|███████████▏        | 168/300 [0:05:40<0:04:35, 0.48Hz] | epoch=6.72, loss=0.014200
[02.01 06:12:32] ┇ INFO    ┇    DeepKNLP.gner.trainer ┇ [training]  56%|███████████▎        | 169/300 [0:05:41<0:04:33, 0.48Hz] | epoch=6.76, loss=0.012700
[02.01 06:12:33] ┇ INFO    ┇    DeepKNLP.gner.trainer ┇ [training]  57%|███████████▎        | 170/300 [0:05:42<0:04:31, 0.48Hz] | epoch=6.80, loss=0.024500
[02.01 06:12:34] ┇ INFO    ┇    DeepKNLP.gner.trainer ┇ [training]  57%|███████████▍        | 171/300 [0:05:43<0:04:29, 0.48Hz] | epoch=6.84, loss=0.026700
[02.01 06:12:35] ┇ INFO    ┇    DeepKNLP.gner.trainer ┇ [training]  57%|███████████▍        | 172/300 [0:05:44<0:04:27, 0.48Hz] | epoch=6.88, loss=0.006400
[02.01 06:12:36] ┇ INFO    ┇    DeepKNLP.gner.trainer ┇ [training]  58%|███████████▌        | 173/300 [0:05:45<0:04:25, 0.48Hz] | epoch=6.92, loss=0.008400
[02.01 06:12:37] ┇ INFO    ┇    DeepKNLP.gner.trainer ┇ [training]  58%|███████████▌        | 174/300 [0:05:46<0:04:23, 0.48Hz] | epoch=6.96, loss=0.007800
[02.01 06:12:38] ┇ INFO    ┇    DeepKNLP.gner.trainer ┇ [training]  58%|███████████▋        | 175/300 [0:05:47<0:04:21, 0.48Hz] | epoch=7.00, loss=0.017900
[02.01 06:12:52] ┇ INFO    ┇    DeepKNLP.gner.trainer ┇ [checking] 100%|████████████████████| 1/1 [0:00:00<0:00:00, 98241.49Hz]
[02.01 06:12:52] ┇ INFO    ┇    DeepKNLP.gner.trainer ┇ [training]  58%|███████████▋        | 175/300 [0:05:47<0:04:21, 0.48Hz] | epoch=7.00, eval_average=0.8317
[02.01 06:12:53] ┇ INFO    ┇    DeepKNLP.gner.trainer ┇ [training]  59%|███████████▋        | 176/300 [0:06:02<0:04:20, 0.48Hz] | epoch=7.04, loss=0.016700
[02.01 06:12:54] ┇ INFO    ┇    DeepKNLP.gner.trainer ┇ [training]  59%|███████████▊        | 177/300 [0:06:03<0:04:18, 0.48Hz] | epoch=7.08, loss=0.007700
[02.01 06:12:55] ┇ INFO    ┇    DeepKNLP.gner.trainer ┇ [training]  59%|███████████▊        | 178/300 [0:06:04<0:04:16, 0.48Hz] | epoch=7.12, loss=0.007700
[02.01 06:12:56] ┇ INFO    ┇    DeepKNLP.gner.trainer ┇ [training]  60%|███████████▉        | 179/300 [0:06:05<0:04:14, 0.48Hz] | epoch=7.16, loss=0.008300
[02.01 06:12:57] ┇ INFO    ┇    DeepKNLP.gner.trainer ┇ [training]  60%|████████████        | 180/300 [0:06:06<0:04:12, 0.48Hz] | epoch=7.20, loss=0.016900
[02.01 06:12:58] ┇ INFO    ┇    DeepKNLP.gner.trainer ┇ [training]  60%|████████████        | 181/300 [0:06:07<0:04:10, 0.48Hz] | epoch=7.24, loss=0.015600
[02.01 06:13:00] ┇ INFO    ┇    DeepKNLP.gner.trainer ┇ [training]  61%|████████████▏       | 182/300 [0:06:08<0:04:08, 0.47Hz] | epoch=7.28, loss=0.010100
[02.01 06:13:01] ┇ INFO    ┇    DeepKNLP.gner.trainer ┇ [training]  61%|████████████▏       | 183/300 [0:06:09<0:04:06, 0.47Hz] | epoch=7.32, loss=0.010700
[02.01 06:13:02] ┇ INFO    ┇    DeepKNLP.gner.trainer ┇ [training]  61%|████████████▎       | 184/300 [0:06:10<0:04:03, 0.48Hz] | epoch=7.36, loss=0.015100
[02.01 06:13:03] ┇ INFO    ┇    DeepKNLP.gner.trainer ┇ [training]  62%|████████████▎       | 185/300 [0:06:11<0:04:01, 0.48Hz] | epoch=7.40, loss=0.011100
[02.01 06:13:04] ┇ INFO    ┇    DeepKNLP.gner.trainer ┇ [training]  62%|████████████▍       | 186/300 [0:06:12<0:03:59, 0.48Hz] | epoch=7.44, loss=0.003400
[02.01 06:13:05] ┇ INFO    ┇    DeepKNLP.gner.trainer ┇ [training]  62%|████████████▍       | 187/300 [0:06:13<0:03:57, 0.48Hz] | epoch=7.48, loss=0.006600
[02.01 06:13:05] ┇ INFO    ┇    DeepKNLP.gner.trainer ┇ [training]  63%|████████████▌       | 188/300 [0:06:14<0:03:55, 0.48Hz] | epoch=7.52, loss=0.009400
[02.01 06:13:20] ┇ INFO    ┇    DeepKNLP.gner.trainer ┇ [checking] 100%|████████████████████| 1/1 [0:00:00<0:00:00, 103960.93Hz]
[02.01 06:13:20] ┇ INFO    ┇    DeepKNLP.gner.trainer ┇ [training]  63%|████████████▌       | 188/300 [0:06:14<0:03:55, 0.48Hz] | epoch=7.52, eval_average=0.8320
[02.01 06:13:21] ┇ INFO    ┇    DeepKNLP.gner.trainer ┇ [training]  63%|████████████▌       | 189/300 [0:06:29<0:03:54, 0.47Hz] | epoch=7.56, loss=0.010100
[02.01 06:13:22] ┇ INFO    ┇    DeepKNLP.gner.trainer ┇ [training]  63%|████████████▋       | 190/300 [0:06:30<0:03:52, 0.47Hz] | epoch=7.60, loss=0.028400
[02.01 06:13:23] ┇ INFO    ┇    DeepKNLP.gner.trainer ┇ [training]  64%|████████████▋       | 191/300 [0:06:31<0:03:50, 0.47Hz] | epoch=7.64, loss=0.014700
[02.01 06:13:24] ┇ INFO    ┇    DeepKNLP.gner.trainer ┇ [training]  64%|████████████▊       | 192/300 [0:06:33<0:03:48, 0.47Hz] | epoch=7.68, loss=0.008400
[02.01 06:13:25] ┇ INFO    ┇    DeepKNLP.gner.trainer ┇ [training]  64%|████████████▊       | 193/300 [0:06:34<0:03:46, 0.47Hz] | epoch=7.72, loss=0.013900
[02.01 06:13:26] ┇ INFO    ┇    DeepKNLP.gner.trainer ┇ [training]  65%|████████████▉       | 194/300 [0:06:35<0:03:44, 0.47Hz] | epoch=7.76, loss=0.033100
[02.01 06:13:27] ┇ INFO    ┇    DeepKNLP.gner.trainer ┇ [training]  65%|█████████████       | 195/300 [0:06:36<0:03:42, 0.47Hz] | epoch=7.80, loss=0.009800
[02.01 06:13:28] ┇ INFO    ┇    DeepKNLP.gner.trainer ┇ [training]  65%|█████████████       | 196/300 [0:06:37<0:03:40, 0.47Hz] | epoch=7.84, loss=0.013600
[02.01 06:13:29] ┇ INFO    ┇    DeepKNLP.gner.trainer ┇ [training]  66%|█████████████▏      | 197/300 [0:06:38<0:03:38, 0.47Hz] | epoch=7.88, loss=0.009000
[02.01 06:13:30] ┇ INFO    ┇    DeepKNLP.gner.trainer ┇ [training]  66%|█████████████▏      | 198/300 [0:06:39<0:03:36, 0.47Hz] | epoch=7.92, loss=0.005500
[02.01 06:13:31] ┇ INFO    ┇    DeepKNLP.gner.trainer ┇ [training]  66%|█████████████▎      | 199/300 [0:06:40<0:03:34, 0.47Hz] | epoch=7.96, loss=0.008000
[02.01 06:13:32] ┇ INFO    ┇    DeepKNLP.gner.trainer ┇ [training]  67%|█████████████▎      | 200/300 [0:06:41<0:03:32, 0.47Hz] | epoch=8.00, loss=0.004900
[02.01 06:13:46] ┇ INFO    ┇    DeepKNLP.gner.trainer ┇ [checking] 100%|████████████████████| 1/1 [0:00:00<0:00:00, 96061.51Hz]
[02.01 06:13:46] ┇ INFO    ┇    DeepKNLP.gner.trainer ┇ [training]  67%|█████████████▎      | 200/300 [0:06:41<0:03:32, 0.47Hz] | epoch=8.00, eval_average=0.8349
[02.01 06:13:47] ┇ INFO    ┇    DeepKNLP.gner.trainer ┇ [training]  67%|█████████████▍      | 201/300 [0:06:56<0:03:51, 0.43Hz] | epoch=8.04, loss=0.020900
[02.01 06:13:48] ┇ INFO    ┇    DeepKNLP.gner.trainer ┇ [training]  67%|█████████████▍      | 202/300 [0:06:57<0:03:28, 0.47Hz] | epoch=8.08, loss=0.007500
[02.01 06:13:49] ┇ INFO    ┇    DeepKNLP.gner.trainer ┇ [training]  68%|█████████████▌      | 203/300 [0:06:58<0:03:26, 0.47Hz] | epoch=8.12, loss=0.006600
[02.01 06:13:50] ┇ INFO    ┇    DeepKNLP.gner.trainer ┇ [training]  68%|█████████████▌      | 204/300 [0:06:59<0:03:23, 0.47Hz] | epoch=8.16, loss=0.006000
[02.01 06:13:51] ┇ INFO    ┇    DeepKNLP.gner.trainer ┇ [training]  68%|█████████████▋      | 205/300 [0:07:00<0:03:21, 0.47Hz] | epoch=8.20, loss=0.014600
[02.01 06:13:52] ┇ INFO    ┇    DeepKNLP.gner.trainer ┇ [training]  69%|█████████████▋      | 206/300 [0:07:01<0:03:19, 0.47Hz] | epoch=8.24, loss=0.005900
[02.01 06:13:53] ┇ INFO    ┇    DeepKNLP.gner.trainer ┇ [training]  69%|█████████████▊      | 207/300 [0:07:02<0:03:17, 0.47Hz] | epoch=8.28, loss=0.009200
[02.01 06:13:54] ┇ INFO    ┇    DeepKNLP.gner.trainer ┇ [training]  69%|█████████████▊      | 208/300 [0:07:03<0:03:15, 0.47Hz] | epoch=8.32, loss=0.010600
[02.01 06:13:55] ┇ INFO    ┇    DeepKNLP.gner.trainer ┇ [training]  70%|█████████████▉      | 209/300 [0:07:04<0:03:13, 0.47Hz] | epoch=8.36, loss=0.005100
[02.01 06:13:56] ┇ INFO    ┇    DeepKNLP.gner.trainer ┇ [training]  70%|██████████████      | 210/300 [0:07:05<0:03:11, 0.47Hz] | epoch=8.40, loss=0.011800
[02.01 06:13:57] ┇ INFO    ┇    DeepKNLP.gner.trainer ┇ [training]  70%|██████████████      | 211/300 [0:07:06<0:03:08, 0.47Hz] | epoch=8.44, loss=0.007800
[02.01 06:13:58] ┇ INFO    ┇    DeepKNLP.gner.trainer ┇ [training]  71%|██████████████▏     | 212/300 [0:07:07<0:03:06, 0.47Hz] | epoch=8.48, loss=0.005100
[02.01 06:14:12] ┇ INFO    ┇    DeepKNLP.gner.trainer ┇ [checking] 100%|████████████████████| 1/1 [0:00:00<0:00:00, 101030.57Hz]
[02.01 06:14:12] ┇ INFO    ┇    DeepKNLP.gner.trainer ┇ [training]  71%|██████████████▏     | 212/300 [0:07:07<0:03:06, 0.47Hz] | epoch=8.48, eval_average=0.8305
[02.01 06:14:13] ┇ INFO    ┇    DeepKNLP.gner.trainer ┇ [training]  71%|██████████████▏     | 213/300 [0:07:21<0:03:23, 0.43Hz] | epoch=8.52, loss=0.027500
[02.01 06:14:14] ┇ INFO    ┇    DeepKNLP.gner.trainer ┇ [training]  71%|██████████████▎     | 214/300 [0:07:23<0:03:01, 0.47Hz] | epoch=8.56, loss=0.015600
[02.01 06:14:15] ┇ INFO    ┇    DeepKNLP.gner.trainer ┇ [training]  72%|██████████████▎     | 215/300 [0:07:24<0:02:59, 0.47Hz] | epoch=8.60, loss=0.008300
[02.01 06:14:16] ┇ INFO    ┇    DeepKNLP.gner.trainer ┇ [training]  72%|██████████████▍     | 216/300 [0:07:25<0:02:57, 0.47Hz] | epoch=8.64, loss=0.011600
[02.01 06:14:17] ┇ INFO    ┇    DeepKNLP.gner.trainer ┇ [training]  72%|██████████████▍     | 217/300 [0:07:26<0:02:55, 0.47Hz] | epoch=8.68, loss=0.030000
[02.01 06:14:18] ┇ INFO    ┇    DeepKNLP.gner.trainer ┇ [training]  73%|██████████████▌     | 218/300 [0:07:27<0:02:53, 0.47Hz] | epoch=8.72, loss=0.003100
[02.01 06:14:19] ┇ INFO    ┇    DeepKNLP.gner.trainer ┇ [training]  73%|██████████████▌     | 219/300 [0:07:28<0:02:51, 0.47Hz] | epoch=8.76, loss=0.015400
[02.01 06:14:20] ┇ INFO    ┇    DeepKNLP.gner.trainer ┇ [training]  73%|██████████████▋     | 220/300 [0:07:29<0:02:49, 0.47Hz] | epoch=8.80, loss=0.003900
[02.01 06:14:21] ┇ INFO    ┇    DeepKNLP.gner.trainer ┇ [training]  74%|██████████████▋     | 221/300 [0:07:30<0:02:47, 0.47Hz] | epoch=8.84, loss=0.001700
[02.01 06:14:22] ┇ INFO    ┇    DeepKNLP.gner.trainer ┇ [training]  74%|██████████████▊     | 222/300 [0:07:31<0:02:45, 0.47Hz] | epoch=8.88, loss=0.029400
[02.01 06:14:23] ┇ INFO    ┇    DeepKNLP.gner.trainer ┇ [training]  74%|██████████████▊     | 223/300 [0:07:32<0:02:42, 0.47Hz] | epoch=8.92, loss=0.002700
[02.01 06:14:24] ┇ INFO    ┇    DeepKNLP.gner.trainer ┇ [training]  75%|██████████████▉     | 224/300 [0:07:33<0:02:40, 0.47Hz] | epoch=8.96, loss=0.008900
[02.01 06:14:25] ┇ INFO    ┇    DeepKNLP.gner.trainer ┇ [training]  75%|███████████████     | 225/300 [0:07:34<0:02:38, 0.47Hz] | epoch=9.00, loss=0.006000
[02.01 06:14:39] ┇ INFO    ┇    DeepKNLP.gner.trainer ┇ [checking] 100%|████████████████████| 1/1 [0:00:00<0:00:00, 80951.97Hz]
[02.01 06:14:39] ┇ INFO    ┇    DeepKNLP.gner.trainer ┇ [training]  75%|███████████████     | 225/300 [0:07:34<0:02:38, 0.47Hz] | epoch=9.00, eval_average=0.8361
[02.01 06:14:40] ┇ INFO    ┇    DeepKNLP.gner.trainer ┇ [training]  75%|███████████████     | 226/300 [0:07:48<0:02:37, 0.47Hz] | epoch=9.04, loss=0.010400
[02.01 06:14:41] ┇ INFO    ┇    DeepKNLP.gner.trainer ┇ [training]  76%|███████████████▏    | 227/300 [0:07:49<0:02:34, 0.47Hz] | epoch=9.08, loss=0.008200
[02.01 06:14:42] ┇ INFO    ┇    DeepKNLP.gner.trainer ┇ [training]  76%|███████████████▏    | 228/300 [0:07:50<0:02:32, 0.47Hz] | epoch=9.12, loss=0.004000
[02.01 06:14:43] ┇ INFO    ┇    DeepKNLP.gner.trainer ┇ [training]  76%|███████████████▎    | 229/300 [0:07:51<0:02:30, 0.47Hz] | epoch=9.16, loss=0.007400
[02.01 06:14:44] ┇ INFO    ┇    DeepKNLP.gner.trainer ┇ [training]  77%|███████████████▎    | 230/300 [0:07:52<0:02:28, 0.47Hz] | epoch=9.20, loss=0.032100
[02.01 06:14:45] ┇ INFO    ┇    DeepKNLP.gner.trainer ┇ [training]  77%|███████████████▍    | 231/300 [0:07:53<0:02:26, 0.47Hz] | epoch=9.24, loss=0.013100
[02.01 06:14:46] ┇ INFO    ┇    DeepKNLP.gner.trainer ┇ [training]  77%|███████████████▍    | 232/300 [0:07:54<0:02:24, 0.47Hz] | epoch=9.28, loss=0.003000
[02.01 06:14:47] ┇ INFO    ┇    DeepKNLP.gner.trainer ┇ [training]  78%|███████████████▌    | 233/300 [0:07:55<0:02:22, 0.47Hz] | epoch=9.32, loss=0.016700
[02.01 06:14:48] ┇ INFO    ┇    DeepKNLP.gner.trainer ┇ [training]  78%|███████████████▌    | 234/300 [0:07:56<0:02:20, 0.47Hz] | epoch=9.36, loss=0.005500
[02.01 06:14:49] ┇ INFO    ┇    DeepKNLP.gner.trainer ┇ [training]  78%|███████████████▋    | 235/300 [0:07:57<0:02:17, 0.47Hz] | epoch=9.40, loss=0.013700
[02.01 06:14:50] ┇ INFO    ┇    DeepKNLP.gner.trainer ┇ [training]  79%|███████████████▋    | 236/300 [0:07:58<0:02:15, 0.47Hz] | epoch=9.44, loss=0.013400
[02.01 06:14:51] ┇ INFO    ┇    DeepKNLP.gner.trainer ┇ [training]  79%|███████████████▊    | 237/300 [0:07:59<0:02:13, 0.47Hz] | epoch=9.48, loss=0.009000
[02.01 06:14:52] ┇ INFO    ┇    DeepKNLP.gner.trainer ┇ [training]  79%|███████████████▊    | 238/300 [0:08:00<0:02:11, 0.47Hz] | epoch=9.52, loss=0.010400
[02.01 06:15:05] ┇ INFO    ┇    DeepKNLP.gner.trainer ┇ [checking] 100%|████████████████████| 1/1 [0:00:00<0:00:00, 88090.20Hz]
[02.01 06:15:05] ┇ INFO    ┇    DeepKNLP.gner.trainer ┇ [training]  79%|███████████████▊    | 238/300 [0:08:00<0:02:11, 0.47Hz] | epoch=9.52, eval_average=0.8379
[02.01 06:15:06] ┇ INFO    ┇    DeepKNLP.gner.trainer ┇ [training]  80%|███████████████▉    | 239/300 [0:08:15<0:02:08, 0.47Hz] | epoch=9.56, loss=0.010500
[02.01 06:15:07] ┇ INFO    ┇    DeepKNLP.gner.trainer ┇ [training]  80%|████████████████    | 240/300 [0:08:16<0:02:06, 0.47Hz] | epoch=9.60, loss=0.005000
[02.01 06:15:08] ┇ INFO    ┇    DeepKNLP.gner.trainer ┇ [training]  80%|████████████████    | 241/300 [0:08:17<0:02:04, 0.47Hz] | epoch=9.64, loss=0.003000
[02.01 06:15:09] ┇ INFO    ┇    DeepKNLP.gner.trainer ┇ [training]  81%|████████████████▏   | 242/300 [0:08:18<0:02:02, 0.47Hz] | epoch=9.68, loss=0.008600
[02.01 06:15:10] ┇ INFO    ┇    DeepKNLP.gner.trainer ┇ [training]  81%|████████████████▏   | 243/300 [0:08:19<0:02:00, 0.47Hz] | epoch=9.72, loss=0.016800
[02.01 06:15:11] ┇ INFO    ┇    DeepKNLP.gner.trainer ┇ [training]  81%|████████████████▎   | 244/300 [0:08:20<0:01:58, 0.47Hz] | epoch=9.76, loss=0.015600
[02.01 06:15:12] ┇ INFO    ┇    DeepKNLP.gner.trainer ┇ [training]  82%|████████████████▎   | 245/300 [0:08:21<0:01:56, 0.47Hz] | epoch=9.80, loss=0.008800
[02.01 06:15:13] ┇ INFO    ┇    DeepKNLP.gner.trainer ┇ [training]  82%|████████████████▍   | 246/300 [0:08:22<0:01:53, 0.47Hz] | epoch=9.84, loss=0.006300
[02.01 06:15:14] ┇ INFO    ┇    DeepKNLP.gner.trainer ┇ [training]  82%|████████████████▍   | 247/300 [0:08:23<0:01:51, 0.47Hz] | epoch=9.88, loss=0.024100
[02.01 06:15:15] ┇ INFO    ┇    DeepKNLP.gner.trainer ┇ [training]  83%|████████████████▌   | 248/300 [0:08:24<0:01:49, 0.47Hz] | epoch=9.92, loss=0.007000
[02.01 06:15:16] ┇ INFO    ┇    DeepKNLP.gner.trainer ┇ [training]  83%|████████████████▌   | 249/300 [0:08:25<0:01:47, 0.47Hz] | epoch=9.96, loss=0.024000
[02.01 06:15:17] ┇ INFO    ┇    DeepKNLP.gner.trainer ┇ [training]  83%|████████████████▋   | 250/300 [0:08:26<0:01:45, 0.47Hz] | epoch=10.00, loss=0.008100
[02.01 06:15:31] ┇ INFO    ┇    DeepKNLP.gner.trainer ┇ [checking] 100%|████████████████████| 1/1 [0:00:00<0:00:00, 96721.18Hz]
[02.01 06:15:31] ┇ INFO    ┇    DeepKNLP.gner.trainer ┇ [training]  83%|████████████████▋   | 250/300 [0:08:26<0:01:45, 0.47Hz] | epoch=10.00, eval_average=0.8393
[02.01 06:15:32] ┇ INFO    ┇    DeepKNLP.gner.trainer ┇ [training]  84%|████████████████▋   | 251/300 [0:08:41<0:01:53, 0.43Hz] | epoch=10.04, loss=0.016900
[02.01 06:15:33] ┇ INFO    ┇    DeepKNLP.gner.trainer ┇ [training]  84%|████████████████▊   | 252/300 [0:08:42<0:01:40, 0.48Hz] | epoch=10.08, loss=0.017100
[02.01 06:15:34] ┇ INFO    ┇    DeepKNLP.gner.trainer ┇ [training]  84%|████████████████▊   | 253/300 [0:08:43<0:01:38, 0.48Hz] | epoch=10.12, loss=0.009500
[02.01 06:15:35] ┇ INFO    ┇    DeepKNLP.gner.trainer ┇ [training]  85%|████████████████▉   | 254/300 [0:08:44<0:01:36, 0.48Hz] | epoch=10.16, loss=0.043300
[02.01 06:15:36] ┇ INFO    ┇    DeepKNLP.gner.trainer ┇ [training]  85%|█████████████████   | 255/300 [0:08:45<0:01:34, 0.48Hz] | epoch=10.20, loss=0.016400
[02.01 06:15:37] ┇ INFO    ┇    DeepKNLP.gner.trainer ┇ [training]  85%|█████████████████   | 256/300 [0:08:46<0:01:32, 0.48Hz] | epoch=10.24, loss=0.011200
[02.01 06:15:38] ┇ INFO    ┇    DeepKNLP.gner.trainer ┇ [training]  86%|█████████████████▏  | 257/300 [0:08:47<0:01:30, 0.48Hz] | epoch=10.28, loss=0.006800
[02.01 06:15:39] ┇ INFO    ┇    DeepKNLP.gner.trainer ┇ [training]  86%|█████████████████▏  | 258/300 [0:08:48<0:01:27, 0.48Hz] | epoch=10.32, loss=0.002100
[02.01 06:15:40] ┇ INFO    ┇    DeepKNLP.gner.trainer ┇ [training]  86%|█████████████████▎  | 259/300 [0:08:49<0:01:25, 0.48Hz] | epoch=10.36, loss=0.007400
[02.01 06:15:41] ┇ INFO    ┇    DeepKNLP.gner.trainer ┇ [training]  87%|█████████████████▎  | 260/300 [0:08:50<0:01:23, 0.48Hz] | epoch=10.40, loss=0.014900
[02.01 06:15:42] ┇ INFO    ┇    DeepKNLP.gner.trainer ┇ [training]  87%|█████████████████▍  | 261/300 [0:08:51<0:01:21, 0.48Hz] | epoch=10.44, loss=0.007400
[02.01 06:15:43] ┇ INFO    ┇    DeepKNLP.gner.trainer ┇ [training]  87%|█████████████████▍  | 262/300 [0:08:52<0:01:19, 0.48Hz] | epoch=10.48, loss=0.017900
[02.01 06:15:57] ┇ INFO    ┇    DeepKNLP.gner.trainer ┇ [checking] 100%|████████████████████| 1/1 [0:00:00<0:00:00, 97560.99Hz]
[02.01 06:15:57] ┇ INFO    ┇    DeepKNLP.gner.trainer ┇ [training]  87%|█████████████████▍  | 262/300 [0:08:52<0:01:19, 0.48Hz] | epoch=10.48, eval_average=0.8406
[02.01 06:15:58] ┇ INFO    ┇    DeepKNLP.gner.trainer ┇ [training]  88%|█████████████████▌  | 263/300 [0:09:07<0:01:25, 0.43Hz] | epoch=10.52, loss=0.007700
[02.01 06:15:59] ┇ INFO    ┇    DeepKNLP.gner.trainer ┇ [training]  88%|█████████████████▌  | 264/300 [0:09:08<0:01:15, 0.48Hz] | epoch=10.56, loss=0.003200
[02.01 06:16:00] ┇ INFO    ┇    DeepKNLP.gner.trainer ┇ [training]  88%|█████████████████▋  | 265/300 [0:09:09<0:01:13, 0.48Hz] | epoch=10.60, loss=0.013000
[02.01 06:16:01] ┇ INFO    ┇    DeepKNLP.gner.trainer ┇ [training]  89%|█████████████████▋  | 266/300 [0:09:10<0:01:11, 0.48Hz] | epoch=10.64, loss=0.012500
[02.01 06:16:02] ┇ INFO    ┇    DeepKNLP.gner.trainer ┇ [training]  89%|█████████████████▊  | 267/300 [0:09:11<0:01:09, 0.48Hz] | epoch=10.68, loss=0.005800
[02.01 06:16:03] ┇ INFO    ┇    DeepKNLP.gner.trainer ┇ [training]  89%|█████████████████▊  | 268/300 [0:09:12<0:01:07, 0.48Hz] | epoch=10.72, loss=0.010900
[02.01 06:16:04] ┇ INFO    ┇    DeepKNLP.gner.trainer ┇ [training]  90%|█████████████████▉  | 269/300 [0:09:13<0:01:04, 0.48Hz] | epoch=10.76, loss=0.013100
[02.01 06:16:05] ┇ INFO    ┇    DeepKNLP.gner.trainer ┇ [training]  90%|██████████████████  | 270/300 [0:09:14<0:01:02, 0.48Hz] | epoch=10.80, loss=0.001500
[02.01 06:16:06] ┇ INFO    ┇    DeepKNLP.gner.trainer ┇ [training]  90%|██████████████████  | 271/300 [0:09:15<0:01:00, 0.48Hz] | epoch=10.84, loss=0.010200
[02.01 06:16:07] ┇ INFO    ┇    DeepKNLP.gner.trainer ┇ [training]  91%|██████████████████▏ | 272/300 [0:09:16<0:00:58, 0.48Hz] | epoch=10.88, loss=0.009900
[02.01 06:16:08] ┇ INFO    ┇    DeepKNLP.gner.trainer ┇ [training]  91%|██████████████████▏ | 273/300 [0:09:17<0:00:56, 0.48Hz] | epoch=10.92, loss=0.013800
[02.01 06:16:09] ┇ INFO    ┇    DeepKNLP.gner.trainer ┇ [training]  91%|██████████████████▎ | 274/300 [0:09:18<0:00:54, 0.48Hz] | epoch=10.96, loss=0.009600
[02.01 06:16:10] ┇ INFO    ┇    DeepKNLP.gner.trainer ┇ [training]  92%|██████████████████▎ | 275/300 [0:09:19<0:00:52, 0.48Hz] | epoch=11.00, loss=0.007300
[02.01 06:16:24] ┇ INFO    ┇    DeepKNLP.gner.trainer ┇ [checking] 100%|████████████████████| 1/1 [0:00:00<0:00:00, 86941.39Hz]
[02.01 06:16:24] ┇ INFO    ┇    DeepKNLP.gner.trainer ┇ [training]  92%|██████████████████▎ | 275/300 [0:09:19<0:00:52, 0.48Hz] | epoch=11.00, eval_average=0.8344
[02.01 06:16:25] ┇ INFO    ┇    DeepKNLP.gner.trainer ┇ [training]  92%|██████████████████▍ | 276/300 [0:09:34<0:00:50, 0.48Hz] | epoch=11.04, loss=0.007800
[02.01 06:16:26] ┇ INFO    ┇    DeepKNLP.gner.trainer ┇ [training]  92%|██████████████████▍ | 277/300 [0:09:35<0:00:48, 0.48Hz] | epoch=11.08, loss=0.003800
[02.01 06:16:27] ┇ INFO    ┇    DeepKNLP.gner.trainer ┇ [training]  93%|██████████████████▌ | 278/300 [0:09:36<0:00:46, 0.48Hz] | epoch=11.12, loss=0.006100
[02.01 06:16:28] ┇ INFO    ┇    DeepKNLP.gner.trainer ┇ [training]  93%|██████████████████▌ | 279/300 [0:09:37<0:00:44, 0.48Hz] | epoch=11.16, loss=0.010000
[02.01 06:16:29] ┇ INFO    ┇    DeepKNLP.gner.trainer ┇ [training]  93%|██████████████████▋ | 280/300 [0:09:38<0:00:41, 0.48Hz] | epoch=11.20, loss=0.007800
[02.01 06:16:30] ┇ INFO    ┇    DeepKNLP.gner.trainer ┇ [training]  94%|██████████████████▋ | 281/300 [0:09:39<0:00:39, 0.48Hz] | epoch=11.24, loss=0.007200
[02.01 06:16:31] ┇ INFO    ┇    DeepKNLP.gner.trainer ┇ [training]  94%|██████████████████▊ | 282/300 [0:09:40<0:00:37, 0.48Hz] | epoch=11.28, loss=0.003200
[02.01 06:16:32] ┇ INFO    ┇    DeepKNLP.gner.trainer ┇ [training]  94%|██████████████████▊ | 283/300 [0:09:41<0:00:35, 0.48Hz] | epoch=11.32, loss=0.009200
[02.01 06:16:33] ┇ INFO    ┇    DeepKNLP.gner.trainer ┇ [training]  95%|██████████████████▉ | 284/300 [0:09:42<0:00:33, 0.48Hz] | epoch=11.36, loss=0.003600
[02.01 06:16:34] ┇ INFO    ┇    DeepKNLP.gner.trainer ┇ [training]  95%|███████████████████ | 285/300 [0:09:43<0:00:31, 0.48Hz] | epoch=11.40, loss=0.004700
[02.01 06:16:35] ┇ INFO    ┇    DeepKNLP.gner.trainer ┇ [training]  95%|███████████████████ | 286/300 [0:09:44<0:00:29, 0.48Hz] | epoch=11.44, loss=0.014900
[02.01 06:16:36] ┇ INFO    ┇    DeepKNLP.gner.trainer ┇ [training]  96%|███████████████████▏| 287/300 [0:09:45<0:00:27, 0.48Hz] | epoch=11.48, loss=0.003500
[02.01 06:16:37] ┇ INFO    ┇    DeepKNLP.gner.trainer ┇ [training]  96%|███████████████████▏| 288/300 [0:09:46<0:00:25, 0.48Hz] | epoch=11.52, loss=0.012800
[02.01 06:16:50] ┇ INFO    ┇    DeepKNLP.gner.trainer ┇ [checking] 100%|████████████████████| 1/1 [0:00:00<0:00:00, 105965.91Hz]
[02.01 06:16:51] ┇ INFO    ┇    DeepKNLP.gner.trainer ┇ [training]  96%|███████████████████▏| 288/300 [0:09:46<0:00:25, 0.48Hz] | epoch=11.52, eval_average=0.8368
[02.01 06:16:52] ┇ INFO    ┇    DeepKNLP.gner.trainer ┇ [training]  96%|███████████████████▎| 289/300 [0:10:00<0:00:23, 0.48Hz] | epoch=11.56, loss=0.004000
[02.01 06:16:53] ┇ INFO    ┇    DeepKNLP.gner.trainer ┇ [training]  97%|███████████████████▎| 290/300 [0:10:01<0:00:20, 0.48Hz] | epoch=11.60, loss=0.017700
[02.01 06:16:54] ┇ INFO    ┇    DeepKNLP.gner.trainer ┇ [training]  97%|███████████████████▍| 291/300 [0:10:02<0:00:18, 0.48Hz] | epoch=11.64, loss=0.004900
[02.01 06:16:55] ┇ INFO    ┇    DeepKNLP.gner.trainer ┇ [training]  97%|███████████████████▍| 292/300 [0:10:03<0:00:16, 0.48Hz] | epoch=11.68, loss=0.014900
[02.01 06:16:56] ┇ INFO    ┇    DeepKNLP.gner.trainer ┇ [training]  98%|███████████████████▌| 293/300 [0:10:04<0:00:14, 0.48Hz] | epoch=11.72, loss=0.009300
[02.01 06:16:57] ┇ INFO    ┇    DeepKNLP.gner.trainer ┇ [training]  98%|███████████████████▌| 294/300 [0:10:05<0:00:12, 0.48Hz] | epoch=11.76, loss=0.002600
[02.01 06:16:58] ┇ INFO    ┇    DeepKNLP.gner.trainer ┇ [training]  98%|███████████████████▋| 295/300 [0:10:06<0:00:10, 0.48Hz] | epoch=11.80, loss=0.013700
[02.01 06:16:59] ┇ INFO    ┇    DeepKNLP.gner.trainer ┇ [training]  99%|███████████████████▋| 296/300 [0:10:07<0:00:08, 0.48Hz] | epoch=11.84, loss=0.013400
[02.01 06:17:00] ┇ INFO    ┇    DeepKNLP.gner.trainer ┇ [training]  99%|███████████████████▊| 297/300 [0:10:08<0:00:06, 0.48Hz] | epoch=11.88, loss=0.004600
[02.01 06:17:01] ┇ INFO    ┇    DeepKNLP.gner.trainer ┇ [training]  99%|███████████████████▊| 298/300 [0:10:09<0:00:04, 0.48Hz] | epoch=11.92, loss=0.011100
[02.01 06:17:02] ┇ INFO    ┇    DeepKNLP.gner.trainer ┇ [training] 100%|███████████████████▉| 299/300 [0:10:10<0:00:02, 0.48Hz] | epoch=11.96, loss=0.007600
[02.01 06:17:03] ┇ INFO    ┇    DeepKNLP.gner.trainer ┇ [training] 100%|████████████████████| 300/300 [0:10:11<0:00:00, 0.48Hz] | epoch=12.00, loss=0.007200
[02.01 06:17:16] ┇ INFO    ┇    DeepKNLP.gner.trainer ┇ [checking] 100%|████████████████████| 1/1 [0:00:00<0:00:00, 91482.95Hz]
[02.01 06:17:16] ┇ INFO    ┇    DeepKNLP.gner.trainer ┇ [training] 100%|████████████████████| 300/300 [0:10:11<0:00:00, 0.48Hz] | epoch=12.00, eval_average=0.8344
[02.01 06:17:16] ┇ INFO    ┇    DeepKNLP.gner.trainer ┇ [training] 100%|████████████████████| 300/300 [0:10:11<0:00:00, 0.48Hz] | epoch=12.00, train_loss=0.0435, total_pflos=4.459
[02.01 06:17:16] ┇ INFO    ┇    DeepKNLP.gner.trainer ┇ -----------------------------------------------------------------------------------------------------------------------------------------
[02.01 06:17:16] ┇ INFO    ┇                 DeepKNLP ┇ Train output metrics: {'train_runtime': 625.4688, 'train_samples_per_second': 1.919, 'train_steps_per_second': 0.48, 'total_flos': 4458896887382016.0, 'train_loss': 0.043478813171386715, 'epoch': 12.0}
[02.01 06:17:17] ┇ INFO    ┇           chrisbase.data ┇ =========================================================================================================================================
[02.01 06:17:17] ┇ INFO    ┇           chrisbase.data ┇ [EXIT] python task2-nerG-trainer.py --local_rank=0 data/gner/each/crossner_music-train.jsonl --eval_file data/gner/each-sampled/crossner_music-dev=100.jsonl --pretrained google/flan-t5-xl --run_version FLAN-T5-3B-Baseline --eval_epochs 0.5 --num_train_epochs 12 --per_device_train_batch_size 1 --logging_file train-loggings-crossner_music-12ep.out --output_file train-metrics-crossner_music-12ep.csv --trainer_deepspeed configs/deepspeed/ds2_llama.json ($=00:10:51.000)
[02.01 06:17:17] ┇ INFO    ┇           chrisbase.data ┇ =========================================================================================================================================
