/home/chrisjihee/miniforge3/envs/DeepKNLP/bin/python -m deepspeed.launcher.runner --include=localhost:0,1,2,3 --master_port 30000 task2-nerG-trainer2.py train
[01.21 03:26:28] ┇ WARNING ┇                                        DeepSpeed ┇ Unable to find hostfile, will proceed with training with local resources only.
[01.21 03:26:41] ┇ WARNING ┇                                         DeepKNLP ┇ Process rank: 1, device: cuda:1, n_gpu: 1, distributed training: True, 16-bits training: True
[01.21 03:26:41] ┇ WARNING ┇                                         DeepKNLP ┇ Process rank: 2, device: cuda:2, n_gpu: 1, distributed training: True, 16-bits training: True
[01.21 03:26:41] ┇ WARNING ┇                                         DeepKNLP ┇ Process rank: 0, device: cuda:0, n_gpu: 1, distributed training: True, 16-bits training: True
[01.21 03:26:41] ┇ WARNING ┇                                         DeepKNLP ┇ Process rank: 3, device: cuda:3, n_gpu: 1, distributed training: True, 16-bits training: True
[01.21 03:26:42] ┇ INFO    ┇                                   chrisbase.data ┇ =========================================================================================================================================
[01.21 03:26:42] ┇ INFO    ┇                                   chrisbase.data ┇ [INIT] python task2-nerG-trainer2.py --local_rank=0 train
[01.21 03:26:42] ┇ INFO    ┇                                   chrisbase.data ┇ =========================================================================================================================================
[01.21 03:26:42] ┇ INFO    ┇                                   chrisbase.data ┇ -----+-----------------------------------------------+----------------------------------------------------------------------------------------------------------------------------------------------------------------------------------------------------
[01.21 03:26:42] ┇ INFO    ┇                                   chrisbase.data ┇    # | TrainingArgumentsForAccelerator               | value
[01.21 03:26:42] ┇ INFO    ┇                                   chrisbase.data ┇ -----+-----------------------------------------------+----------------------------------------------------------------------------------------------------------------------------------------------------------------------------------------------------
[01.21 03:26:42] ┇ INFO    ┇                                   chrisbase.data ┇    1 | env.hostname                                  | ptlm3
[01.21 03:26:42] ┇ INFO    ┇                                   chrisbase.data ┇    2 | env.hostaddr                                  | 129.254.121.74
[01.21 03:26:42] ┇ INFO    ┇                                   chrisbase.data ┇    3 | env.global_rank                               | -1
[01.21 03:26:42] ┇ INFO    ┇                                   chrisbase.data ┇    4 | env.local_rank                                | 0
[01.21 03:26:42] ┇ INFO    ┇                                   chrisbase.data ┇    5 | env.node_rank                                 | -1
[01.21 03:26:42] ┇ INFO    ┇                                   chrisbase.data ┇    6 | env.world_size                                | -1
[01.21 03:26:42] ┇ INFO    ┇                                   chrisbase.data ┇    7 | env.time_stamp                                | 0121.032640
[01.21 03:26:42] ┇ INFO    ┇                                   chrisbase.data ┇    8 | env.python_path                               | /home/chrisjihee/miniforge3/envs/DeepKNLP/bin/python
[01.21 03:26:42] ┇ INFO    ┇                                   chrisbase.data ┇    9 | env.current_dir                               | /home/chrisjihee/proj/DeepKNLP
[01.21 03:26:42] ┇ INFO    ┇                                   chrisbase.data ┇   10 | env.current_file                              | task2-nerG-trainer2.py
[01.21 03:26:42] ┇ INFO    ┇                                   chrisbase.data ┇   11 | env.command_args                              | ['--local_rank=0', 'train']
[01.21 03:26:42] ┇ INFO    ┇                                   chrisbase.data ┇   12 | env.output_home                               | output
[01.21 03:26:42] ┇ INFO    ┇                                   chrisbase.data ┇   13 | env.output_name                               | GNER
[01.21 03:26:42] ┇ INFO    ┇                                   chrisbase.data ┇   14 | env.run_version                               | EAGLE-1B-debug
[01.21 03:26:42] ┇ INFO    ┇                                   chrisbase.data ┇   15 | env.logging_file                              | train-messages-0121.032640.out
[01.21 03:26:42] ┇ INFO    ┇                                   chrisbase.data ┇   16 | env.logging_level                             | info
[01.21 03:26:42] ┇ INFO    ┇                                   chrisbase.data ┇   17 | env.logging_format                            | %(asctime)s ┇ %(levelname)-7s ┇ %(name)48s ┇ %(message)s
[01.21 03:26:42] ┇ INFO    ┇                                   chrisbase.data ┇   18 | env.datetime_format                           | [%m.%d %H:%M:%S]
[01.21 03:26:42] ┇ INFO    ┇                                   chrisbase.data ┇   19 | env.argument_file                             | train-arguments-0121.032640.json
[01.21 03:26:42] ┇ INFO    ┇                                   chrisbase.data ┇   20 | env.random_seed                               | 7
[01.21 03:26:42] ┇ INFO    ┇                                   chrisbase.data ┇   21 | env.max_workers                               | 4
[01.21 03:26:42] ┇ INFO    ┇                                   chrisbase.data ┇   22 | env.debugging                                 | False
[01.21 03:26:42] ┇ INFO    ┇                                   chrisbase.data ┇   23 | env.output_dir                                | output/GNER/EAGLE-1B-debug
[01.21 03:26:42] ┇ INFO    ┇                                   chrisbase.data ┇   24 | time.t1                                       | 2025-01-21 03:26:42.299924
[01.21 03:26:42] ┇ INFO    ┇                                   chrisbase.data ┇   25 | time.t2                                       | 2025-01-21 03:26:37.952944
[01.21 03:26:42] ┇ INFO    ┇                                   chrisbase.data ┇   26 | time.started                                  | [01.21 03:26:42]
[01.21 03:26:42] ┇ INFO    ┇                                   chrisbase.data ┇   27 | time.settled                                  |
[01.21 03:26:42] ┇ INFO    ┇                                   chrisbase.data ┇   28 | time.elapsed                                  |
[01.21 03:26:42] ┇ INFO    ┇                                   chrisbase.data ┇   29 | data.pretrained                               | etri-lirs/egpt-1.3b-preview
[01.21 03:26:42] ┇ INFO    ┇                                   chrisbase.data ┇   30 | data.train_file                               | data/gner/zero-shot-train.jsonl
[01.21 03:26:42] ┇ INFO    ┇                                   chrisbase.data ┇   31 | data.study_file                               |
[01.21 03:26:42] ┇ INFO    ┇                                   chrisbase.data ┇   32 | data.eval_file                                | data/gner/zero-shot-test-min.jsonl
[01.21 03:26:42] ┇ INFO    ┇                                   chrisbase.data ┇   33 | data.pred_file                                | data/gner/zero-shot-test-min.jsonl
[01.21 03:26:42] ┇ INFO    ┇                                   chrisbase.data ┇   34 | data.max_train_samples                        | -1
[01.21 03:26:42] ┇ INFO    ┇                                   chrisbase.data ┇   35 | data.max_study_samples                        | -1
[01.21 03:26:42] ┇ INFO    ┇                                   chrisbase.data ┇   36 | data.max_eval_samples                         | -1
[01.21 03:26:42] ┇ INFO    ┇                                   chrisbase.data ┇   37 | data.max_pred_samples                         | -1
[01.21 03:26:42] ┇ INFO    ┇                                   chrisbase.data ┇   38 | data.max_source_length                        | 640
[01.21 03:26:42] ┇ INFO    ┇                                   chrisbase.data ┇   39 | data.max_target_length                        | 640
[01.21 03:26:42] ┇ INFO    ┇                                   chrisbase.data ┇   40 | data.use_cache_data                           | False
[01.21 03:26:42] ┇ INFO    ┇                                   chrisbase.data ┇   41 | data.ignore_pad_token_for_loss                | True
[01.21 03:26:42] ┇ INFO    ┇                                   chrisbase.data ┇   42 | train.output_dir                              | output/GNER/EAGLE-1B-debug
[01.21 03:26:42] ┇ INFO    ┇                                   chrisbase.data ┇   43 | train.overwrite_output_dir                    | True
[01.21 03:26:42] ┇ INFO    ┇                                   chrisbase.data ┇   44 | train.do_train                                | True
[01.21 03:26:42] ┇ INFO    ┇                                   chrisbase.data ┇   45 | train.do_eval                                 | True
[01.21 03:26:42] ┇ INFO    ┇                                   chrisbase.data ┇   46 | train.do_predict                              | False
[01.21 03:26:42] ┇ INFO    ┇                                   chrisbase.data ┇   47 | train.eval_strategy                           | IntervalStrategy.EPOCH
[01.21 03:26:42] ┇ INFO    ┇                                   chrisbase.data ┇   48 | train.prediction_loss_only                    | False
[01.21 03:26:42] ┇ INFO    ┇                                   chrisbase.data ┇   49 | train.per_device_train_batch_size             | 8
[01.21 03:26:42] ┇ INFO    ┇                                   chrisbase.data ┇   50 | train.per_device_eval_batch_size              | 8
[01.21 03:26:42] ┇ INFO    ┇                                   chrisbase.data ┇   51 | train.per_gpu_train_batch_size                |
[01.21 03:26:42] ┇ INFO    ┇                                   chrisbase.data ┇   52 | train.per_gpu_eval_batch_size                 |
[01.21 03:26:42] ┇ INFO    ┇                                   chrisbase.data ┇   53 | train.gradient_accumulation_steps             | 4
[01.21 03:26:42] ┇ INFO    ┇                                   chrisbase.data ┇   54 | train.eval_accumulation_steps                 |
[01.21 03:26:42] ┇ INFO    ┇                                   chrisbase.data ┇   55 | train.eval_delay                              | 0
[01.21 03:26:42] ┇ INFO    ┇                                   chrisbase.data ┇   56 | train.torch_empty_cache_steps                 |
[01.21 03:26:42] ┇ INFO    ┇                                   chrisbase.data ┇   57 | train.learning_rate                           | 2e-05
[01.21 03:26:42] ┇ INFO    ┇                                   chrisbase.data ┇   58 | train.weight_decay                            | 0.0
[01.21 03:26:42] ┇ INFO    ┇                                   chrisbase.data ┇   59 | train.adam_beta1                              | 0.9
[01.21 03:26:42] ┇ INFO    ┇                                   chrisbase.data ┇   60 | train.adam_beta2                              | 0.999
[01.21 03:26:42] ┇ INFO    ┇                                   chrisbase.data ┇   61 | train.adam_epsilon                            | 1e-08
[01.21 03:26:42] ┇ INFO    ┇                                   chrisbase.data ┇   62 | train.max_grad_norm                           | 1.0
[01.21 03:26:42] ┇ INFO    ┇                                   chrisbase.data ┇   63 | train.num_train_epochs                        | 0.5
[01.21 03:26:42] ┇ INFO    ┇                                   chrisbase.data ┇   64 | train.max_steps                               | -1
[01.21 03:26:42] ┇ INFO    ┇                                   chrisbase.data ┇   65 | train.lr_scheduler_type                       | SchedulerType.COSINE
[01.21 03:26:42] ┇ INFO    ┇                                   chrisbase.data ┇   66 | train.lr_scheduler_kwargs                     | {}
[01.21 03:26:42] ┇ INFO    ┇                                   chrisbase.data ┇   67 | train.warmup_ratio                            | 0.04
[01.21 03:26:42] ┇ INFO    ┇                                   chrisbase.data ┇   68 | train.warmup_steps                            | 0
[01.21 03:26:42] ┇ INFO    ┇                                   chrisbase.data ┇   69 | train.log_level                               | info
[01.21 03:26:42] ┇ INFO    ┇                                   chrisbase.data ┇   70 | train.log_level_replica                       | warning
[01.21 03:26:42] ┇ INFO    ┇                                   chrisbase.data ┇   71 | train.log_on_each_node                        | True
[01.21 03:26:42] ┇ INFO    ┇                                   chrisbase.data ┇   72 | train.logging_dir                             | output/GNER/EAGLE-1B-debug/runs/Jan21_03-26-41_ptlm3
[01.21 03:26:42] ┇ INFO    ┇                                   chrisbase.data ┇   73 | train.logging_strategy                        | IntervalStrategy.STEPS
[01.21 03:26:42] ┇ INFO    ┇                                   chrisbase.data ┇   74 | train.logging_first_step                      | False
[01.21 03:26:42] ┇ INFO    ┇                                   chrisbase.data ┇   75 | train.logging_steps                           | 10
[01.21 03:26:42] ┇ INFO    ┇                                   chrisbase.data ┇   76 | train.logging_nan_inf_filter                  | True
[01.21 03:26:42] ┇ INFO    ┇                                   chrisbase.data ┇   77 | train.save_strategy                           | SaveStrategy.EPOCH
[01.21 03:26:42] ┇ INFO    ┇                                   chrisbase.data ┇   78 | train.save_steps                              | 500
[01.21 03:26:42] ┇ INFO    ┇                                   chrisbase.data ┇   79 | train.save_total_limit                        |
[01.21 03:26:42] ┇ INFO    ┇                                   chrisbase.data ┇   80 | train.save_safetensors                        | True
[01.21 03:26:42] ┇ INFO    ┇                                   chrisbase.data ┇   81 | train.save_on_each_node                       | False
[01.21 03:26:42] ┇ INFO    ┇                                   chrisbase.data ┇   82 | train.save_only_model                         | False
[01.21 03:26:42] ┇ INFO    ┇                                   chrisbase.data ┇   83 | train.restore_callback_states_from_checkpoint | False
[01.21 03:26:42] ┇ INFO    ┇                                   chrisbase.data ┇   84 | train.no_cuda                                 | False
[01.21 03:26:42] ┇ INFO    ┇                                   chrisbase.data ┇   85 | train.use_cpu                                 | False
[01.21 03:26:42] ┇ INFO    ┇                                   chrisbase.data ┇   86 | train.use_mps_device                          | False
[01.21 03:26:42] ┇ INFO    ┇                                   chrisbase.data ┇   87 | train.seed                                    | 7
[01.21 03:26:42] ┇ INFO    ┇                                   chrisbase.data ┇   88 | train.data_seed                               |
[01.21 03:26:42] ┇ INFO    ┇                                   chrisbase.data ┇   89 | train.jit_mode_eval                           | False
[01.21 03:26:42] ┇ INFO    ┇                                   chrisbase.data ┇   90 | train.use_ipex                                | False
[01.21 03:26:42] ┇ INFO    ┇                                   chrisbase.data ┇   91 | train.bf16                                    | True
[01.21 03:26:42] ┇ INFO    ┇                                   chrisbase.data ┇   92 | train.fp16                                    | False
[01.21 03:26:42] ┇ INFO    ┇                                   chrisbase.data ┇   93 | train.fp16_opt_level                          | O1
[01.21 03:26:42] ┇ INFO    ┇                                   chrisbase.data ┇   94 | train.half_precision_backend                  | auto
[01.21 03:26:42] ┇ INFO    ┇                                   chrisbase.data ┇   95 | train.bf16_full_eval                          | True
[01.21 03:26:42] ┇ INFO    ┇                                   chrisbase.data ┇   96 | train.fp16_full_eval                          | False
[01.21 03:26:42] ┇ INFO    ┇                                   chrisbase.data ┇   97 | train.tf32                                    | True
[01.21 03:26:42] ┇ INFO    ┇                                   chrisbase.data ┇   98 | train.local_rank                              | 0
[01.21 03:26:42] ┇ INFO    ┇                                   chrisbase.data ┇   99 | train.ddp_backend                             |
[01.21 03:26:42] ┇ INFO    ┇                                   chrisbase.data ┇  100 | train.tpu_num_cores                           |
[01.21 03:26:42] ┇ INFO    ┇                                   chrisbase.data ┇  101 | train.tpu_metrics_debug                       | False
[01.21 03:26:42] ┇ INFO    ┇                                   chrisbase.data ┇  102 | train.debug                                   | []
[01.21 03:26:42] ┇ INFO    ┇                                   chrisbase.data ┇  103 | train.dataloader_drop_last                    | False
[01.21 03:26:42] ┇ INFO    ┇                                   chrisbase.data ┇  104 | train.eval_steps                              |
[01.21 03:26:42] ┇ INFO    ┇                                   chrisbase.data ┇  105 | train.dataloader_num_workers                  | 0
[01.21 03:26:42] ┇ INFO    ┇                                   chrisbase.data ┇  106 | train.dataloader_prefetch_factor              |
[01.21 03:26:42] ┇ INFO    ┇                                   chrisbase.data ┇  107 | train.past_index                              | -1
[01.21 03:26:42] ┇ INFO    ┇                                   chrisbase.data ┇  108 | train.run_name                                | output/GNER/EAGLE-1B-debug
[01.21 03:26:42] ┇ INFO    ┇                                   chrisbase.data ┇  109 | train.disable_tqdm                            | False
[01.21 03:26:42] ┇ INFO    ┇                                   chrisbase.data ┇  110 | train.remove_unused_columns                   | False
[01.21 03:26:42] ┇ INFO    ┇                                   chrisbase.data ┇  111 | train.label_names                             |
[01.21 03:26:42] ┇ INFO    ┇                                   chrisbase.data ┇  112 | train.load_best_model_at_end                  | False
[01.21 03:26:42] ┇ INFO    ┇                                   chrisbase.data ┇  113 | train.metric_for_best_model                   |
[01.21 03:26:42] ┇ INFO    ┇                                   chrisbase.data ┇  114 | train.greater_is_better                       |
[01.21 03:26:42] ┇ INFO    ┇                                   chrisbase.data ┇  115 | train.ignore_data_skip                        | False
[01.21 03:26:42] ┇ INFO    ┇                                   chrisbase.data ┇  116 | train.fsdp                                    | []
[01.21 03:26:42] ┇ INFO    ┇                                   chrisbase.data ┇  117 | train.fsdp_min_num_params                     | 0
[01.21 03:26:42] ┇ INFO    ┇                                   chrisbase.data ┇  118 | train.fsdp_config                             | {'min_num_params': 0, 'xla': False, 'xla_fsdp_v2': False, 'xla_fsdp_grad_ckpt': False}
[01.21 03:26:42] ┇ INFO    ┇                                   chrisbase.data ┇  119 | train.fsdp_transformer_layer_cls_to_wrap      |
[01.21 03:26:42] ┇ INFO    ┇                                   chrisbase.data ┇  120 | train.accelerator_config                      | {'split_batches': False, 'dispatch_batches': None, 'even_batches': True, 'use_seedable_sampler': True, 'non_blocking': False, 'gradient_accumulation_kwargs': None, 'use_configured_state': False}
[01.21 03:26:42] ┇ INFO    ┇                                   chrisbase.data ┇  121 | train.deepspeed                               |
[01.21 03:26:42] ┇ INFO    ┇                                   chrisbase.data ┇  122 | train.label_smoothing_factor                  | 0.0
[01.21 03:26:42] ┇ INFO    ┇                                   chrisbase.data ┇  123 | train.optim                                   | OptimizerNames.ADAMW_TORCH
[01.21 03:26:42] ┇ INFO    ┇                                   chrisbase.data ┇  124 | train.optim_args                              |
[01.21 03:26:42] ┇ INFO    ┇                                   chrisbase.data ┇  125 | train.adafactor                               | False
[01.21 03:26:42] ┇ INFO    ┇                                   chrisbase.data ┇  126 | train.group_by_length                         | False
[01.21 03:26:42] ┇ INFO    ┇                                   chrisbase.data ┇  127 | train.length_column_name                      | length
[01.21 03:26:42] ┇ INFO    ┇                                   chrisbase.data ┇  128 | train.report_to                               | ['tensorboard']
[01.21 03:26:42] ┇ INFO    ┇                                   chrisbase.data ┇  129 | train.ddp_find_unused_parameters              |
[01.21 03:26:42] ┇ INFO    ┇                                   chrisbase.data ┇  130 | train.ddp_bucket_cap_mb                       |
[01.21 03:26:42] ┇ INFO    ┇                                   chrisbase.data ┇  131 | train.ddp_broadcast_buffers                   |
[01.21 03:26:42] ┇ INFO    ┇                                   chrisbase.data ┇  132 | train.dataloader_pin_memory                   | True
[01.21 03:26:42] ┇ INFO    ┇                                   chrisbase.data ┇  133 | train.dataloader_persistent_workers           | False
[01.21 03:26:42] ┇ INFO    ┇                                   chrisbase.data ┇  134 | train.skip_memory_metrics                     | True
[01.21 03:26:42] ┇ INFO    ┇                                   chrisbase.data ┇  135 | train.use_legacy_prediction_loop              | False
[01.21 03:26:42] ┇ INFO    ┇                                   chrisbase.data ┇  136 | train.push_to_hub                             | False
[01.21 03:26:42] ┇ INFO    ┇                                   chrisbase.data ┇  137 | train.resume_from_checkpoint                  |
[01.21 03:26:42] ┇ INFO    ┇                                   chrisbase.data ┇  138 | train.hub_model_id                            |
[01.21 03:26:42] ┇ INFO    ┇                                   chrisbase.data ┇  139 | train.hub_strategy                            | HubStrategy.EVERY_SAVE
[01.21 03:26:42] ┇ INFO    ┇                                   chrisbase.data ┇  140 | train.hub_token                               |
[01.21 03:26:42] ┇ INFO    ┇                                   chrisbase.data ┇  141 | train.hub_private_repo                        |
[01.21 03:26:42] ┇ INFO    ┇                                   chrisbase.data ┇  142 | train.hub_always_push                         | False
[01.21 03:26:42] ┇ INFO    ┇                                   chrisbase.data ┇  143 | train.gradient_checkpointing                  | True
[01.21 03:26:42] ┇ INFO    ┇                                   chrisbase.data ┇  144 | train.gradient_checkpointing_kwargs           |
[01.21 03:26:42] ┇ INFO    ┇                                   chrisbase.data ┇  145 | train.include_inputs_for_metrics              | False
[01.21 03:26:42] ┇ INFO    ┇                                   chrisbase.data ┇  146 | train.include_for_metrics                     | []
[01.21 03:26:42] ┇ INFO    ┇                                   chrisbase.data ┇  147 | train.eval_do_concat_batches                  | True
[01.21 03:26:42] ┇ INFO    ┇                                   chrisbase.data ┇  148 | train.fp16_backend                            | auto
[01.21 03:26:42] ┇ INFO    ┇                                   chrisbase.data ┇  149 | train.evaluation_strategy                     |
[01.21 03:26:42] ┇ INFO    ┇                                   chrisbase.data ┇  150 | train.push_to_hub_model_id                    |
[01.21 03:26:42] ┇ INFO    ┇                                   chrisbase.data ┇  151 | train.push_to_hub_organization                |
[01.21 03:26:42] ┇ INFO    ┇                                   chrisbase.data ┇  152 | train.push_to_hub_token                       |
[01.21 03:26:42] ┇ INFO    ┇                                   chrisbase.data ┇  153 | train._n_gpu                                  | 1
[01.21 03:26:42] ┇ INFO    ┇                                   chrisbase.data ┇  154 | train.mp_parameters                           |
[01.21 03:26:42] ┇ INFO    ┇                                   chrisbase.data ┇  155 | train.auto_find_batch_size                    | False
[01.21 03:26:42] ┇ INFO    ┇                                   chrisbase.data ┇  156 | train.full_determinism                        | False
[01.21 03:26:42] ┇ INFO    ┇                                   chrisbase.data ┇  157 | train.torchdynamo                             |
[01.21 03:26:42] ┇ INFO    ┇                                   chrisbase.data ┇  158 | train.ray_scope                               | last
[01.21 03:26:42] ┇ INFO    ┇                                   chrisbase.data ┇  159 | train.ddp_timeout                             | 1800
[01.21 03:26:42] ┇ INFO    ┇                                   chrisbase.data ┇  160 | train.torch_compile                           | False
[01.21 03:26:42] ┇ INFO    ┇                                   chrisbase.data ┇  161 | train.torch_compile_backend                   |
[01.21 03:26:42] ┇ INFO    ┇                                   chrisbase.data ┇  162 | train.torch_compile_mode                      |
[01.21 03:26:42] ┇ INFO    ┇                                   chrisbase.data ┇  163 | train.dispatch_batches                        |
[01.21 03:26:42] ┇ INFO    ┇                                   chrisbase.data ┇  164 | train.split_batches                           |
[01.21 03:26:42] ┇ INFO    ┇                                   chrisbase.data ┇  165 | train.include_tokens_per_second               | False
[01.21 03:26:42] ┇ INFO    ┇                                   chrisbase.data ┇  166 | train.include_num_input_tokens_seen           | False
[01.21 03:26:42] ┇ INFO    ┇                                   chrisbase.data ┇  167 | train.neftune_noise_alpha                     |
[01.21 03:26:42] ┇ INFO    ┇                                   chrisbase.data ┇  168 | train.optim_target_modules                    |
[01.21 03:26:42] ┇ INFO    ┇                                   chrisbase.data ┇  169 | train.batch_eval_metrics                      | False
[01.21 03:26:42] ┇ INFO    ┇                                   chrisbase.data ┇  170 | train.eval_on_start                           | False
[01.21 03:26:42] ┇ INFO    ┇                                   chrisbase.data ┇  171 | train.use_liger_kernel                        | False
[01.21 03:26:42] ┇ INFO    ┇                                   chrisbase.data ┇  172 | train.eval_use_gather_object                  | False
[01.21 03:26:42] ┇ INFO    ┇                                   chrisbase.data ┇  173 | train.average_tokens_across_devices           | False
[01.21 03:26:42] ┇ INFO    ┇                                   chrisbase.data ┇  174 | train.sortish_sampler                         | False
[01.21 03:26:42] ┇ INFO    ┇                                   chrisbase.data ┇  175 | train.predict_with_generate                   | True
[01.21 03:26:42] ┇ INFO    ┇                                   chrisbase.data ┇  176 | train.generation_max_length                   | 1280
[01.21 03:26:42] ┇ INFO    ┇                                   chrisbase.data ┇  177 | train.generation_num_beams                    |
[01.21 03:26:42] ┇ INFO    ┇                                   chrisbase.data ┇  178 | train.generation_config                       |
[01.21 03:26:42] ┇ INFO    ┇                                   chrisbase.data ┇ -----+-----------------------------------------------+----------------------------------------------------------------------------------------------------------------------------------------------------------------------------------------------------
[01.21 03:26:42] ┇ INFO    ┇                 transformers.configuration_utils ┇ loading configuration file config.json from cache at /home/chrisjihee/.cache/huggingface/hub/models--etri-lirs--egpt-1.3b-preview/snapshots/31d1b605e933486cad270e689434f64aaf4906d3/config.json
[01.21 03:26:42] ┇ INFO    ┇                 transformers.configuration_utils ┇ Model config GPTNeoXConfig {
  "_name_or_path": "etri-lirs/egpt-1.3b-preview",
  "architectures": [
    "GPTNeoXForCausalLM"
  ],
  "attention_bias": true,
  "attention_dropout": 0.0,
  "bos_token_id": 2,
  "classifier_dropout": 0.1,
  "eos_token_id": 2,
  "hidden_act": "gelu",
  "hidden_dropout": 0.0,
  "hidden_size": 2048,
  "initializer_range": 0.02,
  "intermediate_size": 8192,
  "layer_norm_eps": 1e-05,
  "max_position_embeddings": 2048,
  "model_type": "gpt_neox",
  "num_attention_heads": 16,
  "num_hidden_layers": 24,
  "partial_rotary_factor": 1.0,
  "rope_scaling": null,
  "rope_theta": 10000,
  "rotary_emb_base": 10000,
  "rotary_pct": 1.0,
  "tie_word_embeddings": false,
  "torch_dtype": "float16",
  "transformers_version": "4.49.0.dev0",
  "use_cache": true,
  "use_parallel_residual": false,
  "vocab_size": 32384
}

[01.21 03:26:42] ┇ INFO    ┇             transformers.tokenization_utils_base ┇ loading file tokenizer.model from cache at /home/chrisjihee/.cache/huggingface/hub/models--etri-lirs--egpt-1.3b-preview/snapshots/31d1b605e933486cad270e689434f64aaf4906d3/tokenizer.model
[01.21 03:26:42] ┇ INFO    ┇             transformers.tokenization_utils_base ┇ loading file tokenizer.json from cache at None
[01.21 03:26:42] ┇ INFO    ┇             transformers.tokenization_utils_base ┇ loading file added_tokens.json from cache at None
[01.21 03:26:42] ┇ INFO    ┇             transformers.tokenization_utils_base ┇ loading file special_tokens_map.json from cache at /home/chrisjihee/.cache/huggingface/hub/models--etri-lirs--egpt-1.3b-preview/snapshots/31d1b605e933486cad270e689434f64aaf4906d3/special_tokens_map.json
[01.21 03:26:42] ┇ INFO    ┇             transformers.tokenization_utils_base ┇ loading file tokenizer_config.json from cache at /home/chrisjihee/.cache/huggingface/hub/models--etri-lirs--egpt-1.3b-preview/snapshots/31d1b605e933486cad270e689434f64aaf4906d3/tokenizer_config.json
[01.21 03:26:42] ┇ INFO    ┇             transformers.tokenization_utils_base ┇ loading file chat_template.jinja from cache at None
[01.21 03:26:43] ┇ INFO    ┇                      transformers.modeling_utils ┇ loading weights file pytorch_model.bin from cache at /home/chrisjihee/.cache/huggingface/hub/models--etri-lirs--egpt-1.3b-preview/snapshots/31d1b605e933486cad270e689434f64aaf4906d3/pytorch_model.bin
[01.21 03:26:43] ┇ INFO    ┇      transformers.generation.configuration_utils ┇ Generate config GenerationConfig {
  "bos_token_id": 2,
  "eos_token_id": 2
}

[01.21 03:26:43] ┇ INFO    ┇              transformers.safetensors_conversion ┇ Attempting to create safetensors variant
[01.21 03:26:44] ┇ INFO    ┇              transformers.safetensors_conversion ┇ Safetensors PR exists
[01.21 03:26:45] ┇ INFO    ┇                      transformers.modeling_utils ┇ All model checkpoint weights were used when initializing GPTNeoXForCausalLM.

[01.21 03:26:45] ┇ INFO    ┇                      transformers.modeling_utils ┇ All the weights of GPTNeoXForCausalLM were initialized from the model checkpoint at etri-lirs/egpt-1.3b-preview.
If your task is similar to the task the model of the checkpoint was trained on, you can already use GPTNeoXForCausalLM for predictions without further training.
[01.21 03:26:45] ┇ INFO    ┇      transformers.generation.configuration_utils ┇ loading configuration file generation_config.json from cache at /home/chrisjihee/.cache/huggingface/hub/models--etri-lirs--egpt-1.3b-preview/snapshots/31d1b605e933486cad270e689434f64aaf4906d3/generation_config.json
[01.21 03:26:45] ┇ INFO    ┇      transformers.generation.configuration_utils ┇ Generate config GenerationConfig {
  "bos_token_id": 2,
  "eos_token_id": 2
}

[01.21 03:26:46] ┇ INFO    ┇                                         DeepKNLP ┇ type(model)=<class 'transformers.models.gpt_neox.modeling_gpt_neox.GPTNeoXForCausalLM'>
[01.21 03:26:46] ┇ INFO    ┇                                         DeepKNLP ┇ model.generation_config.pad_token_id=0
[01.21 03:26:46] ┇ INFO    ┇                                         DeepKNLP ┇ Use data/gner/zero-shot-train.jsonl as train_dataset(#=18135)
Running tokenizer on train_dataset (num_proc=4): 100%|██████████| 18135/18135 [00:05<00:00, 3475.75 examples/s]
Running tokenizer on train_dataset (num_proc=4): 100%|██████████| 18135/18135 [00:05<00:00, 3227.18 examples/s]
Running tokenizer on train_dataset (num_proc=4): 100%|██████████| 18135/18135 [00:05<00:00, 3220.37 examples/s]
Running tokenizer on train_dataset (num_proc=4): 100%|██████████| 18135/18135 [00:05<00:00, 3203.04 examples/s]
[01.21 03:26:59] ┇ INFO    ┇                                         DeepKNLP ┇ Use data/gner/zero-shot-test-min.jsonl as eval_dataset(#=65)
Running tokenizer on eval_dataset (num_proc=4): 100%|██████████| 65/65 [00:00<00:00, 111.89 examples/s]
Running tokenizer on eval_dataset (num_proc=4): 100%|██████████| 65/65 [00:00<00:00, 114.92 examples/s]
Running tokenizer on eval_dataset (num_proc=4): 100%|██████████| 65/65 [00:00<00:00, 112.31 examples/s]
Running tokenizer on eval_dataset (num_proc=4): 100%|██████████| 65/65 [00:00<00:00, 112.62 examples/s]
[01.21 03:27:01] ┇ INFO    ┇                                             root ┇ gcc -pthread -B /home/chrisjihee/miniforge3/envs/DeepKNLP/compiler_compat -fno-strict-overflow -Wsign-compare -DNDEBUG -O2 -Wall -fPIC -O2 -isystem /home/chrisjihee/miniforge3/envs/DeepKNLP/include -fPIC -O2 -isystem /home/chrisjihee/miniforge3/envs/DeepKNLP/include -fPIC -c /tmp/tmp60pq94lu/test.c -o /tmp/tmp60pq94lu/test.o
[01.21 03:27:01] ┇ INFO    ┇                                             root ┇ gcc -pthread -B /home/chrisjihee/miniforge3/envs/DeepKNLP/compiler_compat /tmp/tmp60pq94lu/test.o -laio -o /tmp/tmp60pq94lu/a.out
[01.21 03:27:02] ┇ INFO    ┇                                             root ┇ gcc -pthread -B /home/chrisjihee/miniforge3/envs/DeepKNLP/compiler_compat -fno-strict-overflow -Wsign-compare -DNDEBUG -O2 -Wall -fPIC -O2 -isystem /home/chrisjihee/miniforge3/envs/DeepKNLP/include -fPIC -O2 -isystem /home/chrisjihee/miniforge3/envs/DeepKNLP/include -fPIC -c /tmp/tmpffnjfb5q/test.c -o /tmp/tmpffnjfb5q/test.o
[01.21 03:27:02] ┇ INFO    ┇                                             root ┇ gcc -pthread -B /home/chrisjihee/miniforge3/envs/DeepKNLP/compiler_compat /tmp/tmpffnjfb5q/test.o -L/home/chrisjihee/miniforge3/envs/DeepKNLP -L/home/chrisjihee/miniforge3/envs/DeepKNLP/lib64 -lcufile -o /tmp/tmpffnjfb5q/a.out
[01.21 03:27:02] ┇ INFO    ┇                             transformers.trainer ┇ Using auto half precision backend
[01.21 03:27:06] ┇ DEBUG   ┇                         c10d-NullHandler-default ┇ {'func_name': 'new_group', 'args': '(range(0, 4),), {}', 'pg_name': 'None', 'backend': 'nccl', 'world_size': '4', 'group_size': '4', 'global_rank': '0', 'local_rank': '0', 'nccl_version': '2.21.5', 'time_spent': '413264ns'}
[01.21 03:27:06] ┇ DEBUG   ┇                         c10d-NullHandler-default ┇ {'func_name': 'new_group', 'args': '(range(0, 4),), {}', 'pg_name': 'None', 'backend': 'nccl', 'world_size': '4', 'group_size': '4', 'global_rank': '2', 'local_rank': '2', 'nccl_version': '2.21.5', 'time_spent': '397173ns'}
[01.21 03:27:06] ┇ DEBUG   ┇                         c10d-NullHandler-default ┇ {'func_name': 'new_group', 'args': '(range(0, 4),), {}', 'pg_name': 'None', 'backend': 'nccl', 'world_size': '4', 'group_size': '4', 'global_rank': '1', 'local_rank': '1', 'nccl_version': '2.21.5', 'time_spent': '401492ns'}
[01.21 03:27:06] ┇ DEBUG   ┇                         c10d-NullHandler-default ┇ {'func_name': 'new_group', 'args': '(range(0, 4),), {}', 'pg_name': 'None', 'backend': 'nccl', 'world_size': '4', 'group_size': '4', 'global_rank': '3', 'local_rank': '3', 'nccl_version': '2.21.5', 'time_spent': '389799ns'}
[01.21 03:27:11] ┇ WARNING ┇                                        DeepSpeed ┇ Attempting to get learning rate from scheduler before it has started
[01.21 03:27:11] ┇ WARNING ┇                                        DeepSpeed ┇ Attempting to get learning rate from scheduler before it has started
[01.21 03:27:11] ┇ WARNING ┇                                        DeepSpeed ┇ Attempting to get learning rate from scheduler before it has started
[01.21 03:27:11] ┇ WARNING ┇   transformers.models.gpt_neox.modeling_gpt_neox ┇ `use_cache=True` is incompatible with gradient checkpointing. Setting `use_cache=False`...
[01.21 03:27:11] ┇ WARNING ┇   transformers.models.gpt_neox.modeling_gpt_neox ┇ `use_cache=True` is incompatible with gradient checkpointing. Setting `use_cache=False`...
[01.21 03:27:11] ┇ WARNING ┇   transformers.models.gpt_neox.modeling_gpt_neox ┇ `use_cache=True` is incompatible with gradient checkpointing. Setting `use_cache=False`...
[01.21 03:27:11] ┇ WARNING ┇                                        DeepSpeed ┇ Attempting to get learning rate from scheduler before it has started
[01.21 03:27:11] ┇ INFO    ┇                             transformers.trainer ┇ ***** Running training *****
[01.21 03:27:11] ┇ INFO    ┇                             transformers.trainer ┇   Num examples = 18,135
[01.21 03:27:11] ┇ INFO    ┇                             transformers.trainer ┇   Num Epochs = 1
[01.21 03:27:11] ┇ INFO    ┇                             transformers.trainer ┇   Instantaneous batch size per device = 8
[01.21 03:27:11] ┇ INFO    ┇                             transformers.trainer ┇   Total train batch size (w. parallel, distributed & accumulation) = 128
[01.21 03:27:11] ┇ INFO    ┇                             transformers.trainer ┇   Gradient Accumulation steps = 4
[01.21 03:27:11] ┇ INFO    ┇                             transformers.trainer ┇   Total optimization steps = 71
[01.21 03:27:11] ┇ INFO    ┇                             transformers.trainer ┇   Number of trainable parameters = 1,341,247,488
  0%|          | 0/71 [00:00<?, ?it/s][01.21 03:27:11] ┇ WARNING ┇   transformers.models.gpt_neox.modeling_gpt_neox ┇ `use_cache=True` is incompatible with gradient checkpointing. Setting `use_cache=False`...
 14%|█▍        | 10/71 [00:23<02:11,  2.16s/it]{'loss': 0.9358, 'grad_norm': 0.7520268559455872, 'learning_rate': 1.823529411764706e-05, 'epoch': 0.07}
 28%|██▊       | 20/71 [00:43<01:39,  1.95s/it]{'loss': 0.1278, 'grad_norm': 0.31632018089294434, 'learning_rate': 1.5294117647058822e-05, 'epoch': 0.14}
 42%|████▏     | 30/71 [01:04<01:28,  2.16s/it]{'loss': 0.0705, 'grad_norm': 0.19092705845832825, 'learning_rate': 1.235294117647059e-05, 'epoch': 0.21}
 56%|█████▋    | 40/71 [01:24<01:02,  2.01s/it]{'loss': 0.0532, 'grad_norm': 0.195684015750885, 'learning_rate': 9.411764705882354e-06, 'epoch': 0.28}
 70%|███████   | 50/71 [01:45<00:47,  2.24s/it]{'loss': 0.0477, 'grad_norm': 0.153150275349617, 'learning_rate': 6.470588235294119e-06, 'epoch': 0.35}
 85%|████████▍ | 60/71 [02:06<00:24,  2.20s/it]{'loss': 0.039, 'grad_norm': 0.10214919596910477, 'learning_rate': 3.529411764705883e-06, 'epoch': 0.42}
 99%|█████████▊| 70/71 [02:26<00:01,  1.99s/it]{'loss': 0.0407, 'grad_norm': 0.11457229405641556, 'learning_rate': 5.882352941176471e-07, 'epoch': 0.49}
100%|██████████| 71/71 [02:28<00:00,  1.99s/it][01.21 03:29:42] ┇ INFO    ┇                             transformers.trainer ┇ Saving model checkpoint to output/GNER/EAGLE-1B-debug/checkpoint-71
[01.21 03:29:42] ┇ INFO    ┇                 transformers.configuration_utils ┇ Configuration saved in output/GNER/EAGLE-1B-debug/checkpoint-71/config.json
[01.21 03:29:42] ┇ INFO    ┇      transformers.generation.configuration_utils ┇ Configuration saved in output/GNER/EAGLE-1B-debug/checkpoint-71/generation_config.json
[01.21 03:29:46] ┇ INFO    ┇                      transformers.modeling_utils ┇ Model weights saved in output/GNER/EAGLE-1B-debug/checkpoint-71/model.safetensors
[01.21 03:29:46] ┇ INFO    ┇             transformers.tokenization_utils_base ┇ tokenizer config file saved in output/GNER/EAGLE-1B-debug/checkpoint-71/tokenizer_config.json
[01.21 03:29:46] ┇ INFO    ┇             transformers.tokenization_utils_base ┇ Special tokens file saved in output/GNER/EAGLE-1B-debug/checkpoint-71/special_tokens_map.json
[01.21 03:30:02] ┇ INFO    ┇                             transformers.trainer ┇ ***** Running Evaluation *****
[01.21 03:30:02] ┇ INFO    ┇                             transformers.trainer ┇   Num examples = 65
[01.21 03:30:02] ┇ INFO    ┇                             transformers.trainer ┇   Batch size = 8

  0%|          | 0/3 [00:00<?, ?it/s]
 67%|██████▋   | 2/3 [00:05<00:02,  2.50s/it]

100%|██████████| 71/71 [03:04<00:00,  1.99s/it]
100%|██████████| 3/3 [00:09<00:00,  3.25s/it]
                                             {'eval_crossner_ai_prec': 0.35532994923839833, 'eval_crossner_ai_rec': 0.31390134529133906, 'eval_crossner_ai_f1': 0.33333333328336623, 'eval_AVERAGE_f1': 0.33333333328336623, 'eval_runtime': 14.0607, 'eval_samples_per_second': 4.623, 'eval_steps_per_second': 0.213, 'epoch': 0.5}
[01.21 03:30:17] ┇ INFO    ┇                             transformers.trainer ┇ Saving model checkpoint to output/GNER/EAGLE-1B-debug/checkpoint-71
[01.21 03:30:17] ┇ INFO    ┇                 transformers.configuration_utils ┇ Configuration saved in output/GNER/EAGLE-1B-debug/checkpoint-71/config.json
[01.21 03:30:17] ┇ INFO    ┇      transformers.generation.configuration_utils ┇ Configuration saved in output/GNER/EAGLE-1B-debug/checkpoint-71/generation_config.json
[01.21 03:30:52] ┇ INFO    ┇                      transformers.modeling_utils ┇ Model weights saved in output/GNER/EAGLE-1B-debug/checkpoint-71/model.safetensors
[01.21 03:30:52] ┇ INFO    ┇             transformers.tokenization_utils_base ┇ tokenizer config file saved in output/GNER/EAGLE-1B-debug/checkpoint-71/tokenizer_config.json
[01.21 03:30:52] ┇ INFO    ┇             transformers.tokenization_utils_base ┇ Special tokens file saved in output/GNER/EAGLE-1B-debug/checkpoint-71/special_tokens_map.json
100%|██████████| 71/71 [06:02<00:00,  5.11s/it]
[01.21 03:33:14] ┇ INFO    ┇                             transformers.trainer ┇

Training completed. Do not forget to share your model on huggingface.co/models =)


{'train_runtime': 362.6492, 'train_samples_per_second': 25.004, 'train_steps_per_second': 0.196, 'train_loss': 0.1858822997187225, 'epoch': 0.5}
[01.21 03:33:14] ┇ INFO    ┇                                         DeepKNLP ┇ train_result=TrainOutput(global_step=71, training_loss=0.1858822997187225, metrics={'train_runtime': 362.6492, 'train_samples_per_second': 25.004, 'train_steps_per_second': 0.196, 'total_flos': 2.2242260498251776e+16, 'train_loss': 0.1858822997187225, 'epoch': 0.5008818342151675})
[01.21 03:33:15] ┇ INFO    ┇                                   chrisbase.data ┇ =========================================================================================================================================
[01.21 03:33:15] ┇ INFO    ┇                                   chrisbase.data ┇ [EXIT] python task2-nerG-trainer2.py --local_rank=0 train ($=00:06:32.859)
[01.21 03:33:15] ┇ INFO    ┇                                   chrisbase.data ┇ =========================================================================================================================================

Process finished with exit code 0
