[01.25 10:37:16] ┇ WARNING ┇             DeepKNLP ┇ accelerator.is_main_process=False
[01.25 10:37:16] ┇ WARNING ┇             DeepKNLP ┇ accelerator.is_main_process=False
[01.25 10:37:16] ┇ WARNING ┇             DeepKNLP ┇ accelerator.is_main_process=True
[01.25 10:37:16] ┇ WARNING ┇             DeepKNLP ┇ accelerator.is_main_process=False
[01.25 10:37:17] ┇ INFO    ┇             DeepKNLP ┇ Process rank: 0, device: cuda:0, n_gpu: 1, distributed training: True, 16-bits training: True
[01.25 10:37:17] ┇ INFO    ┇       chrisbase.data ┇ =========================================================================================================================================
[01.25 10:37:17] ┇ INFO    ┇       chrisbase.data ┇ [INIT] python task2-nerG-trainer2.py --local_rank=0 --trainer_deepspeed configs/deepspeed/ds1_llama.json
[01.25 10:37:17] ┇ INFO    ┇       chrisbase.data ┇ =========================================================================================================================================
[01.25 10:37:18] ┇ INFO    ┇       chrisbase.data ┇ -----+-----------------------------------------------+----------------------------------------------------------------------------------------------------------------------------------------------------------------------------------------------------
[01.25 10:37:18] ┇ INFO    ┇       chrisbase.data ┇    # | TrainingArgumentsForAccelerator               | value
[01.25 10:37:18] ┇ INFO    ┇       chrisbase.data ┇ -----+-----------------------------------------------+----------------------------------------------------------------------------------------------------------------------------------------------------------------------------------------------------
[01.25 10:37:18] ┇ INFO    ┇       chrisbase.data ┇    1 | env.hostname                                  | ptlm3
[01.25 10:37:18] ┇ INFO    ┇       chrisbase.data ┇    2 | env.hostaddr                                  | 129.254.121.74
[01.25 10:37:18] ┇ INFO    ┇       chrisbase.data ┇    3 | env.global_rank                               | -1
[01.25 10:37:18] ┇ INFO    ┇       chrisbase.data ┇    4 | env.local_rank                                | 0
[01.25 10:37:18] ┇ INFO    ┇       chrisbase.data ┇    5 | env.node_rank                                 | -1
[01.25 10:37:18] ┇ INFO    ┇       chrisbase.data ┇    6 | env.world_size                                | 4
[01.25 10:37:18] ┇ INFO    ┇       chrisbase.data ┇    7 | env.time_stamp                                | 0125.103711
[01.25 10:37:18] ┇ INFO    ┇       chrisbase.data ┇    8 | env.python_path                               | /home/chrisjihee/miniforge3/envs/DeepKNLP/bin/python
[01.25 10:37:18] ┇ INFO    ┇       chrisbase.data ┇    9 | env.current_dir                               | /home/chrisjihee/proj/DeepKNLP
[01.25 10:37:18] ┇ INFO    ┇       chrisbase.data ┇   10 | env.current_file                              | task2-nerG-trainer2.py
[01.25 10:37:18] ┇ INFO    ┇       chrisbase.data ┇   11 | env.command_args                              | ['--local_rank=0', '--trainer_deepspeed', 'configs/deepspeed/ds1_llama.json']
[01.25 10:37:18] ┇ INFO    ┇       chrisbase.data ┇   12 | env.output_home                               | output
[01.25 10:37:18] ┇ INFO    ┇       chrisbase.data ┇   13 | env.output_name                               | GNER
[01.25 10:37:18] ┇ INFO    ┇       chrisbase.data ┇   14 | env.run_version                               | EAGLE-1B-debug
[01.25 10:37:18] ┇ INFO    ┇       chrisbase.data ┇   15 | env.logging_file                              | train-messages-0125.103711.out
[01.25 10:37:18] ┇ INFO    ┇       chrisbase.data ┇   16 | env.logging_level                             | 30
[01.25 10:37:18] ┇ INFO    ┇       chrisbase.data ┇   17 | env.logging_format                            | %(asctime)s ┇ %(levelname)-7s ┇ %(name)20s ┇ %(message)s
[01.25 10:37:18] ┇ INFO    ┇       chrisbase.data ┇   18 | env.datetime_format                           | [%m.%d %H:%M:%S]
[01.25 10:37:18] ┇ INFO    ┇       chrisbase.data ┇   19 | env.argument_file                             | train-arguments-0125.103711.json
[01.25 10:37:18] ┇ INFO    ┇       chrisbase.data ┇   20 | env.random_seed                               | 7
[01.25 10:37:18] ┇ INFO    ┇       chrisbase.data ┇   21 | env.max_workers                               | 4
[01.25 10:37:18] ┇ INFO    ┇       chrisbase.data ┇   22 | env.debugging                                 | False
[01.25 10:37:18] ┇ INFO    ┇       chrisbase.data ┇   23 | env.output_dir                                | output/GNER/EAGLE-1B-debug
[01.25 10:37:18] ┇ INFO    ┇       chrisbase.data ┇   24 | time.t1                                       | 2025-01-25 10:37:18.112175
[01.25 10:37:18] ┇ INFO    ┇       chrisbase.data ┇   25 | time.t2                                       | 2025-01-25 10:37:11.869948
[01.25 10:37:18] ┇ INFO    ┇       chrisbase.data ┇   26 | time.started                                  | [01.25 10:37:18]
[01.25 10:37:18] ┇ INFO    ┇       chrisbase.data ┇   27 | time.settled                                  |
[01.25 10:37:18] ┇ INFO    ┇       chrisbase.data ┇   28 | time.elapsed                                  |
[01.25 10:37:18] ┇ INFO    ┇       chrisbase.data ┇   29 | data.pretrained                               | etri-lirs/egpt-1.3b-preview
[01.25 10:37:18] ┇ INFO    ┇       chrisbase.data ┇   30 | data.train_file                               | data/gner/zero-shot-train.jsonl
[01.25 10:37:18] ┇ INFO    ┇       chrisbase.data ┇   31 | data.study_file                               |
[01.25 10:37:18] ┇ INFO    ┇       chrisbase.data ┇   32 | data.eval_file                                | data/gner/zero-shot-test-min.jsonl
[01.25 10:37:18] ┇ INFO    ┇       chrisbase.data ┇   33 | data.pred_file                                | data/gner/zero-shot-test-min.jsonl
[01.25 10:37:18] ┇ INFO    ┇       chrisbase.data ┇   34 | data.max_train_samples                        | -1
[01.25 10:37:18] ┇ INFO    ┇       chrisbase.data ┇   35 | data.max_study_samples                        | -1
[01.25 10:37:18] ┇ INFO    ┇       chrisbase.data ┇   36 | data.max_eval_samples                         | -1
[01.25 10:37:18] ┇ INFO    ┇       chrisbase.data ┇   37 | data.max_pred_samples                         | -1
[01.25 10:37:18] ┇ INFO    ┇       chrisbase.data ┇   38 | data.max_source_length                        | 640
[01.25 10:37:18] ┇ INFO    ┇       chrisbase.data ┇   39 | data.max_target_length                        | 640
[01.25 10:37:18] ┇ INFO    ┇       chrisbase.data ┇   40 | data.use_cache_data                           | True
[01.25 10:37:18] ┇ INFO    ┇       chrisbase.data ┇   41 | data.ignore_pad_token_for_loss                | True
[01.25 10:37:18] ┇ INFO    ┇       chrisbase.data ┇   42 | train.output_dir                              | output/GNER/EAGLE-1B-debug
[01.25 10:37:18] ┇ INFO    ┇       chrisbase.data ┇   43 | train.overwrite_output_dir                    | True
[01.25 10:37:18] ┇ INFO    ┇       chrisbase.data ┇   44 | train.do_train                                | True
[01.25 10:37:18] ┇ INFO    ┇       chrisbase.data ┇   45 | train.do_eval                                 | True
[01.25 10:37:18] ┇ INFO    ┇       chrisbase.data ┇   46 | train.do_predict                              | False
[01.25 10:37:18] ┇ INFO    ┇       chrisbase.data ┇   47 | train.eval_strategy                           | IntervalStrategy.EPOCH
[01.25 10:37:18] ┇ INFO    ┇       chrisbase.data ┇   48 | train.prediction_loss_only                    | False
[01.25 10:37:18] ┇ INFO    ┇       chrisbase.data ┇   49 | train.per_device_train_batch_size             | 8
[01.25 10:37:18] ┇ INFO    ┇       chrisbase.data ┇   50 | train.per_device_eval_batch_size              | 8
[01.25 10:37:18] ┇ INFO    ┇       chrisbase.data ┇   51 | train.per_gpu_train_batch_size                |
[01.25 10:37:18] ┇ INFO    ┇       chrisbase.data ┇   52 | train.per_gpu_eval_batch_size                 |
[01.25 10:37:18] ┇ INFO    ┇       chrisbase.data ┇   53 | train.gradient_accumulation_steps             | 4
[01.25 10:37:18] ┇ INFO    ┇       chrisbase.data ┇   54 | train.eval_accumulation_steps                 |
[01.25 10:37:18] ┇ INFO    ┇       chrisbase.data ┇   55 | train.eval_delay                              | 0
[01.25 10:37:18] ┇ INFO    ┇       chrisbase.data ┇   56 | train.torch_empty_cache_steps                 |
[01.25 10:37:18] ┇ INFO    ┇       chrisbase.data ┇   57 | train.learning_rate                           | 2e-05
[01.25 10:37:18] ┇ INFO    ┇       chrisbase.data ┇   58 | train.weight_decay                            | 0.0
[01.25 10:37:18] ┇ INFO    ┇       chrisbase.data ┇   59 | train.adam_beta1                              | 0.9
[01.25 10:37:18] ┇ INFO    ┇       chrisbase.data ┇   60 | train.adam_beta2                              | 0.999
[01.25 10:37:18] ┇ INFO    ┇       chrisbase.data ┇   61 | train.adam_epsilon                            | 1e-08
[01.25 10:37:18] ┇ INFO    ┇       chrisbase.data ┇   62 | train.max_grad_norm                           | 1.0
[01.25 10:37:18] ┇ INFO    ┇       chrisbase.data ┇   63 | train.num_train_epochs                        | 1.0
[01.25 10:37:18] ┇ INFO    ┇       chrisbase.data ┇   64 | train.max_steps                               | 30
[01.25 10:37:18] ┇ INFO    ┇       chrisbase.data ┇   65 | train.lr_scheduler_type                       | SchedulerType.COSINE
[01.25 10:37:18] ┇ INFO    ┇       chrisbase.data ┇   66 | train.lr_scheduler_kwargs                     | {}
[01.25 10:37:18] ┇ INFO    ┇       chrisbase.data ┇   67 | train.warmup_ratio                            | 0.04
[01.25 10:37:18] ┇ INFO    ┇       chrisbase.data ┇   68 | train.warmup_steps                            | 0
[01.25 10:37:18] ┇ INFO    ┇       chrisbase.data ┇   69 | train.log_level                               | warning
[01.25 10:37:18] ┇ INFO    ┇       chrisbase.data ┇   70 | train.log_level_replica                       | error
[01.25 10:37:18] ┇ INFO    ┇       chrisbase.data ┇   71 | train.log_on_each_node                        | True
[01.25 10:37:18] ┇ INFO    ┇       chrisbase.data ┇   72 | train.logging_dir                             | output/GNER/EAGLE-1B-debug/runs/Jan25_10-37-16_ptlm3
[01.25 10:37:18] ┇ INFO    ┇       chrisbase.data ┇   73 | train.logging_strategy                        | IntervalStrategy.STEPS
[01.25 10:37:18] ┇ INFO    ┇       chrisbase.data ┇   74 | train.logging_first_step                      | False
[01.25 10:37:18] ┇ INFO    ┇       chrisbase.data ┇   75 | train.logging_steps                           | 5
[01.25 10:37:18] ┇ INFO    ┇       chrisbase.data ┇   76 | train.logging_nan_inf_filter                  | True
[01.25 10:37:18] ┇ INFO    ┇       chrisbase.data ┇   77 | train.save_strategy                           | SaveStrategy.NO
[01.25 10:37:18] ┇ INFO    ┇       chrisbase.data ┇   78 | train.save_steps                              | 500
[01.25 10:37:18] ┇ INFO    ┇       chrisbase.data ┇   79 | train.save_total_limit                        |
[01.25 10:37:18] ┇ INFO    ┇       chrisbase.data ┇   80 | train.save_safetensors                        | True
[01.25 10:37:18] ┇ INFO    ┇       chrisbase.data ┇   81 | train.save_on_each_node                       | False
[01.25 10:37:18] ┇ INFO    ┇       chrisbase.data ┇   82 | train.save_only_model                         | False
[01.25 10:37:18] ┇ INFO    ┇       chrisbase.data ┇   83 | train.restore_callback_states_from_checkpoint | False
[01.25 10:37:18] ┇ INFO    ┇       chrisbase.data ┇   84 | train.no_cuda                                 | False
[01.25 10:37:18] ┇ INFO    ┇       chrisbase.data ┇   85 | train.use_cpu                                 | False
[01.25 10:37:18] ┇ INFO    ┇       chrisbase.data ┇   86 | train.use_mps_device                          | False
[01.25 10:37:18] ┇ INFO    ┇       chrisbase.data ┇   87 | train.seed                                    | 7
[01.25 10:37:18] ┇ INFO    ┇       chrisbase.data ┇   88 | train.data_seed                               |
[01.25 10:37:18] ┇ INFO    ┇       chrisbase.data ┇   89 | train.jit_mode_eval                           | False
[01.25 10:37:18] ┇ INFO    ┇       chrisbase.data ┇   90 | train.use_ipex                                | False
[01.25 10:37:18] ┇ INFO    ┇       chrisbase.data ┇   91 | train.bf16                                    | True
[01.25 10:37:18] ┇ INFO    ┇       chrisbase.data ┇   92 | train.fp16                                    | False
[01.25 10:37:18] ┇ INFO    ┇       chrisbase.data ┇   93 | train.fp16_opt_level                          | O1
[01.25 10:37:18] ┇ INFO    ┇       chrisbase.data ┇   94 | train.half_precision_backend                  | auto
[01.25 10:37:18] ┇ INFO    ┇       chrisbase.data ┇   95 | train.bf16_full_eval                          | True
[01.25 10:37:18] ┇ INFO    ┇       chrisbase.data ┇   96 | train.fp16_full_eval                          | False
[01.25 10:37:18] ┇ INFO    ┇       chrisbase.data ┇   97 | train.tf32                                    | True
[01.25 10:37:18] ┇ INFO    ┇       chrisbase.data ┇   98 | train.local_rank                              | 0
[01.25 10:37:18] ┇ INFO    ┇       chrisbase.data ┇   99 | train.ddp_backend                             |
[01.25 10:37:18] ┇ INFO    ┇       chrisbase.data ┇  100 | train.tpu_num_cores                           |
[01.25 10:37:18] ┇ INFO    ┇       chrisbase.data ┇  101 | train.tpu_metrics_debug                       | False
[01.25 10:37:18] ┇ INFO    ┇       chrisbase.data ┇  102 | train.debug                                   | []
[01.25 10:37:18] ┇ INFO    ┇       chrisbase.data ┇  103 | train.dataloader_drop_last                    | False
[01.25 10:37:18] ┇ INFO    ┇       chrisbase.data ┇  104 | train.eval_steps                              |
[01.25 10:37:18] ┇ INFO    ┇       chrisbase.data ┇  105 | train.dataloader_num_workers                  | 0
[01.25 10:37:18] ┇ INFO    ┇       chrisbase.data ┇  106 | train.dataloader_prefetch_factor              |
[01.25 10:37:18] ┇ INFO    ┇       chrisbase.data ┇  107 | train.past_index                              | -1
[01.25 10:37:18] ┇ INFO    ┇       chrisbase.data ┇  108 | train.run_name                                | output/GNER/EAGLE-1B-debug
[01.25 10:37:18] ┇ INFO    ┇       chrisbase.data ┇  109 | train.disable_tqdm                            | True
[01.25 10:37:18] ┇ INFO    ┇       chrisbase.data ┇  110 | train.remove_unused_columns                   | False
[01.25 10:37:18] ┇ INFO    ┇       chrisbase.data ┇  111 | train.label_names                             |
[01.25 10:37:18] ┇ INFO    ┇       chrisbase.data ┇  112 | train.load_best_model_at_end                  | False
[01.25 10:37:18] ┇ INFO    ┇       chrisbase.data ┇  113 | train.metric_for_best_model                   |
[01.25 10:37:18] ┇ INFO    ┇       chrisbase.data ┇  114 | train.greater_is_better                       |
[01.25 10:37:18] ┇ INFO    ┇       chrisbase.data ┇  115 | train.ignore_data_skip                        | False
[01.25 10:37:18] ┇ INFO    ┇       chrisbase.data ┇  116 | train.fsdp                                    | []
[01.25 10:37:18] ┇ INFO    ┇       chrisbase.data ┇  117 | train.fsdp_min_num_params                     | 0
[01.25 10:37:18] ┇ INFO    ┇       chrisbase.data ┇  118 | train.fsdp_config                             | {'min_num_params': 0, 'xla': False, 'xla_fsdp_v2': False, 'xla_fsdp_grad_ckpt': False}
[01.25 10:37:18] ┇ INFO    ┇       chrisbase.data ┇  119 | train.fsdp_transformer_layer_cls_to_wrap      |
[01.25 10:37:18] ┇ INFO    ┇       chrisbase.data ┇  120 | train.accelerator_config                      | {'split_batches': False, 'dispatch_batches': None, 'even_batches': True, 'use_seedable_sampler': True, 'non_blocking': False, 'gradient_accumulation_kwargs': None, 'use_configured_state': False}
[01.25 10:37:18] ┇ INFO    ┇       chrisbase.data ┇  121 | train.deepspeed                               | configs/deepspeed/ds1_llama.json
[01.25 10:37:18] ┇ INFO    ┇       chrisbase.data ┇  122 | train.label_smoothing_factor                  | 0.0
[01.25 10:37:18] ┇ INFO    ┇       chrisbase.data ┇  123 | train.optim                                   | OptimizerNames.ADAMW_TORCH
[01.25 10:37:18] ┇ INFO    ┇       chrisbase.data ┇  124 | train.optim_args                              |
[01.25 10:37:18] ┇ INFO    ┇       chrisbase.data ┇  125 | train.adafactor                               | False
[01.25 10:37:18] ┇ INFO    ┇       chrisbase.data ┇  126 | train.group_by_length                         | False
[01.25 10:37:18] ┇ INFO    ┇       chrisbase.data ┇  127 | train.length_column_name                      | length
[01.25 10:37:18] ┇ INFO    ┇       chrisbase.data ┇  128 | train.report_to                               | ['tensorboard']
[01.25 10:37:18] ┇ INFO    ┇       chrisbase.data ┇  129 | train.ddp_find_unused_parameters              |
[01.25 10:37:18] ┇ INFO    ┇       chrisbase.data ┇  130 | train.ddp_bucket_cap_mb                       |
[01.25 10:37:18] ┇ INFO    ┇       chrisbase.data ┇  131 | train.ddp_broadcast_buffers                   |
[01.25 10:37:18] ┇ INFO    ┇       chrisbase.data ┇  132 | train.dataloader_pin_memory                   | True
[01.25 10:37:18] ┇ INFO    ┇       chrisbase.data ┇  133 | train.dataloader_persistent_workers           | False
[01.25 10:37:18] ┇ INFO    ┇       chrisbase.data ┇  134 | train.skip_memory_metrics                     | True
[01.25 10:37:18] ┇ INFO    ┇       chrisbase.data ┇  135 | train.use_legacy_prediction_loop              | False
[01.25 10:37:18] ┇ INFO    ┇       chrisbase.data ┇  136 | train.push_to_hub                             | False
[01.25 10:37:18] ┇ INFO    ┇       chrisbase.data ┇  137 | train.resume_from_checkpoint                  |
[01.25 10:37:18] ┇ INFO    ┇       chrisbase.data ┇  138 | train.hub_model_id                            |
[01.25 10:37:18] ┇ INFO    ┇       chrisbase.data ┇  139 | train.hub_strategy                            | HubStrategy.EVERY_SAVE
[01.25 10:37:18] ┇ INFO    ┇       chrisbase.data ┇  140 | train.hub_token                               |
[01.25 10:37:18] ┇ INFO    ┇       chrisbase.data ┇  141 | train.hub_private_repo                        |
[01.25 10:37:18] ┇ INFO    ┇       chrisbase.data ┇  142 | train.hub_always_push                         | False
[01.25 10:37:18] ┇ INFO    ┇       chrisbase.data ┇  143 | train.gradient_checkpointing                  | True
[01.25 10:37:18] ┇ INFO    ┇       chrisbase.data ┇  144 | train.gradient_checkpointing_kwargs           |
[01.25 10:37:18] ┇ INFO    ┇       chrisbase.data ┇  145 | train.include_inputs_for_metrics              | False
[01.25 10:37:18] ┇ INFO    ┇       chrisbase.data ┇  146 | train.include_for_metrics                     | []
[01.25 10:37:18] ┇ INFO    ┇       chrisbase.data ┇  147 | train.eval_do_concat_batches                  | True
[01.25 10:37:18] ┇ INFO    ┇       chrisbase.data ┇  148 | train.fp16_backend                            | auto
[01.25 10:37:18] ┇ INFO    ┇       chrisbase.data ┇  149 | train.evaluation_strategy                     |
[01.25 10:37:18] ┇ INFO    ┇       chrisbase.data ┇  150 | train.push_to_hub_model_id                    |
[01.25 10:37:18] ┇ INFO    ┇       chrisbase.data ┇  151 | train.push_to_hub_organization                |
[01.25 10:37:18] ┇ INFO    ┇       chrisbase.data ┇  152 | train.push_to_hub_token                       |
[01.25 10:37:18] ┇ INFO    ┇       chrisbase.data ┇  153 | train._n_gpu                                  | 1
[01.25 10:37:18] ┇ INFO    ┇       chrisbase.data ┇  154 | train.mp_parameters                           |
[01.25 10:37:18] ┇ INFO    ┇       chrisbase.data ┇  155 | train.auto_find_batch_size                    | False
[01.25 10:37:18] ┇ INFO    ┇       chrisbase.data ┇  156 | train.full_determinism                        | False
[01.25 10:37:18] ┇ INFO    ┇       chrisbase.data ┇  157 | train.torchdynamo                             |
[01.25 10:37:18] ┇ INFO    ┇       chrisbase.data ┇  158 | train.ray_scope                               | last
[01.25 10:37:18] ┇ INFO    ┇       chrisbase.data ┇  159 | train.ddp_timeout                             | 1800
[01.25 10:37:18] ┇ INFO    ┇       chrisbase.data ┇  160 | train.torch_compile                           | False
[01.25 10:37:18] ┇ INFO    ┇       chrisbase.data ┇  161 | train.torch_compile_backend                   |
[01.25 10:37:18] ┇ INFO    ┇       chrisbase.data ┇  162 | train.torch_compile_mode                      |
[01.25 10:37:18] ┇ INFO    ┇       chrisbase.data ┇  163 | train.dispatch_batches                        |
[01.25 10:37:18] ┇ INFO    ┇       chrisbase.data ┇  164 | train.split_batches                           |
[01.25 10:37:18] ┇ INFO    ┇       chrisbase.data ┇  165 | train.include_tokens_per_second               | False
[01.25 10:37:18] ┇ INFO    ┇       chrisbase.data ┇  166 | train.include_num_input_tokens_seen           | False
[01.25 10:37:18] ┇ INFO    ┇       chrisbase.data ┇  167 | train.neftune_noise_alpha                     |
[01.25 10:37:18] ┇ INFO    ┇       chrisbase.data ┇  168 | train.optim_target_modules                    |
[01.25 10:37:18] ┇ INFO    ┇       chrisbase.data ┇  169 | train.batch_eval_metrics                      | False
[01.25 10:37:18] ┇ INFO    ┇       chrisbase.data ┇  170 | train.eval_on_start                           | False
[01.25 10:37:18] ┇ INFO    ┇       chrisbase.data ┇  171 | train.use_liger_kernel                        | False
[01.25 10:37:18] ┇ INFO    ┇       chrisbase.data ┇  172 | train.eval_use_gather_object                  | False
[01.25 10:37:18] ┇ INFO    ┇       chrisbase.data ┇  173 | train.average_tokens_across_devices           | False
[01.25 10:37:18] ┇ INFO    ┇       chrisbase.data ┇  174 | train.sortish_sampler                         | False
[01.25 10:37:18] ┇ INFO    ┇       chrisbase.data ┇  175 | train.predict_with_generate                   | True
[01.25 10:37:18] ┇ INFO    ┇       chrisbase.data ┇  176 | train.generation_max_length                   | 1280
[01.25 10:37:18] ┇ INFO    ┇       chrisbase.data ┇  177 | train.generation_num_beams                    |
[01.25 10:37:18] ┇ INFO    ┇       chrisbase.data ┇  178 | train.generation_config                       |
[01.25 10:37:18] ┇ INFO    ┇       chrisbase.data ┇ -----+-----------------------------------------------+----------------------------------------------------------------------------------------------------------------------------------------------------------------------------------------------------
[01.25 10:37:21] ┇ INFO    ┇             DeepKNLP ┇ type(model)=<class 'transformers.models.gpt_neox.modeling_gpt_neox.GPTNeoXForCausalLM'>
[01.25 10:37:21] ┇ INFO    ┇             DeepKNLP ┇ model.generation_config.pad_token_id=0
[01.25 10:37:22] ┇ INFO    ┇             DeepKNLP ┇ Loaded raw train_dataset (#=18135): data/gner/zero-shot-train.jsonl
[01.25 10:37:22] ┇ INFO    ┇             DeepKNLP ┇ Completed preprocessing for train_dataset at [01.25 09:14:02]
[01.25 10:37:22] ┇ INFO    ┇             DeepKNLP ┇ Loaded raw eval_dataset (#=65): data/gner/zero-shot-test-min.jsonl
[01.25 10:37:22] ┇ INFO    ┇             DeepKNLP ┇ Completed preprocessing for eval_dataset at [01.25 09:14:04]
[01.25 10:37:22] ┇ INFO    ┇ transformers.trainer ┇ max_steps is given, it will override any value given in num_train_epochs
[01.25 10:37:22] ┇ INFO    ┇ transformers.trainer ┇ Using auto half precision backend
[01.25 10:37:22] ┇ WARNING ┇             DeepKNLP ┇ trainer.accelerator=<accelerate.accelerator.Accelerator object at 0x7f7793841c40> / trainer.accelerator.state=Distributed environment: DistributedType.DEEPSPEED  Backend: nccl
Num processes: 4
Process index: 0
Local process index: 0
Device: cuda:0

Mixed precision type: bf16
ds_config: {'bf16': {'enabled': True}, 'optimizer': {'type': 'AdamW', 'params': {'lr': 2e-05, 'betas': [0.9, 0.999], 'eps': 1e-08, 'weight_decay': 0.0}}, 'scheduler': {'type': 'WarmupDecayLR', 'params': {'warmup_min_lr': 0, 'warmup_max_lr': 2e-05, 'warmup_num_steps': 'auto', 'total_num_steps': 'auto'}}, 'zero_optimization': {'stage': 1, 'allgather_partitions': True, 'allgather_bucket_size': 200000000.0, 'overlap_comm': True, 'reduce_scatter': True, 'reduce_bucket_size': 200000000.0, 'contiguous_gradients': True}, 'gradient_accumulation_steps': 4, 'gradient_clipping': 1.0, 'train_batch_size': 128, 'train_micro_batch_size_per_gpu': 8, 'steps_per_print': inf, 'fp16': {'enabled': False}}

[01.25 10:37:31] ┇ WARNING ┇            DeepSpeed ┇ Attempting to get learning rate from scheduler before it has started
[01.25 10:37:31] ┇ INFO    ┇ transformers.trainer ┇ ***** Running training *****
[01.25 10:37:31] ┇ INFO    ┇ transformers.trainer ┇   Num examples = 18,135
[01.25 10:37:31] ┇ INFO    ┇ transformers.trainer ┇   Num Epochs = 1
[01.25 10:37:31] ┇ INFO    ┇ transformers.trainer ┇   Instantaneous batch size per device = 8
[01.25 10:37:31] ┇ INFO    ┇ transformers.trainer ┇   Total train batch size (w. parallel, distributed & accumulation) = 128
[01.25 10:37:31] ┇ INFO    ┇ transformers.trainer ┇   Gradient Accumulation steps = 4
[01.25 10:37:31] ┇ INFO    ┇ transformers.trainer ┇   Total optimization steps = 30
[01.25 10:37:31] ┇ INFO    ┇ transformers.trainer ┇   Number of trainable parameters = 1,341,247,488
[01.25 10:37:34] ┇ INFO    ┇             DeepKNLP ┇ Training   3%|▋                   |  1/30 [0:00:02<0:01:15, 0.39Hz] | (Ep 0.00)
[01.25 10:37:37] ┇ INFO    ┇             DeepKNLP ┇ Training   7%|█▎                  |  2/30 [0:00:05<0:01:19, 0.35Hz] | (Ep 0.01)
[01.25 10:37:41] ┇ INFO    ┇             DeepKNLP ┇ Training  13%|██▋                 |  4/30 [0:00:09<0:01:03, 0.41Hz] | (Ep 0.02)
[01.25 10:37:44] ┇ INFO    ┇             DeepKNLP ┇ Training  17%|███▎                |  5/30 [0:00:12<0:01:00, 0.41Hz] | (Ep 0.03)
[01.25 10:37:44] ┇ INFO    ┇             DeepKNLP ┇ metrics={'loss': 1.3619, 'grad_norm': 1.5425233840942383, 'learning_rate': 1.8571428571428575e-05, 'epoch': 0.04}
[01.25 10:37:46] ┇ INFO    ┇             DeepKNLP ┇ Training  20%|████                |  6/30 [0:00:14<0:00:57, 0.42Hz] | (Ep 0.04)
[01.25 10:37:50] ┇ INFO    ┇             DeepKNLP ┇ Training  27%|█████▎              |  8/30 [0:00:18<0:00:50, 0.43Hz] | (Ep 0.05)
[01.25 10:37:52] ┇ INFO    ┇             DeepKNLP ┇ Training  30%|██████              |  9/30 [0:00:20<0:00:48, 0.44Hz] | (Ep 0.06)
[01.25 10:37:54] ┇ INFO    ┇             DeepKNLP ┇ Training  33%|██████▋             | 10/30 [0:00:22<0:00:45, 0.44Hz] | (Ep 0.06)
[01.25 10:37:54] ┇ INFO    ┇             DeepKNLP ┇ metrics={'loss': 0.3001, 'grad_norm': 0.42139026522636414, 'learning_rate': 1.5000000000000002e-05, 'epoch': 0.07}
[01.25 10:37:58] ┇ INFO    ┇             DeepKNLP ┇ Training  40%|████████            | 12/30 [0:00:26<0:00:39, 0.45Hz] | (Ep 0.08)
[01.25 10:38:02] ┇ INFO    ┇             DeepKNLP ┇ Training  47%|█████████▎          | 14/30 [0:00:30<0:00:34, 0.46Hz] | (Ep 0.09)
[01.25 10:38:04] ┇ INFO    ┇             DeepKNLP ┇ metrics={'loss': 0.1302, 'grad_norm': 0.4314423203468323, 'learning_rate': 1.1428571428571429e-05, 'epoch': 0.11}
[01.25 10:38:06] ┇ INFO    ┇             DeepKNLP ┇ Training  53%|██████████▋         | 16/30 [0:00:34<0:00:30, 0.47Hz] | (Ep 0.11)
[01.25 10:38:10] ┇ INFO    ┇             DeepKNLP ┇ Training  60%|████████████        | 18/30 [0:00:38<0:00:25, 0.47Hz] | (Ep 0.12)
[01.25 10:38:12] ┇ INFO    ┇             DeepKNLP ┇ Training  63%|████████████▋       | 19/30 [0:00:40<0:00:23, 0.47Hz] | (Ep 0.13)
[01.25 10:38:14] ┇ INFO    ┇             DeepKNLP ┇ metrics={'loss': 0.0872, 'grad_norm': 0.23745200037956238, 'learning_rate': 7.857142857142858e-06, 'epoch': 0.14}
[01.25 10:38:16] ┇ INFO    ┇             DeepKNLP ┇ Training  70%|██████████████      | 21/30 [0:00:44<0:00:19, 0.47Hz] | (Ep 0.14)
[01.25 10:38:20] ┇ INFO    ┇             DeepKNLP ┇ Training  77%|███████████████▎    | 23/30 [0:00:48<0:00:14, 0.48Hz] | (Ep 0.16)
[01.25 10:38:24] ┇ INFO    ┇             DeepKNLP ┇ Training  83%|████████████████▋   | 25/30 [0:00:52<0:00:10, 0.48Hz] | (Ep 0.17)
[01.25 10:38:24] ┇ INFO    ┇             DeepKNLP ┇ metrics={'loss': 0.0729, 'grad_norm': 0.2298942655324936, 'learning_rate': 4.2857142857142855e-06, 'epoch': 0.18}
[01.25 10:38:26] ┇ INFO    ┇             DeepKNLP ┇ Training  87%|█████████████████▎  | 26/30 [0:00:54<0:00:08, 0.48Hz] | (Ep 0.18)
[01.25 10:38:28] ┇ INFO    ┇             DeepKNLP ┇ Training  90%|██████████████████  | 27/30 [0:00:56<0:00:06, 0.48Hz] | (Ep 0.18)
[01.25 10:38:30] ┇ INFO    ┇             DeepKNLP ┇ Training  93%|██████████████████▋ | 28/30 [0:00:58<0:00:04, 0.48Hz] | (Ep 0.19)
[01.25 10:38:32] ┇ INFO    ┇             DeepKNLP ┇ Training  97%|███████████████████▎| 29/30 [0:01:00<0:00:02, 0.48Hz] | (Ep 0.20)
[01.25 10:38:35] ┇ INFO    ┇             DeepKNLP ┇ Training 100%|████████████████████| 30/30 [0:01:03<0:00:00, 0.48Hz] | (Ep 0.20)
[01.25 10:38:35] ┇ INFO    ┇             DeepKNLP ┇ metrics={'loss': 0.0669, 'grad_norm': 0.17830562591552734, 'learning_rate': 7.142857142857143e-07, 'epoch': 0.21}
[01.25 10:38:35] ┇ INFO    ┇ transformers.trainer ┇ ***** Running Evaluation *****
[01.25 10:38:35] ┇ INFO    ┇ transformers.trainer ┇   Num examples = 65
[01.25 10:38:35] ┇ INFO    ┇ transformers.trainer ┇   Batch size = 8
[01.25 10:38:52] ┇ INFO    ┇             DeepKNLP ┇ Predicting  33%|██████▋             | 1/3 [0:00:00<0:00:00, 84296.04Hz]
[01.25 10:38:57] ┇ INFO    ┇             DeepKNLP ┇ Predicting  67%|█████████████▎      | 2/3 [0:00:05<0:00:02, 0.40Hz]
[01.25 10:39:16] ┇ INFO    ┇             DeepKNLP ┇ Predicting 100%|████████████████████| 3/3 [0:00:23<0:00:00, 0.13Hz]
[01.25 10:39:16] ┇ INFO    ┇             DeepKNLP ┇ metrics={'eval_crossner_ai_prec': 0.20491803278671727, 'eval_crossner_ai_rec': 0.11210762331833539, 'eval_crossner_ai_f1': 0.14492753618608528, 'eval_AVERAGE_f1': 0.14492753618608528, 'eval_runtime': 41.0947, 'eval_samples_per_second': 1.582, 'eval_steps_per_second': 0.073, 'epoch': 0.21}
[01.25 10:39:16] ┇ INFO    ┇ transformers.trainer ┇ 

Training completed. Do not forget to share your model on huggingface.co/models =)


[01.25 10:39:16] ┇ INFO    ┇             DeepKNLP ┇ metrics={'train_runtime': 104.2299, 'train_samples_per_second': 36.842, 'train_steps_per_second': 0.288, 'train_loss': 0.33653717041015624, 'epoch': 0.21}
[01.25 10:39:16] ┇ INFO    ┇             DeepKNLP ┇ Train result: TrainOutput(global_step=30, training_loss=0.33653717041015624, metrics={'train_runtime': 104.2299, 'train_samples_per_second': 36.842, 'train_steps_per_second': 0.288, 'total_flos': 9427917608058880.0, 'train_loss': 0.33653717041015624, 'epoch': 0.21164021164021163})
[01.25 10:39:16] ┇ INFO    ┇       chrisbase.data ┇ =========================================================================================================================================
[01.25 10:39:16] ┇ INFO    ┇       chrisbase.data ┇ [EXIT] python task2-nerG-trainer2.py --local_rank=0 --trainer_deepspeed configs/deepspeed/ds1_llama.json ($=00:01:58.079)
[01.25 10:39:16] ┇ INFO    ┇       chrisbase.data ┇ =========================================================================================================================================
