[03.18 07:03:56] ┇ INFO     ┇                           chrisbase.data ┇ =========================================================================================================================================
[03.18 07:03:56] ┇ INFO     ┇                           chrisbase.data ┇ [INIT] python /home/chris/proj/DeepKNLP-24.03/1-doc-cls-train.py 
[03.18 07:03:56] ┇ INFO     ┇                           chrisbase.data ┇ =========================================================================================================================================
[03.18 07:03:56] ┇ INFO     ┇                           chrisbase.data ┇ -----+---------------------------------+-------------------------------------------------------------------------------------
[03.18 07:03:56] ┇ INFO     ┇                           chrisbase.data ┇    # | TrainerArguments                | value
[03.18 07:03:56] ┇ INFO     ┇                           chrisbase.data ┇ -----+---------------------------------+-------------------------------------------------------------------------------------
[03.18 07:03:56] ┇ INFO     ┇                           chrisbase.data ┇    1 | tag                             | train
[03.18 07:03:56] ┇ INFO     ┇                           chrisbase.data ┇    2 | env.project                     | DeepKNLP
[03.18 07:03:56] ┇ INFO     ┇                           chrisbase.data ┇    3 | env.job_name                    | KPF-BERT
[03.18 07:03:56] ┇ INFO     ┇                           chrisbase.data ┇    4 | env.job_version                 | 1
[03.18 07:03:56] ┇ INFO     ┇                           chrisbase.data ┇    5 | env.hostname                    | chris137
[03.18 07:03:56] ┇ INFO     ┇                           chrisbase.data ┇    6 | env.hostaddr                    | 129.254.164.137
[03.18 07:03:56] ┇ INFO     ┇                           chrisbase.data ┇    7 | env.time_stamp                  | 0318.070350
[03.18 07:03:56] ┇ INFO     ┇                           chrisbase.data ┇    8 | env.python_path                 | /home/chris/miniforge3/envs/DeepKNLP-24.03/bin/python
[03.18 07:03:56] ┇ INFO     ┇                           chrisbase.data ┇    9 | env.current_dir                 | /dat/proj/DeepKNLP-24.03
[03.18 07:03:56] ┇ INFO     ┇                           chrisbase.data ┇   10 | env.current_file                | /home/chris/proj/DeepKNLP-24.03/1-doc-cls-train.py
[03.18 07:03:56] ┇ INFO     ┇                           chrisbase.data ┇   11 | env.working_dir                 | /dat/proj/DeepKNLP-24.03
[03.18 07:03:56] ┇ INFO     ┇                           chrisbase.data ┇   12 | env.command_args                | []
[03.18 07:03:56] ┇ INFO     ┇                           chrisbase.data ┇   13 | env.num_ip_addrs                | 1
[03.18 07:03:56] ┇ INFO     ┇                           chrisbase.data ┇   14 | env.max_workers                 | 1
[03.18 07:03:56] ┇ INFO     ┇                           chrisbase.data ┇   15 | env.debugging                   | False
[03.18 07:03:56] ┇ INFO     ┇                           chrisbase.data ┇   16 | env.msg_level                   | 20
[03.18 07:03:56] ┇ INFO     ┇                           chrisbase.data ┇   17 | env.msg_format                  | %(asctime)s ┇ %(levelname)-8s ┇ %(name)40s ┇ %(message)s
[03.18 07:03:56] ┇ INFO     ┇                           chrisbase.data ┇   18 | env.date_format                 | [%m.%d %H:%M:%S]
[03.18 07:03:56] ┇ INFO     ┇                           chrisbase.data ┇   19 | env.output_home                 | finetuning/nsmc/train=KPF-BERT=chris137/version_1
[03.18 07:03:56] ┇ INFO     ┇                           chrisbase.data ┇   20 | env.logging_file                | logging.out
[03.18 07:03:56] ┇ INFO     ┇                           chrisbase.data ┇   21 | env.argument_file               | arguments.json
[03.18 07:03:56] ┇ INFO     ┇                           chrisbase.data ┇   22 | time.started                    | [03.18 07:03:56]
[03.18 07:03:56] ┇ INFO     ┇                           chrisbase.data ┇   23 | time.settled                    |
[03.18 07:03:56] ┇ INFO     ┇                           chrisbase.data ┇   24 | time.elapsed                    |
[03.18 07:03:56] ┇ INFO     ┇                           chrisbase.data ┇   25 | prog.result                     | {}
[03.18 07:03:56] ┇ INFO     ┇                           chrisbase.data ┇   26 | prog.tb_logger                  | <lightning.fabric.loggers.tensorboard.TensorBoardLogger object at 0x7f6900b5e1d0>
[03.18 07:03:56] ┇ INFO     ┇                           chrisbase.data ┇   27 | prog.csv_logger                 | <lightning.fabric.loggers.csv_logs.CSVLogger object at 0x7f6900c181d0>
[03.18 07:03:56] ┇ INFO     ┇                           chrisbase.data ┇   28 | prog.world_size                 | 2
[03.18 07:03:56] ┇ INFO     ┇                           chrisbase.data ┇   29 | prog.node_rank                  | 0
[03.18 07:03:56] ┇ INFO     ┇                           chrisbase.data ┇   30 | prog.local_rank                 | 0
[03.18 07:03:56] ┇ INFO     ┇                           chrisbase.data ┇   31 | prog.global_rank                | 0
[03.18 07:03:56] ┇ INFO     ┇                           chrisbase.data ┇   32 | prog.global_step                | 0
[03.18 07:03:56] ┇ INFO     ┇                           chrisbase.data ┇   33 | prog.global_epoch               | 0.0
[03.18 07:03:56] ┇ INFO     ┇                           chrisbase.data ┇   34 | data.name                       | nsmc
[03.18 07:03:56] ┇ INFO     ┇                           chrisbase.data ┇   35 | data.home                       | /dat/proj/DeepKNLP-24.03/data
[03.18 07:03:56] ┇ INFO     ┇                           chrisbase.data ┇   36 | data.files                      | {'train': 'ratings_train.txt', 'valid': 'ratings_test.txt', 'test': None}
[03.18 07:03:56] ┇ INFO     ┇                           chrisbase.data ┇   37 | data.caching                    | False
[03.18 07:03:56] ┇ INFO     ┇                           chrisbase.data ┇   38 | data.redownload                 | False
[03.18 07:03:56] ┇ INFO     ┇                           chrisbase.data ┇   39 | data.num_check                  | 0
[03.18 07:03:56] ┇ INFO     ┇                           chrisbase.data ┇   40 | model.pretrained                | pretrained/KPF-BERT
[03.18 07:03:56] ┇ INFO     ┇                           chrisbase.data ┇   41 | model.finetuning                | /dat/proj/DeepKNLP-24.03/finetuning
[03.18 07:03:56] ┇ INFO     ┇                           chrisbase.data ┇   42 | model.seq_len                   | 64
[03.18 07:03:56] ┇ INFO     ┇                           chrisbase.data ┇   43 | model.config                    |
[03.18 07:03:56] ┇ INFO     ┇                           chrisbase.data ┇   44 | model.name                      |
[03.18 07:03:56] ┇ INFO     ┇                           chrisbase.data ┇   45 | hardware.cpu_workers            | 32
[03.18 07:03:56] ┇ INFO     ┇                           chrisbase.data ┇   46 | hardware.train_batch            | 50
[03.18 07:03:56] ┇ INFO     ┇                           chrisbase.data ┇   47 | hardware.infer_batch            | 50
[03.18 07:03:56] ┇ INFO     ┇                           chrisbase.data ┇   48 | hardware.accelerator            | cuda
[03.18 07:03:56] ┇ INFO     ┇                           chrisbase.data ┇   49 | hardware.precision              | 16-mixed
[03.18 07:03:56] ┇ INFO     ┇                           chrisbase.data ┇   50 | hardware.strategy               | ddp
[03.18 07:03:56] ┇ INFO     ┇                           chrisbase.data ┇   51 | hardware.devices                | [0, 1]
[03.18 07:03:56] ┇ INFO     ┇                           chrisbase.data ┇   52 | learning.random_seed            | 7
[03.18 07:03:56] ┇ INFO     ┇                           chrisbase.data ┇   53 | learning.optimizer_cls          | Adam
[03.18 07:03:56] ┇ INFO     ┇                           chrisbase.data ┇   54 | learning.learning_rate          | 5e-05
[03.18 07:03:56] ┇ INFO     ┇                           chrisbase.data ┇   55 | learning.saving_mode            | max val_acc
[03.18 07:03:56] ┇ INFO     ┇                           chrisbase.data ┇   56 | learning.num_saving             | 2
[03.18 07:03:56] ┇ INFO     ┇                           chrisbase.data ┇   57 | learning.num_epochs             | 2
[03.18 07:03:56] ┇ INFO     ┇                           chrisbase.data ┇   58 | learning.log_text               | False
[03.18 07:03:56] ┇ INFO     ┇                           chrisbase.data ┇   59 | learning.check_rate_on_training | 0.2
[03.18 07:03:56] ┇ INFO     ┇                           chrisbase.data ┇   60 | learning.print_rate_on_training | 0.05
[03.18 07:03:56] ┇ INFO     ┇                           chrisbase.data ┇   61 | learning.print_rate_on_validate | 0.3333333333333333
[03.18 07:03:56] ┇ INFO     ┇                           chrisbase.data ┇   62 | learning.print_rate_on_evaluate | 0.3333333333333333
[03.18 07:03:56] ┇ INFO     ┇                           chrisbase.data ┇   63 | learning.print_step_on_training | -1
[03.18 07:03:56] ┇ INFO     ┇                           chrisbase.data ┇   64 | learning.print_step_on_validate | -1
[03.18 07:03:56] ┇ INFO     ┇                           chrisbase.data ┇   65 | learning.print_step_on_evaluate | -1
[03.18 07:03:56] ┇ INFO     ┇                           chrisbase.data ┇   66 | learning.tag_format_on_training | st={step:d}, ep={epoch:.2f}, loss={loss:06.4f}, acc={acc:06.4f}
[03.18 07:03:56] ┇ INFO     ┇                           chrisbase.data ┇   67 | learning.tag_format_on_validate | st={step:d}, ep={epoch:.2f}, val_loss={val_loss:06.4f}, val_acc={val_acc:06.4f}
[03.18 07:03:56] ┇ INFO     ┇                           chrisbase.data ┇   68 | learning.tag_format_on_evaluate | st={step:d}, ep={epoch:.2f}, test_loss={test_loss:06.4f}, test_acc={test_acc:06.4f}
[03.18 07:03:56] ┇ INFO     ┇                           chrisbase.data ┇   69 | learning.name_format_on_saving  | ep={epoch:.1f}, loss={val_loss:06.4f}, acc={val_acc:06.4f}
[03.18 07:03:56] ┇ INFO     ┇                           chrisbase.data ┇ -----+---------------------------------+-------------------------------------------------------------------------------------
[03.18 07:03:56] ┇ WARNING  ┇              transformers.modeling_utils ┇ Some weights of BertForSequenceClassification were not initialized from the model checkpoint at pretrained/KPF-BERT and are newly initialized: ['bert.pooler.dense.bias', 'bert.pooler.dense.weight', 'classifier.bias', 'classifier.weight']
You should probably TRAIN this model on a down-stream task to be able to use it for predictions and inference.
[03.18 07:03:57] ┇ WARNING  ┇              transformers.modeling_utils ┇ Some weights of BertForSequenceClassification were not initialized from the model checkpoint at pretrained/KPF-BERT and are newly initialized: ['bert.pooler.dense.bias', 'bert.pooler.dense.weight', 'classifier.bias', 'classifier.weight']
You should probably TRAIN this model on a down-stream task to be able to use it for predictions and inference.
[03.18 07:03:57] ┇ INFO     ┇                                 __main__ ┇ === [after-model] =======================================================================================================================
[03.18 07:03:57] ┇ INFO     ┇                             DeepKNLP.cls ┇ Creating features from /dat/proj/DeepKNLP-24.03/data/nsmc/ratings_train.txt
[03.18 07:03:58] ┇ INFO     ┇                             DeepKNLP.cls ┇ Loaded 150000 examples from /dat/proj/DeepKNLP-24.03/data/nsmc/ratings_train.txt
[03.18 07:04:09] ┇ INFO     ┇                             DeepKNLP.cls ┇ Converted 150000 raw examples to 150000 encoded examples
[03.18 07:04:10] ┇ INFO     ┇                                 __main__ ┇ Created train_dataset providing 150000 examples
[03.18 07:04:10] ┇ INFO     ┇                                 __main__ ┇ Created train_dataloader providing 3000 batches
[03.18 07:04:10] ┇ INFO     ┇                                 __main__ ┇ === [after-train_dataloader] ============================================================================================================
[03.18 07:04:10] ┇ INFO     ┇                             DeepKNLP.cls ┇ Creating features from /dat/proj/DeepKNLP-24.03/data/nsmc/ratings_test.txt
[03.18 07:04:11] ┇ INFO     ┇                             DeepKNLP.cls ┇ Loaded 50000 examples from /dat/proj/DeepKNLP-24.03/data/nsmc/ratings_test.txt
[03.18 07:04:14] ┇ INFO     ┇                             DeepKNLP.cls ┇ Converted 50000 raw examples to 50000 encoded examples
[03.18 07:04:15] ┇ INFO     ┇                                 __main__ ┇ Created val_dataset providing 50000 examples
[03.18 07:04:15] ┇ INFO     ┇                                 __main__ ┇ Created val_dataloader providing 1000 batches
[03.18 07:04:15] ┇ INFO     ┇                                 __main__ ┇ === [after-val_dataloader] ==============================================================================================================
[03.18 07:04:26] ┇ INFO     ┇                                 __main__ ┇ (Ep 0.05) training:   5%|█▌                            | 75/1500 [00:11<02:53,  8.22x50b/s] | st=75, ep=0.05, loss=0.4861, acc=0.8000
[03.18 07:04:35] ┇ INFO     ┇                                 __main__ ┇ (Ep 0.10) training:  10%|███                           | 150/1500 [00:20<02:44,  8.23x50b/s] | st=150, ep=0.10, loss=0.4039, acc=0.8400
[03.18 07:04:45] ┇ INFO     ┇                                 __main__ ┇ (Ep 0.15) training:  15%|████▌                         | 225/1500 [00:30<02:34,  8.24x50b/s] | st=225, ep=0.15, loss=0.3734, acc=0.8600
[03.18 07:04:54] ┇ INFO     ┇                                 __main__ ┇ (Ep 0.20) training:  20%|██████                        | 300/1500 [00:39<02:28,  8.10x50b/s] | st=300, ep=0.20, loss=0.2586, acc=0.8900
[03.18 07:04:59] ┇ INFO     ┇                                 __main__ ┇ (Ep 0.20) checking:  33%|██████▋             | 167/500 [00:05<00:06, 51.33x50b/s]
[03.18 07:05:02] ┇ INFO     ┇                                 __main__ ┇ (Ep 0.20) checking:  67%|█████████████▎      | 334/500 [00:08<00:03, 51.21x50b/s]
[03.18 07:05:07] ┇ INFO     ┇                                 __main__ ┇ (Ep 0.20) checking: 100%|████████████████████| 500/500 [00:12<00:00, 51.49x50b/s] | st=300, ep=0.20, val_loss=0.2777, val_acc=0.8862
[03.18 07:05:07] ┇ INFO     ┇                                 __main__ ┇ --- [after-check] -----------------------------------------------------------------------------------------------------------------------
[03.18 07:05:18] ┇ INFO     ┇                                 __main__ ┇ (Ep 0.25) training:  25%|███████▌                      | 375/1500 [01:03<02:20,  8.03x50b/s] | st=375, ep=0.25, loss=0.3053, acc=0.8700
[03.18 07:05:28] ┇ INFO     ┇                                 __main__ ┇ (Ep 0.30) training:  30%|█████████                     | 450/1500 [01:12<02:10,  8.06x50b/s] | st=450, ep=0.30, loss=0.2617, acc=0.8700
[03.18 07:05:37] ┇ INFO     ┇                                 __main__ ┇ (Ep 0.35) training:  35%|██████████▌                   | 525/1500 [01:22<02:01,  8.00x50b/s] | st=525, ep=0.35, loss=0.3184, acc=0.8700
[03.18 07:05:47] ┇ INFO     ┇                                 __main__ ┇ (Ep 0.40) training:  40%|████████████                  | 600/1500 [01:32<01:53,  7.92x50b/s] | st=600, ep=0.40, loss=0.2879, acc=0.8800
[03.18 07:05:52] ┇ INFO     ┇                                 __main__ ┇ (Ep 0.40) checking:  33%|██████▋             | 167/500 [00:04<00:06, 50.92x50b/s]
[03.18 07:05:55] ┇ INFO     ┇                                 __main__ ┇ (Ep 0.40) checking:  67%|█████████████▎      | 334/500 [00:07<00:03, 50.23x50b/s]
[03.18 07:06:01] ┇ INFO     ┇                                 __main__ ┇ (Ep 0.40) checking: 100%|████████████████████| 500/500 [00:13<00:00, 50.76x50b/s] | st=600, ep=0.40, val_loss=0.2716, val_acc=0.8962
[03.18 07:06:01] ┇ INFO     ┇                                 __main__ ┇ --- [after-check] -----------------------------------------------------------------------------------------------------------------------
[03.18 07:06:12] ┇ INFO     ┇                                 __main__ ┇ (Ep 0.45) training:  45%|█████████████▌                | 675/1500 [01:57<01:47,  7.68x50b/s] | st=675, ep=0.45, loss=0.3506, acc=0.8800
[03.18 07:06:22] ┇ INFO     ┇                                 __main__ ┇ (Ep 0.50) training:  50%|███████████████               | 750/1500 [02:06<01:37,  7.69x50b/s] | st=750, ep=0.50, loss=0.2676, acc=0.8800
[03.18 07:06:31] ┇ INFO     ┇                                 __main__ ┇ (Ep 0.55) training:  55%|████████████████▌             | 825/1500 [02:16<01:24,  8.03x50b/s] | st=825, ep=0.55, loss=0.2584, acc=0.8600
[03.18 07:06:41] ┇ INFO     ┇                                 __main__ ┇ (Ep 0.60) training:  60%|██████████████████            | 900/1500 [02:25<01:18,  7.66x50b/s] | st=900, ep=0.60, loss=0.2687, acc=0.8600
[03.18 07:06:45] ┇ INFO     ┇                                 __main__ ┇ (Ep 0.60) checking:  33%|██████▋             | 167/500 [00:04<00:06, 49.65x50b/s]
[03.18 07:06:49] ┇ INFO     ┇                                 __main__ ┇ (Ep 0.60) checking:  67%|█████████████▎      | 334/500 [00:08<00:03, 49.32x50b/s]
[03.18 07:06:55] ┇ INFO     ┇                                 __main__ ┇ (Ep 0.60) checking: 100%|████████████████████| 500/500 [00:14<00:00, 51.07x50b/s] | st=900, ep=0.60, val_loss=0.2512, val_acc=0.9011
[03.18 07:06:55] ┇ INFO     ┇                                 __main__ ┇ --- [after-check] -----------------------------------------------------------------------------------------------------------------------
[03.18 07:07:06] ┇ INFO     ┇                                 __main__ ┇ (Ep 0.65) training:  65%|███████████████████▌          | 975/1500 [02:50<01:07,  7.83x50b/s] | st=975, ep=0.65, loss=0.3698, acc=0.8500
[03.18 07:07:15] ┇ INFO     ┇                                 __main__ ┇ (Ep 0.70) training:  70%|█████████████████████         | 1050/1500 [03:00<00:57,  7.80x50b/s] | st=1050, ep=0.70, loss=0.1501, acc=0.9500
[03.18 07:07:25] ┇ INFO     ┇                                 __main__ ┇ (Ep 0.75) training:  75%|██████████████████████▌       | 1125/1500 [03:10<00:47,  7.96x50b/s] | st=1125, ep=0.75, loss=0.1775, acc=0.9000
[03.18 07:07:34] ┇ INFO     ┇                                 __main__ ┇ (Ep 0.80) training:  80%|████████████████████████      | 1200/1500 [03:19<00:37,  8.05x50b/s] | st=1200, ep=0.80, loss=0.1575, acc=0.9400
[03.18 07:07:39] ┇ INFO     ┇                                 __main__ ┇ (Ep 0.80) checking:  33%|██████▋             | 167/500 [00:04<00:06, 50.37x50b/s]
[03.18 07:07:42] ┇ INFO     ┇                                 __main__ ┇ (Ep 0.80) checking:  67%|█████████████▎      | 334/500 [00:07<00:03, 50.32x50b/s]
[03.18 07:07:49] ┇ INFO     ┇                                 __main__ ┇ (Ep 0.80) checking: 100%|████████████████████| 500/500 [00:14<00:00, 50.63x50b/s] | st=1200, ep=0.80, val_loss=0.2493, val_acc=0.9013
[03.18 07:07:49] ┇ INFO     ┇                                 __main__ ┇ --- [after-check] -----------------------------------------------------------------------------------------------------------------------
[03.18 07:07:59] ┇ INFO     ┇                                 __main__ ┇ (Ep 0.85) training:  85%|█████████████████████████▌    | 1275/1500 [03:44<00:28,  7.91x50b/s] | st=1275, ep=0.85, loss=0.2333, acc=0.9400
[03.18 07:08:09] ┇ INFO     ┇                                 __main__ ┇ (Ep 0.90) training:  90%|███████████████████████████   | 1350/1500 [03:54<00:18,  7.93x50b/s] | st=1350, ep=0.90, loss=0.1981, acc=0.9400
[03.18 07:08:19] ┇ INFO     ┇                                 __main__ ┇ (Ep 0.95) training:  95%|████████████████████████████▌ | 1425/1500 [04:04<00:09,  7.62x50b/s] | st=1425, ep=0.95, loss=0.2339, acc=0.9000
[03.18 07:08:28] ┇ INFO     ┇                                 __main__ ┇ (Ep 1.00) training: 100%|██████████████████████████████| 1500/1500 [04:13<00:00,  7.76x50b/s] | st=1500, ep=1.00, loss=0.2165, acc=0.9100
[03.18 07:08:33] ┇ INFO     ┇                                 __main__ ┇ (Ep 1.00) checking:  33%|██████▋             | 167/500 [00:04<00:06, 50.47x50b/s]
[03.18 07:08:37] ┇ INFO     ┇                                 __main__ ┇ (Ep 1.00) checking:  67%|█████████████▎      | 334/500 [00:08<00:03, 50.26x50b/s]
[03.18 07:08:43] ┇ INFO     ┇                                 __main__ ┇ (Ep 1.00) checking: 100%|████████████████████| 500/500 [00:14<00:00, 50.85x50b/s] | st=1500, ep=1.00, val_loss=0.2406, val_acc=0.9028
[03.18 07:08:43] ┇ INFO     ┇                                 __main__ ┇ --- [after-check] -----------------------------------------------------------------------------------------------------------------------
[03.18 07:08:45] ┇ INFO     ┇                                 __main__ ┇ === [after-epoch] =======================================================================================================================
[03.18 07:08:56] ┇ INFO     ┇                                 __main__ ┇ (Ep 1.05) training:   5%|█▌                            | 75/1500 [00:11<02:59,  7.94x50b/s] | st=1575, ep=1.05, loss=0.1689, acc=0.9400
[03.18 07:09:05] ┇ INFO     ┇                                 __main__ ┇ (Ep 1.10) training:  10%|███                           | 150/1500 [00:20<02:54,  7.73x50b/s] | st=1650, ep=1.10, loss=0.1838, acc=0.9000
[03.18 07:09:15] ┇ INFO     ┇                                 __main__ ┇ (Ep 1.15) training:  15%|████▌                         | 225/1500 [00:30<02:40,  7.93x50b/s] | st=1725, ep=1.15, loss=0.2047, acc=0.9100
[03.18 07:09:24] ┇ INFO     ┇                                 __main__ ┇ (Ep 1.20) training:  20%|██████                        | 300/1500 [00:39<02:34,  7.77x50b/s] | st=1800, ep=1.20, loss=0.2410, acc=0.9100
[03.18 07:09:29] ┇ INFO     ┇                                 __main__ ┇ (Ep 1.20) checking:  33%|██████▋             | 167/500 [00:04<00:06, 49.87x50b/s]
[03.18 07:09:32] ┇ INFO     ┇                                 __main__ ┇ (Ep 1.20) checking:  67%|█████████████▎      | 334/500 [00:07<00:03, 50.12x50b/s]
[03.18 07:09:39] ┇ INFO     ┇                                 __main__ ┇ (Ep 1.20) checking: 100%|████████████████████| 500/500 [00:14<00:00, 50.09x50b/s] | st=1800, ep=1.20, val_loss=0.2639, val_acc=0.9044
[03.18 07:09:39] ┇ INFO     ┇                                 __main__ ┇ --- [after-check] -----------------------------------------------------------------------------------------------------------------------
[03.18 07:09:52] ┇ INFO     ┇                                 __main__ ┇ (Ep 1.25) training:  25%|███████▌                      | 375/1500 [01:07<02:22,  7.89x50b/s] | st=1875, ep=1.25, loss=0.2136, acc=0.9100
[03.18 07:10:01] ┇ INFO     ┇                                 __main__ ┇ (Ep 1.30) training:  30%|█████████                     | 450/1500 [01:16<02:12,  7.90x50b/s] | st=1950, ep=1.30, loss=0.3027, acc=0.8600
[03.18 07:10:11] ┇ INFO     ┇                                 __main__ ┇ (Ep 1.35) training:  35%|██████████▌                   | 525/1500 [01:26<02:05,  7.74x50b/s] | st=2025, ep=1.35, loss=0.2057, acc=0.9100
[03.18 07:10:20] ┇ INFO     ┇                                 __main__ ┇ (Ep 1.40) training:  40%|████████████                  | 600/1500 [01:35<01:53,  7.92x50b/s] | st=2100, ep=1.40, loss=0.2156, acc=0.9200
[03.18 07:10:25] ┇ INFO     ┇                                 __main__ ┇ (Ep 1.40) checking:  33%|██████▋             | 167/500 [00:04<00:06, 48.88x50b/s]
[03.18 07:10:29] ┇ INFO     ┇                                 __main__ ┇ (Ep 1.40) checking:  67%|█████████████▎      | 334/500 [00:08<00:03, 49.69x50b/s]
[03.18 07:10:35] ┇ INFO     ┇                                 __main__ ┇ (Ep 1.40) checking: 100%|████████████████████| 500/500 [00:14<00:00, 49.99x50b/s] | st=2100, ep=1.40, val_loss=0.2631, val_acc=0.9032
[03.18 07:10:35] ┇ INFO     ┇                                 __main__ ┇ --- [after-check] -----------------------------------------------------------------------------------------------------------------------
[03.18 07:10:46] ┇ INFO     ┇                                 __main__ ┇ (Ep 1.45) training:  45%|█████████████▌                | 675/1500 [02:01<01:47,  7.69x50b/s] | st=2175, ep=1.45, loss=0.1720, acc=0.9200
[03.18 07:10:56] ┇ INFO     ┇                                 __main__ ┇ (Ep 1.50) training:  50%|███████████████               | 750/1500 [02:11<01:34,  7.91x50b/s] | st=2250, ep=1.50, loss=0.0953, acc=0.9600
[03.18 07:11:06] ┇ INFO     ┇                                 __main__ ┇ (Ep 1.55) training:  55%|████████████████▌             | 825/1500 [02:20<01:29,  7.57x50b/s] | st=2325, ep=1.55, loss=0.1575, acc=0.9700
[03.18 07:11:15] ┇ INFO     ┇                                 __main__ ┇ (Ep 1.60) training:  60%|██████████████████            | 900/1500 [02:30<01:15,  7.96x50b/s] | st=2400, ep=1.60, loss=0.1293, acc=0.9700
[03.18 07:11:20] ┇ INFO     ┇                                 __main__ ┇ (Ep 1.60) checking:  33%|██████▋             | 167/500 [00:04<00:06, 49.94x50b/s]
[03.18 07:11:23] ┇ INFO     ┇                                 __main__ ┇ (Ep 1.60) checking:  67%|█████████████▎      | 334/500 [00:08<00:03, 49.89x50b/s]
[03.18 07:11:30] ┇ INFO     ┇                                 __main__ ┇ (Ep 1.60) checking: 100%|████████████████████| 500/500 [00:14<00:00, 49.85x50b/s] | st=2400, ep=1.60, val_loss=0.2422, val_acc=0.9062
[03.18 07:11:30] ┇ INFO     ┇                                 __main__ ┇ --- [after-check] -----------------------------------------------------------------------------------------------------------------------
[03.18 07:11:41] ┇ INFO     ┇                                 __main__ ┇ (Ep 1.65) training:  65%|███████████████████▌          | 975/1500 [02:56<01:06,  7.86x50b/s] | st=2475, ep=1.65, loss=0.2266, acc=0.8800
[03.18 07:11:51] ┇ INFO     ┇                                 __main__ ┇ (Ep 1.70) training:  70%|█████████████████████         | 1050/1500 [03:05<00:57,  7.85x50b/s] | st=2550, ep=1.70, loss=0.2027, acc=0.9300
[03.18 07:12:00] ┇ INFO     ┇                                 __main__ ┇ (Ep 1.75) training:  75%|██████████████████████▌       | 1125/1500 [03:15<00:48,  7.80x50b/s] | st=2625, ep=1.75, loss=0.1637, acc=0.9400
[03.18 07:12:10] ┇ INFO     ┇                                 __main__ ┇ (Ep 1.80) training:  80%|████████████████████████      | 1200/1500 [03:24<00:37,  7.93x50b/s] | st=2700, ep=1.80, loss=0.1918, acc=0.9500
[03.18 07:12:15] ┇ INFO     ┇                                 __main__ ┇ (Ep 1.80) checking:  33%|██████▋             | 167/500 [00:04<00:06, 49.75x50b/s]
[03.18 07:12:18] ┇ INFO     ┇                                 __main__ ┇ (Ep 1.80) checking:  67%|█████████████▎      | 334/500 [00:08<00:03, 50.15x50b/s]
[03.18 07:12:24] ┇ INFO     ┇                                 __main__ ┇ (Ep 1.80) checking: 100%|████████████████████| 500/500 [00:14<00:00, 50.05x50b/s] | st=2700, ep=1.80, val_loss=0.2386, val_acc=0.9069
[03.18 07:12:25] ┇ INFO     ┇                                 __main__ ┇ --- [after-check] -----------------------------------------------------------------------------------------------------------------------
[03.18 07:12:36] ┇ INFO     ┇                                 __main__ ┇ (Ep 1.85) training:  85%|█████████████████████████▌    | 1275/1500 [03:51<00:29,  7.72x50b/s] | st=2775, ep=1.85, loss=0.2049, acc=0.9300
[03.18 07:12:46] ┇ INFO     ┇                                 __main__ ┇ (Ep 1.90) training:  90%|███████████████████████████   | 1350/1500 [04:00<00:18,  7.92x50b/s] | st=2850, ep=1.90, loss=0.1478, acc=0.9300
[03.18 07:12:55] ┇ INFO     ┇                                 __main__ ┇ (Ep 1.95) training:  95%|████████████████████████████▌ | 1425/1500 [04:10<00:09,  7.97x50b/s] | st=2925, ep=1.95, loss=0.1095, acc=0.9700
[03.18 07:13:05] ┇ INFO     ┇                                 __main__ ┇ (Ep 2.00) training: 100%|██████████████████████████████| 1500/1500 [04:20<00:00,  7.90x50b/s] | st=3000, ep=2.00, loss=0.2398, acc=0.9200
[03.18 07:13:10] ┇ INFO     ┇                                 __main__ ┇ (Ep 2.00) checking:  33%|██████▋             | 167/500 [00:04<00:06, 49.20x50b/s]
[03.18 07:13:13] ┇ INFO     ┇                                 __main__ ┇ (Ep 2.00) checking:  67%|█████████████▎      | 334/500 [00:08<00:03, 49.36x50b/s]
[03.18 07:13:19] ┇ INFO     ┇                                 __main__ ┇ (Ep 2.00) checking: 100%|████████████████████| 500/500 [00:14<00:00, 48.65x50b/s] | st=3000, ep=2.00, val_loss=0.2354, val_acc=0.9036
[03.18 07:13:19] ┇ INFO     ┇                                 __main__ ┇ --- [after-check] -----------------------------------------------------------------------------------------------------------------------
[03.18 07:13:20] ┇ INFO     ┇                                 __main__ ┇ === [after-epoch] =======================================================================================================================
[03.18 07:13:20] ┇ INFO     ┇                                 __main__ ┇ --- [after-train] -----------------------------------------------------------------------------------------------------------------------
[03.18 07:13:21] ┇ INFO     ┇                                 __main__ ┇ Loading best model from finetuning/nsmc/train=KPF-BERT=chris137/version_1/ep=1.8, loss=0.2386, acc=0.9069.ckpt
[03.18 07:13:25] ┇ INFO     ┇                                 __main__ ┇ (Ep 1.80)  testing:  33%|██████▋             | 167/500 [00:05<00:06, 48.62x50b/s]
[03.18 07:13:29] ┇ INFO     ┇                                 __main__ ┇ (Ep 1.80)  testing:  67%|█████████████▎      | 334/500 [00:08<00:03, 48.35x50b/s]
[03.18 07:13:35] ┇ INFO     ┇                                 __main__ ┇ (Ep 1.80)  testing: 100%|████████████████████| 500/500 [00:15<00:00, 48.57x50b/s] | st=2700, ep=1.80, test_loss=0.2386, test_acc=0.9069
[03.18 07:13:35] ┇ INFO     ┇                                 __main__ ┇ --- [after-test] ------------------------------------------------------------------------------------------------------------------------
[03.18 07:13:35] ┇ INFO     ┇                           chrisbase.data ┇ =========================================================================================================================================
[03.18 07:13:35] ┇ INFO     ┇                           chrisbase.data ┇ [EXIT] python /home/chris/proj/DeepKNLP-24.03/1-doc-cls-train.py  ($=00:09:39.324)
[03.18 07:13:35] ┇ INFO     ┇                           chrisbase.data ┇ =========================================================================================================================================
