[02.12 03:41:10] ┇ INFO    ┇           chrisbase.data ┇ =========================================================================================================================================
[02.12 03:41:10] ┇ INFO    ┇           chrisbase.data ┇ [INIT] python task2-nerG-trainer.py --local_rank=0 --trainer_deepspeed configs/deepspeed/ds2_t5.json --run_version FlanT5-1B-BL --pretrained google/flan-t5-large --eval_epochs 0.5 --logging_steps 5 --num_train_epochs 12 --per_device_eval_batch_size 50 --per_device_train_batch_size 8 --gradient_accumulation_steps 1 --generation_max_length 640 --eval_file data/gner/each-sampled-BL/crossner_politics-dev=100.jsonl --train_file data/gner/each-BL/crossner_politics-train.jsonl --output_file train-metrics-crossner_politics-12ep.csv --logging_file train-loggings-crossner_politics-12ep.out --no_use_flash_attention --no_debugging
[02.12 03:41:10] ┇ INFO    ┇           chrisbase.data ┇ =========================================================================================================================================
[02.12 03:41:11] ┇ INFO    ┇           chrisbase.data ┇ -----------------------------------------------------------------------------------------------------------------------------------------
[02.12 03:41:11] ┇ INFO    ┇           chrisbase.data ┇   #	TrainingArgumentsForAccelerator              	value
[02.12 03:41:11] ┇ INFO    ┇           chrisbase.data ┇ -----------------------------------------------------------------------------------------------------------------------------------------
[02.12 03:41:11] ┇ INFO    ┇           chrisbase.data ┇   1	env.hostname                                 	dgx-a100
[02.12 03:41:11] ┇ INFO    ┇           chrisbase.data ┇   2	env.hostaddr                                 	129.254.23.12
[02.12 03:41:11] ┇ INFO    ┇           chrisbase.data ┇   3	env.global_rank                              	-1
[02.12 03:41:11] ┇ INFO    ┇           chrisbase.data ┇   4	env.local_rank                               	0
[02.12 03:41:11] ┇ INFO    ┇           chrisbase.data ┇   5	env.node_rank                                	-1
[02.12 03:41:11] ┇ INFO    ┇           chrisbase.data ┇   6	env.world_size                               	4
[02.12 03:41:11] ┇ INFO    ┇           chrisbase.data ┇   7	env.time_stamp                               	0212-034058
[02.12 03:41:11] ┇ INFO    ┇           chrisbase.data ┇   8	env.python_path                              	/raid/chrisjihee/miniforge3/envs/DeepKNLP/bin/python
[02.12 03:41:11] ┇ INFO    ┇           chrisbase.data ┇   9	env.current_dir                              	/raid/chrisjihee/proj/DeepKNLP
[02.12 03:41:11] ┇ INFO    ┇           chrisbase.data ┇  10	env.current_file                             	task2-nerG-trainer.py
[02.12 03:41:11] ┇ INFO    ┇           chrisbase.data ┇  11	env.command_args                             	['--local_rank=0', '--trainer_deepspeed', 'configs/deepspeed/ds2_t5.json', '--run_version', 'FlanT5-1B-BL', '--pretrained', 'google/flan-t5-large', '--eval_epochs', '0.5', '--logging_steps', '5', '--num_train_epochs', '12', '--per_device_eval_batch_size', '50', '--per_device_train_batch_size', '8', '--gradient_accumulation_steps', '1', '--generation_max_length', '640', '--eval_file', 'data/gner/each-sampled-BL/crossner_politics-dev=100.jsonl', '--train_file', 'data/gner/each-BL/crossner_politics-train.jsonl', '--output_file', 'train-metrics-crossner_politics-12ep.csv', '--logging_file', 'train-loggings-crossner_politics-12ep.out', '--no_use_flash_attention', '--no_debugging']
[02.12 03:41:11] ┇ INFO    ┇           chrisbase.data ┇  12	env.output_home                              	output
[02.12 03:41:11] ┇ INFO    ┇           chrisbase.data ┇  13	env.output_name                              	GNER
[02.12 03:41:11] ┇ INFO    ┇           chrisbase.data ┇  14	env.run_version                              	FlanT5-1B-BL
[02.12 03:41:11] ┇ INFO    ┇           chrisbase.data ┇  15	env.output_file                              	train-metrics-crossner_politics-12ep-0212-034058.csv
[02.12 03:41:11] ┇ INFO    ┇           chrisbase.data ┇  16	env.logging_file                             	train-loggings-crossner_politics-12ep-0212-034058.out
[02.12 03:41:11] ┇ INFO    ┇           chrisbase.data ┇  17	env.logging_level                            	30
[02.12 03:41:11] ┇ INFO    ┇           chrisbase.data ┇  18	env.logging_format                           	%(asctime)s ┇ %(levelname)-7s ┇ %(name)24s ┇ %(message)s
[02.12 03:41:11] ┇ INFO    ┇           chrisbase.data ┇  19	env.datetime_format                          	[%m.%d %H:%M:%S]
[02.12 03:41:11] ┇ INFO    ┇           chrisbase.data ┇  20	env.argument_file                            	train-arguments-0212-034058.json
[02.12 03:41:11] ┇ INFO    ┇           chrisbase.data ┇  21	env.random_seed                              	7
[02.12 03:41:11] ┇ INFO    ┇           chrisbase.data ┇  22	env.max_workers                              	4
[02.12 03:41:11] ┇ INFO    ┇           chrisbase.data ┇  23	env.debugging                                	False
[02.12 03:41:11] ┇ INFO    ┇           chrisbase.data ┇  24	env.output_dir                               	output/GNER/FlanT5-1B-BL
[02.12 03:41:11] ┇ INFO    ┇           chrisbase.data ┇  25	time.t1                                      	2025-02-12 03:41:11.069806
[02.12 03:41:11] ┇ INFO    ┇           chrisbase.data ┇  26	time.t2                                      	2025-02-12 03:40:56.528991
[02.12 03:41:11] ┇ INFO    ┇           chrisbase.data ┇  27	time.started                                 	[02.12 03:41:11]
[02.12 03:41:11] ┇ INFO    ┇           chrisbase.data ┇  28	time.settled
[02.12 03:41:11] ┇ INFO    ┇           chrisbase.data ┇  29	time.elapsed
[02.12 03:41:11] ┇ INFO    ┇           chrisbase.data ┇  30	data.train_file                              	data/gner/each-BL/crossner_politics-train.jsonl
[02.12 03:41:11] ┇ INFO    ┇           chrisbase.data ┇  31	data.study_file
[02.12 03:41:11] ┇ INFO    ┇           chrisbase.data ┇  32	data.eval_file                               	data/gner/each-sampled-BL/crossner_politics-dev=100.jsonl
[02.12 03:41:11] ┇ INFO    ┇           chrisbase.data ┇  33	data.pred_file
[02.12 03:41:11] ┇ INFO    ┇           chrisbase.data ┇  34	data.pretrained                              	google/flan-t5-large
[02.12 03:41:11] ┇ INFO    ┇           chrisbase.data ┇  35	data.max_train_samples                       	-1
[02.12 03:41:11] ┇ INFO    ┇           chrisbase.data ┇  36	data.max_study_samples                       	-1
[02.12 03:41:11] ┇ INFO    ┇           chrisbase.data ┇  37	data.max_eval_samples                        	-1
[02.12 03:41:11] ┇ INFO    ┇           chrisbase.data ┇  38	data.max_pred_samples                        	-1
[02.12 03:41:11] ┇ INFO    ┇           chrisbase.data ┇  39	data.use_cache_data                          	False
[02.12 03:41:11] ┇ INFO    ┇           chrisbase.data ┇  40	data.progress_seconds                        	10.0
[02.12 03:41:11] ┇ INFO    ┇           chrisbase.data ┇  41	data.max_source_length                       	640
[02.12 03:41:11] ┇ INFO    ┇           chrisbase.data ┇  42	data.max_target_length                       	640
[02.12 03:41:11] ┇ INFO    ┇           chrisbase.data ┇  43	data.write_predictions                       	False
[02.12 03:41:11] ┇ INFO    ┇           chrisbase.data ┇  44	data.ignore_pad_token_for_loss               	True
[02.12 03:41:11] ┇ INFO    ┇           chrisbase.data ┇  45	train._n_gpu                                 	1
[02.12 03:41:11] ┇ INFO    ┇           chrisbase.data ┇  46	train.accelerator_config                     	{'split_batches': False, 'dispatch_batches': None, 'even_batches': True, 'use_seedable_sampler': True, 'non_blocking': False, 'gradient_accumulation_kwargs': None, 'use_configured_state': False}
[02.12 03:41:11] ┇ INFO    ┇           chrisbase.data ┇  47	train.adafactor                              	False
[02.12 03:41:11] ┇ INFO    ┇           chrisbase.data ┇  48	train.adam_beta1                             	0.9
[02.12 03:41:11] ┇ INFO    ┇           chrisbase.data ┇  49	train.adam_beta2                             	0.999
[02.12 03:41:11] ┇ INFO    ┇           chrisbase.data ┇  50	train.adam_epsilon                           	1e-08
[02.12 03:41:11] ┇ INFO    ┇           chrisbase.data ┇  51	train.auto_find_batch_size                   	False
[02.12 03:41:11] ┇ INFO    ┇           chrisbase.data ┇  52	train.average_tokens_across_devices          	False
[02.12 03:41:11] ┇ INFO    ┇           chrisbase.data ┇  53	train.batch_eval_metrics                     	False
[02.12 03:41:11] ┇ INFO    ┇           chrisbase.data ┇  54	train.bf16                                   	True
[02.12 03:41:11] ┇ INFO    ┇           chrisbase.data ┇  55	train.bf16_full_eval                         	True
[02.12 03:41:11] ┇ INFO    ┇           chrisbase.data ┇  56	train.data_seed
[02.12 03:41:11] ┇ INFO    ┇           chrisbase.data ┇  57	train.dataloader_drop_last                   	False
[02.12 03:41:11] ┇ INFO    ┇           chrisbase.data ┇  58	train.dataloader_num_workers                 	0
[02.12 03:41:11] ┇ INFO    ┇           chrisbase.data ┇  59	train.dataloader_persistent_workers          	False
[02.12 03:41:11] ┇ INFO    ┇           chrisbase.data ┇  60	train.dataloader_pin_memory                  	True
[02.12 03:41:11] ┇ INFO    ┇           chrisbase.data ┇  61	train.dataloader_prefetch_factor
[02.12 03:41:11] ┇ INFO    ┇           chrisbase.data ┇  62	train.ddp_backend
[02.12 03:41:11] ┇ INFO    ┇           chrisbase.data ┇  63	train.ddp_broadcast_buffers
[02.12 03:41:11] ┇ INFO    ┇           chrisbase.data ┇  64	train.ddp_bucket_cap_mb
[02.12 03:41:11] ┇ INFO    ┇           chrisbase.data ┇  65	train.ddp_find_unused_parameters
[02.12 03:41:11] ┇ INFO    ┇           chrisbase.data ┇  66	train.ddp_timeout                            	1800
[02.12 03:41:11] ┇ INFO    ┇           chrisbase.data ┇  67	train.debug                                  	[]
[02.12 03:41:11] ┇ INFO    ┇           chrisbase.data ┇  68	train.deepspeed                              	configs/deepspeed/ds2_t5.json
[02.12 03:41:11] ┇ INFO    ┇           chrisbase.data ┇  69	train.disable_tqdm                           	True
[02.12 03:41:11] ┇ INFO    ┇           chrisbase.data ┇  70	train.dispatch_batches
[02.12 03:41:11] ┇ INFO    ┇           chrisbase.data ┇  71	train.do_eval                                	True
[02.12 03:41:11] ┇ INFO    ┇           chrisbase.data ┇  72	train.do_predict                             	False
[02.12 03:41:11] ┇ INFO    ┇           chrisbase.data ┇  73	train.do_train                               	True
[02.12 03:41:11] ┇ INFO    ┇           chrisbase.data ┇  74	train.eval_accumulation_steps                	1
[02.12 03:41:11] ┇ INFO    ┇           chrisbase.data ┇  75	train.eval_delay                             	0.0
[02.12 03:41:11] ┇ INFO    ┇           chrisbase.data ┇  76	train.eval_do_concat_batches                 	True
[02.12 03:41:11] ┇ INFO    ┇           chrisbase.data ┇  77	train.eval_epochs                            	0.5
[02.12 03:41:11] ┇ INFO    ┇           chrisbase.data ┇  78	train.eval_on_start                          	False
[02.12 03:41:11] ┇ INFO    ┇           chrisbase.data ┇  79	train.eval_steps                             	9223372036854775807
[02.12 03:41:11] ┇ INFO    ┇           chrisbase.data ┇  80	train.eval_strategy                          	IntervalStrategy.NO
[02.12 03:41:11] ┇ INFO    ┇           chrisbase.data ┇  81	train.eval_use_gather_object                 	False
[02.12 03:41:11] ┇ INFO    ┇           chrisbase.data ┇  82	train.evaluation_strategy
[02.12 03:41:11] ┇ INFO    ┇           chrisbase.data ┇  83	train.fp16                                   	False
[02.12 03:41:11] ┇ INFO    ┇           chrisbase.data ┇  84	train.fp16_backend                           	auto
[02.12 03:41:11] ┇ INFO    ┇           chrisbase.data ┇  85	train.fp16_full_eval                         	False
[02.12 03:41:11] ┇ INFO    ┇           chrisbase.data ┇  86	train.fp16_opt_level                         	O1
[02.12 03:41:11] ┇ INFO    ┇           chrisbase.data ┇  87	train.fsdp                                   	[]
[02.12 03:41:11] ┇ INFO    ┇           chrisbase.data ┇  88	train.fsdp_config                            	{'min_num_params': 0, 'xla': False, 'xla_fsdp_v2': False, 'xla_fsdp_grad_ckpt': False}
[02.12 03:41:11] ┇ INFO    ┇           chrisbase.data ┇  89	train.fsdp_min_num_params                    	0
[02.12 03:41:11] ┇ INFO    ┇           chrisbase.data ┇  90	train.fsdp_transformer_layer_cls_to_wrap
[02.12 03:41:11] ┇ INFO    ┇           chrisbase.data ┇  91	train.full_determinism                       	False
[02.12 03:41:11] ┇ INFO    ┇           chrisbase.data ┇  92	train.generation_config
[02.12 03:41:11] ┇ INFO    ┇           chrisbase.data ┇  93	train.generation_max_length                  	640
[02.12 03:41:11] ┇ INFO    ┇           chrisbase.data ┇  94	train.generation_num_beams
[02.12 03:41:11] ┇ INFO    ┇           chrisbase.data ┇  95	train.gradient_accumulation_steps            	1
[02.12 03:41:11] ┇ INFO    ┇           chrisbase.data ┇  96	train.gradient_checkpointing                 	True
[02.12 03:41:11] ┇ INFO    ┇           chrisbase.data ┇  97	train.gradient_checkpointing_kwargs
[02.12 03:41:11] ┇ INFO    ┇           chrisbase.data ┇  98	train.greater_is_better
[02.12 03:41:11] ┇ INFO    ┇           chrisbase.data ┇  99	train.group_by_length                        	False
[02.12 03:41:11] ┇ INFO    ┇           chrisbase.data ┇ 100	train.half_precision_backend                 	auto
[02.12 03:41:11] ┇ INFO    ┇           chrisbase.data ┇ 101	train.hub_always_push                        	False
[02.12 03:41:11] ┇ INFO    ┇           chrisbase.data ┇ 102	train.hub_model_id
[02.12 03:41:11] ┇ INFO    ┇           chrisbase.data ┇ 103	train.hub_private_repo
[02.12 03:41:11] ┇ INFO    ┇           chrisbase.data ┇ 104	train.hub_strategy                           	HubStrategy.EVERY_SAVE
[02.12 03:41:11] ┇ INFO    ┇           chrisbase.data ┇ 105	train.hub_token
[02.12 03:41:11] ┇ INFO    ┇           chrisbase.data ┇ 106	train.ignore_data_skip                       	False
[02.12 03:41:11] ┇ INFO    ┇           chrisbase.data ┇ 107	train.include_for_metrics                    	[]
[02.12 03:41:11] ┇ INFO    ┇           chrisbase.data ┇ 108	train.include_inputs_for_metrics             	False
[02.12 03:41:11] ┇ INFO    ┇           chrisbase.data ┇ 109	train.include_num_input_tokens_seen          	False
[02.12 03:41:11] ┇ INFO    ┇           chrisbase.data ┇ 110	train.include_tokens_per_second              	False
[02.12 03:41:11] ┇ INFO    ┇           chrisbase.data ┇ 111	train.jit_mode_eval                          	False
[02.12 03:41:11] ┇ INFO    ┇           chrisbase.data ┇ 112	train.label_names
[02.12 03:41:11] ┇ INFO    ┇           chrisbase.data ┇ 113	train.label_smoothing_factor                 	0.0
[02.12 03:41:11] ┇ INFO    ┇           chrisbase.data ┇ 114	train.learning_rate                          	2e-05
[02.12 03:41:11] ┇ INFO    ┇           chrisbase.data ┇ 115	train.length_column_name                     	length
[02.12 03:41:11] ┇ INFO    ┇           chrisbase.data ┇ 116	train.load_best_model_at_end                 	False
[02.12 03:41:11] ┇ INFO    ┇           chrisbase.data ┇ 117	train.local_rank                             	0
[02.12 03:41:11] ┇ INFO    ┇           chrisbase.data ┇ 118	train.log_level                              	warning
[02.12 03:41:11] ┇ INFO    ┇           chrisbase.data ┇ 119	train.log_level_replica                      	error
[02.12 03:41:11] ┇ INFO    ┇           chrisbase.data ┇ 120	train.log_on_each_node                       	True
[02.12 03:41:11] ┇ INFO    ┇           chrisbase.data ┇ 121	train.logging_dir                            	output/GNER/FlanT5-1B-BL/runs/Feb12_03-41-08_dgx-a100
[02.12 03:41:11] ┇ INFO    ┇           chrisbase.data ┇ 122	train.logging_epochs                         	-1.0
[02.12 03:41:11] ┇ INFO    ┇           chrisbase.data ┇ 123	train.logging_first_step                     	False
[02.12 03:41:11] ┇ INFO    ┇           chrisbase.data ┇ 124	train.logging_nan_inf_filter                 	True
[02.12 03:41:11] ┇ INFO    ┇           chrisbase.data ┇ 125	train.logging_steps                          	5
[02.12 03:41:11] ┇ INFO    ┇           chrisbase.data ┇ 126	train.logging_strategy                       	IntervalStrategy.STEPS
[02.12 03:41:11] ┇ INFO    ┇           chrisbase.data ┇ 127	train.lr_scheduler_kwargs                    	{}
[02.12 03:41:11] ┇ INFO    ┇           chrisbase.data ┇ 128	train.lr_scheduler_type                      	SchedulerType.COSINE
[02.12 03:41:11] ┇ INFO    ┇           chrisbase.data ┇ 129	train.max_grad_norm                          	1.0
[02.12 03:41:11] ┇ INFO    ┇           chrisbase.data ┇ 130	train.max_steps                              	-1
[02.12 03:41:11] ┇ INFO    ┇           chrisbase.data ┇ 131	train.metric_for_best_model
[02.12 03:41:11] ┇ INFO    ┇           chrisbase.data ┇ 132	train.mp_parameters
[02.12 03:41:11] ┇ INFO    ┇           chrisbase.data ┇ 133	train.neftune_noise_alpha
[02.12 03:41:11] ┇ INFO    ┇           chrisbase.data ┇ 134	train.no_cuda                                	False
[02.12 03:41:11] ┇ INFO    ┇           chrisbase.data ┇ 135	train.num_train_epochs                       	12.0
[02.12 03:41:11] ┇ INFO    ┇           chrisbase.data ┇ 136	train.optim                                  	OptimizerNames.ADAMW_TORCH
[02.12 03:41:11] ┇ INFO    ┇           chrisbase.data ┇ 137	train.optim_args
[02.12 03:41:11] ┇ INFO    ┇           chrisbase.data ┇ 138	train.optim_target_modules
[02.12 03:41:11] ┇ INFO    ┇           chrisbase.data ┇ 139	train.output_dir                             	output/GNER/FlanT5-1B-BL
[02.12 03:41:11] ┇ INFO    ┇           chrisbase.data ┇ 140	train.overwrite_output_dir                   	True
[02.12 03:41:11] ┇ INFO    ┇           chrisbase.data ┇ 141	train.past_index                             	-1
[02.12 03:41:11] ┇ INFO    ┇           chrisbase.data ┇ 142	train.per_device_eval_batch_size             	50
[02.12 03:41:11] ┇ INFO    ┇           chrisbase.data ┇ 143	train.per_device_train_batch_size            	8
[02.12 03:41:11] ┇ INFO    ┇           chrisbase.data ┇ 144	train.per_gpu_eval_batch_size
[02.12 03:41:11] ┇ INFO    ┇           chrisbase.data ┇ 145	train.per_gpu_train_batch_size
[02.12 03:41:11] ┇ INFO    ┇           chrisbase.data ┇ 146	train.predict_with_generate                  	True
[02.12 03:41:11] ┇ INFO    ┇           chrisbase.data ┇ 147	train.prediction_loss_only                   	False
[02.12 03:41:11] ┇ INFO    ┇           chrisbase.data ┇ 148	train.push_to_hub                            	False
[02.12 03:41:11] ┇ INFO    ┇           chrisbase.data ┇ 149	train.push_to_hub_model_id
[02.12 03:41:11] ┇ INFO    ┇           chrisbase.data ┇ 150	train.push_to_hub_organization
[02.12 03:41:11] ┇ INFO    ┇           chrisbase.data ┇ 151	train.push_to_hub_token
[02.12 03:41:11] ┇ INFO    ┇           chrisbase.data ┇ 152	train.ray_scope                              	last
[02.12 03:41:11] ┇ INFO    ┇           chrisbase.data ┇ 153	train.remove_unused_columns                  	False
[02.12 03:41:11] ┇ INFO    ┇           chrisbase.data ┇ 154	train.report_to                              	[]
[02.12 03:41:11] ┇ INFO    ┇           chrisbase.data ┇ 155	train.restore_callback_states_from_checkpoint	False
[02.12 03:41:11] ┇ INFO    ┇           chrisbase.data ┇ 156	train.resume_from_checkpoint
[02.12 03:41:11] ┇ INFO    ┇           chrisbase.data ┇ 157	train.run_name                               	output/GNER/FlanT5-1B-BL
[02.12 03:41:11] ┇ INFO    ┇           chrisbase.data ┇ 158	train.save_epochs                            	-1.0
[02.12 03:41:11] ┇ INFO    ┇           chrisbase.data ┇ 159	train.save_on_each_node                      	False
[02.12 03:41:11] ┇ INFO    ┇           chrisbase.data ┇ 160	train.save_only_model                        	False
[02.12 03:41:11] ┇ INFO    ┇           chrisbase.data ┇ 161	train.save_safetensors                       	True
[02.12 03:41:11] ┇ INFO    ┇           chrisbase.data ┇ 162	train.save_steps                             	9223372036854775807
[02.12 03:41:11] ┇ INFO    ┇           chrisbase.data ┇ 163	train.save_strategy                          	SaveStrategy.NO
[02.12 03:41:11] ┇ INFO    ┇           chrisbase.data ┇ 164	train.save_total_limit
[02.12 03:41:11] ┇ INFO    ┇           chrisbase.data ┇ 165	train.seed                                   	7
[02.12 03:41:11] ┇ INFO    ┇           chrisbase.data ┇ 166	train.skip_memory_metrics                    	True
[02.12 03:41:11] ┇ INFO    ┇           chrisbase.data ┇ 167	train.sortish_sampler                        	False
[02.12 03:41:11] ┇ INFO    ┇           chrisbase.data ┇ 168	train.split_batches
[02.12 03:41:11] ┇ INFO    ┇           chrisbase.data ┇ 169	train.tf32                                   	True
[02.12 03:41:11] ┇ INFO    ┇           chrisbase.data ┇ 170	train.torch_compile                          	False
[02.12 03:41:11] ┇ INFO    ┇           chrisbase.data ┇ 171	train.torch_compile_backend
[02.12 03:41:11] ┇ INFO    ┇           chrisbase.data ┇ 172	train.torch_compile_mode
[02.12 03:41:11] ┇ INFO    ┇           chrisbase.data ┇ 173	train.torch_empty_cache_steps
[02.12 03:41:11] ┇ INFO    ┇           chrisbase.data ┇ 174	train.torchdynamo
[02.12 03:41:11] ┇ INFO    ┇           chrisbase.data ┇ 175	train.tpu_metrics_debug                      	False
[02.12 03:41:11] ┇ INFO    ┇           chrisbase.data ┇ 176	train.tpu_num_cores
[02.12 03:41:11] ┇ INFO    ┇           chrisbase.data ┇ 177	train.use_cpu                                	False
[02.12 03:41:11] ┇ INFO    ┇           chrisbase.data ┇ 178	train.use_flash_attention                    	False
[02.12 03:41:11] ┇ INFO    ┇           chrisbase.data ┇ 179	train.use_ipex                               	False
[02.12 03:41:11] ┇ INFO    ┇           chrisbase.data ┇ 180	train.use_legacy_prediction_loop             	False
[02.12 03:41:11] ┇ INFO    ┇           chrisbase.data ┇ 181	train.use_liger_kernel                       	False
[02.12 03:41:11] ┇ INFO    ┇           chrisbase.data ┇ 182	train.use_mps_device                         	False
[02.12 03:41:11] ┇ INFO    ┇           chrisbase.data ┇ 183	train.warmup_ratio                           	0.04
[02.12 03:41:11] ┇ INFO    ┇           chrisbase.data ┇ 184	train.warmup_steps                           	0
[02.12 03:41:11] ┇ INFO    ┇           chrisbase.data ┇ 185	train.weight_decay                           	0.0
[02.12 03:41:11] ┇ INFO    ┇           chrisbase.data ┇ -----------------------------------------------------------------------------------------------------------------------------------------
[02.12 03:41:13] ┇ INFO    ┇                 DeepKNLP ┇ model type: <class 'transformers.models.t5.modeling_t5.T5ForConditionalGeneration'>
[02.12 03:41:13] ┇ INFO    ┇                 DeepKNLP ┇ model pad_token_id: 0
[02.12 03:41:13] ┇ INFO    ┇                 DeepKNLP ┇ Loaded raw train_dataset (#=200): data/gner/each-BL/crossner_politics-train.jsonl
[02.12 03:41:13] ┇ INFO    ┇                 DeepKNLP ┇ Preprocess train_dataset:   2%|▍                   |   4/200 [0:00:00<0:00:10, 19.17Hz]
[02.12 03:41:14] ┇ INFO    ┇                 DeepKNLP ┇ Preprocess train_dataset: 100%|████████████████████| 200/200 [0:00:00<0:00:00, 773.18Hz]
[02.12 03:41:14] ┇ INFO    ┇                 DeepKNLP ┇ Completed preprocessing for train_dataset by google/flan-t5-large at [02.12 03:41:14]
[02.12 03:41:14] ┇ INFO    ┇                 DeepKNLP ┇ Loaded raw eval_dataset (#=100): data/gner/each-sampled-BL/crossner_politics-dev=100.jsonl
[02.12 03:41:14] ┇ INFO    ┇                 DeepKNLP ┇ Preprocess eval_dataset:   4%|▊                   |   4/100 [0:00:00<0:00:04, 20.18Hz]
[02.12 03:41:14] ┇ INFO    ┇                 DeepKNLP ┇ Preprocess eval_dataset: 100%|████████████████████| 100/100 [0:00:00<0:00:00, 461.08Hz]
[02.12 03:41:14] ┇ INFO    ┇                 DeepKNLP ┇ Completed preprocessing for eval_dataset by google/flan-t5-large at [02.12 03:41:14]
[02.12 03:41:17] ┇ INFO    ┇ torch.distributed.distributed_c10d ┇ Using backend config: {'cuda': 'nccl'}
[02.12 03:41:24] ┇ INFO    ┇ torch.distributed.distributed_c10d ┇ Using backend config: {'cuda': 'nccl'}
[02.12 03:41:24] ┇ INFO    ┇ torch.distributed.distributed_c10d ┇ Using backend config: {'cuda': 'nccl'}
[02.12 03:41:24] ┇ INFO    ┇ torch.distributed.distributed_c10d ┇ Using backend config: {'cuda': 'nccl'}
[02.12 03:41:42] ┇ WARNING ┇                DeepSpeed ┇ Attempting to get learning rate from scheduler before it has started
[02.12 03:41:42] ┇ INFO    ┇    DeepKNLP.gner.trainer ┇ -----------------------------------------------------------------------------------------------------------------------------------------
[02.12 03:41:42] ┇ INFO    ┇    DeepKNLP.gner.trainer ┇ ***** Beginning Training *****
[02.12 03:41:42] ┇ INFO    ┇    DeepKNLP.gner.trainer ┇ >> Train Epochs       = 12.0
[02.12 03:41:42] ┇ INFO    ┇    DeepKNLP.gner.trainer ┇ >> Train Examples     = 200
[02.12 03:41:42] ┇ INFO    ┇    DeepKNLP.gner.trainer ┇ >> Train Batch Size   = 32 = 8 * 1 * 4
[02.12 03:41:42] ┇ INFO    ┇    DeepKNLP.gner.trainer ┇ >> Train Optim Steps  = 84 = 7 * 12.0
[02.12 03:41:42] ┇ INFO    ┇    DeepKNLP.gner.trainer ┇ >> Train Model Params = 783,150,080
[02.12 03:41:42] ┇ INFO    ┇    DeepKNLP.gner.trainer ┇ >> Trainer Callbacks  = DefaultFlowCallback, CustomProgressCallback
[02.12 03:41:42] ┇ INFO    ┇    DeepKNLP.gner.trainer ┇ >> Zero Optim Stage   = 2
[02.12 03:41:42] ┇ INFO    ┇    DeepKNLP.gner.trainer ┇ >> Eval Examples      = 100
[02.12 03:41:42] ┇ INFO    ┇    DeepKNLP.gner.trainer ┇ >> Eval Batch Size    = 200 = 50 * 4
[02.12 03:41:50] ┇ INFO    ┇    DeepKNLP.gner.trainer ┇ [checking] 100%|████████████████████| 1/1 [0:00:00<0:00:00, 16984.21Hz]
[02.12 03:41:50] ┇ INFO    ┇    DeepKNLP.gner.trainer ┇ [training]   5%|▉                   |  4/84 [0:00:07<0:02:32, 0.52Hz] | epoch=0.57, eval_average=0.0000
[02.12 03:41:50] ┇ INFO    ┇    DeepKNLP.gner.trainer ┇ [training]   6%|█▏                  |  5/84 [0:00:08<0:02:07, 0.62Hz] | epoch=0.71, loss=0.775800
[02.12 03:42:30] ┇ INFO    ┇    DeepKNLP.gner.trainer ┇ [checking] 100%|████████████████████| 1/1 [0:00:00<0:00:00, 41585.66Hz]
[02.12 03:42:30] ┇ INFO    ┇    DeepKNLP.gner.trainer ┇ [training]   8%|█▋                  |  7/84 [0:00:47<0:08:40, 0.15Hz] | epoch=1.00, eval_average=0.0000
[02.12 03:42:31] ┇ INFO    ┇    DeepKNLP.gner.trainer ┇ [training]  12%|██▍                 | 10/84 [0:00:48<0:05:59, 0.21Hz] | epoch=1.43, loss=0.492500
[02.12 03:42:49] ┇ INFO    ┇    DeepKNLP.gner.trainer ┇ [checking] 100%|████████████████████| 1/1 [0:00:00<0:00:00, 19974.36Hz]
[02.12 03:42:49] ┇ INFO    ┇    DeepKNLP.gner.trainer ┇ [training]  12%|██▍                 | 10/84 [0:00:48<0:05:59, 0.21Hz] | epoch=1.43, eval_average=0.0358
[02.12 03:43:09] ┇ INFO    ┇    DeepKNLP.gner.trainer ┇ [checking] 100%|████████████████████| 1/1 [0:00:00<0:00:00, 41656.65Hz]
[02.12 03:43:10] ┇ INFO    ┇    DeepKNLP.gner.trainer ┇ [training]  17%|███▎                | 14/84 [0:01:27<0:07:16, 0.16Hz] | epoch=2.00, eval_average=0.1271
[02.12 03:43:10] ┇ INFO    ┇    DeepKNLP.gner.trainer ┇ [training]  18%|███▌                | 15/84 [0:01:27<0:06:43, 0.17Hz] | epoch=2.14, loss=0.245000
[02.12 03:43:30] ┇ INFO    ┇    DeepKNLP.gner.trainer ┇ [checking] 100%|████████████████████| 1/1 [0:00:00<0:00:00, 37143.41Hz]
[02.12 03:43:30] ┇ INFO    ┇    DeepKNLP.gner.trainer ┇ [training]  21%|████▎               | 18/84 [0:01:47<0:06:33, 0.17Hz] | epoch=2.57, eval_average=0.2392
[02.12 03:43:31] ┇ INFO    ┇    DeepKNLP.gner.trainer ┇ [training]  24%|████▊               | 20/84 [0:01:48<0:05:46, 0.18Hz] | epoch=2.86, loss=0.160200
[02.12 03:43:49] ┇ INFO    ┇    DeepKNLP.gner.trainer ┇ [checking] 100%|████████████████████| 1/1 [0:00:00<0:00:00, 45512.96Hz]
[02.12 03:43:50] ┇ INFO    ┇    DeepKNLP.gner.trainer ┇ [training]  25%|█████               | 21/84 [0:02:07<0:06:21, 0.17Hz] | epoch=3.00, eval_average=0.2882
[02.12 03:44:05] ┇ INFO    ┇    DeepKNLP.gner.trainer ┇ [checking] 100%|████████████████████| 1/1 [0:00:00<0:00:00, 34561.02Hz]
[02.12 03:44:05] ┇ INFO    ┇    DeepKNLP.gner.trainer ┇ [training]  29%|█████▋              | 24/84 [0:02:22<0:05:57, 0.17Hz] | epoch=3.43, eval_average=0.3629
[02.12 03:44:06] ┇ INFO    ┇    DeepKNLP.gner.trainer ┇ [training]  30%|█████▉              | 25/84 [0:02:23<0:05:38, 0.17Hz] | epoch=3.57, loss=0.120000
[02.12 03:44:22] ┇ INFO    ┇    DeepKNLP.gner.trainer ┇ [checking] 100%|████████████████████| 1/1 [0:00:00<0:00:00, 49481.19Hz]
[02.12 03:44:22] ┇ INFO    ┇    DeepKNLP.gner.trainer ┇ [training]  33%|██████▋             | 28/84 [0:02:39<0:05:18, 0.18Hz] | epoch=4.00, eval_average=0.4559
[02.12 03:44:23] ┇ INFO    ┇    DeepKNLP.gner.trainer ┇ [training]  36%|███████▏            | 30/84 [0:02:40<0:04:48, 0.19Hz] | epoch=4.29, loss=0.094000
[02.12 03:44:38] ┇ INFO    ┇    DeepKNLP.gner.trainer ┇ [checking] 100%|████████████████████| 1/1 [0:00:00<0:00:00, 42581.77Hz]
[02.12 03:44:38] ┇ INFO    ┇    DeepKNLP.gner.trainer ┇ [training]  38%|███████▌            | 32/84 [0:02:55<0:04:45, 0.18Hz] | epoch=4.57, eval_average=0.4945
[02.12 03:44:40] ┇ INFO    ┇    DeepKNLP.gner.trainer ┇ [training]  42%|████████▎           | 35/84 [0:02:57<0:04:07, 0.20Hz] | epoch=5.00, loss=0.077000
[02.12 03:44:54] ┇ INFO    ┇    DeepKNLP.gner.trainer ┇ [checking] 100%|████████████████████| 1/1 [0:00:00<0:00:00, 57952.39Hz]
[02.12 03:44:54] ┇ INFO    ┇    DeepKNLP.gner.trainer ┇ [training]  42%|████████▎           | 35/84 [0:02:57<0:04:07, 0.20Hz] | epoch=5.00, eval_average=0.5270
[02.12 03:45:10] ┇ INFO    ┇    DeepKNLP.gner.trainer ┇ [checking] 100%|████████████████████| 1/1 [0:00:00<0:00:00, 36231.00Hz]
[02.12 03:45:10] ┇ INFO    ┇    DeepKNLP.gner.trainer ┇ [training]  45%|█████████           | 38/84 [0:03:27<0:04:11, 0.18Hz] | epoch=5.43, eval_average=0.5456
[02.12 03:45:11] ┇ INFO    ┇    DeepKNLP.gner.trainer ┇ [training]  48%|█████████▌          | 40/84 [0:03:28<0:03:49, 0.19Hz] | epoch=5.71, loss=0.068500
[02.12 03:45:26] ┇ INFO    ┇    DeepKNLP.gner.trainer ┇ [checking] 100%|████████████████████| 1/1 [0:00:00<0:00:00, 33846.36Hz]
[02.12 03:45:26] ┇ INFO    ┇    DeepKNLP.gner.trainer ┇ [training]  50%|██████████          | 42/84 [0:03:43<0:03:43, 0.19Hz] | epoch=6.00, eval_average=0.5559
[02.12 03:45:28] ┇ INFO    ┇    DeepKNLP.gner.trainer ┇ [training]  54%|██████████▋         | 45/84 [0:03:45<0:03:15, 0.20Hz] | epoch=6.43, loss=0.059800
[02.12 03:45:43] ┇ INFO    ┇    DeepKNLP.gner.trainer ┇ [checking] 100%|████████████████████| 1/1 [0:00:00<0:00:00, 33136.09Hz]
[02.12 03:45:43] ┇ INFO    ┇    DeepKNLP.gner.trainer ┇ [training]  55%|██████████▉         | 46/84 [0:04:00<0:03:18, 0.19Hz] | epoch=6.57, eval_average=0.5631
[02.12 03:45:59] ┇ INFO    ┇    DeepKNLP.gner.trainer ┇ [checking] 100%|████████████████████| 1/1 [0:00:00<0:00:00, 54515.73Hz]
[02.12 03:45:59] ┇ INFO    ┇    DeepKNLP.gner.trainer ┇ [training]  58%|███████████▋        | 49/84 [0:04:16<0:03:03, 0.19Hz] | epoch=7.00, eval_average=0.5698
[02.12 03:46:00] ┇ INFO    ┇    DeepKNLP.gner.trainer ┇ [training]  60%|███████████▉        | 50/84 [0:04:17<0:02:54, 0.19Hz] | epoch=7.14, loss=0.055600
[02.12 03:46:15] ┇ INFO    ┇    DeepKNLP.gner.trainer ┇ [checking] 100%|████████████████████| 1/1 [0:00:00<0:00:00, 52779.29Hz]
[02.12 03:46:15] ┇ INFO    ┇    DeepKNLP.gner.trainer ┇ [training]  62%|████████████▍       | 52/84 [0:04:33<0:02:48, 0.19Hz] | epoch=7.43, eval_average=0.5976
[02.12 03:46:17] ┇ INFO    ┇    DeepKNLP.gner.trainer ┇ [training]  65%|█████████████       | 55/84 [0:04:34<0:02:24, 0.20Hz] | epoch=7.86, loss=0.051700
[02.12 03:46:32] ┇ INFO    ┇    DeepKNLP.gner.trainer ┇ [checking] 100%|████████████████████| 1/1 [0:00:00<0:00:00, 18270.86Hz]
[02.12 03:46:32] ┇ INFO    ┇    DeepKNLP.gner.trainer ┇ [training]  67%|█████████████▎      | 56/84 [0:04:49<0:02:24, 0.19Hz] | epoch=8.00, eval_average=0.6200
[02.12 03:46:34] ┇ INFO    ┇    DeepKNLP.gner.trainer ┇ [training]  71%|██████████████▎     | 60/84 [0:04:51<0:01:56, 0.21Hz] | epoch=8.57, loss=0.046800
[02.12 03:46:49] ┇ INFO    ┇    DeepKNLP.gner.trainer ┇ [checking] 100%|████████████████████| 1/1 [0:00:00<0:00:00, 38419.27Hz]
[02.12 03:46:49] ┇ INFO    ┇    DeepKNLP.gner.trainer ┇ [training]  71%|██████████████▎     | 60/84 [0:04:51<0:01:56, 0.21Hz] | epoch=8.57, eval_average=0.6322
[02.12 03:47:08] ┇ INFO    ┇    DeepKNLP.gner.trainer ┇ [checking] 100%|████████████████████| 1/1 [0:00:00<0:00:00, 33833.56Hz]
[02.12 03:47:09] ┇ INFO    ┇    DeepKNLP.gner.trainer ┇ [training]  75%|███████████████     | 63/84 [0:05:26<0:01:48, 0.19Hz] | epoch=9.00, eval_average=0.6397
[02.12 03:47:09] ┇ INFO    ┇    DeepKNLP.gner.trainer ┇ [training]  77%|███████████████▍    | 65/84 [0:05:26<0:01:35, 0.20Hz] | epoch=9.29, loss=0.040500
[02.12 03:47:28] ┇ INFO    ┇    DeepKNLP.gner.trainer ┇ [checking] 100%|████████████████████| 1/1 [0:00:00<0:00:00, 27117.43Hz]
[02.12 03:47:28] ┇ INFO    ┇    DeepKNLP.gner.trainer ┇ [training]  79%|███████████████▋    | 66/84 [0:05:45<0:01:34, 0.19Hz] | epoch=9.43, eval_average=0.6487
[02.12 03:47:30] ┇ INFO    ┇    DeepKNLP.gner.trainer ┇ [training]  83%|████████████████▋   | 70/84 [0:05:47<0:01:09, 0.20Hz] | epoch=10.00, loss=0.042900
[02.12 03:47:48] ┇ INFO    ┇    DeepKNLP.gner.trainer ┇ [checking] 100%|████████████████████| 1/1 [0:00:00<0:00:00, 36601.51Hz]
[02.12 03:47:49] ┇ INFO    ┇    DeepKNLP.gner.trainer ┇ [training]  83%|████████████████▋   | 70/84 [0:05:47<0:01:09, 0.20Hz] | epoch=10.00, eval_average=0.6494
[02.12 03:48:09] ┇ INFO    ┇    DeepKNLP.gner.trainer ┇ [checking] 100%|████████████████████| 1/1 [0:00:00<0:00:00, 39313.92Hz]
[02.12 03:48:09] ┇ INFO    ┇    DeepKNLP.gner.trainer ┇ [training]  88%|█████████████████▌  | 74/84 [0:06:26<0:00:52, 0.19Hz] | epoch=10.57, eval_average=0.6522
[02.12 03:48:09] ┇ INFO    ┇    DeepKNLP.gner.trainer ┇ [training]  89%|█████████████████▊  | 75/84 [0:06:26<0:00:46, 0.19Hz] | epoch=10.71, loss=0.038200
[02.12 03:48:28] ┇ INFO    ┇    DeepKNLP.gner.trainer ┇ [checking] 100%|████████████████████| 1/1 [0:00:00<0:00:00, 34984.42Hz]
[02.12 03:48:29] ┇ INFO    ┇    DeepKNLP.gner.trainer ┇ [training]  92%|██████████████████▎ | 77/84 [0:06:46<0:00:36, 0.19Hz] | epoch=11.00, eval_average=0.6572
[02.12 03:48:30] ┇ INFO    ┇    DeepKNLP.gner.trainer ┇ [training]  95%|███████████████████ | 80/84 [0:06:47<0:00:20, 0.20Hz] | epoch=11.43, loss=0.038000
[02.12 03:48:48] ┇ INFO    ┇    DeepKNLP.gner.trainer ┇ [checking] 100%|████████████████████| 1/1 [0:00:00<0:00:00, 42313.28Hz]
[02.12 03:48:48] ┇ INFO    ┇    DeepKNLP.gner.trainer ┇ [training]  95%|███████████████████ | 80/84 [0:06:47<0:00:20, 0.20Hz] | epoch=11.43, eval_average=0.6622
[02.12 03:49:08] ┇ INFO    ┇    DeepKNLP.gner.trainer ┇ [checking] 100%|████████████████████| 1/1 [0:00:00<0:00:00, 37298.24Hz]
[02.12 03:49:09] ┇ INFO    ┇    DeepKNLP.gner.trainer ┇ [training] 100%|████████████████████| 84/84 [0:07:26<0:00:00, 0.19Hz] | epoch=12.00, eval_average=0.6756
[02.12 03:49:09] ┇ INFO    ┇    DeepKNLP.gner.trainer ┇ [training] 100%|████████████████████| 84/84 [0:07:26<0:00:00, 0.19Hz] | epoch=12.00, train_loss=0.1451, total_pflos=3.064
[02.12 03:49:09] ┇ INFO    ┇    DeepKNLP.gner.trainer ┇ -----------------------------------------------------------------------------------------------------------------------------------------
[02.12 03:49:09] ┇ INFO    ┇                 DeepKNLP ┇ Train output metrics: {'train_runtime': 446.229, 'train_samples_per_second': 5.378, 'train_steps_per_second': 0.188, 'total_flos': 3063864866373632.0, 'train_loss': 0.1451136271158854, 'epoch': 12.0}
[02.12 03:49:09] ┇ INFO    ┇           chrisbase.data ┇ =========================================================================================================================================
[02.12 03:49:09] ┇ INFO    ┇           chrisbase.data ┇ [EXIT] python task2-nerG-trainer.py --local_rank=0 --trainer_deepspeed configs/deepspeed/ds2_t5.json --run_version FlanT5-1B-BL --pretrained google/flan-t5-large --eval_epochs 0.5 --logging_steps 5 --num_train_epochs 12 --per_device_eval_batch_size 50 --per_device_train_batch_size 8 --gradient_accumulation_steps 1 --generation_max_length 640 --eval_file data/gner/each-sampled-BL/crossner_politics-dev=100.jsonl --train_file data/gner/each-BL/crossner_politics-train.jsonl --output_file train-metrics-crossner_politics-12ep.csv --logging_file train-loggings-crossner_politics-12ep.out --no_use_flash_attention --no_debugging ($=00:07:58.020)
[02.12 03:49:09] ┇ INFO    ┇           chrisbase.data ┇ =========================================================================================================================================
[02.12 03:49:12] ┇ INFO    ┇ torch._inductor.remote_cache ┇ Cache Metrics: None

[02.12 03:49:12] ┇ INFO    ┇ torch._dynamo.eval_frame ┇ TorchDynamo attempted to trace the following frames: [

]
[02.12 03:49:12] ┇ INFO    ┇      torch._dynamo.utils ┇ TorchDynamo compilation metrics:
Function    Runtimes (s)
----------  --------------
[02.12 03:49:12] ┇ INFO    ┇ torch._subclasses.fake_tensor ┇ FakeTensor cache stats:
[02.12 03:49:12] ┇ INFO    ┇ torch._subclasses.fake_tensor ┇   cache_hits: 0
[02.12 03:49:12] ┇ INFO    ┇ torch._subclasses.fake_tensor ┇   cache_misses: 0
[02.12 03:49:12] ┇ INFO    ┇ torch._inductor.remote_cache ┇ Cache Metrics: None

[02.12 03:49:12] ┇ INFO    ┇ torch._dynamo.eval_frame ┇ TorchDynamo attempted to trace the following frames: [

]
[02.12 03:49:12] ┇ INFO    ┇      torch._dynamo.utils ┇ TorchDynamo compilation metrics:
Function    Runtimes (s)
----------  --------------
[02.12 03:49:12] ┇ INFO    ┇ torch._subclasses.fake_tensor ┇ FakeTensor cache stats:
[02.12 03:49:12] ┇ INFO    ┇ torch._subclasses.fake_tensor ┇   cache_hits: 0
[02.12 03:49:12] ┇ INFO    ┇ torch._subclasses.fake_tensor ┇   cache_misses: 0
[02.12 03:49:12] ┇ INFO    ┇ torch._inductor.remote_cache ┇ Cache Metrics: None

[02.12 03:49:12] ┇ INFO    ┇ torch._dynamo.eval_frame ┇ TorchDynamo attempted to trace the following frames: [

]
[02.12 03:49:12] ┇ INFO    ┇      torch._dynamo.utils ┇ TorchDynamo compilation metrics:
Function    Runtimes (s)
----------  --------------
[02.12 03:49:12] ┇ INFO    ┇ torch._subclasses.fake_tensor ┇ FakeTensor cache stats:
[02.12 03:49:12] ┇ INFO    ┇ torch._subclasses.fake_tensor ┇   cache_hits: 0
[02.12 03:49:12] ┇ INFO    ┇ torch._subclasses.fake_tensor ┇   cache_misses: 0
[02.12 03:49:12] ┇ INFO    ┇ torch._inductor.remote_cache ┇ Cache Metrics: None

[02.12 03:49:12] ┇ INFO    ┇ torch._dynamo.eval_frame ┇ TorchDynamo attempted to trace the following frames: [

]
[02.12 03:49:12] ┇ INFO    ┇      torch._dynamo.utils ┇ TorchDynamo compilation metrics:
Function    Runtimes (s)
----------  --------------
[02.12 03:49:12] ┇ INFO    ┇ torch._subclasses.fake_tensor ┇ FakeTensor cache stats:
[02.12 03:49:12] ┇ INFO    ┇ torch._subclasses.fake_tensor ┇   cache_hits: 0
[02.12 03:49:12] ┇ INFO    ┇ torch._subclasses.fake_tensor ┇   cache_misses: 0
